#
# There is insufficient memory for the Java Runtime Environment to continue.
# Native memory allocation (mmap) failed to map 65536 bytes for Failed to commit metaspace.
# Possible reasons:
#   The system is out of physical RAM or swap space
#   The process is running with CompressedOops enabled, and the Java Heap may be blocking the growth of the native heap
# Possible solutions:
#   Reduce memory load on the system
#   Increase physical memory or swap space
#   Check if swap backing store is full
#   Decrease Java heap size (-Xmx/-Xms)
#   Decrease number of Java threads
#   Decrease Java thread stack sizes (-Xss)
#   Set larger code cache with -XX:ReservedCodeCacheSize=
#   JVM is running with Zero Based Compressed Oops mode in which the Java heap is
#     placed in the first 32GB address space. The Java Heap base address is the
#     maximum limit for the native heap growth. Please use -XX:HeapBaseMinAddress
#     to set the Java Heap base and to place the Java Heap above 32GB virtual address.
# This output file may be truncated or incomplete.
#
#  Out of Memory Error (virtualSpaceNode.cpp:110), pid=17688, tid=15332
#
# JRE version: Java(TM) SE Runtime Environment (19.0.2+7) (build 19.0.2+7-44)
# Java VM: Java HotSpot(TM) 64-Bit Server VM (19.0.2+7-44, mixed mode, sharing, tiered, compressed oops, compressed class ptrs, g1 gc, windows-amd64)
# No core dump will be written. Minidumps are not enabled by default on client versions of Windows
#

---------------  S U M M A R Y ------------

Command Line: -Dmaven.multiModuleProjectDirectory=D:\website.citu-web -Dmaven.home=C:\Users\99293\.m2\wrapper\dists\apache-maven-3.9.3-bin\54p6kc7m0ap3os8bc4ge28ia2\apache-maven-3.9.3 -Dclassworlds.conf=C:\Users\99293\.m2\wrapper\dists\apache-maven-3.9.3-bin\54p6kc7m0ap3os8bc4ge28ia2\apache-maven-3.9.3\bin\m2.conf -Dmaven.ext.class.path=C:\Program Files\JetBrains\IntelliJ IDEA 2022.1.2\plugins\maven\lib\maven-event-listener.jar -javaagent:C:\Program Files\JetBrains\IntelliJ IDEA 2022.1.2\lib\idea_rt.jar=53376:C:\Program Files\JetBrains\IntelliJ IDEA 2022.1.2\bin -Dfile.encoding=UTF-8 org.codehaus.classworlds.Launcher -Didea.version=2022.1.2 package

Host: 12th Gen Intel(R) Core(TM) i7-12650H, 16 cores, 15G,  Windows 11 , 64 bit Build 22621 (10.0.22621.4391)
Time: Tue Dec  3 13:30:47 2024  Windows 11 , 64 bit Build 22621 (10.0.22621.4391) elapsed time: 0.995625 seconds (0d 0h 0m 0s)

---------------  T H R E A D  ---------------

Current thread (0x0000029a3adb7110):  JavaThread "C1 CompilerThread1" daemon [_thread_in_vm, id=15332, stack(0x000000fc35e00000,0x000000fc35f00000)]


Current CompileTask:
C1:    995 2467       3       com.google.inject.internal.asm.$MethodWriter::visitLabel (328 bytes)

Stack: [0x000000fc35e00000,0x000000fc35f00000]
Native frames: (J=compiled Java code, j=interpreted, Vv=VM code, C=native code)
V  [jvm.dll+0x6ee21a]
V  [jvm.dll+0x85765e]
V  [jvm.dll+0x85904e]
V  [jvm.dll+0x859703]
V  [jvm.dll+0x28298f]
V  [jvm.dll+0x8532db]
V  [jvm.dll+0x692cb6]
V  [jvm.dll+0x1f2937]
V  [jvm.dll+0x6956f2]
V  [jvm.dll+0x6954de]
V  [jvm.dll+0x6936de]
V  [jvm.dll+0x6a4f0a]
V  [jvm.dll+0x69df0a]
V  [jvm.dll+0x2002b0]
V  [jvm.dll+0x200498]
V  [jvm.dll+0x173571]
V  [jvm.dll+0x1733b5]
V  [jvm.dll+0x16ade5]
V  [jvm.dll+0x16d067]
V  [jvm.dll+0x16b675]
V  [jvm.dll+0x165590]
V  [jvm.dll+0x174ff6]
V  [jvm.dll+0x160bb0]
V  [jvm.dll+0x160f23]
V  [jvm.dll+0x161208]
V  [jvm.dll+0x160666]
V  [jvm.dll+0x16235d]
V  [jvm.dll+0x25b25a]
V  [jvm.dll+0x2596e8]
V  [jvm.dll+0x807588]
V  [jvm.dll+0x80125a]
V  [jvm.dll+0x6ecf0b]
C  [ucrtbase.dll+0x29333]
C  [KERNEL32.DLL+0x1259d]
C  [ntdll.dll+0x5af38]


---------------  P R O C E S S  ---------------

Threads class SMR info:
_java_thread_list=0x0000029a3af74810, length=23, elements={
0x0000029a12f11350, 0x0000029a36b5e3b0, 0x0000029a36b5f1a0, 0x0000029a36b62fb0,
0x0000029a36b67220, 0x0000029a36b6a2d0, 0x0000029a36b6cc10, 0x0000029a36b6d870,
0x0000029a36b76600, 0x0000029a36b84c50, 0x0000029a3adb7110, 0x0000029a3ae30120,
0x0000029a3ae54f80, 0x0000029a3ae57920, 0x0000029a3af17c30, 0x0000029a3af19650,
0x0000029a3b2e7690, 0x0000029a3afc09a0, 0x0000029a3b331710, 0x0000029a3b3aabd0,
0x0000029a3c1ec310, 0x0000029a3c1b3cd0, 0x0000029a3c214f70
}

Java Threads: ( => current thread )
  0x0000029a12f11350 JavaThread "main" [_thread_in_vm, id=4724, stack(0x000000fc34e00000,0x000000fc34f00000)]
  0x0000029a36b5e3b0 JavaThread "Reference Handler" daemon [_thread_blocked, id=17948, stack(0x000000fc35500000,0x000000fc35600000)]
  0x0000029a36b5f1a0 JavaThread "Finalizer" daemon [_thread_blocked, id=20700, stack(0x000000fc35600000,0x000000fc35700000)]
  0x0000029a36b62fb0 JavaThread "Signal Dispatcher" daemon [_thread_blocked, id=8800, stack(0x000000fc35700000,0x000000fc35800000)]
  0x0000029a36b67220 JavaThread "Attach Listener" daemon [_thread_blocked, id=25080, stack(0x000000fc35800000,0x000000fc35900000)]
  0x0000029a36b6a2d0 JavaThread "Service Thread" daemon [_thread_blocked, id=11588, stack(0x000000fc35900000,0x000000fc35a00000)]
  0x0000029a36b6cc10 JavaThread "Monitor Deflation Thread" daemon [_thread_blocked, id=16428, stack(0x000000fc35a00000,0x000000fc35b00000)]
  0x0000029a36b6d870 JavaThread "C2 CompilerThread0" daemon [_thread_blocked, id=16616, stack(0x000000fc35b00000,0x000000fc35c00000)]
  0x0000029a36b76600 JavaThread "C1 CompilerThread0" daemon [_thread_blocked, id=19856, stack(0x000000fc35c00000,0x000000fc35d00000)]
  0x0000029a36b84c50 JavaThread "Sweeper thread" daemon [_thread_blocked, id=20648, stack(0x000000fc35d00000,0x000000fc35e00000)]
=>0x0000029a3adb7110 JavaThread "C1 CompilerThread1" daemon [_thread_in_vm, id=15332, stack(0x000000fc35e00000,0x000000fc35f00000)]
  0x0000029a3ae30120 JavaThread "Common-Cleaner" daemon [_thread_blocked, id=10620, stack(0x000000fc35f00000,0x000000fc36000000)]
  0x0000029a3ae54f80 JavaThread "C1 CompilerThread2" daemon [_thread_blocked, id=18600, stack(0x000000fc36000000,0x000000fc36100000)]
  0x0000029a3ae57920 JavaThread "C1 CompilerThread3" daemon [_thread_blocked, id=15656, stack(0x000000fc36100000,0x000000fc36200000)]
  0x0000029a3af17c30 JavaThread "Monitor Ctrl-Break" daemon [_thread_in_native, id=19296, stack(0x000000fc36200000,0x000000fc36300000)]
  0x0000029a3af19650 JavaThread "Notification Thread" daemon [_thread_blocked, id=25872, stack(0x000000fc36300000,0x000000fc36400000)]
  0x0000029a3b2e7690 JavaThread "C2 CompilerThread1" daemon [_thread_blocked, id=10380, stack(0x000000fc36500000,0x000000fc36600000)]
  0x0000029a3afc09a0 JavaThread "C2 CompilerThread2" daemon [_thread_blocked, id=21516, stack(0x000000fc36e00000,0x000000fc36f00000)]
  0x0000029a3b331710 JavaThread "C2 CompilerThread3" daemon [_thread_blocked, id=26200, stack(0x000000fc36f00000,0x000000fc37000000)]
  0x0000029a3b3aabd0 JavaThread "C2 CompilerThread4" daemon [_thread_blocked, id=18136, stack(0x000000fc37000000,0x000000fc37100000)]
  0x0000029a3c1ec310 JavaThread "C2 CompilerThread5" daemon [_thread_blocked, id=17196, stack(0x000000fc37100000,0x000000fc37200000)]
  0x0000029a3c1b3cd0 JavaThread "C2 CompilerThread6" daemon [_thread_blocked, id=4268, stack(0x000000fc37200000,0x000000fc37300000)]
  0x0000029a3c214f70 JavaThread "C2 CompilerThread7" daemon [_thread_blocked, id=23312, stack(0x000000fc37300000,0x000000fc37400000)]

Other Threads:
  0x0000029a36b46cb0 VMThread "VM Thread" [stack: 0x000000fc35400000,0x000000fc35500000] [id=12736]
  0x0000029a3af1dc50 WatcherThread "VM Periodic Task Thread" [stack: 0x000000fc36400000,0x000000fc36500000] [id=26440]
  0x0000029a12f81e00 WorkerThread "GC Thread#0" [stack: 0x000000fc34f00000,0x000000fc35000000] [id=16728]
  0x0000029a3b3305c0 WorkerThread "GC Thread#1" [stack: 0x000000fc36600000,0x000000fc36700000] [id=21992]
  0x0000029a3b330020 WorkerThread "GC Thread#2" [stack: 0x000000fc36700000,0x000000fc36800000] [id=16520]
  0x0000029a3b3302f0 WorkerThread "GC Thread#3" [stack: 0x000000fc36800000,0x000000fc36900000] [id=3432]
  0x0000029a3b330890 WorkerThread "GC Thread#4" [stack: 0x000000fc36900000,0x000000fc36a00000] [id=23140]
  0x0000029a3b330b60 WorkerThread "GC Thread#5" [stack: 0x000000fc36a00000,0x000000fc36b00000] [id=7920]
  0x0000029a3b32ef40 WorkerThread "GC Thread#6" [stack: 0x000000fc36b00000,0x000000fc36c00000] [id=24664]
  0x0000029a3b32f7b0 WorkerThread "GC Thread#7" [stack: 0x000000fc36c00000,0x000000fc36d00000] [id=18844]
  0x0000029a3b32f4e0 WorkerThread "GC Thread#8" [stack: 0x000000fc36d00000,0x000000fc36e00000] [id=23868]
  0x0000029a3c4cd090 WorkerThread "GC Thread#9" [stack: 0x000000fc37400000,0x000000fc37500000] [id=21212]
  0x0000029a3c4ca0c0 WorkerThread "GC Thread#10" [stack: 0x000000fc37500000,0x000000fc37600000] [id=23560]
  0x0000029a12f92680 ConcurrentGCThread "G1 Main Marker" [stack: 0x000000fc35000000,0x000000fc35100000] [id=20260]
  0x0000029a12f92fc0 WorkerThread "G1 Conc#0" [stack: 0x000000fc35100000,0x000000fc35200000] [id=6140]
  0x0000029a36a01770 ConcurrentGCThread "G1 Refine#0" [stack: 0x000000fc35200000,0x000000fc35300000] [id=9596]
  0x0000029a36a021c0 ConcurrentGCThread "G1 Service" [stack: 0x000000fc35300000,0x000000fc35400000] [id=13252]

Threads with active compile tasks:
C1 CompilerThread1     1007 2467       3       com.google.inject.internal.asm.$MethodWriter::visitLabel (328 bytes)

VM state: not at safepoint (normal execution)

VM Mutex/Monitor currently owned by a thread:  ([mutex/lock_event])
[0x0000029a12f0b060] Metaspace_lock - owner thread: 0x0000029a3adb7110
[0x0000029a12f0c580] MethodData_lock - owner thread: 0x0000029a3adb7110

Heap address: 0x0000000705e00000, size: 4002 MB, Compressed Oops mode: Zero based, Oop shift amount: 3

CDS archive(s) mapped at: [0x0000000800000000-0x0000000800c40000-0x0000000800c40000), size 12845056, SharedBaseAddress: 0x0000000800000000, ArchiveRelocationMode: 0.
Compressed class space mapped at: 0x0000000801000000-0x0000000841000000, reserved size: 1073741824
Narrow klass base: 0x0000000800000000, Narrow klass shift: 0, Narrow klass range: 0x100000000

GC Precious Log:
 CardTable entry size: 512
 Card Set container configuration: InlinePtr #cards 4 size 8 Array Of Cards #cards 16 size 48 Howl #buckets 8 coarsen threshold 3686 Howl Bitmap #cards 512 size 80 coarsen threshold 460 Card regions per heap region 1 cards per card region 4096
 CPUs: 16 total, 16 available
 Memory: 16004M
 Large Page Support: Disabled
 NUMA Support: Disabled
 Compressed Oops: Enabled (Zero based)
 Heap Region Size: 2M
 Heap Min Capacity: 8M
 Heap Initial Capacity: 252M
 Heap Max Capacity: 4002M
 Pre-touch: Disabled
 Parallel Workers: 13
 Concurrent Workers: 3
 Concurrent Refinement Workers: 13
 Periodic GC: Disabled

Heap:
 garbage-first heap   total 258048K, used 15767K [0x0000000705e00000, 0x0000000800000000)
  region size 2048K, 7 young (14336K), 1 survivors (2048K)
 Metaspace       used 12025K, committed 12224K, reserved 1114112K
  class space    used 1394K, committed 1536K, reserved 1048576K

Heap Regions: E=young(eden), S=young(survivor), O=old, HS=humongous(starts), HC=humongous(continues), CS=collection set, F=free, OA=open archive, CA=closed archive, TAMS=top-at-mark-start (previous, next)
|   0|0x0000000705e00000, 0x0000000706000000, 0x0000000706000000|100%| O|  |TAMS 0x0000000705e00000, 0x0000000705e00000| Untracked 
|   1|0x0000000706000000, 0x0000000706183600, 0x0000000706200000| 75%| O|  |TAMS 0x0000000706000000, 0x0000000706000000| Untracked 
|   2|0x0000000706200000, 0x0000000706200000, 0x0000000706400000|  0%| F|  |TAMS 0x0000000706200000, 0x0000000706200000| Untracked 
|   3|0x0000000706400000, 0x0000000706400000, 0x0000000706600000|  0%| F|  |TAMS 0x0000000706400000, 0x0000000706400000| Untracked 
|   4|0x0000000706600000, 0x0000000706600000, 0x0000000706800000|  0%| F|  |TAMS 0x0000000706600000, 0x0000000706600000| Untracked 
|   5|0x0000000706800000, 0x0000000706800000, 0x0000000706a00000|  0%| F|  |TAMS 0x0000000706800000, 0x0000000706800000| Untracked 
|   6|0x0000000706a00000, 0x0000000706a00000, 0x0000000706c00000|  0%| F|  |TAMS 0x0000000706a00000, 0x0000000706a00000| Untracked 
|   7|0x0000000706c00000, 0x0000000706c00000, 0x0000000706e00000|  0%| F|  |TAMS 0x0000000706c00000, 0x0000000706c00000| Untracked 
|   8|0x0000000706e00000, 0x0000000706e00000, 0x0000000707000000|  0%| F|  |TAMS 0x0000000706e00000, 0x0000000706e00000| Untracked 
|   9|0x0000000707000000, 0x0000000707000000, 0x0000000707200000|  0%| F|  |TAMS 0x0000000707000000, 0x0000000707000000| Untracked 
|  10|0x0000000707200000, 0x0000000707200000, 0x0000000707400000|  0%| F|  |TAMS 0x0000000707200000, 0x0000000707200000| Untracked 
|  11|0x0000000707400000, 0x0000000707400000, 0x0000000707600000|  0%| F|  |TAMS 0x0000000707400000, 0x0000000707400000| Untracked 
|  12|0x0000000707600000, 0x0000000707600000, 0x0000000707800000|  0%| F|  |TAMS 0x0000000707600000, 0x0000000707600000| Untracked 
|  13|0x0000000707800000, 0x0000000707800000, 0x0000000707a00000|  0%| F|  |TAMS 0x0000000707800000, 0x0000000707800000| Untracked 
|  14|0x0000000707a00000, 0x0000000707a00000, 0x0000000707c00000|  0%| F|  |TAMS 0x0000000707a00000, 0x0000000707a00000| Untracked 
|  15|0x0000000707c00000, 0x0000000707c00000, 0x0000000707e00000|  0%| F|  |TAMS 0x0000000707c00000, 0x0000000707c00000| Untracked 
|  16|0x0000000707e00000, 0x0000000707e00000, 0x0000000708000000|  0%| F|  |TAMS 0x0000000707e00000, 0x0000000707e00000| Untracked 
|  17|0x0000000708000000, 0x0000000708000000, 0x0000000708200000|  0%| F|  |TAMS 0x0000000708000000, 0x0000000708000000| Untracked 
|  18|0x0000000708200000, 0x0000000708200000, 0x0000000708400000|  0%| F|  |TAMS 0x0000000708200000, 0x0000000708200000| Untracked 
|  19|0x0000000708400000, 0x0000000708400000, 0x0000000708600000|  0%| F|  |TAMS 0x0000000708400000, 0x0000000708400000| Untracked 
|  20|0x0000000708600000, 0x0000000708600000, 0x0000000708800000|  0%| F|  |TAMS 0x0000000708600000, 0x0000000708600000| Untracked 
|  21|0x0000000708800000, 0x0000000708800000, 0x0000000708a00000|  0%| F|  |TAMS 0x0000000708800000, 0x0000000708800000| Untracked 
|  22|0x0000000708a00000, 0x0000000708a00000, 0x0000000708c00000|  0%| F|  |TAMS 0x0000000708a00000, 0x0000000708a00000| Untracked 
|  23|0x0000000708c00000, 0x0000000708c00000, 0x0000000708e00000|  0%| F|  |TAMS 0x0000000708c00000, 0x0000000708c00000| Untracked 
|  24|0x0000000708e00000, 0x0000000708e00000, 0x0000000709000000|  0%| F|  |TAMS 0x0000000708e00000, 0x0000000708e00000| Untracked 
|  25|0x0000000709000000, 0x0000000709000000, 0x0000000709200000|  0%| F|  |TAMS 0x0000000709000000, 0x0000000709000000| Untracked 
|  26|0x0000000709200000, 0x0000000709200000, 0x0000000709400000|  0%| F|  |TAMS 0x0000000709200000, 0x0000000709200000| Untracked 
|  27|0x0000000709400000, 0x0000000709400000, 0x0000000709600000|  0%| F|  |TAMS 0x0000000709400000, 0x0000000709400000| Untracked 
|  28|0x0000000709600000, 0x0000000709600000, 0x0000000709800000|  0%| F|  |TAMS 0x0000000709600000, 0x0000000709600000| Untracked 
|  29|0x0000000709800000, 0x0000000709800000, 0x0000000709a00000|  0%| F|  |TAMS 0x0000000709800000, 0x0000000709800000| Untracked 
|  30|0x0000000709a00000, 0x0000000709a00000, 0x0000000709c00000|  0%| F|  |TAMS 0x0000000709a00000, 0x0000000709a00000| Untracked 
|  31|0x0000000709c00000, 0x0000000709c00000, 0x0000000709e00000|  0%| F|  |TAMS 0x0000000709c00000, 0x0000000709c00000| Untracked 
|  32|0x0000000709e00000, 0x0000000709e00000, 0x000000070a000000|  0%| F|  |TAMS 0x0000000709e00000, 0x0000000709e00000| Untracked 
|  33|0x000000070a000000, 0x000000070a000000, 0x000000070a200000|  0%| F|  |TAMS 0x000000070a000000, 0x000000070a000000| Untracked 
|  34|0x000000070a200000, 0x000000070a200000, 0x000000070a400000|  0%| F|  |TAMS 0x000000070a200000, 0x000000070a200000| Untracked 
|  35|0x000000070a400000, 0x000000070a400000, 0x000000070a600000|  0%| F|  |TAMS 0x000000070a400000, 0x000000070a400000| Untracked 
|  36|0x000000070a600000, 0x000000070a600000, 0x000000070a800000|  0%| F|  |TAMS 0x000000070a600000, 0x000000070a600000| Untracked 
|  37|0x000000070a800000, 0x000000070a800000, 0x000000070aa00000|  0%| F|  |TAMS 0x000000070a800000, 0x000000070a800000| Untracked 
|  38|0x000000070aa00000, 0x000000070aa00000, 0x000000070ac00000|  0%| F|  |TAMS 0x000000070aa00000, 0x000000070aa00000| Untracked 
|  39|0x000000070ac00000, 0x000000070ac00000, 0x000000070ae00000|  0%| F|  |TAMS 0x000000070ac00000, 0x000000070ac00000| Untracked 
|  40|0x000000070ae00000, 0x000000070ae00000, 0x000000070b000000|  0%| F|  |TAMS 0x000000070ae00000, 0x000000070ae00000| Untracked 
|  41|0x000000070b000000, 0x000000070b000000, 0x000000070b200000|  0%| F|  |TAMS 0x000000070b000000, 0x000000070b000000| Untracked 
|  42|0x000000070b200000, 0x000000070b200000, 0x000000070b400000|  0%| F|  |TAMS 0x000000070b200000, 0x000000070b200000| Untracked 
|  43|0x000000070b400000, 0x000000070b400000, 0x000000070b600000|  0%| F|  |TAMS 0x000000070b400000, 0x000000070b400000| Untracked 
|  44|0x000000070b600000, 0x000000070b600000, 0x000000070b800000|  0%| F|  |TAMS 0x000000070b600000, 0x000000070b600000| Untracked 
|  45|0x000000070b800000, 0x000000070b800000, 0x000000070ba00000|  0%| F|  |TAMS 0x000000070b800000, 0x000000070b800000| Untracked 
|  46|0x000000070ba00000, 0x000000070ba00000, 0x000000070bc00000|  0%| F|  |TAMS 0x000000070ba00000, 0x000000070ba00000| Untracked 
|  47|0x000000070bc00000, 0x000000070bc00000, 0x000000070be00000|  0%| F|  |TAMS 0x000000070bc00000, 0x000000070bc00000| Untracked 
|  48|0x000000070be00000, 0x000000070be00000, 0x000000070c000000|  0%| F|  |TAMS 0x000000070be00000, 0x000000070be00000| Untracked 
|  49|0x000000070c000000, 0x000000070c000000, 0x000000070c200000|  0%| F|  |TAMS 0x000000070c000000, 0x000000070c000000| Untracked 
|  50|0x000000070c200000, 0x000000070c200000, 0x000000070c400000|  0%| F|  |TAMS 0x000000070c200000, 0x000000070c200000| Untracked 
|  51|0x000000070c400000, 0x000000070c400000, 0x000000070c600000|  0%| F|  |TAMS 0x000000070c400000, 0x000000070c400000| Untracked 
|  52|0x000000070c600000, 0x000000070c600000, 0x000000070c800000|  0%| F|  |TAMS 0x000000070c600000, 0x000000070c600000| Untracked 
|  53|0x000000070c800000, 0x000000070c800000, 0x000000070ca00000|  0%| F|  |TAMS 0x000000070c800000, 0x000000070c800000| Untracked 
|  54|0x000000070ca00000, 0x000000070ca00000, 0x000000070cc00000|  0%| F|  |TAMS 0x000000070ca00000, 0x000000070ca00000| Untracked 
|  55|0x000000070cc00000, 0x000000070cc00000, 0x000000070ce00000|  0%| F|  |TAMS 0x000000070cc00000, 0x000000070cc00000| Untracked 
|  56|0x000000070ce00000, 0x000000070ce00000, 0x000000070d000000|  0%| F|  |TAMS 0x000000070ce00000, 0x000000070ce00000| Untracked 
|  57|0x000000070d000000, 0x000000070d000000, 0x000000070d200000|  0%| F|  |TAMS 0x000000070d000000, 0x000000070d000000| Untracked 
|  58|0x000000070d200000, 0x000000070d200000, 0x000000070d400000|  0%| F|  |TAMS 0x000000070d200000, 0x000000070d200000| Untracked 
|  59|0x000000070d400000, 0x000000070d400000, 0x000000070d600000|  0%| F|  |TAMS 0x000000070d400000, 0x000000070d400000| Untracked 
|  60|0x000000070d600000, 0x000000070d600000, 0x000000070d800000|  0%| F|  |TAMS 0x000000070d600000, 0x000000070d600000| Untracked 
|  61|0x000000070d800000, 0x000000070d800000, 0x000000070da00000|  0%| F|  |TAMS 0x000000070d800000, 0x000000070d800000| Untracked 
|  62|0x000000070da00000, 0x000000070da00000, 0x000000070dc00000|  0%| F|  |TAMS 0x000000070da00000, 0x000000070da00000| Untracked 
|  63|0x000000070dc00000, 0x000000070dc00000, 0x000000070de00000|  0%| F|  |TAMS 0x000000070dc00000, 0x000000070dc00000| Untracked 
|  64|0x000000070de00000, 0x000000070de00000, 0x000000070e000000|  0%| F|  |TAMS 0x000000070de00000, 0x000000070de00000| Untracked 
|  65|0x000000070e000000, 0x000000070e000000, 0x000000070e200000|  0%| F|  |TAMS 0x000000070e000000, 0x000000070e000000| Untracked 
|  66|0x000000070e200000, 0x000000070e200000, 0x000000070e400000|  0%| F|  |TAMS 0x000000070e200000, 0x000000070e200000| Untracked 
|  67|0x000000070e400000, 0x000000070e400000, 0x000000070e600000|  0%| F|  |TAMS 0x000000070e400000, 0x000000070e400000| Untracked 
|  68|0x000000070e600000, 0x000000070e600000, 0x000000070e800000|  0%| F|  |TAMS 0x000000070e600000, 0x000000070e600000| Untracked 
|  69|0x000000070e800000, 0x000000070e800000, 0x000000070ea00000|  0%| F|  |TAMS 0x000000070e800000, 0x000000070e800000| Untracked 
|  70|0x000000070ea00000, 0x000000070ea00000, 0x000000070ec00000|  0%| F|  |TAMS 0x000000070ea00000, 0x000000070ea00000| Untracked 
|  71|0x000000070ec00000, 0x000000070ec00000, 0x000000070ee00000|  0%| F|  |TAMS 0x000000070ec00000, 0x000000070ec00000| Untracked 
|  72|0x000000070ee00000, 0x000000070ee00000, 0x000000070f000000|  0%| F|  |TAMS 0x000000070ee00000, 0x000000070ee00000| Untracked 
|  73|0x000000070f000000, 0x000000070f000000, 0x000000070f200000|  0%| F|  |TAMS 0x000000070f000000, 0x000000070f000000| Untracked 
|  74|0x000000070f200000, 0x000000070f200000, 0x000000070f400000|  0%| F|  |TAMS 0x000000070f200000, 0x000000070f200000| Untracked 
|  75|0x000000070f400000, 0x000000070f400000, 0x000000070f600000|  0%| F|  |TAMS 0x000000070f400000, 0x000000070f400000| Untracked 
|  76|0x000000070f600000, 0x000000070f600000, 0x000000070f800000|  0%| F|  |TAMS 0x000000070f600000, 0x000000070f600000| Untracked 
|  77|0x000000070f800000, 0x000000070f800000, 0x000000070fa00000|  0%| F|  |TAMS 0x000000070f800000, 0x000000070f800000| Untracked 
|  78|0x000000070fa00000, 0x000000070fa00000, 0x000000070fc00000|  0%| F|  |TAMS 0x000000070fa00000, 0x000000070fa00000| Untracked 
|  79|0x000000070fc00000, 0x000000070fc00000, 0x000000070fe00000|  0%| F|  |TAMS 0x000000070fc00000, 0x000000070fc00000| Untracked 
|  80|0x000000070fe00000, 0x000000070fe00000, 0x0000000710000000|  0%| F|  |TAMS 0x000000070fe00000, 0x000000070fe00000| Untracked 
|  81|0x0000000710000000, 0x0000000710000000, 0x0000000710200000|  0%| F|  |TAMS 0x0000000710000000, 0x0000000710000000| Untracked 
|  82|0x0000000710200000, 0x0000000710200000, 0x0000000710400000|  0%| F|  |TAMS 0x0000000710200000, 0x0000000710200000| Untracked 
|  83|0x0000000710400000, 0x0000000710400000, 0x0000000710600000|  0%| F|  |TAMS 0x0000000710400000, 0x0000000710400000| Untracked 
|  84|0x0000000710600000, 0x0000000710600000, 0x0000000710800000|  0%| F|  |TAMS 0x0000000710600000, 0x0000000710600000| Untracked 
|  85|0x0000000710800000, 0x0000000710800000, 0x0000000710a00000|  0%| F|  |TAMS 0x0000000710800000, 0x0000000710800000| Untracked 
|  86|0x0000000710a00000, 0x0000000710a00000, 0x0000000710c00000|  0%| F|  |TAMS 0x0000000710a00000, 0x0000000710a00000| Untracked 
|  87|0x0000000710c00000, 0x0000000710c00000, 0x0000000710e00000|  0%| F|  |TAMS 0x0000000710c00000, 0x0000000710c00000| Untracked 
|  88|0x0000000710e00000, 0x0000000710e00000, 0x0000000711000000|  0%| F|  |TAMS 0x0000000710e00000, 0x0000000710e00000| Untracked 
|  89|0x0000000711000000, 0x0000000711000000, 0x0000000711200000|  0%| F|  |TAMS 0x0000000711000000, 0x0000000711000000| Untracked 
|  90|0x0000000711200000, 0x0000000711200000, 0x0000000711400000|  0%| F|  |TAMS 0x0000000711200000, 0x0000000711200000| Untracked 
|  91|0x0000000711400000, 0x0000000711400000, 0x0000000711600000|  0%| F|  |TAMS 0x0000000711400000, 0x0000000711400000| Untracked 
|  92|0x0000000711600000, 0x0000000711600000, 0x0000000711800000|  0%| F|  |TAMS 0x0000000711600000, 0x0000000711600000| Untracked 
|  93|0x0000000711800000, 0x0000000711800000, 0x0000000711a00000|  0%| F|  |TAMS 0x0000000711800000, 0x0000000711800000| Untracked 
|  94|0x0000000711a00000, 0x0000000711a00000, 0x0000000711c00000|  0%| F|  |TAMS 0x0000000711a00000, 0x0000000711a00000| Untracked 
|  95|0x0000000711c00000, 0x0000000711c00000, 0x0000000711e00000|  0%| F|  |TAMS 0x0000000711c00000, 0x0000000711c00000| Untracked 
|  96|0x0000000711e00000, 0x0000000711e00000, 0x0000000712000000|  0%| F|  |TAMS 0x0000000711e00000, 0x0000000711e00000| Untracked 
|  97|0x0000000712000000, 0x0000000712000000, 0x0000000712200000|  0%| F|  |TAMS 0x0000000712000000, 0x0000000712000000| Untracked 
|  98|0x0000000712200000, 0x0000000712200000, 0x0000000712400000|  0%| F|  |TAMS 0x0000000712200000, 0x0000000712200000| Untracked 
|  99|0x0000000712400000, 0x0000000712400000, 0x0000000712600000|  0%| F|  |TAMS 0x0000000712400000, 0x0000000712400000| Untracked 
| 100|0x0000000712600000, 0x0000000712600000, 0x0000000712800000|  0%| F|  |TAMS 0x0000000712600000, 0x0000000712600000| Untracked 
| 101|0x0000000712800000, 0x0000000712800000, 0x0000000712a00000|  0%| F|  |TAMS 0x0000000712800000, 0x0000000712800000| Untracked 
| 102|0x0000000712a00000, 0x0000000712a00000, 0x0000000712c00000|  0%| F|  |TAMS 0x0000000712a00000, 0x0000000712a00000| Untracked 
| 103|0x0000000712c00000, 0x0000000712c00000, 0x0000000712e00000|  0%| F|  |TAMS 0x0000000712c00000, 0x0000000712c00000| Untracked 
| 104|0x0000000712e00000, 0x0000000712e00000, 0x0000000713000000|  0%| F|  |TAMS 0x0000000712e00000, 0x0000000712e00000| Untracked 
| 105|0x0000000713000000, 0x0000000713000000, 0x0000000713200000|  0%| F|  |TAMS 0x0000000713000000, 0x0000000713000000| Untracked 
| 106|0x0000000713200000, 0x0000000713200000, 0x0000000713400000|  0%| F|  |TAMS 0x0000000713200000, 0x0000000713200000| Untracked 
| 107|0x0000000713400000, 0x00000007135e2970, 0x0000000713600000| 94%| S|CS|TAMS 0x0000000713400000, 0x0000000713400000| Complete 
| 108|0x0000000713600000, 0x0000000713600000, 0x0000000713800000|  0%| F|  |TAMS 0x0000000713600000, 0x0000000713600000| Untracked 
| 109|0x0000000713800000, 0x0000000713800000, 0x0000000713a00000|  0%| F|  |TAMS 0x0000000713800000, 0x0000000713800000| Untracked 
| 110|0x0000000713a00000, 0x0000000713a00000, 0x0000000713c00000|  0%| F|  |TAMS 0x0000000713a00000, 0x0000000713a00000| Untracked 
| 111|0x0000000713c00000, 0x0000000713c00000, 0x0000000713e00000|  0%| F|  |TAMS 0x0000000713c00000, 0x0000000713c00000| Untracked 
| 112|0x0000000713e00000, 0x0000000713e00000, 0x0000000714000000|  0%| F|  |TAMS 0x0000000713e00000, 0x0000000713e00000| Untracked 
| 113|0x0000000714000000, 0x0000000714000000, 0x0000000714200000|  0%| F|  |TAMS 0x0000000714000000, 0x0000000714000000| Untracked 
| 114|0x0000000714200000, 0x0000000714200000, 0x0000000714400000|  0%| F|  |TAMS 0x0000000714200000, 0x0000000714200000| Untracked 
| 115|0x0000000714400000, 0x0000000714400000, 0x0000000714600000|  0%| F|  |TAMS 0x0000000714400000, 0x0000000714400000| Untracked 
| 116|0x0000000714600000, 0x0000000714600000, 0x0000000714800000|  0%| F|  |TAMS 0x0000000714600000, 0x0000000714600000| Untracked 
| 117|0x0000000714800000, 0x0000000714800000, 0x0000000714a00000|  0%| F|  |TAMS 0x0000000714800000, 0x0000000714800000| Untracked 
| 118|0x0000000714a00000, 0x0000000714a00000, 0x0000000714c00000|  0%| F|  |TAMS 0x0000000714a00000, 0x0000000714a00000| Untracked 
| 119|0x0000000714c00000, 0x0000000714c00000, 0x0000000714e00000|  0%| F|  |TAMS 0x0000000714c00000, 0x0000000714c00000| Untracked 
| 120|0x0000000714e00000, 0x0000000714fec1c8, 0x0000000715000000| 96%| E|  |TAMS 0x0000000714e00000, 0x0000000714e00000| Complete 
| 121|0x0000000715000000, 0x0000000715200000, 0x0000000715200000|100%| E|CS|TAMS 0x0000000715000000, 0x0000000715000000| Complete 
| 122|0x0000000715200000, 0x0000000715400000, 0x0000000715400000|100%| E|CS|TAMS 0x0000000715200000, 0x0000000715200000| Complete 
| 123|0x0000000715400000, 0x0000000715600000, 0x0000000715600000|100%| E|CS|TAMS 0x0000000715400000, 0x0000000715400000| Complete 
| 124|0x0000000715600000, 0x0000000715800000, 0x0000000715800000|100%| E|CS|TAMS 0x0000000715600000, 0x0000000715600000| Complete 
| 125|0x0000000715800000, 0x0000000715a00000, 0x0000000715a00000|100%| E|CS|TAMS 0x0000000715800000, 0x0000000715800000| Complete 

Card table byte_map: [0x0000029a2aed0000,0x0000029a2b6b0000] _byte_map_base: 0x0000029a276a1000

Marking Bits (Prev, Next): (CMBitMap*) 0x0000029a12f82340, (CMBitMap*) 0x0000029a12f82380
 Prev Bits: [0x0000029a2be90000, 0x0000029a2fd18000)
 Next Bits: [0x0000029a2fd20000, 0x0000029a33ba8000)

Polling page: 0x0000029a10ed0000

Metaspace:

Usage:
  Non-class:     10.38 MB used.
      Class:      1.36 MB used.
       Both:     11.74 MB used.

Virtual space:
  Non-class space:       64.00 MB reserved,      10.44 MB ( 16%) committed,  1 nodes.
      Class space:        1.00 GB reserved,       1.50 MB ( <1%) committed,  1 nodes.
             Both:        1.06 GB reserved,      11.94 MB (  1%) committed. 

Chunk freelists:
   Non-Class:  560.00 KB
       Class:  2.52 MB
        Both:  3.06 MB

MaxMetaspaceSize: unlimited
CompressedClassSpaceSize: 1.00 GB
Initial GC threshold: 21.00 MB
Current GC threshold: 21.00 MB
CDS: on
MetaspaceReclaimPolicy: balanced
 - commit_granule_bytes: 65536.
 - commit_granule_words: 8192.
 - virtual_space_node_default_size: 8388608.
 - enlarge_chunks_in_place: 1.
 - new_chunks_are_fully_committed: 0.
 - uncommit_free_chunks: 1.
 - use_allocation_guard: 0.


Internal statistics:

num_allocs_failed_limit: 0.
num_arena_births: 118.
num_arena_deaths: 0.
num_vsnodes_births: 2.
num_vsnodes_deaths: 0.
num_space_committed: 191.
num_space_uncommitted: 0.
num_chunks_returned_to_freelist: 0.
num_chunks_taken_from_freelist: 504.
num_chunk_merges: 0.
num_chunk_splits: 360.
num_chunks_enlarged: 290.
num_inconsistent_stats: 0.

CodeHeap 'non-profiled nmethods': size=119168Kb used=1055Kb max_used=1055Kb free=118112Kb
 bounds [0x0000029a22a10000, 0x0000029a22c80000, 0x0000029a29e70000]
CodeHeap 'profiled nmethods': size=119104Kb used=4813Kb max_used=4813Kb free=114291Kb
 bounds [0x0000029a1ae70000, 0x0000029a1b330000, 0x0000029a222c0000]
CodeHeap 'non-nmethods': size=7488Kb used=2954Kb max_used=3009Kb free=4533Kb
 bounds [0x0000029a222c0000, 0x0000029a225c0000, 0x0000029a22a10000]
 total_blobs=2940 nmethods=2465 adapters=382
 compilation: enabled
              stopped_count=0, restarted_count=0
 full_count=0

Compilation events (20 events):
Event: 0.991 Thread 0x0000029a3adb7110 nmethod 2456 0x0000029a1b31ed90 code [0x0000029a1b31ef60, 0x0000029a1b31f2d8]
Event: 0.991 Thread 0x0000029a3adb7110 2459       3       com.google.common.base.Preconditions::checkElementIndex (25 bytes)
Event: 0.991 Thread 0x0000029a3ae54f80 nmethod 2457 0x0000029a1b31f410 code [0x0000029a1b31f5c0, 0x0000029a1b31f788]
Event: 0.991 Thread 0x0000029a36b76600 nmethod 2455 0x0000029a1b31f890 code [0x0000029a1b31fa80, 0x0000029a1b31fe68]
Event: 0.992 Thread 0x0000029a3ae57920 nmethod 2458 0x0000029a22b16e10 code [0x0000029a22b16fc0, 0x0000029a22b170e8]
Event: 0.992 Thread 0x0000029a36b76600 2460       3       com.google.inject.internal.asm.$SymbolTable$Entry::<init> (18 bytes)
Event: 0.992 Thread 0x0000029a3adb7110 nmethod 2459 0x0000029a1b320010 code [0x0000029a1b3201e0, 0x0000029a1b320438]
Event: 0.992 Thread 0x0000029a3c1ec310 2461       4       com.google.inject.internal.asm.$ByteVector::putUTF8 (144 bytes)
Event: 0.992 Thread 0x0000029a36b76600 nmethod 2460 0x0000029a1b320590 code [0x0000029a1b320740, 0x0000029a1b3208c8]
Event: 0.992 Thread 0x0000029a36b76600 2462   !   3       java.lang.invoke.MemberName::getFieldType (176 bytes)
Event: 0.992 Thread 0x0000029a3c1b3cd0 2463       4       java.util.concurrent.atomic.AtomicInteger::incrementAndGet (14 bytes)
Event: 0.992 Thread 0x0000029a3c1b3cd0 nmethod 2463 0x0000029a22b17190 code [0x0000029a22b17300, 0x0000029a22b17398]
Event: 0.993 Thread 0x0000029a36b76600 nmethod 2462 0x0000029a1b320990 code [0x0000029a1b320ca0, 0x0000029a1b3220c8]
Event: 0.993 Thread 0x0000029a3ae57920 2464       3       com.google.inject.internal.aop.ClassBuilding::canAccess (27 bytes)
Event: 0.993 Thread 0x0000029a36b76600 2465       3       com.google.inject.internal.asm.$SymbolTable::addConstantMethodref (24 bytes)
Event: 0.993 Thread 0x0000029a3ae57920 nmethod 2464 0x0000029a1b322710 code [0x0000029a1b3228c0, 0x0000029a1b322b48]
Event: 0.993 Thread 0x0000029a36b76600 nmethod 2465 0x0000029a1b322c10 code [0x0000029a1b322dc0, 0x0000029a1b322f68]
Event: 0.994 Thread 0x0000029a36b76600 2466       3       com.google.inject.internal.asm.$Label::<init> (5 bytes)
Event: 0.994 Thread 0x0000029a3adb7110 2467       3       com.google.inject.internal.asm.$MethodWriter::visitLabel (328 bytes)
Event: 0.994 Thread 0x0000029a36b76600 nmethod 2466 0x0000029a1b323010 code [0x0000029a1b3231c0, 0x0000029a1b323318]

GC Heap History (4 events):
Event: 0.400 GC heap before
{Heap before GC invocations=0 (full 0):
 garbage-first heap   total 258048K, used 22528K [0x0000000705e00000, 0x0000000800000000)
  region size 2048K, 11 young (22528K), 0 survivors (0K)
 Metaspace       used 5909K, committed 6080K, reserved 1114112K
  class space    used 650K, committed 704K, reserved 1048576K
}
Event: 0.402 GC heap after
{Heap after GC invocations=1 (full 0):
 garbage-first heap   total 258048K, used 3919K [0x0000000705e00000, 0x0000000800000000)
  region size 2048K, 2 young (4096K), 2 survivors (4096K)
 Metaspace       used 5909K, committed 6080K, reserved 1114112K
  class space    used 650K, committed 704K, reserved 1048576K
}
Event: 0.832 GC heap before
{Heap before GC invocations=1 (full 0):
 garbage-first heap   total 258048K, used 34639K [0x0000000705e00000, 0x0000000800000000)
  region size 2048K, 18 young (36864K), 2 survivors (4096K)
 Metaspace       used 9821K, committed 9984K, reserved 1114112K
  class space    used 1127K, committed 1216K, reserved 1048576K
}
Event: 0.835 GC heap after
{Heap after GC invocations=2 (full 0):
 garbage-first heap   total 258048K, used 5527K [0x0000000705e00000, 0x0000000800000000)
  region size 2048K, 1 young (2048K), 1 survivors (2048K)
 Metaspace       used 9821K, committed 9984K, reserved 1114112K
  class space    used 1127K, committed 1216K, reserved 1048576K
}

Dll operation events (12 events):
Event: 0.005 Loaded shared library C:\Program Files\Java\jdk-19\bin\java.dll
Event: 0.010 Loaded shared library C:\Program Files\Java\jdk-19\bin\jsvml.dll
Event: 0.042 Loaded shared library C:\Program Files\Java\jdk-19\bin\zip.dll
Event: 0.043 Loaded shared library C:\Program Files\Java\jdk-19\bin\instrument.dll
Event: 0.046 Loaded shared library C:\Program Files\Java\jdk-19\bin\net.dll
Event: 0.048 Loaded shared library C:\Program Files\Java\jdk-19\bin\nio.dll
Event: 0.049 Loaded shared library C:\Program Files\Java\jdk-19\bin\zip.dll
Event: 0.057 Loaded shared library C:\Program Files\JetBrains\IntelliJ IDEA 2022.1.2\bin\breakgen64.dll
Event: 0.061 Loaded shared library C:\Program Files\Java\jdk-19\bin\extnet.dll
Event: 0.115 Loaded shared library C:\Program Files\Java\jdk-19\bin\jimage.dll
Event: 0.184 Loaded shared library C:\Users\99293\AppData\Local\Temp\jansi-2.4.0-718d2f9f7161118d-jansi.dll
Event: 0.190 Loaded shared library C:\Program Files\Java\jdk-19\bin\verify.dll

Deoptimization events (20 events):
Event: 0.839 Thread 0x0000029a12f11350 Uncommon trap: trap_request=0xffffffd6 fr.pc=0x0000029a22af7ef8 relative=0x00000000000001d8
Event: 0.839 Thread 0x0000029a12f11350 Uncommon trap: reason=array_check action=maybe_recompile pc=0x0000029a22af7ef8 method=java.util.stream.Nodes$FixedNodeBuilder.accept(Ljava/lang/Object;)V @ 28 c2
Event: 0.839 Thread 0x0000029a12f11350 DEOPT PACKING pc=0x0000029a22af7ef8 sp=0x000000fc34efe000
Event: 0.839 Thread 0x0000029a12f11350 DEOPT UNPACKING pc=0x0000029a22326da3 sp=0x000000fc34efdfb0 mode 2
Event: 0.905 Thread 0x0000029a12f11350 Uncommon trap: trap_request=0xffffff45 fr.pc=0x0000029a22a5e014 relative=0x0000000000000274
Event: 0.905 Thread 0x0000029a12f11350 Uncommon trap: reason=unstable_if action=reinterpret pc=0x0000029a22a5e014 method=java.util.concurrent.ConcurrentHashMap.get(Ljava/lang/Object;)Ljava/lang/Object; @ 76 c2
Event: 0.905 Thread 0x0000029a12f11350 DEOPT PACKING pc=0x0000029a22a5e014 sp=0x000000fc34efb550
Event: 0.905 Thread 0x0000029a12f11350 DEOPT UNPACKING pc=0x0000029a22326da3 sp=0x000000fc34efb4c8 mode 2
Event: 0.924 Thread 0x0000029a12f11350 Uncommon trap: trap_request=0xffffff45 fr.pc=0x0000029a22ac10a0 relative=0x0000000000000180
Event: 0.924 Thread 0x0000029a12f11350 Uncommon trap: reason=unstable_if action=reinterpret pc=0x0000029a22ac10a0 method=java.lang.ClassLoader.checkName(Ljava/lang/String;)Z @ 1 c2
Event: 0.924 Thread 0x0000029a12f11350 DEOPT PACKING pc=0x0000029a22ac10a0 sp=0x000000fc34efdc10
Event: 0.924 Thread 0x0000029a12f11350 DEOPT UNPACKING pc=0x0000029a22326da3 sp=0x000000fc34efdba8 mode 2
Event: 0.929 Thread 0x0000029a12f11350 Uncommon trap: trap_request=0xffffff45 fr.pc=0x0000029a22b068dc relative=0x00000000000009dc
Event: 0.929 Thread 0x0000029a12f11350 Uncommon trap: reason=unstable_if action=reinterpret pc=0x0000029a22b068dc method=jdk.internal.org.objectweb.asm.SymbolTable.put(Ljdk/internal/org/objectweb/asm/SymbolTable$Entry;)Ljdk/internal/org/objectweb/asm/SymbolTable$Entry; @ 13 c2
Event: 0.929 Thread 0x0000029a12f11350 DEOPT PACKING pc=0x0000029a22b068dc sp=0x000000fc34efd8f0
Event: 0.929 Thread 0x0000029a12f11350 DEOPT UNPACKING pc=0x0000029a22326da3 sp=0x000000fc34efd828 mode 2
Event: 0.950 Thread 0x0000029a12f11350 DEOPT PACKING pc=0x0000029a1b2195a4 sp=0x000000fc34efe1a0
Event: 0.950 Thread 0x0000029a12f11350 DEOPT UNPACKING pc=0x0000029a22327543 sp=0x000000fc34efd700 mode 0
Event: 0.976 Thread 0x0000029a12f11350 DEOPT PACKING pc=0x0000029a1b249994 sp=0x000000fc34efd530
Event: 0.976 Thread 0x0000029a12f11350 DEOPT UNPACKING pc=0x0000029a22327543 sp=0x000000fc34efc9e8 mode 0

Classes loaded (20 events):
Event: 0.876 Loading class java/nio/channels/OverlappingFileLockException
Event: 0.876 Loading class java/nio/channels/OverlappingFileLockException done
Event: 0.876 Loading class java/nio/channels/FileLock
Event: 0.876 Loading class java/nio/channels/FileLock done
Event: 0.885 Loading class java/nio/file/AccessDeniedException
Event: 0.885 Loading class java/nio/file/FileSystemException
Event: 0.885 Loading class java/nio/file/FileSystemException done
Event: 0.885 Loading class java/nio/file/AccessDeniedException done
Event: 0.903 Loading class java/lang/ExceptionInInitializerError
Event: 0.903 Loading class java/lang/ExceptionInInitializerError done
Event: 0.905 Loading class jdk/internal/vm/annotation/ForceInline
Event: 0.905 Loading class jdk/internal/vm/annotation/ForceInline done
Event: 0.918 Loading class sun/invoke/util/ValueConversions$1
Event: 0.918 Loading class sun/invoke/util/ValueConversions$1 done
Event: 0.918 Loading class java/lang/invoke/BoundMethodHandle$Species_LI
Event: 0.918 Loading class java/lang/invoke/BoundMethodHandle$Species_LI done
Event: 0.976 Loading class sun/reflect/generics/scope/MethodScope
Event: 0.976 Loading class sun/reflect/generics/scope/MethodScope done
Event: 0.976 Loading class sun/reflect/generics/repository/MethodRepository
Event: 0.976 Loading class sun/reflect/generics/repository/MethodRepository done

Classes unloaded (0 events):
No events

Classes redefined (0 events):
No events

Internal exceptions (20 events):
Event: 0.187 Thread 0x0000029a12f11350 Exception <a 'java/lang/NullPointerException'{0x0000000715098e48}> (0x0000000715098e48) 
thrown [s\open\src\hotspot\share\interpreter\linkResolver.cpp, line 1374]
Event: 0.245 Thread 0x0000029a12f11350 Exception <a 'java/lang/NoSuchMethodError'{0x0000000714eeca18}: 'java.lang.Object java.lang.invoke.DirectMethodHandle$Holder.invokeSpecialIFC(java.lang.Object, java.lang.Object, java.lang.Object, java.lang.Object)'> (0x0000000714eeca18) 
thrown [s\open\src\hotspot\share\interpreter\linkResolver.cpp, line 774]
Event: 0.328 Thread 0x0000029a12f11350 Exception <a 'java/lang/NoSuchMethodError'{0x0000000714868338}: 'void java.lang.invoke.DirectMethodHandle$Holder.invokeSpecial(java.lang.Object, java.lang.Object, java.lang.Object)'> (0x0000000714868338) 
thrown [s\open\src\hotspot\share\interpreter\linkResolver.cpp, line 774]
Event: 0.341 Thread 0x0000029a12f11350 Exception <a 'java/lang/NoSuchMethodError'{0x00000007149b03c8}: 'java.lang.Object java.lang.invoke.DirectMethodHandle$Holder.invokeInterface(java.lang.Object, java.lang.Object)'> (0x00000007149b03c8) 
thrown [s\open\src\hotspot\share\interpreter\linkResolver.cpp, line 774]
Event: 0.349 Thread 0x0000029a12f11350 Exception <a 'java/lang/NoSuchMethodError'{0x000000071464ad10}: 'int java.lang.invoke.DirectMethodHandle$Holder.invokeStatic(java.lang.Object, java.lang.Object, java.lang.Object, java.lang.Object)'> (0x000000071464ad10) 
thrown [s\open\src\hotspot\share\interpreter\linkResolver.cpp, line 774]
Event: 0.349 Thread 0x0000029a12f11350 Exception <a 'java/lang/NoSuchMethodError'{0x000000071464e650}: 'java.lang.Object java.lang.invoke.Invokers$Holder.invokeExact_MT(java.lang.Object, java.lang.Object, java.lang.Object, java.lang.Object, java.lang.Object, java.lang.Object)'> (0x000000071464e650) 
thrown [s\open\src\hotspot\share\interpreter\linkResolver.cpp, line 774]
Event: 0.351 Thread 0x0000029a12f11350 Exception <a 'java/lang/NoSuchMethodError'{0x000000071465f698}: 'int java.lang.invoke.DirectMethodHandle$Holder.invokeSpecialIFC(java.lang.Object, java.lang.Object, java.lang.Object, java.lang.Object, java.lang.Object)'> (0x000000071465f698) 
thrown [s\open\src\hotspot\share\interpreter\linkResolver.cpp, line 774]
Event: 0.373 Thread 0x0000029a12f11350 Exception <a 'java/lang/NoSuchMethodError'{0x00000007147ef790}: 'java.lang.Object java.lang.invoke.DirectMethodHandle$Holder.newInvokeSpecial(java.lang.Object, java.lang.Object, java.lang.Object, java.lang.Object, java.lang.Object)'> (0x00000007147ef790) 
thrown [s\open\src\hotspot\share\interpreter\linkResolver.cpp, line 774]
Event: 0.387 Thread 0x0000029a12f11350 Exception <a 'java/lang/NoSuchMethodError'{0x00000007144ece38}: 'int java.lang.invoke.DirectMethodHandle$Holder.invokeStaticInit(java.lang.Object, java.lang.Object)'> (0x00000007144ece38) 
thrown [s\open\src\hotspot\share\interpreter\linkResolver.cpp, line 774]
Event: 0.392 Thread 0x0000029a12f11350 Exception <a 'java/lang/NoClassDefFoundError'{0x00000007145226b0}: javax/enterprise/inject/Typed> (0x00000007145226b0) 
thrown [s\open\src\hotspot\share\classfile\systemDictionary.cpp, line 244]
Event: 0.578 Thread 0x0000029a12f11350 Exception <a 'java/lang/NoSuchMethodError'{0x0000000714c26658}: 'java.lang.Object java.lang.invoke.DirectMethodHandle$Holder.invokeStaticInit(java.lang.Object)'> (0x0000000714c26658) 
thrown [s\open\src\hotspot\share\interpreter\linkResolver.cpp, line 774]
Event: 0.902 Thread 0x0000029a12f11350 Exception <a 'java/lang/NoSuchMethodError'{0x00000007155a4d90}: 'void java.lang.invoke.DirectMethodHandle$Holder.invokeStaticInit(java.lang.Object, java.lang.Object, java.lang.Object)'> (0x00000007155a4d90) 
thrown [s\open\src\hotspot\share\interpreter\linkResolver.cpp, line 774]
Event: 0.904 Thread 0x0000029a12f11350 Exception <a 'java/lang/ExceptionInInitializerError'{0x00000007155cf450}> (0x00000007155cf450) 
thrown [s\open\src\hotspot\share\oops\instanceKlass.cpp, line 1168]
Event: 0.918 Thread 0x0000029a12f11350 Exception <a 'java/lang/NoSuchMethodError'{0x00000007152e1ce8}: 'long java.lang.invoke.DirectMethodHandle$Holder.invokeStatic(java.lang.Object, java.lang.Object, int)'> (0x00000007152e1ce8) 
thrown [s\open\src\hotspot\share\interpreter\linkResolver.cpp, line 774]
Event: 0.919 Thread 0x0000029a12f11350 Exception <a 'java/lang/NoSuchMethodError'{0x00000007152f50a0}: 'java.lang.Object java.lang.invoke.DirectMethodHandle$Holder.invokeStatic(java.lang.Object, java.lang.Object, java.lang.Object, java.lang.Object, int)'> (0x00000007152f50a0) 
thrown [s\open\src\hotspot\share\interpreter\linkResolver.cpp, line 774]
Event: 0.920 Thread 0x0000029a12f11350 Exception <a 'java/lang/NoSuchMethodError'{0x00000007152fd5d8}: 'java.lang.Object java.lang.invoke.DirectMethodHandle$Holder.invokeSpecial(java.lang.Object, java.lang.Object, java.lang.Object, java.lang.Object, long)'> (0x00000007152fd5d8) 
thrown [s\open\src\hotspot\share\interpreter\linkResolver.cpp, line 774]
Event: 0.921 Thread 0x0000029a12f11350 Exception <a 'java/lang/NoSuchMethodError'{0x00000007153098c0}: 'java.lang.Object java.lang.invoke.DirectMethodHandle$Holder.invokeSpecial(java.lang.Object, java.lang.Object, java.lang.Object, int, java.lang.Object)'> (0x00000007153098c0) 
thrown [s\open\src\hotspot\share\interpreter\linkResolver.cpp, line 774]
Event: 0.921 Thread 0x0000029a12f11350 Exception <a 'java/lang/NoSuchMethodError'{0x0000000715312010}: 'int java.lang.invoke.DirectMethodHandle$Holder.invokeSpecial(java.lang.Object, java.lang.Object, java.lang.Object, int)'> (0x0000000715312010) 
thrown [s\open\src\hotspot\share\interpreter\linkResolver.cpp, line 774]
Event: 0.924 Thread 0x0000029a12f11350 Implicit null exception at 0x0000029a22ac0f2f to 0x0000029a22ac1090
Event: 0.925 Thread 0x0000029a12f11350 Exception <a 'java/lang/NoSuchMethodError'{0x00000007153380e8}: 'java.lang.Object java.lang.invoke.Invokers$Holder.invokeExact_MT(java.lang.Object, int, java.lang.Object)'> (0x00000007153380e8) 
thrown [s\open\src\hotspot\share\interpreter\linkResolver.cpp, line 774]

VM Operations (20 events):
Event: 0.399 Executing VM operation: G1CollectForAllocation
Event: 0.402 Executing VM operation: G1CollectForAllocation done
Event: 0.403 Executing VM operation: HandshakeAllThreads
Event: 0.403 Executing VM operation: HandshakeAllThreads done
Event: 0.727 Executing VM operation: HandshakeAllThreads
Event: 0.727 Executing VM operation: HandshakeAllThreads done
Event: 0.749 Executing VM operation: ICBufferFull
Event: 0.750 Executing VM operation: ICBufferFull done
Event: 0.781 Executing VM operation: HandshakeAllThreads
Event: 0.781 Executing VM operation: HandshakeAllThreads done
Event: 0.832 Executing VM operation: G1CollectForAllocation
Event: 0.835 Executing VM operation: G1CollectForAllocation done
Event: 0.908 Executing VM operation: HandshakeAllThreads
Event: 0.908 Executing VM operation: HandshakeAllThreads done
Event: 0.949 Executing VM operation: HandshakeAllThreads
Event: 0.949 Executing VM operation: HandshakeAllThreads done
Event: 0.950 Executing VM operation: HandshakeAllThreads
Event: 0.950 Executing VM operation: HandshakeAllThreads done
Event: 0.976 Executing VM operation: HandshakeAllThreads
Event: 0.976 Executing VM operation: HandshakeAllThreads done

Events (20 events):
Event: 0.019 Thread 0x0000029a36b62fb0 Thread added: 0x0000029a36b62fb0
Event: 0.019 Thread 0x0000029a36b67220 Thread added: 0x0000029a36b67220
Event: 0.019 Thread 0x0000029a36b6a2d0 Thread added: 0x0000029a36b6a2d0
Event: 0.019 Thread 0x0000029a36b6cc10 Thread added: 0x0000029a36b6cc10
Event: 0.020 Thread 0x0000029a36b6d870 Thread added: 0x0000029a36b6d870
Event: 0.020 Thread 0x0000029a36b76600 Thread added: 0x0000029a36b76600
Event: 0.020 Thread 0x0000029a36b84c50 Thread added: 0x0000029a36b84c50
Event: 0.023 Thread 0x0000029a3adb7110 Thread added: 0x0000029a3adb7110
Event: 0.031 Thread 0x0000029a3ae30120 Thread added: 0x0000029a3ae30120
Event: 0.035 Thread 0x0000029a3ae54f80 Thread added: 0x0000029a3ae54f80
Event: 0.035 Thread 0x0000029a3ae57920 Thread added: 0x0000029a3ae57920
Event: 0.057 Thread 0x0000029a3af17c30 Thread added: 0x0000029a3af17c30
Event: 0.057 Thread 0x0000029a3af19650 Thread added: 0x0000029a3af19650
Event: 0.198 Thread 0x0000029a3b2e7690 Thread added: 0x0000029a3b2e7690
Event: 0.404 Thread 0x0000029a3afc09a0 Thread added: 0x0000029a3afc09a0
Event: 0.413 Thread 0x0000029a3b331710 Thread added: 0x0000029a3b331710
Event: 0.413 Thread 0x0000029a3b3aabd0 Thread added: 0x0000029a3b3aabd0
Event: 0.418 Thread 0x0000029a3c1ec310 Thread added: 0x0000029a3c1ec310
Event: 0.419 Thread 0x0000029a3c1b3cd0 Thread added: 0x0000029a3c1b3cd0
Event: 0.419 Thread 0x0000029a3c214f70 Thread added: 0x0000029a3c214f70


Dynamic libraries:
0x00007ff6bdaa0000 - 0x00007ff6bdab0000 	C:\Program Files\Java\jdk-19\bin\java.exe
0x00007ffc2be70000 - 0x00007ffc2c087000 	C:\WINDOWS\SYSTEM32\ntdll.dll
0x00007ffc2aec0000 - 0x00007ffc2af84000 	C:\WINDOWS\System32\KERNEL32.DLL
0x00007ffc29300000 - 0x00007ffc296b9000 	C:\WINDOWS\System32\KERNELBASE.dll
0x00007ffc296f0000 - 0x00007ffc29801000 	C:\WINDOWS\System32\ucrtbase.dll
0x00007ffc00ef0000 - 0x00007ffc00f08000 	C:\Program Files\Java\jdk-19\bin\jli.dll
0x00007ffc13cc0000 - 0x00007ffc13cdb000 	C:\Program Files\Java\jdk-19\bin\VCRUNTIME140.dll
0x00007ffc29ec0000 - 0x00007ffc29f72000 	C:\WINDOWS\System32\ADVAPI32.dll
0x00007ffc2b280000 - 0x00007ffc2b327000 	C:\WINDOWS\System32\msvcrt.dll
0x00007ffc2b170000 - 0x00007ffc2b217000 	C:\WINDOWS\System32\sechost.dll
0x00007ffc29230000 - 0x00007ffc29258000 	C:\WINDOWS\System32\bcrypt.dll
0x00007ffc2b360000 - 0x00007ffc2b474000 	C:\WINDOWS\System32\RPCRT4.dll
0x00007ffc12a50000 - 0x00007ffc12ce2000 	C:\WINDOWS\WinSxS\amd64_microsoft.windows.common-controls_6595b64144ccf1df_6.0.22621.4391_none_2715d37f73803e96\COMCTL32.dll
0x00007ffc2af90000 - 0x00007ffc2b13e000 	C:\WINDOWS\System32\USER32.dll
0x00007ffc2b330000 - 0x00007ffc2b359000 	C:\WINDOWS\System32\GDI32.dll
0x00007ffc296c0000 - 0x00007ffc296e6000 	C:\WINDOWS\System32\win32u.dll
0x00007ffc298d0000 - 0x00007ffc299eb000 	C:\WINDOWS\System32\gdi32full.dll
0x00007ffc29260000 - 0x00007ffc292fa000 	C:\WINDOWS\System32\msvcp_win.dll
0x00007ffc20860000 - 0x00007ffc2086a000 	C:\WINDOWS\SYSTEM32\VERSION.dll
0x00007ffc2ae80000 - 0x00007ffc2aeb1000 	C:\WINDOWS\System32\IMM32.DLL
0x00007ffc122d0000 - 0x00007ffc122dc000 	C:\Program Files\Java\jdk-19\bin\vcruntime140_1.dll
0x00007ffbe6790000 - 0x00007ffbe681e000 	C:\Program Files\Java\jdk-19\bin\msvcp140.dll
0x00007ffb71b50000 - 0x00007ffb72810000 	C:\Program Files\Java\jdk-19\bin\server\jvm.dll
0x00007ffc24140000 - 0x00007ffc24149000 	C:\WINDOWS\SYSTEM32\WSOCK32.dll
0x00007ffc2a460000 - 0x00007ffc2a4d1000 	C:\WINDOWS\System32\WS2_32.dll
0x00007ffc215b0000 - 0x00007ffc215e4000 	C:\WINDOWS\SYSTEM32\WINMM.dll
0x00007ffc28270000 - 0x00007ffc28288000 	C:\WINDOWS\SYSTEM32\kernel.appcore.dll
0x00007ffc09f50000 - 0x00007ffc09f5a000 	C:\Program Files\Java\jdk-19\bin\jimage.dll
0x00007ffc26930000 - 0x00007ffc26b62000 	C:\WINDOWS\SYSTEM32\DBGHELP.DLL
0x00007ffc2b480000 - 0x00007ffc2b80f000 	C:\WINDOWS\System32\combase.dll
0x00007ffc2baa0000 - 0x00007ffc2bb77000 	C:\WINDOWS\System32\OLEAUT32.dll
0x00007ffc1b690000 - 0x00007ffc1b6c2000 	C:\WINDOWS\SYSTEM32\dbgcore.DLL
0x00007ffc29140000 - 0x00007ffc291bb000 	C:\WINDOWS\System32\bcryptPrimitives.dll
0x00007ffc01550000 - 0x00007ffc0155e000 	C:\Program Files\Java\jdk-19\bin\instrument.dll
0x00007ffc00db0000 - 0x00007ffc00dd6000 	C:\Program Files\Java\jdk-19\bin\java.dll
0x00007ffbe5400000 - 0x00007ffbe54d7000 	C:\Program Files\Java\jdk-19\bin\jsvml.dll
0x00007ffc2a4e0000 - 0x00007ffc2ad56000 	C:\WINDOWS\System32\SHELL32.dll
0x00007ffc27050000 - 0x00007ffc27953000 	C:\WINDOWS\SYSTEM32\windows.storage.dll
0x00007ffc26f10000 - 0x00007ffc2704f000 	C:\WINDOWS\SYSTEM32\wintypes.dll
0x00007ffc2bba0000 - 0x00007ffc2bc99000 	C:\WINDOWS\System32\SHCORE.dll
0x00007ffc29d20000 - 0x00007ffc29d7e000 	C:\WINDOWS\System32\shlwapi.dll
0x00007ffc29070000 - 0x00007ffc2909b000 	C:\WINDOWS\SYSTEM32\profapi.dll
0x00007ffbfe650000 - 0x00007ffbfe668000 	C:\Program Files\Java\jdk-19\bin\zip.dll
0x00007ffc007c0000 - 0x00007ffc007d3000 	C:\Program Files\Java\jdk-19\bin\net.dll
0x00007ffc24b90000 - 0x00007ffc24cc6000 	C:\WINDOWS\SYSTEM32\WINHTTP.dll
0x00007ffc286f0000 - 0x00007ffc28759000 	C:\WINDOWS\system32\mswsock.dll
0x00007ffbfe7d0000 - 0x00007ffbfe7e6000 	C:\Program Files\Java\jdk-19\bin\nio.dll
0x00007ffbfa3d0000 - 0x00007ffbfa3ea000 	C:\Program Files\JetBrains\IntelliJ IDEA 2022.1.2\bin\breakgen64.dll
0x00007ffc081a0000 - 0x00007ffc081a8000 	C:\Program Files\Java\jdk-19\bin\extnet.dll
0x0000000069ac0000 - 0x0000000069ae4000 	C:\Users\99293\AppData\Local\Temp\jansi-2.4.0-718d2f9f7161118d-jansi.dll
0x00007ffc02070000 - 0x00007ffc02080000 	C:\Program Files\Java\jdk-19\bin\verify.dll

dbghelp: loaded successfully - version: 4.0.5 - missing functions: none
symbol engine: initialized successfully - sym options: 0x614 - pdb path: .;C:\Program Files\Java\jdk-19\bin;C:\WINDOWS\SYSTEM32;C:\WINDOWS\WinSxS\amd64_microsoft.windows.common-controls_6595b64144ccf1df_6.0.22621.4391_none_2715d37f73803e96;C:\Program Files\Java\jdk-19\bin\server;C:\Program Files\JetBrains\IntelliJ IDEA 2022.1.2\bin;C:\Users\99293\AppData\Local\Temp

VM Arguments:
jvm_args: -Dmaven.multiModuleProjectDirectory=D:\website.citu-web -Dmaven.home=C:\Users\99293\.m2\wrapper\dists\apache-maven-3.9.3-bin\54p6kc7m0ap3os8bc4ge28ia2\apache-maven-3.9.3 -Dclassworlds.conf=C:\Users\99293\.m2\wrapper\dists\apache-maven-3.9.3-bin\54p6kc7m0ap3os8bc4ge28ia2\apache-maven-3.9.3\bin\m2.conf -Dmaven.ext.class.path=C:\Program Files\JetBrains\IntelliJ IDEA 2022.1.2\plugins\maven\lib\maven-event-listener.jar -javaagent:C:\Program Files\JetBrains\IntelliJ IDEA 2022.1.2\lib\idea_rt.jar=53376:C:\Program Files\JetBrains\IntelliJ IDEA 2022.1.2\bin -Dfile.encoding=UTF-8 
java_command: org.codehaus.classworlds.Launcher -Didea.version=2022.1.2 package
java_class_path (initial): C:\Users\99293\.m2\wrapper\dists\apache-maven-3.9.3-bin\54p6kc7m0ap3os8bc4ge28ia2\apache-maven-3.9.3\boot\plexus-classworlds-2.7.0.jar;C:\Users\99293\.m2\wrapper\dists\apache-maven-3.9.3-bin\54p6kc7m0ap3os8bc4ge28ia2\apache-maven-3.9.3\boot\plexus-classworlds.license
Launcher Type: SUN_STANDARD

[Global flags]
     intx CICompilerCount                          = 12                                        {product} {ergonomic}
     uint ConcGCThreads                            = 3                                         {product} {ergonomic}
     uint G1ConcRefinementThreads                  = 13                                        {product} {ergonomic}
   size_t G1HeapRegionSize                         = 2097152                                   {product} {ergonomic}
    uintx GCDrainStackTargetSize                   = 64                                        {product} {ergonomic}
   size_t InitialHeapSize                          = 264241152                                 {product} {ergonomic}
   size_t MarkStackSize                            = 4194304                                   {product} {ergonomic}
   size_t MaxHeapSize                              = 4196401152                                {product} {ergonomic}
   size_t MaxNewSize                               = 2516582400                                {product} {ergonomic}
   size_t MinHeapDeltaBytes                        = 2097152                                   {product} {ergonomic}
   size_t MinHeapSize                              = 8388608                                   {product} {ergonomic}
    uintx NonNMethodCodeHeapSize                   = 7602480                                {pd product} {ergonomic}
    uintx NonProfiledCodeHeapSize                  = 122027880                              {pd product} {ergonomic}
    uintx ProfiledCodeHeapSize                     = 122027880                              {pd product} {ergonomic}
    uintx ReservedCodeCacheSize                    = 251658240                              {pd product} {ergonomic}
     bool SegmentedCodeCache                       = true                                      {product} {ergonomic}
   size_t SoftMaxHeapSize                          = 4196401152                             {manageable} {ergonomic}
     bool UseCompressedClassPointers               = true                           {product lp64_product} {ergonomic}
     bool UseCompressedOops                        = true                           {product lp64_product} {ergonomic}
     bool UseG1GC                                  = true                                      {product} {ergonomic}
     bool UseLargePagesIndividualAllocation        = false                                  {pd product} {ergonomic}

Logging:
Log output configuration:
 #0: stdout all=warning uptime,level,tags foldmultilines=false
 #1: stderr all=off uptime,level,tags foldmultilines=false

Environment Variables:
JAVA_HOME=C:\Program Files\Java\jdk-19
PATH=C:\Program Files\Common Files\Oracle\Java\javapath;C:\Windows\system32;C:\Windows;C:\Windows\System32\Wbem;C:\Windows\System32\WindowsPowerShell\v1.0\;C:\Windows\System32\OpenSSH\;C:\Program Files (x86)\NVIDIA Corporation\PhysX\Common;C:\Program Files\NVIDIA Corporation\NVIDIA NvDLISR;C:\Program Files (x86)\dotnet\;C:\WINDOWS\system32;C:\WINDOWS;C:\WINDOWS\System32\Wbem;C:\WINDOWS\System32\WindowsPowerShell\v1.0\;C:\WINDOWS\System32\OpenSSH\;C:\Program Files\Java\jdk-19\bin;C:\Program Files\Git\cmd;C:\Users\99293\AppData\Local\Programs\Python\Python311\Scripts\;C:\Users\99293\AppData\Local\Programs\Python\Python311\;C:\Users\99293\AppData\Local\Microsoft\WindowsApps;;C:\Program Files\JetBrains\IntelliJ IDEA 2022.1.2\bin;;C:\Program Files\heroku\bin
USERNAME=ASUS
OS=Windows_NT
PROCESSOR_IDENTIFIER=Intel64 Family 6 Model 154 Stepping 3, GenuineIntel
TMP=C:\Users\99293\AppData\Local\Temp
TEMP=C:\Users\99293\AppData\Local\Temp



---------------  S Y S T E M  ---------------

OS:
 Windows 11 , 64 bit Build 22621 (10.0.22621.4391)
OS uptime: 2 days 20:39 hours
Hyper-V role detected

CPU: total 16 (initial active 16) (8 cores per cpu, 2 threads per core) family 6 model 154 stepping 3 microcode 0x429, cx8, cmov, fxsr, ht, mmx, 3dnowpref, sse, sse2, sse3, ssse3, sse4.1, sse4.2, popcnt, lzcnt, tsc, tscinvbit, avx, avx2, aes, erms, clmul, bmi1, bmi2, adx, sha, fma, vzeroupper, clflush, clflushopt, clwb, hv, serialize, rdtscp, rdpid, fsrm

Memory: 4k page, system-wide physical 16004M (2259M free)
TotalPageFile size 18052M (AvailPageFile size 4M)
current process WorkingSet (physical memory assigned to process): 137M, peak: 137M
current process commit charge ("private bytes"): 407M, peak: 407M

vm_info: Java HotSpot(TM) 64-Bit Server VM (19.0.2+7-44) for windows-amd64 JRE (19.0.2+7-44), built on 2022-11-30T18:02:09Z by "mach5one" with MS VC++ 17.1 (VS2022)

END.
