#
# There is insufficient memory for the Java Runtime Environment to continue.
# Native memory allocation (mmap) failed to map 104857600 bytes for G1 virtual space
# Possible reasons:
#   The system is out of physical RAM or swap space
#   The process is running with CompressedOops enabled, and the Java Heap may be blocking the growth of the native heap
# Possible solutions:
#   Reduce memory load on the system
#   Increase physical memory or swap space
#   Check if swap backing store is full
#   Decrease Java heap size (-Xmx/-Xms)
#   Decrease number of Java threads
#   Decrease Java thread stack sizes (-Xss)
#   Set larger code cache with -XX:ReservedCodeCacheSize=
#   JVM is running with Zero Based Compressed Oops mode in which the Java heap is
#     placed in the first 32GB address space. The Java Heap base address is the
#     maximum limit for the native heap growth. Please use -XX:HeapBaseMinAddress
#     to set the Java Heap base and to place the Java Heap above 32GB virtual address.
# This output file may be truncated or incomplete.
#
#  Out of Memory Error (os_windows.cpp:3536), pid=11732, tid=17116
#
# JRE version: Java(TM) SE Runtime Environment (19.0.2+7) (build 19.0.2+7-44)
# Java VM: Java HotSpot(TM) 64-Bit Server VM (19.0.2+7-44, mixed mode, sharing, tiered, compressed oops, compressed class ptrs, g1 gc, windows-amd64)
# No core dump will be written. Minidumps are not enabled by default on client versions of Windows
#

---------------  S U M M A R Y ------------

Command Line: C:\Users\99293\AppData\Local\Temp\surefire10062865949110607024\surefirebooter-20241228182243669_3.jar C:\Users\99293\AppData\Local\Temp\surefire10062865949110607024 2024-12-28T18-22-43_539-jvmRun1 surefire-20241228182243669_1tmp surefire_0-20241228182243669_2tmp

Host: 12th Gen Intel(R) Core(TM) i7-12650H, 16 cores, 15G,  Windows 11 , 64 bit Build 22621 (10.0.22621.4391)
Time: Sat Dec 28 18:22:46 2024  Windows 11 , 64 bit Build 22621 (10.0.22621.4391) elapsed time: 2.604607 seconds (0d 0h 0m 2s)

---------------  T H R E A D  ---------------

Current thread (0x0000025476865e70):  VMThread "VM Thread" [stack: 0x0000006eaa800000,0x0000006eaa900000] [id=17116]

Stack: [0x0000006eaa800000,0x0000006eaa900000]
Native frames: (J=compiled Java code, j=interpreted, Vv=VM code, C=native code)
V  [jvm.dll+0x6ee21a]
V  [jvm.dll+0x85765e]
V  [jvm.dll+0x85904e]
V  [jvm.dll+0x859703]
V  [jvm.dll+0x28298f]
V  [jvm.dll+0x6eb009]
V  [jvm.dll+0x6dfbaa]
V  [jvm.dll+0x3573f6]
V  [jvm.dll+0x35ee56]
V  [jvm.dll+0x3b541e]
V  [jvm.dll+0x3b564f]
V  [jvm.dll+0x32c9ea]
V  [jvm.dll+0x32ca97]
V  [jvm.dll+0x374cd2]
V  [jvm.dll+0x37340f]
V  [jvm.dll+0x32c210]
V  [jvm.dll+0x3729ab]
V  [jvm.dll+0x85ebc3]
V  [jvm.dll+0x85f989]
V  [jvm.dll+0x85febd]
V  [jvm.dll+0x86034b]
V  [jvm.dll+0x860407]
V  [jvm.dll+0x80125a]
V  [jvm.dll+0x6ecf0b]
C  [ucrtbase.dll+0x29333]
C  [KERNEL32.DLL+0x1259d]
C  [ntdll.dll+0x5af38]

VM_Operation (0x0000006eaacfd370): G1CollectForAllocation, mode: safepoint, requested by thread 0x0000025476887730


---------------  P R O C E S S  ---------------

Threads class SMR info:
_java_thread_list=0x000002547c36b0d0, length=23, elements={
0x0000025450aaea30, 0x000002547687fe70, 0x0000025476880c60, 0x0000025476883a60,
0x0000025476887730, 0x0000025476888060, 0x000002547688feb0, 0x0000025476892730,
0x000002547689acc0, 0x00000254768ae240, 0x000002547acb3680, 0x000002547ad91580,
0x000002547ad93f30, 0x000002547ae8c4e0, 0x000002547b093ec0, 0x000002547b058820,
0x000002547b3176f0, 0x000002547b17da10, 0x000002547b17df90, 0x000002547ce1e1c0,
0x000002547d771290, 0x000002547c29ff80, 0x000002547ca87150
}

Java Threads: ( => current thread )
  0x0000025450aaea30 JavaThread "main" [_thread_in_native, id=9916, stack(0x0000006eaa200000,0x0000006eaa300000)]
  0x000002547687fe70 JavaThread "Reference Handler" daemon [_thread_blocked, id=22128, stack(0x0000006eaa900000,0x0000006eaaa00000)]
  0x0000025476880c60 JavaThread "Finalizer" daemon [_thread_blocked, id=20676, stack(0x0000006eaaa00000,0x0000006eaab00000)]
  0x0000025476883a60 JavaThread "Signal Dispatcher" daemon [_thread_blocked, id=21724, stack(0x0000006eaab00000,0x0000006eaac00000)]
  0x0000025476887730 JavaThread "Attach Listener" daemon [_thread_blocked, id=19568, stack(0x0000006eaac00000,0x0000006eaad00000)]
  0x0000025476888060 JavaThread "Service Thread" daemon [_thread_blocked, id=5724, stack(0x0000006eaad00000,0x0000006eaae00000)]
  0x000002547688feb0 JavaThread "Monitor Deflation Thread" daemon [_thread_blocked, id=9404, stack(0x0000006eaae00000,0x0000006eaaf00000)]
  0x0000025476892730 JavaThread "C2 CompilerThread0" daemon [_thread_blocked, id=11508, stack(0x0000006eaaf00000,0x0000006eab000000)]
  0x000002547689acc0 JavaThread "C1 CompilerThread0" daemon [_thread_blocked, id=3496, stack(0x0000006eab000000,0x0000006eab100000)]
  0x00000254768ae240 JavaThread "Sweeper thread" daemon [_thread_blocked, id=13016, stack(0x0000006eab100000,0x0000006eab200000)]
  0x000002547acb3680 JavaThread "C1 CompilerThread1" daemon [_thread_blocked, id=3876, stack(0x0000006eab200000,0x0000006eab300000)]
  0x000002547ad91580 JavaThread "Notification Thread" daemon [_thread_blocked, id=28104, stack(0x0000006eab300000,0x0000006eab400000)]
  0x000002547ad93f30 JavaThread "Common-Cleaner" daemon [_thread_blocked, id=13172, stack(0x0000006eab500000,0x0000006eab600000)]
  0x000002547ae8c4e0 JavaThread "C2 CompilerThread1" daemon [_thread_blocked, id=17792, stack(0x0000006eab600000,0x0000006eab700000)]
  0x000002547b093ec0 JavaThread "C2 CompilerThread2" daemon [_thread_blocked, id=21084, stack(0x0000006eab700000,0x0000006eab800000)]
  0x000002547b058820 JavaThread "surefire-forkedjvm-stream-flusher" daemon [_thread_blocked, id=24284, stack(0x0000006eab800000,0x0000006eab900000)]
  0x000002547b3176f0 JavaThread "surefire-forkedjvm-command-thread" daemon [_thread_in_native, id=8784, stack(0x0000006eab900000,0x0000006eaba00000)]
  0x000002547b17da10 JavaThread "C1 CompilerThread2" daemon [_thread_blocked, id=14156, stack(0x0000006eaba00000,0x0000006eabb00000)]
  0x000002547b17df90 JavaThread "C1 CompilerThread3" daemon [_thread_blocked, id=6812, stack(0x0000006eabb00000,0x0000006eabc00000)]
  0x000002547ce1e1c0 JavaThread "C2 CompilerThread3" daemon [_thread_blocked, id=28692, stack(0x0000006eaca00000,0x0000006eacb00000)]
  0x000002547d771290 JavaThread "C2 CompilerThread4" daemon [_thread_blocked, id=28712, stack(0x0000006eacb00000,0x0000006eacc00000)]
  0x000002547c29ff80 JavaThread "C2 CompilerThread5" daemon [_thread_blocked, id=29580, stack(0x0000006eacc00000,0x0000006eacd00000)]
  0x000002547ca87150 JavaThread "C2 CompilerThread6" daemon [_thread_blocked, id=14452, stack(0x0000006eacd00000,0x0000006eace00000)]

Other Threads:
=>0x0000025476865e70 VMThread "VM Thread" [stack: 0x0000006eaa800000,0x0000006eaa900000] [id=17116]
  0x000002547ad91ac0 WatcherThread "VM Periodic Task Thread" [stack: 0x0000006eab400000,0x0000006eab500000] [id=3928]
  0x0000025452cb2d40 WorkerThread "GC Thread#0" [stack: 0x0000006eaa300000,0x0000006eaa400000] [id=26356]
  0x000002547ae26af0 WorkerThread "GC Thread#1" [stack: 0x0000006eabc00000,0x0000006eabd00000] [id=2000]
  0x000002547ae26820 WorkerThread "GC Thread#2" [stack: 0x0000006eabd00000,0x0000006eabe00000] [id=17876]
  0x000002547ae25ce0 WorkerThread "GC Thread#3" [stack: 0x0000006eabe00000,0x0000006eabf00000] [id=5420]
  0x000002547ae27090 WorkerThread "GC Thread#4" [stack: 0x0000006eabf00000,0x0000006eac000000] [id=13884]
  0x000002547ae27630 WorkerThread "GC Thread#5" [stack: 0x0000006eac000000,0x0000006eac100000] [id=19496]
  0x000002547ae27360 WorkerThread "GC Thread#6" [stack: 0x0000006eac100000,0x0000006eac200000] [id=13776]
  0x000002547ae26550 WorkerThread "GC Thread#7" [stack: 0x0000006eac200000,0x0000006eac300000] [id=20792]
  0x000002547c09a930 WorkerThread "GC Thread#8" [stack: 0x0000006eac300000,0x0000006eac400000] [id=18780]
  0x000002547c09a0c0 WorkerThread "GC Thread#9" [stack: 0x0000006eac400000,0x0000006eac500000] [id=29304]
  0x000002547c099580 WorkerThread "GC Thread#10" [stack: 0x0000006eac500000,0x0000006eac600000] [id=9284]
  0x000002547c099b20 WorkerThread "GC Thread#11" [stack: 0x0000006eac600000,0x0000006eac700000] [id=25640]
  0x000002547c099850 WorkerThread "GC Thread#12" [stack: 0x0000006eac700000,0x0000006eac800000] [id=26520]
  0x0000025452cc3760 ConcurrentGCThread "G1 Main Marker" [stack: 0x0000006eaa400000,0x0000006eaa500000] [id=628]
  0x0000025452cc4840 WorkerThread "G1 Conc#0" [stack: 0x0000006eaa500000,0x0000006eaa600000] [id=19800]
  0x000002547c09a390 WorkerThread "G1 Conc#1" [stack: 0x0000006eac800000,0x0000006eac900000] [id=11852]
  0x000002547c098a40 WorkerThread "G1 Conc#2" [stack: 0x0000006eac900000,0x0000006eaca00000] [id=5740]
  0x000002547671f9c0 ConcurrentGCThread "G1 Refine#0" [stack: 0x0000006eaa600000,0x0000006eaa700000] [id=5192]
  0x0000025476720410 ConcurrentGCThread "G1 Service" [stack: 0x0000006eaa700000,0x0000006eaa800000] [id=20864]

Threads with active compile tasks:

VM state: at safepoint (normal execution)

VM Mutex/Monitor currently owned by a thread:  ([mutex/lock_event])
[0x0000025452c3c6b0] Threads_lock - owner thread: 0x0000025476865e70
[0x0000025452c3b0c0] Heap_lock - owner thread: 0x0000025476887730

Heap address: 0x0000000705e00000, size: 4002 MB, Compressed Oops mode: Zero based, Oop shift amount: 3

CDS archive(s) mapped at: [0x0000000800000000-0x0000000800c40000-0x0000000800c40000), size 12845056, SharedBaseAddress: 0x0000000800000000, ArchiveRelocationMode: 0.
Compressed class space mapped at: 0x0000000801000000-0x0000000841000000, reserved size: 1073741824
Narrow klass base: 0x0000000800000000, Narrow klass shift: 0, Narrow klass range: 0x100000000

GC Precious Log:
 CardTable entry size: 512
 Card Set container configuration: InlinePtr #cards 4 size 8 Array Of Cards #cards 16 size 48 Howl #buckets 8 coarsen threshold 3686 Howl Bitmap #cards 512 size 80 coarsen threshold 460 Card regions per heap region 1 cards per card region 4096
 CPUs: 16 total, 16 available
 Memory: 16004M
 Large Page Support: Disabled
 NUMA Support: Disabled
 Compressed Oops: Enabled (Zero based)
 Heap Region Size: 2M
 Heap Min Capacity: 8M
 Heap Initial Capacity: 252M
 Heap Max Capacity: 4002M
 Pre-touch: Disabled
 Parallel Workers: 13
 Concurrent Workers: 3
 Concurrent Refinement Workers: 13
 Periodic GC: Disabled

Heap:
 garbage-first heap   total 55296K, used 16412K [0x0000000705e00000, 0x0000000800000000)
  region size 2048K, 2 young (4096K), 2 survivors (4096K)
 Metaspace       used 31255K, committed 31808K, reserved 1114112K
  class space    used 3852K, committed 4096K, reserved 1048576K

Heap Regions: E=young(eden), S=young(survivor), O=old, HS=humongous(starts), HC=humongous(continues), CS=collection set, F=free, OA=open archive, CA=closed archive, TAMS=top-at-mark-start (previous, next)
|   0|0x0000000705e00000, 0x0000000706000000, 0x0000000706000000|100%| O|  |TAMS 0x0000000706000000, 0x0000000705e00000| Untracked 
|   1|0x0000000706000000, 0x0000000706200000, 0x0000000706200000|100%| O|  |TAMS 0x0000000706200000, 0x0000000706000000| Untracked 
|   2|0x0000000706200000, 0x0000000706400000, 0x0000000706400000|100%| O|  |TAMS 0x0000000706400000, 0x0000000706200000| Untracked 
|   3|0x0000000706400000, 0x0000000706400000, 0x0000000706600000|  0%| F|  |TAMS 0x0000000706400000, 0x0000000706400000| Untracked 
|   4|0x0000000706600000, 0x0000000706800000, 0x0000000706800000|100%| O|  |TAMS 0x0000000706600000, 0x0000000706600000| Untracked 
|   5|0x0000000706800000, 0x0000000706a00000, 0x0000000706a00000|100%| O|  |TAMS 0x0000000706800000, 0x0000000706800000| Untracked 
|   6|0x0000000706a00000, 0x0000000706c00000, 0x0000000706c00000|100%| O|  |TAMS 0x0000000706a00000, 0x0000000706a00000| Untracked 
|   7|0x0000000706c00000, 0x0000000706cb9400, 0x0000000706e00000| 36%| O|  |TAMS 0x0000000706c00000, 0x0000000706c00000| Untracked 
|   8|0x0000000706e00000, 0x0000000706e00000, 0x0000000707000000|  0%| F|  |TAMS 0x0000000706e00000, 0x0000000706e00000| Untracked 
|   9|0x0000000707000000, 0x0000000707000000, 0x0000000707200000|  0%| F|  |TAMS 0x0000000707000000, 0x0000000707000000| Untracked 
|  10|0x0000000707200000, 0x0000000707200000, 0x0000000707400000|  0%| F|  |TAMS 0x0000000707200000, 0x0000000707200000| Untracked 
|  11|0x0000000707400000, 0x0000000707400000, 0x0000000707600000|  0%| F|  |TAMS 0x0000000707400000, 0x0000000707400000| Untracked 
|  12|0x0000000707600000, 0x0000000707600000, 0x0000000707800000|  0%| F|  |TAMS 0x0000000707600000, 0x0000000707600000| Untracked 
|  13|0x0000000707800000, 0x000000070794dee8, 0x0000000707a00000| 65%| S|CS|TAMS 0x0000000707800000, 0x0000000707800000| Complete 
|  14|0x0000000707a00000, 0x0000000707c00000, 0x0000000707c00000|100%| S|CS|TAMS 0x0000000707a00000, 0x0000000707a00000| Complete 
|  15|0x0000000707c00000, 0x0000000707c00000, 0x0000000707e00000|  0%| F|  |TAMS 0x0000000707c00000, 0x0000000707c00000| Untracked 
|  16|0x0000000707e00000, 0x0000000707e00000, 0x0000000708000000|  0%| F|  |TAMS 0x0000000707e00000, 0x0000000707e00000| Untracked 
|  17|0x0000000708000000, 0x0000000708000000, 0x0000000708200000|  0%| F|  |TAMS 0x0000000708000000, 0x0000000708000000| Untracked 
|  18|0x0000000708200000, 0x0000000708200000, 0x0000000708400000|  0%| F|  |TAMS 0x0000000708200000, 0x0000000708200000| Untracked 
|  19|0x0000000708400000, 0x0000000708400000, 0x0000000708600000|  0%| F|  |TAMS 0x0000000708400000, 0x0000000708400000| Untracked 
|  20|0x0000000708600000, 0x0000000708600000, 0x0000000708800000|  0%| F|  |TAMS 0x0000000708600000, 0x0000000708600000| Untracked 
|  21|0x0000000708800000, 0x0000000708800000, 0x0000000708a00000|  0%| F|  |TAMS 0x0000000708800000, 0x0000000708800000| Untracked 
|  22|0x0000000708a00000, 0x0000000708a00000, 0x0000000708c00000|  0%| F|  |TAMS 0x0000000708a00000, 0x0000000708a00000| Untracked 
|  98|0x0000000712200000, 0x0000000712200000, 0x0000000712400000|  0%| F|  |TAMS 0x0000000712200000, 0x0000000712200000| Untracked 
|  99|0x0000000712400000, 0x0000000712400000, 0x0000000712600000|  0%| F|  |TAMS 0x0000000712400000, 0x0000000712400000| Untracked 
| 100|0x0000000712600000, 0x0000000712600000, 0x0000000712800000|  0%| F|  |TAMS 0x0000000712600000, 0x0000000712600000| Untracked 
| 125|0x0000000715800000, 0x0000000715800000, 0x0000000715a00000|  0%| F|  |TAMS 0x0000000715800000, 0x0000000715800000| Untracked 

Card table byte_map: [0x000002546ac00000,0x000002546b3e0000] _byte_map_base: 0x00000254673d1000

Marking Bits (Prev, Next): (CMBitMap*) 0x0000025452cb32c0, (CMBitMap*) 0x0000025452cb3280
 Prev Bits: [0x000002546fa50000, 0x00000254738d8000)
 Next Bits: [0x000002546bbc0000, 0x000002546fa48000)

Polling page: 0x0000025450ba0000

Metaspace:

Usage:
  Non-class:     26.76 MB used.
      Class:      3.76 MB used.
       Both:     30.52 MB used.

Virtual space:
  Non-class space:       64.00 MB reserved,      27.06 MB ( 42%) committed,  1 nodes.
      Class space:        1.00 GB reserved,       4.00 MB ( <1%) committed,  1 nodes.
             Both:        1.06 GB reserved,      31.06 MB (  3%) committed. 

Chunk freelists:
   Non-Class:  639.00 KB
       Class:  3.85 MB
        Both:  4.47 MB

MaxMetaspaceSize: unlimited
CompressedClassSpaceSize: 1.00 GB
Initial GC threshold: 21.00 MB
Current GC threshold: 35.12 MB
CDS: on
MetaspaceReclaimPolicy: balanced
 - commit_granule_bytes: 65536.
 - commit_granule_words: 8192.
 - virtual_space_node_default_size: 8388608.
 - enlarge_chunks_in_place: 1.
 - new_chunks_are_fully_committed: 0.
 - uncommit_free_chunks: 1.
 - use_allocation_guard: 0.


Internal statistics:

num_allocs_failed_limit: 3.
num_arena_births: 606.
num_arena_deaths: 0.
num_vsnodes_births: 2.
num_vsnodes_deaths: 0.
num_space_committed: 497.
num_space_uncommitted: 0.
num_chunks_returned_to_freelist: 3.
num_chunks_taken_from_freelist: 1720.
num_chunk_merges: 3.
num_chunk_splits: 1211.
num_chunks_enlarged: 934.
num_inconsistent_stats: 0.

CodeHeap 'non-profiled nmethods': size=119168Kb used=2601Kb max_used=2601Kb free=116566Kb
 bounds [0x0000025462740000, 0x00000254629d0000, 0x0000025469ba0000]
CodeHeap 'profiled nmethods': size=119104Kb used=10090Kb max_used=10090Kb free=109013Kb
 bounds [0x000002545aba0000, 0x000002545b580000, 0x0000025461ff0000]
CodeHeap 'non-nmethods': size=7488Kb used=2998Kb max_used=3065Kb free=4489Kb
 bounds [0x0000025461ff0000, 0x0000025462300000, 0x0000025462740000]
 total_blobs=5159 nmethods=4630 adapters=435
 compilation: enabled
              stopped_count=0, restarted_count=0
 full_count=0

Compilation events (20 events):
Event: 2.227 Thread 0x000002547ca87150 4482       4       java.util.HashSet::contains (9 bytes)
Event: 2.234 Thread 0x000002547acb3680 4627       3       java.util.LinkedHashMap::get (29 bytes)
Event: 2.235 Thread 0x000002547acb3680 nmethod 4627 0x000002545b579a10 code [0x000002545b579be0, 0x000002545b579e98]
Event: 2.240 Thread 0x000002547ca87150 nmethod 4482 0x000002546299d910 code [0x000002546299db20, 0x000002546299e1d0]
Event: 2.241 Thread 0x000002547ca87150 4584       4       org.springframework.core.annotation.RepeatableContainers::none (4 bytes)
Event: 2.242 Thread 0x000002547ca87150 nmethod 4584 0x000002546299e690 code [0x000002546299e800, 0x000002546299e858]
Event: 2.243 Thread 0x000002547b093ec0 nmethod 4408 0x0000025462991790 code [0x0000025462991fa0, 0x000002546299a898]
Event: 2.246 Thread 0x000002547ca87150 4628       4       jdk.internal.ref.CleanerImpl$PhantomCleanableRef::performCleanup (10 bytes)
Event: 2.248 Thread 0x000002547ca87150 nmethod 4628 0x000002546299e990 code [0x000002546299eb20, 0x000002546299ebb8]
Event: 2.263 Thread 0x000002547acb3680 4629       1       java.lang.reflect.Method::getMethodAccessor (5 bytes)
Event: 2.264 Thread 0x000002547acb3680 nmethod 4629 0x000002546299ec90 code [0x000002546299ee20, 0x000002546299eef8]
Event: 2.264 Thread 0x000002547689acc0 4630       3       java.lang.reflect.Method::setMethodAccessor (20 bytes)
Event: 2.264 Thread 0x000002547689acc0 nmethod 4630 0x000002545b579f90 code [0x000002545b57a140, 0x000002545b57a428]
Event: 2.265 Thread 0x000002547b17da10 4631       3       java.lang.invoke.LambdaFormBuffer::replaceName (124 bytes)
Event: 2.266 Thread 0x000002547b17da10 nmethod 4631 0x000002545b57a510 code [0x000002545b57a6c0, 0x000002545b57a888]
Event: 2.270 Thread 0x0000025476892730 nmethod 4322 0x000002546299ef90 code [0x000002546299f740, 0x00000254629a7610]
Event: 2.274 Thread 0x000002547d771290 nmethod 4549 0x00000254629ab090 code [0x00000254629ab360, 0x00000254629ace60]
Event: 2.275 Thread 0x000002547ce1e1c0 nmethod 4548 0x00000254629adf90 code [0x00000254629ae280, 0x00000254629afea8]
Event: 2.323 Thread 0x000002547ae8c4e0 nmethod 4483 0x00000254629b1410 code [0x00000254629b1f20, 0x00000254629b9fe8]
Event: 2.351 Thread 0x000002547c29ff80 nmethod 4146 0x00000254629beb90 code [0x00000254629bf300, 0x00000254629c6d80]

GC Heap History (13 events):
Event: 0.354 GC heap before
{Heap before GC invocations=0 (full 0):
 garbage-first heap   total 258048K, used 22528K [0x0000000705e00000, 0x0000000800000000)
  region size 2048K, 11 young (22528K), 0 survivors (0K)
 Metaspace       used 4278K, committed 4480K, reserved 1114112K
  class space    used 475K, committed 576K, reserved 1048576K
}
Event: 0.359 GC heap after
{Heap after GC invocations=1 (full 0):
 garbage-first heap   total 258048K, used 6352K [0x0000000705e00000, 0x0000000800000000)
  region size 2048K, 2 young (4096K), 2 survivors (4096K)
 Metaspace       used 4278K, committed 4480K, reserved 1114112K
  class space    used 475K, committed 576K, reserved 1048576K
}
Event: 0.823 GC heap before
{Heap before GC invocations=1 (full 0):
 garbage-first heap   total 258048K, used 32976K [0x0000000705e00000, 0x0000000800000000)
  region size 2048K, 16 young (32768K), 2 survivors (4096K)
 Metaspace       used 12218K, committed 12480K, reserved 1114112K
  class space    used 1506K, committed 1664K, reserved 1048576K
}
Event: 0.828 GC heap after
{Heap after GC invocations=2 (full 0):
 garbage-first heap   total 258048K, used 8954K [0x0000000705e00000, 0x0000000800000000)
  region size 2048K, 2 young (4096K), 2 survivors (4096K)
 Metaspace       used 12218K, committed 12480K, reserved 1114112K
  class space    used 1506K, committed 1664K, reserved 1048576K
}
Event: 1.266 GC heap before
{Heap before GC invocations=2 (full 0):
 garbage-first heap   total 258048K, used 54010K [0x0000000705e00000, 0x0000000800000000)
  region size 2048K, 25 young (51200K), 2 survivors (4096K)
 Metaspace       used 21234K, committed 21504K, reserved 1114112K
  class space    used 2618K, committed 2752K, reserved 1048576K
}
Event: 1.270 GC heap after
{Heap after GC invocations=3 (full 0):
 garbage-first heap   total 258048K, used 11514K [0x0000000705e00000, 0x0000000800000000)
  region size 2048K, 3 young (6144K), 3 survivors (6144K)
 Metaspace       used 21234K, committed 21504K, reserved 1114112K
  class space    used 2618K, committed 2752K, reserved 1048576K
}
Event: 1.603 GC heap before
{Heap before GC invocations=4 (full 0):
 garbage-first heap   total 55296K, used 38138K [0x0000000705e00000, 0x0000000800000000)
  region size 2048K, 16 young (32768K), 3 survivors (6144K)
 Metaspace       used 26197K, committed 26560K, reserved 1114112K
  class space    used 3218K, committed 3392K, reserved 1048576K
}
Event: 1.606 GC heap after
{Heap after GC invocations=5 (full 0):
 garbage-first heap   total 55296K, used 13415K [0x0000000705e00000, 0x0000000800000000)
  region size 2048K, 2 young (4096K), 2 survivors (4096K)
 Metaspace       used 26197K, committed 26560K, reserved 1114112K
  class space    used 3218K, committed 3392K, reserved 1048576K
}
Event: 1.622 GC heap before
{Heap before GC invocations=5 (full 0):
 garbage-first heap   total 55296K, used 15463K [0x0000000705e00000, 0x0000000800000000)
  region size 2048K, 3 young (6144K), 2 survivors (4096K)
 Metaspace       used 26485K, committed 26816K, reserved 1114112K
  class space    used 3239K, committed 3392K, reserved 1048576K
}
Event: 1.624 GC heap after
{Heap after GC invocations=6 (full 0):
 garbage-first heap   total 55296K, used 13662K [0x0000000705e00000, 0x0000000800000000)
  region size 2048K, 1 young (2048K), 1 survivors (2048K)
 Metaspace       used 26485K, committed 26816K, reserved 1114112K
  class space    used 3239K, committed 3392K, reserved 1048576K
}
Event: 1.865 GC heap before
{Heap before GC invocations=6 (full 0):
 garbage-first heap   total 55296K, used 34142K [0x0000000705e00000, 0x0000000800000000)
  region size 2048K, 11 young (22528K), 1 survivors (2048K)
 Metaspace       used 28513K, committed 28928K, reserved 1114112K
  class space    used 3499K, committed 3648K, reserved 1048576K
}
Event: 1.868 GC heap after
{Heap after GC invocations=7 (full 0):
 garbage-first heap   total 55296K, used 14816K [0x0000000705e00000, 0x0000000800000000)
  region size 2048K, 1 young (2048K), 1 survivors (2048K)
 Metaspace       used 28513K, committed 28928K, reserved 1114112K
  class space    used 3499K, committed 3648K, reserved 1048576K
}
Event: 2.599 GC heap before
{Heap before GC invocations=7 (full 0):
 garbage-first heap   total 55296K, used 35296K [0x0000000705e00000, 0x0000000800000000)
  region size 2048K, 12 young (24576K), 1 survivors (2048K)
 Metaspace       used 31255K, committed 31808K, reserved 1114112K
  class space    used 3852K, committed 4096K, reserved 1048576K
}

Dll operation events (12 events):
Event: 0.004 Loaded shared library C:\Program Files\Java\jdk-19\bin\java.dll
Event: 0.012 Loaded shared library C:\Program Files\Java\jdk-19\bin\jsvml.dll
Event: 0.045 Loaded shared library C:\Program Files\Java\jdk-19\bin\net.dll
Event: 0.046 Loaded shared library C:\Program Files\Java\jdk-19\bin\nio.dll
Event: 0.048 Loaded shared library C:\Program Files\Java\jdk-19\bin\zip.dll
Event: 0.086 Loaded shared library C:\Program Files\Java\jdk-19\bin\management.dll
Event: 0.092 Loaded shared library C:\Program Files\Java\jdk-19\bin\management_ext.dll
Event: 0.131 Loaded shared library C:\Program Files\Java\jdk-19\bin\jimage.dll
Event: 2.248 Loaded shared library C:\Program Files\Java\jdk-19\bin\verify.dll
Event: 2.596 Loaded shared library C:\Program Files\Java\jdk-19\bin\instrument.dll
Event: 2.597 Loaded shared library C:\Program Files\Java\jdk-19\bin\zip.dll
Event: 2.598 Loaded shared library C:\Program Files\Java\jdk-19\bin\instrument.dll

Deoptimization events (20 events):
Event: 2.207 Thread 0x0000025450aaea30 Uncommon trap: trap_request=0xffffffde fr.pc=0x0000025462912d20 relative=0x0000000000000860
Event: 2.207 Thread 0x0000025450aaea30 Uncommon trap: reason=class_check action=maybe_recompile pc=0x0000025462912d20 method=java.util.Collections$SynchronizedMap.get(Ljava/lang/Object;)Ljava/lang/Object; @ 12 c2
Event: 2.207 Thread 0x0000025450aaea30 DEOPT PACKING pc=0x0000025462912d20 sp=0x0000006eaa2fc810
Event: 2.207 Thread 0x0000025450aaea30 DEOPT UNPACKING pc=0x0000025462056da3 sp=0x0000006eaa2fc808 mode 2
Event: 2.222 Thread 0x0000025450aaea30 Uncommon trap: trap_request=0xffffffde fr.pc=0x0000025462912d20 relative=0x0000000000000860
Event: 2.222 Thread 0x0000025450aaea30 Uncommon trap: reason=class_check action=maybe_recompile pc=0x0000025462912d20 method=java.util.Collections$SynchronizedMap.get(Ljava/lang/Object;)Ljava/lang/Object; @ 12 c2
Event: 2.222 Thread 0x0000025450aaea30 DEOPT PACKING pc=0x0000025462912d20 sp=0x0000006eaa2fcf40
Event: 2.222 Thread 0x0000025450aaea30 DEOPT UNPACKING pc=0x0000025462056da3 sp=0x0000006eaa2fcf38 mode 2
Event: 2.223 Thread 0x0000025450aaea30 Uncommon trap: trap_request=0xffffffde fr.pc=0x0000025462912d20 relative=0x0000000000000860
Event: 2.223 Thread 0x0000025450aaea30 Uncommon trap: reason=class_check action=maybe_recompile pc=0x0000025462912d20 method=java.util.Collections$SynchronizedMap.get(Ljava/lang/Object;)Ljava/lang/Object; @ 12 c2
Event: 2.223 Thread 0x0000025450aaea30 DEOPT PACKING pc=0x0000025462912d20 sp=0x0000006eaa2fcfa0
Event: 2.223 Thread 0x0000025450aaea30 DEOPT UNPACKING pc=0x0000025462056da3 sp=0x0000006eaa2fcf98 mode 2
Event: 2.272 Thread 0x0000025450aaea30 Uncommon trap: trap_request=0xffffffde fr.pc=0x0000025462822f30 relative=0x0000000000001990
Event: 2.272 Thread 0x0000025450aaea30 Uncommon trap: reason=class_check action=maybe_recompile pc=0x0000025462822f30 method=java.util.zip.InflaterInputStream.read([BII)I @ 84 c2
Event: 2.272 Thread 0x0000025450aaea30 DEOPT PACKING pc=0x0000025462822f30 sp=0x0000006eaa2f9f00
Event: 2.272 Thread 0x0000025450aaea30 DEOPT UNPACKING pc=0x0000025462056da3 sp=0x0000006eaa2f9f50 mode 2
Event: 2.272 Thread 0x0000025450aaea30 Uncommon trap: trap_request=0xffffffde fr.pc=0x0000025462822f30 relative=0x0000000000001990
Event: 2.272 Thread 0x0000025450aaea30 Uncommon trap: reason=class_check action=maybe_recompile pc=0x0000025462822f30 method=java.util.zip.InflaterInputStream.read([BII)I @ 84 c2
Event: 2.272 Thread 0x0000025450aaea30 DEOPT PACKING pc=0x0000025462822f30 sp=0x0000006eaa2f9f00
Event: 2.272 Thread 0x0000025450aaea30 DEOPT UNPACKING pc=0x0000025462056da3 sp=0x0000006eaa2f9f50 mode 2

Classes loaded (20 events):
Event: 2.273 Loading class java/lang/ProcessBuilder
Event: 2.274 Loading class java/lang/ProcessBuilder done
Event: 2.274 Loading class java/lang/ProcessImpl
Event: 2.274 Loading class java/lang/Process
Event: 2.274 Loading class java/lang/Process done
Event: 2.274 Loading class java/lang/ProcessImpl done
Event: 2.282 Loading class java/lang/ProcessImpl$2
Event: 2.282 Loading class java/lang/ProcessImpl$2 done
Event: 2.282 Loading class java/lang/Process$PipeInputStream
Event: 2.282 Loading class java/lang/Process$PipeInputStream done
Event: 2.282 Loading class jdk/internal/event/ProcessStartEvent
Event: 2.282 Loading class jdk/internal/event/Event
Event: 2.282 Loading class jdk/internal/event/Event done
Event: 2.282 Loading class jdk/internal/event/ProcessStartEvent done
Event: 2.598 Loading class sun/instrument/InstrumentationImpl
Event: 2.598 Loading class sun/instrument/InstrumentationImpl done
Event: 2.598 Loading class sun/instrument/TransformerManager
Event: 2.598 Loading class sun/instrument/TransformerManager done
Event: 2.598 Loading class sun/instrument/TransformerManager$TransformerInfo
Event: 2.598 Loading class sun/instrument/TransformerManager$TransformerInfo done

Classes unloaded (0 events):
No events

Classes redefined (0 events):
No events

Internal exceptions (20 events):
Event: 1.531 Thread 0x0000025450aaea30 Exception <a 'java/lang/ArrayIndexOutOfBoundsException'{0x0000000707951720}: Index 22 out of bounds for length 22> (0x0000000707951720) 
thrown [s\open\src\hotspot\share\interpreter\interpreterRuntime.cpp, line 432]
Event: 1.642 Thread 0x0000025450aaea30 Implicit null exception at 0x00000254628ae8ec to 0x00000254628af2b0
Event: 1.642 Thread 0x0000025450aaea30 Exception <a 'java/lang/NoSuchMethodError'{0x0000000712460be0}: 'java.lang.reflect.Field[] java.lang.Class.getDeclaredFields(java.lang.Class)'> (0x0000000712460be0) 
thrown [s\open\src\hotspot\share\interpreter\linkResolver.cpp, line 774]
Event: 1.660 Thread 0x0000025450aaea30 Exception <a 'java/lang/NoSuchMethodError'{0x000000071256bf90}: 'java.lang.Object java.lang.invoke.DirectMethodHandle$Holder.invokeVirtual(java.lang.Object, java.lang.Object, java.lang.Object, java.lang.Object, java.lang.Object)'> (0x000000071256bf90) 
thrown [s\open\src\hotspot\share\interpreter\linkResolver.cpp, line 774]
Event: 1.712 Thread 0x0000025450aaea30 Exception <a 'java/lang/NoSuchMethodError'{0x0000000708ab4028}: 'java.lang.Object java.lang.invoke.DirectMethodHandle$Holder.invokeVirtual(java.lang.Object, java.lang.Object, java.lang.Object, java.lang.Object, java.lang.Object, java.lang.Object)'> (0x0000000708ab4028) 
thrown [s\open\src\hotspot\share\interpreter\linkResolver.cpp, line 774]
Event: 1.723 Thread 0x0000025450aaea30 Exception <a 'java/lang/NoSuchMethodError'{0x0000000708b59af8}: 'void java.lang.invoke.DirectMethodHandle$Holder.invokeInterface(java.lang.Object, java.lang.Object, int)'> (0x0000000708b59af8) 
thrown [s\open\src\hotspot\share\interpreter\linkResolver.cpp, line 774]
Event: 1.725 Thread 0x0000025450aaea30 Exception <a 'java/lang/IncompatibleClassChangeError'{0x0000000708baa330}: Found class java.lang.Object, but interface was expected> (0x0000000708baa330) 
thrown [s\open\src\hotspot\share\interpreter\linkResolver.cpp, line 841]
Event: 1.726 Thread 0x0000025450aaea30 Exception <a 'java/lang/NoSuchMethodError'{0x0000000708bbb610}: 'int java.lang.invoke.DirectMethodHandle$Holder.invokeSpecialIFC(java.lang.Object, java.lang.Object, java.lang.Object)'> (0x0000000708bbb610) 
thrown [s\open\src\hotspot\share\interpreter\linkResolver.cpp, line 774]
Event: 1.726 Thread 0x0000025450aaea30 Exception <a 'java/lang/NoSuchMethodError'{0x0000000708bc8d88}: 'void java.lang.invoke.DirectMethodHandle$Holder.invokeStatic(java.lang.Object, int, java.lang.Object)'> (0x0000000708bc8d88) 
thrown [s\open\src\hotspot\share\interpreter\linkResolver.cpp, line 774]
Event: 1.802 Thread 0x0000025450aaea30 Exception <a 'java/lang/NoSuchMethodError'{0x00000007082c0428}: 'java.lang.Object java.lang.invoke.DirectMethodHandle$Holder.newInvokeSpecial(java.lang.Object, java.lang.Object, java.lang.Object, java.lang.Object, java.lang.Object, java.lang.Object, java.lang.Object, java.lang.Object)'> (0x00000007082c0428) 
thrown [s\open\src\hotspot\share\interpreter\linkResolver.cpp, line 774]
Event: 1.883 Thread 0x0000025450aaea30 Exception <a 'java/lang/NoSuchMethodError'{0x000000071588c160}: 'void java.lang.invoke.DirectMethodHandle$Holder.invokeVirtual(java.lang.Object, java.lang.Object, long)'> (0x000000071588c160) 
thrown [s\open\src\hotspot\share\interpreter\linkResolver.cpp, line 774]
Event: 2.016 Thread 0x0000025450aaea30 Exception <a 'java/lang/IncompatibleClassChangeError'{0x0000000708ba76a8}: Found class java.lang.Object, but interface was expected> (0x0000000708ba76a8) 
thrown [s\open\src\hotspot\share\interpreter\linkResolver.cpp, line 841]
Event: 2.056 Thread 0x0000025450aaea30 Exception <a 'java/lang/NoSuchMethodError'{0x000000070896ac00}: 'int java.lang.invoke.DirectMethodHandle$Holder.invokeStaticInit(java.lang.Object, java.lang.Object, java.lang.Object, java.lang.Object)'> (0x000000070896ac00) 
thrown [s\open\src\hotspot\share\interpreter\linkResolver.cpp, line 774]
Event: 2.166 Thread 0x0000025450aaea30 Exception <a 'java/lang/NoSuchMethodError'{0x0000000708118000}: 'java.lang.Object java.lang.invoke.DirectMethodHandle$Holder.newInvokeSpecial(java.lang.Object, java.lang.Object, int, java.lang.Object, java.lang.Object)'> (0x0000000708118000) 
thrown [s\open\src\hotspot\share\interpreter\linkResolver.cpp, line 774]
Event: 2.166 Thread 0x0000025450aaea30 Exception <a 'java/lang/NoSuchMethodError'{0x0000000708124128}: 'java.lang.Object java.lang.invoke.DirectMethodHandle$Holder.invokeSpecial(java.lang.Object, java.lang.Object, int, java.lang.Object, int, java.lang.Object)'> (0x0000000708124128) 
thrown [s\open\src\hotspot\share\interpreter\linkResolver.cpp, line 774]
Event: 2.167 Thread 0x0000025450aaea30 Exception <a 'java/lang/NoSuchMethodError'{0x000000070812c720}: 'java.lang.Object java.lang.invoke.DirectMethodHandle$Holder.newInvokeSpecial(java.lang.Object, java.lang.Object, int, java.lang.Object, int)'> (0x000000070812c720) 
thrown [s\open\src\hotspot\share\interpreter\linkResolver.cpp, line 774]
Event: 2.167 Thread 0x0000025450aaea30 Exception <a 'java/lang/NoSuchMethodError'{0x0000000708130d98}: 'java.lang.Object java.lang.invoke.DirectMethodHandle$Holder.invokeSpecial(java.lang.Object, java.lang.Object, java.lang.Object, int, java.lang.Object, int)'> (0x0000000708130d98) 
thrown [s\open\src\hotspot\share\interpreter\linkResolver.cpp, line 774]
Event: 2.254 Thread 0x0000025450aaea30 Exception <a 'java/lang/NoSuchMethodError'{0x0000000707f7ae68}: method resolution failed> (0x0000000707f7ae68) 
thrown [s\open\src\hotspot\share\prims\methodHandles.cpp, line 1268]
Event: 2.265 Thread 0x0000025450aaea30 Exception <a 'java/lang/NoSuchMethodError'{0x0000000707fb57d8}: 'long java.lang.invoke.DelegatingMethodHandle$Holder.reinvoke_L(java.lang.Object, java.lang.Object)'> (0x0000000707fb57d8) 
thrown [s\open\src\hotspot\share\interpreter\linkResolver.cpp, line 774]
Event: 2.281 Thread 0x0000025450aaea30 Exception <a 'java/lang/NoSuchMethodError'{0x0000000707fdb2a0}: 'void java.lang.invoke.DirectMethodHandle$Holder.invokeStatic(java.lang.Object, long)'> (0x0000000707fdb2a0) 
thrown [s\open\src\hotspot\share\interpreter\linkResolver.cpp, line 774]

VM Operations (20 events):
Event: 1.697 Executing VM operation: HandshakeAllThreads done
Event: 1.700 Executing VM operation: HandshakeAllThreads
Event: 1.700 Executing VM operation: HandshakeAllThreads done
Event: 1.757 Executing VM operation: HandshakeAllThreads
Event: 1.757 Executing VM operation: HandshakeAllThreads done
Event: 1.788 Executing VM operation: ICBufferFull
Event: 1.789 Executing VM operation: ICBufferFull done
Event: 1.853 Executing VM operation: HandshakeAllThreads
Event: 1.853 Executing VM operation: HandshakeAllThreads done
Event: 1.865 Executing VM operation: G1CollectForAllocation
Event: 1.868 Executing VM operation: G1CollectForAllocation done
Event: 1.903 Executing VM operation: HandshakeAllThreads
Event: 1.903 Executing VM operation: HandshakeAllThreads done
Event: 1.904 Executing VM operation: HandshakeAllThreads
Event: 1.904 Executing VM operation: HandshakeAllThreads done
Event: 1.992 Executing VM operation: HandshakeAllThreads
Event: 1.992 Executing VM operation: HandshakeAllThreads done
Event: 2.140 Executing VM operation: ICBufferFull
Event: 2.140 Executing VM operation: ICBufferFull done
Event: 2.599 Executing VM operation: G1CollectForAllocation

Events (20 events):
Event: 0.028 Thread 0x0000025476892730 Thread added: 0x0000025476892730
Event: 0.028 Thread 0x000002547689acc0 Thread added: 0x000002547689acc0
Event: 0.029 Thread 0x00000254768ae240 Thread added: 0x00000254768ae240
Event: 0.032 Thread 0x000002547acb3680 Thread added: 0x000002547acb3680
Event: 0.041 Thread 0x000002547ad91580 Thread added: 0x000002547ad91580
Event: 0.043 Thread 0x000002547ad93f30 Thread added: 0x000002547ad93f30
Event: 0.143 Thread 0x000002547ae8c4e0 Thread added: 0x000002547ae8c4e0
Event: 0.148 Thread 0x000002547b093ec0 Thread added: 0x000002547b093ec0
Event: 0.176 Thread 0x000002547b058820 Thread added: 0x000002547b058820
Event: 0.183 Thread 0x000002547b3176f0 Thread added: 0x000002547b3176f0
Event: 0.200 Thread 0x000002547b17da10 Thread added: 0x000002547b17da10
Event: 0.201 Thread 0x000002547b17df90 Thread added: 0x000002547b17df90
Event: 0.915 Thread 0x000002547c7ce700 Thread added: 0x000002547c7ce700
Event: 1.049 Thread 0x000002547c7ce700 Thread exited: 0x000002547c7ce700
Event: 1.074 Thread 0x000002547bd2bd70 Thread added: 0x000002547bd2bd70
Event: 1.083 Thread 0x000002547bd2bd70 Thread exited: 0x000002547bd2bd70
Event: 1.760 Thread 0x000002547ce1e1c0 Thread added: 0x000002547ce1e1c0
Event: 1.762 Thread 0x000002547d771290 Thread added: 0x000002547d771290
Event: 1.764 Thread 0x000002547c29ff80 Thread added: 0x000002547c29ff80
Event: 2.172 Thread 0x000002547ca87150 Thread added: 0x000002547ca87150


Dynamic libraries:
0x00007ff6a14f0000 - 0x00007ff6a1500000 	C:\Program Files\Java\jdk-19\bin\java.exe
0x00007ffaed9f0000 - 0x00007ffaedc07000 	C:\WINDOWS\SYSTEM32\ntdll.dll
0x00007ffaec630000 - 0x00007ffaec6f4000 	C:\WINDOWS\System32\KERNEL32.DLL
0x00007ffaeae60000 - 0x00007ffaeb21a000 	C:\WINDOWS\System32\KERNELBASE.dll
0x00007ffaeb2e0000 - 0x00007ffaeb3f1000 	C:\WINDOWS\System32\ucrtbase.dll
0x00007ffad9fd0000 - 0x00007ffad9feb000 	C:\Program Files\Java\jdk-19\bin\VCRUNTIME140.dll
0x00007ffada000000 - 0x00007ffada018000 	C:\Program Files\Java\jdk-19\bin\jli.dll
0x00007ffaecd70000 - 0x00007ffaece22000 	C:\WINDOWS\System32\ADVAPI32.dll
0x00007ffaeb860000 - 0x00007ffaeb907000 	C:\WINDOWS\System32\msvcrt.dll
0x00007ffaed010000 - 0x00007ffaed0b7000 	C:\WINDOWS\System32\sechost.dll
0x00007ffaeae30000 - 0x00007ffaeae58000 	C:\WINDOWS\System32\bcrypt.dll
0x00007ffaed630000 - 0x00007ffaed744000 	C:\WINDOWS\System32\RPCRT4.dll
0x00007ffaebb80000 - 0x00007ffaebd2e000 	C:\WINDOWS\System32\USER32.dll
0x00007ffad86a0000 - 0x00007ffad8932000 	C:\WINDOWS\WinSxS\amd64_microsoft.windows.common-controls_6595b64144ccf1df_6.0.22621.4541_none_2710d1c57384c085\COMCTL32.dll
0x00007ffaeb690000 - 0x00007ffaeb6b6000 	C:\WINDOWS\System32\win32u.dll
0x00007ffaed540000 - 0x00007ffaed569000 	C:\WINDOWS\System32\GDI32.dll
0x00007ffaead10000 - 0x00007ffaeae2b000 	C:\WINDOWS\System32\gdi32full.dll
0x00007ffae2650000 - 0x00007ffae265a000 	C:\WINDOWS\SYSTEM32\VERSION.dll
0x00007ffaeb400000 - 0x00007ffaeb49a000 	C:\WINDOWS\System32\msvcp_win.dll
0x00007ffaed5f0000 - 0x00007ffaed621000 	C:\WINDOWS\System32\IMM32.DLL
0x00007ffae5c20000 - 0x00007ffae5c2c000 	C:\Program Files\Java\jdk-19\bin\vcruntime140_1.dll
0x00007ffad8f80000 - 0x00007ffad900e000 	C:\Program Files\Java\jdk-19\bin\msvcp140.dll
0x00007ffa581c0000 - 0x00007ffa58e80000 	C:\Program Files\Java\jdk-19\bin\server\jvm.dll
0x00007ffae2c40000 - 0x00007ffae2c74000 	C:\WINDOWS\SYSTEM32\WINMM.dll
0x00007ffad8da0000 - 0x00007ffad8da9000 	C:\WINDOWS\SYSTEM32\WSOCK32.dll
0x00007ffaed570000 - 0x00007ffaed5e1000 	C:\WINDOWS\System32\WS2_32.dll
0x00007ffae9dc0000 - 0x00007ffae9dd8000 	C:\WINDOWS\SYSTEM32\kernel.appcore.dll
0x00007ffae4ef0000 - 0x00007ffae4efa000 	C:\Program Files\Java\jdk-19\bin\jimage.dll
0x00007ffae7f80000 - 0x00007ffae81b2000 	C:\WINDOWS\SYSTEM32\DBGHELP.DLL
0x00007ffaec770000 - 0x00007ffaecaff000 	C:\WINDOWS\System32\combase.dll
0x00007ffaeb780000 - 0x00007ffaeb857000 	C:\WINDOWS\System32\OLEAUT32.dll
0x00007ffadfd70000 - 0x00007ffadfda2000 	C:\WINDOWS\SYSTEM32\dbgcore.DLL
0x00007ffaeac90000 - 0x00007ffaead0b000 	C:\WINDOWS\System32\bcryptPrimitives.dll
0x00007ffad93b0000 - 0x00007ffad93d6000 	C:\Program Files\Java\jdk-19\bin\java.dll
0x00007ffad1d10000 - 0x00007ffad1de7000 	C:\Program Files\Java\jdk-19\bin\jsvml.dll
0x00007ffaebd30000 - 0x00007ffaec5a8000 	C:\WINDOWS\System32\SHELL32.dll
0x00007ffae8ba0000 - 0x00007ffae94a8000 	C:\WINDOWS\SYSTEM32\windows.storage.dll
0x00007ffae8a60000 - 0x00007ffae8b9f000 	C:\WINDOWS\SYSTEM32\wintypes.dll
0x00007ffaeba80000 - 0x00007ffaebb7a000 	C:\WINDOWS\System32\SHCORE.dll
0x00007ffaeccc0000 - 0x00007ffaecd1e000 	C:\WINDOWS\System32\shlwapi.dll
0x00007ffaeabc0000 - 0x00007ffaeabeb000 	C:\WINDOWS\SYSTEM32\profapi.dll
0x00007ffad8f60000 - 0x00007ffad8f73000 	C:\Program Files\Java\jdk-19\bin\net.dll
0x00007ffae66e0000 - 0x00007ffae6816000 	C:\WINDOWS\SYSTEM32\WINHTTP.dll
0x00007ffaea240000 - 0x00007ffaea2a9000 	C:\WINDOWS\system32\mswsock.dll
0x00007ffad8f40000 - 0x00007ffad8f56000 	C:\Program Files\Java\jdk-19\bin\nio.dll
0x00007ffad8f20000 - 0x00007ffad8f38000 	C:\Program Files\Java\jdk-19\bin\zip.dll
0x00007ffac8e90000 - 0x00007ffac8e9a000 	C:\Program Files\Java\jdk-19\bin\management.dll
0x00007ffac8900000 - 0x00007ffac890b000 	C:\Program Files\Java\jdk-19\bin\management_ext.dll
0x00007ffaeb6c0000 - 0x00007ffaeb6c8000 	C:\WINDOWS\System32\PSAPI.DLL
0x00007ffad8f10000 - 0x00007ffad8f20000 	C:\Program Files\Java\jdk-19\bin\verify.dll
0x00007ffacb8d0000 - 0x00007ffacb8de000 	C:\Program Files\Java\jdk-19\bin\instrument.dll

dbghelp: loaded successfully - version: 4.0.5 - missing functions: none
symbol engine: initialized successfully - sym options: 0x614 - pdb path: .;C:\Program Files\Java\jdk-19\bin;C:\WINDOWS\SYSTEM32;C:\WINDOWS\WinSxS\amd64_microsoft.windows.common-controls_6595b64144ccf1df_6.0.22621.4541_none_2710d1c57384c085;C:\Program Files\Java\jdk-19\bin\server

VM Arguments:
java_command: C:\Users\99293\AppData\Local\Temp\surefire10062865949110607024\surefirebooter-20241228182243669_3.jar C:\Users\99293\AppData\Local\Temp\surefire10062865949110607024 2024-12-28T18-22-43_539-jvmRun1 surefire-20241228182243669_1tmp surefire_0-20241228182243669_2tmp
java_class_path (initial): C:\Users\99293\AppData\Local\Temp\surefire10062865949110607024\surefirebooter-20241228182243669_3.jar
Launcher Type: SUN_STANDARD

[Global flags]
     intx CICompilerCount                          = 12                                        {product} {ergonomic}
     uint ConcGCThreads                            = 3                                         {product} {ergonomic}
     uint G1ConcRefinementThreads                  = 13                                        {product} {ergonomic}
   size_t G1HeapRegionSize                         = 2097152                                   {product} {ergonomic}
    uintx GCDrainStackTargetSize                   = 64                                        {product} {ergonomic}
   size_t InitialHeapSize                          = 264241152                                 {product} {ergonomic}
   size_t MarkStackSize                            = 4194304                                   {product} {ergonomic}
   size_t MaxHeapSize                              = 4196401152                                {product} {ergonomic}
   size_t MaxNewSize                               = 2516582400                                {product} {ergonomic}
   size_t MinHeapDeltaBytes                        = 2097152                                   {product} {ergonomic}
   size_t MinHeapSize                              = 8388608                                   {product} {ergonomic}
    uintx NonNMethodCodeHeapSize                   = 7602480                                {pd product} {ergonomic}
    uintx NonProfiledCodeHeapSize                  = 122027880                              {pd product} {ergonomic}
    uintx ProfiledCodeHeapSize                     = 122027880                              {pd product} {ergonomic}
    uintx ReservedCodeCacheSize                    = 251658240                              {pd product} {ergonomic}
     bool SegmentedCodeCache                       = true                                      {product} {ergonomic}
   size_t SoftMaxHeapSize                          = 4196401152                             {manageable} {ergonomic}
     bool UseCompressedClassPointers               = true                           {product lp64_product} {ergonomic}
     bool UseCompressedOops                        = true                           {product lp64_product} {ergonomic}
     bool UseG1GC                                  = true                                      {product} {ergonomic}
     bool UseLargePagesIndividualAllocation        = false                                  {pd product} {ergonomic}

Logging:
Log output configuration:
 #0: stdout all=warning uptime,level,tags foldmultilines=false
 #1: stderr all=off uptime,level,tags foldmultilines=false

Environment Variables:
JAVA_HOME=C:\Program Files\Java\jdk-19
PATH=C:\Program Files\Common Files\Oracle\Java\javapath;C:\Windows\system32;C:\Windows;C:\Windows\System32\Wbem;C:\Windows\System32\WindowsPowerShell\v1.0\;C:\Windows\System32\OpenSSH\;C:\Program Files (x86)\NVIDIA Corporation\PhysX\Common;C:\Program Files\NVIDIA Corporation\NVIDIA NvDLISR;C:\Program Files (x86)\dotnet\;C:\WINDOWS\system32;C:\WINDOWS;C:\WINDOWS\System32\Wbem;C:\WINDOWS\System32\WindowsPowerShell\v1.0\;C:\WINDOWS\System32\OpenSSH\;C:\Program Files\Java\jdk-19\bin;C:\Program Files\Git\cmd;C:\Users\99293\AppData\Local\Programs\Python\Python311\Scripts\;C:\Users\99293\AppData\Local\Programs\Python\Python311\;C:\Users\99293\AppData\Local\Microsoft\WindowsApps;;C:\Program Files\JetBrains\IntelliJ IDEA 2022.1.2\bin;;C:\Program Files\heroku\bin
USERNAME=ASUS
OS=Windows_NT
PROCESSOR_IDENTIFIER=Intel64 Family 6 Model 154 Stepping 3, GenuineIntel
TMP=C:\Users\99293\AppData\Local\Temp
TEMP=C:\Users\99293\AppData\Local\Temp



---------------  S Y S T E M  ---------------

OS:
 Windows 11 , 64 bit Build 22621 (10.0.22621.4391)
OS uptime: 5 days 22:12 hours
Hyper-V role detected

CPU: total 16 (initial active 16) (8 cores per cpu, 2 threads per core) family 6 model 154 stepping 3 microcode 0x429, cx8, cmov, fxsr, ht, mmx, 3dnowpref, sse, sse2, sse3, ssse3, sse4.1, sse4.2, popcnt, lzcnt, tsc, tscinvbit, avx, avx2, aes, erms, clmul, bmi1, bmi2, adx, sha, fma, vzeroupper, clflush, clflushopt, clwb, hv, serialize, rdtscp, rdpid, fsrm

Memory: 4k page, system-wide physical 16004M (1989M free)
TotalPageFile size 18052M (AvailPageFile size 6M)
current process WorkingSet (physical memory assigned to process): 204M, peak: 227M
current process commit charge ("private bytes"): 261M, peak: 422M

vm_info: Java HotSpot(TM) 64-Bit Server VM (19.0.2+7-44) for windows-amd64 JRE (19.0.2+7-44), built on 2022-11-30T18:02:09Z by "mach5one" with MS VC++ 17.1 (VS2022)

END.
