#
# There is insufficient memory for the Java Runtime Environment to continue.
# Native memory allocation (malloc) failed to allocate 32744 bytes for Chunk::new
# Possible reasons:
#   The system is out of physical RAM or swap space
#   The process is running with CompressedOops enabled, and the Java Heap may be blocking the growth of the native heap
# Possible solutions:
#   Reduce memory load on the system
#   Increase physical memory or swap space
#   Check if swap backing store is full
#   Decrease Java heap size (-Xmx/-Xms)
#   Decrease number of Java threads
#   Decrease Java thread stack sizes (-Xss)
#   Set larger code cache with -XX:ReservedCodeCacheSize=
#   JVM is running with Zero Based Compressed Oops mode in which the Java heap is
#     placed in the first 32GB address space. The Java Heap base address is the
#     maximum limit for the native heap growth. Please use -XX:HeapBaseMinAddress
#     to set the Java Heap base and to place the Java Heap above 32GB virtual address.
# This output file may be truncated or incomplete.
#
#  Out of Memory Error (arena.cpp:184), pid=16840, tid=16884
#
# JRE version: Java(TM) SE Runtime Environment (19.0.2+7) (build 19.0.2+7-44)
# Java VM: Java HotSpot(TM) 64-Bit Server VM (19.0.2+7-44, mixed mode, sharing, tiered, compressed oops, compressed class ptrs, g1 gc, windows-amd64)
# No core dump will be written. Minidumps are not enabled by default on client versions of Windows
#

---------------  S U M M A R Y ------------

Command Line: -Dmaven.multiModuleProjectDirectory=D:\website.citu-web -Dmaven.home=C:\Users\99293\.m2\wrapper\dists\apache-maven-3.9.3-bin\54p6kc7m0ap3os8bc4ge28ia2\apache-maven-3.9.3 -Dclassworlds.conf=C:\Users\99293\.m2\wrapper\dists\apache-maven-3.9.3-bin\54p6kc7m0ap3os8bc4ge28ia2\apache-maven-3.9.3\bin\m2.conf -Dmaven.ext.class.path=C:\Program Files\JetBrains\IntelliJ IDEA 2022.1.2\plugins\maven\lib\maven-event-listener.jar -javaagent:C:\Program Files\JetBrains\IntelliJ IDEA 2022.1.2\lib\idea_rt.jar=64385:C:\Program Files\JetBrains\IntelliJ IDEA 2022.1.2\bin -Dfile.encoding=UTF-8 org.codehaus.classworlds.Launcher -Didea.version=2022.1.2 package

Host: 12th Gen Intel(R) Core(TM) i7-12650H, 16 cores, 15G,  Windows 11 , 64 bit Build 22621 (10.0.22621.4391)
Time: Thu Dec 19 22:05:58 2024  Windows 11 , 64 bit Build 22621 (10.0.22621.4391) elapsed time: 5.186838 seconds (0d 0h 0m 5s)

---------------  T H R E A D  ---------------

Current thread (0x00000192cf9d4c20):  JavaThread "C2 CompilerThread3" daemon [_thread_in_native, id=16884, stack(0x0000007dbd700000,0x0000007dbd800000)]


Current CompileTask:
C2:   5186 10282       4       org.codehaus.plexus.classworlds.realm.ClassRealm::loadClass (7 bytes)

Stack: [0x0000007dbd700000,0x0000007dbd800000]
Native frames: (J=compiled Java code, j=interpreted, Vv=VM code, C=native code)
V  [jvm.dll+0x6ee21a]
V  [jvm.dll+0x85765e]
V  [jvm.dll+0x85904e]
V  [jvm.dll+0x859703]
V  [jvm.dll+0x28298f]
V  [jvm.dll+0xc9adf]
V  [jvm.dll+0xc9e65]
V  [jvm.dll+0xc9c04]
V  [jvm.dll+0x6cc6fc]
V  [jvm.dll+0x1eb14a]
V  [jvm.dll+0x1eb2b1]
V  [jvm.dll+0x1e83a5]
V  [jvm.dll+0x71721d]
V  [jvm.dll+0x715caa]
V  [jvm.dll+0x2554be]
V  [jvm.dll+0x24df0e]
V  [jvm.dll+0x24b673]
V  [jvm.dll+0x1d6ce1]
V  [jvm.dll+0x25b25a]
V  [jvm.dll+0x2596e8]
V  [jvm.dll+0x807588]
V  [jvm.dll+0x80125a]
V  [jvm.dll+0x6ecf0b]
C  [ucrtbase.dll+0x29333]
C  [KERNEL32.DLL+0x1259d]
C  [ntdll.dll+0x5af38]


---------------  P R O C E S S  ---------------

Threads class SMR info:
_java_thread_list=0x00000192d71cfb30, length=25, elements={
0x00000192a6effb80, 0x00000192cab6eca0, 0x00000192cab6fa90, 0x00000192cab72740,
0x00000192cab781a0, 0x00000192cab78e30, 0x00000192cab83780, 0x00000192cab84df0,
0x00000192cab85760, 0x00000192cab95430, 0x00000192cab9e4b0, 0x00000192cab463c0,
0x00000192cab46900, 0x00000192cee372c0, 0x00000192cee47f60, 0x00000192cef1b270,
0x00000192cef1b7b0, 0x00000192ceeec6d0, 0x00000192cf9d4c20, 0x00000192cfd87130,
0x00000192d311fe60, 0x00000192d3120900, 0x00000192d31218f0, 0x00000192d3122390,
0x00000192d31228e0
}

Java Threads: ( => current thread )
  0x00000192a6effb80 JavaThread "main" [_thread_in_native, id=20180, stack(0x0000007dbb600000,0x0000007dbb700000)]
  0x00000192cab6eca0 JavaThread "Reference Handler" daemon [_thread_blocked, id=5048, stack(0x0000007dbbd00000,0x0000007dbbe00000)]
  0x00000192cab6fa90 JavaThread "Finalizer" daemon [_thread_blocked, id=16704, stack(0x0000007dbbe00000,0x0000007dbbf00000)]
  0x00000192cab72740 JavaThread "Signal Dispatcher" daemon [_thread_blocked, id=13808, stack(0x0000007dbbf00000,0x0000007dbc000000)]
  0x00000192cab781a0 JavaThread "Attach Listener" daemon [_thread_blocked, id=13040, stack(0x0000007dbc000000,0x0000007dbc100000)]
  0x00000192cab78e30 JavaThread "Service Thread" daemon [_thread_blocked, id=23484, stack(0x0000007dbc100000,0x0000007dbc200000)]
  0x00000192cab83780 JavaThread "Monitor Deflation Thread" daemon [_thread_blocked, id=21508, stack(0x0000007dbc200000,0x0000007dbc300000)]
  0x00000192cab84df0 JavaThread "C2 CompilerThread0" daemon [_thread_in_native, id=22276, stack(0x0000007dbc300000,0x0000007dbc400000)]
  0x00000192cab85760 JavaThread "C1 CompilerThread0" daemon [_thread_blocked, id=15916, stack(0x0000007dbc400000,0x0000007dbc500000)]
  0x00000192cab95430 JavaThread "Sweeper thread" daemon [_thread_blocked, id=10868, stack(0x0000007dbc500000,0x0000007dbc600000)]
  0x00000192cab9e4b0 JavaThread "C1 CompilerThread1" daemon [_thread_blocked, id=15328, stack(0x0000007dbc600000,0x0000007dbc700000)]
  0x00000192cab463c0 JavaThread "Common-Cleaner" daemon [_thread_blocked, id=22592, stack(0x0000007dbc700000,0x0000007dbc800000)]
  0x00000192cab46900 JavaThread "C1 CompilerThread2" daemon [_thread_blocked, id=17028, stack(0x0000007dbc800000,0x0000007dbc900000)]
  0x00000192cee372c0 JavaThread "C1 CompilerThread3" daemon [_thread_blocked, id=21180, stack(0x0000007dbc900000,0x0000007dbca00000)]
  0x00000192cee47f60 JavaThread "C2 CompilerThread1" daemon [_thread_blocked, id=3096, stack(0x0000007dbca00000,0x0000007dbcb00000)]
  0x00000192cef1b270 JavaThread "Monitor Ctrl-Break" daemon [_thread_in_native, id=7800, stack(0x0000007dbcb00000,0x0000007dbcc00000)]
  0x00000192cef1b7b0 JavaThread "Notification Thread" daemon [_thread_blocked, id=21052, stack(0x0000007dbcc00000,0x0000007dbcd00000)]
  0x00000192ceeec6d0 JavaThread "C2 CompilerThread2" daemon [_thread_in_native, id=22128, stack(0x0000007dbd600000,0x0000007dbd700000)]
=>0x00000192cf9d4c20 JavaThread "C2 CompilerThread3" daemon [_thread_in_native, id=16884, stack(0x0000007dbd700000,0x0000007dbd800000)]
  0x00000192cfd87130 JavaThread "C2 CompilerThread4" daemon [_thread_blocked, id=23296, stack(0x0000007dbd800000,0x0000007dbd900000)]
  0x00000192d311fe60 JavaThread "timeout-check-timer" daemon [_thread_blocked, id=8816, stack(0x0000007dbe100000,0x0000007dbe200000)]
  0x00000192d3120900 JavaThread "ping-timer-10s" daemon [_thread_blocked, id=22216, stack(0x0000007dbe200000,0x0000007dbe300000)]
  0x00000192d31218f0 JavaThread "ThreadedStreamConsumer" daemon [_thread_blocked, id=14572, stack(0x0000007dbe300000,0x0000007dbe400000)]
  0x00000192d3122390 JavaThread "fork-1-err-thread" daemon [_thread_in_native, id=14620, stack(0x0000007dbe400000,0x0000007dbe500000)]
  0x00000192d31228e0 JavaThread "commands-fork-1" daemon [_thread_blocked, id=16668, stack(0x0000007dbe500000,0x0000007dbe600000)]

Other Threads:
  0x00000192cab55700 VMThread "VM Thread" [stack: 0x0000007dbbc00000,0x0000007dbbd00000] [id=3588]
  0x00000192cef1e990 WatcherThread "VM Periodic Task Thread" [stack: 0x0000007dbcd00000,0x0000007dbce00000] [id=20784]
  0x00000192a6f71730 WorkerThread "GC Thread#0" [stack: 0x0000007dbb700000,0x0000007dbb800000] [id=22920]
  0x00000192cf2cd840 WorkerThread "GC Thread#1" [stack: 0x0000007dbce00000,0x0000007dbcf00000] [id=15144]
  0x00000192cf2ce0b0 WorkerThread "GC Thread#2" [stack: 0x0000007dbcf00000,0x0000007dbd000000] [id=22288]
  0x00000192cf2ce920 WorkerThread "GC Thread#3" [stack: 0x0000007dbd000000,0x0000007dbd100000] [id=11404]
  0x00000192cf2cebf0 WorkerThread "GC Thread#4" [stack: 0x0000007dbd100000,0x0000007dbd200000] [id=7304]
  0x00000192cf2ccfd0 WorkerThread "GC Thread#5" [stack: 0x0000007dbd200000,0x0000007dbd300000] [id=2056]
  0x00000192cf2cd2a0 WorkerThread "GC Thread#6" [stack: 0x0000007dbd300000,0x0000007dbd400000] [id=22292]
  0x00000192cf2cd570 WorkerThread "GC Thread#7" [stack: 0x0000007dbd400000,0x0000007dbd500000] [id=17400]
  0x00000192cf2cdb10 WorkerThread "GC Thread#8" [stack: 0x0000007dbd500000,0x0000007dbd600000] [id=1504]
  0x00000192d1ea2240 WorkerThread "GC Thread#9" [stack: 0x0000007dbdc00000,0x0000007dbdd00000] [id=19728]
  0x00000192d1ea3b90 WorkerThread "GC Thread#10" [stack: 0x0000007dbdd00000,0x0000007dbde00000] [id=12528]
  0x00000192d1ea4f40 WorkerThread "GC Thread#11" [stack: 0x0000007dbda00000,0x0000007dbdb00000] [id=6908]
  0x00000192d1ea2ab0 WorkerThread "GC Thread#12" [stack: 0x0000007dbdb00000,0x0000007dbdc00000] [id=22992]
  0x00000192a6f820a0 ConcurrentGCThread "G1 Main Marker" [stack: 0x0000007dbb800000,0x0000007dbb900000] [id=6736]
  0x00000192a6f82ad0 WorkerThread "G1 Conc#0" [stack: 0x0000007dbb900000,0x0000007dbba00000] [id=12056]
  0x00000192d1ea2510 WorkerThread "G1 Conc#1" [stack: 0x0000007dbde00000,0x0000007dbdf00000] [id=23424]
  0x00000192d1ea4400 WorkerThread "G1 Conc#2" [stack: 0x0000007dbdf00000,0x0000007dbe000000] [id=21864]
  0x00000192caa13a90 ConcurrentGCThread "G1 Refine#0" [stack: 0x0000007dbba00000,0x0000007dbbb00000] [id=15492]
  0x00000192caa14280 ConcurrentGCThread "G1 Service" [stack: 0x0000007dbbb00000,0x0000007dbbc00000] [id=8752]

Threads with active compile tasks:
C2 CompilerThread0     5199 10029   !   4       java.lang.ClassLoader::loadClass (121 bytes)
C2 CompilerThread2     5199 10297   !   4       java.nio.CharBuffer::wrap (21 bytes)
C2 CompilerThread3     5199 10282       4       org.codehaus.plexus.classworlds.realm.ClassRealm::loadClass (7 bytes)

VM state: not at safepoint (normal execution)

VM Mutex/Monitor currently owned by a thread: None

OutOfMemory and StackOverflow Exception counts:
OutOfMemoryError java_heap_errors=1
LinkageErrors=81

Heap address: 0x0000000705e00000, size: 4002 MB, Compressed Oops mode: Zero based, Oop shift amount: 3

CDS archive(s) mapped at: [0x0000000800000000-0x0000000800c40000-0x0000000800c40000), size 12845056, SharedBaseAddress: 0x0000000800000000, ArchiveRelocationMode: 0.
Compressed class space mapped at: 0x0000000801000000-0x0000000841000000, reserved size: 1073741824
Narrow klass base: 0x0000000800000000, Narrow klass shift: 0, Narrow klass range: 0x100000000

GC Precious Log:
 CardTable entry size: 512
 Card Set container configuration: InlinePtr #cards 4 size 8 Array Of Cards #cards 16 size 48 Howl #buckets 8 coarsen threshold 3686 Howl Bitmap #cards 512 size 80 coarsen threshold 460 Card regions per heap region 1 cards per card region 4096
 CPUs: 16 total, 16 available
 Memory: 16004M
 Large Page Support: Disabled
 NUMA Support: Disabled
 Compressed Oops: Enabled (Zero based)
 Heap Region Size: 2M
 Heap Min Capacity: 8M
 Heap Initial Capacity: 252M
 Heap Max Capacity: 4002M
 Pre-touch: Disabled
 Parallel Workers: 13
 Concurrent Workers: 3
 Concurrent Refinement Workers: 13
 Periodic GC: Disabled

Heap:
 garbage-first heap   total 192512K, used 47307K [0x0000000705e00000, 0x0000000800000000)
  region size 2048K, 3 young (6144K), 1 survivors (2048K)
 Metaspace       used 35458K, committed 35968K, reserved 1114112K
  class space    used 3788K, committed 4032K, reserved 1048576K

Heap Regions: E=young(eden), S=young(survivor), O=old, HS=humongous(starts), HC=humongous(continues), CS=collection set, F=free, OA=open archive, CA=closed archive, TAMS=top-at-mark-start (previous, next)
|   0|0x0000000705e00000, 0x0000000706000000, 0x0000000706000000|100%| O|  |TAMS 0x0000000706000000, 0x0000000705e00000| Untracked 
|   1|0x0000000706000000, 0x0000000706000000, 0x0000000706200000|  0%| F|  |TAMS 0x0000000706000000, 0x0000000706000000| Untracked 
|   2|0x0000000706200000, 0x0000000706400000, 0x0000000706400000|100%| O|  |TAMS 0x0000000706400000, 0x0000000706200000| Untracked 
|   3|0x0000000706400000, 0x0000000706600000, 0x0000000706600000|100%| O|  |TAMS 0x0000000706600000, 0x0000000706400000| Untracked 
|   4|0x0000000706600000, 0x0000000706800000, 0x0000000706800000|100%| O|  |TAMS 0x0000000706800000, 0x0000000706600000| Complete 
|   5|0x0000000706800000, 0x0000000706a00000, 0x0000000706a00000|100%| O|  |TAMS 0x0000000706a00000, 0x0000000706800000| Untracked 
|   6|0x0000000706a00000, 0x0000000706c00000, 0x0000000706c00000|100%| O|  |TAMS 0x0000000706c00000, 0x0000000706a00000| Untracked 
|   7|0x0000000706c00000, 0x0000000706e00000, 0x0000000706e00000|100%| O|  |TAMS 0x0000000706e00000, 0x0000000706c00000| Untracked 
|   8|0x0000000706e00000, 0x0000000707000000, 0x0000000707000000|100%| O|  |TAMS 0x0000000707000000, 0x0000000706e00000| Untracked 
|   9|0x0000000707000000, 0x0000000707200000, 0x0000000707200000|100%| O|  |TAMS 0x0000000707200000, 0x0000000707000000| Complete 
|  10|0x0000000707200000, 0x0000000707400000, 0x0000000707400000|100%| O|  |TAMS 0x0000000707400000, 0x0000000707200000| Untracked 
|  11|0x0000000707400000, 0x0000000707600000, 0x0000000707600000|100%| O|  |TAMS 0x0000000707600000, 0x0000000707400000| Untracked 
|  12|0x0000000707600000, 0x0000000707600000, 0x0000000707800000|  0%| F|  |TAMS 0x0000000707600000, 0x0000000707600000| Untracked 
|  13|0x0000000707800000, 0x00000007079f9a00, 0x0000000707a00000| 98%| O|  |TAMS 0x0000000707800000, 0x0000000707800000| Untracked 
|  14|0x0000000707a00000, 0x0000000707c00000, 0x0000000707c00000|100%|HS|  |TAMS 0x0000000707c00000, 0x0000000707a00000| Complete 
|  15|0x0000000707c00000, 0x0000000707e00000, 0x0000000707e00000|100%|HS|  |TAMS 0x0000000707e00000, 0x0000000707c00000| Complete 
|  16|0x0000000707e00000, 0x0000000707e00000, 0x0000000708000000|  0%| F|  |TAMS 0x0000000707e00000, 0x0000000707e00000| Untracked 
|  17|0x0000000708000000, 0x0000000708000000, 0x0000000708200000|  0%| F|  |TAMS 0x0000000708000000, 0x0000000708000000| Untracked 
|  18|0x0000000708200000, 0x0000000708200000, 0x0000000708400000|  0%| F|  |TAMS 0x0000000708200000, 0x0000000708200000| Untracked 
|  19|0x0000000708400000, 0x0000000708600000, 0x0000000708600000|100%|HS|  |TAMS 0x0000000708600000, 0x0000000708400000| Complete 
|  20|0x0000000708600000, 0x0000000708600000, 0x0000000708800000|  0%| F|  |TAMS 0x0000000708600000, 0x0000000708600000| Untracked 
|  21|0x0000000708800000, 0x0000000708800000, 0x0000000708a00000|  0%| F|  |TAMS 0x0000000708800000, 0x0000000708800000| Untracked 
|  22|0x0000000708a00000, 0x0000000708a00000, 0x0000000708c00000|  0%| F|  |TAMS 0x0000000708a00000, 0x0000000708a00000| Untracked 
|  23|0x0000000708c00000, 0x0000000708c00000, 0x0000000708e00000|  0%| F|  |TAMS 0x0000000708c00000, 0x0000000708c00000| Untracked 
|  24|0x0000000708e00000, 0x0000000708e00000, 0x0000000709000000|  0%| F|  |TAMS 0x0000000708e00000, 0x0000000708e00000| Untracked 
|  25|0x0000000709000000, 0x0000000709000000, 0x0000000709200000|  0%| F|  |TAMS 0x0000000709000000, 0x0000000709000000| Untracked 
|  26|0x0000000709200000, 0x0000000709200000, 0x0000000709400000|  0%| F|  |TAMS 0x0000000709200000, 0x0000000709200000| Untracked 
|  27|0x0000000709400000, 0x0000000709400000, 0x0000000709600000|  0%| F|  |TAMS 0x0000000709400000, 0x0000000709400000| Untracked 
|  28|0x0000000709600000, 0x0000000709800000, 0x0000000709800000|100%| O|  |TAMS 0x0000000709800000, 0x0000000709600000| Untracked 
|  29|0x0000000709800000, 0x0000000709a00000, 0x0000000709a00000|100%| O|  |TAMS 0x0000000709a00000, 0x0000000709800000| Untracked 
|  30|0x0000000709a00000, 0x0000000709c00000, 0x0000000709c00000|100%| O|  |TAMS 0x0000000709b92e00, 0x0000000709a00000| Untracked 
|  31|0x0000000709c00000, 0x0000000709e00000, 0x0000000709e00000|100%| O|  |TAMS 0x0000000709c00000, 0x0000000709c00000| Untracked 
|  32|0x0000000709e00000, 0x000000070a000000, 0x000000070a000000|100%| O|  |TAMS 0x0000000709e00000, 0x0000000709e00000| Untracked 
|  33|0x000000070a000000, 0x000000070a200000, 0x000000070a200000|100%| O|  |TAMS 0x000000070a000000, 0x000000070a000000| Untracked 
|  34|0x000000070a200000, 0x000000070a400000, 0x000000070a400000|100%| O|  |TAMS 0x000000070a200000, 0x000000070a200000| Untracked 
|  35|0x000000070a400000, 0x000000070a400000, 0x000000070a600000|  0%| F|  |TAMS 0x000000070a400000, 0x000000070a400000| Untracked 
|  36|0x000000070a600000, 0x000000070a600000, 0x000000070a800000|  0%| F|  |TAMS 0x000000070a600000, 0x000000070a600000| Untracked 
|  37|0x000000070a800000, 0x000000070a800000, 0x000000070aa00000|  0%| F|  |TAMS 0x000000070a800000, 0x000000070a800000| Untracked 
|  38|0x000000070aa00000, 0x000000070aa00000, 0x000000070ac00000|  0%| F|  |TAMS 0x000000070aa00000, 0x000000070aa00000| Untracked 
|  39|0x000000070ac00000, 0x000000070ac00000, 0x000000070ae00000|  0%| F|  |TAMS 0x000000070ac00000, 0x000000070ac00000| Untracked 
|  40|0x000000070ae00000, 0x000000070ae00000, 0x000000070b000000|  0%| F|  |TAMS 0x000000070ae00000, 0x000000070ae00000| Untracked 
|  41|0x000000070b000000, 0x000000070b000000, 0x000000070b200000|  0%| F|  |TAMS 0x000000070b000000, 0x000000070b000000| Untracked 
|  42|0x000000070b200000, 0x000000070b200000, 0x000000070b400000|  0%| F|  |TAMS 0x000000070b200000, 0x000000070b200000| Untracked 
|  43|0x000000070b400000, 0x000000070b400000, 0x000000070b600000|  0%| F|  |TAMS 0x000000070b400000, 0x000000070b400000| Untracked 
|  44|0x000000070b600000, 0x000000070b600000, 0x000000070b800000|  0%| F|  |TAMS 0x000000070b600000, 0x000000070b600000| Untracked 
|  45|0x000000070b800000, 0x000000070b800000, 0x000000070ba00000|  0%| F|  |TAMS 0x000000070b800000, 0x000000070b800000| Untracked 
|  46|0x000000070ba00000, 0x000000070ba00000, 0x000000070bc00000|  0%| F|  |TAMS 0x000000070ba00000, 0x000000070ba00000| Untracked 
|  47|0x000000070bc00000, 0x000000070bc00000, 0x000000070be00000|  0%| F|  |TAMS 0x000000070bc00000, 0x000000070bc00000| Untracked 
|  48|0x000000070be00000, 0x000000070be00000, 0x000000070c000000|  0%| F|  |TAMS 0x000000070be00000, 0x000000070be00000| Untracked 
|  49|0x000000070c000000, 0x000000070c000000, 0x000000070c200000|  0%| F|  |TAMS 0x000000070c000000, 0x000000070c000000| Untracked 
|  50|0x000000070c200000, 0x000000070c200000, 0x000000070c400000|  0%| F|  |TAMS 0x000000070c200000, 0x000000070c200000| Untracked 
|  51|0x000000070c400000, 0x000000070c400000, 0x000000070c600000|  0%| F|  |TAMS 0x000000070c400000, 0x000000070c400000| Untracked 
|  52|0x000000070c600000, 0x000000070c600000, 0x000000070c800000|  0%| F|  |TAMS 0x000000070c600000, 0x000000070c600000| Untracked 
|  53|0x000000070c800000, 0x000000070c800000, 0x000000070ca00000|  0%| F|  |TAMS 0x000000070c800000, 0x000000070c800000| Untracked 
|  54|0x000000070ca00000, 0x000000070ca00000, 0x000000070cc00000|  0%| F|  |TAMS 0x000000070ca00000, 0x000000070ca00000| Untracked 
|  55|0x000000070cc00000, 0x000000070cc00000, 0x000000070ce00000|  0%| F|  |TAMS 0x000000070cc00000, 0x000000070cc00000| Untracked 
|  56|0x000000070ce00000, 0x000000070ce00000, 0x000000070d000000|  0%| F|  |TAMS 0x000000070ce00000, 0x000000070ce00000| Untracked 
|  57|0x000000070d000000, 0x000000070d000000, 0x000000070d200000|  0%| F|  |TAMS 0x000000070d000000, 0x000000070d000000| Untracked 
|  58|0x000000070d200000, 0x000000070d200000, 0x000000070d400000|  0%| F|  |TAMS 0x000000070d200000, 0x000000070d200000| Untracked 
|  59|0x000000070d400000, 0x000000070d400000, 0x000000070d600000|  0%| F|  |TAMS 0x000000070d400000, 0x000000070d400000| Untracked 
|  60|0x000000070d600000, 0x000000070d639330, 0x000000070d800000| 11%| S|CS|TAMS 0x000000070d600000, 0x000000070d600000| Complete 
|  61|0x000000070d800000, 0x000000070d800000, 0x000000070da00000|  0%| F|  |TAMS 0x000000070d800000, 0x000000070d800000| Untracked 
|  62|0x000000070da00000, 0x000000070da00000, 0x000000070dc00000|  0%| F|  |TAMS 0x000000070da00000, 0x000000070da00000| Untracked 
|  63|0x000000070dc00000, 0x000000070dc00000, 0x000000070de00000|  0%| F|  |TAMS 0x000000070dc00000, 0x000000070dc00000| Untracked 
|  64|0x000000070de00000, 0x000000070de00000, 0x000000070e000000|  0%| F|  |TAMS 0x000000070de00000, 0x000000070de00000| Untracked 
|  65|0x000000070e000000, 0x000000070e000000, 0x000000070e200000|  0%| F|  |TAMS 0x000000070e000000, 0x000000070e000000| Untracked 
|  66|0x000000070e200000, 0x000000070e200000, 0x000000070e400000|  0%| F|  |TAMS 0x000000070e200000, 0x000000070e200000| Untracked 
|  67|0x000000070e400000, 0x000000070e400000, 0x000000070e600000|  0%| F|  |TAMS 0x000000070e400000, 0x000000070e400000| Untracked 
|  68|0x000000070e600000, 0x000000070e600000, 0x000000070e800000|  0%| F|  |TAMS 0x000000070e600000, 0x000000070e600000| Untracked 
|  69|0x000000070e800000, 0x000000070e800000, 0x000000070ea00000|  0%| F|  |TAMS 0x000000070e800000, 0x000000070e800000| Untracked 
|  70|0x000000070ea00000, 0x000000070ea00000, 0x000000070ec00000|  0%| F|  |TAMS 0x000000070ea00000, 0x000000070ea00000| Untracked 
|  71|0x000000070ec00000, 0x000000070ec00000, 0x000000070ee00000|  0%| F|  |TAMS 0x000000070ec00000, 0x000000070ec00000| Untracked 
|  72|0x000000070ee00000, 0x000000070ee00000, 0x000000070f000000|  0%| F|  |TAMS 0x000000070ee00000, 0x000000070ee00000| Untracked 
|  73|0x000000070f000000, 0x000000070f000000, 0x000000070f200000|  0%| F|  |TAMS 0x000000070f000000, 0x000000070f000000| Untracked 
|  74|0x000000070f200000, 0x000000070f200000, 0x000000070f400000|  0%| F|  |TAMS 0x000000070f200000, 0x000000070f200000| Untracked 
|  75|0x000000070f400000, 0x000000070f400000, 0x000000070f600000|  0%| F|  |TAMS 0x000000070f400000, 0x000000070f400000| Untracked 
|  76|0x000000070f600000, 0x000000070f600000, 0x000000070f800000|  0%| F|  |TAMS 0x000000070f600000, 0x000000070f600000| Untracked 
|  77|0x000000070f800000, 0x000000070f800000, 0x000000070fa00000|  0%| F|  |TAMS 0x000000070f800000, 0x000000070f800000| Untracked 
|  78|0x000000070fa00000, 0x000000070fa00000, 0x000000070fc00000|  0%| F|  |TAMS 0x000000070fa00000, 0x000000070fa00000| Untracked 
|  79|0x000000070fc00000, 0x000000070fc00000, 0x000000070fe00000|  0%| F|  |TAMS 0x000000070fc00000, 0x000000070fc00000| Untracked 
|  80|0x000000070fe00000, 0x000000070fe00000, 0x0000000710000000|  0%| F|  |TAMS 0x000000070fe00000, 0x000000070fe00000| Untracked 
|  81|0x0000000710000000, 0x0000000710000000, 0x0000000710200000|  0%| F|  |TAMS 0x0000000710000000, 0x0000000710000000| Untracked 
|  82|0x0000000710200000, 0x0000000710200000, 0x0000000710400000|  0%| F|  |TAMS 0x0000000710200000, 0x0000000710200000| Untracked 
|  83|0x0000000710400000, 0x0000000710400000, 0x0000000710600000|  0%| F|  |TAMS 0x0000000710400000, 0x0000000710400000| Untracked 
|  84|0x0000000710600000, 0x0000000710600000, 0x0000000710800000|  0%| F|  |TAMS 0x0000000710600000, 0x0000000710600000| Untracked 
|  85|0x0000000710800000, 0x0000000710800000, 0x0000000710a00000|  0%| F|  |TAMS 0x0000000710800000, 0x0000000710800000| Untracked 
|  86|0x0000000710a00000, 0x0000000710a00000, 0x0000000710c00000|  0%| F|  |TAMS 0x0000000710a00000, 0x0000000710a00000| Untracked 
|  87|0x0000000710c00000, 0x0000000710c00000, 0x0000000710e00000|  0%| F|  |TAMS 0x0000000710c00000, 0x0000000710c00000| Untracked 
|  88|0x0000000710e00000, 0x0000000710e00000, 0x0000000711000000|  0%| F|  |TAMS 0x0000000710e00000, 0x0000000710e00000| Untracked 
|  89|0x0000000711000000, 0x0000000711000000, 0x0000000711200000|  0%| F|  |TAMS 0x0000000711000000, 0x0000000711000000| Untracked 
|  90|0x0000000711200000, 0x0000000711200000, 0x0000000711400000|  0%| F|  |TAMS 0x0000000711200000, 0x0000000711200000| Untracked 
|  91|0x0000000711400000, 0x0000000711400000, 0x0000000711600000|  0%| F|  |TAMS 0x0000000711400000, 0x0000000711400000| Untracked 
|  92|0x0000000711600000, 0x00000007116366b0, 0x0000000711800000| 10%| E|  |TAMS 0x0000000711600000, 0x0000000711600000| Complete 
| 125|0x0000000715800000, 0x0000000715a00000, 0x0000000715a00000|100%| E|CS|TAMS 0x0000000715800000, 0x0000000715800000| Complete 

Card table byte_map: [0x00000192beee0000,0x00000192bf6c0000] _byte_map_base: 0x00000192bb6b1000

Marking Bits (Prev, Next): (CMBitMap*) 0x00000192a6f71d60, (CMBitMap*) 0x00000192a6f71da0
 Prev Bits: [0x00000192bfea0000, 0x00000192c3d28000)
 Next Bits: [0x00000192c3d30000, 0x00000192c7bb8000)

Polling page: 0x00000192a4e90000

Metaspace:

Usage:
  Non-class:     30.93 MB used.
      Class:      3.70 MB used.
       Both:     34.63 MB used.

Virtual space:
  Non-class space:       64.00 MB reserved,      31.19 MB ( 49%) committed,  1 nodes.
      Class space:        1.00 GB reserved,       3.94 MB ( <1%) committed,  1 nodes.
             Both:        1.06 GB reserved,      35.12 MB (  3%) committed. 

Chunk freelists:
   Non-Class:  336.00 KB
       Class:  80.00 KB
        Both:  416.00 KB

MaxMetaspaceSize: unlimited
CompressedClassSpaceSize: 1.00 GB
Initial GC threshold: 21.00 MB
Current GC threshold: 55.12 MB
CDS: on
MetaspaceReclaimPolicy: balanced
 - commit_granule_bytes: 65536.
 - commit_granule_words: 8192.
 - virtual_space_node_default_size: 8388608.
 - enlarge_chunks_in_place: 1.
 - new_chunks_are_fully_committed: 0.
 - uncommit_free_chunks: 1.
 - use_allocation_guard: 0.


Internal statistics:

num_allocs_failed_limit: 3.
num_arena_births: 628.
num_arena_deaths: 6.
num_vsnodes_births: 2.
num_vsnodes_deaths: 0.
num_space_committed: 577.
num_space_uncommitted: 7.
num_chunks_returned_to_freelist: 108.
num_chunks_taken_from_freelist: 2047.
num_chunk_merges: 24.
num_chunk_splits: 1386.
num_chunks_enlarged: 1033.
num_inconsistent_stats: 0.

CodeHeap 'non-profiled nmethods': size=119168Kb used=4942Kb max_used=4983Kb free=114225Kb
 bounds [0x00000192b6a00000, 0x00000192b6ee0000, 0x00000192bde60000]
CodeHeap 'profiled nmethods': size=119104Kb used=18874Kb max_used=19694Kb free=100230Kb
 bounds [0x00000192aee60000, 0x00000192b01b0000, 0x00000192b62b0000]
CodeHeap 'non-nmethods': size=7488Kb used=3037Kb max_used=3146Kb free=4450Kb
 bounds [0x00000192b62b0000, 0x00000192b65d0000, 0x00000192b6a00000]
 total_blobs=8974 nmethods=8391 adapters=490
 compilation: enabled
              stopped_count=0, restarted_count=0
 full_count=0

Compilation events (20 events):
Event: 4.949 Thread 0x00000192cab85760 10273       3       java.util.zip.CRC32::updateBytes (14 bytes)
Event: 4.949 Thread 0x00000192cab85760 nmethod 10273 0x00000192afb23610 code [0x00000192afb237e0, 0x00000192afb23ba8]
Event: 4.949 Thread 0x00000192cab9e4b0 10274       3       java.util.zip.CRC32::update (38 bytes)
Event: 4.949 Thread 0x00000192cab9e4b0 nmethod 10274 0x00000192aff67010 code [0x00000192aff67200, 0x00000192aff67628]
Event: 4.950 Thread 0x00000192cee372c0 10275       3       java.lang.ProcessEnvironment$CheckedEntrySet$1::next (20 bytes)
Event: 4.950 Thread 0x00000192cab46900 10276       3       java.lang.ProcessEnvironment$CheckedEntry::<init> (10 bytes)
Event: 4.950 Thread 0x00000192cab85760 10277       3       java.lang.ProcessEnvironment$CheckedEntry::getKey (13 bytes)
Event: 4.950 Thread 0x00000192cab46900 nmethod 10276 0x00000192afbbcd10 code [0x00000192afbbcec0, 0x00000192afbbd078]
Event: 4.950 Thread 0x00000192cab9e4b0 10278       3       java.lang.ProcessEnvironment$CheckedEntry::getKey (5 bytes)
Event: 4.950 Thread 0x00000192cab85760 nmethod 10277 0x00000192aff66a90 code [0x00000192aff66c40, 0x00000192aff66f08]
Event: 4.950 Thread 0x00000192cee372c0 nmethod 10275 0x00000192aff66310 code [0x00000192aff664e0, 0x00000192aff66948]
Event: 4.950 Thread 0x00000192cab85760 10279       3       java.lang.ProcessEnvironment$CheckedEntry::getValue (13 bytes)
Event: 4.950 Thread 0x00000192cab9e4b0 nmethod 10278 0x00000192aff65d10 code [0x00000192aff65ec0, 0x00000192aff661e8]
Event: 4.950 Thread 0x00000192cab85760 nmethod 10279 0x00000192aff65790 code [0x00000192aff65940, 0x00000192aff65c08]
Event: 4.961 Thread 0x00000192cfddfba0 10281       4       java.security.AccessController::checkContext (49 bytes)
Event: 4.962 Thread 0x00000192cfddfba0 nmethod 10281 0x00000192b6ddc190 code [0x00000192b6ddc300, 0x00000192b6ddc358]
Event: 4.968 Thread 0x00000192cf9d4c20 10282       4       org.codehaus.plexus.classworlds.realm.ClassRealm::loadClass (7 bytes)
Event: 5.027 Thread 0x00000192cfd87130 nmethod 10158 0x00000192b6dcf790 code [0x00000192b6dcfdc0, 0x00000192b6dd7628]
Event: 5.110 Thread 0x00000192cfd87130 10283       4       jdk.internal.misc.Unsafe::weakCompareAndSetInt (11 bytes)
Event: 5.111 Thread 0x00000192cfd87130 nmethod 10283 0x00000192b6dcf490 code [0x00000192b6dcf600, 0x00000192b6dcf698]

GC Heap History (20 events):
Event: 2.536 GC heap before
{Heap before GC invocations=6 (full 0):
 garbage-first heap   total 90112K, used 62878K [0x0000000705e00000, 0x0000000800000000)
  region size 2048K, 14 young (28672K), 1 survivors (2048K)
 Metaspace       used 27166K, committed 27456K, reserved 1114112K
  class space    used 2954K, committed 3072K, reserved 1048576K
}
Event: 2.540 GC heap after
{Heap after GC invocations=7 (full 0):
 garbage-first heap   total 90112K, used 40862K [0x0000000705e00000, 0x0000000800000000)
  region size 2048K, 2 young (4096K), 2 survivors (4096K)
 Metaspace       used 27166K, committed 27456K, reserved 1114112K
  class space    used 2954K, committed 3072K, reserved 1048576K
}
Event: 2.778 GC heap before
{Heap before GC invocations=7 (full 0):
 garbage-first heap   total 90112K, used 63390K [0x0000000705e00000, 0x0000000800000000)
  region size 2048K, 14 young (28672K), 2 survivors (4096K)
 Metaspace       used 28304K, committed 28608K, reserved 1114112K
  class space    used 3072K, committed 3200K, reserved 1048576K
}
Event: 2.783 GC heap after
{Heap after GC invocations=8 (full 0):
 garbage-first heap   total 131072K, used 43591K [0x0000000705e00000, 0x0000000800000000)
  region size 2048K, 2 young (4096K), 2 survivors (4096K)
 Metaspace       used 28304K, committed 28608K, reserved 1114112K
  class space    used 3072K, committed 3200K, reserved 1048576K
}
Event: 3.168 GC heap before
{Heap before GC invocations=8 (full 0):
 garbage-first heap   total 131072K, used 88647K [0x0000000705e00000, 0x0000000800000000)
  region size 2048K, 25 young (51200K), 2 survivors (4096K)
 Metaspace       used 30042K, committed 30464K, reserved 1114112K
  class space    used 3256K, committed 3456K, reserved 1048576K
}
Event: 3.171 GC heap after
{Heap after GC invocations=9 (full 0):
 garbage-first heap   total 131072K, used 44419K [0x0000000705e00000, 0x0000000800000000)
  region size 2048K, 2 young (4096K), 2 survivors (4096K)
 Metaspace       used 30042K, committed 30464K, reserved 1114112K
  class space    used 3256K, committed 3456K, reserved 1048576K
}
Event: 3.361 GC heap before
{Heap before GC invocations=9 (full 0):
 garbage-first heap   total 131072K, used 95619K [0x0000000705e00000, 0x0000000800000000)
  region size 2048K, 27 young (55296K), 2 survivors (4096K)
 Metaspace       used 30351K, committed 30848K, reserved 1114112K
  class space    used 3263K, committed 3456K, reserved 1048576K
}
Event: 3.366 GC heap after
{Heap after GC invocations=10 (full 0):
 garbage-first heap   total 131072K, used 45043K [0x0000000705e00000, 0x0000000800000000)
  region size 2048K, 2 young (4096K), 2 survivors (4096K)
 Metaspace       used 30351K, committed 30848K, reserved 1114112K
  class space    used 3263K, committed 3456K, reserved 1048576K
}
Event: 4.106 GC heap before
{Heap before GC invocations=10 (full 0):
 garbage-first heap   total 131072K, used 100339K [0x0000000705e00000, 0x0000000800000000)
  region size 2048K, 28 young (57344K), 2 survivors (4096K)
 Metaspace       used 32836K, committed 33344K, reserved 1114112K
  class space    used 3533K, committed 3776K, reserved 1048576K
}
Event: 4.113 GC heap after
{Heap after GC invocations=11 (full 0):
 garbage-first heap   total 131072K, used 59279K [0x0000000705e00000, 0x0000000800000000)
  region size 2048K, 4 young (8192K), 4 survivors (8192K)
 Metaspace       used 32836K, committed 33344K, reserved 1114112K
  class space    used 3533K, committed 3776K, reserved 1048576K
}
Event: 4.306 GC heap before
{Heap before GC invocations=11 (full 0):
 garbage-first heap   total 131072K, used 96143K [0x0000000705e00000, 0x0000000800000000)
  region size 2048K, 23 young (47104K), 4 survivors (8192K)
 Metaspace       used 32981K, committed 33600K, reserved 1114112K
  class space    used 3547K, committed 3840K, reserved 1048576K
}
Event: 4.312 GC heap after
{Heap after GC invocations=12 (full 0):
 garbage-first heap   total 131072K, used 69195K [0x0000000705e00000, 0x0000000800000000)
  region size 2048K, 3 young (6144K), 3 survivors (6144K)
 Metaspace       used 32981K, committed 33600K, reserved 1114112K
  class space    used 3547K, committed 3840K, reserved 1048576K
}
Event: 4.597 GC heap before
{Heap before GC invocations=12 (full 0):
 garbage-first heap   total 131072K, used 95819K [0x0000000705e00000, 0x0000000800000000)
  region size 2048K, 17 young (34816K), 3 survivors (6144K)
 Metaspace       used 34272K, committed 34816K, reserved 1114112K
  class space    used 3689K, committed 3968K, reserved 1048576K
}
Event: 4.600 GC heap after
{Heap after GC invocations=13 (full 0):
 garbage-first heap   total 131072K, used 69302K [0x0000000705e00000, 0x0000000800000000)
  region size 2048K, 1 young (2048K), 1 survivors (2048K)
 Metaspace       used 34272K, committed 34816K, reserved 1114112K
  class space    used 3689K, committed 3968K, reserved 1048576K
}
Event: 4.868 GC heap before
{Heap before GC invocations=14 (full 0):
 garbage-first heap   total 131072K, used 97974K [0x0000000705e00000, 0x0000000800000000)
  region size 2048K, 16 young (32768K), 1 survivors (2048K)
 Metaspace       used 34090K, committed 34688K, reserved 1114112K
  class space    used 3618K, committed 3968K, reserved 1048576K
}
Event: 4.870 GC heap after
{Heap after GC invocations=15 (full 0):
 garbage-first heap   total 131072K, used 70174K [0x0000000705e00000, 0x0000000800000000)
  region size 2048K, 2 young (4096K), 2 survivors (4096K)
 Metaspace       used 34090K, committed 34688K, reserved 1114112K
  class space    used 3618K, committed 3968K, reserved 1048576K
}
Event: 4.893 GC heap before
{Heap before GC invocations=15 (full 0):
 garbage-first heap   total 131072K, used 72222K [0x0000000705e00000, 0x0000000800000000)
  region size 2048K, 3 young (6144K), 2 survivors (4096K)
 Metaspace       used 34364K, committed 35008K, reserved 1114112K
  class space    used 3645K, committed 3968K, reserved 1048576K
}
Event: 4.895 GC heap after
{Heap after GC invocations=16 (full 0):
 garbage-first heap   total 131072K, used 57044K [0x0000000705e00000, 0x0000000800000000)
  region size 2048K, 1 young (2048K), 1 survivors (2048K)
 Metaspace       used 34364K, committed 35008K, reserved 1114112K
  class space    used 3645K, committed 3968K, reserved 1048576K
}
Event: 4.944 GC heap before
{Heap before GC invocations=16 (full 0):
 garbage-first heap   total 131072K, used 61140K [0x0000000705e00000, 0x0000000800000000)
  region size 2048K, 3 young (6144K), 1 survivors (2048K)
 Metaspace       used 34985K, committed 35520K, reserved 1114112K
  class space    used 3726K, committed 3968K, reserved 1048576K
}
Event: 4.947 GC heap after
{Heap after GC invocations=17 (full 0):
 garbage-first heap   total 192512K, used 45259K [0x0000000705e00000, 0x0000000800000000)
  region size 2048K, 1 young (2048K), 1 survivors (2048K)
 Metaspace       used 34985K, committed 35520K, reserved 1114112K
  class space    used 3726K, committed 3968K, reserved 1048576K
}

Dll operation events (12 events):
Event: 0.005 Loaded shared library C:\Program Files\Java\jdk-19\bin\java.dll
Event: 0.011 Loaded shared library C:\Program Files\Java\jdk-19\bin\jsvml.dll
Event: 0.040 Loaded shared library C:\Program Files\Java\jdk-19\bin\zip.dll
Event: 0.041 Loaded shared library C:\Program Files\Java\jdk-19\bin\instrument.dll
Event: 0.045 Loaded shared library C:\Program Files\Java\jdk-19\bin\net.dll
Event: 0.045 Loaded shared library C:\Program Files\Java\jdk-19\bin\nio.dll
Event: 0.047 Loaded shared library C:\Program Files\Java\jdk-19\bin\zip.dll
Event: 0.055 Loaded shared library C:\Program Files\JetBrains\IntelliJ IDEA 2022.1.2\bin\breakgen64.dll
Event: 0.059 Loaded shared library C:\Program Files\Java\jdk-19\bin\extnet.dll
Event: 0.115 Loaded shared library C:\Program Files\Java\jdk-19\bin\jimage.dll
Event: 0.182 Loaded shared library C:\Users\99293\AppData\Local\Temp\jansi-2.4.0-2d4cce3845a61216-jansi.dll
Event: 0.188 Loaded shared library C:\Program Files\Java\jdk-19\bin\verify.dll

Deoptimization events (20 events):
Event: 4.968 Thread 0x00000192d3122390 Uncommon trap: trap_request=0xffffffde fr.pc=0x00000192b6e4f624 relative=0x0000000000000524
Event: 4.968 Thread 0x00000192d3122390 Uncommon trap: reason=class_check action=maybe_recompile pc=0x00000192b6e4f624 method=java.util.stream.AbstractPipeline.copyIntoWithCancel(Ljava/util/stream/Sink;Ljava/util/Spliterator;)Z @ 32 c2
Event: 4.968 Thread 0x00000192d3122390 DEOPT PACKING pc=0x00000192b6e4f624 sp=0x0000007dbe4feef0
Event: 4.968 Thread 0x00000192d3122390 DEOPT UNPACKING pc=0x00000192b6316da3 sp=0x0000007dbe4feea8 mode 2
Event: 4.968 Thread 0x00000192d3122390 Uncommon trap: trap_request=0xffffffde fr.pc=0x00000192b6e4f624 relative=0x0000000000000524
Event: 4.968 Thread 0x00000192d3122390 Uncommon trap: reason=class_check action=maybe_recompile pc=0x00000192b6e4f624 method=java.util.stream.AbstractPipeline.copyIntoWithCancel(Ljava/util/stream/Sink;Ljava/util/Spliterator;)Z @ 32 c2
Event: 4.968 Thread 0x00000192d3122390 DEOPT PACKING pc=0x00000192b6e4f624 sp=0x0000007dbe4ff150
Event: 4.968 Thread 0x00000192d3122390 DEOPT UNPACKING pc=0x00000192b6316da3 sp=0x0000007dbe4ff108 mode 2
Event: 4.968 Thread 0x00000192d3122390 Uncommon trap: trap_request=0xffffff45 fr.pc=0x00000192b6b34af4 relative=0x00000000000001d4
Event: 4.968 Thread 0x00000192d3122390 Uncommon trap: reason=unstable_if action=reinterpret pc=0x00000192b6b34af4 method=java.lang.String.indexOf(Ljava/lang/String;)I @ 10 c2
Event: 4.968 Thread 0x00000192d3122390 DEOPT PACKING pc=0x00000192b6b34af4 sp=0x0000007dbe4ff4c0
Event: 4.968 Thread 0x00000192d3122390 DEOPT UNPACKING pc=0x00000192b6316da3 sp=0x0000007dbe4ff460 mode 2
Event: 4.968 Thread 0x00000192d3122390 Uncommon trap: trap_request=0xffffff76 fr.pc=0x00000192b6e98854 relative=0x00000000000015d4
Event: 4.968 Thread 0x00000192d3122390 Uncommon trap: reason=predicate action=maybe_recompile pc=0x00000192b6e98854 method=java.util.regex.Pattern.compile()V @ 78 c2
Event: 4.968 Thread 0x00000192d3122390 DEOPT PACKING pc=0x00000192b6e98854 sp=0x0000007dbe4ff4a0
Event: 4.968 Thread 0x00000192d3122390 DEOPT UNPACKING pc=0x00000192b6316da3 sp=0x0000007dbe4ff450 mode 2
Event: 4.968 Thread 0x00000192d3122390 Uncommon trap: trap_request=0xffffff45 fr.pc=0x00000192b6bd4dd4 relative=0x00000000000000b4
Event: 4.968 Thread 0x00000192d3122390 Uncommon trap: reason=unstable_if action=reinterpret pc=0x00000192b6bd4dd4 method=java.lang.String.codePointAt(I)I @ 4 c2
Event: 4.968 Thread 0x00000192d3122390 DEOPT PACKING pc=0x00000192b6bd4dd4 sp=0x0000007dbe4ff440
Event: 4.968 Thread 0x00000192d3122390 DEOPT UNPACKING pc=0x00000192b6316da3 sp=0x0000007dbe4ff3d8 mode 2

Classes loaded (20 events):
Event: 4.950 Loading class java/lang/Process done
Event: 4.950 Loading class java/lang/ProcessImpl done
Event: 4.959 Loading class java/lang/ProcessImpl$2
Event: 4.959 Loading class java/lang/ProcessImpl$2 done
Event: 4.960 Loading class java/lang/Process$PipeInputStream
Event: 4.960 Loading class java/lang/Process$PipeInputStream done
Event: 4.961 Loading class jdk/internal/event/ProcessStartEvent
Event: 4.961 Loading class jdk/internal/event/Event
Event: 4.961 Loading class jdk/internal/event/Event done
Event: 4.961 Loading class jdk/internal/event/ProcessStartEvent done
Event: 4.961 Loading class java/nio/channels/ClosedChannelException
Event: 4.961 Loading class java/nio/channels/ClosedChannelException done
Event: 4.962 Loading class java/nio/channels/NonReadableChannelException
Event: 4.962 Loading class java/nio/channels/NonReadableChannelException done
Event: 4.962 Loading class java/nio/channels/NonWritableChannelException
Event: 4.962 Loading class java/nio/channels/NonWritableChannelException done
Event: 4.967 Loading class java/util/Scanner
Event: 4.967 Loading class java/util/Scanner done
Event: 4.967 Loading class java/util/Scanner$PatternLRUCache
Event: 4.967 Loading class java/util/Scanner$PatternLRUCache done

Classes unloaded (20 events):
Event: 4.610 Thread 0x00000192cab55700 Unloading class 0x000000080130abd0 'lombok/javac/apt/LombokFileObject'
Event: 4.610 Thread 0x00000192cab55700 Unloading class 0x000000080130a9e0 'lombok/javac/apt/LombokFileObjects'
Event: 4.610 Thread 0x00000192cab55700 Unloading class 0x000000080130a7b8 'lombok/javac/apt/MessagerDiagnosticsReceiver'
Event: 4.610 Thread 0x00000192cab55700 Unloading class 0x000000080130a400 'lombok/javac/apt/InterceptingJavaFileManager'
Event: 4.610 Thread 0x00000192cab55700 Unloading class 0x000000080130a208 'lombok/permit/dummy/Parent'
Event: 4.610 Thread 0x00000192cab55700 Unloading class 0x000000080130a000 'lombok/core/CleanupRegistry'
Event: 4.610 Thread 0x00000192cab55700 Unloading class 0x0000000801309cc8 'lombok/permit/Permit$Fake'
Event: 4.610 Thread 0x00000192cab55700 Unloading class 0x0000000801309ad8 'lombok/permit/Permit'
Event: 4.610 Thread 0x00000192cab55700 Unloading class 0x0000000801309800 'lombok/javac/apt/LombokProcessor$1'
Event: 4.610 Thread 0x00000192cab55700 Unloading class 0x0000000801308d28 'lombok/core/DiagnosticsReceiver'
Event: 4.610 Thread 0x00000192cab55700 Unloading class 0x0000000801308aa0 'lombok/javac/apt/LombokProcessor'
Event: 4.610 Thread 0x00000192cab55700 Unloading class 0x0000000801308880 'lombok/core/AnnotationProcessor$EcjDescriptor'
Event: 4.610 Thread 0x00000192cab55700 Unloading class 0x0000000801308658 'lombok/core/AnnotationProcessor$JavacDescriptor'
Event: 4.610 Thread 0x00000192cab55700 Unloading class 0x0000000801308270 'lombok/core/AnnotationProcessor$ProcessorDescriptor'
Event: 4.610 Thread 0x00000192cab55700 Unloading class 0x0000000801308000 'lombok/core/AnnotationProcessor'
Event: 4.610 Thread 0x00000192cab55700 Unloading class 0x00000008013091f0 'lombok/launch/AnnotationProcessorHider$ClaimingProcessor'
Event: 4.610 Thread 0x00000192cab55700 Unloading class 0x0000000801309000 'lombok/launch/AnnotationProcessorHider$AstModificationNotifierData'
Event: 4.610 Thread 0x00000192cab55700 Unloading class 0x00000008012e4460 'lombok/launch/ShadowClassLoader'
Event: 4.610 Thread 0x00000192cab55700 Unloading class 0x00000008012e4270 'lombok/launch/Main'
Event: 4.610 Thread 0x00000192cab55700 Unloading class 0x00000008012e4000 'lombok/launch/AnnotationProcessorHider$AnnotationProcessor'

Classes redefined (0 events):
No events

Internal exceptions (20 events):
Event: 4.536 Thread 0x00000192a6effb80 Exception <a 'sun/nio/fs/WindowsException'{0x000000070c6accf0}> (0x000000070c6accf0) 
thrown [s\open\src\hotspot\share\prims\jni.cpp, line 517]
Event: 4.536 Thread 0x00000192a6effb80 Exception <a 'sun/nio/fs/WindowsException'{0x000000070c6ad018}> (0x000000070c6ad018) 
thrown [s\open\src\hotspot\share\prims\jni.cpp, line 517]
Event: 4.536 Thread 0x00000192a6effb80 Exception <a 'sun/nio/fs/WindowsException'{0x000000070c6adfb8}> (0x000000070c6adfb8) 
thrown [s\open\src\hotspot\share\prims\jni.cpp, line 517]
Event: 4.536 Thread 0x00000192a6effb80 Exception <a 'sun/nio/fs/WindowsException'{0x000000070c6ae248}> (0x000000070c6ae248) 
thrown [s\open\src\hotspot\share\prims\jni.cpp, line 517]
Event: 4.547 Thread 0x00000192a6effb80 Exception <a 'sun/nio/fs/WindowsException'{0x000000070c468ba8}> (0x000000070c468ba8) 
thrown [s\open\src\hotspot\share\prims\jni.cpp, line 517]
Event: 4.550 Thread 0x00000192a6effb80 Exception <a 'sun/nio/fs/WindowsException'{0x000000070c47e488}> (0x000000070c47e488) 
thrown [s\open\src\hotspot\share\prims\jni.cpp, line 517]
Event: 4.553 Thread 0x00000192a6effb80 Exception <a 'sun/nio/fs/WindowsException'{0x000000070c4963b0}> (0x000000070c4963b0) 
thrown [s\open\src\hotspot\share\prims\jni.cpp, line 517]
Event: 4.564 Thread 0x00000192a6effb80 Exception <a 'sun/nio/fs/WindowsException'{0x000000070c587280}> (0x000000070c587280) 
thrown [s\open\src\hotspot\share\prims\jni.cpp, line 517]
Event: 4.564 Thread 0x00000192a6effb80 Exception <a 'sun/nio/fs/WindowsException'{0x000000070c587920}> (0x000000070c587920) 
thrown [s\open\src\hotspot\share\prims\jni.cpp, line 517]
Event: 4.564 Thread 0x00000192a6effb80 Exception <a 'sun/nio/fs/WindowsException'{0x000000070c5880b0}> (0x000000070c5880b0) 
thrown [s\open\src\hotspot\share\prims\jni.cpp, line 517]
Event: 4.589 Thread 0x00000192a6effb80 Implicit null exception at 0x00000192b6c7156e to 0x00000192b6c75790
Event: 4.590 Thread 0x00000192a6effb80 Implicit null exception at 0x00000192b6c5f8aa to 0x00000192b6c60b30
Event: 4.788 Thread 0x00000192d311ce90 Exception <a 'java/lang/NoSuchMethodError'{0x000000070c77aa10}: 'java.lang.Object java.lang.invoke.DirectMethodHandle$Holder.invokeStatic(java.lang.Object, long, java.lang.Object)'> (0x000000070c77aa10) 
thrown [s\open\src\hotspot\share\interpreter\linkResolver.cpp, line 774]
Event: 4.789 Thread 0x00000192d311ce90 Exception <a 'java/lang/NoSuchMethodError'{0x000000070c77e060}: 'java.lang.Object java.lang.invoke.DirectMethodHandle$Holder.invokeStaticInit(java.lang.Object, long, java.lang.Object)'> (0x000000070c77e060) 
thrown [s\open\src\hotspot\share\interpreter\linkResolver.cpp, line 774]
Event: 4.789 Thread 0x00000192d311ce90 Exception <a 'java/lang/NoSuchMethodError'{0x000000070c783cb0}: 'java.lang.Object java.lang.invoke.DirectMethodHandle$Holder.newInvokeSpecial(java.lang.Object, long)'> (0x000000070c783cb0) 
thrown [s\open\src\hotspot\share\interpreter\linkResolver.cpp, line 774]
Event: 4.790 Thread 0x00000192a6effb80 Implicit null exception at 0x00000192b6d4decb to 0x00000192b6d4e0c0
Event: 4.790 Thread 0x00000192d311ce90 Exception <a 'java/lang/NoSuchMethodError'{0x000000070c7884c0}: 'long java.lang.invoke.DirectMethodHandle$Holder.invokeInterface(java.lang.Object, java.lang.Object)'> (0x000000070c7884c0) 
thrown [s\open\src\hotspot\share\interpreter\linkResolver.cpp, line 774]
Event: 4.790 Thread 0x00000192d311ce90 Exception <a 'java/lang/NoSuchMethodError'{0x000000070c78bc78}: 'long java.lang.invoke.DelegatingMethodHandle$Holder.reinvoke_L(java.lang.Object, java.lang.Object)'> (0x000000070c78bc78) 
thrown [s\open\src\hotspot\share\interpreter\linkResolver.cpp, line 774]
Event: 4.842 Thread 0x00000192a6effb80 Exception <a 'java/lang/NoSuchMethodError'{0x000000070c27c2c0}: 'java.lang.Object java.lang.invoke.DirectMethodHandle$Holder.invokeStaticInit(java.lang.Object, java.lang.Object, int, int, int, int)'> (0x000000070c27c2c0) 
thrown [s\open\src\hotspot\share\interpreter\linkResolver.cpp, line 774]
Event: 4.959 Thread 0x00000192a6effb80 Exception <a 'java/lang/NoSuchMethodError'{0x000000071584e0d0}: 'void java.lang.invoke.DirectMethodHandle$Holder.invokeStatic(java.lang.Object, long)'> (0x000000071584e0d0) 
thrown [s\open\src\hotspot\share\interpreter\linkResolver.cpp, line 774]

VM Operations (20 events):
Event: 4.682 Executing VM operation: HandshakeAllThreads
Event: 4.682 Executing VM operation: HandshakeAllThreads done
Event: 4.777 Executing VM operation: HandshakeAllThreads
Event: 4.777 Executing VM operation: HandshakeAllThreads done
Event: 4.804 Executing VM operation: HandshakeAllThreads
Event: 4.804 Executing VM operation: HandshakeAllThreads done
Event: 4.868 Executing VM operation: G1CollectForAllocation
Event: 4.870 Executing VM operation: G1CollectForAllocation done
Event: 4.892 Executing VM operation: G1CollectForAllocation
Event: 4.896 Executing VM operation: G1CollectForAllocation done
Event: 4.921 Executing VM operation: HandshakeAllThreads
Event: 4.921 Executing VM operation: HandshakeAllThreads done
Event: 4.922 Executing VM operation: HandshakeAllThreads
Event: 4.922 Executing VM operation: HandshakeAllThreads done
Event: 4.923 Executing VM operation: HandshakeAllThreads
Event: 4.923 Executing VM operation: HandshakeAllThreads done
Event: 4.943 Executing VM operation: G1CollectForAllocation
Event: 4.947 Executing VM operation: G1CollectForAllocation done
Event: 4.960 Executing VM operation: HandshakeAllThreads
Event: 4.960 Executing VM operation: HandshakeAllThreads done

Events (20 events):
Event: 4.702 Thread 0x00000192cab95430 flushing nmethod 0x00000192afdb6610
Event: 4.702 Thread 0x00000192cab95430 flushing nmethod 0x00000192afdb7890
Event: 4.702 Thread 0x00000192cab95430 flushing nmethod 0x00000192afdb7c10
Event: 4.702 Thread 0x00000192cab95430 flushing nmethod 0x00000192afdb8b90
Event: 4.702 Thread 0x00000192cab95430 flushing nmethod 0x00000192afdcdf90
Event: 4.702 Thread 0x00000192cab95430 flushing nmethod 0x00000192afdce390
Event: 4.702 Thread 0x00000192cab95430 flushing nmethod 0x00000192afdce990
Event: 4.702 Thread 0x00000192cab95430 flushing nmethod 0x00000192afdcf110
Event: 4.702 Thread 0x00000192cab95430 flushing nmethod 0x00000192afdd3e10
Event: 4.703 Thread 0x00000192cab95430 flushing nmethod 0x00000192afe61f90
Event: 4.705 Thread 0x00000192cab95430 flushing nmethod 0x00000192aff8ee90
Event: 4.781 Thread 0x00000192d311ce90 Thread added: 0x00000192d311ce90
Event: 4.792 Thread 0x00000192d311ce90 Thread exited: 0x00000192d311ce90
Event: 4.892 Thread 0x00000192d311fe60 Thread added: 0x00000192d311fe60
Event: 4.898 Thread 0x00000192d3120900 Thread added: 0x00000192d3120900
Event: 4.948 Thread 0x00000192d31218f0 Thread added: 0x00000192d31218f0
Event: 4.966 Thread 0x00000192d3122390 Thread added: 0x00000192d3122390
Event: 4.967 Thread 0x00000192d31228e0 Thread added: 0x00000192d31228e0
Event: 4.970 Thread 0x00000192d3122e30 Thread added: 0x00000192d3122e30
Event: 5.111 Thread 0x00000192d259e790 Thread exited: 0x00000192d259e790


Dynamic libraries:
0x00007ff7a99a0000 - 0x00007ff7a99b0000 	C:\Program Files\Java\jdk-19\bin\java.exe
0x00007ffe82110000 - 0x00007ffe82327000 	C:\WINDOWS\SYSTEM32\ntdll.dll
0x00007ffe81c40000 - 0x00007ffe81d04000 	C:\WINDOWS\System32\KERNEL32.DLL
0x00007ffe7f4a0000 - 0x00007ffe7f85a000 	C:\WINDOWS\System32\KERNELBASE.dll
0x00007ffe7fc40000 - 0x00007ffe7fd51000 	C:\WINDOWS\System32\ucrtbase.dll
0x00007ffe706f0000 - 0x00007ffe7070b000 	C:\Program Files\Java\jdk-19\bin\VCRUNTIME140.dll
0x00007ffe6f8a0000 - 0x00007ffe6f8b8000 	C:\Program Files\Java\jdk-19\bin\jli.dll
0x00007ffe81fe0000 - 0x00007ffe82092000 	C:\WINDOWS\System32\ADVAPI32.dll
0x00007ffe81090000 - 0x00007ffe81137000 	C:\WINDOWS\System32\msvcrt.dll
0x00007ffe81ae0000 - 0x00007ffe81b87000 	C:\WINDOWS\System32\sechost.dll
0x00007ffe7f3b0000 - 0x00007ffe7f3d8000 	C:\WINDOWS\System32\bcrypt.dll
0x00007ffe819a0000 - 0x00007ffe81ab4000 	C:\WINDOWS\System32\RPCRT4.dll
0x00007ffe80760000 - 0x00007ffe8090e000 	C:\WINDOWS\System32\USER32.dll
0x00007ffe7fa50000 - 0x00007ffe7fa76000 	C:\WINDOWS\System32\win32u.dll
0x00007ffe6e150000 - 0x00007ffe6e3e2000 	C:\WINDOWS\WinSxS\amd64_microsoft.windows.common-controls_6595b64144ccf1df_6.0.22621.4541_none_2710d1c57384c085\COMCTL32.dll
0x00007ffe81ee0000 - 0x00007ffe81f09000 	C:\WINDOWS\System32\GDI32.dll
0x00007ffe7fb20000 - 0x00007ffe7fc3b000 	C:\WINDOWS\System32\gdi32full.dll
0x00007ffe7fa80000 - 0x00007ffe7fb1a000 	C:\WINDOWS\System32\msvcp_win.dll
0x00007ffe76e50000 - 0x00007ffe76e5a000 	C:\WINDOWS\SYSTEM32\VERSION.dll
0x00007ffe81b90000 - 0x00007ffe81bc1000 	C:\WINDOWS\System32\IMM32.DLL
0x00007ffe6f030000 - 0x00007ffe6f03c000 	C:\Program Files\Java\jdk-19\bin\vcruntime140_1.dll
0x00007ffe56280000 - 0x00007ffe5630e000 	C:\Program Files\Java\jdk-19\bin\msvcp140.dll
0x00007ffdbaa10000 - 0x00007ffdbb6d0000 	C:\Program Files\Java\jdk-19\bin\server\jvm.dll
0x00007ffe78b70000 - 0x00007ffe78b79000 	C:\WINDOWS\SYSTEM32\WSOCK32.dll
0x00007ffe77720000 - 0x00007ffe77754000 	C:\WINDOWS\SYSTEM32\WINMM.dll
0x00007ffe81f60000 - 0x00007ffe81fd1000 	C:\WINDOWS\System32\WS2_32.dll
0x00007ffe7e4e0000 - 0x00007ffe7e4f8000 	C:\WINDOWS\SYSTEM32\kernel.appcore.dll
0x00007ffe6eee0000 - 0x00007ffe6eeea000 	C:\Program Files\Java\jdk-19\bin\jimage.dll
0x00007ffe7c910000 - 0x00007ffe7cb42000 	C:\WINDOWS\SYSTEM32\DBGHELP.DLL
0x00007ffe80910000 - 0x00007ffe80c9f000 	C:\WINDOWS\System32\combase.dll
0x00007ffe80f50000 - 0x00007ffe81027000 	C:\WINDOWS\System32\OLEAUT32.dll
0x00007ffe74d80000 - 0x00007ffe74db2000 	C:\WINDOWS\SYSTEM32\dbgcore.DLL
0x00007ffe7f9d0000 - 0x00007ffe7fa4b000 	C:\WINDOWS\System32\bcryptPrimitives.dll
0x00007ffe66890000 - 0x00007ffe6689e000 	C:\Program Files\Java\jdk-19\bin\instrument.dll
0x00007ffe66950000 - 0x00007ffe66976000 	C:\Program Files\Java\jdk-19\bin\java.dll
0x00007ffe45d80000 - 0x00007ffe45e57000 	C:\Program Files\Java\jdk-19\bin\jsvml.dll
0x00007ffe7fed0000 - 0x00007ffe80748000 	C:\WINDOWS\System32\SHELL32.dll
0x00007ffe7d2c0000 - 0x00007ffe7dbc8000 	C:\WINDOWS\SYSTEM32\windows.storage.dll
0x00007ffe7d180000 - 0x00007ffe7d2bf000 	C:\WINDOWS\SYSTEM32\wintypes.dll
0x00007ffe80e50000 - 0x00007ffe80f4a000 	C:\WINDOWS\System32\SHCORE.dll
0x00007ffe7fe70000 - 0x00007ffe7fece000 	C:\WINDOWS\System32\shlwapi.dll
0x00007ffe7f2e0000 - 0x00007ffe7f30b000 	C:\WINDOWS\SYSTEM32\profapi.dll
0x00007ffe5bd10000 - 0x00007ffe5bd28000 	C:\Program Files\Java\jdk-19\bin\zip.dll
0x00007ffe6cc70000 - 0x00007ffe6cc83000 	C:\Program Files\Java\jdk-19\bin\net.dll
0x00007ffe7ae00000 - 0x00007ffe7af36000 	C:\WINDOWS\SYSTEM32\WINHTTP.dll
0x00007ffe7e960000 - 0x00007ffe7e9c9000 	C:\WINDOWS\system32\mswsock.dll
0x00007ffe66930000 - 0x00007ffe66946000 	C:\Program Files\Java\jdk-19\bin\nio.dll
0x00007ffe5bcf0000 - 0x00007ffe5bd0a000 	C:\Program Files\JetBrains\IntelliJ IDEA 2022.1.2\bin\breakgen64.dll
0x00007ffe6eed0000 - 0x00007ffe6eed8000 	C:\Program Files\Java\jdk-19\bin\extnet.dll
0x0000000069ac0000 - 0x0000000069ae4000 	C:\Users\99293\AppData\Local\Temp\jansi-2.4.0-2d4cce3845a61216-jansi.dll
0x00007ffe66920000 - 0x00007ffe66930000 	C:\Program Files\Java\jdk-19\bin\verify.dll
0x00007ffe7ebc0000 - 0x00007ffe7ebdb000 	C:\WINDOWS\SYSTEM32\CRYPTSP.dll
0x00007ffe7e440000 - 0x00007ffe7e475000 	C:\WINDOWS\system32\rsaenh.dll
0x00007ffe7ea50000 - 0x00007ffe7ea78000 	C:\WINDOWS\SYSTEM32\USERENV.dll
0x00007ffe7ebb0000 - 0x00007ffe7ebbc000 	C:\WINDOWS\SYSTEM32\CRYPTBASE.dll
0x00007ffe7dea0000 - 0x00007ffe7decd000 	C:\WINDOWS\SYSTEM32\IPHLPAPI.DLL
0x00007ffe811e0000 - 0x00007ffe811e9000 	C:\WINDOWS\System32\NSI.dll
0x00007ffe7a400000 - 0x00007ffe7a419000 	C:\WINDOWS\SYSTEM32\dhcpcsvc6.DLL
0x00007ffe7a360000 - 0x00007ffe7a37f000 	C:\WINDOWS\SYSTEM32\dhcpcsvc.DLL
0x00007ffe7ded0000 - 0x00007ffe7dfd2000 	C:\WINDOWS\SYSTEM32\DNSAPI.dll

dbghelp: loaded successfully - version: 4.0.5 - missing functions: none
symbol engine: initialized successfully - sym options: 0x614 - pdb path: .;C:\Program Files\Java\jdk-19\bin;C:\WINDOWS\SYSTEM32;C:\WINDOWS\WinSxS\amd64_microsoft.windows.common-controls_6595b64144ccf1df_6.0.22621.4541_none_2710d1c57384c085;C:\Program Files\Java\jdk-19\bin\server;C:\Program Files\JetBrains\IntelliJ IDEA 2022.1.2\bin;C:\Users\99293\AppData\Local\Temp

VM Arguments:
jvm_args: -Dmaven.multiModuleProjectDirectory=D:\website.citu-web -Dmaven.home=C:\Users\99293\.m2\wrapper\dists\apache-maven-3.9.3-bin\54p6kc7m0ap3os8bc4ge28ia2\apache-maven-3.9.3 -Dclassworlds.conf=C:\Users\99293\.m2\wrapper\dists\apache-maven-3.9.3-bin\54p6kc7m0ap3os8bc4ge28ia2\apache-maven-3.9.3\bin\m2.conf -Dmaven.ext.class.path=C:\Program Files\JetBrains\IntelliJ IDEA 2022.1.2\plugins\maven\lib\maven-event-listener.jar -javaagent:C:\Program Files\JetBrains\IntelliJ IDEA 2022.1.2\lib\idea_rt.jar=64385:C:\Program Files\JetBrains\IntelliJ IDEA 2022.1.2\bin -Dfile.encoding=UTF-8 
java_command: org.codehaus.classworlds.Launcher -Didea.version=2022.1.2 package
java_class_path (initial): C:\Users\99293\.m2\wrapper\dists\apache-maven-3.9.3-bin\54p6kc7m0ap3os8bc4ge28ia2\apache-maven-3.9.3\boot\plexus-classworlds-2.7.0.jar;C:\Users\99293\.m2\wrapper\dists\apache-maven-3.9.3-bin\54p6kc7m0ap3os8bc4ge28ia2\apache-maven-3.9.3\boot\plexus-classworlds.license
Launcher Type: SUN_STANDARD

[Global flags]
     intx CICompilerCount                          = 12                                        {product} {ergonomic}
     uint ConcGCThreads                            = 3                                         {product} {ergonomic}
     uint G1ConcRefinementThreads                  = 13                                        {product} {ergonomic}
   size_t G1HeapRegionSize                         = 2097152                                   {product} {ergonomic}
    uintx GCDrainStackTargetSize                   = 64                                        {product} {ergonomic}
   size_t InitialHeapSize                          = 264241152                                 {product} {ergonomic}
   size_t MarkStackSize                            = 4194304                                   {product} {ergonomic}
   size_t MaxHeapSize                              = 4196401152                                {product} {ergonomic}
   size_t MaxNewSize                               = 2516582400                                {product} {ergonomic}
   size_t MinHeapDeltaBytes                        = 2097152                                   {product} {ergonomic}
   size_t MinHeapSize                              = 8388608                                   {product} {ergonomic}
    uintx NonNMethodCodeHeapSize                   = 7602480                                {pd product} {ergonomic}
    uintx NonProfiledCodeHeapSize                  = 122027880                              {pd product} {ergonomic}
    uintx ProfiledCodeHeapSize                     = 122027880                              {pd product} {ergonomic}
    uintx ReservedCodeCacheSize                    = 251658240                              {pd product} {ergonomic}
     bool SegmentedCodeCache                       = true                                      {product} {ergonomic}
   size_t SoftMaxHeapSize                          = 4196401152                             {manageable} {ergonomic}
     bool UseCompressedClassPointers               = true                           {product lp64_product} {ergonomic}
     bool UseCompressedOops                        = true                           {product lp64_product} {ergonomic}
     bool UseG1GC                                  = true                                      {product} {ergonomic}
     bool UseLargePagesIndividualAllocation        = false                                  {pd product} {ergonomic}

Logging:
Log output configuration:
 #0: stdout all=warning uptime,level,tags foldmultilines=false
 #1: stderr all=off uptime,level,tags foldmultilines=false

Environment Variables:
JAVA_HOME=C:\Program Files\Java\jdk-19
PATH=C:\Program Files\Common Files\Oracle\Java\javapath;C:\Windows\system32;C:\Windows;C:\Windows\System32\Wbem;C:\Windows\System32\WindowsPowerShell\v1.0\;C:\Windows\System32\OpenSSH\;C:\Program Files (x86)\NVIDIA Corporation\PhysX\Common;C:\Program Files\NVIDIA Corporation\NVIDIA NvDLISR;C:\Program Files (x86)\dotnet\;C:\WINDOWS\system32;C:\WINDOWS;C:\WINDOWS\System32\Wbem;C:\WINDOWS\System32\WindowsPowerShell\v1.0\;C:\WINDOWS\System32\OpenSSH\;C:\Program Files\Java\jdk-19\bin;C:\Program Files\Git\cmd;C:\Users\99293\AppData\Local\Programs\Python\Python311\Scripts\;C:\Users\99293\AppData\Local\Programs\Python\Python311\;C:\Users\99293\AppData\Local\Microsoft\WindowsApps;;C:\Program Files\JetBrains\IntelliJ IDEA 2022.1.2\bin;;C:\Program Files\heroku\bin
USERNAME=ASUS
OS=Windows_NT
PROCESSOR_IDENTIFIER=Intel64 Family 6 Model 154 Stepping 3, GenuineIntel
TMP=C:\Users\99293\AppData\Local\Temp
TEMP=C:\Users\99293\AppData\Local\Temp



---------------  S Y S T E M  ---------------

OS:
 Windows 11 , 64 bit Build 22621 (10.0.22621.4391)
OS uptime: 0 days 5:07 hours
Hyper-V role detected

CPU: total 16 (initial active 16) (8 cores per cpu, 2 threads per core) family 6 model 154 stepping 3 microcode 0x429, cx8, cmov, fxsr, ht, mmx, 3dnowpref, sse, sse2, sse3, ssse3, sse4.1, sse4.2, popcnt, lzcnt, tsc, tscinvbit, avx, avx2, aes, erms, clmul, bmi1, bmi2, adx, sha, fma, vzeroupper, clflush, clflushopt, clwb, hv, serialize, rdtscp, rdpid, fsrm

Memory: 4k page, system-wide physical 16004M (2788M free)
TotalPageFile size 18052M (AvailPageFile size 3M)
current process WorkingSet (physical memory assigned to process): 389M, peak: 389M
current process commit charge ("private bytes"): 493M, peak: 494M

vm_info: Java HotSpot(TM) 64-Bit Server VM (19.0.2+7-44) for windows-amd64 JRE (19.0.2+7-44), built on 2022-11-30T18:02:09Z by "mach5one" with MS VC++ 17.1 (VS2022)

END.
