#
# There is insufficient memory for the Java Runtime Environment to continue.
# Native memory allocation (mmap) failed to map 65536 bytes for Failed to commit metaspace.
# Possible reasons:
#   The system is out of physical RAM or swap space
#   The process is running with CompressedOops enabled, and the Java Heap may be blocking the growth of the native heap
# Possible solutions:
#   Reduce memory load on the system
#   Increase physical memory or swap space
#   Check if swap backing store is full
#   Decrease Java heap size (-Xmx/-Xms)
#   Decrease number of Java threads
#   Decrease Java thread stack sizes (-Xss)
#   Set larger code cache with -XX:ReservedCodeCacheSize=
#   JVM is running with Zero Based Compressed Oops mode in which the Java heap is
#     placed in the first 32GB address space. The Java Heap base address is the
#     maximum limit for the native heap growth. Please use -XX:HeapBaseMinAddress
#     to set the Java Heap base and to place the Java Heap above 32GB virtual address.
# This output file may be truncated or incomplete.
#
#  Out of Memory Error (virtualSpaceNode.cpp:110), pid=23252, tid=9536
#
# JRE version: Java(TM) SE Runtime Environment (19.0.2+7) (build 19.0.2+7-44)
# Java VM: Java HotSpot(TM) 64-Bit Server VM (19.0.2+7-44, mixed mode, sharing, tiered, compressed oops, compressed class ptrs, g1 gc, windows-amd64)
# No core dump will be written. Minidumps are not enabled by default on client versions of Windows
#

---------------  S U M M A R Y ------------

Command Line: C:\Users\99293\AppData\Local\Temp\surefire7795295217587718553\surefirebooter-20241211104526008_3.jar C:\Users\99293\AppData\Local\Temp\surefire7795295217587718553 2024-12-11T10-45-25_865-jvmRun1 surefire-20241211104526008_1tmp surefire_0-20241211104526008_2tmp

Host: 12th Gen Intel(R) Core(TM) i7-12650H, 16 cores, 15G,  Windows 11 , 64 bit Build 22621 (10.0.22621.4391)
Time: Wed Dec 11 10:45:27 2024  Windows 11 , 64 bit Build 22621 (10.0.22621.4391) elapsed time: 1.077573 seconds (0d 0h 0m 1s)

---------------  T H R E A D  ---------------

Current thread (0x000002337f12f0d0):  JavaThread "background-preinit" [_thread_in_vm, id=9536, stack(0x00000077c2800000,0x00000077c2900000)]

Stack: [0x00000077c2800000,0x00000077c2900000]
Native frames: (J=compiled Java code, j=interpreted, Vv=VM code, C=native code)
V  [jvm.dll+0x6ee21a]
V  [jvm.dll+0x85765e]
V  [jvm.dll+0x85904e]
V  [jvm.dll+0x859703]
V  [jvm.dll+0x28298f]
V  [jvm.dll+0x8532db]
V  [jvm.dll+0x692cb6]
V  [jvm.dll+0x1f2937]
V  [jvm.dll+0x6956f2]
V  [jvm.dll+0x6954de]
V  [jvm.dll+0x6936de]
V  [jvm.dll+0x214e7f]
V  [jvm.dll+0x21e36d]
V  [jvm.dll+0x21e5a5]
V  [jvm.dll+0x21ef01]
V  [jvm.dll+0x2146a1]
V  [jvm.dll+0x5a9cb6]
V  [jvm.dll+0x7cd423]
V  [jvm.dll+0x7cd504]
V  [jvm.dll+0x46ac34]
V  [jvm.dll+0x47021f]
C  [java.dll+0x17ec]

Java frames: (J=compiled Java code, j=interpreted, Vv=VM code)
J 930  java.lang.ClassLoader.defineClass1(Ljava/lang/ClassLoader;Ljava/lang/String;[BIILjava/security/ProtectionDomain;Ljava/lang/String;)Ljava/lang/Class; java.base@19.0.2 (0 bytes) @ 0x0000023369bb6683 [0x0000023369bb65c0+0x00000000000000c3]
J 929 c1 java.lang.ClassLoader.defineClass(Ljava/lang/String;[BIILjava/security/ProtectionDomain;)Ljava/lang/Class; java.base@19.0.2 (43 bytes) @ 0x000002336217d05c [0x000002336217cd00+0x000000000000035c]
J 1392 c1 java.security.SecureClassLoader.defineClass(Ljava/lang/String;[BIILjava/security/CodeSource;)Ljava/lang/Class; java.base@19.0.2 (16 bytes) @ 0x0000023362287c0c [0x0000023362287b40+0x00000000000000cc]
J 1152 c1 jdk.internal.loader.BuiltinClassLoader.defineClass(Ljava/lang/String;Ljdk/internal/loader/Resource;)Ljava/lang/Class; java.base@19.0.2 (121 bytes) @ 0x00000233621eee94 [0x00000233621edf20+0x0000000000000f74]
J 875 c1 jdk.internal.loader.BuiltinClassLoader.findClassOnClassPathOrNull(Ljava/lang/String;)Ljava/lang/Class; java.base@19.0.2 (64 bytes) @ 0x00000233621577dc [0x0000023362156b00+0x0000000000000cdc]
J 438 c1 jdk.internal.loader.BuiltinClassLoader.loadClassOrNull(Ljava/lang/String;Z)Ljava/lang/Class; java.base@19.0.2 (143 bytes) @ 0x000002336207806c [0x00000233620775e0+0x0000000000000a8c]
J 686 c1 jdk.internal.loader.ClassLoaders$AppClassLoader.loadClass(Ljava/lang/String;Z)Ljava/lang/Class; java.base@19.0.2 (40 bytes) @ 0x00000233620ebf44 [0x00000233620ebd60+0x00000000000001e4]
J 676 c1 java.lang.ClassLoader.loadClass(Ljava/lang/String;)Ljava/lang/Class; java.base@19.0.2 (7 bytes) @ 0x00000233620e8acc [0x00000233620e89c0+0x000000000000010c]
v  ~StubRoutines::call_stub 0x000002336942100e
j  com.fasterxml.jackson.databind.introspect.JacksonAnnotationIntrospector.<clinit>()V+61
v  ~StubRoutines::call_stub 0x000002336942100e
j  com.fasterxml.jackson.databind.ObjectMapper.<clinit>()V+0
v  ~StubRoutines::call_stub 0x000002336942100e
j  org.springframework.http.converter.json.Jackson2ObjectMapperBuilder.build()Lcom/fasterxml/jackson/databind/ObjectMapper;+77
j  org.springframework.http.converter.json.MappingJackson2HttpMessageConverter.<init>()V+4
j  org.springframework.http.converter.support.AllEncompassingFormHttpMessageConverter.<init>()V+55
j  org.springframework.boot.autoconfigure.BackgroundPreinitializer$MessageConverterInitializer.run()V+4
j  org.springframework.boot.autoconfigure.BackgroundPreinitializer$1.runSafely(Ljava/lang/Runnable;)Z+1
j  org.springframework.boot.autoconfigure.BackgroundPreinitializer$1.run()V+32
j  java.lang.Thread.run()V+13 java.base@19.0.2
v  ~StubRoutines::call_stub 0x000002336942100e

Compiled method (n/a)    1090  930     n 0       java.lang.ClassLoader::defineClass1 (native)
 total in heap  [0x0000023369bb6410,0x0000023369bb6a68] = 1624
 relocation     [0x0000023369bb6570,0x0000023369bb65a8] = 56
 main code      [0x0000023369bb65c0,0x0000023369bb6a62] = 1186
 stub code      [0x0000023369bb6a62,0x0000023369bb6a68] = 6

[Constant Pool (empty)]

[MachCode]
[Entry Point]
  # {method} {0x0000000800435c20} 'defineClass1' '(Ljava/lang/ClassLoader;Ljava/lang/String;[BIILjava/security/ProtectionDomain;Ljava/lang/String;)Ljava/lang/Class;' in 'java/lang/ClassLoader'
  # parm0:    rdx:rdx   = 'java/lang/ClassLoader'
  # parm1:    r8:r8     = 'java/lang/String'
  # parm2:    r9:r9     = '[B'
  # parm3:    rdi       = int
  # parm4:    rsi       = int
  # parm5:    rcx:rcx   = 'java/security/ProtectionDomain'
  # parm6:    [sp+0xa0]   = 'java/lang/String'  (sp of caller)
  0x0000023369bb65c0: 448b 5208 | 49bb 0000 | 0000 0800 | 0000 4d03 | d349 3bc2 | 0f84 0600 

  0x0000023369bb65d8: ;   {runtime_call ic_miss_stub}
  0x0000023369bb65d8: 0000 e9a1 | b18c ff90 
[Verified Entry Point]
  0x0000023369bb65e0: 8984 2400 | 90ff ff55 | 488b ec48 | 81ec 9000 | 0000 4881 | 7d10 0000 | 0000 488d | 4510 480f 
  0x0000023369bb6600: 4445 1048 | 8944 2440 | 4889 4c24 | 7048 83f9 | 0048 8d44 | 2470 480f | 4444 2470 | 4889 4424 
  0x0000023369bb6620: 3848 8974 | 2430 4889 | 7c24 284c | 894c 2458 | 4983 f900 | 488d 4424 | 5848 0f44 | 4424 5848 
  0x0000023369bb6640: 8944 2420 | 4c89 4424 | 5049 83f8 | 004c 8d4c | 2450 4c0f | 444c 2450 | 4889 5424 | 4848 83fa 
  0x0000023369bb6660: 004c 8d44 | 2448 4c0f | 4444 2448 

  0x0000023369bb666c: ;   {oop(a 'java/lang/Class'{0x0000000706093888} = 'java/lang/ClassLoader')}
  0x0000023369bb666c: 49be 8838 | 0906 0700 | 0000 4c89 | 7424 784c | 8d74 2478 | 498b d6c5 

  0x0000023369bb6684: ;   {internal_word}
  0x0000023369bb6684: f877 49ba | 8366 bb69 | 3302 0000 | 4d89 97c8 | 0200 0049 | 89a7 c002 

  0x0000023369bb669c: ;   {external_word}
  0x0000023369bb669c: 0000 49ba | c984 c462 | fa7f 0000 | 4180 3a00 | 0f84 5000 | 0000 5241 

  0x0000023369bb66b4: ;   {metadata({method} {0x0000000800435c20} 'defineClass1' '(Ljava/lang/ClassLoader;Ljava/lang/String;[BIILjava/security/ProtectionDomain;Ljava/lang/String;)Ljava/lang/Class;' in 'java/lang/ClassLoader')}
  0x0000023369bb66b4: 5041 5148 | ba18 5c43 | 0008 0000 | 0049 8bcf | 4883 ec20 | 40f6 c40f | 0f84 1a00 | 0000 4883 
  0x0000023369bb66d4: ;   {runtime_call}
  0x0000023369bb66d4: ec08 49ba | d027 7c62 | fa7f 0000 | 41ff d248 | 83c4 08e9 | 0d00 0000 

  0x0000023369bb66ec: ;   {runtime_call}
  0x0000023369bb66ec: 49ba d027 | 7c62 fa7f | 0000 41ff | d248 83c4 | 2041 5941 | 585a 498d | 8fe0 0200 | 0041 c787 
  0x0000023369bb670c: 7403 0000 | 0400 0000 

  0x0000023369bb6714: ;   {runtime_call}
  0x0000023369bb6714: 49ba ac16 | 54d6 fa7f | 0000 41ff | d2c5 f877 | 41c7 8774 | 0300 0005 | 0000 00f0 | 8344 24c0 
  0x0000023369bb6734: 0049 3baf | 7803 0000 | 0f87 1100 | 0000 4181 | bf70 0300 | 0000 0000 | 000f 842c | 0000 00c5 
  0x0000023369bb6754: f877 4889 | 45f8 498b | cf4c 8be4 | 4883 ec20 | 4883 e4f0 

  0x0000023369bb6768: ;   {runtime_call}
  0x0000023369bb6768: 49ba 0015 | 8762 fa7f | 0000 41ff | d249 8be4 | 4d33 e448 | 8b45 f841 | c787 7403 | 0000 0800 
  0x0000023369bb6788: 0000 4181 | bfe8 0300 | 0002 0000 | 000f 8499 

  0x0000023369bb6798: ;   {external_word}
  0x0000023369bb6798: 0200 0049 | bac9 84c4 | 62fa 7f00 | 0041 803a | 000f 844e | 0000 0048 

  0x0000023369bb67b0: ;   {metadata({method} {0x0000000800435c20} 'defineClass1' '(Ljava/lang/ClassLoader;Ljava/lang/String;[BIILjava/security/ProtectionDomain;Ljava/lang/String;)Ljava/lang/Class;' in 'java/lang/ClassLoader')}
  0x0000023369bb67b0: 8945 f848 | ba18 5c43 | 0008 0000 | 0049 8bcf | 4883 ec20 | 40f6 c40f | 0f84 1a00 | 0000 4883 
  0x0000023369bb67d0: ;   {runtime_call}
  0x0000023369bb67d0: ec08 49ba | d027 7c62 | fa7f 0000 | 41ff d248 | 83c4 08e9 | 0d00 0000 

  0x0000023369bb67e8: ;   {runtime_call}
  0x0000023369bb67e8: 49ba d027 | 7c62 fa7f | 0000 41ff | d248 83c4 | 2048 8b45 | f849 c787 | c002 0000 | 0000 0000 
  0x0000023369bb6808: 49c7 87c8 | 0200 0000 | 0000 00c5 | f877 4885 | c00f 84ef | 0100 00a8 | 010f 84e4 | 0100 0048 
  0x0000023369bb6828: 8b40 ff41 | 807f 4000 | 0f84 d001 | 0000 4883 | f800 0f84 | c601 0000 | 498b 4f28 | 4883 f900 
  0x0000023369bb6848: 0f84 1400 | 0000 4883 | e908 4989 | 4f28 4903 | 4f38 4889 | 01e9 a401 | 0000 4881 | ecd0 0000 
  0x0000023369bb6868: 0048 8904 | 2448 894c | 2408 4889 | 5424 1048 | 8974 2418 | 4889 7c24 | 204c 8944 | 2428 4c89 
  0x0000023369bb6888: 4c24 304c | 8954 2438 | 4c89 5c24 | 40c5 fb11 | 4424 50c5 | fb11 4c24 | 58c5 fb11 | 5424 60c5 
  0x0000023369bb68a8: fb11 5c24 | 68c5 fb11 | 6424 70c5 | fb11 6c24 | 78c5 fb11 | b424 8000 | 0000 c5fb | 11bc 2488 
  0x0000023369bb68c8: 0000 00c5 | 7b11 8424 | 9000 0000 | c57b 118c | 2498 0000 | 00c5 7b11 | 9424 a000 | 0000 c57b 
  0x0000023369bb68e8: 119c 24a8 | 0000 00c5 | 7b11 a424 | b000 0000 | c57b 11ac | 24b8 0000 | 00c5 7b11 | b424 c000 
  0x0000023369bb6908: 0000 c57b | 11bc 24c8 | 0000 0049 | 8bd7 488b | c848 83ec | 2040 f6c4 | 0f0f 841a | 0000 0048 
  0x0000023369bb6928: ;   {runtime_call}
  0x0000023369bb6928: 83ec 0849 | bab0 1e39 | 62fa 7f00 | 0041 ffd2 | 4883 c408 | e90d 0000 

  0x0000023369bb6940: ;   {runtime_call}
  0x0000023369bb6940: 0049 bab0 | 1e39 62fa | 7f00 0041 | ffd2 4883 | c420 c57b | 10bc 24c8 | 0000 00c5 | 7b10 b424 
  0x0000023369bb6960: c000 0000 | c57b 10ac | 24b8 0000 | 00c5 7b10 | a424 b000 | 0000 c57b | 109c 24a8 | 0000 00c5 
  0x0000023369bb6980: 7b10 9424 | a000 0000 | c57b 108c | 2498 0000 | 00c5 7b10 | 8424 9000 | 0000 c5fb | 10bc 2488 
  0x0000023369bb69a0: 0000 00c5 | fb10 b424 | 8000 0000 | c5fb 106c | 2478 c5fb | 1064 2470 | c5fb 105c | 2468 c5fb 
  0x0000023369bb69c0: 1054 2460 | c5fb 104c | 2458 c5fb | 1044 2450 | 4c8b 5c24 | 404c 8b54 | 2438 4c8b | 4c24 304c 
  0x0000023369bb69e0: 8b44 2428 | 488b 7c24 | 2048 8b74 | 2418 488b | 5424 1048 | 8b4c 2408 | 488b 0424 | 4881 c4d0 
  0x0000023369bb6a00: 0000 00c5 | f877 e903 | 0000 0048 | 8b00 498b | 8f50 0300 | 00c7 8100 | 0100 0000 | 0000 00c9 
  0x0000023369bb6a20: 4981 7f08 | 0000 0000 | 0f85 0100 

  0x0000023369bb6a2c: ;   {runtime_call StubRoutines (1)}
  0x0000023369bb6a2c: 0000 c3e9 | cca4 86ff | c5f8 7748 | 8945 f84c | 8be4 4883 | ec20 4883 

  0x0000023369bb6a44: ;   {runtime_call}
  0x0000023369bb6a44: e4f0 49ba | 305c 7c62 | fa7f 0000 | 41ff d249 | 8be4 4d33 | e448 8b45 | f8e9 39fd | ffff f4f4 
  0x0000023369bb6a64: f4f4 f4f4 
[/MachCode]


Compiled method (c1)    1095  929       3       java.lang.ClassLoader::defineClass (43 bytes)
 total in heap  [0x000002336217cb10,0x000002336217d448] = 2360
 relocation     [0x000002336217cc70,0x000002336217cd00] = 144
 main code      [0x000002336217cd00,0x000002336217d1a0] = 1184
 stub code      [0x000002336217d1a0,0x000002336217d218] = 120
 metadata       [0x000002336217d218,0x000002336217d248] = 48
 scopes data    [0x000002336217d248,0x000002336217d338] = 240
 scopes pcs     [0x000002336217d338,0x000002336217d418] = 224
 dependencies   [0x000002336217d418,0x000002336217d420] = 8
 nul chk table  [0x000002336217d420,0x000002336217d448] = 40

[Constant Pool (empty)]

[MachCode]
[Entry Point]
  # {method} {0x0000000800435f48} 'defineClass' '(Ljava/lang/String;[BIILjava/security/ProtectionDomain;)Ljava/lang/Class;' in 'java/lang/ClassLoader'
  # this:     rdx:rdx   = 'java/lang/ClassLoader'
  # parm0:    r8:r8     = 'java/lang/String'
  # parm1:    r9:r9     = '[B'
  # parm2:    rdi       = int
  # parm3:    rsi       = int
  # parm4:    rcx:rcx   = 'java/security/ProtectionDomain'
  #           [sp+0xc0]  (sp of caller)
  0x000002336217cd00: 448b 5208 | 49bb 0000 | 0000 0800 | 0000 4d03 | d34c 3bd0 

  0x000002336217cd14: ;   {runtime_call ic_miss_stub}
  0x000002336217cd14: 0f85 664a | 3007 660f | 1f44 0000 
[Verified Entry Point]
  0x000002336217cd20: 8984 2400 | 90ff ff55 | 4881 ecb0 | 0000 0048 | 8954 2478 

  0x000002336217cd34: ;   {metadata(method data for {method} {0x0000000800435f48} 'defineClass' '(Ljava/lang/String;[BIILjava/security/ProtectionDomain;)Ljava/lang/Class;' in 'java/lang/ClassLoader')}
  0x000002336217cd34: 48bb 88ef | 1a00 3302 | 0000 8b83 | cc00 0000 | 83c0 0289 | 83cc 0000 | 0025 fe07 | 0000 83f8 
  0x000002336217cd54: 000f 8457 | 0300 0089 | b424 9400 | 0000 89bc | 2490 0000 | 004c 898c | 2488 0000 | 0048 8bda 
  0x000002336217cd74: ;   {metadata(method data for {method} {0x0000000800435f48} 'defineClass' '(Ljava/lang/String;[BIILjava/security/ProtectionDomain;)Ljava/lang/Class;' in 'java/lang/ClassLoader')}
  0x000002336217cd74: 48b8 88ef | 1a00 3302 | 0000 4883 | 8010 0100 | 0001 498b | d84c 8bc3 | 4c8b c948 | 8bca 488b 
  0x000002336217cd94: d148 899c | 2480 0000 

  0x000002336217cd9c: ;   {optimized virtual_call}
  0x000002336217cd9c: 0066 90e8 

  0x000002336217cda0: ; ImmutableOopMap {[120]=Oop [128]=Oop [136]=Oop }
                      ;*invokevirtual preDefineClass {reexecute=0 rethrow=0 return_oop=0}
                      ; - java.lang.ClassLoader::defineClass@4 (line 1011)
  0x000002336217cda0: 5c64 0d00 | 4889 8424 | 9800 0000 | 488b 5424 

  0x000002336217cdb0: ;   {metadata(method data for {method} {0x0000000800435f48} 'defineClass' '(Ljava/lang/String;[BIILjava/security/ProtectionDomain;)Ljava/lang/Class;' in 'java/lang/ClassLoader')}
  0x000002336217cdb0: 7849 b888 | ef1a 0033 | 0200 0049 | 8380 4801 

  0x000002336217cdc0: ;   {metadata(method data for {method} {0x0000000800435c88} 'defineClassSourceLocation' '(Ljava/security/ProtectionDomain;)Ljava/lang/String;' in 'java/lang/ClassLoader')}
  0x000002336217cdc0: 0000 0149 | b8c0 f91a | 0033 0200 | 0041 8b90 | cc00 0000 | 83c2 0241 | 8990 cc00 | 0000 81e2 
  0x000002336217cde0: feff 1f00 | 83fa 000f | 84e6 0200 | 0048 3b00 

  0x000002336217cdf0: ;   {metadata(method data for {method} {0x0000000800435c88} 'defineClassSourceLocation' '(Ljava/security/ProtectionDomain;)Ljava/lang/String;' in 'java/lang/ClassLoader')}
  0x000002336217cdf0: 4c8b c048 | bac0 f91a | 0033 0200 | 0048 8382 | 1001 0000 | 0144 8b40 | 1049 c1e0 | 0349 83f8 
  0x000002336217ce10: ;   {metadata(method data for {method} {0x0000000800435c88} 'defineClassSourceLocation' '(Ljava/security/ProtectionDomain;)Ljava/lang/String;' in 'java/lang/ClassLoader')}
  0x000002336217ce10: 0048 bac0 | f91a 0033 | 0200 0048 | be58 0100 | 0000 0000 | 000f 850a | 0000 0048 | be48 0100 
  0x000002336217ce30: 0000 0000 | 0048 8b3c | 3248 8d7f | 0148 893c | 320f 850f 

  0x000002336217ce44: ;   {oop(NULL)}
  0x000002336217ce44: 0000 0048 | bb00 0000 | 0000 0000 | 00e9 b101 | 0000 493b | 0049 8bd0 

  0x000002336217ce5c: ;   {metadata(method data for {method} {0x0000000800435c88} 'defineClassSourceLocation' '(Ljava/security/ProtectionDomain;)Ljava/lang/String;' in 'java/lang/ClassLoader')}
  0x000002336217ce5c: 48be c0f9 | 1a00 3302 | 0000 4883 | 8668 0100 | 0001 418b | 500c 48c1 | e203 4883 

  0x000002336217ce78: ;   {metadata(method data for {method} {0x0000000800435c88} 'defineClassSourceLocation' '(Ljava/security/ProtectionDomain;)Ljava/lang/String;' in 'java/lang/ClassLoader')}
  0x000002336217ce78: fa00 48be | c0f9 1a00 | 3302 0000 | 48bf b001 | 0000 0000 | 0000 0f85 | 0a00 0000 | 48bf a001 
  0x000002336217ce98: 0000 0000 | 0000 488b | 1c3e 488d | 5b01 4889 | 1c3e 0f85 | 0f00 0000 

  0x000002336217ceb0: ;   {oop(NULL)}
  0x000002336217ceb0: 48bb 0000 | 0000 0000 | 0000 e948 

  0x000002336217cebc: ;   {metadata(method data for {method} {0x0000000800435c88} 'defineClassSourceLocation' '(Ljava/security/ProtectionDomain;)Ljava/lang/String;' in 'java/lang/ClassLoader')}
  0x000002336217cebc: 0100 0048 | bec0 f91a | 0033 0200 | 0048 8386 | c001 0000 | 0148 3b02 

  0x000002336217ced4: ;   {metadata(method data for {method} {0x0000000800435c88} 'defineClassSourceLocation' '(Ljava/security/ProtectionDomain;)Ljava/lang/String;' in 'java/lang/ClassLoader')}
  0x000002336217ced4: 4c8b c248 | bec0 f91a | 0033 0200 | 0048 8386 | f801 0000 

  0x000002336217cee8: ;   {metadata(method data for {method} {0x0000000800068628} 'toString' '()Ljava/lang/String;' in 'java/net/URL')}
  0x000002336217cee8: 0149 b878 | c017 0033 | 0200 0041 | 8bb0 cc00 | 0000 83c6 | 0241 89b0 | cc00 0000 | 81e6 feff 
  0x000002336217cf08: 1f00 83fe | 000f 84f0 | 0100 004c 

  0x000002336217cf14: ;   {metadata(method data for {method} {0x0000000800068628} 'toString' '()Ljava/lang/String;' in 'java/net/URL')}
  0x000002336217cf14: 8bc2 48be | 78c0 1700 | 3302 0000 | 4883 8610 | 0100 0001 

  0x000002336217cf28: ;   {metadata(method data for {method} {0x0000000800068ec0} 'toExternalForm' '()Ljava/lang/String;' in 'java/net/URL')}
  0x000002336217cf28: 49b8 00c2 | 1700 3302 | 0000 418b | b0cc 0000 | 0083 c602 | 4189 b0cc | 0000 0081 | e6fe ff1f 
  0x000002336217cf48: 0083 fe00 | 0f84 d201 | 0000 8b72 | 3848 c1e6 | 0348 3b06 

  0x000002336217cf5c: ;   {metadata(method data for {method} {0x0000000800068ec0} 'toExternalForm' '()Ljava/lang/String;' in 'java/net/URL')}
  0x000002336217cf5c: 4c8b c648 | bf00 c217 | 0033 0200 | 0045 8b40 | 0849 ba00 | 0000 0008 | 0000 004d | 03c2 4c3b 
  0x000002336217cf7c: 8720 0100 | 0075 0d48 | 8387 2801 | 0000 01e9 | 6600 0000 | 4c3b 8730 | 0100 0075 | 0d48 8387 
  0x000002336217cf9c: 3801 0000 | 01e9 5000 | 0000 4881 | bf20 0100 | 0000 0000 | 0075 174c | 8987 2001 | 0000 48c7 
  0x000002336217cfbc: 8728 0100 | 0001 0000 | 00e9 2c00 | 0000 4881 | bf30 0100 | 0000 0000 | 0075 174c | 8987 3001 
  0x000002336217cfdc: 0000 48c7 | 8738 0100 | 0001 0000 | 00e9 0800 | 0000 4883 | 8710 0100 | 0001 4c8b | c248 8bd6 
  0x000002336217cffc: ;   {optimized virtual_call}
  0x000002336217cffc: 6666 90e8 

  0x000002336217d000: ; ImmutableOopMap {[120]=Oop [128]=Oop [136]=Oop [152]=Oop }
                      ;*invokevirtual toExternalForm {reexecute=0 rethrow=0 return_oop=0}
                      ; - java.net.URL::toExternalForm@5 (line 1040)
                      ; - java.net.URL::toString@1 (line 1026)
                      ; - java.lang.ClassLoader::defineClassSourceLocation@22 (line 913)
                      ; - java.lang.ClassLoader::defineClass@12 (line 1012)
  0x000002336217d000: 7c29 faff | 488b d848 | 8b84 2498 | 0000 008b | b424 9400 | 0000 8bbc | 2490 0000 | 004c 8b8c 
  0x000002336217d020: 2488 0000 | 004c 8b84 | 2480 0000 | 0048 8b54 

  0x000002336217d030: ;   {metadata(method data for {method} {0x0000000800435f48} 'defineClass' '(Ljava/lang/String;[BIILjava/security/ProtectionDomain;)Ljava/lang/Class;' in 'java/lang/ClassLoader')}
  0x000002336217d030: 2478 48b9 | 88ef 1a00 | 3302 0000 | 4883 8180 | 0100 0001 | 4c8b da49 | 8bd3 488b | c848 891c 
  0x000002336217d050: 2466 0f1f 

  0x000002336217d054: ;   {static_call}
  0x000002336217d054: 4400 00e8 

  0x000002336217d058: ; ImmutableOopMap {[120]=Oop [152]=Oop }
                      ;*invokestatic defineClass1 {reexecute=0 rethrow=0 return_oop=0}
                      ; - java.lang.ClassLoader::defineClass@27 (line 1013)
  0x000002336217d058: 8495 a307 | 488b 5424 

  0x000002336217d060: ;   {metadata(method data for {method} {0x0000000800435f48} 'defineClass' '(Ljava/lang/String;[BIILjava/security/ProtectionDomain;)Ljava/lang/Class;' in 'java/lang/ClassLoader')}
  0x000002336217d060: 7849 b888 | ef1a 0033 | 0200 0049 | 8380 9001 | 0000 014c | 8bc0 4c8b | 8c24 9800 | 0000 488b 
  0x000002336217d080: 5424 7848 | 8984 24a0 | 0000 000f 

  0x000002336217d08c: ;   {optimized virtual_call}
  0x000002336217d08c: 1f40 00e8 

  0x000002336217d090: ; ImmutableOopMap {[160]=Oop }
                      ;*invokevirtual postDefineClass {reexecute=0 rethrow=0 return_oop=0}
                      ; - java.lang.ClassLoader::defineClass@37 (line 1014)
  0x000002336217d090: 0c03 0d00 | 488b 8424 | a000 0000 | 4881 c4b0 | 0000 005d 

  0x000002336217d0a4: ;   {poll_return}
  0x000002336217d0a4: 493b a778 | 0300 000f | 8799 0000 

  0x000002336217d0b0: ;   {metadata({method} {0x0000000800435f48} 'defineClass' '(Ljava/lang/String;[BIILjava/security/ProtectionDomain;)Ljava/lang/Class;' in 'java/lang/ClassLoader')}
  0x000002336217d0b0: 00c3 49ba | 405f 4300 | 0800 0000 | 4c89 5424 | 0848 c704 | 24ff ffff 

  0x000002336217d0c8: ;   {runtime_call counter_overflow Runtime1 stub}
  0x000002336217d0c8: ffe8 3217 

  0x000002336217d0cc: ; ImmutableOopMap {rdx=Oop r8=Oop r9=Oop rcx=Oop [120]=Oop }
                      ;*synchronization entry
                      ; - java.lang.ClassLoader::defineClass@-1 (line 1011)
  0x000002336217d0cc: 3b07 e988 

  0x000002336217d0d0: ;   {metadata({method} {0x0000000800435c88} 'defineClassSourceLocation' '(Ljava/security/ProtectionDomain;)Ljava/lang/String;' in 'java/lang/ClassLoader')}
  0x000002336217d0d0: fcff ff49 | ba80 5c43 | 0008 0000 | 004c 8954 | 2408 48c7 | 0424 ffff 

  0x000002336217d0e8: ;   {runtime_call counter_overflow Runtime1 stub}
  0x000002336217d0e8: ffff e811 

  0x000002336217d0ec: ; ImmutableOopMap {rax=Oop [120]=Oop [128]=Oop [136]=Oop [152]=Oop }
                      ;*synchronization entry
                      ; - java.lang.ClassLoader::defineClassSourceLocation@-1 (line 910)
                      ; - java.lang.ClassLoader::defineClass@12 (line 1012)
  0x000002336217d0ec: 173b 07e9 | f9fc ffff 

  0x000002336217d0f4: ;   {runtime_call throw_null_pointer_exception Runtime1 stub}
  0x000002336217d0f4: e827 c63a 

  0x000002336217d0f8: ; ImmutableOopMap {rax=Oop [120]=Oop [128]=Oop [136]=Oop [152]=Oop }
                      ;*invokevirtual getCodeSource {reexecute=0 rethrow=0 return_oop=0}
                      ; - java.lang.ClassLoader::defineClassSourceLocation@1 (line 910)
                      ; - java.lang.ClassLoader::defineClass@12 (line 1012)
                      ;   {runtime_call throw_null_pointer_exception Runtime1 stub}
  0x000002336217d0f8: 07e8 22c6 

  0x000002336217d0fc: ; ImmutableOopMap {rax=Oop r8=Oop [120]=Oop [128]=Oop [136]=Oop [152]=Oop }
                      ;*invokevirtual getLocation {reexecute=0 rethrow=0 return_oop=0}
                      ; - java.lang.ClassLoader::defineClassSourceLocation@12 (line 912)
                      ; - java.lang.ClassLoader::defineClass@12 (line 1012)
                      ;   {runtime_call throw_null_pointer_exception Runtime1 stub}
  0x000002336217d0fc: 3a07 e81d 

  0x000002336217d100: ; ImmutableOopMap {rdx=Oop [120]=Oop [128]=Oop [136]=Oop [152]=Oop }
                      ;*invokevirtual toString {reexecute=0 rethrow=0 return_oop=0}
                      ; - java.lang.ClassLoader::defineClassSourceLocation@22 (line 913)
                      ; - java.lang.ClassLoader::defineClass@12 (line 1012)
                      ;   {metadata({method} {0x0000000800068628} 'toString' '()Ljava/lang/String;' in 'java/net/URL')}
  0x000002336217d100: c63a 0749 | ba20 8606 | 0008 0000 | 004c 8954 | 2408 48c7 | 0424 ffff 

  0x000002336217d118: ;   {runtime_call counter_overflow Runtime1 stub}
  0x000002336217d118: ffff e8e1 

  0x000002336217d11c: ; ImmutableOopMap {rdx=Oop [120]=Oop [128]=Oop [136]=Oop [152]=Oop }
                      ;*synchronization entry
                      ; - java.net.URL::toString@-1 (line 1026)
                      ; - java.lang.ClassLoader::defineClassSourceLocation@22 (line 913)
                      ; - java.lang.ClassLoader::defineClass@12 (line 1012)
  0x000002336217d11c: 163b 07e9 | effd ffff 

  0x000002336217d124: ;   {metadata({method} {0x0000000800068ec0} 'toExternalForm' '()Ljava/lang/String;' in 'java/net/URL')}
  0x000002336217d124: 49ba b88e | 0600 0800 | 0000 4c89 | 5424 0848 | c704 24ff 

  0x000002336217d138: ;   {runtime_call counter_overflow Runtime1 stub}
  0x000002336217d138: ffff ffe8 

  0x000002336217d13c: ; ImmutableOopMap {rdx=Oop [120]=Oop [128]=Oop [136]=Oop [152]=Oop }
                      ;*synchronization entry
                      ; - java.net.URL::toExternalForm@-1 (line 1040)
                      ; - java.net.URL::toString@1 (line 1026)
                      ; - java.lang.ClassLoader::defineClassSourceLocation@22 (line 913)
                      ; - java.lang.ClassLoader::defineClass@12 (line 1012)
  0x000002336217d13c: c016 3b07 | e90d feff 

  0x000002336217d144: ;   {runtime_call throw_null_pointer_exception Runtime1 stub}
  0x000002336217d144: ffe8 d6c5 

  0x000002336217d148: ; ImmutableOopMap {rdx=Oop rsi=Oop [120]=Oop [128]=Oop [136]=Oop [152]=Oop }
                      ;*invokevirtual toExternalForm {reexecute=0 rethrow=0 return_oop=0}
                      ; - java.net.URL::toExternalForm@5 (line 1040)
                      ; - java.net.URL::toString@1 (line 1026)
                      ; - java.lang.ClassLoader::defineClassSourceLocation@22 (line 913)
                      ; - java.lang.ClassLoader::defineClass@12 (line 1012)
                      ;   {internal_word}
  0x000002336217d148: 3a07 49ba | a4d0 1762 | 3302 0000 | 4d89 9790 

  0x000002336217d158: ;   {runtime_call SafepointBlob}
  0x000002336217d158: 0300 00e9 | a0ac 3007 | 498b 8720 | 0400 0049 | c787 2004 | 0000 0000 | 0000 49c7 | 8728 0400 
  0x000002336217d178: 0000 0000 | 0048 81c4 | b000 0000 

  0x000002336217d184: ;   {runtime_call unwind_exception Runtime1 stub}
  0x000002336217d184: 5de9 f6e5 | 3107 f4f4 | f4f4 f4f4 | f4f4 f4f4 | f4f4 f4f4 | f4f4 f4f4 | f4f4 f4f4 
[Stub Code]
  0x000002336217d1a0: ;   {no_reloc}
  0x000002336217d1a0: 0f1f 4400 

  0x000002336217d1a4: ;   {static_stub}
  0x000002336217d1a4: 0048 bbd8 | 5c43 0008 

  0x000002336217d1ac: ;   {runtime_call I2C/C2I adapters}
  0x000002336217d1ac: 0000 00e9 | 2d11 3007 

  0x000002336217d1b4: ;   {static_stub}
  0x000002336217d1b4: 9048 bb00 | 0000 0000 

  0x000002336217d1bc: ;   {runtime_call}
  0x000002336217d1bc: 0000 00e9 | fbff ffff 

  0x000002336217d1c4: ;   {static_stub}
  0x000002336217d1c4: 9048 bb00 | 0000 0000 

  0x000002336217d1cc: ;   {runtime_call}
  0x000002336217d1cc: 0000 00e9 | fbff ffff 

  0x000002336217d1d4: ;   {static_stub}
  0x000002336217d1d4: 9048 bbc0 | 5b43 0008 

  0x000002336217d1dc: ;   {runtime_call I2C/C2I adapters}
  0x000002336217d1dc: 0000 00e9 | fd10 3007 
[Exception Handler]
  0x000002336217d1e4: ;   {runtime_call handle_exception_from_callee Runtime1 stub}
  0x000002336217d1e4: e817 e33a 

  0x000002336217d1e8: ;   {external_word}
  0x000002336217d1e8: 0748 b928 | 499d 62fa | 7f00 0048 

  0x000002336217d1f4: ;   {runtime_call}
  0x000002336217d1f4: 83e4 f049 | bab0 f868 | 62fa 7f00 | 0041 ffd2 

  0x000002336217d204: ;   {section_word}
  0x000002336217d204: f449 ba05 | d217 6233 | 0200 0041 

  0x000002336217d210: ;   {runtime_call DeoptimizationBlob}
  0x000002336217d210: 52e9 8a9e | 3007 f4f4 
[/MachCode]


Compiled method (c1)    1103 1392       3       java.security.SecureClassLoader::defineClass (16 bytes)
 total in heap  [0x0000023362287990,0x0000023362287d80] = 1008
 relocation     [0x0000023362287af0,0x0000023362287b38] = 72
 main code      [0x0000023362287b40,0x0000023362287c80] = 320
 stub code      [0x0000023362287c80,0x0000023362287cd8] = 88
 metadata       [0x0000023362287cd8,0x0000023362287ce0] = 8
 scopes data    [0x0000023362287ce0,0x0000023362287d28] = 72
 scopes pcs     [0x0000023362287d28,0x0000023362287d78] = 80
 dependencies   [0x0000023362287d78,0x0000023362287d80] = 8

[Constant Pool (empty)]

[MachCode]
[Entry Point]
  # {method} {0x0000000800066b18} 'defineClass' '(Ljava/lang/String;[BIILjava/security/CodeSource;)Ljava/lang/Class;' in 'java/security/SecureClassLoader'
  # this:     rdx:rdx   = 'java/security/SecureClassLoader'
  # parm0:    r8:r8     = 'java/lang/String'
  # parm1:    r9:r9     = '[B'
  # parm2:    rdi       = int
  # parm3:    rsi       = int
  # parm4:    rcx:rcx   = 'java/security/CodeSource'
  #           [sp+0x80]  (sp of caller)
  0x0000023362287b40: 448b 5208 | 49bb 0000 | 0000 0800 | 0000 4d03 | d34c 3bd0 

  0x0000023362287b54: ;   {runtime_call ic_miss_stub}
  0x0000023362287b54: 0f85 269c | 1f07 660f | 1f44 0000 
[Verified Entry Point]
  0x0000023362287b60: 8984 2400 | 90ff ff55 | 4883 ec70 

  0x0000023362287b6c: ;   {metadata(method data for {method} {0x0000000800066b18} 'defineClass' '(Ljava/lang/String;[BIILjava/security/CodeSource;)Ljava/lang/Class;' in 'java/security/SecureClassLoader')}
  0x0000023362287b6c: 48bb c8b9 | 2100 3302 | 0000 8b83 | cc00 0000 | 83c0 0289 | 83cc 0000 | 0025 fe07 | 0000 83f8 
  0x0000023362287b8c: 000f 848c | 0000 0089 | 7424 5c89 | 7c24 584c | 894c 2450 | 4c89 4424 | 4848 8bda 

  0x0000023362287ba8: ;   {metadata(method data for {method} {0x0000000800066b18} 'defineClass' '(Ljava/lang/String;[BIILjava/security/CodeSource;)Ljava/lang/Class;' in 'java/security/SecureClassLoader')}
  0x0000023362287ba8: 48b8 c8b9 | 2100 3302 | 0000 4883 | 8010 0100 | 0001 4c8b | c148 8bc2 | 488b d048 | 8944 2440 
  0x0000023362287bc8: 0f1f 8000 

  0x0000023362287bcc: ;   {optimized virtual_call}
  0x0000023362287bcc: 0000 00e8 

  0x0000023362287bd0: ; ImmutableOopMap {[64]=Oop [72]=Oop [80]=Oop }
                      ;*invokevirtual getProtectionDomain {reexecute=0 rethrow=0 return_oop=0}
                      ; - java.security.SecureClassLoader::defineClass@9 (line 150)
  0x0000023362287bd0: 4c4d fcff | 488b 5424 

  0x0000023362287bd8: ;   {metadata(method data for {method} {0x0000000800066b18} 'defineClass' '(Ljava/lang/String;[BIILjava/security/CodeSource;)Ljava/lang/Class;' in 'java/security/SecureClassLoader')}
  0x0000023362287bd8: 4049 b8c8 | b921 0033 | 0200 0049 | 8380 4801 | 0000 014c | 8b44 2448 | 4c8b 4c24 | 508b 7c24 
  0x0000023362287bf8: 588b 7424 | 5c48 8bc8 | 488b 5424 

  0x0000023362287c04: ;   {optimized virtual_call}
  0x0000023362287c04: 4066 90e8 

  0x0000023362287c08: ; ImmutableOopMap {}
                      ;*invokevirtual defineClass {reexecute=0 rethrow=0 return_oop=0}
                      ; - java.security.SecureClassLoader::defineClass@12 (line 150)
  0x0000023362287c08: 1451 efff | 4883 c470 

  0x0000023362287c10: ;   {poll_return}
  0x0000023362287c10: 5d49 3ba7 | 7803 0000 | 0f87 2200 

  0x0000023362287c1c: ;   {metadata({method} {0x0000000800066b18} 'defineClass' '(Ljava/lang/String;[BIILjava/security/CodeSource;)Ljava/lang/Class;' in 'java/security/SecureClassLoader')}
  0x0000023362287c1c: 0000 c349 | ba10 6b06 | 0008 0000 | 004c 8954 | 2408 48c7 | 0424 ffff 

  0x0000023362287c34: ;   {runtime_call counter_overflow Runtime1 stub}
  0x0000023362287c34: ffff e8c5 

  0x0000023362287c38: ; ImmutableOopMap {rdx=Oop r8=Oop r9=Oop rcx=Oop }
                      ;*synchronization entry
                      ; - java.security.SecureClassLoader::defineClass@-1 (line 150)
  0x0000023362287c38: 6b2a 07e9 | 53ff ffff 

  0x0000023362287c40: ;   {internal_word}
  0x0000023362287c40: 49ba 117c | 2862 3302 | 0000 4d89 | 9790 0300 

  0x0000023362287c50: ;   {runtime_call SafepointBlob}
  0x0000023362287c50: 00e9 aa01 | 2007 498b | 8720 0400 | 0049 c787 | 2004 0000 | 0000 0000 | 49c7 8728 | 0400 0000 
  0x0000023362287c70: 0000 0048 | 83c4 705d 

  0x0000023362287c78: ;   {runtime_call unwind_exception Runtime1 stub}
  0x0000023362287c78: e903 3b21 | 07f4 f4f4 
[Stub Code]
  0x0000023362287c80: ;   {no_reloc}
  0x0000023362287c80: 0f1f 4400 

  0x0000023362287c84: ;   {static_stub}
  0x0000023362287c84: 0048 bb00 | 0000 0000 

  0x0000023362287c8c: ;   {runtime_call}
  0x0000023362287c8c: 0000 00e9 | fbff ffff 

  0x0000023362287c94: ;   {static_stub}
  0x0000023362287c94: 9048 bb00 | 0000 0000 

  0x0000023362287c9c: ;   {runtime_call}
  0x0000023362287c9c: 0000 00e9 | fbff ffff 
[Exception Handler]
  0x0000023362287ca4: ;   {runtime_call handle_exception_from_callee Runtime1 stub}
  0x0000023362287ca4: e857 382a 

  0x0000023362287ca8: ;   {external_word}
  0x0000023362287ca8: 0748 b928 | 499d 62fa | 7f00 0048 

  0x0000023362287cb4: ;   {runtime_call}
  0x0000023362287cb4: 83e4 f049 | bab0 f868 | 62fa 7f00 | 0041 ffd2 

  0x0000023362287cc4: ;   {section_word}
  0x0000023362287cc4: f449 bac5 | 7c28 6233 | 0200 0041 

  0x0000023362287cd0: ;   {runtime_call DeoptimizationBlob}
  0x0000023362287cd0: 52e9 caf3 | 1f07 f4f4 
[/MachCode]


---------------  P R O C E S S  ---------------

Threads class SMR info:
_java_thread_list=0x000002337f4da520, length=20, elements={
0x000002335a06ddc0, 0x000002337dd8abc0, 0x000002337dd8b650, 0x000002337dd8e9f0,
0x000002337dd92e40, 0x000002337dd95f20, 0x000002337dd9a4f0, 0x000002337dd9b8f0,
0x000002337dd9fa20, 0x000002337ddbb2f0, 0x000002337dfd5800, 0x000002337dfdbdb0,
0x000002337dfe4360, 0x000002337dfe88b0, 0x000002337dffa590, 0x000002337e1fe320,
0x000002337e38dc60, 0x000002337e4a59f0, 0x000002337e405bb0, 0x000002337f12f0d0
}

Java Threads: ( => current thread )
  0x000002335a06ddc0 JavaThread "main" [_thread_in_vm, id=15628, stack(0x00000077c0400000,0x00000077c0500000)]
  0x000002337dd8abc0 JavaThread "Reference Handler" daemon [_thread_blocked, id=21912, stack(0x00000077c0b00000,0x00000077c0c00000)]
  0x000002337dd8b650 JavaThread "Finalizer" daemon [_thread_blocked, id=21976, stack(0x00000077c0c00000,0x00000077c0d00000)]
  0x000002337dd8e9f0 JavaThread "Signal Dispatcher" daemon [_thread_blocked, id=11928, stack(0x00000077c0d00000,0x00000077c0e00000)]
  0x000002337dd92e40 JavaThread "Attach Listener" daemon [_thread_blocked, id=22628, stack(0x00000077c0e00000,0x00000077c0f00000)]
  0x000002337dd95f20 JavaThread "Service Thread" daemon [_thread_blocked, id=20468, stack(0x00000077c0f00000,0x00000077c1000000)]
  0x000002337dd9a4f0 JavaThread "Monitor Deflation Thread" daemon [_thread_blocked, id=6960, stack(0x00000077c1000000,0x00000077c1100000)]
  0x000002337dd9b8f0 JavaThread "C2 CompilerThread0" daemon [_thread_blocked, id=11900, stack(0x00000077c1100000,0x00000077c1200000)]
  0x000002337dd9fa20 JavaThread "C1 CompilerThread0" daemon [_thread_blocked, id=23124, stack(0x00000077c1200000,0x00000077c1300000)]
  0x000002337ddbb2f0 JavaThread "Sweeper thread" daemon [_thread_blocked, id=16748, stack(0x00000077c1300000,0x00000077c1400000)]
  0x000002337dfd5800 JavaThread "C1 CompilerThread1" daemon [_thread_blocked, id=17248, stack(0x00000077c1400000,0x00000077c1500000)]
  0x000002337dfdbdb0 JavaThread "C1 CompilerThread2" daemon [_thread_blocked, id=9264, stack(0x00000077c1500000,0x00000077c1600000)]
  0x000002337dfe4360 JavaThread "Notification Thread" daemon [_thread_blocked, id=21484, stack(0x00000077c1600000,0x00000077c1700000)]
  0x000002337dfe88b0 JavaThread "C1 CompilerThread3" daemon [_thread_blocked, id=4568, stack(0x00000077c1700000,0x00000077c1800000)]
  0x000002337dffa590 JavaThread "Common-Cleaner" daemon [_thread_blocked, id=23308, stack(0x00000077c1900000,0x00000077c1a00000)]
  0x000002337e1fe320 JavaThread "C2 CompilerThread1" daemon [_thread_blocked, id=22772, stack(0x00000077c1a00000,0x00000077c1b00000)]
  0x000002337e38dc60 JavaThread "C2 CompilerThread2" daemon [_thread_blocked, id=22736, stack(0x00000077c1b00000,0x00000077c1c00000)]
  0x000002337e4a59f0 JavaThread "surefire-forkedjvm-stream-flusher" daemon [_thread_blocked, id=22760, stack(0x00000077c1c00000,0x00000077c1d00000)]
  0x000002337e405bb0 JavaThread "surefire-forkedjvm-command-thread" daemon [_thread_in_native, id=880, stack(0x00000077c1d00000,0x00000077c1e00000)]
=>0x000002337f12f0d0 JavaThread "background-preinit" [_thread_in_vm, id=9536, stack(0x00000077c2800000,0x00000077c2900000)]

Other Threads:
  0x000002337dd72130 VMThread "VM Thread" [stack: 0x00000077c0a00000,0x00000077c0b00000] [id=7468]
  0x000002337dff9d20 WatcherThread "VM Periodic Task Thread" [stack: 0x00000077c1800000,0x00000077c1900000] [id=21252]
  0x000002335a0e2440 WorkerThread "GC Thread#0" [stack: 0x00000077c0500000,0x00000077c0600000] [id=6896]
  0x000002337e159100 WorkerThread "GC Thread#1" [stack: 0x00000077c1e00000,0x00000077c1f00000] [id=15308]
  0x000002337e1577b0 WorkerThread "GC Thread#2" [stack: 0x00000077c1f00000,0x00000077c2000000] [id=20224]
  0x000002337e158020 WorkerThread "GC Thread#3" [stack: 0x00000077c2000000,0x00000077c2100000] [id=20860]
  0x000002337e1585c0 WorkerThread "GC Thread#4" [stack: 0x00000077c2100000,0x00000077c2200000] [id=2488]
  0x000002337e158890 WorkerThread "GC Thread#5" [stack: 0x00000077c2200000,0x00000077c2300000] [id=18560]
  0x000002337e158e30 WorkerThread "GC Thread#6" [stack: 0x00000077c2300000,0x00000077c2400000] [id=1648]
  0x000002337e158b60 WorkerThread "GC Thread#7" [stack: 0x00000077c2400000,0x00000077c2500000] [id=22660]
  0x000002337f2ad250 WorkerThread "GC Thread#8" [stack: 0x00000077c2500000,0x00000077c2600000] [id=19212]
  0x000002337f2ac170 WorkerThread "GC Thread#9" [stack: 0x00000077c2600000,0x00000077c2700000] [id=6140]
  0x000002337f2accb0 WorkerThread "GC Thread#10" [stack: 0x00000077c2700000,0x00000077c2800000] [id=23544]
  0x000002335a0f2cb0 ConcurrentGCThread "G1 Main Marker" [stack: 0x00000077c0600000,0x00000077c0700000] [id=1584]
  0x000002335a0f3f20 WorkerThread "G1 Conc#0" [stack: 0x00000077c0700000,0x00000077c0800000] [id=11612]
  0x000002337dc2d820 ConcurrentGCThread "G1 Refine#0" [stack: 0x00000077c0800000,0x00000077c0900000] [id=19584]
  0x000002337dc2e260 ConcurrentGCThread "G1 Service" [stack: 0x00000077c0900000,0x00000077c0a00000] [id=1936]

Threads with active compile tasks:

VM state: not at safepoint (normal execution)

VM Mutex/Monitor currently owned by a thread:  ([mutex/lock_event])
[0x000002335a067c80] Metaspace_lock - owner thread: 0x000002337f12f0d0

Heap address: 0x0000000705e00000, size: 4002 MB, Compressed Oops mode: Zero based, Oop shift amount: 3

CDS archive(s) mapped at: [0x0000000800000000-0x0000000800c40000-0x0000000800c40000), size 12845056, SharedBaseAddress: 0x0000000800000000, ArchiveRelocationMode: 0.
Compressed class space mapped at: 0x0000000801000000-0x0000000841000000, reserved size: 1073741824
Narrow klass base: 0x0000000800000000, Narrow klass shift: 0, Narrow klass range: 0x100000000

GC Precious Log:
 CardTable entry size: 512
 Card Set container configuration: InlinePtr #cards 4 size 8 Array Of Cards #cards 16 size 48 Howl #buckets 8 coarsen threshold 3686 Howl Bitmap #cards 512 size 80 coarsen threshold 460 Card regions per heap region 1 cards per card region 4096
 CPUs: 16 total, 16 available
 Memory: 16004M
 Large Page Support: Disabled
 NUMA Support: Disabled
 Compressed Oops: Enabled (Zero based)
 Heap Region Size: 2M
 Heap Min Capacity: 8M
 Heap Initial Capacity: 252M
 Heap Max Capacity: 4002M
 Pre-touch: Disabled
 Parallel Workers: 13
 Concurrent Workers: 3
 Concurrent Refinement Workers: 13
 Periodic GC: Disabled

Heap:
 garbage-first heap   total 258048K, used 24909K [0x0000000705e00000, 0x0000000800000000)
  region size 2048K, 12 young (24576K), 2 survivors (4096K)
 Metaspace       used 15721K, committed 15936K, reserved 1114112K
  class space    used 1936K, committed 2048K, reserved 1048576K

Heap Regions: E=young(eden), S=young(survivor), O=old, HS=humongous(starts), HC=humongous(continues), CS=collection set, F=free, OA=open archive, CA=closed archive, TAMS=top-at-mark-start (previous, next)
|   0|0x0000000705e00000, 0x0000000706000000, 0x0000000706000000|100%| O|  |TAMS 0x0000000705e00000, 0x0000000705e00000| Untracked 
|   1|0x0000000706000000, 0x0000000706200000, 0x0000000706200000|100%| O|  |TAMS 0x0000000706000000, 0x0000000706000000| Untracked 
|   2|0x0000000706200000, 0x0000000706400000, 0x0000000706400000|100%| O|  |TAMS 0x0000000706200000, 0x0000000706200000| Untracked 
|   3|0x0000000706400000, 0x0000000706445c00, 0x0000000706600000| 13%| O|  |TAMS 0x0000000706400000, 0x0000000706400000| Untracked 
|   4|0x0000000706600000, 0x0000000706600000, 0x0000000706800000|  0%| F|  |TAMS 0x0000000706600000, 0x0000000706600000| Untracked 
|   5|0x0000000706800000, 0x0000000706800000, 0x0000000706a00000|  0%| F|  |TAMS 0x0000000706800000, 0x0000000706800000| Untracked 
|   6|0x0000000706a00000, 0x0000000706a00000, 0x0000000706c00000|  0%| F|  |TAMS 0x0000000706a00000, 0x0000000706a00000| Untracked 
|   7|0x0000000706c00000, 0x0000000706c00000, 0x0000000706e00000|  0%| F|  |TAMS 0x0000000706c00000, 0x0000000706c00000| Untracked 
|   8|0x0000000706e00000, 0x0000000706e00000, 0x0000000707000000|  0%| F|  |TAMS 0x0000000706e00000, 0x0000000706e00000| Untracked 
|   9|0x0000000707000000, 0x0000000707000000, 0x0000000707200000|  0%| F|  |TAMS 0x0000000707000000, 0x0000000707000000| Untracked 
|  10|0x0000000707200000, 0x0000000707200000, 0x0000000707400000|  0%| F|  |TAMS 0x0000000707200000, 0x0000000707200000| Untracked 
|  11|0x0000000707400000, 0x0000000707400000, 0x0000000707600000|  0%| F|  |TAMS 0x0000000707400000, 0x0000000707400000| Untracked 
|  12|0x0000000707600000, 0x0000000707600000, 0x0000000707800000|  0%| F|  |TAMS 0x0000000707600000, 0x0000000707600000| Untracked 
|  13|0x0000000707800000, 0x0000000707800000, 0x0000000707a00000|  0%| F|  |TAMS 0x0000000707800000, 0x0000000707800000| Untracked 
|  14|0x0000000707a00000, 0x0000000707a00000, 0x0000000707c00000|  0%| F|  |TAMS 0x0000000707a00000, 0x0000000707a00000| Untracked 
|  15|0x0000000707c00000, 0x0000000707c00000, 0x0000000707e00000|  0%| F|  |TAMS 0x0000000707c00000, 0x0000000707c00000| Untracked 
|  16|0x0000000707e00000, 0x0000000707e00000, 0x0000000708000000|  0%| F|  |TAMS 0x0000000707e00000, 0x0000000707e00000| Untracked 
|  17|0x0000000708000000, 0x0000000708000000, 0x0000000708200000|  0%| F|  |TAMS 0x0000000708000000, 0x0000000708000000| Untracked 
|  18|0x0000000708200000, 0x0000000708200000, 0x0000000708400000|  0%| F|  |TAMS 0x0000000708200000, 0x0000000708200000| Untracked 
|  19|0x0000000708400000, 0x0000000708400000, 0x0000000708600000|  0%| F|  |TAMS 0x0000000708400000, 0x0000000708400000| Untracked 
|  20|0x0000000708600000, 0x0000000708600000, 0x0000000708800000|  0%| F|  |TAMS 0x0000000708600000, 0x0000000708600000| Untracked 
|  21|0x0000000708800000, 0x0000000708800000, 0x0000000708a00000|  0%| F|  |TAMS 0x0000000708800000, 0x0000000708800000| Untracked 
|  22|0x0000000708a00000, 0x0000000708a00000, 0x0000000708c00000|  0%| F|  |TAMS 0x0000000708a00000, 0x0000000708a00000| Untracked 
|  23|0x0000000708c00000, 0x0000000708c00000, 0x0000000708e00000|  0%| F|  |TAMS 0x0000000708c00000, 0x0000000708c00000| Untracked 
|  24|0x0000000708e00000, 0x0000000708e00000, 0x0000000709000000|  0%| F|  |TAMS 0x0000000708e00000, 0x0000000708e00000| Untracked 
|  25|0x0000000709000000, 0x0000000709000000, 0x0000000709200000|  0%| F|  |TAMS 0x0000000709000000, 0x0000000709000000| Untracked 
|  26|0x0000000709200000, 0x0000000709200000, 0x0000000709400000|  0%| F|  |TAMS 0x0000000709200000, 0x0000000709200000| Untracked 
|  27|0x0000000709400000, 0x0000000709400000, 0x0000000709600000|  0%| F|  |TAMS 0x0000000709400000, 0x0000000709400000| Untracked 
|  28|0x0000000709600000, 0x0000000709600000, 0x0000000709800000|  0%| F|  |TAMS 0x0000000709600000, 0x0000000709600000| Untracked 
|  29|0x0000000709800000, 0x0000000709800000, 0x0000000709a00000|  0%| F|  |TAMS 0x0000000709800000, 0x0000000709800000| Untracked 
|  30|0x0000000709a00000, 0x0000000709a00000, 0x0000000709c00000|  0%| F|  |TAMS 0x0000000709a00000, 0x0000000709a00000| Untracked 
|  31|0x0000000709c00000, 0x0000000709c00000, 0x0000000709e00000|  0%| F|  |TAMS 0x0000000709c00000, 0x0000000709c00000| Untracked 
|  32|0x0000000709e00000, 0x0000000709e00000, 0x000000070a000000|  0%| F|  |TAMS 0x0000000709e00000, 0x0000000709e00000| Untracked 
|  33|0x000000070a000000, 0x000000070a000000, 0x000000070a200000|  0%| F|  |TAMS 0x000000070a000000, 0x000000070a000000| Untracked 
|  34|0x000000070a200000, 0x000000070a200000, 0x000000070a400000|  0%| F|  |TAMS 0x000000070a200000, 0x000000070a200000| Untracked 
|  35|0x000000070a400000, 0x000000070a400000, 0x000000070a600000|  0%| F|  |TAMS 0x000000070a400000, 0x000000070a400000| Untracked 
|  36|0x000000070a600000, 0x000000070a600000, 0x000000070a800000|  0%| F|  |TAMS 0x000000070a600000, 0x000000070a600000| Untracked 
|  37|0x000000070a800000, 0x000000070a800000, 0x000000070aa00000|  0%| F|  |TAMS 0x000000070a800000, 0x000000070a800000| Untracked 
|  38|0x000000070aa00000, 0x000000070aa00000, 0x000000070ac00000|  0%| F|  |TAMS 0x000000070aa00000, 0x000000070aa00000| Untracked 
|  39|0x000000070ac00000, 0x000000070ac00000, 0x000000070ae00000|  0%| F|  |TAMS 0x000000070ac00000, 0x000000070ac00000| Untracked 
|  40|0x000000070ae00000, 0x000000070ae00000, 0x000000070b000000|  0%| F|  |TAMS 0x000000070ae00000, 0x000000070ae00000| Untracked 
|  41|0x000000070b000000, 0x000000070b000000, 0x000000070b200000|  0%| F|  |TAMS 0x000000070b000000, 0x000000070b000000| Untracked 
|  42|0x000000070b200000, 0x000000070b200000, 0x000000070b400000|  0%| F|  |TAMS 0x000000070b200000, 0x000000070b200000| Untracked 
|  43|0x000000070b400000, 0x000000070b400000, 0x000000070b600000|  0%| F|  |TAMS 0x000000070b400000, 0x000000070b400000| Untracked 
|  44|0x000000070b600000, 0x000000070b600000, 0x000000070b800000|  0%| F|  |TAMS 0x000000070b600000, 0x000000070b600000| Untracked 
|  45|0x000000070b800000, 0x000000070b800000, 0x000000070ba00000|  0%| F|  |TAMS 0x000000070b800000, 0x000000070b800000| Untracked 
|  46|0x000000070ba00000, 0x000000070ba00000, 0x000000070bc00000|  0%| F|  |TAMS 0x000000070ba00000, 0x000000070ba00000| Untracked 
|  47|0x000000070bc00000, 0x000000070bc00000, 0x000000070be00000|  0%| F|  |TAMS 0x000000070bc00000, 0x000000070bc00000| Untracked 
|  48|0x000000070be00000, 0x000000070be00000, 0x000000070c000000|  0%| F|  |TAMS 0x000000070be00000, 0x000000070be00000| Untracked 
|  49|0x000000070c000000, 0x000000070c000000, 0x000000070c200000|  0%| F|  |TAMS 0x000000070c000000, 0x000000070c000000| Untracked 
|  50|0x000000070c200000, 0x000000070c200000, 0x000000070c400000|  0%| F|  |TAMS 0x000000070c200000, 0x000000070c200000| Untracked 
|  51|0x000000070c400000, 0x000000070c400000, 0x000000070c600000|  0%| F|  |TAMS 0x000000070c400000, 0x000000070c400000| Untracked 
|  52|0x000000070c600000, 0x000000070c600000, 0x000000070c800000|  0%| F|  |TAMS 0x000000070c600000, 0x000000070c600000| Untracked 
|  53|0x000000070c800000, 0x000000070c800000, 0x000000070ca00000|  0%| F|  |TAMS 0x000000070c800000, 0x000000070c800000| Untracked 
|  54|0x000000070ca00000, 0x000000070ca00000, 0x000000070cc00000|  0%| F|  |TAMS 0x000000070ca00000, 0x000000070ca00000| Untracked 
|  55|0x000000070cc00000, 0x000000070cc00000, 0x000000070ce00000|  0%| F|  |TAMS 0x000000070cc00000, 0x000000070cc00000| Untracked 
|  56|0x000000070ce00000, 0x000000070ce00000, 0x000000070d000000|  0%| F|  |TAMS 0x000000070ce00000, 0x000000070ce00000| Untracked 
|  57|0x000000070d000000, 0x000000070d000000, 0x000000070d200000|  0%| F|  |TAMS 0x000000070d000000, 0x000000070d000000| Untracked 
|  58|0x000000070d200000, 0x000000070d200000, 0x000000070d400000|  0%| F|  |TAMS 0x000000070d200000, 0x000000070d200000| Untracked 
|  59|0x000000070d400000, 0x000000070d400000, 0x000000070d600000|  0%| F|  |TAMS 0x000000070d400000, 0x000000070d400000| Untracked 
|  60|0x000000070d600000, 0x000000070d600000, 0x000000070d800000|  0%| F|  |TAMS 0x000000070d600000, 0x000000070d600000| Untracked 
|  61|0x000000070d800000, 0x000000070d800000, 0x000000070da00000|  0%| F|  |TAMS 0x000000070d800000, 0x000000070d800000| Untracked 
|  62|0x000000070da00000, 0x000000070da00000, 0x000000070dc00000|  0%| F|  |TAMS 0x000000070da00000, 0x000000070da00000| Untracked 
|  63|0x000000070dc00000, 0x000000070dc00000, 0x000000070de00000|  0%| F|  |TAMS 0x000000070dc00000, 0x000000070dc00000| Untracked 
|  64|0x000000070de00000, 0x000000070de00000, 0x000000070e000000|  0%| F|  |TAMS 0x000000070de00000, 0x000000070de00000| Untracked 
|  65|0x000000070e000000, 0x000000070e000000, 0x000000070e200000|  0%| F|  |TAMS 0x000000070e000000, 0x000000070e000000| Untracked 
|  66|0x000000070e200000, 0x000000070e200000, 0x000000070e400000|  0%| F|  |TAMS 0x000000070e200000, 0x000000070e200000| Untracked 
|  67|0x000000070e400000, 0x000000070e400000, 0x000000070e600000|  0%| F|  |TAMS 0x000000070e400000, 0x000000070e400000| Untracked 
|  68|0x000000070e600000, 0x000000070e600000, 0x000000070e800000|  0%| F|  |TAMS 0x000000070e600000, 0x000000070e600000| Untracked 
|  69|0x000000070e800000, 0x000000070e800000, 0x000000070ea00000|  0%| F|  |TAMS 0x000000070e800000, 0x000000070e800000| Untracked 
|  70|0x000000070ea00000, 0x000000070ea00000, 0x000000070ec00000|  0%| F|  |TAMS 0x000000070ea00000, 0x000000070ea00000| Untracked 
|  71|0x000000070ec00000, 0x000000070ec00000, 0x000000070ee00000|  0%| F|  |TAMS 0x000000070ec00000, 0x000000070ec00000| Untracked 
|  72|0x000000070ee00000, 0x000000070ee00000, 0x000000070f000000|  0%| F|  |TAMS 0x000000070ee00000, 0x000000070ee00000| Untracked 
|  73|0x000000070f000000, 0x000000070f000000, 0x000000070f200000|  0%| F|  |TAMS 0x000000070f000000, 0x000000070f000000| Untracked 
|  74|0x000000070f200000, 0x000000070f200000, 0x000000070f400000|  0%| F|  |TAMS 0x000000070f200000, 0x000000070f200000| Untracked 
|  75|0x000000070f400000, 0x000000070f400000, 0x000000070f600000|  0%| F|  |TAMS 0x000000070f400000, 0x000000070f400000| Untracked 
|  76|0x000000070f600000, 0x000000070f600000, 0x000000070f800000|  0%| F|  |TAMS 0x000000070f600000, 0x000000070f600000| Untracked 
|  77|0x000000070f800000, 0x000000070f800000, 0x000000070fa00000|  0%| F|  |TAMS 0x000000070f800000, 0x000000070f800000| Untracked 
|  78|0x000000070fa00000, 0x000000070fa00000, 0x000000070fc00000|  0%| F|  |TAMS 0x000000070fa00000, 0x000000070fa00000| Untracked 
|  79|0x000000070fc00000, 0x000000070fc00000, 0x000000070fe00000|  0%| F|  |TAMS 0x000000070fc00000, 0x000000070fc00000| Untracked 
|  80|0x000000070fe00000, 0x000000070fe00000, 0x0000000710000000|  0%| F|  |TAMS 0x000000070fe00000, 0x000000070fe00000| Untracked 
|  81|0x0000000710000000, 0x0000000710000000, 0x0000000710200000|  0%| F|  |TAMS 0x0000000710000000, 0x0000000710000000| Untracked 
|  82|0x0000000710200000, 0x0000000710200000, 0x0000000710400000|  0%| F|  |TAMS 0x0000000710200000, 0x0000000710200000| Untracked 
|  83|0x0000000710400000, 0x0000000710400000, 0x0000000710600000|  0%| F|  |TAMS 0x0000000710400000, 0x0000000710400000| Untracked 
|  84|0x0000000710600000, 0x0000000710600000, 0x0000000710800000|  0%| F|  |TAMS 0x0000000710600000, 0x0000000710600000| Untracked 
|  85|0x0000000710800000, 0x0000000710800000, 0x0000000710a00000|  0%| F|  |TAMS 0x0000000710800000, 0x0000000710800000| Untracked 
|  86|0x0000000710a00000, 0x0000000710a00000, 0x0000000710c00000|  0%| F|  |TAMS 0x0000000710a00000, 0x0000000710a00000| Untracked 
|  87|0x0000000710c00000, 0x0000000710c00000, 0x0000000710e00000|  0%| F|  |TAMS 0x0000000710c00000, 0x0000000710c00000| Untracked 
|  88|0x0000000710e00000, 0x0000000710e00000, 0x0000000711000000|  0%| F|  |TAMS 0x0000000710e00000, 0x0000000710e00000| Untracked 
|  89|0x0000000711000000, 0x0000000711000000, 0x0000000711200000|  0%| F|  |TAMS 0x0000000711000000, 0x0000000711000000| Untracked 
|  90|0x0000000711200000, 0x0000000711200000, 0x0000000711400000|  0%| F|  |TAMS 0x0000000711200000, 0x0000000711200000| Untracked 
|  91|0x0000000711400000, 0x0000000711400000, 0x0000000711600000|  0%| F|  |TAMS 0x0000000711400000, 0x0000000711400000| Untracked 
|  92|0x0000000711600000, 0x0000000711600000, 0x0000000711800000|  0%| F|  |TAMS 0x0000000711600000, 0x0000000711600000| Untracked 
|  93|0x0000000711800000, 0x0000000711800000, 0x0000000711a00000|  0%| F|  |TAMS 0x0000000711800000, 0x0000000711800000| Untracked 
|  94|0x0000000711a00000, 0x0000000711a00000, 0x0000000711c00000|  0%| F|  |TAMS 0x0000000711a00000, 0x0000000711a00000| Untracked 
|  95|0x0000000711c00000, 0x0000000711c00000, 0x0000000711e00000|  0%| F|  |TAMS 0x0000000711c00000, 0x0000000711c00000| Untracked 
|  96|0x0000000711e00000, 0x0000000711e00000, 0x0000000712000000|  0%| F|  |TAMS 0x0000000711e00000, 0x0000000711e00000| Untracked 
|  97|0x0000000712000000, 0x0000000712000000, 0x0000000712200000|  0%| F|  |TAMS 0x0000000712000000, 0x0000000712000000| Untracked 
|  98|0x0000000712200000, 0x0000000712200000, 0x0000000712400000|  0%| F|  |TAMS 0x0000000712200000, 0x0000000712200000| Untracked 
|  99|0x0000000712400000, 0x0000000712400000, 0x0000000712600000|  0%| F|  |TAMS 0x0000000712400000, 0x0000000712400000| Untracked 
| 100|0x0000000712600000, 0x0000000712600000, 0x0000000712800000|  0%| F|  |TAMS 0x0000000712600000, 0x0000000712600000| Untracked 
| 101|0x0000000712800000, 0x0000000712800000, 0x0000000712a00000|  0%| F|  |TAMS 0x0000000712800000, 0x0000000712800000| Untracked 
| 102|0x0000000712a00000, 0x0000000712a00000, 0x0000000712c00000|  0%| F|  |TAMS 0x0000000712a00000, 0x0000000712a00000| Untracked 
| 103|0x0000000712c00000, 0x0000000712c00000, 0x0000000712e00000|  0%| F|  |TAMS 0x0000000712c00000, 0x0000000712c00000| Untracked 
| 104|0x0000000712e00000, 0x0000000712e00000, 0x0000000713000000|  0%| F|  |TAMS 0x0000000712e00000, 0x0000000712e00000| Untracked 
| 105|0x0000000713000000, 0x0000000713000000, 0x0000000713200000|  0%| F|  |TAMS 0x0000000713000000, 0x0000000713000000| Untracked 
| 106|0x0000000713200000, 0x0000000713200000, 0x0000000713400000|  0%| F|  |TAMS 0x0000000713200000, 0x0000000713200000| Untracked 
| 107|0x0000000713400000, 0x0000000713400000, 0x0000000713600000|  0%| F|  |TAMS 0x0000000713400000, 0x0000000713400000| Untracked 
| 108|0x0000000713600000, 0x0000000713600000, 0x0000000713800000|  0%| F|  |TAMS 0x0000000713600000, 0x0000000713600000| Untracked 
| 109|0x0000000713800000, 0x0000000713800000, 0x0000000713a00000|  0%| F|  |TAMS 0x0000000713800000, 0x0000000713800000| Untracked 
| 110|0x0000000713a00000, 0x0000000713a0d830, 0x0000000713c00000|  2%| S|CS|TAMS 0x0000000713a00000, 0x0000000713a00000| Complete 
| 111|0x0000000713c00000, 0x0000000713e00000, 0x0000000713e00000|100%| S|CS|TAMS 0x0000000713c00000, 0x0000000713c00000| Complete 
| 112|0x0000000713e00000, 0x0000000713e00000, 0x0000000714000000|  0%| F|  |TAMS 0x0000000713e00000, 0x0000000713e00000| Untracked 
| 113|0x0000000714000000, 0x0000000714000000, 0x0000000714200000|  0%| F|  |TAMS 0x0000000714000000, 0x0000000714000000| Untracked 
| 114|0x0000000714200000, 0x0000000714200000, 0x0000000714400000|  0%| F|  |TAMS 0x0000000714200000, 0x0000000714200000| Untracked 
| 115|0x0000000714400000, 0x0000000714400000, 0x0000000714600000|  0%| F|  |TAMS 0x0000000714400000, 0x0000000714400000| Untracked 
| 116|0x0000000714600000, 0x00000007146f10e8, 0x0000000714800000| 47%| E|  |TAMS 0x0000000714600000, 0x0000000714600000| Complete 
| 117|0x0000000714800000, 0x0000000714a00000, 0x0000000714a00000|100%| E|CS|TAMS 0x0000000714800000, 0x0000000714800000| Complete 
| 118|0x0000000714a00000, 0x0000000714c00000, 0x0000000714c00000|100%| E|CS|TAMS 0x0000000714a00000, 0x0000000714a00000| Complete 
| 119|0x0000000714c00000, 0x0000000714e00000, 0x0000000714e00000|100%| E|CS|TAMS 0x0000000714c00000, 0x0000000714c00000| Complete 
| 120|0x0000000714e00000, 0x0000000715000000, 0x0000000715000000|100%| E|  |TAMS 0x0000000714e00000, 0x0000000714e00000| Complete 
| 121|0x0000000715000000, 0x0000000715200000, 0x0000000715200000|100%| E|CS|TAMS 0x0000000715000000, 0x0000000715000000| Complete 
| 122|0x0000000715200000, 0x0000000715400000, 0x0000000715400000|100%| E|CS|TAMS 0x0000000715200000, 0x0000000715200000| Complete 
| 123|0x0000000715400000, 0x0000000715600000, 0x0000000715600000|100%| E|CS|TAMS 0x0000000715400000, 0x0000000715400000| Complete 
| 124|0x0000000715600000, 0x0000000715800000, 0x0000000715800000|100%| E|CS|TAMS 0x0000000715600000, 0x0000000715600000| Complete 
| 125|0x0000000715800000, 0x0000000715a00000, 0x0000000715a00000|100%| E|CS|TAMS 0x0000000715800000, 0x0000000715800000| Complete 

Card table byte_map: [0x0000023372030000,0x0000023372810000] _byte_map_base: 0x000002336e801000

Marking Bits (Prev, Next): (CMBitMap*) 0x000002335a0e2970, (CMBitMap*) 0x000002335a0e29b0
 Prev Bits: [0x0000023372ff0000, 0x0000023376e78000)
 Next Bits: [0x0000023376e80000, 0x000002337ad08000)

Polling page: 0x0000023359830000

Metaspace:

Usage:
  Non-class:     13.46 MB used.
      Class:      1.89 MB used.
       Both:     15.35 MB used.

Virtual space:
  Non-class space:       64.00 MB reserved,      13.56 MB ( 21%) committed,  1 nodes.
      Class space:        1.00 GB reserved,       2.00 MB ( <1%) committed,  1 nodes.
             Both:        1.06 GB reserved,      15.56 MB (  1%) committed. 

Chunk freelists:
   Non-Class:  1.92 MB
       Class:  1.98 MB
        Both:  3.91 MB

MaxMetaspaceSize: unlimited
CompressedClassSpaceSize: 1.00 GB
Initial GC threshold: 21.00 MB
Current GC threshold: 21.00 MB
CDS: on
MetaspaceReclaimPolicy: balanced
 - commit_granule_bytes: 65536.
 - commit_granule_words: 8192.
 - virtual_space_node_default_size: 8388608.
 - enlarge_chunks_in_place: 1.
 - new_chunks_are_fully_committed: 0.
 - uncommit_free_chunks: 1.
 - use_allocation_guard: 0.


Internal statistics:

num_allocs_failed_limit: 0.
num_arena_births: 220.
num_arena_deaths: 0.
num_vsnodes_births: 2.
num_vsnodes_deaths: 0.
num_space_committed: 249.
num_space_uncommitted: 0.
num_chunks_returned_to_freelist: 0.
num_chunks_taken_from_freelist: 717.
num_chunk_merges: 0.
num_chunk_splits: 482.
num_chunks_enlarged: 377.
num_inconsistent_stats: 0.

CodeHeap 'non-profiled nmethods': size=119168Kb used=872Kb max_used=872Kb free=118295Kb
 bounds [0x0000023369b70000, 0x0000023369de0000, 0x0000023370fd0000]
CodeHeap 'profiled nmethods': size=119104Kb used=4502Kb max_used=4502Kb free=114601Kb
 bounds [0x0000023361fd0000, 0x0000023362440000, 0x0000023369420000]
CodeHeap 'non-nmethods': size=7488Kb used=2970Kb max_used=3018Kb free=4517Kb
 bounds [0x0000023369420000, 0x0000023369720000, 0x0000023369b70000]
 total_blobs=2771 nmethods=2277 adapters=401
 compilation: enabled
              stopped_count=0, restarted_count=0
 full_count=0

Compilation events (20 events):
Event: 1.035 Thread 0x000002337dfdbdb0 nmethod 2267 0x0000023362431b10 code [0x0000023362431da0, 0x0000023362432b88]
Event: 1.035 Thread 0x000002337dd9fa20 nmethod 2268 0x0000023362433090 code [0x00000233624332e0, 0x0000023362433ce8]
Event: 1.038 Thread 0x000002337e1fe320 2269       4       java.net.URLStreamHandler::setURL (73 bytes)
Event: 1.038 Thread 0x000002337e38dc60 2270   !   4       java.net.URL::set (114 bytes)
Event: 1.040 Thread 0x000002337dfd5800 2271       3       sun.reflect.generics.reflectiveObjects.ParameterizedTypeImpl::getActualTypeArguments (11 bytes)
Event: 1.040 Thread 0x000002337dfd5800 nmethod 2271 0x0000023362434090 code [0x0000023362434240, 0x0000023362434528]
Event: 1.043 Thread 0x000002337e38dc60 nmethod 2270 0x0000023369c47e10 code [0x0000023369c47fa0, 0x0000023369c488b8]
Event: 1.049 Thread 0x000002337e1fe320 nmethod 2269 0x0000023369c48990 code [0x0000023369c48b40, 0x0000023369c496e8]
Event: 1.053 Thread 0x000002337dfdbdb0 2272       3       java.nio.file.attribute.FileTime::from (18 bytes)
Event: 1.053 Thread 0x000002337dfe88b0 2273       3       java.nio.file.attribute.FileTime::<init> (21 bytes)
Event: 1.053 Thread 0x000002337dfe88b0 nmethod 2273 0x0000023362434610 code [0x00000233624347c0, 0x00000233624349f8]
Event: 1.053 Thread 0x000002337dfdbdb0 nmethod 2272 0x0000023362434a90 code [0x0000023362434c60, 0x0000023362435048]
Event: 1.054 Thread 0x000002337dd9fa20 2274       3       java.lang.invoke.LambdaFormEditor$TransformKey::ival (25 bytes)
Event: 1.054 Thread 0x000002337dd9fa20 nmethod 2274 0x0000023362435210 code [0x00000233624353a0, 0x0000023362435498]
Event: 1.057 Thread 0x000002337dfe88b0 2275       3       java.util.zip.ZipUtils::get16 (21 bytes)
Event: 1.058 Thread 0x000002337dfe88b0 nmethod 2275 0x0000023362435510 code [0x00000233624356a0, 0x00000233624357f8]
Event: 1.059 Thread 0x000002337dfd5800 2276       1       java.util.zip.ZipEntry::getName (5 bytes)
Event: 1.059 Thread 0x000002337e1fe320 2277       4       java.util.jar.JarFile::maybeInstantiateVerifier (42 bytes)
Event: 1.059 Thread 0x000002337dfd5800 nmethod 2276 0x0000023369c49b90 code [0x0000023369c49d20, 0x0000023369c49df8]
Event: 1.060 Thread 0x000002337e1fe320 nmethod 2277 0x0000023369c49e90 code [0x0000023369c4a020, 0x0000023369c4a108]

GC Heap History (4 events):
Event: 0.384 GC heap before
{Heap before GC invocations=0 (full 0):
 garbage-first heap   total 258048K, used 20480K [0x0000000705e00000, 0x0000000800000000)
  region size 2048K, 11 young (22528K), 0 survivors (0K)
 Metaspace       used 4274K, committed 4480K, reserved 1114112K
  class space    used 475K, committed 576K, reserved 1048576K
}
Event: 0.389 GC heap after
{Heap after GC invocations=1 (full 0):
 garbage-first heap   total 258048K, used 6629K [0x0000000705e00000, 0x0000000800000000)
  region size 2048K, 2 young (4096K), 2 survivors (4096K)
 Metaspace       used 4274K, committed 4480K, reserved 1114112K
  class space    used 475K, committed 576K, reserved 1048576K
}
Event: 0.812 GC heap before
{Heap before GC invocations=1 (full 0):
 garbage-first heap   total 258048K, used 31205K [0x0000000705e00000, 0x0000000800000000)
  region size 2048K, 14 young (28672K), 2 survivors (4096K)
 Metaspace       used 11152K, committed 11392K, reserved 1114112K
  class space    used 1355K, committed 1472K, reserved 1048576K
}
Event: 0.817 GC heap after
{Heap after GC invocations=2 (full 0):
 garbage-first heap   total 258048K, used 8525K [0x0000000705e00000, 0x0000000800000000)
  region size 2048K, 2 young (4096K), 2 survivors (4096K)
 Metaspace       used 11152K, committed 11392K, reserved 1114112K
  class space    used 1355K, committed 1472K, reserved 1048576K
}

Dll operation events (8 events):
Event: 0.006 Loaded shared library C:\Program Files\Java\jdk-19\bin\java.dll
Event: 0.016 Loaded shared library C:\Program Files\Java\jdk-19\bin\jsvml.dll
Event: 0.045 Loaded shared library C:\Program Files\Java\jdk-19\bin\net.dll
Event: 0.046 Loaded shared library C:\Program Files\Java\jdk-19\bin\nio.dll
Event: 0.047 Loaded shared library C:\Program Files\Java\jdk-19\bin\zip.dll
Event: 0.088 Loaded shared library C:\Program Files\Java\jdk-19\bin\management.dll
Event: 0.090 Loaded shared library C:\Program Files\Java\jdk-19\bin\management_ext.dll
Event: 0.106 Loaded shared library C:\Program Files\Java\jdk-19\bin\jimage.dll

Deoptimization events (20 events):
Event: 0.922 Thread 0x000002335a06ddc0 Uncommon trap: trap_request=0xffffffde fr.pc=0x0000023369bd7f08 relative=0x00000000000003a8
Event: 0.922 Thread 0x000002335a06ddc0 Uncommon trap: reason=class_check action=maybe_recompile pc=0x0000023369bd7f08 method=java.io.BufferedReader.read()I @ 6 c2
Event: 0.922 Thread 0x000002335a06ddc0 DEOPT PACKING pc=0x0000023369bd7f08 sp=0x00000077c04fb350
Event: 0.922 Thread 0x000002335a06ddc0 DEOPT UNPACKING pc=0x0000023369486da3 sp=0x00000077c04fb2f8 mode 2
Event: 0.923 Thread 0x000002335a06ddc0 Uncommon trap: trap_request=0xffffff45 fr.pc=0x0000023369bac5e4 relative=0x0000000000000244
Event: 0.923 Thread 0x000002335a06ddc0 Uncommon trap: reason=unstable_if action=reinterpret pc=0x0000023369bac5e4 method=java.lang.String.startsWith(Ljava/lang/String;I)Z @ 1 c2
Event: 0.923 Thread 0x000002335a06ddc0 DEOPT PACKING pc=0x0000023369bac5e4 sp=0x00000077c04fb460
Event: 0.923 Thread 0x000002335a06ddc0 DEOPT UNPACKING pc=0x0000023369486da3 sp=0x00000077c04fb3c8 mode 2
Event: 0.924 Thread 0x000002335a06ddc0 Uncommon trap: trap_request=0xffffff45 fr.pc=0x0000023369c21b7c relative=0x000000000000039c
Event: 0.924 Thread 0x000002335a06ddc0 Uncommon trap: reason=unstable_if action=reinterpret pc=0x0000023369c21b7c method=java.lang.StringConcatHelper.simpleConcat(Ljava/lang/Object;Ljava/lang/Object;)Ljava/lang/String; @ 30 c2
Event: 0.924 Thread 0x000002335a06ddc0 DEOPT PACKING pc=0x0000023369c21b7c sp=0x00000077c04fb550
Event: 0.924 Thread 0x000002335a06ddc0 DEOPT UNPACKING pc=0x0000023369486da3 sp=0x00000077c04fb508 mode 2
Event: 0.935 Thread 0x000002335a06ddc0 Uncommon trap: trap_request=0xfffffff4 fr.pc=0x0000023369bf5974 relative=0x0000000000000254
Event: 0.935 Thread 0x000002335a06ddc0 Uncommon trap: reason=null_check action=make_not_entrant pc=0x0000023369bf5974 method=java.util.ArrayList.add(Ljava/lang/Object;[Ljava/lang/Object;I)V @ 14 c2
Event: 0.935 Thread 0x000002335a06ddc0 DEOPT PACKING pc=0x0000023369bf5974 sp=0x00000077c04fb370
Event: 0.935 Thread 0x000002335a06ddc0 DEOPT UNPACKING pc=0x0000023369486da3 sp=0x00000077c04fb2b8 mode 2
Event: 1.007 Thread 0x000002335a06ddc0 Uncommon trap: trap_request=0xffffff45 fr.pc=0x0000023369c3b900 relative=0x0000000000000f80
Event: 1.007 Thread 0x000002335a06ddc0 Uncommon trap: reason=unstable_if action=reinterpret pc=0x0000023369c3b900 method=java.net.URL.<init>(Ljava/net/URL;Ljava/lang/String;Ljava/net/URLStreamHandler;)V @ 347 c2
Event: 1.007 Thread 0x000002335a06ddc0 DEOPT PACKING pc=0x0000023369c3b900 sp=0x00000077c04fbfe0
Event: 1.007 Thread 0x000002335a06ddc0 DEOPT UNPACKING pc=0x0000023369486da3 sp=0x00000077c04fbf70 mode 2

Classes loaded (20 events):
Event: 1.029 Loading class jdk/xml/internal/XMLSecurityManager$Limit
Event: 1.029 Loading class jdk/xml/internal/XMLSecurityManager$Limit done
Event: 1.029 Loading class jdk/xml/internal/XMLSecurityManager$Processor
Event: 1.029 Loading class jdk/xml/internal/XMLSecurityManager$Processor done
Event: 1.030 Loading class jdk/xml/internal/XMLSecurityManager$NameMap
Event: 1.030 Loading class jdk/xml/internal/XMLSecurityManager$NameMap done
Event: 1.030 Loading class jdk/xml/internal/JdkProperty
Event: 1.030 Loading class jdk/xml/internal/JdkProperty done
Event: 1.030 Loading class java/io/NotSerializableException
Event: 1.030 Loading class java/io/ObjectStreamException
Event: 1.030 Loading class java/io/ObjectStreamException done
Event: 1.030 Loading class java/io/NotSerializableException done
Event: 1.041 Loading class java/util/Collections$UnmodifiableMap$UnmodifiableEntrySet
Event: 1.041 Loading class java/util/Collections$UnmodifiableMap$UnmodifiableEntrySet done
Event: 1.041 Loading class java/util/Collections$UnmodifiableMap$UnmodifiableEntrySet$1
Event: 1.041 Loading class java/util/Collections$UnmodifiableMap$UnmodifiableEntrySet$1 done
Event: 1.042 Loading class java/util/Collections$UnmodifiableMap$UnmodifiableEntrySet$UnmodifiableEntry
Event: 1.042 Loading class java/util/Collections$UnmodifiableMap$UnmodifiableEntrySet$UnmodifiableEntry done
Event: 1.052 Loading class java/lang/StackTraceElement$HashedModules
Event: 1.052 Loading class java/lang/StackTraceElement$HashedModules done

Classes unloaded (0 events):
No events

Classes redefined (0 events):
No events

Internal exceptions (20 events):
Event: 0.790 Thread 0x000002335a06ddc0 Exception <a 'java/lang/NoSuchMethodError'{0x0000000713eb7780}: 'int java.lang.invoke.DirectMethodHandle$Holder.invokeVirtual(java.lang.Object, java.lang.Object, java.lang.Object)'> (0x0000000713eb7780) 
thrown [s\open\src\hotspot\share\interpreter\linkResolver.cpp, line 774]
Event: 0.793 Thread 0x000002335a06ddc0 Exception <a 'java/lang/NoSuchMethodError'{0x0000000713eef648}: 'java.lang.Object java.lang.invoke.DirectMethodHandle$Holder.invokeInterface(java.lang.Object, java.lang.Object, java.lang.Object, java.lang.Object, java.lang.Object)'> (0x0000000713eef648) 
thrown [s\open\src\hotspot\share\interpreter\linkResolver.cpp, line 774]
Event: 0.794 Thread 0x000002335a06ddc0 Exception <a 'java/lang/IncompatibleClassChangeError'{0x0000000713ef3458}: Found class java.lang.Object, but interface was expected> (0x0000000713ef3458) 
thrown [s\open\src\hotspot\share\interpreter\linkResolver.cpp, line 841]
Event: 0.849 Thread 0x000002335a06ddc0 Exception <a 'java/lang/IncompatibleClassChangeError'{0x00000007156da888}: Found class java.lang.Object, but interface was expected> (0x00000007156da888) 
thrown [s\open\src\hotspot\share\interpreter\linkResolver.cpp, line 841]
Event: 0.855 Thread 0x000002335a06ddc0 Exception <a 'sun/nio/fs/WindowsException'{0x000000071571b5e8}> (0x000000071571b5e8) 
thrown [s\open\src\hotspot\share\prims\jni.cpp, line 517]
Event: 0.885 Thread 0x000002335a06ddc0 Exception <a 'java/lang/NoSuchMethodError'{0x00000007154acfd0}: 'java.lang.Object java.lang.invoke.Invokers$Holder.invokeExact_MT(java.lang.Object, java.lang.Object, java.lang.Object, java.lang.Object, java.lang.Object)'> (0x00000007154acfd0) 
thrown [s\open\src\hotspot\share\interpreter\linkResolver.cpp, line 774]
Event: 0.890 Thread 0x000002335a06ddc0 Exception <a 'java/lang/NoSuchMethodError'{0x00000007154e58a8}: 'java.lang.Object java.lang.invoke.DirectMethodHandle$Holder.invokeSpecial(java.lang.Object, java.lang.Object, java.lang.Object, java.lang.Object, java.lang.Object, java.lang.Object, int)'> (0x00000007154e58a8) 
thrown [s\open\src\hotspot\share\interpreter\linkResolver.cpp, line 774]
Event: 0.891 Thread 0x000002335a06ddc0 Exception <a 'java/lang/NoSuchMethodError'{0x00000007154f0388}: 'java.lang.Object java.lang.invoke.DirectMethodHandle$Holder.newInvokeSpecial(java.lang.Object, java.lang.Object, java.lang.Object, java.lang.Object, java.lang.Object, java.lang.Object, int)'> (0x00000007154f0388) 
thrown [s\open\src\hotspot\share\interpreter\linkResolver.cpp, line 774]
Event: 0.891 Thread 0x000002335a06ddc0 Exception <a 'java/lang/NoSuchMethodError'{0x00000007154f5950}: 'java.lang.Object java.lang.invoke.DirectMethodHandle$Holder.invokeSpecial(java.lang.Object, java.lang.Object, java.lang.Object, java.lang.Object, java.lang.Object, java.lang.Object, java.lang.Object, int)'> (0x00000007154f5950) 
thrown [s\open\src\hotspot\share\interpreter\linkResolver.cpp, line 774]
Event: 0.916 Thread 0x000002335a06ddc0 Exception <a 'java/lang/NoSuchMethodError'{0x000000071522a698}: 'void java.lang.invoke.DirectMethodHandle$Holder.invokeStatic(java.lang.Object, java.lang.Object, java.lang.Object, java.lang.Object, java.lang.Object, java.lang.Object)'> (0x000000071522a698) 
thrown [s\open\src\hotspot\share\interpreter\linkResolver.cpp, line 774]
Event: 0.935 Thread 0x000002335a06ddc0 Implicit null exception at 0x0000023369bf57a0 to 0x0000023369bf5964
Event: 0.936 Thread 0x000002335a06ddc0 Exception <a 'java/lang/NoSuchMethodError'{0x00000007152f6cb0}: 'java.lang.Object java.lang.invoke.DirectMethodHandle$Holder.invokeSpecial(java.lang.Object, java.lang.Object, java.lang.Object, int, java.lang.Object)'> (0x00000007152f6cb0) 
thrown [s\open\src\hotspot\share\interpreter\linkResolver.cpp, line 774]
Event: 0.936 Thread 0x000002335a06ddc0 Exception <a 'java/lang/NoSuchMethodError'{0x00000007152ff880}: 'java.lang.Object java.lang.invoke.DirectMethodHandle$Holder.newInvokeSpecial(java.lang.Object, java.lang.Object, java.lang.Object, int, java.lang.Object)'> (0x00000007152ff880) 
thrown [s\open\src\hotspot\share\interpreter\linkResolver.cpp, line 774]
Event: 0.937 Thread 0x000002335a06ddc0 Exception <a 'java/lang/NoSuchMethodError'{0x00000007153077d0}: 'java.lang.Object java.lang.invoke.Invokers$Holder.linkToTargetMethod(java.lang.Object, java.lang.Object, int, java.lang.Object, java.lang.Object)'> (0x00000007153077d0) 
thrown [s\open\src\hotspot\share\interpreter\linkResolver.cpp, line 774]
Event: 0.937 Thread 0x000002335a06ddc0 Exception <a 'java/lang/NoSuchMethodError'{0x00000007153166b0}: 'java.lang.Object java.lang.invoke.DirectMethodHandle$Holder.newInvokeSpecial(java.lang.Object, int, java.lang.Object)'> (0x00000007153166b0) 
thrown [s\open\src\hotspot\share\interpreter\linkResolver.cpp, line 774]
Event: 0.972 Thread 0x000002335a06ddc0 Exception <a 'java/lang/NoSuchMethodError'{0x000000071506e580}: 'java.lang.Object java.lang.invoke.DirectMethodHandle$Holder.invokeStatic(java.lang.Object, long, java.lang.Object)'> (0x000000071506e580) 
thrown [s\open\src\hotspot\share\interpreter\linkResolver.cpp, line 774]
Event: 0.972 Thread 0x000002335a06ddc0 Exception <a 'java/lang/NoSuchMethodError'{0x0000000715072688}: 'java.lang.Object java.lang.invoke.DirectMethodHandle$Holder.invokeStaticInit(java.lang.Object, long, java.lang.Object)'> (0x0000000715072688) 
thrown [s\open\src\hotspot\share\interpreter\linkResolver.cpp, line 774]
Event: 0.972 Thread 0x000002335a06ddc0 Exception <a 'java/lang/NoSuchMethodError'{0x0000000715078be0}: 'java.lang.Object java.lang.invoke.DirectMethodHandle$Holder.newInvokeSpecial(java.lang.Object, long)'> (0x0000000715078be0) 
thrown [s\open\src\hotspot\share\interpreter\linkResolver.cpp, line 774]
Event: 1.005 Thread 0x000002335a06ddc0 Exception <a 'java/lang/IncompatibleClassChangeError'{0x0000000714e4be58}: Found class java.lang.Object, but interface was expected> (0x0000000714e4be58) 
thrown [s\open\src\hotspot\share\interpreter\linkResolver.cpp, line 841]
Event: 1.006 Thread 0x000002337f12f0d0 Exception <a 'java/lang/NoClassDefFoundError'{0x0000000714e885c0}: jakarta/validation/Validation> (0x0000000714e885c0) 
thrown [s\open\src\hotspot\share\classfile\systemDictionary.cpp, line 244]

VM Operations (20 events):
Event: 0.551 Executing VM operation: HandshakeAllThreads
Event: 0.551 Executing VM operation: HandshakeAllThreads done
Event: 0.552 Executing VM operation: HandshakeAllThreads
Event: 0.552 Executing VM operation: HandshakeAllThreads done
Event: 0.607 Executing VM operation: HandshakeAllThreads
Event: 0.607 Executing VM operation: HandshakeAllThreads done
Event: 0.645 Executing VM operation: HandshakeAllThreads
Event: 0.645 Executing VM operation: HandshakeAllThreads done
Event: 0.659 Executing VM operation: ICBufferFull
Event: 0.659 Executing VM operation: ICBufferFull done
Event: 0.795 Executing VM operation: HandshakeAllThreads
Event: 0.795 Executing VM operation: HandshakeAllThreads done
Event: 0.812 Executing VM operation: G1CollectForAllocation
Event: 0.817 Executing VM operation: G1CollectForAllocation done
Event: 0.921 Executing VM operation: HandshakeAllThreads
Event: 0.921 Executing VM operation: HandshakeAllThreads done
Event: 0.952 Executing VM operation: HandshakeAllThreads
Event: 0.952 Executing VM operation: HandshakeAllThreads done
Event: 0.997 Executing VM operation: HandshakeAllThreads
Event: 0.997 Executing VM operation: HandshakeAllThreads done

Events (20 events):
Event: 0.016 Thread 0x000002335a06ddc0 Thread added: 0x000002335a06ddc0
Event: 0.026 Thread 0x000002337dd8abc0 Thread added: 0x000002337dd8abc0
Event: 0.026 Thread 0x000002337dd8b650 Thread added: 0x000002337dd8b650
Event: 0.027 Thread 0x000002337dd8e9f0 Thread added: 0x000002337dd8e9f0
Event: 0.028 Thread 0x000002337dd92e40 Thread added: 0x000002337dd92e40
Event: 0.028 Thread 0x000002337dd95f20 Thread added: 0x000002337dd95f20
Event: 0.029 Thread 0x000002337dd9a4f0 Thread added: 0x000002337dd9a4f0
Event: 0.029 Thread 0x000002337dd9b8f0 Thread added: 0x000002337dd9b8f0
Event: 0.030 Thread 0x000002337dd9fa20 Thread added: 0x000002337dd9fa20
Event: 0.030 Thread 0x000002337ddbb2f0 Thread added: 0x000002337ddbb2f0
Event: 0.038 Thread 0x000002337dfd5800 Thread added: 0x000002337dfd5800
Event: 0.038 Thread 0x000002337dfdbdb0 Thread added: 0x000002337dfdbdb0
Event: 0.039 Thread 0x000002337dfe4360 Thread added: 0x000002337dfe4360
Event: 0.039 Thread 0x000002337dfe88b0 Thread added: 0x000002337dfe88b0
Event: 0.042 Thread 0x000002337dffa590 Thread added: 0x000002337dffa590
Event: 0.126 Thread 0x000002337e1fe320 Thread added: 0x000002337e1fe320
Event: 0.127 Thread 0x000002337e38dc60 Thread added: 0x000002337e38dc60
Event: 0.161 Thread 0x000002337e4a59f0 Thread added: 0x000002337e4a59f0
Event: 0.169 Thread 0x000002337e405bb0 Thread added: 0x000002337e405bb0
Event: 1.004 Thread 0x000002337f12f0d0 Thread added: 0x000002337f12f0d0


Dynamic libraries:
0x00007ff78f8e0000 - 0x00007ff78f8f0000 	C:\Program Files\Java\jdk-19\bin\java.exe
0x00007ffb214f0000 - 0x00007ffb21707000 	C:\WINDOWS\SYSTEM32\ntdll.dll
0x00007ffb1fcc0000 - 0x00007ffb1fd84000 	C:\WINDOWS\System32\KERNEL32.DLL
0x00007ffb1ed30000 - 0x00007ffb1f0e9000 	C:\WINDOWS\System32\KERNELBASE.dll
0x00007ffb1e7c0000 - 0x00007ffb1e8d1000 	C:\WINDOWS\System32\ucrtbase.dll
0x00007ffad66c0000 - 0x00007ffad66d8000 	C:\Program Files\Java\jdk-19\bin\jli.dll
0x00007ffad7b50000 - 0x00007ffad7b6b000 	C:\Program Files\Java\jdk-19\bin\VCRUNTIME140.dll
0x00007ffb1fbc0000 - 0x00007ffb1fc72000 	C:\WINDOWS\System32\ADVAPI32.dll
0x00007ffb21050000 - 0x00007ffb210f7000 	C:\WINDOWS\System32\msvcrt.dll
0x00007ffb20af0000 - 0x00007ffb20b97000 	C:\WINDOWS\System32\sechost.dll
0x00007ffb1ed00000 - 0x00007ffb1ed28000 	C:\WINDOWS\System32\bcrypt.dll
0x00007ffb21100000 - 0x00007ffb21214000 	C:\WINDOWS\System32\RPCRT4.dll
0x00007ffb05dc0000 - 0x00007ffb06052000 	C:\WINDOWS\WinSxS\amd64_microsoft.windows.common-controls_6595b64144ccf1df_6.0.22621.4391_none_2715d37f73803e96\COMCTL32.dll
0x00007ffb1f510000 - 0x00007ffb1f539000 	C:\WINDOWS\System32\GDI32.dll
0x00007ffb1f670000 - 0x00007ffb1f81e000 	C:\WINDOWS\System32\USER32.dll
0x00007ffb1f1b0000 - 0x00007ffb1f1d6000 	C:\WINDOWS\System32\win32u.dll
0x00007ffb1e8e0000 - 0x00007ffb1e9fb000 	C:\WINDOWS\System32\gdi32full.dll
0x00007ffb1ea70000 - 0x00007ffb1eb0a000 	C:\WINDOWS\System32\msvcp_win.dll
0x00007ffb16190000 - 0x00007ffb1619a000 	C:\WINDOWS\SYSTEM32\VERSION.dll
0x00007ffb1fc80000 - 0x00007ffb1fcb1000 	C:\WINDOWS\System32\IMM32.DLL
0x00007ffaef370000 - 0x00007ffaef37c000 	C:\Program Files\Java\jdk-19\bin\vcruntime140_1.dll
0x00007ffaa7770000 - 0x00007ffaa77fe000 	C:\Program Files\Java\jdk-19\bin\msvcp140.dll
0x00007ffa62070000 - 0x00007ffa62d30000 	C:\Program Files\Java\jdk-19\bin\server\jvm.dll
0x00007ffb16b80000 - 0x00007ffb16bb4000 	C:\WINDOWS\SYSTEM32\WINMM.dll
0x00007ffb16730000 - 0x00007ffb16739000 	C:\WINDOWS\SYSTEM32\WSOCK32.dll
0x00007ffb1f540000 - 0x00007ffb1f5b1000 	C:\WINDOWS\System32\WS2_32.dll
0x00007ffb1d8f0000 - 0x00007ffb1d908000 	C:\WINDOWS\SYSTEM32\kernel.appcore.dll
0x00007ffaee0c0000 - 0x00007ffaee0ca000 	C:\Program Files\Java\jdk-19\bin\jimage.dll
0x00007ffb1bfb0000 - 0x00007ffb1c1e2000 	C:\WINDOWS\SYSTEM32\DBGHELP.DLL
0x00007ffb1f830000 - 0x00007ffb1fbbf000 	C:\WINDOWS\System32\combase.dll
0x00007ffb1f3b0000 - 0x00007ffb1f487000 	C:\WINDOWS\System32\OLEAUT32.dll
0x00007ffb13830000 - 0x00007ffb13862000 	C:\WINDOWS\SYSTEM32\dbgcore.DLL
0x00007ffb1ec80000 - 0x00007ffb1ecfb000 	C:\WINDOWS\System32\bcryptPrimitives.dll
0x00007ffad6540000 - 0x00007ffad6566000 	C:\Program Files\Java\jdk-19\bin\java.dll
0x00007ffaa4f30000 - 0x00007ffaa5007000 	C:\Program Files\Java\jdk-19\bin\jsvml.dll
0x00007ffb20270000 - 0x00007ffb20ae6000 	C:\WINDOWS\System32\SHELL32.dll
0x00007ffb1c6d0000 - 0x00007ffb1cfd3000 	C:\WINDOWS\SYSTEM32\windows.storage.dll
0x00007ffb1c590000 - 0x00007ffb1c6cf000 	C:\WINDOWS\SYSTEM32\wintypes.dll
0x00007ffb21380000 - 0x00007ffb21479000 	C:\WINDOWS\System32\SHCORE.dll
0x00007ffb212b0000 - 0x00007ffb2130e000 	C:\WINDOWS\System32\shlwapi.dll
0x00007ffb1e6f0000 - 0x00007ffb1e71b000 	C:\WINDOWS\SYSTEM32\profapi.dll
0x00007ffacdcc0000 - 0x00007ffacdcd3000 	C:\Program Files\Java\jdk-19\bin\net.dll
0x00007ffb1a210000 - 0x00007ffb1a346000 	C:\WINDOWS\SYSTEM32\WINHTTP.dll
0x00007ffb1dd70000 - 0x00007ffb1ddd9000 	C:\WINDOWS\system32\mswsock.dll
0x00007ffab2220000 - 0x00007ffab2236000 	C:\Program Files\Java\jdk-19\bin\nio.dll
0x00007ffab2200000 - 0x00007ffab2218000 	C:\Program Files\Java\jdk-19\bin\zip.dll
0x00007ffb188b0000 - 0x00007ffb188ba000 	C:\Program Files\Java\jdk-19\bin\management.dll
0x00007ffb18730000 - 0x00007ffb1873b000 	C:\Program Files\Java\jdk-19\bin\management_ext.dll
0x00007ffb21370000 - 0x00007ffb21378000 	C:\WINDOWS\System32\PSAPI.DLL

dbghelp: loaded successfully - version: 4.0.5 - missing functions: none
symbol engine: initialized successfully - sym options: 0x614 - pdb path: .;C:\Program Files\Java\jdk-19\bin;C:\WINDOWS\SYSTEM32;C:\WINDOWS\WinSxS\amd64_microsoft.windows.common-controls_6595b64144ccf1df_6.0.22621.4391_none_2715d37f73803e96;C:\Program Files\Java\jdk-19\bin\server

VM Arguments:
java_command: C:\Users\99293\AppData\Local\Temp\surefire7795295217587718553\surefirebooter-20241211104526008_3.jar C:\Users\99293\AppData\Local\Temp\surefire7795295217587718553 2024-12-11T10-45-25_865-jvmRun1 surefire-20241211104526008_1tmp surefire_0-20241211104526008_2tmp
java_class_path (initial): C:\Users\99293\AppData\Local\Temp\surefire7795295217587718553\surefirebooter-20241211104526008_3.jar
Launcher Type: SUN_STANDARD

[Global flags]
     intx CICompilerCount                          = 12                                        {product} {ergonomic}
     uint ConcGCThreads                            = 3                                         {product} {ergonomic}
     uint G1ConcRefinementThreads                  = 13                                        {product} {ergonomic}
   size_t G1HeapRegionSize                         = 2097152                                   {product} {ergonomic}
    uintx GCDrainStackTargetSize                   = 64                                        {product} {ergonomic}
   size_t InitialHeapSize                          = 264241152                                 {product} {ergonomic}
   size_t MarkStackSize                            = 4194304                                   {product} {ergonomic}
   size_t MaxHeapSize                              = 4196401152                                {product} {ergonomic}
   size_t MaxNewSize                               = 2516582400                                {product} {ergonomic}
   size_t MinHeapDeltaBytes                        = 2097152                                   {product} {ergonomic}
   size_t MinHeapSize                              = 8388608                                   {product} {ergonomic}
    uintx NonNMethodCodeHeapSize                   = 7602480                                {pd product} {ergonomic}
    uintx NonProfiledCodeHeapSize                  = 122027880                              {pd product} {ergonomic}
    uintx ProfiledCodeHeapSize                     = 122027880                              {pd product} {ergonomic}
    uintx ReservedCodeCacheSize                    = 251658240                              {pd product} {ergonomic}
     bool SegmentedCodeCache                       = true                                      {product} {ergonomic}
   size_t SoftMaxHeapSize                          = 4196401152                             {manageable} {ergonomic}
     bool UseCompressedClassPointers               = true                           {product lp64_product} {ergonomic}
     bool UseCompressedOops                        = true                           {product lp64_product} {ergonomic}
     bool UseG1GC                                  = true                                      {product} {ergonomic}
     bool UseLargePagesIndividualAllocation        = false                                  {pd product} {ergonomic}

Logging:
Log output configuration:
 #0: stdout all=warning uptime,level,tags foldmultilines=false
 #1: stderr all=off uptime,level,tags foldmultilines=false

Environment Variables:
JAVA_HOME=C:\Program Files\Java\jdk-19
PATH=C:\Program Files\Common Files\Oracle\Java\javapath;C:\Windows\system32;C:\Windows;C:\Windows\System32\Wbem;C:\Windows\System32\WindowsPowerShell\v1.0\;C:\Windows\System32\OpenSSH\;C:\Program Files (x86)\NVIDIA Corporation\PhysX\Common;C:\Program Files\NVIDIA Corporation\NVIDIA NvDLISR;C:\Program Files (x86)\dotnet\;C:\WINDOWS\system32;C:\WINDOWS;C:\WINDOWS\System32\Wbem;C:\WINDOWS\System32\WindowsPowerShell\v1.0\;C:\WINDOWS\System32\OpenSSH\;C:\Program Files\Java\jdk-19\bin;C:\Program Files\Git\cmd;C:\Users\99293\AppData\Local\Programs\Python\Python311\Scripts\;C:\Users\99293\AppData\Local\Programs\Python\Python311\;C:\Users\99293\AppData\Local\Microsoft\WindowsApps;;C:\Program Files\JetBrains\IntelliJ IDEA 2022.1.2\bin;;C:\Program Files\heroku\bin
USERNAME=ASUS
OS=Windows_NT
PROCESSOR_IDENTIFIER=Intel64 Family 6 Model 154 Stepping 3, GenuineIntel
TMP=C:\Users\99293\AppData\Local\Temp
TEMP=C:\Users\99293\AppData\Local\Temp



---------------  S Y S T E M  ---------------

OS:
 Windows 11 , 64 bit Build 22621 (10.0.22621.4391)
OS uptime: 0 days 14:15 hours
Hyper-V role detected

CPU: total 16 (initial active 16) (8 cores per cpu, 2 threads per core) family 6 model 154 stepping 3 microcode 0x429, cx8, cmov, fxsr, ht, mmx, 3dnowpref, sse, sse2, sse3, ssse3, sse4.1, sse4.2, popcnt, lzcnt, tsc, tscinvbit, avx, avx2, aes, erms, clmul, bmi1, bmi2, adx, sha, fma, vzeroupper, clflush, clflushopt, clwb, hv, serialize, rdtscp, rdpid, fsrm

Memory: 4k page, system-wide physical 16004M (1525M free)
TotalPageFile size 18052M (AvailPageFile size 3M)
current process WorkingSet (physical memory assigned to process): 121M, peak: 122M
current process commit charge ("private bytes"): 398M, peak: 399M

vm_info: Java HotSpot(TM) 64-Bit Server VM (19.0.2+7-44) for windows-amd64 JRE (19.0.2+7-44), built on 2022-11-30T18:02:09Z by "mach5one" with MS VC++ 17.1 (VS2022)

END.
