#
# There is insufficient memory for the Java Runtime Environment to continue.
# Native memory allocation (malloc) failed to allocate 1375216 bytes for Chunk::new
# Possible reasons:
#   The system is out of physical RAM or swap space
#   The process is running with CompressedOops enabled, and the Java Heap may be blocking the growth of the native heap
# Possible solutions:
#   Reduce memory load on the system
#   Increase physical memory or swap space
#   Check if swap backing store is full
#   Decrease Java heap size (-Xmx/-Xms)
#   Decrease number of Java threads
#   Decrease Java thread stack sizes (-Xss)
#   Set larger code cache with -XX:ReservedCodeCacheSize=
#   JVM is running with Zero Based Compressed Oops mode in which the Java heap is
#     placed in the first 32GB address space. The Java Heap base address is the
#     maximum limit for the native heap growth. Please use -XX:HeapBaseMinAddress
#     to set the Java Heap base and to place the Java Heap above 32GB virtual address.
# This output file may be truncated or incomplete.
#
#  Out of Memory Error (arena.cpp:184), pid=16640, tid=10832
#
# JRE version: Java(TM) SE Runtime Environment (19.0.2+7) (build 19.0.2+7-44)
# Java VM: Java HotSpot(TM) 64-Bit Server VM (19.0.2+7-44, mixed mode, sharing, tiered, compressed oops, compressed class ptrs, g1 gc, windows-amd64)
# No core dump will be written. Minidumps are not enabled by default on client versions of Windows
#

---------------  S U M M A R Y ------------

Command Line: C:\Users\99293\AppData\Local\Temp\surefire7045014012026285776\surefirebooter-20241211144112147_3.jar C:\Users\99293\AppData\Local\Temp\surefire7045014012026285776 2024-12-11T14-41-12_001-jvmRun1 surefire-20241211144112147_1tmp surefire_0-20241211144112147_2tmp

Host: 12th Gen Intel(R) Core(TM) i7-12650H, 16 cores, 15G,  Windows 11 , 64 bit Build 22621 (10.0.22621.4391)
Time: Wed Dec 11 14:41:13 2024  Windows 11 , 64 bit Build 22621 (10.0.22621.4391) elapsed time: 1.009674 seconds (0d 0h 0m 1s)

---------------  T H R E A D  ---------------

Current thread (0x0000029a2fe80990):  JavaThread "C2 CompilerThread1" daemon [_thread_in_native, id=10832, stack(0x000000e8a1000000,0x000000e8a1100000)]


Current CompileTask:
C2:   1009 1894       4       java.lang.invoke.MethodType::makeImpl (109 bytes)

Stack: [0x000000e8a1000000,0x000000e8a1100000]
Native frames: (J=compiled Java code, j=interpreted, Vv=VM code, C=native code)
V  [jvm.dll+0x6ee21a]
V  [jvm.dll+0x85765e]
V  [jvm.dll+0x85904e]
V  [jvm.dll+0x859703]
V  [jvm.dll+0x28298f]
V  [jvm.dll+0xc9adf]
V  [jvm.dll+0xc9e65]
V  [jvm.dll+0x3bca12]
V  [jvm.dll+0x3860e1]
V  [jvm.dll+0x38555a]
V  [jvm.dll+0x24c3d9]
V  [jvm.dll+0x24b781]
V  [jvm.dll+0x1d6ce1]
V  [jvm.dll+0x25b25a]
V  [jvm.dll+0x2596e8]
V  [jvm.dll+0x807588]
V  [jvm.dll+0x80125a]
V  [jvm.dll+0x6ecf0b]
C  [ucrtbase.dll+0x29333]
C  [KERNEL32.DLL+0x1259d]
C  [ntdll.dll+0x5af38]


---------------  P R O C E S S  ---------------

Threads class SMR info:
_java_thread_list=0x0000029a2fe2d8a0, length=19, elements={
0x0000029a079fdbf0, 0x0000029a2acdcbd0, 0x0000029a2acdd110, 0x0000029a2ace19d0,
0x0000029a2ace1f10, 0x0000029a2ace4460, 0x0000029a2ace7ea0, 0x0000029a2acec730,
0x0000029a2acedcc0, 0x0000029a2acee240, 0x0000029a2f8bdea0, 0x0000029a2f9b3b70,
0x0000029a2f9b9150, 0x0000029a2fca1050, 0x0000029a2fdb5fa0, 0x0000029a2fdb40b0,
0x0000029a2febb770, 0x0000029a2fe80990, 0x0000029a2fe82700
}
_to_delete_list=0x0000029a2fe2c970, length=18, elements={
0x0000029a079fdbf0, 0x0000029a2acdcbd0, 0x0000029a2acdd110, 0x0000029a2ace19d0,
0x0000029a2ace1f10, 0x0000029a2ace4460, 0x0000029a2ace7ea0, 0x0000029a2acec730,
0x0000029a2acedcc0, 0x0000029a2acee240, 0x0000029a2f8bdea0, 0x0000029a2f9b3b70,
0x0000029a2f9b9150, 0x0000029a2fca1050, 0x0000029a2fdb5fa0, 0x0000029a2fdb40b0,
0x0000029a2febb770, 0x0000029a2fe80990
}

Java Threads: ( => current thread )
  0x0000029a079fdbf0 JavaThread "main" [_thread_in_Java, id=10340, stack(0x000000e89f800000,0x000000e89f900000)]
  0x0000029a2acdcbd0 JavaThread "Reference Handler" daemon [_thread_blocked, id=6616, stack(0x000000e89ff00000,0x000000e8a0000000)]
  0x0000029a2acdd110 JavaThread "Finalizer" daemon [_thread_blocked, id=3140, stack(0x000000e8a0000000,0x000000e8a0100000)]
  0x0000029a2ace19d0 JavaThread "Signal Dispatcher" daemon [_thread_blocked, id=5020, stack(0x000000e8a0100000,0x000000e8a0200000)]
  0x0000029a2ace1f10 JavaThread "Attach Listener" daemon [_thread_blocked, id=10608, stack(0x000000e8a0200000,0x000000e8a0300000)]
  0x0000029a2ace4460 JavaThread "Service Thread" daemon [_thread_blocked, id=6332, stack(0x000000e8a0300000,0x000000e8a0400000)]
  0x0000029a2ace7ea0 JavaThread "Monitor Deflation Thread" daemon [_thread_blocked, id=23472, stack(0x000000e8a0400000,0x000000e8a0500000)]
  0x0000029a2acec730 JavaThread "C2 CompilerThread0" daemon [_thread_blocked, id=23668, stack(0x000000e8a0500000,0x000000e8a0600000)]
  0x0000029a2acedcc0 JavaThread "C1 CompilerThread0" daemon [_thread_blocked, id=14080, stack(0x000000e8a0600000,0x000000e8a0700000)]
  0x0000029a2acee240 JavaThread "Sweeper thread" daemon [_thread_blocked, id=10764, stack(0x000000e8a0700000,0x000000e8a0800000)]
  0x0000029a2f8bdea0 JavaThread "C1 CompilerThread1" daemon [_thread_blocked, id=20988, stack(0x000000e8a0800000,0x000000e8a0900000)]
  0x0000029a2f9b3b70 JavaThread "Notification Thread" daemon [_thread_blocked, id=18032, stack(0x000000e8a0900000,0x000000e8a0a00000)]
  0x0000029a2f9b9150 JavaThread "Common-Cleaner" daemon [_thread_blocked, id=13256, stack(0x000000e8a0b00000,0x000000e8a0c00000)]
  0x0000029a2fca1050 JavaThread "surefire-forkedjvm-stream-flusher" daemon [_thread_blocked, id=16180, stack(0x000000e8a0c00000,0x000000e8a0d00000)]
  0x0000029a2fdb5fa0 JavaThread "surefire-forkedjvm-command-thread" daemon [_thread_in_native, id=16704, stack(0x000000e8a0d00000,0x000000e8a0e00000)]
  0x0000029a2fdb40b0 JavaThread "C1 CompilerThread2" daemon [_thread_blocked, id=3920, stack(0x000000e8a0e00000,0x000000e8a0f00000)]
  0x0000029a2febb770 JavaThread "C1 CompilerThread3" daemon [_thread_blocked, id=16880, stack(0x000000e8a0f00000,0x000000e8a1000000)]
=>0x0000029a2fe80990 JavaThread "C2 CompilerThread1" daemon [_thread_in_native, id=10832, stack(0x000000e8a1000000,0x000000e8a1100000)]
  0x0000029a2fe82700 JavaThread "C2 CompilerThread2" daemon [_thread_blocked, id=1936, stack(0x000000e8a1100000,0x000000e8a1200000)]

Other Threads:
  0x0000029a2acc1640 VMThread "VM Thread" [stack: 0x000000e89fe00000,0x000000e89ff00000] [id=22836]
  0x0000029a2f9b84d0 WatcherThread "VM Periodic Task Thread" [stack: 0x000000e8a0a00000,0x000000e8a0b00000] [id=1440]
  0x0000029a07a707b0 WorkerThread "GC Thread#0" [stack: 0x000000e89f900000,0x000000e89fa00000] [id=6988]
  0x0000029a2fa30780 WorkerThread "GC Thread#1" [stack: 0x000000e8a1200000,0x000000e8a1300000] [id=11116]
  0x0000029a2fa2ff10 WorkerThread "GC Thread#2" [stack: 0x000000e8a1300000,0x000000e8a1400000] [id=24036]
  0x0000029a2fa2fc40 WorkerThread "GC Thread#3" [stack: 0x000000e8a1400000,0x000000e8a1500000] [id=23512]
  0x0000029a2fa2ee30 WorkerThread "GC Thread#4" [stack: 0x000000e8a1500000,0x000000e8a1600000] [id=10280]
  0x0000029a2fa2f6a0 WorkerThread "GC Thread#5" [stack: 0x000000e8a1600000,0x000000e8a1700000] [id=16988]
  0x0000029a2fa30a50 WorkerThread "GC Thread#6" [stack: 0x000000e8a1700000,0x000000e8a1800000] [id=18248]
  0x0000029a2fa2f100 WorkerThread "GC Thread#7" [stack: 0x000000e8a1800000,0x000000e8a1900000] [id=24540]
  0x0000029a30cf0ea0 WorkerThread "GC Thread#8" [stack: 0x000000e8a1900000,0x000000e8a1a00000] [id=1584]
  0x0000029a30cf27f0 WorkerThread "GC Thread#9" [stack: 0x000000e8a1a00000,0x000000e8a1b00000] [id=12220]
  0x0000029a30cf3ba0 WorkerThread "GC Thread#10" [stack: 0x000000e8a1b00000,0x000000e8a1c00000] [id=17824]
  0x0000029a07a81120 ConcurrentGCThread "G1 Main Marker" [stack: 0x000000e89fa00000,0x000000e89fb00000] [id=15224]
  0x0000029a07a82490 WorkerThread "G1 Conc#0" [stack: 0x000000e89fb00000,0x000000e89fc00000] [id=21828]
  0x0000029a07abea60 ConcurrentGCThread "G1 Refine#0" [stack: 0x000000e89fc00000,0x000000e89fd00000] [id=24212]
  0x0000029a2ab78670 ConcurrentGCThread "G1 Service" [stack: 0x000000e89fd00000,0x000000e89fe00000] [id=24440]

Threads with active compile tasks:
C2 CompilerThread1     1019 1894       4       java.lang.invoke.MethodType::makeImpl (109 bytes)

VM state: not at safepoint (normal execution)

VM Mutex/Monitor currently owned by a thread: None

Heap address: 0x0000000705e00000, size: 4002 MB, Compressed Oops mode: Zero based, Oop shift amount: 3

CDS archive(s) mapped at: [0x0000000800000000-0x0000000800c40000-0x0000000800c40000), size 12845056, SharedBaseAddress: 0x0000000800000000, ArchiveRelocationMode: 0.
Compressed class space mapped at: 0x0000000801000000-0x0000000841000000, reserved size: 1073741824
Narrow klass base: 0x0000000800000000, Narrow klass shift: 0, Narrow klass range: 0x100000000

GC Precious Log:
 CardTable entry size: 512
 Card Set container configuration: InlinePtr #cards 4 size 8 Array Of Cards #cards 16 size 48 Howl #buckets 8 coarsen threshold 3686 Howl Bitmap #cards 512 size 80 coarsen threshold 460 Card regions per heap region 1 cards per card region 4096
 CPUs: 16 total, 16 available
 Memory: 16004M
 Large Page Support: Disabled
 NUMA Support: Disabled
 Compressed Oops: Enabled (Zero based)
 Heap Region Size: 2M
 Heap Min Capacity: 8M
 Heap Initial Capacity: 252M
 Heap Max Capacity: 4002M
 Pre-touch: Disabled
 Parallel Workers: 13
 Concurrent Workers: 3
 Concurrent Refinement Workers: 13
 Periodic GC: Disabled

Heap:
 garbage-first heap   total 258048K, used 9130K [0x0000000705e00000, 0x0000000800000000)
  region size 2048K, 3 young (6144K), 2 survivors (4096K)
 Metaspace       used 12483K, committed 12736K, reserved 1114112K
  class space    used 1549K, committed 1664K, reserved 1048576K

Heap Regions: E=young(eden), S=young(survivor), O=old, HS=humongous(starts), HC=humongous(continues), CS=collection set, F=free, OA=open archive, CA=closed archive, TAMS=top-at-mark-start (previous, next)
|   0|0x0000000705e00000, 0x0000000706000000, 0x0000000706000000|100%| O|  |TAMS 0x0000000705e00000, 0x0000000705e00000| Untracked 
|   1|0x0000000706000000, 0x0000000706200000, 0x0000000706200000|100%| O|  |TAMS 0x0000000706000000, 0x0000000706000000| Untracked 
|   2|0x0000000706200000, 0x0000000706400000, 0x0000000706400000|100%| O|  |TAMS 0x0000000706200000, 0x0000000706200000| Untracked 
|   3|0x0000000706400000, 0x000000070647e400, 0x0000000706600000| 24%| O|  |TAMS 0x0000000706400000, 0x0000000706400000| Untracked 
|   4|0x0000000706600000, 0x0000000706600000, 0x0000000706800000|  0%| F|  |TAMS 0x0000000706600000, 0x0000000706600000| Untracked 
|   5|0x0000000706800000, 0x0000000706800000, 0x0000000706a00000|  0%| F|  |TAMS 0x0000000706800000, 0x0000000706800000| Untracked 
|   6|0x0000000706a00000, 0x0000000706a00000, 0x0000000706c00000|  0%| F|  |TAMS 0x0000000706a00000, 0x0000000706a00000| Untracked 
|   7|0x0000000706c00000, 0x0000000706c00000, 0x0000000706e00000|  0%| F|  |TAMS 0x0000000706c00000, 0x0000000706c00000| Untracked 
|   8|0x0000000706e00000, 0x0000000706e00000, 0x0000000707000000|  0%| F|  |TAMS 0x0000000706e00000, 0x0000000706e00000| Untracked 
|   9|0x0000000707000000, 0x0000000707000000, 0x0000000707200000|  0%| F|  |TAMS 0x0000000707000000, 0x0000000707000000| Untracked 
|  10|0x0000000707200000, 0x0000000707200000, 0x0000000707400000|  0%| F|  |TAMS 0x0000000707200000, 0x0000000707200000| Untracked 
|  11|0x0000000707400000, 0x0000000707400000, 0x0000000707600000|  0%| F|  |TAMS 0x0000000707400000, 0x0000000707400000| Untracked 
|  12|0x0000000707600000, 0x0000000707600000, 0x0000000707800000|  0%| F|  |TAMS 0x0000000707600000, 0x0000000707600000| Untracked 
|  13|0x0000000707800000, 0x0000000707800000, 0x0000000707a00000|  0%| F|  |TAMS 0x0000000707800000, 0x0000000707800000| Untracked 
|  14|0x0000000707a00000, 0x0000000707a00000, 0x0000000707c00000|  0%| F|  |TAMS 0x0000000707a00000, 0x0000000707a00000| Untracked 
|  15|0x0000000707c00000, 0x0000000707c00000, 0x0000000707e00000|  0%| F|  |TAMS 0x0000000707c00000, 0x0000000707c00000| Untracked 
|  16|0x0000000707e00000, 0x0000000707e00000, 0x0000000708000000|  0%| F|  |TAMS 0x0000000707e00000, 0x0000000707e00000| Untracked 
|  17|0x0000000708000000, 0x0000000708000000, 0x0000000708200000|  0%| F|  |TAMS 0x0000000708000000, 0x0000000708000000| Untracked 
|  18|0x0000000708200000, 0x0000000708200000, 0x0000000708400000|  0%| F|  |TAMS 0x0000000708200000, 0x0000000708200000| Untracked 
|  19|0x0000000708400000, 0x0000000708400000, 0x0000000708600000|  0%| F|  |TAMS 0x0000000708400000, 0x0000000708400000| Untracked 
|  20|0x0000000708600000, 0x0000000708600000, 0x0000000708800000|  0%| F|  |TAMS 0x0000000708600000, 0x0000000708600000| Untracked 
|  21|0x0000000708800000, 0x0000000708800000, 0x0000000708a00000|  0%| F|  |TAMS 0x0000000708800000, 0x0000000708800000| Untracked 
|  22|0x0000000708a00000, 0x0000000708a00000, 0x0000000708c00000|  0%| F|  |TAMS 0x0000000708a00000, 0x0000000708a00000| Untracked 
|  23|0x0000000708c00000, 0x0000000708c00000, 0x0000000708e00000|  0%| F|  |TAMS 0x0000000708c00000, 0x0000000708c00000| Untracked 
|  24|0x0000000708e00000, 0x0000000708e00000, 0x0000000709000000|  0%| F|  |TAMS 0x0000000708e00000, 0x0000000708e00000| Untracked 
|  25|0x0000000709000000, 0x0000000709000000, 0x0000000709200000|  0%| F|  |TAMS 0x0000000709000000, 0x0000000709000000| Untracked 
|  26|0x0000000709200000, 0x0000000709200000, 0x0000000709400000|  0%| F|  |TAMS 0x0000000709200000, 0x0000000709200000| Untracked 
|  27|0x0000000709400000, 0x0000000709400000, 0x0000000709600000|  0%| F|  |TAMS 0x0000000709400000, 0x0000000709400000| Untracked 
|  28|0x0000000709600000, 0x0000000709600000, 0x0000000709800000|  0%| F|  |TAMS 0x0000000709600000, 0x0000000709600000| Untracked 
|  29|0x0000000709800000, 0x0000000709800000, 0x0000000709a00000|  0%| F|  |TAMS 0x0000000709800000, 0x0000000709800000| Untracked 
|  30|0x0000000709a00000, 0x0000000709a00000, 0x0000000709c00000|  0%| F|  |TAMS 0x0000000709a00000, 0x0000000709a00000| Untracked 
|  31|0x0000000709c00000, 0x0000000709c00000, 0x0000000709e00000|  0%| F|  |TAMS 0x0000000709c00000, 0x0000000709c00000| Untracked 
|  32|0x0000000709e00000, 0x0000000709e00000, 0x000000070a000000|  0%| F|  |TAMS 0x0000000709e00000, 0x0000000709e00000| Untracked 
|  33|0x000000070a000000, 0x000000070a000000, 0x000000070a200000|  0%| F|  |TAMS 0x000000070a000000, 0x000000070a000000| Untracked 
|  34|0x000000070a200000, 0x000000070a200000, 0x000000070a400000|  0%| F|  |TAMS 0x000000070a200000, 0x000000070a200000| Untracked 
|  35|0x000000070a400000, 0x000000070a400000, 0x000000070a600000|  0%| F|  |TAMS 0x000000070a400000, 0x000000070a400000| Untracked 
|  36|0x000000070a600000, 0x000000070a600000, 0x000000070a800000|  0%| F|  |TAMS 0x000000070a600000, 0x000000070a600000| Untracked 
|  37|0x000000070a800000, 0x000000070a800000, 0x000000070aa00000|  0%| F|  |TAMS 0x000000070a800000, 0x000000070a800000| Untracked 
|  38|0x000000070aa00000, 0x000000070aa00000, 0x000000070ac00000|  0%| F|  |TAMS 0x000000070aa00000, 0x000000070aa00000| Untracked 
|  39|0x000000070ac00000, 0x000000070ac00000, 0x000000070ae00000|  0%| F|  |TAMS 0x000000070ac00000, 0x000000070ac00000| Untracked 
|  40|0x000000070ae00000, 0x000000070ae00000, 0x000000070b000000|  0%| F|  |TAMS 0x000000070ae00000, 0x000000070ae00000| Untracked 
|  41|0x000000070b000000, 0x000000070b000000, 0x000000070b200000|  0%| F|  |TAMS 0x000000070b000000, 0x000000070b000000| Untracked 
|  42|0x000000070b200000, 0x000000070b200000, 0x000000070b400000|  0%| F|  |TAMS 0x000000070b200000, 0x000000070b200000| Untracked 
|  43|0x000000070b400000, 0x000000070b400000, 0x000000070b600000|  0%| F|  |TAMS 0x000000070b400000, 0x000000070b400000| Untracked 
|  44|0x000000070b600000, 0x000000070b600000, 0x000000070b800000|  0%| F|  |TAMS 0x000000070b600000, 0x000000070b600000| Untracked 
|  45|0x000000070b800000, 0x000000070b800000, 0x000000070ba00000|  0%| F|  |TAMS 0x000000070b800000, 0x000000070b800000| Untracked 
|  46|0x000000070ba00000, 0x000000070ba00000, 0x000000070bc00000|  0%| F|  |TAMS 0x000000070ba00000, 0x000000070ba00000| Untracked 
|  47|0x000000070bc00000, 0x000000070bc00000, 0x000000070be00000|  0%| F|  |TAMS 0x000000070bc00000, 0x000000070bc00000| Untracked 
|  48|0x000000070be00000, 0x000000070be00000, 0x000000070c000000|  0%| F|  |TAMS 0x000000070be00000, 0x000000070be00000| Untracked 
|  49|0x000000070c000000, 0x000000070c000000, 0x000000070c200000|  0%| F|  |TAMS 0x000000070c000000, 0x000000070c000000| Untracked 
|  50|0x000000070c200000, 0x000000070c200000, 0x000000070c400000|  0%| F|  |TAMS 0x000000070c200000, 0x000000070c200000| Untracked 
|  51|0x000000070c400000, 0x000000070c400000, 0x000000070c600000|  0%| F|  |TAMS 0x000000070c400000, 0x000000070c400000| Untracked 
|  52|0x000000070c600000, 0x000000070c600000, 0x000000070c800000|  0%| F|  |TAMS 0x000000070c600000, 0x000000070c600000| Untracked 
|  53|0x000000070c800000, 0x000000070c800000, 0x000000070ca00000|  0%| F|  |TAMS 0x000000070c800000, 0x000000070c800000| Untracked 
|  54|0x000000070ca00000, 0x000000070ca00000, 0x000000070cc00000|  0%| F|  |TAMS 0x000000070ca00000, 0x000000070ca00000| Untracked 
|  55|0x000000070cc00000, 0x000000070cc00000, 0x000000070ce00000|  0%| F|  |TAMS 0x000000070cc00000, 0x000000070cc00000| Untracked 
|  56|0x000000070ce00000, 0x000000070ce00000, 0x000000070d000000|  0%| F|  |TAMS 0x000000070ce00000, 0x000000070ce00000| Untracked 
|  57|0x000000070d000000, 0x000000070d000000, 0x000000070d200000|  0%| F|  |TAMS 0x000000070d000000, 0x000000070d000000| Untracked 
|  58|0x000000070d200000, 0x000000070d200000, 0x000000070d400000|  0%| F|  |TAMS 0x000000070d200000, 0x000000070d200000| Untracked 
|  59|0x000000070d400000, 0x000000070d400000, 0x000000070d600000|  0%| F|  |TAMS 0x000000070d400000, 0x000000070d400000| Untracked 
|  60|0x000000070d600000, 0x000000070d600000, 0x000000070d800000|  0%| F|  |TAMS 0x000000070d600000, 0x000000070d600000| Untracked 
|  61|0x000000070d800000, 0x000000070d800000, 0x000000070da00000|  0%| F|  |TAMS 0x000000070d800000, 0x000000070d800000| Untracked 
|  62|0x000000070da00000, 0x000000070da00000, 0x000000070dc00000|  0%| F|  |TAMS 0x000000070da00000, 0x000000070da00000| Untracked 
|  63|0x000000070dc00000, 0x000000070dc00000, 0x000000070de00000|  0%| F|  |TAMS 0x000000070dc00000, 0x000000070dc00000| Untracked 
|  64|0x000000070de00000, 0x000000070de00000, 0x000000070e000000|  0%| F|  |TAMS 0x000000070de00000, 0x000000070de00000| Untracked 
|  65|0x000000070e000000, 0x000000070e000000, 0x000000070e200000|  0%| F|  |TAMS 0x000000070e000000, 0x000000070e000000| Untracked 
|  66|0x000000070e200000, 0x000000070e200000, 0x000000070e400000|  0%| F|  |TAMS 0x000000070e200000, 0x000000070e200000| Untracked 
|  67|0x000000070e400000, 0x000000070e400000, 0x000000070e600000|  0%| F|  |TAMS 0x000000070e400000, 0x000000070e400000| Untracked 
|  68|0x000000070e600000, 0x000000070e600000, 0x000000070e800000|  0%| F|  |TAMS 0x000000070e600000, 0x000000070e600000| Untracked 
|  69|0x000000070e800000, 0x000000070e800000, 0x000000070ea00000|  0%| F|  |TAMS 0x000000070e800000, 0x000000070e800000| Untracked 
|  70|0x000000070ea00000, 0x000000070ea00000, 0x000000070ec00000|  0%| F|  |TAMS 0x000000070ea00000, 0x000000070ea00000| Untracked 
|  71|0x000000070ec00000, 0x000000070ec00000, 0x000000070ee00000|  0%| F|  |TAMS 0x000000070ec00000, 0x000000070ec00000| Untracked 
|  72|0x000000070ee00000, 0x000000070ee00000, 0x000000070f000000|  0%| F|  |TAMS 0x000000070ee00000, 0x000000070ee00000| Untracked 
|  73|0x000000070f000000, 0x000000070f000000, 0x000000070f200000|  0%| F|  |TAMS 0x000000070f000000, 0x000000070f000000| Untracked 
|  74|0x000000070f200000, 0x000000070f200000, 0x000000070f400000|  0%| F|  |TAMS 0x000000070f200000, 0x000000070f200000| Untracked 
|  75|0x000000070f400000, 0x000000070f400000, 0x000000070f600000|  0%| F|  |TAMS 0x000000070f400000, 0x000000070f400000| Untracked 
|  76|0x000000070f600000, 0x000000070f600000, 0x000000070f800000|  0%| F|  |TAMS 0x000000070f600000, 0x000000070f600000| Untracked 
|  77|0x000000070f800000, 0x000000070f800000, 0x000000070fa00000|  0%| F|  |TAMS 0x000000070f800000, 0x000000070f800000| Untracked 
|  78|0x000000070fa00000, 0x000000070fa00000, 0x000000070fc00000|  0%| F|  |TAMS 0x000000070fa00000, 0x000000070fa00000| Untracked 
|  79|0x000000070fc00000, 0x000000070fc00000, 0x000000070fe00000|  0%| F|  |TAMS 0x000000070fc00000, 0x000000070fc00000| Untracked 
|  80|0x000000070fe00000, 0x000000070fe00000, 0x0000000710000000|  0%| F|  |TAMS 0x000000070fe00000, 0x000000070fe00000| Untracked 
|  81|0x0000000710000000, 0x0000000710000000, 0x0000000710200000|  0%| F|  |TAMS 0x0000000710000000, 0x0000000710000000| Untracked 
|  82|0x0000000710200000, 0x0000000710200000, 0x0000000710400000|  0%| F|  |TAMS 0x0000000710200000, 0x0000000710200000| Untracked 
|  83|0x0000000710400000, 0x0000000710400000, 0x0000000710600000|  0%| F|  |TAMS 0x0000000710400000, 0x0000000710400000| Untracked 
|  84|0x0000000710600000, 0x0000000710600000, 0x0000000710800000|  0%| F|  |TAMS 0x0000000710600000, 0x0000000710600000| Untracked 
|  85|0x0000000710800000, 0x0000000710800000, 0x0000000710a00000|  0%| F|  |TAMS 0x0000000710800000, 0x0000000710800000| Untracked 
|  86|0x0000000710a00000, 0x0000000710a00000, 0x0000000710c00000|  0%| F|  |TAMS 0x0000000710a00000, 0x0000000710a00000| Untracked 
|  87|0x0000000710c00000, 0x0000000710c00000, 0x0000000710e00000|  0%| F|  |TAMS 0x0000000710c00000, 0x0000000710c00000| Untracked 
|  88|0x0000000710e00000, 0x0000000710e00000, 0x0000000711000000|  0%| F|  |TAMS 0x0000000710e00000, 0x0000000710e00000| Untracked 
|  89|0x0000000711000000, 0x0000000711000000, 0x0000000711200000|  0%| F|  |TAMS 0x0000000711000000, 0x0000000711000000| Untracked 
|  90|0x0000000711200000, 0x0000000711200000, 0x0000000711400000|  0%| F|  |TAMS 0x0000000711200000, 0x0000000711200000| Untracked 
|  91|0x0000000711400000, 0x0000000711400000, 0x0000000711600000|  0%| F|  |TAMS 0x0000000711400000, 0x0000000711400000| Untracked 
|  92|0x0000000711600000, 0x0000000711600000, 0x0000000711800000|  0%| F|  |TAMS 0x0000000711600000, 0x0000000711600000| Untracked 
|  93|0x0000000711800000, 0x0000000711800000, 0x0000000711a00000|  0%| F|  |TAMS 0x0000000711800000, 0x0000000711800000| Untracked 
|  94|0x0000000711a00000, 0x0000000711a00000, 0x0000000711c00000|  0%| F|  |TAMS 0x0000000711a00000, 0x0000000711a00000| Untracked 
|  95|0x0000000711c00000, 0x0000000711c00000, 0x0000000711e00000|  0%| F|  |TAMS 0x0000000711c00000, 0x0000000711c00000| Untracked 
|  96|0x0000000711e00000, 0x0000000711e00000, 0x0000000712000000|  0%| F|  |TAMS 0x0000000711e00000, 0x0000000711e00000| Untracked 
|  97|0x0000000712000000, 0x0000000712000000, 0x0000000712200000|  0%| F|  |TAMS 0x0000000712000000, 0x0000000712000000| Untracked 
|  98|0x0000000712200000, 0x0000000712200000, 0x0000000712400000|  0%| F|  |TAMS 0x0000000712200000, 0x0000000712200000| Untracked 
|  99|0x0000000712400000, 0x0000000712400000, 0x0000000712600000|  0%| F|  |TAMS 0x0000000712400000, 0x0000000712400000| Untracked 
| 100|0x0000000712600000, 0x0000000712600000, 0x0000000712800000|  0%| F|  |TAMS 0x0000000712600000, 0x0000000712600000| Untracked 
| 101|0x0000000712800000, 0x0000000712800000, 0x0000000712a00000|  0%| F|  |TAMS 0x0000000712800000, 0x0000000712800000| Untracked 
| 102|0x0000000712a00000, 0x0000000712a00000, 0x0000000712c00000|  0%| F|  |TAMS 0x0000000712a00000, 0x0000000712a00000| Untracked 
| 103|0x0000000712c00000, 0x0000000712c00000, 0x0000000712e00000|  0%| F|  |TAMS 0x0000000712c00000, 0x0000000712c00000| Untracked 
| 104|0x0000000712e00000, 0x0000000712e00000, 0x0000000713000000|  0%| F|  |TAMS 0x0000000712e00000, 0x0000000712e00000| Untracked 
| 105|0x0000000713000000, 0x0000000713000000, 0x0000000713200000|  0%| F|  |TAMS 0x0000000713000000, 0x0000000713000000| Untracked 
| 106|0x0000000713200000, 0x0000000713200000, 0x0000000713400000|  0%| F|  |TAMS 0x0000000713200000, 0x0000000713200000| Untracked 
| 107|0x0000000713400000, 0x0000000713400000, 0x0000000713600000|  0%| F|  |TAMS 0x0000000713400000, 0x0000000713400000| Untracked 
| 108|0x0000000713600000, 0x000000071366c750, 0x0000000713800000| 21%| S|CS|TAMS 0x0000000713600000, 0x0000000713600000| Complete 
| 109|0x0000000713800000, 0x0000000713a00000, 0x0000000713a00000|100%| S|CS|TAMS 0x0000000713800000, 0x0000000713800000| Complete 
| 110|0x0000000713a00000, 0x0000000713a00000, 0x0000000713c00000|  0%| F|  |TAMS 0x0000000713a00000, 0x0000000713a00000| Untracked 
| 111|0x0000000713c00000, 0x0000000713c00000, 0x0000000713e00000|  0%| F|  |TAMS 0x0000000713c00000, 0x0000000713c00000| Untracked 
| 112|0x0000000713e00000, 0x0000000713e00000, 0x0000000714000000|  0%| F|  |TAMS 0x0000000713e00000, 0x0000000713e00000| Untracked 
| 113|0x0000000714000000, 0x0000000714000000, 0x0000000714200000|  0%| F|  |TAMS 0x0000000714000000, 0x0000000714000000| Untracked 
| 114|0x0000000714200000, 0x0000000714200000, 0x0000000714400000|  0%| F|  |TAMS 0x0000000714200000, 0x0000000714200000| Untracked 
| 115|0x0000000714400000, 0x0000000714400000, 0x0000000714600000|  0%| F|  |TAMS 0x0000000714400000, 0x0000000714400000| Untracked 
| 116|0x0000000714600000, 0x0000000714600000, 0x0000000714800000|  0%| F|  |TAMS 0x0000000714600000, 0x0000000714600000| Untracked 
| 117|0x0000000714800000, 0x0000000714800000, 0x0000000714a00000|  0%| F|  |TAMS 0x0000000714800000, 0x0000000714800000| Untracked 
| 118|0x0000000714a00000, 0x0000000714a00000, 0x0000000714c00000|  0%| F|  |TAMS 0x0000000714a00000, 0x0000000714a00000| Untracked 
| 119|0x0000000714c00000, 0x0000000714c00000, 0x0000000714e00000|  0%| F|  |TAMS 0x0000000714c00000, 0x0000000714c00000| Untracked 
| 120|0x0000000714e00000, 0x0000000714e00000, 0x0000000715000000|  0%| F|  |TAMS 0x0000000714e00000, 0x0000000714e00000| Untracked 
| 121|0x0000000715000000, 0x0000000715000000, 0x0000000715200000|  0%| F|  |TAMS 0x0000000715000000, 0x0000000715000000| Untracked 
| 122|0x0000000715200000, 0x0000000715200000, 0x0000000715400000|  0%| F|  |TAMS 0x0000000715200000, 0x0000000715200000| Untracked 
| 123|0x0000000715400000, 0x0000000715400000, 0x0000000715600000|  0%| F|  |TAMS 0x0000000715400000, 0x0000000715400000| Untracked 
| 124|0x0000000715600000, 0x0000000715600000, 0x0000000715800000|  0%| F|  |TAMS 0x0000000715600000, 0x0000000715600000| Untracked 
| 125|0x0000000715800000, 0x0000000715a00000, 0x0000000715a00000|100%| E|  |TAMS 0x0000000715800000, 0x0000000715800000| Complete 

Card table byte_map: [0x0000029a1f9c0000,0x0000029a201a0000] _byte_map_base: 0x0000029a1c191000

Marking Bits (Prev, Next): (CMBitMap*) 0x0000029a07a70de0, (CMBitMap*) 0x0000029a07a70e20
 Prev Bits: [0x0000029a20980000, 0x0000029a24808000)
 Next Bits: [0x0000029a24810000, 0x0000029a28698000)

Polling page: 0x0000029a05980000

Metaspace:

Usage:
  Non-class:     10.69 MB used.
      Class:      1.52 MB used.
       Both:     12.21 MB used.

Virtual space:
  Non-class space:       64.00 MB reserved,      10.81 MB ( 17%) committed,  1 nodes.
      Class space:        1.00 GB reserved,       1.62 MB ( <1%) committed,  1 nodes.
             Both:        1.06 GB reserved,      12.44 MB (  1%) committed. 

Chunk freelists:
   Non-Class:  390.00 KB
       Class:  2.32 MB
        Both:  2.70 MB

MaxMetaspaceSize: unlimited
CompressedClassSpaceSize: 1.00 GB
Initial GC threshold: 21.00 MB
Current GC threshold: 21.00 MB
CDS: on
MetaspaceReclaimPolicy: balanced
 - commit_granule_bytes: 65536.
 - commit_granule_words: 8192.
 - virtual_space_node_default_size: 8388608.
 - enlarge_chunks_in_place: 1.
 - new_chunks_are_fully_committed: 0.
 - uncommit_free_chunks: 1.
 - use_allocation_guard: 0.


Internal statistics:

num_allocs_failed_limit: 0.
num_arena_births: 202.
num_arena_deaths: 0.
num_vsnodes_births: 2.
num_vsnodes_deaths: 0.
num_space_committed: 199.
num_space_uncommitted: 0.
num_chunks_returned_to_freelist: 0.
num_chunks_taken_from_freelist: 599.
num_chunk_merges: 0.
num_chunk_splits: 379.
num_chunks_enlarged: 284.
num_inconsistent_stats: 0.

CodeHeap 'non-profiled nmethods': size=119168Kb used=757Kb max_used=757Kb free=118411Kb
 bounds [0x0000029a17500000, 0x0000029a17770000, 0x0000029a1e960000]
CodeHeap 'profiled nmethods': size=119104Kb used=4078Kb max_used=4078Kb free=115026Kb
 bounds [0x0000029a0f960000, 0x0000029a0fd60000, 0x0000029a16db0000]
CodeHeap 'non-nmethods': size=7488Kb used=2965Kb max_used=3007Kb free=4522Kb
 bounds [0x0000029a16db0000, 0x0000029a170b0000, 0x0000029a17500000]
 total_blobs=2531 nmethods=2041 adapters=397
 compilation: enabled
              stopped_count=0, restarted_count=0
 full_count=0

Compilation events (20 events):
Event: 1.006 Thread 0x0000029a2fdb40b0 nmethod 1991 0x0000029a0fd48390 code [0x0000029a0fd48540, 0x0000029a0fd48748]
Event: 1.006 Thread 0x0000029a2acedcc0 nmethod 1992 0x0000029a0fd48810 code [0x0000029a0fd489c0, 0x0000029a0fd48b78]
Event: 1.006 Thread 0x0000029a2febb770 nmethod 1994 0x0000029a175b1490 code [0x0000029a175b1620, 0x0000029a175b16f8]
Event: 1.006 Thread 0x0000029a2febb770 1995       3       java.util.Spliterators$ArraySpliterator::tryAdvance (58 bytes)
Event: 1.007 Thread 0x0000029a2fdb40b0 1996       3       java.util.stream.AbstractSpinedBuffer::count (31 bytes)
Event: 1.007 Thread 0x0000029a2f8bdea0 nmethod 1993 0x0000029a0fd48c10 code [0x0000029a0fd48dc0, 0x0000029a0fd49298]
Event: 1.007 Thread 0x0000029a2acedcc0 1997       3       java.util.Objects::nonNull (10 bytes)
Event: 1.007 Thread 0x0000029a2fdb40b0 nmethod 1996 0x0000029a0fd49390 code [0x0000029a0fd49540, 0x0000029a0fd496f8]
Event: 1.007 Thread 0x0000029a2acedcc0 nmethod 1997 0x0000029a0fd49810 code [0x0000029a0fd499a0, 0x0000029a0fd49af8]
Event: 1.007 Thread 0x0000029a2febb770 nmethod 1995 0x0000029a0fd49b90 code [0x0000029a0fd49d60, 0x0000029a0fd4a118]
Event: 1.007 Thread 0x0000029a2fdb40b0 1998       1       org.springframework.core.env.PropertySource::getSource (5 bytes)
Event: 1.007 Thread 0x0000029a2fdb40b0 nmethod 1998 0x0000029a175b1790 code [0x0000029a175b1920, 0x0000029a175b19f8]
Event: 1.007 Thread 0x0000029a2f8bdea0 1999       3       java.util.stream.StreamSpliterators$WrappingSpliterator$$Lambda$337/0x000000080107b0d8::getAsBoolean (8 bytes)
Event: 1.007 Thread 0x0000029a2acedcc0 2000       3       java.util.stream.StreamSpliterators$WrappingSpliterator::lambda$initPartialTraversalState$0 (14 bytes)
Event: 1.007 Thread 0x0000029a2febb770 2001       3       org.springframework.boot.context.properties.source.SpringIterableConfigurationPropertySource$$Lambda$533/0x00000008011a0e10::test (8 bytes)
Event: 1.007 Thread 0x0000029a2fdb40b0 2002       3       org.springframework.boot.context.properties.bind.IndexedElementsBinder$$Lambda$532/0x00000008011a0618::test (12 bytes)
Event: 1.007 Thread 0x0000029a2acedcc0 nmethod 2000 0x0000029a0fd4a290 code [0x0000029a0fd4a440, 0x0000029a0fd4a628]
Event: 1.007 Thread 0x0000029a2f8bdea0 nmethod 1999 0x0000029a0fd4a710 code [0x0000029a0fd4a8c0, 0x0000029a0fd4ab08]
Event: 1.007 Thread 0x0000029a2febb770 nmethod 2001 0x0000029a0fd4ac10 code [0x0000029a0fd4adc0, 0x0000029a0fd4b078]
Event: 1.007 Thread 0x0000029a2fdb40b0 nmethod 2002 0x0000029a0fd4b190 code [0x0000029a0fd4b380, 0x0000029a0fd4b8f8]

GC Heap History (4 events):
Event: 0.484 GC heap before
{Heap before GC invocations=0 (full 0):
 garbage-first heap   total 258048K, used 22528K [0x0000000705e00000, 0x0000000800000000)
  region size 2048K, 11 young (22528K), 0 survivors (0K)
 Metaspace       used 4361K, committed 4544K, reserved 1114112K
  class space    used 490K, committed 576K, reserved 1048576K
}
Event: 0.489 GC heap after
{Heap after GC invocations=1 (full 0):
 garbage-first heap   total 258048K, used 6777K [0x0000000705e00000, 0x0000000800000000)
  region size 2048K, 2 young (4096K), 2 survivors (4096K)
 Metaspace       used 4361K, committed 4544K, reserved 1114112K
  class space    used 490K, committed 576K, reserved 1048576K
}
Event: 0.992 GC heap before
{Heap before GC invocations=1 (full 0):
 garbage-first heap   total 258048K, used 33401K [0x0000000705e00000, 0x0000000800000000)
  region size 2048K, 16 young (32768K), 2 survivors (4096K)
 Metaspace       used 12287K, committed 12544K, reserved 1114112K
  class space    used 1518K, committed 1664K, reserved 1048576K
}
Event: 0.999 GC heap after
{Heap after GC invocations=2 (full 0):
 garbage-first heap   total 258048K, used 9130K [0x0000000705e00000, 0x0000000800000000)
  region size 2048K, 2 young (4096K), 2 survivors (4096K)
 Metaspace       used 12287K, committed 12544K, reserved 1114112K
  class space    used 1518K, committed 1664K, reserved 1048576K
}

Dll operation events (8 events):
Event: 0.005 Loaded shared library C:\Program Files\Java\jdk-19\bin\java.dll
Event: 0.016 Loaded shared library C:\Program Files\Java\jdk-19\bin\jsvml.dll
Event: 0.045 Loaded shared library C:\Program Files\Java\jdk-19\bin\net.dll
Event: 0.046 Loaded shared library C:\Program Files\Java\jdk-19\bin\nio.dll
Event: 0.047 Loaded shared library C:\Program Files\Java\jdk-19\bin\zip.dll
Event: 0.086 Loaded shared library C:\Program Files\Java\jdk-19\bin\management.dll
Event: 0.092 Loaded shared library C:\Program Files\Java\jdk-19\bin\management_ext.dll
Event: 0.125 Loaded shared library C:\Program Files\Java\jdk-19\bin\jimage.dll

Deoptimization events (20 events):
Event: 0.754 Thread 0x0000029a079fdbf0 DEOPT PACKING pc=0x0000029a1751b3c0 sp=0x000000e89f8fcff0
Event: 0.754 Thread 0x0000029a079fdbf0 DEOPT UNPACKING pc=0x0000029a16e16da3 sp=0x000000e89f8fcf78 mode 2
Event: 0.757 Thread 0x0000029a079fdbf0 Uncommon trap: trap_request=0xffffff45 fr.pc=0x0000029a1752693c relative=0x00000000000006bc
Event: 0.757 Thread 0x0000029a079fdbf0 Uncommon trap: reason=unstable_if action=reinterpret pc=0x0000029a1752693c method=java.util.regex.Matcher.search(I)Z @ 30 c2
Event: 0.757 Thread 0x0000029a079fdbf0 DEOPT PACKING pc=0x0000029a1752693c sp=0x000000e89f8fc9d0
Event: 0.757 Thread 0x0000029a079fdbf0 DEOPT UNPACKING pc=0x0000029a16e16da3 sp=0x000000e89f8fc9b0 mode 2
Event: 0.827 Thread 0x0000029a079fdbf0 Uncommon trap: trap_request=0xffffff45 fr.pc=0x0000029a1754f36c relative=0x00000000000000cc
Event: 0.827 Thread 0x0000029a079fdbf0 Uncommon trap: reason=unstable_if action=reinterpret pc=0x0000029a1754f36c method=sun.reflect.generics.parser.SignatureParser.current()C @ 39 c2
Event: 0.827 Thread 0x0000029a079fdbf0 DEOPT PACKING pc=0x0000029a1754f36c sp=0x000000e89f8fbf10
Event: 0.827 Thread 0x0000029a079fdbf0 DEOPT UNPACKING pc=0x0000029a16e16da3 sp=0x000000e89f8fbea8 mode 2
Event: 0.839 Thread 0x0000029a079fdbf0 DEOPT PACKING pc=0x0000029a0fa92dfd sp=0x000000e89f8fc6f0
Event: 0.839 Thread 0x0000029a079fdbf0 DEOPT UNPACKING pc=0x0000029a16e17543 sp=0x000000e89f8fbb78 mode 0
Event: 0.877 Thread 0x0000029a079fdbf0 Uncommon trap: trap_request=0xffffff45 fr.pc=0x0000029a17565868 relative=0x00000000000002a8
Event: 0.877 Thread 0x0000029a079fdbf0 Uncommon trap: reason=unstable_if action=reinterpret pc=0x0000029a17565868 method=java.util.HashMap.hash(Ljava/lang/Object;)I @ 1 c2
Event: 0.877 Thread 0x0000029a079fdbf0 DEOPT PACKING pc=0x0000029a17565868 sp=0x000000e89f8fd1d0
Event: 0.877 Thread 0x0000029a079fdbf0 DEOPT UNPACKING pc=0x0000029a16e16da3 sp=0x000000e89f8fd0c8 mode 2
Event: 0.899 Thread 0x0000029a079fdbf0 Uncommon trap: trap_request=0xffffff45 fr.pc=0x0000029a1758698c relative=0x00000000000015ac
Event: 0.899 Thread 0x0000029a079fdbf0 Uncommon trap: reason=unstable_if action=reinterpret pc=0x0000029a1758698c method=java.util.concurrent.ConcurrentHashMap.transfer([Ljava/util/concurrent/ConcurrentHashMap$Node;[Ljava/util/concurrent/ConcurrentHashMap$Node;)V @ 26 c2
Event: 0.899 Thread 0x0000029a079fdbf0 DEOPT PACKING pc=0x0000029a1758698c sp=0x000000e89f8fb820
Event: 0.899 Thread 0x0000029a079fdbf0 DEOPT UNPACKING pc=0x0000029a16e16da3 sp=0x000000e89f8fb790 mode 2

Classes loaded (20 events):
Event: 0.948 Loading class com/sun/naming/internal/VersionHelper
Event: 0.948 Loading class com/sun/naming/internal/VersionHelper done
Event: 0.949 Loading class com/sun/naming/internal/VersionHelper$InputStreamEnumeration
Event: 0.949 Loading class javax/naming/NamingEnumeration
Event: 0.949 Loading class javax/naming/NamingEnumeration done
Event: 0.949 Loading class com/sun/naming/internal/VersionHelper$InputStreamEnumeration done
Event: 0.950 Loading class sun/nio/fs/WindowsException
Event: 0.950 Loading class sun/nio/fs/WindowsException done
Event: 0.950 Loading class java/util/Hashtable$KeySet
Event: 0.950 Loading class java/util/Hashtable$KeySet done
Event: 0.950 Loading class javax/naming/spi/NamingManager
Event: 0.950 Loading class javax/naming/spi/NamingManager done
Event: 0.950 Loading class javax/naming/NoInitialContextException
Event: 0.950 Loading class javax/naming/NoInitialContextException done
Event: 0.971 Loading class java/lang/ProcessEnvironment$CheckedKeySet
Event: 0.971 Loading class java/lang/ProcessEnvironment$CheckedKeySet done
Event: 0.972 Loading class java/util/stream/MatchOps$2MatchSink
Event: 0.972 Loading class java/util/stream/MatchOps$2MatchSink done
Event: 0.982 Loading class java/util/regex/Pattern$Neg
Event: 0.982 Loading class java/util/regex/Pattern$Neg done

Classes unloaded (0 events):
No events

Classes redefined (0 events):
No events

Internal exceptions (20 events):
Event: 0.694 Thread 0x0000029a079fdbf0 Exception <a 'java/lang/NoSuchMethodError'{0x0000000714fe9e18}: 'int java.lang.invoke.DirectMethodHandle$Holder.invokeInterface(java.lang.Object, java.lang.Object)'> (0x0000000714fe9e18) 
thrown [s\open\src\hotspot\share\interpreter\linkResolver.cpp, line 774]
Event: 0.706 Thread 0x0000029a079fdbf0 Exception <a 'java/lang/NoSuchMethodError'{0x0000000714ca7d60}: 'void java.lang.invoke.DirectMethodHandle$Holder.invokeStatic(java.lang.Object, java.lang.Object)'> (0x0000000714ca7d60) 
thrown [s\open\src\hotspot\share\interpreter\linkResolver.cpp, line 774]
Event: 0.706 Thread 0x0000029a079fdbf0 Exception <a 'java/lang/NoSuchMethodError'{0x0000000714cab618}: 'void java.lang.invoke.DirectMethodHandle$Holder.invokeStaticInit(java.lang.Object, java.lang.Object)'> (0x0000000714cab618) 
thrown [s\open\src\hotspot\share\interpreter\linkResolver.cpp, line 774]
Event: 0.752 Thread 0x0000029a079fdbf0 Exception <a 'java/lang/NoSuchMethodError'{0x0000000714b445e8}: 'int java.lang.invoke.DirectMethodHandle$Holder.invokeSpecial(java.lang.Object, java.lang.Object, java.lang.Object, java.lang.Object)'> (0x0000000714b445e8) 
thrown [s\open\src\hotspot\share\interpreter\linkResolver.cpp, line 774]
Event: 0.754 Thread 0x0000029a079fdbf0 Exception <a 'java/lang/NoSuchMethodError'{0x0000000714b60900}: 'int java.lang.invoke.DirectMethodHandle$Holder.invokeSpecial(java.lang.Object, java.lang.Object, java.lang.Object, java.lang.Object, java.lang.Object)'> (0x0000000714b60900) 
thrown [s\open\src\hotspot\share\interpreter\linkResolver.cpp, line 774]
Event: 0.756 Thread 0x0000029a079fdbf0 Exception <a 'java/lang/NoSuchMethodError'{0x0000000714b69de0}: 'void java.lang.invoke.DirectMethodHandle$Holder.invokeVirtual(java.lang.Object, java.lang.Object)'> (0x0000000714b69de0) 
thrown [s\open\src\hotspot\share\interpreter\linkResolver.cpp, line 774]
Event: 0.803 Thread 0x0000029a079fdbf0 Exception <a 'java/lang/NoSuchMethodError'{0x00000007149d03d8}: 'void java.lang.invoke.DirectMethodHandle$Holder.invokeVirtual(java.lang.Object, java.lang.Object, java.lang.Object, java.lang.Object)'> (0x00000007149d03d8) 
thrown [s\open\src\hotspot\share\interpreter\linkResolver.cpp, line 774]
Event: 0.877 Thread 0x0000029a079fdbf0 Exception <a 'java/lang/NoSuchMethodError'{0x00000007145521e0}: 'java.lang.Object java.lang.invoke.DirectMethodHandle$Holder.newInvokeSpecial(java.lang.Object, java.lang.Object, java.lang.Object, java.lang.Object, java.lang.Object, java.lang.Object, java.lang.Object)'> (0x00000007145521e0) 
thrown [s\open\src\hotspot\share\interpreter\linkResolver.cpp, line 774]
Event: 0.877 Thread 0x0000029a079fdbf0 Implicit null exception at 0x0000029a1756560b to 0x0000029a1756584c
Event: 0.890 Thread 0x0000029a079fdbf0 Exception <a 'java/lang/NoClassDefFoundError'{0x0000000713e33bf8}: org/springframework/transaction/interceptor/TransactionAttributeSource> (0x0000000713e33bf8) 
thrown [s\open\src\hotspot\share\classfile\systemDictionary.cpp, line 244]
Event: 0.891 Thread 0x0000029a079fdbf0 Exception <a 'java/lang/NoClassDefFoundError'{0x0000000713e4b630}: org/springframework/transaction/interceptor/TransactionAttribute> (0x0000000713e4b630) 
thrown [s\open\src\hotspot\share\classfile\systemDictionary.cpp, line 244]
Event: 0.892 Thread 0x0000029a079fdbf0 Exception <a 'java/lang/NoSuchMethodError'{0x0000000713e58318}: 'int java.lang.invoke.DirectMethodHandle$Holder.invokeVirtual(java.lang.Object, java.lang.Object, java.lang.Object)'> (0x0000000713e58318) 
thrown [s\open\src\hotspot\share\interpreter\linkResolver.cpp, line 774]
Event: 0.895 Thread 0x0000029a079fdbf0 Exception <a 'java/lang/NoSuchMethodError'{0x0000000713e901e0}: 'java.lang.Object java.lang.invoke.DirectMethodHandle$Holder.invokeInterface(java.lang.Object, java.lang.Object, java.lang.Object, java.lang.Object, java.lang.Object)'> (0x0000000713e901e0) 
thrown [s\open\src\hotspot\share\interpreter\linkResolver.cpp, line 774]
Event: 0.896 Thread 0x0000029a079fdbf0 Exception <a 'java/lang/IncompatibleClassChangeError'{0x0000000713e93ff0}: Found class java.lang.Object, but interface was expected> (0x0000000713e93ff0) 
thrown [s\open\src\hotspot\share\interpreter\linkResolver.cpp, line 841]
Event: 0.944 Thread 0x0000029a079fdbf0 Exception <a 'java/lang/IncompatibleClassChangeError'{0x0000000713de31a0}: Found class java.lang.Object, but interface was expected> (0x0000000713de31a0) 
thrown [s\open\src\hotspot\share\interpreter\linkResolver.cpp, line 841]
Event: 0.950 Thread 0x0000029a079fdbf0 Exception <a 'sun/nio/fs/WindowsException'{0x0000000713a24578}> (0x0000000713a24578) 
thrown [s\open\src\hotspot\share\prims\jni.cpp, line 517]
Event: 0.983 Thread 0x0000029a079fdbf0 Exception <a 'java/lang/NoSuchMethodError'{0x0000000713b8e8a0}: 'java.lang.Object java.lang.invoke.Invokers$Holder.invokeExact_MT(java.lang.Object, java.lang.Object, java.lang.Object, java.lang.Object, java.lang.Object)'> (0x0000000713b8e8a0) 
thrown [s\open\src\hotspot\share\interpreter\linkResolver.cpp, line 774]
Event: 0.987 Thread 0x0000029a079fdbf0 Exception <a 'java/lang/NoSuchMethodError'{0x0000000713bc7130}: 'java.lang.Object java.lang.invoke.DirectMethodHandle$Holder.invokeSpecial(java.lang.Object, java.lang.Object, java.lang.Object, java.lang.Object, java.lang.Object, java.lang.Object, int)'> (0x0000000713bc7130) 
thrown [s\open\src\hotspot\share\interpreter\linkResolver.cpp, line 774]
Event: 0.988 Thread 0x0000029a079fdbf0 Exception <a 'java/lang/NoSuchMethodError'{0x0000000713bd1c10}: 'java.lang.Object java.lang.invoke.DirectMethodHandle$Holder.newInvokeSpecial(java.lang.Object, java.lang.Object, java.lang.Object, java.lang.Object, java.lang.Object, java.lang.Object, int)'> (0x0000000713bd1c10) 
thrown [s\open\src\hotspot\share\interpreter\linkResolver.cpp, line 774]
Event: 0.988 Thread 0x0000029a079fdbf0 Exception <a 'java/lang/NoSuchMethodError'{0x0000000713bd71d8}: 'java.lang.Object java.lang.invoke.DirectMethodHandle$Holder.invokeSpecial(java.lang.Object, java.lang.Object, java.lang.Object, java.lang.Object, java.lang.Object, java.lang.Object, java.lang.Object, int)'> (0x0000000713bd71d8) 
thrown [s\open\src\hotspot\share\interpreter\linkResolver.cpp, line 774]

VM Operations (20 events):
Event: 0.503 Executing VM operation: HandshakeAllThreads
Event: 0.503 Executing VM operation: HandshakeAllThreads done
Event: 0.558 Executing VM operation: HandshakeAllThreads
Event: 0.558 Executing VM operation: HandshakeAllThreads done
Event: 0.581 Executing VM operation: HandshakeAllThreads
Event: 0.581 Executing VM operation: HandshakeAllThreads done
Event: 0.649 Executing VM operation: HandshakeAllThreads
Event: 0.649 Executing VM operation: HandshakeAllThreads done
Event: 0.649 Executing VM operation: HandshakeAllThreads
Event: 0.649 Executing VM operation: HandshakeAllThreads done
Event: 0.695 Executing VM operation: HandshakeAllThreads
Event: 0.695 Executing VM operation: HandshakeAllThreads done
Event: 0.740 Executing VM operation: HandshakeAllThreads
Event: 0.740 Executing VM operation: HandshakeAllThreads done
Event: 0.744 Executing VM operation: ICBufferFull
Event: 0.744 Executing VM operation: ICBufferFull done
Event: 0.897 Executing VM operation: HandshakeAllThreads
Event: 0.897 Executing VM operation: HandshakeAllThreads done
Event: 0.992 Executing VM operation: G1CollectForAllocation
Event: 0.999 Executing VM operation: G1CollectForAllocation done

Events (19 events):
Event: 0.016 Thread 0x0000029a079fdbf0 Thread added: 0x0000029a079fdbf0
Event: 0.026 Thread 0x0000029a2acdcbd0 Thread added: 0x0000029a2acdcbd0
Event: 0.026 Thread 0x0000029a2acdd110 Thread added: 0x0000029a2acdd110
Event: 0.027 Thread 0x0000029a2ace19d0 Thread added: 0x0000029a2ace19d0
Event: 0.027 Thread 0x0000029a2ace1f10 Thread added: 0x0000029a2ace1f10
Event: 0.028 Thread 0x0000029a2ace4460 Thread added: 0x0000029a2ace4460
Event: 0.029 Thread 0x0000029a2ace7ea0 Thread added: 0x0000029a2ace7ea0
Event: 0.029 Thread 0x0000029a2acec730 Thread added: 0x0000029a2acec730
Event: 0.029 Thread 0x0000029a2acedcc0 Thread added: 0x0000029a2acedcc0
Event: 0.030 Thread 0x0000029a2acee240 Thread added: 0x0000029a2acee240
Event: 0.035 Thread 0x0000029a2f8bdea0 Thread added: 0x0000029a2f8bdea0
Event: 0.041 Thread 0x0000029a2f9b3b70 Thread added: 0x0000029a2f9b3b70
Event: 0.043 Thread 0x0000029a2f9b9150 Thread added: 0x0000029a2f9b9150
Event: 0.282 Thread 0x0000029a2fca1050 Thread added: 0x0000029a2fca1050
Event: 0.291 Thread 0x0000029a2fdb5fa0 Thread added: 0x0000029a2fdb5fa0
Event: 0.298 Thread 0x0000029a2fdb40b0 Thread added: 0x0000029a2fdb40b0
Event: 0.307 Thread 0x0000029a2febb770 Thread added: 0x0000029a2febb770
Event: 0.308 Thread 0x0000029a2fe80990 Thread added: 0x0000029a2fe80990
Event: 0.311 Thread 0x0000029a2fe82700 Thread added: 0x0000029a2fe82700


Dynamic libraries:
0x00007ff78f8e0000 - 0x00007ff78f8f0000 	C:\Program Files\Java\jdk-19\bin\java.exe
0x00007ffb214f0000 - 0x00007ffb21707000 	C:\WINDOWS\SYSTEM32\ntdll.dll
0x00007ffb1fcc0000 - 0x00007ffb1fd84000 	C:\WINDOWS\System32\KERNEL32.DLL
0x00007ffb1ed30000 - 0x00007ffb1f0e9000 	C:\WINDOWS\System32\KERNELBASE.dll
0x00007ffb1e7c0000 - 0x00007ffb1e8d1000 	C:\WINDOWS\System32\ucrtbase.dll
0x00007ffb07070000 - 0x00007ffb07088000 	C:\Program Files\Java\jdk-19\bin\jli.dll
0x00007ffb1fbc0000 - 0x00007ffb1fc72000 	C:\WINDOWS\System32\ADVAPI32.dll
0x00007ffb21050000 - 0x00007ffb210f7000 	C:\WINDOWS\System32\msvcrt.dll
0x00007ffb20af0000 - 0x00007ffb20b97000 	C:\WINDOWS\System32\sechost.dll
0x00007ffb1ed00000 - 0x00007ffb1ed28000 	C:\WINDOWS\System32\bcrypt.dll
0x00007ffb21100000 - 0x00007ffb21214000 	C:\WINDOWS\System32\RPCRT4.dll
0x00007ffb06fb0000 - 0x00007ffb06fcb000 	C:\Program Files\Java\jdk-19\bin\VCRUNTIME140.dll
0x00007ffb1f670000 - 0x00007ffb1f81e000 	C:\WINDOWS\System32\USER32.dll
0x00007ffb1f1b0000 - 0x00007ffb1f1d6000 	C:\WINDOWS\System32\win32u.dll
0x00007ffb05dc0000 - 0x00007ffb06052000 	C:\WINDOWS\WinSxS\amd64_microsoft.windows.common-controls_6595b64144ccf1df_6.0.22621.4391_none_2715d37f73803e96\COMCTL32.dll
0x00007ffb1f510000 - 0x00007ffb1f539000 	C:\WINDOWS\System32\GDI32.dll
0x00007ffb1e8e0000 - 0x00007ffb1e9fb000 	C:\WINDOWS\System32\gdi32full.dll
0x00007ffb1ea70000 - 0x00007ffb1eb0a000 	C:\WINDOWS\System32\msvcp_win.dll
0x00007ffb16190000 - 0x00007ffb1619a000 	C:\WINDOWS\SYSTEM32\VERSION.dll
0x00007ffb1fc80000 - 0x00007ffb1fcb1000 	C:\WINDOWS\System32\IMM32.DLL
0x00007ffb09950000 - 0x00007ffb0995c000 	C:\Program Files\Java\jdk-19\bin\vcruntime140_1.dll
0x00007ffadc090000 - 0x00007ffadc11e000 	C:\Program Files\Java\jdk-19\bin\msvcp140.dll
0x00007ffa62070000 - 0x00007ffa62d30000 	C:\Program Files\Java\jdk-19\bin\server\jvm.dll
0x00007ffb197e0000 - 0x00007ffb197e9000 	C:\WINDOWS\SYSTEM32\WSOCK32.dll
0x00007ffb1f540000 - 0x00007ffb1f5b1000 	C:\WINDOWS\System32\WS2_32.dll
0x00007ffb16b80000 - 0x00007ffb16bb4000 	C:\WINDOWS\SYSTEM32\WINMM.dll
0x00007ffb1d8f0000 - 0x00007ffb1d908000 	C:\WINDOWS\SYSTEM32\kernel.appcore.dll
0x00007ffb09870000 - 0x00007ffb0987a000 	C:\Program Files\Java\jdk-19\bin\jimage.dll
0x00007ffb1bfb0000 - 0x00007ffb1c1e2000 	C:\WINDOWS\SYSTEM32\DBGHELP.DLL
0x00007ffb1f830000 - 0x00007ffb1fbbf000 	C:\WINDOWS\System32\combase.dll
0x00007ffb1f3b0000 - 0x00007ffb1f487000 	C:\WINDOWS\System32\OLEAUT32.dll
0x00007ffb13830000 - 0x00007ffb13862000 	C:\WINDOWS\SYSTEM32\dbgcore.DLL
0x00007ffb1ec80000 - 0x00007ffb1ecfb000 	C:\WINDOWS\System32\bcryptPrimitives.dll
0x00007ffb00f20000 - 0x00007ffb00f46000 	C:\Program Files\Java\jdk-19\bin\java.dll
0x00007ffadb860000 - 0x00007ffadb937000 	C:\Program Files\Java\jdk-19\bin\jsvml.dll
0x00007ffb20270000 - 0x00007ffb20ae6000 	C:\WINDOWS\System32\SHELL32.dll
0x00007ffb1c6d0000 - 0x00007ffb1cfd3000 	C:\WINDOWS\SYSTEM32\windows.storage.dll
0x00007ffb1c590000 - 0x00007ffb1c6cf000 	C:\WINDOWS\SYSTEM32\wintypes.dll
0x00007ffb21380000 - 0x00007ffb21479000 	C:\WINDOWS\System32\SHCORE.dll
0x00007ffb212b0000 - 0x00007ffb2130e000 	C:\WINDOWS\System32\shlwapi.dll
0x00007ffb1e6f0000 - 0x00007ffb1e71b000 	C:\WINDOWS\SYSTEM32\profapi.dll
0x00007ffb04ac0000 - 0x00007ffb04ad3000 	C:\Program Files\Java\jdk-19\bin\net.dll
0x00007ffb1a210000 - 0x00007ffb1a346000 	C:\WINDOWS\SYSTEM32\WINHTTP.dll
0x00007ffb1dd70000 - 0x00007ffb1ddd9000 	C:\WINDOWS\system32\mswsock.dll
0x00007ffb00f00000 - 0x00007ffb00f16000 	C:\Program Files\Java\jdk-19\bin\nio.dll
0x00007ffb00ee0000 - 0x00007ffb00ef8000 	C:\Program Files\Java\jdk-19\bin\zip.dll
0x00007ffb008f0000 - 0x00007ffb008fa000 	C:\Program Files\Java\jdk-19\bin\management.dll
0x00007ffaff180000 - 0x00007ffaff18b000 	C:\Program Files\Java\jdk-19\bin\management_ext.dll
0x00007ffb21370000 - 0x00007ffb21378000 	C:\WINDOWS\System32\PSAPI.DLL

dbghelp: loaded successfully - version: 4.0.5 - missing functions: none
symbol engine: initialized successfully - sym options: 0x614 - pdb path: .;C:\Program Files\Java\jdk-19\bin;C:\WINDOWS\SYSTEM32;C:\WINDOWS\WinSxS\amd64_microsoft.windows.common-controls_6595b64144ccf1df_6.0.22621.4391_none_2715d37f73803e96;C:\Program Files\Java\jdk-19\bin\server

VM Arguments:
java_command: C:\Users\99293\AppData\Local\Temp\surefire7045014012026285776\surefirebooter-20241211144112147_3.jar C:\Users\99293\AppData\Local\Temp\surefire7045014012026285776 2024-12-11T14-41-12_001-jvmRun1 surefire-20241211144112147_1tmp surefire_0-20241211144112147_2tmp
java_class_path (initial): C:\Users\99293\AppData\Local\Temp\surefire7045014012026285776\surefirebooter-20241211144112147_3.jar
Launcher Type: SUN_STANDARD

[Global flags]
     intx CICompilerCount                          = 12                                        {product} {ergonomic}
     uint ConcGCThreads                            = 3                                         {product} {ergonomic}
     uint G1ConcRefinementThreads                  = 13                                        {product} {ergonomic}
   size_t G1HeapRegionSize                         = 2097152                                   {product} {ergonomic}
    uintx GCDrainStackTargetSize                   = 64                                        {product} {ergonomic}
   size_t InitialHeapSize                          = 264241152                                 {product} {ergonomic}
   size_t MarkStackSize                            = 4194304                                   {product} {ergonomic}
   size_t MaxHeapSize                              = 4196401152                                {product} {ergonomic}
   size_t MaxNewSize                               = 2516582400                                {product} {ergonomic}
   size_t MinHeapDeltaBytes                        = 2097152                                   {product} {ergonomic}
   size_t MinHeapSize                              = 8388608                                   {product} {ergonomic}
    uintx NonNMethodCodeHeapSize                   = 7602480                                {pd product} {ergonomic}
    uintx NonProfiledCodeHeapSize                  = 122027880                              {pd product} {ergonomic}
    uintx ProfiledCodeHeapSize                     = 122027880                              {pd product} {ergonomic}
    uintx ReservedCodeCacheSize                    = 251658240                              {pd product} {ergonomic}
     bool SegmentedCodeCache                       = true                                      {product} {ergonomic}
   size_t SoftMaxHeapSize                          = 4196401152                             {manageable} {ergonomic}
     bool UseCompressedClassPointers               = true                           {product lp64_product} {ergonomic}
     bool UseCompressedOops                        = true                           {product lp64_product} {ergonomic}
     bool UseG1GC                                  = true                                      {product} {ergonomic}
     bool UseLargePagesIndividualAllocation        = false                                  {pd product} {ergonomic}

Logging:
Log output configuration:
 #0: stdout all=warning uptime,level,tags foldmultilines=false
 #1: stderr all=off uptime,level,tags foldmultilines=false

Environment Variables:
JAVA_HOME=C:\Program Files\Java\jdk-19
PATH=C:\Program Files\Common Files\Oracle\Java\javapath;C:\Windows\system32;C:\Windows;C:\Windows\System32\Wbem;C:\Windows\System32\WindowsPowerShell\v1.0\;C:\Windows\System32\OpenSSH\;C:\Program Files (x86)\NVIDIA Corporation\PhysX\Common;C:\Program Files\NVIDIA Corporation\NVIDIA NvDLISR;C:\Program Files (x86)\dotnet\;C:\WINDOWS\system32;C:\WINDOWS;C:\WINDOWS\System32\Wbem;C:\WINDOWS\System32\WindowsPowerShell\v1.0\;C:\WINDOWS\System32\OpenSSH\;C:\Program Files\Java\jdk-19\bin;C:\Program Files\Git\cmd;C:\Users\99293\AppData\Local\Programs\Python\Python311\Scripts\;C:\Users\99293\AppData\Local\Programs\Python\Python311\;C:\Users\99293\AppData\Local\Microsoft\WindowsApps;;C:\Program Files\JetBrains\IntelliJ IDEA 2022.1.2\bin;;C:\Program Files\heroku\bin
USERNAME=ASUS
OS=Windows_NT
PROCESSOR_IDENTIFIER=Intel64 Family 6 Model 154 Stepping 3, GenuineIntel
TMP=C:\Users\99293\AppData\Local\Temp
TEMP=C:\Users\99293\AppData\Local\Temp



---------------  S Y S T E M  ---------------

OS:
 Windows 11 , 64 bit Build 22621 (10.0.22621.4391)
OS uptime: 0 days 18:11 hours
Hyper-V role detected

CPU: total 16 (initial active 16) (8 cores per cpu, 2 threads per core) family 6 model 154 stepping 3 microcode 0x429, cx8, cmov, fxsr, ht, mmx, 3dnowpref, sse, sse2, sse3, ssse3, sse4.1, sse4.2, popcnt, lzcnt, tsc, tscinvbit, avx, avx2, aes, erms, clmul, bmi1, bmi2, adx, sha, fma, vzeroupper, clflush, clflushopt, clwb, hv, serialize, rdtscp, rdpid, fsrm

Memory: 4k page, system-wide physical 16004M (2181M free)
TotalPageFile size 18052M (AvailPageFile size 9M)
current process WorkingSet (physical memory assigned to process): 120M, peak: 122M
current process commit charge ("private bytes"): 392M, peak: 396M

vm_info: Java HotSpot(TM) 64-Bit Server VM (19.0.2+7-44) for windows-amd64 JRE (19.0.2+7-44), built on 2022-11-30T18:02:09Z by "mach5one" with MS VC++ 17.1 (VS2022)

END.
