#
# There is insufficient memory for the Java Runtime Environment to continue.
# Native memory allocation (malloc) failed to allocate 1428080 bytes for Chunk::new
# Possible reasons:
#   The system is out of physical RAM or swap space
#   The process is running with CompressedOops enabled, and the Java Heap may be blocking the growth of the native heap
# Possible solutions:
#   Reduce memory load on the system
#   Increase physical memory or swap space
#   Check if swap backing store is full
#   Decrease Java heap size (-Xmx/-Xms)
#   Decrease number of Java threads
#   Decrease Java thread stack sizes (-Xss)
#   Set larger code cache with -XX:ReservedCodeCacheSize=
#   JVM is running with Zero Based Compressed Oops mode in which the Java heap is
#     placed in the first 32GB address space. The Java Heap base address is the
#     maximum limit for the native heap growth. Please use -XX:HeapBaseMinAddress
#     to set the Java Heap base and to place the Java Heap above 32GB virtual address.
# This output file may be truncated or incomplete.
#
#  Out of Memory Error (arena.cpp:184), pid=10268, tid=24452
#
# JRE version: Java(TM) SE Runtime Environment (19.0.2+7) (build 19.0.2+7-44)
# Java VM: Java HotSpot(TM) 64-Bit Server VM (19.0.2+7-44, mixed mode, sharing, tiered, compressed oops, compressed class ptrs, g1 gc, windows-amd64)
# No core dump will be written. Minidumps are not enabled by default on client versions of Windows
#

---------------  S U M M A R Y ------------

Command Line: -Dmaven.multiModuleProjectDirectory=D:\website.citu-web -Dmaven.home=C:\Users\99293\.m2\wrapper\dists\apache-maven-3.9.3-bin\54p6kc7m0ap3os8bc4ge28ia2\apache-maven-3.9.3 -Dclassworlds.conf=C:\Users\99293\.m2\wrapper\dists\apache-maven-3.9.3-bin\54p6kc7m0ap3os8bc4ge28ia2\apache-maven-3.9.3\bin\m2.conf -Dmaven.ext.class.path=C:\Program Files\JetBrains\IntelliJ IDEA 2022.1.2\plugins\maven\lib\maven-event-listener.jar -javaagent:C:\Program Files\JetBrains\IntelliJ IDEA 2022.1.2\lib\idea_rt.jar=51100:C:\Program Files\JetBrains\IntelliJ IDEA 2022.1.2\bin -Dfile.encoding=UTF-8 org.codehaus.classworlds.Launcher -Didea.version=2022.1.2 package

Host: 12th Gen Intel(R) Core(TM) i7-12650H, 16 cores, 15G,  Windows 11 , 64 bit Build 22621 (10.0.22621.3527)
Time: Mon Jun 17 16:32:26 2024  Windows 11 , 64 bit Build 22621 (10.0.22621.3527) elapsed time: 6.486020 seconds (0d 0h 0m 6s)

---------------  T H R E A D  ---------------

Current thread (0x000001491d3c39e0):  JavaThread "C2 CompilerThread2" daemon [_thread_in_native, id=24452, stack(0x0000003fbab00000,0x0000003fbac00000)]


Current CompileTask:
C2:   6486 9768       4       org.apache.maven.model.inheritance.DefaultInheritanceAssembler$InheritanceModelMerger::mergePluginContainer_Plugins (433 bytes)

Stack: [0x0000003fbab00000,0x0000003fbac00000]
Native frames: (J=compiled Java code, j=interpreted, Vv=VM code, C=native code)
V  [jvm.dll+0x6ee21a]
V  [jvm.dll+0x85765e]
V  [jvm.dll+0x85904e]
V  [jvm.dll+0x859703]
V  [jvm.dll+0x28298f]
V  [jvm.dll+0xc9adf]
V  [jvm.dll+0xc9e65]
V  [jvm.dll+0x3bca4c]
V  [jvm.dll+0x1ee0aa]
V  [jvm.dll+0x24c52b]
V  [jvm.dll+0x24b781]
V  [jvm.dll+0x1d6ce1]
V  [jvm.dll+0x25b25a]
V  [jvm.dll+0x2596e8]
V  [jvm.dll+0x807588]
V  [jvm.dll+0x80125a]
V  [jvm.dll+0x6ecf0b]
C  [ucrtbase.dll+0x29333]
C  [KERNEL32.DLL+0x1257d]
C  [ntdll.dll+0x5aa48]


---------------  P R O C E S S  ---------------

Threads class SMR info:
_java_thread_list=0x000001491e32bd30, length=28, elements={
0x00000149719ef2a0, 0x000001491766e070, 0x000001491766ee60, 0x0000014917672c70,
0x00000149176757b0, 0x0000014917679460, 0x000001491767a3a0, 0x000001491767d010,
0x000001491768e560, 0x000001491769c3d0, 0x000001491b902590, 0x000001491b8dd740,
0x000001491b9a9670, 0x000001491ba0ef30, 0x000001491ba15190, 0x000001491be85260,
0x000001491d3c0d60, 0x000001491d3c39e0, 0x000001491d3bcaa0, 0x000001491d3c12f0,
0x000001491d3bd5c0, 0x000001491d3be0e0, 0x0000014924e59010, 0x0000014924e5b540,
0x0000014924e5ca80, 0x0000014924e5a000, 0x0000014924e5aaa0, 0x0000014924e57580
}

Java Threads: ( => current thread )
  0x00000149719ef2a0 JavaThread "main" [_thread_in_native, id=18880, stack(0x0000003fb9400000,0x0000003fb9500000)]
  0x000001491766e070 JavaThread "Reference Handler" daemon [_thread_blocked, id=7820, stack(0x0000003fb9b00000,0x0000003fb9c00000)]
  0x000001491766ee60 JavaThread "Finalizer" daemon [_thread_blocked, id=14476, stack(0x0000003fb9c00000,0x0000003fb9d00000)]
  0x0000014917672c70 JavaThread "Signal Dispatcher" daemon [_thread_blocked, id=1704, stack(0x0000003fb9d00000,0x0000003fb9e00000)]
  0x00000149176757b0 JavaThread "Attach Listener" daemon [_thread_blocked, id=22840, stack(0x0000003fb9e00000,0x0000003fb9f00000)]
  0x0000014917679460 JavaThread "Service Thread" daemon [_thread_blocked, id=20712, stack(0x0000003fb9f00000,0x0000003fba000000)]
  0x000001491767a3a0 JavaThread "Monitor Deflation Thread" daemon [_thread_blocked, id=3064, stack(0x0000003fba000000,0x0000003fba100000)]
  0x000001491767d010 JavaThread "C2 CompilerThread0" daemon [_thread_blocked, id=2580, stack(0x0000003fba100000,0x0000003fba200000)]
  0x000001491768e560 JavaThread "C1 CompilerThread0" daemon [_thread_blocked, id=18324, stack(0x0000003fba200000,0x0000003fba300000)]
  0x000001491769c3d0 JavaThread "Sweeper thread" daemon [_thread_blocked, id=24488, stack(0x0000003fba300000,0x0000003fba400000)]
  0x000001491b902590 JavaThread "C1 CompilerThread1" daemon [_thread_blocked, id=17904, stack(0x0000003fba400000,0x0000003fba500000)]
  0x000001491b8dd740 JavaThread "Common-Cleaner" daemon [_thread_blocked, id=9448, stack(0x0000003fba500000,0x0000003fba600000)]
  0x000001491b9a9670 JavaThread "C1 CompilerThread2" daemon [_thread_blocked, id=13188, stack(0x0000003fba600000,0x0000003fba700000)]
  0x000001491ba0ef30 JavaThread "Monitor Ctrl-Break" daemon [_thread_in_native, id=19460, stack(0x0000003fba700000,0x0000003fba800000)]
  0x000001491ba15190 JavaThread "Notification Thread" daemon [_thread_blocked, id=20276, stack(0x0000003fba800000,0x0000003fba900000)]
  0x000001491be85260 JavaThread "C1 CompilerThread3" daemon [_thread_blocked, id=10892, stack(0x0000003fbac00000,0x0000003fbad00000)]
  0x000001491d3c0d60 JavaThread "C2 CompilerThread1" daemon [_thread_blocked, id=22556, stack(0x0000003fbaa00000,0x0000003fbab00000)]
=>0x000001491d3c39e0 JavaThread "C2 CompilerThread2" daemon [_thread_in_native, id=24452, stack(0x0000003fbab00000,0x0000003fbac00000)]
  0x000001491d3bcaa0 JavaThread "C2 CompilerThread3" daemon [_thread_blocked, id=9276, stack(0x0000003fbbb00000,0x0000003fbbc00000)]
  0x000001491d3c12f0 JavaThread "C2 CompilerThread4" daemon [_thread_blocked, id=7384, stack(0x0000003fbbc00000,0x0000003fbbd00000)]
  0x000001491d3bd5c0 JavaThread "C2 CompilerThread5" daemon [_thread_in_native, id=20784, stack(0x0000003fbbd00000,0x0000003fbbe00000)]
  0x000001491d3be0e0 JavaThread "C2 CompilerThread6" daemon [_thread_in_native, id=12728, stack(0x0000003fbbe00000,0x0000003fbbf00000)]
  0x0000014924e59010 JavaThread "timeout-check-timer" daemon [_thread_blocked, id=13820, stack(0x0000003fbbf00000,0x0000003fbc000000)]
  0x0000014924e5b540 JavaThread "ping-timer-10s" daemon [_thread_blocked, id=8856, stack(0x0000003fbc000000,0x0000003fbc100000)]
  0x0000014924e5ca80 JavaThread "ThreadedStreamConsumer" daemon [_thread_blocked, id=7976, stack(0x0000003fbc100000,0x0000003fbc200000)]
  0x0000014924e5a000 JavaThread "fork-1-err-thread" daemon [_thread_in_native, id=18676, stack(0x0000003fbc200000,0x0000003fbc300000)]
  0x0000014924e5aaa0 JavaThread "commands-fork-1" daemon [_thread_blocked, id=12232, stack(0x0000003fbc300000,0x0000003fbc400000)]
  0x0000014924e57580 JavaThread "fork-1-event-thread" daemon [_thread_in_native, id=4468, stack(0x0000003fbc400000,0x0000003fbc500000)]

Other Threads:
  0x000001491b842010 VMThread "VM Thread" [stack: 0x0000003fb9a00000,0x0000003fb9b00000] [id=2364]
  0x00000149719f0180 WatcherThread "VM Periodic Task Thread" [stack: 0x0000003fba900000,0x0000003fbaa00000] [id=4576]
  0x0000014971a60ea0 WorkerThread "GC Thread#0" [stack: 0x0000003fb9500000,0x0000003fb9600000] [id=6496]
  0x000001491bdc7b90 WorkerThread "GC Thread#1" [stack: 0x0000003fbad00000,0x0000003fbae00000] [id=17604]
  0x000001491bdc75f0 WorkerThread "GC Thread#2" [stack: 0x0000003fbae00000,0x0000003fbaf00000] [id=17176]
  0x000001491bdc7e60 WorkerThread "GC Thread#3" [stack: 0x0000003fbaf00000,0x0000003fbb000000] [id=21860]
  0x000001491bdc6d80 WorkerThread "GC Thread#4" [stack: 0x0000003fbb000000,0x0000003fbb100000] [id=22596]
  0x000001491bdc6ab0 WorkerThread "GC Thread#5" [stack: 0x0000003fbb100000,0x0000003fbb200000] [id=6216]
  0x000001491bdc6240 WorkerThread "GC Thread#6" [stack: 0x0000003fbb200000,0x0000003fbb300000] [id=9508]
  0x000001491bdc7320 WorkerThread "GC Thread#7" [stack: 0x0000003fbb300000,0x0000003fbb400000] [id=23520]
  0x000001491bdc7050 WorkerThread "GC Thread#8" [stack: 0x0000003fbb400000,0x0000003fbb500000] [id=24184]
  0x000001491dba4b00 WorkerThread "GC Thread#9" [stack: 0x0000003fbb900000,0x0000003fbba00000] [id=12048]
  0x000001491dba3fc0 WorkerThread "GC Thread#10" [stack: 0x0000003fbba00000,0x0000003fbbb00000] [id=24096]
  0x000001491dba4830 WorkerThread "GC Thread#11" [stack: 0x0000003fbb500000,0x0000003fbb600000] [id=21260]
  0x000001491dba5be0 WorkerThread "GC Thread#12" [stack: 0x0000003fbb600000,0x0000003fbb700000] [id=17644]
  0x0000014971a71810 ConcurrentGCThread "G1 Main Marker" [stack: 0x0000003fb9600000,0x0000003fb9700000] [id=18120]
  0x0000014971a73250 WorkerThread "G1 Conc#0" [stack: 0x0000003fb9700000,0x0000003fb9800000] [id=1684]
  0x000001491dba3a20 WorkerThread "G1 Conc#1" [stack: 0x0000003fbb700000,0x0000003fbb800000] [id=14792]
  0x000001491dba3480 WorkerThread "G1 Conc#2" [stack: 0x0000003fbb800000,0x0000003fbb900000] [id=18876]
  0x00000149175139e0 ConcurrentGCThread "G1 Refine#0" [stack: 0x0000003fb9800000,0x0000003fb9900000] [id=21488]
  0x0000014917514520 ConcurrentGCThread "G1 Service" [stack: 0x0000003fb9900000,0x0000003fb9a00000] [id=12488]

Threads with active compile tasks:
C2 CompilerThread2     6503 9768       4       org.apache.maven.model.inheritance.DefaultInheritanceAssembler$InheritanceModelMerger::mergePluginContainer_Plugins (433 bytes)
C2 CompilerThread5     6503 9869       4       org.codehaus.plexus.classworlds.realm.ClassRealm::loadClass (7 bytes)
C2 CompilerThread6     6503 9622   !   4       java.lang.ClassLoader::loadClass (121 bytes)

VM state: not at safepoint (normal execution)

VM Mutex/Monitor currently owned by a thread: None

Heap address: 0x0000000705e00000, size: 4002 MB, Compressed Oops mode: Zero based, Oop shift amount: 3

CDS archive(s) mapped at: [0x0000000800000000-0x0000000800c40000-0x0000000800c40000), size 12845056, SharedBaseAddress: 0x0000000800000000, ArchiveRelocationMode: 0.
Compressed class space mapped at: 0x0000000801000000-0x0000000841000000, reserved size: 1073741824
Narrow klass base: 0x0000000800000000, Narrow klass shift: 0, Narrow klass range: 0x100000000

GC Precious Log:
 CardTable entry size: 512
 Card Set container configuration: InlinePtr #cards 4 size 8 Array Of Cards #cards 16 size 48 Howl #buckets 8 coarsen threshold 3686 Howl Bitmap #cards 512 size 80 coarsen threshold 460 Card regions per heap region 1 cards per card region 4096
 CPUs: 16 total, 16 available
 Memory: 16005M
 Large Page Support: Disabled
 NUMA Support: Disabled
 Compressed Oops: Enabled (Zero based)
 Heap Region Size: 2M
 Heap Min Capacity: 8M
 Heap Initial Capacity: 252M
 Heap Max Capacity: 4002M
 Pre-touch: Disabled
 Parallel Workers: 13
 Concurrent Workers: 3
 Concurrent Refinement Workers: 13
 Periodic GC: Disabled

Heap:
 garbage-first heap   total 149504K, used 67584K [0x0000000705e00000, 0x0000000800000000)
  region size 2048K, 5 young (10240K), 1 survivors (2048K)
 Metaspace       used 35211K, committed 35776K, reserved 1114112K
  class space    used 3763K, committed 4032K, reserved 1048576K

Heap Regions: E=young(eden), S=young(survivor), O=old, HS=humongous(starts), HC=humongous(continues), CS=collection set, F=free, OA=open archive, CA=closed archive, TAMS=top-at-mark-start (previous, next)
|   0|0x0000000705e00000, 0x0000000706000000, 0x0000000706000000|100%| O|  |TAMS 0x0000000706000000, 0x0000000705e00000| Untracked 
|   1|0x0000000706000000, 0x0000000706200000, 0x0000000706200000|100%| O|  |TAMS 0x0000000706200000, 0x0000000706000000| Complete 
|   2|0x0000000706200000, 0x0000000706400000, 0x0000000706400000|100%| O|  |TAMS 0x0000000706400000, 0x0000000706200000| Untracked 
|   3|0x0000000706400000, 0x0000000706600000, 0x0000000706600000|100%| O|  |TAMS 0x0000000706600000, 0x0000000706400000| Untracked 
|   4|0x0000000706600000, 0x0000000706800000, 0x0000000706800000|100%| O|  |TAMS 0x0000000706800000, 0x0000000706600000| Untracked 
|   5|0x0000000706800000, 0x0000000706a00000, 0x0000000706a00000|100%| O|  |TAMS 0x0000000706a00000, 0x0000000706800000| Untracked 
|   6|0x0000000706a00000, 0x0000000706c00000, 0x0000000706c00000|100%| O|  |TAMS 0x0000000706c00000, 0x0000000706a00000| Untracked 
|   7|0x0000000706c00000, 0x0000000706e00000, 0x0000000706e00000|100%| O|  |TAMS 0x0000000706e00000, 0x0000000706c00000| Complete 
|   8|0x0000000706e00000, 0x0000000707000000, 0x0000000707000000|100%| O|  |TAMS 0x0000000707000000, 0x0000000706e00000| Complete 
|   9|0x0000000707000000, 0x0000000707200000, 0x0000000707200000|100%| O|  |TAMS 0x0000000707200000, 0x0000000707000000| Complete 
|  10|0x0000000707200000, 0x0000000707400000, 0x0000000707400000|100%| O|  |TAMS 0x0000000707400000, 0x0000000707200000| Untracked 
|  11|0x0000000707400000, 0x0000000707600000, 0x0000000707600000|100%| O|  |TAMS 0x0000000707600000, 0x0000000707400000| Untracked 
|  12|0x0000000707600000, 0x0000000707800000, 0x0000000707800000|100%| O|  |TAMS 0x0000000707800000, 0x0000000707600000| Untracked 
|  13|0x0000000707800000, 0x0000000707a00000, 0x0000000707a00000|100%| O|  |TAMS 0x0000000707a00000, 0x0000000707800000| Complete 
|  14|0x0000000707a00000, 0x0000000707c00000, 0x0000000707c00000|100%|HS|  |TAMS 0x0000000707c00000, 0x0000000707a00000| Complete 
|  15|0x0000000707c00000, 0x0000000707e00000, 0x0000000707e00000|100%|HS|  |TAMS 0x0000000707e00000, 0x0000000707c00000| Complete 
|  16|0x0000000707e00000, 0x0000000708000000, 0x0000000708000000|100%| O|  |TAMS 0x0000000708000000, 0x0000000707e00000| Complete 
|  17|0x0000000708000000, 0x0000000708200000, 0x0000000708200000|100%| O|  |TAMS 0x0000000708200000, 0x0000000708000000| Untracked 
|  18|0x0000000708200000, 0x0000000708400000, 0x0000000708400000|100%| O|  |TAMS 0x0000000708400000, 0x0000000708200000| Complete 
|  19|0x0000000708400000, 0x0000000708600000, 0x0000000708600000|100%|HS|  |TAMS 0x0000000708600000, 0x0000000708400000| Complete 
|  20|0x0000000708600000, 0x0000000708800000, 0x0000000708800000|100%| O|  |TAMS 0x0000000708800000, 0x0000000708600000| Complete 
|  21|0x0000000708800000, 0x0000000708a00000, 0x0000000708a00000|100%| O|  |TAMS 0x0000000708a00000, 0x0000000708800000| Untracked 
|  22|0x0000000708a00000, 0x0000000708c00000, 0x0000000708c00000|100%| O|  |TAMS 0x0000000708c00000, 0x0000000708a00000| Complete 
|  23|0x0000000708c00000, 0x0000000708e00000, 0x0000000708e00000|100%| O|  |TAMS 0x0000000708e00000, 0x0000000708c00000| Complete 
|  24|0x0000000708e00000, 0x0000000709000000, 0x0000000709000000|100%| O|  |TAMS 0x0000000709000000, 0x0000000708e00000| Complete 
|  25|0x0000000709000000, 0x0000000709200000, 0x0000000709200000|100%| O|  |TAMS 0x0000000709200000, 0x0000000709000000| Complete 
|  26|0x0000000709200000, 0x0000000709400000, 0x0000000709400000|100%| O|  |TAMS 0x00000007093fe600, 0x0000000709200000| Untracked 
|  27|0x0000000709400000, 0x0000000709600000, 0x0000000709600000|100%| O|  |TAMS 0x0000000709400000, 0x0000000709400000| Untracked 
|  28|0x0000000709600000, 0x0000000709800000, 0x0000000709800000|100%| O|  |TAMS 0x0000000709600000, 0x0000000709600000| Untracked 
|  29|0x0000000709800000, 0x0000000709800000, 0x0000000709a00000|  0%| F|  |TAMS 0x0000000709800000, 0x0000000709800000| Untracked 
|  30|0x0000000709a00000, 0x0000000709a00000, 0x0000000709c00000|  0%| F|  |TAMS 0x0000000709a00000, 0x0000000709a00000| Untracked 
|  31|0x0000000709c00000, 0x0000000709c00000, 0x0000000709e00000|  0%| F|  |TAMS 0x0000000709c00000, 0x0000000709c00000| Untracked 
|  32|0x0000000709e00000, 0x0000000709e00000, 0x000000070a000000|  0%| F|  |TAMS 0x0000000709e00000, 0x0000000709e00000| Untracked 
|  33|0x000000070a000000, 0x000000070a000000, 0x000000070a200000|  0%| F|  |TAMS 0x000000070a000000, 0x000000070a000000| Untracked 
|  34|0x000000070a200000, 0x000000070a200000, 0x000000070a400000|  0%| F|  |TAMS 0x000000070a200000, 0x000000070a200000| Untracked 
|  35|0x000000070a400000, 0x000000070a400000, 0x000000070a600000|  0%| F|  |TAMS 0x000000070a400000, 0x000000070a400000| Untracked 
|  36|0x000000070a600000, 0x000000070a600000, 0x000000070a800000|  0%| F|  |TAMS 0x000000070a600000, 0x000000070a600000| Untracked 
|  37|0x000000070a800000, 0x000000070a800000, 0x000000070aa00000|  0%| F|  |TAMS 0x000000070a800000, 0x000000070a800000| Untracked 
|  38|0x000000070aa00000, 0x000000070aa00000, 0x000000070ac00000|  0%| F|  |TAMS 0x000000070aa00000, 0x000000070aa00000| Untracked 
|  39|0x000000070ac00000, 0x000000070ac00000, 0x000000070ae00000|  0%| F|  |TAMS 0x000000070ac00000, 0x000000070ac00000| Untracked 
|  40|0x000000070ae00000, 0x000000070ae00000, 0x000000070b000000|  0%| F|  |TAMS 0x000000070ae00000, 0x000000070ae00000| Untracked 
|  41|0x000000070b000000, 0x000000070b000000, 0x000000070b200000|  0%| F|  |TAMS 0x000000070b000000, 0x000000070b000000| Untracked 
|  42|0x000000070b200000, 0x000000070b200000, 0x000000070b400000|  0%| F|  |TAMS 0x000000070b200000, 0x000000070b200000| Untracked 
|  43|0x000000070b400000, 0x000000070b400000, 0x000000070b600000|  0%| F|  |TAMS 0x000000070b400000, 0x000000070b400000| Untracked 
|  44|0x000000070b600000, 0x000000070b600000, 0x000000070b800000|  0%| F|  |TAMS 0x000000070b600000, 0x000000070b600000| Untracked 
|  45|0x000000070b800000, 0x000000070b800000, 0x000000070ba00000|  0%| F|  |TAMS 0x000000070b800000, 0x000000070b800000| Untracked 
|  46|0x000000070ba00000, 0x000000070ba00000, 0x000000070bc00000|  0%| F|  |TAMS 0x000000070ba00000, 0x000000070ba00000| Untracked 
|  47|0x000000070bc00000, 0x000000070bc00000, 0x000000070be00000|  0%| F|  |TAMS 0x000000070bc00000, 0x000000070bc00000| Untracked 
|  48|0x000000070be00000, 0x000000070be00000, 0x000000070c000000|  0%| F|  |TAMS 0x000000070be00000, 0x000000070be00000| Untracked 
|  49|0x000000070c000000, 0x000000070c200000, 0x000000070c200000|100%| S|CS|TAMS 0x000000070c000000, 0x000000070c000000| Complete 
|  50|0x000000070c200000, 0x000000070c200000, 0x000000070c400000|  0%| F|  |TAMS 0x000000070c200000, 0x000000070c200000| Untracked 
|  51|0x000000070c400000, 0x000000070c400000, 0x000000070c600000|  0%| F|  |TAMS 0x000000070c400000, 0x000000070c400000| Untracked 
|  52|0x000000070c600000, 0x000000070c600000, 0x000000070c800000|  0%| F|  |TAMS 0x000000070c600000, 0x000000070c600000| Untracked 
|  53|0x000000070c800000, 0x000000070c800000, 0x000000070ca00000|  0%| F|  |TAMS 0x000000070c800000, 0x000000070c800000| Untracked 
|  54|0x000000070ca00000, 0x000000070ca00000, 0x000000070cc00000|  0%| F|  |TAMS 0x000000070ca00000, 0x000000070ca00000| Untracked 
|  55|0x000000070cc00000, 0x000000070cc00000, 0x000000070ce00000|  0%| F|  |TAMS 0x000000070cc00000, 0x000000070cc00000| Untracked 
|  56|0x000000070ce00000, 0x000000070ce00000, 0x000000070d000000|  0%| F|  |TAMS 0x000000070ce00000, 0x000000070ce00000| Untracked 
|  57|0x000000070d000000, 0x000000070d000000, 0x000000070d200000|  0%| F|  |TAMS 0x000000070d000000, 0x000000070d000000| Untracked 
|  58|0x000000070d200000, 0x000000070d200000, 0x000000070d400000|  0%| F|  |TAMS 0x000000070d200000, 0x000000070d200000| Untracked 
|  59|0x000000070d400000, 0x000000070d400000, 0x000000070d600000|  0%| F|  |TAMS 0x000000070d400000, 0x000000070d400000| Untracked 
|  60|0x000000070d600000, 0x000000070d600000, 0x000000070d800000|  0%| F|  |TAMS 0x000000070d600000, 0x000000070d600000| Untracked 
|  61|0x000000070d800000, 0x000000070d800000, 0x000000070da00000|  0%| F|  |TAMS 0x000000070d800000, 0x000000070d800000| Untracked 
|  62|0x000000070da00000, 0x000000070da00000, 0x000000070dc00000|  0%| F|  |TAMS 0x000000070da00000, 0x000000070da00000| Untracked 
|  63|0x000000070dc00000, 0x000000070dc00000, 0x000000070de00000|  0%| F|  |TAMS 0x000000070dc00000, 0x000000070dc00000| Untracked 
|  64|0x000000070de00000, 0x000000070de00000, 0x000000070e000000|  0%| F|  |TAMS 0x000000070de00000, 0x000000070de00000| Untracked 
|  65|0x000000070e000000, 0x000000070e000000, 0x000000070e200000|  0%| F|  |TAMS 0x000000070e000000, 0x000000070e000000| Untracked 
|  66|0x000000070e200000, 0x000000070e200000, 0x000000070e400000|  0%| F|  |TAMS 0x000000070e200000, 0x000000070e200000| Untracked 
|  67|0x000000070e400000, 0x000000070e400000, 0x000000070e600000|  0%| F|  |TAMS 0x000000070e400000, 0x000000070e400000| Untracked 
|  68|0x000000070e600000, 0x000000070e600000, 0x000000070e800000|  0%| F|  |TAMS 0x000000070e600000, 0x000000070e600000| Untracked 
|  69|0x000000070e800000, 0x000000070e993f80, 0x000000070ea00000| 78%| E|  |TAMS 0x000000070e800000, 0x000000070e800000| Complete 
|  70|0x000000070ea00000, 0x000000070ec00000, 0x000000070ec00000|100%| E|CS|TAMS 0x000000070ea00000, 0x000000070ea00000| Complete 
|  71|0x000000070ec00000, 0x000000070ee00000, 0x000000070ee00000|100%| E|CS|TAMS 0x000000070ec00000, 0x000000070ec00000| Complete 
| 125|0x0000000715800000, 0x0000000715a00000, 0x0000000715a00000|100%| E|CS|TAMS 0x0000000715800000, 0x0000000715800000| Complete 

Card table byte_map: [0x000001497c8d0000,0x000001497d0b0000] _byte_map_base: 0x00000149790a1000

Marking Bits (Prev, Next): (CMBitMap*) 0x0000014971a614d0, (CMBitMap*) 0x0000014971a61510
 Prev Bits: [0x000001490f000000, 0x0000014912e88000)
 Next Bits: [0x0000014912e90000, 0x0000014916d18000)

Polling page: 0x0000014971ab0000

Metaspace:

Usage:
  Non-class:     30.71 MB used.
      Class:      3.67 MB used.
       Both:     34.39 MB used.

Virtual space:
  Non-class space:       64.00 MB reserved,      31.00 MB ( 48%) committed,  1 nodes.
      Class space:        1.00 GB reserved,       3.94 MB ( <1%) committed,  1 nodes.
             Both:        1.06 GB reserved,      34.94 MB (  3%) committed. 

Chunk freelists:
   Non-Class:  928.00 KB
       Class:  101.00 KB
        Both:  1.00 MB

MaxMetaspaceSize: unlimited
CompressedClassSpaceSize: 1.00 GB
Initial GC threshold: 21.00 MB
Current GC threshold: 57.75 MB
CDS: on
MetaspaceReclaimPolicy: balanced
 - commit_granule_bytes: 65536.
 - commit_granule_words: 8192.
 - virtual_space_node_default_size: 8388608.
 - enlarge_chunks_in_place: 1.
 - new_chunks_are_fully_committed: 0.
 - uncommit_free_chunks: 1.
 - use_allocation_guard: 0.


Internal statistics:

num_allocs_failed_limit: 6.
num_arena_births: 592.
num_arena_deaths: 4.
num_vsnodes_births: 2.
num_vsnodes_deaths: 0.
num_space_committed: 574.
num_space_uncommitted: 9.
num_chunks_returned_to_freelist: 100.
num_chunks_taken_from_freelist: 1983.
num_chunk_merges: 26.
num_chunk_splits: 1364.
num_chunks_enlarged: 1022.
num_inconsistent_stats: 0.

CodeHeap 'non-profiled nmethods': size=119168Kb used=5118Kb max_used=5118Kb free=114049Kb
 bounds [0x0000014907ba0000, 0x00000149080a0000, 0x000001490f000000]
CodeHeap 'profiled nmethods': size=119104Kb used=18903Kb max_used=19405Kb free=100200Kb
 bounds [0x0000014900000000, 0x0000014901300000, 0x0000014907450000]
CodeHeap 'non-nmethods': size=7488Kb used=3037Kb max_used=3125Kb free=4450Kb
 bounds [0x0000014907450000, 0x0000014907760000, 0x0000014907ba0000]
 total_blobs=8827 nmethods=8244 adapters=490
 compilation: enabled
              stopped_count=0, restarted_count=0
 full_count=0

Compilation events (20 events):
Event: 6.129 Thread 0x000001491b902590 9864       3       java.lang.ProcessEnvironment$CheckedEntry::getKey (5 bytes)
Event: 6.129 Thread 0x000001491b9a9670 nmethod 9861 0x0000014900d6a610 code [0x0000014900d6a7e0, 0x0000014900d6ac48]
Event: 6.129 Thread 0x000001491be85260 nmethod 9863 0x0000014900d6a090 code [0x0000014900d6a240, 0x0000014900d6a508]
Event: 6.129 Thread 0x000001491768e560 nmethod 9862 0x0000014900c6cf10 code [0x0000014900c6d0c0, 0x0000014900c6d278]
Event: 6.129 Thread 0x000001491768e560 9865       3       java.lang.ProcessEnvironment$CheckedEntry::getValue (13 bytes)
Event: 6.129 Thread 0x000001491b902590 nmethod 9864 0x0000014900d69990 code [0x0000014900d69b40, 0x0000014900d69e68]
Event: 6.129 Thread 0x000001491768e560 nmethod 9865 0x0000014900ed8e10 code [0x0000014900ed8fc0, 0x0000014900ed9288]
Event: 6.134 Thread 0x000001491768e560 9867       3       jdk.internal.org.objectweb.asm.AnnotationWriter::computeAnnotationsSize (42 bytes)
Event: 6.134 Thread 0x000001491768e560 nmethod 9867 0x0000014900ed8890 code [0x0000014900ed8a40, 0x0000014900ed8ca8]
Event: 6.138 Thread 0x000001491767d010 9868       4       java.security.AccessController::checkContext (49 bytes)
Event: 6.138 Thread 0x000001491767d010 nmethod 9868 0x000001490809e910 code [0x000001490809ea80, 0x000001490809ead8]
Event: 6.144 Thread 0x000001491d3bd5c0 9869       4       org.codehaus.plexus.classworlds.realm.ClassRealm::loadClass (7 bytes)
Event: 6.144 Thread 0x000001491b9a9670 9870       3       java.lang.StringLatin1::inflate (10 bytes)
Event: 6.144 Thread 0x000001491b9a9670 nmethod 9870 0x0000014900c1eb10 code [0x0000014900c1ecc0, 0x0000014900c1edc8]
Event: 6.144 Thread 0x000001491d3bcaa0 9871       4       sun.nio.cs.UTF_8$Decoder::decodeLoop (28 bytes)
Event: 6.145 Thread 0x000001491d3bcaa0 nmethod 9871 0x000001490809ec10 code [0x000001490809eda0, 0x000001490809eee8]
Event: 6.299 Thread 0x000001491d3bcaa0 9872       4       java.util.concurrent.locks.AbstractQueuedSynchronizer::release (19 bytes)
Event: 6.300 Thread 0x000001491d3bcaa0 nmethod 9872 0x000001490809f090 code [0x000001490809f240, 0x000001490809f438]
Event: 6.408 Thread 0x000001491b9a9670 9873       1       java.util.concurrent.atomic.AtomicInteger::get (5 bytes)
Event: 6.408 Thread 0x000001491b9a9670 nmethod 9873 0x000001490809f590 code [0x000001490809f720, 0x000001490809f7d8]

GC Heap History (20 events):
Event: 1.231 GC heap before
{Heap before GC invocations=1 (full 0):
 garbage-first heap   total 258048K, used 36654K [0x0000000705e00000, 0x0000000800000000)
  region size 2048K, 18 young (36864K), 2 survivors (4096K)
 Metaspace       used 9977K, committed 10112K, reserved 1114112K
  class space    used 1144K, committed 1216K, reserved 1048576K
}
Event: 1.234 GC heap after
{Heap after GC invocations=2 (full 0):
 garbage-first heap   total 258048K, used 5404K [0x0000000705e00000, 0x0000000800000000)
  region size 2048K, 1 young (2048K), 1 survivors (2048K)
 Metaspace       used 9977K, committed 10112K, reserved 1114112K
  class space    used 1144K, committed 1216K, reserved 1048576K
}
Event: 3.147 GC heap before
{Heap before GC invocations=2 (full 0):
 garbage-first heap   total 258048K, used 173340K [0x0000000705e00000, 0x0000000800000000)
  region size 2048K, 67 young (137216K), 1 survivors (2048K)
 Metaspace       used 21201K, committed 21504K, reserved 1114112K
  class space    used 2311K, committed 2496K, reserved 1048576K
}
Event: 3.156 GC heap after
{Heap after GC invocations=3 (full 0):
 garbage-first heap   total 258048K, used 22949K [0x0000000705e00000, 0x0000000800000000)
  region size 2048K, 8 young (16384K), 8 survivors (16384K)
 Metaspace       used 21201K, committed 21504K, reserved 1114112K
  class space    used 2311K, committed 2496K, reserved 1048576K
}
Event: 3.680 GC heap before
{Heap before GC invocations=4 (full 0):
 garbage-first heap   total 90112K, used 57765K [0x0000000705e00000, 0x0000000800000000)
  region size 2048K, 26 young (53248K), 8 survivors (16384K)
 Metaspace       used 26683K, committed 27008K, reserved 1114112K
  class space    used 2915K, committed 3072K, reserved 1048576K
}
Event: 3.688 GC heap after
{Heap after GC invocations=5 (full 0):
 garbage-first heap   total 90112K, used 32639K [0x0000000705e00000, 0x0000000800000000)
  region size 2048K, 4 young (8192K), 4 survivors (8192K)
 Metaspace       used 26683K, committed 27008K, reserved 1114112K
  class space    used 2915K, committed 3072K, reserved 1048576K
}
Event: 3.705 GC heap before
{Heap before GC invocations=5 (full 0):
 garbage-first heap   total 90112K, used 32639K [0x0000000705e00000, 0x0000000800000000)
  region size 2048K, 5 young (10240K), 4 survivors (8192K)
 Metaspace       used 26757K, committed 27136K, reserved 1114112K
  class space    used 2923K, committed 3072K, reserved 1048576K
}
Event: 3.708 GC heap after
{Heap after GC invocations=6 (full 0):
 garbage-first heap   total 90112K, used 33453K [0x0000000705e00000, 0x0000000800000000)
  region size 2048K, 1 young (2048K), 1 survivors (2048K)
 Metaspace       used 26757K, committed 27136K, reserved 1114112K
  class space    used 2923K, committed 3072K, reserved 1048576K
}
Event: 3.829 GC heap before
{Heap before GC invocations=6 (full 0):
 garbage-first heap   total 90112K, used 60077K [0x0000000705e00000, 0x0000000800000000)
  region size 2048K, 14 young (28672K), 1 survivors (2048K)
 Metaspace       used 27227K, committed 27520K, reserved 1114112K
  class space    used 2957K, committed 3072K, reserved 1048576K
}
Event: 3.833 GC heap after
{Heap after GC invocations=7 (full 0):
 garbage-first heap   total 90112K, used 37734K [0x0000000705e00000, 0x0000000800000000)
  region size 2048K, 2 young (4096K), 2 survivors (4096K)
 Metaspace       used 27227K, committed 27520K, reserved 1114112K
  class space    used 2957K, committed 3072K, reserved 1048576K
}
Event: 4.100 GC heap before
{Heap before GC invocations=7 (full 0):
 garbage-first heap   total 90112K, used 60262K [0x0000000705e00000, 0x0000000800000000)
  region size 2048K, 14 young (28672K), 2 survivors (4096K)
 Metaspace       used 28924K, committed 29248K, reserved 1114112K
  class space    used 3140K, committed 3264K, reserved 1048576K
}
Event: 4.104 GC heap after
{Heap after GC invocations=8 (full 0):
 garbage-first heap   total 149504K, used 39144K [0x0000000705e00000, 0x0000000800000000)
  region size 2048K, 1 young (2048K), 1 survivors (2048K)
 Metaspace       used 28924K, committed 29248K, reserved 1114112K
  class space    used 3140K, committed 3264K, reserved 1048576K
}
Event: 4.488 GC heap before
{Heap before GC invocations=8 (full 0):
 garbage-first heap   total 149504K, used 100584K [0x0000000705e00000, 0x0000000800000000)
  region size 2048K, 31 young (63488K), 1 survivors (2048K)
 Metaspace       used 30171K, committed 30656K, reserved 1114112K
  class space    used 3252K, committed 3520K, reserved 1048576K
}
Event: 4.490 GC heap after
{Heap after GC invocations=9 (full 0):
 garbage-first heap   total 149504K, used 40046K [0x0000000705e00000, 0x0000000800000000)
  region size 2048K, 2 young (4096K), 2 survivors (4096K)
 Metaspace       used 30171K, committed 30656K, reserved 1114112K
  class space    used 3252K, committed 3520K, reserved 1048576K
}
Event: 5.207 GC heap before
{Heap before GC invocations=9 (full 0):
 garbage-first heap   total 149504K, used 105582K [0x0000000705e00000, 0x0000000800000000)
  region size 2048K, 33 young (67584K), 2 survivors (4096K)
 Metaspace       used 32563K, committed 33088K, reserved 1114112K
  class space    used 3508K, committed 3776K, reserved 1048576K
}
Event: 5.213 GC heap after
{Heap after GC invocations=10 (full 0):
 garbage-first heap   total 149504K, used 51174K [0x0000000705e00000, 0x0000000800000000)
  region size 2048K, 5 young (10240K), 5 survivors (10240K)
 Metaspace       used 32563K, committed 33088K, reserved 1114112K
  class space    used 3508K, committed 3776K, reserved 1048576K
}
Event: 5.591 GC heap before
{Heap before GC invocations=10 (full 0):
 garbage-first heap   total 149504K, used 106470K [0x0000000705e00000, 0x0000000800000000)
  region size 2048K, 32 young (65536K), 5 survivors (10240K)
 Metaspace       used 33433K, committed 34048K, reserved 1114112K
  class space    used 3604K, committed 3904K, reserved 1048576K
}
Event: 5.598 GC heap after
{Heap after GC invocations=11 (full 0):
 garbage-first heap   total 149504K, used 63481K [0x0000000705e00000, 0x0000000800000000)
  region size 2048K, 4 young (8192K), 4 survivors (8192K)
 Metaspace       used 33433K, committed 34048K, reserved 1114112K
  class space    used 3604K, committed 3904K, reserved 1048576K
}
Event: 6.062 GC heap before
{Heap before GC invocations=11 (full 0):
 garbage-first heap   total 149504K, used 108537K [0x0000000705e00000, 0x0000000800000000)
  region size 2048K, 27 young (55296K), 4 survivors (8192K)
 Metaspace       used 35667K, committed 36160K, reserved 1114112K
  class space    used 3794K, committed 4032K, reserved 1048576K
}
Event: 6.065 GC heap after
{Heap after GC invocations=12 (full 0):
 garbage-first heap   total 149504K, used 61440K [0x0000000705e00000, 0x0000000800000000)
  region size 2048K, 1 young (2048K), 1 survivors (2048K)
 Metaspace       used 35667K, committed 36160K, reserved 1114112K
  class space    used 3794K, committed 4032K, reserved 1048576K
}

Dll operation events (12 events):
Event: 0.012 Loaded shared library C:\Program Files\Java\jdk-19\bin\java.dll
Event: 0.018 Loaded shared library C:\Program Files\Java\jdk-19\bin\jsvml.dll
Event: 0.052 Loaded shared library C:\Program Files\Java\jdk-19\bin\zip.dll
Event: 0.054 Loaded shared library C:\Program Files\Java\jdk-19\bin\instrument.dll
Event: 0.057 Loaded shared library C:\Program Files\Java\jdk-19\bin\net.dll
Event: 0.058 Loaded shared library C:\Program Files\Java\jdk-19\bin\nio.dll
Event: 0.060 Loaded shared library C:\Program Files\Java\jdk-19\bin\zip.dll
Event: 0.082 Loaded shared library C:\Program Files\JetBrains\IntelliJ IDEA 2022.1.2\bin\breakgen64.dll
Event: 0.090 Loaded shared library C:\Program Files\Java\jdk-19\bin\extnet.dll
Event: 0.156 Loaded shared library C:\Program Files\Java\jdk-19\bin\jimage.dll
Event: 0.593 Loaded shared library C:\Users\99293\AppData\Local\Temp\jansi-2.4.0-ecf3685818735532-jansi.dll
Event: 0.599 Loaded shared library C:\Program Files\Java\jdk-19\bin\verify.dll

Deoptimization events (20 events):
Event: 6.144 Thread 0x0000014924e5a000 Uncommon trap: trap_request=0xffffffde fr.pc=0x0000014907f130a0 relative=0x0000000000000520
Event: 6.144 Thread 0x0000014924e5a000 Uncommon trap: reason=class_check action=maybe_recompile pc=0x0000014907f130a0 method=java.util.stream.AbstractPipeline.copyIntoWithCancel(Ljava/util/stream/Sink;Ljava/util/Spliterator;)Z @ 32 c2
Event: 6.144 Thread 0x0000014924e5a000 DEOPT PACKING pc=0x0000014907f130a0 sp=0x0000003fbc2feaf0
Event: 6.144 Thread 0x0000014924e5a000 DEOPT UNPACKING pc=0x00000149074b6da3 sp=0x0000003fbc2feab8 mode 2
Event: 6.144 Thread 0x0000014924e5a000 Uncommon trap: trap_request=0xffffffde fr.pc=0x0000014907f130a0 relative=0x0000000000000520
Event: 6.144 Thread 0x0000014924e5a000 Uncommon trap: reason=class_check action=maybe_recompile pc=0x0000014907f130a0 method=java.util.stream.AbstractPipeline.copyIntoWithCancel(Ljava/util/stream/Sink;Ljava/util/Spliterator;)Z @ 32 c2
Event: 6.144 Thread 0x0000014924e5a000 DEOPT PACKING pc=0x0000014907f130a0 sp=0x0000003fbc2fed50
Event: 6.144 Thread 0x0000014924e5a000 DEOPT UNPACKING pc=0x00000149074b6da3 sp=0x0000003fbc2fed18 mode 2
Event: 6.144 Thread 0x0000014924e5a000 Uncommon trap: trap_request=0xffffff45 fr.pc=0x0000014907cdf874 relative=0x00000000000001d4
Event: 6.144 Thread 0x0000014924e5a000 Uncommon trap: reason=unstable_if action=reinterpret pc=0x0000014907cdf874 method=java.lang.String.indexOf(Ljava/lang/String;)I @ 10 c2
Event: 6.144 Thread 0x0000014924e5a000 DEOPT PACKING pc=0x0000014907cdf874 sp=0x0000003fbc2ff0d0
Event: 6.144 Thread 0x0000014924e5a000 DEOPT UNPACKING pc=0x00000149074b6da3 sp=0x0000003fbc2ff070 mode 2
Event: 6.144 Thread 0x0000014924e5a000 Uncommon trap: trap_request=0xffffff76 fr.pc=0x0000014907c1e958 relative=0x0000000000001ed8
Event: 6.144 Thread 0x0000014924e5a000 Uncommon trap: reason=predicate action=maybe_recompile pc=0x0000014907c1e958 method=java.util.regex.Pattern.compile()V @ 78 c2
Event: 6.144 Thread 0x0000014924e5a000 DEOPT PACKING pc=0x0000014907c1e958 sp=0x0000003fbc2ff0f0
Event: 6.144 Thread 0x0000014924e5a000 DEOPT UNPACKING pc=0x00000149074b6da3 sp=0x0000003fbc2ff0d0 mode 2
Event: 6.144 Thread 0x0000014924e5a000 Uncommon trap: trap_request=0xffffff45 fr.pc=0x0000014907d8bfd4 relative=0x00000000000000b4
Event: 6.144 Thread 0x0000014924e5a000 Uncommon trap: reason=unstable_if action=reinterpret pc=0x0000014907d8bfd4 method=java.lang.String.codePointAt(I)I @ 4 c2
Event: 6.144 Thread 0x0000014924e5a000 DEOPT PACKING pc=0x0000014907d8bfd4 sp=0x0000003fbc2ff0c0
Event: 6.144 Thread 0x0000014924e5a000 DEOPT UNPACKING pc=0x00000149074b6da3 sp=0x0000003fbc2ff058 mode 2

Classes loaded (20 events):
Event: 6.129 Loading class java/lang/Process done
Event: 6.129 Loading class java/lang/ProcessImpl done
Event: 6.134 Loading class java/lang/ProcessImpl$2
Event: 6.134 Loading class java/lang/ProcessImpl$2 done
Event: 6.134 Loading class java/lang/Process$PipeInputStream
Event: 6.134 Loading class java/lang/Process$PipeInputStream done
Event: 6.135 Loading class jdk/internal/event/ProcessStartEvent
Event: 6.135 Loading class jdk/internal/event/Event
Event: 6.136 Loading class jdk/internal/event/Event done
Event: 6.136 Loading class jdk/internal/event/ProcessStartEvent done
Event: 6.136 Loading class java/nio/channels/ClosedChannelException
Event: 6.136 Loading class java/nio/channels/ClosedChannelException done
Event: 6.137 Loading class java/nio/channels/NonReadableChannelException
Event: 6.137 Loading class java/nio/channels/NonReadableChannelException done
Event: 6.137 Loading class java/nio/channels/NonWritableChannelException
Event: 6.137 Loading class java/nio/channels/NonWritableChannelException done
Event: 6.142 Loading class java/util/Scanner
Event: 6.143 Loading class java/util/Scanner done
Event: 6.144 Loading class java/util/Scanner$PatternLRUCache
Event: 6.144 Loading class java/util/Scanner$PatternLRUCache done

Classes unloaded (20 events):
Event: 6.075 Thread 0x000001491b842010 Unloading class 0x000000080132abd0 'lombok/javac/apt/LombokFileObject'
Event: 6.075 Thread 0x000001491b842010 Unloading class 0x000000080132a9e0 'lombok/javac/apt/LombokFileObjects'
Event: 6.075 Thread 0x000001491b842010 Unloading class 0x000000080132a7b8 'lombok/javac/apt/MessagerDiagnosticsReceiver'
Event: 6.075 Thread 0x000001491b842010 Unloading class 0x000000080132a400 'lombok/javac/apt/InterceptingJavaFileManager'
Event: 6.075 Thread 0x000001491b842010 Unloading class 0x000000080132a208 'lombok/permit/dummy/Parent'
Event: 6.075 Thread 0x000001491b842010 Unloading class 0x000000080132a000 'lombok/core/CleanupRegistry'
Event: 6.075 Thread 0x000001491b842010 Unloading class 0x0000000801329cc8 'lombok/permit/Permit$Fake'
Event: 6.075 Thread 0x000001491b842010 Unloading class 0x0000000801329ad8 'lombok/permit/Permit'
Event: 6.075 Thread 0x000001491b842010 Unloading class 0x0000000801329800 'lombok/javac/apt/LombokProcessor$1'
Event: 6.075 Thread 0x000001491b842010 Unloading class 0x0000000801328d28 'lombok/core/DiagnosticsReceiver'
Event: 6.075 Thread 0x000001491b842010 Unloading class 0x0000000801328aa0 'lombok/javac/apt/LombokProcessor'
Event: 6.075 Thread 0x000001491b842010 Unloading class 0x0000000801328880 'lombok/core/AnnotationProcessor$EcjDescriptor'
Event: 6.075 Thread 0x000001491b842010 Unloading class 0x0000000801328658 'lombok/core/AnnotationProcessor$JavacDescriptor'
Event: 6.075 Thread 0x000001491b842010 Unloading class 0x0000000801328270 'lombok/core/AnnotationProcessor$ProcessorDescriptor'
Event: 6.075 Thread 0x000001491b842010 Unloading class 0x0000000801328000 'lombok/core/AnnotationProcessor'
Event: 6.075 Thread 0x000001491b842010 Unloading class 0x00000008013291f0 'lombok/launch/AnnotationProcessorHider$ClaimingProcessor'
Event: 6.075 Thread 0x000001491b842010 Unloading class 0x0000000801329000 'lombok/launch/AnnotationProcessorHider$AstModificationNotifierData'
Event: 6.075 Thread 0x000001491b842010 Unloading class 0x0000000801300460 'lombok/launch/ShadowClassLoader'
Event: 6.075 Thread 0x000001491b842010 Unloading class 0x0000000801300270 'lombok/launch/Main'
Event: 6.075 Thread 0x000001491b842010 Unloading class 0x0000000801300000 'lombok/launch/AnnotationProcessorHider$AnnotationProcessor'

Classes redefined (0 events):
No events

Internal exceptions (20 events):
Event: 5.658 Thread 0x00000149719ef2a0 Exception <a 'sun/nio/fs/WindowsException'{0x000000070e64a128}> (0x000000070e64a128) 
thrown [s\open\src\hotspot\share\prims\jni.cpp, line 517]
Event: 5.660 Thread 0x00000149719ef2a0 Exception <a 'sun/nio/fs/WindowsException'{0x000000070e6b0150}> (0x000000070e6b0150) 
thrown [s\open\src\hotspot\share\prims\jni.cpp, line 517]
Event: 5.660 Thread 0x00000149719ef2a0 Exception <a 'sun/nio/fs/WindowsException'{0x000000070e6b03b0}> (0x000000070e6b03b0) 
thrown [s\open\src\hotspot\share\prims\jni.cpp, line 517]
Event: 5.660 Thread 0x00000149719ef2a0 Exception <a 'sun/nio/fs/WindowsException'{0x000000070e6b1288}> (0x000000070e6b1288) 
thrown [s\open\src\hotspot\share\prims\jni.cpp, line 517]
Event: 5.660 Thread 0x00000149719ef2a0 Exception <a 'sun/nio/fs/WindowsException'{0x000000070e6b15b0}> (0x000000070e6b15b0) 
thrown [s\open\src\hotspot\share\prims\jni.cpp, line 517]
Event: 5.660 Thread 0x00000149719ef2a0 Exception <a 'sun/nio/fs/WindowsException'{0x000000070e6b2550}> (0x000000070e6b2550) 
thrown [s\open\src\hotspot\share\prims\jni.cpp, line 517]
Event: 5.660 Thread 0x00000149719ef2a0 Exception <a 'sun/nio/fs/WindowsException'{0x000000070e6b27e0}> (0x000000070e6b27e0) 
thrown [s\open\src\hotspot\share\prims\jni.cpp, line 517]
Event: 5.662 Thread 0x00000149719ef2a0 Exception <a 'sun/nio/fs/WindowsException'{0x000000070e6f17a8}> (0x000000070e6f17a8) 
thrown [s\open\src\hotspot\share\prims\jni.cpp, line 517]
Event: 5.662 Thread 0x00000149719ef2a0 Exception <a 'sun/nio/fs/WindowsException'{0x000000070e6f1a08}> (0x000000070e6f1a08) 
thrown [s\open\src\hotspot\share\prims\jni.cpp, line 517]
Event: 5.662 Thread 0x00000149719ef2a0 Exception <a 'sun/nio/fs/WindowsException'{0x000000070e6f28e0}> (0x000000070e6f28e0) 
thrown [s\open\src\hotspot\share\prims\jni.cpp, line 517]
Event: 5.662 Thread 0x00000149719ef2a0 Exception <a 'sun/nio/fs/WindowsException'{0x000000070e6f2c08}> (0x000000070e6f2c08) 
thrown [s\open\src\hotspot\share\prims\jni.cpp, line 517]
Event: 5.662 Thread 0x00000149719ef2a0 Exception <a 'sun/nio/fs/WindowsException'{0x000000070e6f3ba8}> (0x000000070e6f3ba8) 
thrown [s\open\src\hotspot\share\prims\jni.cpp, line 517]
Event: 5.662 Thread 0x00000149719ef2a0 Exception <a 'sun/nio/fs/WindowsException'{0x000000070e6f3e38}> (0x000000070e6f3e38) 
thrown [s\open\src\hotspot\share\prims\jni.cpp, line 517]
Event: 5.947 Thread 0x0000014924e5a550 Exception <a 'java/lang/NoSuchMethodError'{0x000000070cb354b8}: 'java.lang.Object java.lang.invoke.DirectMethodHandle$Holder.invokeStatic(java.lang.Object, long, java.lang.Object)'> (0x000000070cb354b8) 
thrown [s\open\src\hotspot\share\interpreter\linkResolver.cpp, line 774]
Event: 5.948 Thread 0x0000014924e5a550 Exception <a 'java/lang/NoSuchMethodError'{0x000000070cb38b08}: 'java.lang.Object java.lang.invoke.DirectMethodHandle$Holder.invokeStaticInit(java.lang.Object, long, java.lang.Object)'> (0x000000070cb38b08) 
thrown [s\open\src\hotspot\share\interpreter\linkResolver.cpp, line 774]
Event: 5.949 Thread 0x0000014924e5a550 Exception <a 'java/lang/NoSuchMethodError'{0x000000070cb3e758}: 'java.lang.Object java.lang.invoke.DirectMethodHandle$Holder.newInvokeSpecial(java.lang.Object, long)'> (0x000000070cb3e758) 
thrown [s\open\src\hotspot\share\interpreter\linkResolver.cpp, line 774]
Event: 5.951 Thread 0x0000014924e5a550 Exception <a 'java/lang/NoSuchMethodError'{0x000000070cb42f68}: 'long java.lang.invoke.DirectMethodHandle$Holder.invokeInterface(java.lang.Object, java.lang.Object)'> (0x000000070cb42f68) 
thrown [s\open\src\hotspot\share\interpreter\linkResolver.cpp, line 774]
Event: 5.951 Thread 0x0000014924e5a550 Exception <a 'java/lang/NoSuchMethodError'{0x000000070cb46720}: 'long java.lang.invoke.DelegatingMethodHandle$Holder.reinvoke_L(java.lang.Object, java.lang.Object)'> (0x000000070cb46720) 
thrown [s\open\src\hotspot\share\interpreter\linkResolver.cpp, line 774]
Event: 6.000 Thread 0x00000149719ef2a0 Exception <a 'java/lang/NoSuchMethodError'{0x000000070c9a90b8}: 'java.lang.Object java.lang.invoke.DirectMethodHandle$Holder.invokeStaticInit(java.lang.Object, java.lang.Object, int, int, int, int)'> (0x000000070c9a90b8) 
thrown [s\open\src\hotspot\share\interpreter\linkResolver.cpp, line 774]
Event: 6.134 Thread 0x00000149719ef2a0 Exception <a 'java/lang/NoSuchMethodError'{0x000000070eb3c6c8}: 'void java.lang.invoke.DirectMethodHandle$Holder.invokeStatic(java.lang.Object, long)'> (0x000000070eb3c6c8) 
thrown [s\open\src\hotspot\share\interpreter\linkResolver.cpp, line 774]

VM Operations (20 events):
Event: 5.932 Executing VM operation: HandshakeAllThreads
Event: 5.932 Executing VM operation: HandshakeAllThreads done
Event: 5.957 Executing VM operation: HandshakeAllThreads
Event: 5.957 Executing VM operation: HandshakeAllThreads done
Event: 6.062 Executing VM operation: CollectForMetadataAllocation
Event: 6.065 Executing VM operation: CollectForMetadataAllocation done
Event: 6.074 Executing VM operation: G1PauseRemark
Event: 6.081 Executing VM operation: G1PauseRemark done
Event: 6.081 Executing VM operation: HandshakeAllThreads
Event: 6.081 Executing VM operation: HandshakeAllThreads done
Event: 6.085 Executing VM operation: G1PauseCleanup
Event: 6.085 Executing VM operation: G1PauseCleanup done
Event: 6.106 Executing VM operation: HandshakeAllThreads
Event: 6.106 Executing VM operation: HandshakeAllThreads done
Event: 6.108 Executing VM operation: HandshakeAllThreads
Event: 6.108 Executing VM operation: HandshakeAllThreads done
Event: 6.108 Executing VM operation: HandshakeAllThreads
Event: 6.108 Executing VM operation: HandshakeAllThreads done
Event: 6.135 Executing VM operation: HandshakeAllThreads
Event: 6.135 Executing VM operation: HandshakeAllThreads done

Events (20 events):
Event: 5.383 Thread 0x000001491769c3d0 flushing nmethod 0x0000014901173810
Event: 5.383 Thread 0x000001491769c3d0 flushing nmethod 0x0000014901173c90
Event: 5.384 Thread 0x000001491769c3d0 flushing nmethod 0x00000149011dd390
Event: 5.384 Thread 0x000001491769c3d0 flushing nmethod 0x00000149011e4c90
Event: 5.384 Thread 0x000001491769c3d0 flushing nmethod 0x00000149011e9a10
Event: 5.384 Thread 0x000001491769c3d0 flushing nmethod 0x00000149011ead10
Event: 5.384 Thread 0x000001491769c3d0 flushing nmethod 0x00000149011ec190
Event: 5.384 Thread 0x000001491769c3d0 flushing nmethod 0x0000014901205d90
Event: 5.385 Thread 0x000001491769c3d0 flushing nmethod 0x00000149012bc410
Event: 5.626 Thread 0x000001491d3c1880 Thread exited: 0x000001491d3c1880
Event: 5.933 Thread 0x0000014924e5a550 Thread added: 0x0000014924e5a550
Event: 5.953 Thread 0x0000014924e5a550 Thread exited: 0x0000014924e5a550
Event: 6.072 Thread 0x0000014924e59010 Thread added: 0x0000014924e59010
Event: 6.082 Thread 0x0000014924e5b540 Thread added: 0x0000014924e5b540
Event: 6.084 Thread 0x000001491769c3d0 flushing nmethod 0x00000149005dbf90
Event: 6.088 Thread 0x000001491769c3d0 flushing nmethod 0x00000149012d2510
Event: 6.126 Thread 0x0000014924e5ca80 Thread added: 0x0000014924e5ca80
Event: 6.142 Thread 0x0000014924e5a000 Thread added: 0x0000014924e5a000
Event: 6.142 Thread 0x0000014924e5aaa0 Thread added: 0x0000014924e5aaa0
Event: 6.145 Thread 0x0000014924e57580 Thread added: 0x0000014924e57580


Dynamic libraries:
0x00007ff6e3e50000 - 0x00007ff6e3e60000 	C:\Program Files\Java\jdk-19\bin\java.exe
0x00007ffd5d050000 - 0x00007ffd5d267000 	C:\WINDOWS\SYSTEM32\ntdll.dll
0x00007ffd5b320000 - 0x00007ffd5b3e4000 	C:\WINDOWS\System32\KERNEL32.DLL
0x00007ffd5a500000 - 0x00007ffd5a8a7000 	C:\WINDOWS\System32\KERNELBASE.dll
0x00007ffd5a370000 - 0x00007ffd5a481000 	C:\WINDOWS\System32\ucrtbase.dll
0x00007ffd46b80000 - 0x00007ffd46b98000 	C:\Program Files\Java\jdk-19\bin\jli.dll
0x00007ffd46a90000 - 0x00007ffd46aab000 	C:\Program Files\Java\jdk-19\bin\VCRUNTIME140.dll
0x00007ffd5c1e0000 - 0x00007ffd5c292000 	C:\WINDOWS\System32\ADVAPI32.dll
0x00007ffd5ad80000 - 0x00007ffd5ae27000 	C:\WINDOWS\System32\msvcrt.dll
0x00007ffd5cac0000 - 0x00007ffd5cb68000 	C:\WINDOWS\System32\sechost.dll
0x00007ffd5ac30000 - 0x00007ffd5ac58000 	C:\WINDOWS\System32\bcrypt.dll
0x00007ffd5c060000 - 0x00007ffd5c175000 	C:\WINDOWS\System32\RPCRT4.dll
0x00007ffd5b620000 - 0x00007ffd5b7ce000 	C:\WINDOWS\System32\USER32.dll
0x00007ffd3cf60000 - 0x00007ffd3d1f3000 	C:\WINDOWS\WinSxS\amd64_microsoft.windows.common-controls_6595b64144ccf1df_6.0.22621.3527_none_270e469b73872a76\COMCTL32.dll
0x00007ffd5aa20000 - 0x00007ffd5aa46000 	C:\WINDOWS\System32\win32u.dll
0x00007ffd5b2f0000 - 0x00007ffd5b319000 	C:\WINDOWS\System32\GDI32.dll
0x00007ffd5ac60000 - 0x00007ffd5ad79000 	C:\WINDOWS\System32\gdi32full.dll
0x00007ffd5aa50000 - 0x00007ffd5aaea000 	C:\WINDOWS\System32\msvcp_win.dll
0x00007ffd52170000 - 0x00007ffd5217a000 	C:\WINDOWS\SYSTEM32\VERSION.dll
0x00007ffd5b2b0000 - 0x00007ffd5b2e1000 	C:\WINDOWS\System32\IMM32.DLL
0x00007ffd554a0000 - 0x00007ffd554ac000 	C:\Program Files\Java\jdk-19\bin\vcruntime140_1.dll
0x00007ffd1a4e0000 - 0x00007ffd1a56e000 	C:\Program Files\Java\jdk-19\bin\msvcp140.dll
0x00007ffcbdaf0000 - 0x00007ffcbe7b0000 	C:\Program Files\Java\jdk-19\bin\server\jvm.dll
0x00007ffd55490000 - 0x00007ffd55499000 	C:\WINDOWS\SYSTEM32\WSOCK32.dll
0x00007ffd51a90000 - 0x00007ffd51ac4000 	C:\WINDOWS\SYSTEM32\WINMM.dll
0x00007ffd5b5a0000 - 0x00007ffd5b611000 	C:\WINDOWS\System32\WS2_32.dll
0x00007ffd59480000 - 0x00007ffd59498000 	C:\WINDOWS\SYSTEM32\kernel.appcore.dll
0x00007ffd46b70000 - 0x00007ffd46b7a000 	C:\Program Files\Java\jdk-19\bin\jimage.dll
0x00007ffd57b70000 - 0x00007ffd57da2000 	C:\WINDOWS\SYSTEM32\DBGHELP.DLL
0x00007ffd5c6b0000 - 0x00007ffd5ca38000 	C:\WINDOWS\System32\combase.dll
0x00007ffd5cd80000 - 0x00007ffd5ce57000 	C:\WINDOWS\System32\OLEAUT32.dll
0x00007ffd500a0000 - 0x00007ffd500d2000 	C:\WINDOWS\SYSTEM32\dbgcore.DLL
0x00007ffd5abb0000 - 0x00007ffd5ac29000 	C:\WINDOWS\System32\bcryptPrimitives.dll
0x00007ffd54da0000 - 0x00007ffd54dae000 	C:\Program Files\Java\jdk-19\bin\instrument.dll
0x00007ffd45530000 - 0x00007ffd45556000 	C:\Program Files\Java\jdk-19\bin\java.dll
0x00007ffd0d150000 - 0x00007ffd0d227000 	C:\Program Files\Java\jdk-19\bin\jsvml.dll
0x00007ffd5b800000 - 0x00007ffd5c05c000 	C:\WINDOWS\System32\SHELL32.dll
0x00007ffd58280000 - 0x00007ffd58b76000 	C:\WINDOWS\SYSTEM32\windows.storage.dll
0x00007ffd58140000 - 0x00007ffd5827e000 	C:\WINDOWS\SYSTEM32\wintypes.dll
0x00007ffd5ce60000 - 0x00007ffd5cf55000 	C:\WINDOWS\System32\SHCORE.dll
0x00007ffd5c4f0000 - 0x00007ffd5c54e000 	C:\WINDOWS\System32\shlwapi.dll
0x00007ffd5a2a0000 - 0x00007ffd5a2c1000 	C:\WINDOWS\SYSTEM32\profapi.dll
0x00007ffd45820000 - 0x00007ffd45838000 	C:\Program Files\Java\jdk-19\bin\zip.dll
0x00007ffd46890000 - 0x00007ffd468a3000 	C:\Program Files\Java\jdk-19\bin\net.dll
0x00007ffd53c10000 - 0x00007ffd53d46000 	C:\WINDOWS\SYSTEM32\WINHTTP.dll
0x00007ffd598f0000 - 0x00007ffd59959000 	C:\WINDOWS\system32\mswsock.dll
0x00007ffd45970000 - 0x00007ffd45986000 	C:\Program Files\Java\jdk-19\bin\nio.dll
0x00007ffd54d80000 - 0x00007ffd54d9a000 	C:\Program Files\JetBrains\IntelliJ IDEA 2022.1.2\bin\breakgen64.dll
0x00007ffd45330000 - 0x00007ffd45338000 	C:\Program Files\Java\jdk-19\bin\extnet.dll
0x0000000069ac0000 - 0x0000000069ae4000 	C:\Users\99293\AppData\Local\Temp\jansi-2.4.0-ecf3685818735532-jansi.dll
0x00007ffd44ef0000 - 0x00007ffd44f00000 	C:\Program Files\Java\jdk-19\bin\verify.dll
0x00007ffd594a0000 - 0x00007ffd594d4000 	C:\WINDOWS\SYSTEM32\ntmarta.dll
0x00007ffd59b50000 - 0x00007ffd59b6b000 	C:\WINDOWS\SYSTEM32\CRYPTSP.dll
0x00007ffd593e0000 - 0x00007ffd59415000 	C:\WINDOWS\system32\rsaenh.dll
0x00007ffd599f0000 - 0x00007ffd59a18000 	C:\WINDOWS\SYSTEM32\USERENV.dll
0x00007ffd59b70000 - 0x00007ffd59b7c000 	C:\WINDOWS\SYSTEM32\CRYPTBASE.dll
0x00007ffd58e40000 - 0x00007ffd58e6d000 	C:\WINDOWS\SYSTEM32\IPHLPAPI.DLL
0x00007ffd5ca40000 - 0x00007ffd5ca49000 	C:\WINDOWS\System32\NSI.dll
0x00007ffd53ab0000 - 0x00007ffd53ac9000 	C:\WINDOWS\SYSTEM32\dhcpcsvc6.DLL
0x00007ffd53a90000 - 0x00007ffd53aaf000 	C:\WINDOWS\SYSTEM32\dhcpcsvc.DLL
0x00007ffd58e70000 - 0x00007ffd58f68000 	C:\WINDOWS\SYSTEM32\DNSAPI.dll

dbghelp: loaded successfully - version: 4.0.5 - missing functions: none
symbol engine: initialized successfully - sym options: 0x614 - pdb path: .;C:\Program Files\Java\jdk-19\bin;C:\WINDOWS\SYSTEM32;C:\WINDOWS\WinSxS\amd64_microsoft.windows.common-controls_6595b64144ccf1df_6.0.22621.3527_none_270e469b73872a76;C:\Program Files\Java\jdk-19\bin\server;C:\Program Files\JetBrains\IntelliJ IDEA 2022.1.2\bin;C:\Users\99293\AppData\Local\Temp

VM Arguments:
jvm_args: -Dmaven.multiModuleProjectDirectory=D:\website.citu-web -Dmaven.home=C:\Users\99293\.m2\wrapper\dists\apache-maven-3.9.3-bin\54p6kc7m0ap3os8bc4ge28ia2\apache-maven-3.9.3 -Dclassworlds.conf=C:\Users\99293\.m2\wrapper\dists\apache-maven-3.9.3-bin\54p6kc7m0ap3os8bc4ge28ia2\apache-maven-3.9.3\bin\m2.conf -Dmaven.ext.class.path=C:\Program Files\JetBrains\IntelliJ IDEA 2022.1.2\plugins\maven\lib\maven-event-listener.jar -javaagent:C:\Program Files\JetBrains\IntelliJ IDEA 2022.1.2\lib\idea_rt.jar=51100:C:\Program Files\JetBrains\IntelliJ IDEA 2022.1.2\bin -Dfile.encoding=UTF-8 
java_command: org.codehaus.classworlds.Launcher -Didea.version=2022.1.2 package
java_class_path (initial): C:\Users\99293\.m2\wrapper\dists\apache-maven-3.9.3-bin\54p6kc7m0ap3os8bc4ge28ia2\apache-maven-3.9.3\boot\plexus-classworlds-2.7.0.jar;C:\Users\99293\.m2\wrapper\dists\apache-maven-3.9.3-bin\54p6kc7m0ap3os8bc4ge28ia2\apache-maven-3.9.3\boot\plexus-classworlds.license
Launcher Type: SUN_STANDARD

[Global flags]
     intx CICompilerCount                          = 12                                        {product} {ergonomic}
     uint ConcGCThreads                            = 3                                         {product} {ergonomic}
     uint G1ConcRefinementThreads                  = 13                                        {product} {ergonomic}
   size_t G1HeapRegionSize                         = 2097152                                   {product} {ergonomic}
    uintx GCDrainStackTargetSize                   = 64                                        {product} {ergonomic}
   size_t InitialHeapSize                          = 264241152                                 {product} {ergonomic}
   size_t MarkStackSize                            = 4194304                                   {product} {ergonomic}
   size_t MaxHeapSize                              = 4196401152                                {product} {ergonomic}
   size_t MaxNewSize                               = 2516582400                                {product} {ergonomic}
   size_t MinHeapDeltaBytes                        = 2097152                                   {product} {ergonomic}
   size_t MinHeapSize                              = 8388608                                   {product} {ergonomic}
    uintx NonNMethodCodeHeapSize                   = 7602480                                {pd product} {ergonomic}
    uintx NonProfiledCodeHeapSize                  = 122027880                              {pd product} {ergonomic}
    uintx ProfiledCodeHeapSize                     = 122027880                              {pd product} {ergonomic}
    uintx ReservedCodeCacheSize                    = 251658240                              {pd product} {ergonomic}
     bool SegmentedCodeCache                       = true                                      {product} {ergonomic}
   size_t SoftMaxHeapSize                          = 4196401152                             {manageable} {ergonomic}
     bool UseCompressedClassPointers               = true                           {product lp64_product} {ergonomic}
     bool UseCompressedOops                        = true                           {product lp64_product} {ergonomic}
     bool UseG1GC                                  = true                                      {product} {ergonomic}
     bool UseLargePagesIndividualAllocation        = false                                  {pd product} {ergonomic}

Logging:
Log output configuration:
 #0: stdout all=warning uptime,level,tags foldmultilines=false
 #1: stderr all=off uptime,level,tags foldmultilines=false

Environment Variables:
JAVA_HOME=C:\Program Files\Java\jdk-19
PATH=C:\Program Files\Common Files\Oracle\Java\javapath;C:\Windows\system32;C:\Windows;C:\Windows\System32\Wbem;C:\Windows\System32\WindowsPowerShell\v1.0\;C:\Windows\System32\OpenSSH\;C:\Program Files (x86)\NVIDIA Corporation\PhysX\Common;C:\Program Files\NVIDIA Corporation\NVIDIA NvDLISR;C:\Program Files\Git\cmd;C:\Program Files (x86)\dotnet\;C:\WINDOWS\system32;C:\WINDOWS;C:\WINDOWS\System32\Wbem;C:\WINDOWS\System32\WindowsPowerShell\v1.0\;C:\WINDOWS\System32\OpenSSH\;C:\Program Files\Java\jdk-19\bin;C:\Users\99293\AppData\Local\Programs\Python\Python311\Scripts\;C:\Users\99293\AppData\Local\Programs\Python\Python311\;C:\Users\99293\AppData\Local\Microsoft\WindowsApps;;C:\Program Files\JetBrains\IntelliJ IDEA 2022.1.2\bin;;C:\Program Files\heroku\bin
USERNAME=ASUS
OS=Windows_NT
PROCESSOR_IDENTIFIER=Intel64 Family 6 Model 154 Stepping 3, GenuineIntel
TMP=C:\Users\99293\AppData\Local\Temp
TEMP=C:\Users\99293\AppData\Local\Temp



---------------  S Y S T E M  ---------------

OS:
 Windows 11 , 64 bit Build 22621 (10.0.22621.3527)
OS uptime: 5 days 22:27 hours
Hyper-V role detected

CPU: total 16 (initial active 16) (8 cores per cpu, 2 threads per core) family 6 model 154 stepping 3 microcode 0x41c, cx8, cmov, fxsr, ht, mmx, 3dnowpref, sse, sse2, sse3, ssse3, sse4.1, sse4.2, popcnt, lzcnt, tsc, tscinvbit, avx, avx2, aes, erms, clmul, bmi1, bmi2, adx, sha, fma, vzeroupper, clflush, clflushopt, clwb, hv, serialize, rdtscp, rdpid, fsrm

Memory: 4k page, system-wide physical 16005M (3169M free)
TotalPageFile size 18053M (AvailPageFile size 5M)
current process WorkingSet (physical memory assigned to process): 434M, peak: 438M
current process commit charge ("private bytes"): 485M, peak: 489M

vm_info: Java HotSpot(TM) 64-Bit Server VM (19.0.2+7-44) for windows-amd64 JRE (19.0.2+7-44), built on 2022-11-30T18:02:09Z by "mach5one" with MS VC++ 17.1 (VS2022)

END.
