#
# There is insufficient memory for the Java Runtime Environment to continue.
# Native memory allocation (malloc) failed to allocate 1048592 bytes for Chunk::new
# Possible reasons:
#   The system is out of physical RAM or swap space
#   The process is running with CompressedOops enabled, and the Java Heap may be blocking the growth of the native heap
# Possible solutions:
#   Reduce memory load on the system
#   Increase physical memory or swap space
#   Check if swap backing store is full
#   Decrease Java heap size (-Xmx/-Xms)
#   Decrease number of Java threads
#   Decrease Java thread stack sizes (-Xss)
#   Set larger code cache with -XX:ReservedCodeCacheSize=
#   JVM is running with Zero Based Compressed Oops mode in which the Java heap is
#     placed in the first 32GB address space. The Java Heap base address is the
#     maximum limit for the native heap growth. Please use -XX:HeapBaseMinAddress
#     to set the Java Heap base and to place the Java Heap above 32GB virtual address.
# This output file may be truncated or incomplete.
#
#  Out of Memory Error (arena.cpp:184), pid=11148, tid=16424
#
# JRE version: Java(TM) SE Runtime Environment (19.0.2+7) (build 19.0.2+7-44)
# Java VM: Java HotSpot(TM) 64-Bit Server VM (19.0.2+7-44, mixed mode, sharing, tiered, compressed oops, compressed class ptrs, g1 gc, windows-amd64)
# No core dump will be written. Minidumps are not enabled by default on client versions of Windows
#

---------------  S U M M A R Y ------------

Command Line: -Dmaven.multiModuleProjectDirectory=D:\website.citu-web -Dmaven.home=C:\Users\99293\.m2\wrapper\dists\apache-maven-3.9.3-bin\54p6kc7m0ap3os8bc4ge28ia2\apache-maven-3.9.3 -Dclassworlds.conf=C:\Users\99293\.m2\wrapper\dists\apache-maven-3.9.3-bin\54p6kc7m0ap3os8bc4ge28ia2\apache-maven-3.9.3\bin\m2.conf -Dmaven.ext.class.path=C:\Program Files\JetBrains\IntelliJ IDEA 2022.1.2\plugins\maven\lib\maven-event-listener.jar -javaagent:C:\Program Files\JetBrains\IntelliJ IDEA 2022.1.2\lib\idea_rt.jar=55357:C:\Program Files\JetBrains\IntelliJ IDEA 2022.1.2\bin -Dfile.encoding=UTF-8 org.codehaus.classworlds.Launcher -Didea.version=2022.1.2 package

Host: 12th Gen Intel(R) Core(TM) i7-12650H, 16 cores, 15G,  Windows 11 , 64 bit Build 22621 (10.0.22621.4391)
Time: Tue Dec 10 20:28:10 2024  Windows 11 , 64 bit Build 22621 (10.0.22621.4391) elapsed time: 5.756352 seconds (0d 0h 0m 5s)

---------------  T H R E A D  ---------------

Current thread (0x000001c899c17150):  JavaThread "C2 CompilerThread0" daemon [_thread_in_native, id=16424, stack(0x000000a308e00000,0x000000a308f00000)]


Current CompileTask:
C2:   5756 9941   !   4       java.lang.ClassLoader::loadClass (121 bytes)

Stack: [0x000000a308e00000,0x000000a308f00000]
Native frames: (J=compiled Java code, j=interpreted, Vv=VM code, C=native code)
V  [jvm.dll+0x6ee21a]
V  [jvm.dll+0x85765e]
V  [jvm.dll+0x85904e]
V  [jvm.dll+0x859703]
V  [jvm.dll+0x28298f]
V  [jvm.dll+0xc9adf]
V  [jvm.dll+0xc9e65]
V  [jvm.dll+0xc9c04]
V  [jvm.dll+0x6cd84a]
V  [jvm.dll+0x6810ba]
V  [jvm.dll+0x67f064]
V  [jvm.dll+0x24c25e]
V  [jvm.dll+0x24b781]
V  [jvm.dll+0x1d6ce1]
V  [jvm.dll+0x25b25a]
V  [jvm.dll+0x2596e8]
V  [jvm.dll+0x807588]
V  [jvm.dll+0x80125a]
V  [jvm.dll+0x6ecf0b]
C  [ucrtbase.dll+0x29333]
C  [KERNEL32.DLL+0x1259d]
C  [ntdll.dll+0x5af38]


---------------  P R O C E S S  ---------------

Threads class SMR info:
_java_thread_list=0x000001c89d6d4760, length=19, elements={
0x000001c8f1b50fd0, 0x000001c899c0a8d0, 0x000001c899c0b6c0, 0x000001c899c0f4d0,
0x000001c899c15290, 0x000001c899c15bc0, 0x000001c899c164f0, 0x000001c899c17150,
0x000001c899c19ad0, 0x000001c899c1c450, 0x000001c899ccdc00, 0x000001c899d02130,
0x000001c8957e0c70, 0x000001c899ded720, 0x000001c899def140, 0x000001c89a0e9c60,
0x000001c89a1ae170, 0x000001c899de9440, 0x000001c89a97a040
}

Java Threads: ( => current thread )
  0x000001c8f1b50fd0 JavaThread "main" [_thread_in_native, id=9828, stack(0x000000a308100000,0x000000a308200000)]
  0x000001c899c0a8d0 JavaThread "Reference Handler" daemon [_thread_blocked, id=14044, stack(0x000000a308800000,0x000000a308900000)]
  0x000001c899c0b6c0 JavaThread "Finalizer" daemon [_thread_blocked, id=24692, stack(0x000000a308900000,0x000000a308a00000)]
  0x000001c899c0f4d0 JavaThread "Signal Dispatcher" daemon [_thread_blocked, id=15072, stack(0x000000a308a00000,0x000000a308b00000)]
  0x000001c899c15290 JavaThread "Attach Listener" daemon [_thread_blocked, id=21192, stack(0x000000a308b00000,0x000000a308c00000)]
  0x000001c899c15bc0 JavaThread "Service Thread" daemon [_thread_blocked, id=21152, stack(0x000000a308c00000,0x000000a308d00000)]
  0x000001c899c164f0 JavaThread "Monitor Deflation Thread" daemon [_thread_blocked, id=11040, stack(0x000000a308d00000,0x000000a308e00000)]
=>0x000001c899c17150 JavaThread "C2 CompilerThread0" daemon [_thread_in_native, id=16424, stack(0x000000a308e00000,0x000000a308f00000)]
  0x000001c899c19ad0 JavaThread "C1 CompilerThread0" daemon [_thread_blocked, id=1612, stack(0x000000a308f00000,0x000000a309000000)]
  0x000001c899c1c450 JavaThread "Sweeper thread" daemon [_thread_blocked, id=23820, stack(0x000000a309000000,0x000000a309100000)]
  0x000001c899ccdc00 JavaThread "C1 CompilerThread1" daemon [_thread_blocked, id=14632, stack(0x000000a309100000,0x000000a309200000)]
  0x000001c899d02130 JavaThread "C1 CompilerThread2" daemon [_thread_blocked, id=24600, stack(0x000000a309200000,0x000000a309300000)]
  0x000001c8957e0c70 JavaThread "Common-Cleaner" daemon [_thread_blocked, id=23184, stack(0x000000a309300000,0x000000a309400000)]
  0x000001c899ded720 JavaThread "Monitor Ctrl-Break" daemon [_thread_in_native, id=12592, stack(0x000000a309400000,0x000000a309500000)]
  0x000001c899def140 JavaThread "Notification Thread" daemon [_thread_blocked, id=8036, stack(0x000000a309500000,0x000000a309600000)]
  0x000001c89a0e9c60 JavaThread "C2 CompilerThread1" daemon [_thread_blocked, id=24344, stack(0x000000a309700000,0x000000a309800000)]
  0x000001c89a1ae170 JavaThread "C1 CompilerThread3" daemon [_thread_blocked, id=25428, stack(0x000000a309800000,0x000000a309900000)]
  0x000001c899de9440 JavaThread "C2 CompilerThread2" daemon [_thread_in_native, id=8252, stack(0x000000a30a100000,0x000000a30a200000)]
  0x000001c89a97a040 JavaThread "C2 CompilerThread3" daemon [_thread_in_native, id=14420, stack(0x000000a30a200000,0x000000a30a300000)]

Other Threads:
  0x000001c8957effb0 VMThread "VM Thread" [stack: 0x000000a308700000,0x000000a308800000] [id=14904]
  0x000001c899df2320 WatcherThread "VM Periodic Task Thread" [stack: 0x000000a309600000,0x000000a309700000] [id=16872]
  0x000001c8f1bc1b70 WorkerThread "GC Thread#0" [stack: 0x000000a308200000,0x000000a308300000] [id=17156]
  0x000001c89a18b5d0 WorkerThread "GC Thread#1" [stack: 0x000000a309900000,0x000000a309a00000] [id=24032]
  0x000001c89a18c110 WorkerThread "GC Thread#2" [stack: 0x000000a309a00000,0x000000a309b00000] [id=25236]
  0x000001c89a18c3e0 WorkerThread "GC Thread#3" [stack: 0x000000a309b00000,0x000000a309c00000] [id=8340]
  0x000001c89a18c980 WorkerThread "GC Thread#4" [stack: 0x000000a309c00000,0x000000a309d00000] [id=25088]
  0x000001c89a18b8a0 WorkerThread "GC Thread#5" [stack: 0x000000a309d00000,0x000000a309e00000] [id=19744]
  0x000001c89a18cc50 WorkerThread "GC Thread#6" [stack: 0x000000a309e00000,0x000000a309f00000] [id=4044]
  0x000001c89a18b030 WorkerThread "GC Thread#7" [stack: 0x000000a309f00000,0x000000a30a000000] [id=21956]
  0x000001c89acd0c00 WorkerThread "GC Thread#8" [stack: 0x000000a30a000000,0x000000a30a100000] [id=9600]
  0x000001c89accefe0 WorkerThread "GC Thread#9" [stack: 0x000000a30a700000,0x000000a30a800000] [id=21136]
  0x000001c89acd1fb0 WorkerThread "GC Thread#10" [stack: 0x000000a30a800000,0x000000a30a900000] [id=25212]
  0x000001c89accea40 WorkerThread "GC Thread#11" [stack: 0x000000a30a300000,0x000000a30a400000] [id=25136]
  0x000001c89acced10 WorkerThread "GC Thread#12" [stack: 0x000000a30a400000,0x000000a30a500000] [id=7840]
  0x000001c8f1bd24e0 ConcurrentGCThread "G1 Main Marker" [stack: 0x000000a308300000,0x000000a308400000] [id=16452]
  0x000001c8f1bd30b0 WorkerThread "G1 Conc#0" [stack: 0x000000a308400000,0x000000a308500000] [id=6472]
  0x000001c89accfdf0 WorkerThread "G1 Conc#1" [stack: 0x000000a30a500000,0x000000a30a600000] [id=23988]
  0x000001c89acd00c0 WorkerThread "G1 Conc#2" [stack: 0x000000a30a600000,0x000000a30a700000] [id=16572]
  0x000001c8956ad3e0 ConcurrentGCThread "G1 Refine#0" [stack: 0x000000a308500000,0x000000a308600000] [id=24372]
  0x000001c8956adf20 ConcurrentGCThread "G1 Service" [stack: 0x000000a308600000,0x000000a308700000] [id=25204]

Threads with active compile tasks:
C2 CompilerThread0     5767 9941   !   4       java.lang.ClassLoader::loadClass (121 bytes)
C2 CompilerThread2     5767 10192   !   4       org.codehaus.plexus.classworlds.realm.ClassRealm::loadClass (33 bytes)
C2 CompilerThread3     5767 10191       4       org.codehaus.plexus.classworlds.realm.ClassRealm::loadClass (7 bytes)

VM state: not at safepoint (normal execution)

VM Mutex/Monitor currently owned by a thread: None

Heap address: 0x0000000705e00000, size: 4002 MB, Compressed Oops mode: Zero based, Oop shift amount: 3

CDS archive(s) mapped at: [0x0000000800000000-0x0000000800c40000-0x0000000800c40000), size 12845056, SharedBaseAddress: 0x0000000800000000, ArchiveRelocationMode: 0.
Compressed class space mapped at: 0x0000000801000000-0x0000000841000000, reserved size: 1073741824
Narrow klass base: 0x0000000800000000, Narrow klass shift: 0, Narrow klass range: 0x100000000

GC Precious Log:
 CardTable entry size: 512
 Card Set container configuration: InlinePtr #cards 4 size 8 Array Of Cards #cards 16 size 48 Howl #buckets 8 coarsen threshold 3686 Howl Bitmap #cards 512 size 80 coarsen threshold 460 Card regions per heap region 1 cards per card region 4096
 CPUs: 16 total, 16 available
 Memory: 16004M
 Large Page Support: Disabled
 NUMA Support: Disabled
 Compressed Oops: Enabled (Zero based)
 Heap Region Size: 2M
 Heap Min Capacity: 8M
 Heap Initial Capacity: 252M
 Heap Max Capacity: 4002M
 Pre-touch: Disabled
 Parallel Workers: 13
 Concurrent Workers: 3
 Concurrent Refinement Workers: 13
 Periodic GC: Disabled

Heap:
 garbage-first heap   total 147456K, used 80444K [0x0000000705e00000, 0x0000000800000000)
  region size 2048K, 10 young (20480K), 2 survivors (4096K)
 Metaspace       used 35612K, committed 36160K, reserved 1114112K
  class space    used 3798K, committed 4032K, reserved 1048576K

Heap Regions: E=young(eden), S=young(survivor), O=old, HS=humongous(starts), HC=humongous(continues), CS=collection set, F=free, OA=open archive, CA=closed archive, TAMS=top-at-mark-start (previous, next)
|   0|0x0000000705e00000, 0x0000000706000000, 0x0000000706000000|100%| O|  |TAMS 0x0000000706000000, 0x0000000705e00000| Untracked 
|   1|0x0000000706000000, 0x0000000706200000, 0x0000000706200000|100%| O|  |TAMS 0x0000000706200000, 0x0000000706000000| Complete 
|   2|0x0000000706200000, 0x0000000706400000, 0x0000000706400000|100%| O|  |TAMS 0x0000000706400000, 0x0000000706200000| Untracked 
|   3|0x0000000706400000, 0x0000000706600000, 0x0000000706600000|100%|HS|  |TAMS 0x0000000706600000, 0x0000000706400000| Complete 
|   4|0x0000000706600000, 0x0000000706800000, 0x0000000706800000|100%| O|  |TAMS 0x0000000706800000, 0x0000000706600000| Untracked 
|   5|0x0000000706800000, 0x0000000706a00000, 0x0000000706a00000|100%| O|  |TAMS 0x0000000706a00000, 0x0000000706800000| Untracked 
|   6|0x0000000706a00000, 0x0000000706c00000, 0x0000000706c00000|100%| O|  |TAMS 0x0000000706c00000, 0x0000000706a00000| Untracked 
|   7|0x0000000706c00000, 0x0000000706e00000, 0x0000000706e00000|100%| O|  |TAMS 0x0000000706e00000, 0x0000000706c00000| Untracked 
|   8|0x0000000706e00000, 0x0000000707000000, 0x0000000707000000|100%| O|  |TAMS 0x0000000707000000, 0x0000000706e00000| Untracked 
|   9|0x0000000707000000, 0x0000000707200000, 0x0000000707200000|100%| O|  |TAMS 0x0000000707200000, 0x0000000707000000| Untracked 
|  10|0x0000000707200000, 0x0000000707400000, 0x0000000707400000|100%| O|  |TAMS 0x0000000707400000, 0x0000000707200000| Untracked 
|  11|0x0000000707400000, 0x0000000707600000, 0x0000000707600000|100%| O|  |TAMS 0x0000000707600000, 0x0000000707400000| Untracked 
|  12|0x0000000707600000, 0x0000000707800000, 0x0000000707800000|100%| O|  |TAMS 0x0000000707800000, 0x0000000707600000| Untracked 
|  13|0x0000000707800000, 0x0000000707a00000, 0x0000000707a00000|100%| O|  |TAMS 0x0000000707a00000, 0x0000000707800000| Complete 
|  14|0x0000000707a00000, 0x0000000707c00000, 0x0000000707c00000|100%| O|  |TAMS 0x0000000707c00000, 0x0000000707a00000| Complete 
|  15|0x0000000707c00000, 0x0000000707e00000, 0x0000000707e00000|100%| O|  |TAMS 0x0000000707e00000, 0x0000000707c00000| Complete 
|  16|0x0000000707e00000, 0x0000000708000000, 0x0000000708000000|100%| O|  |TAMS 0x0000000708000000, 0x0000000707e00000| Complete 
|  17|0x0000000708000000, 0x0000000708200000, 0x0000000708200000|100%|HS|  |TAMS 0x0000000708200000, 0x0000000708000000| Complete 
|  18|0x0000000708200000, 0x0000000708400000, 0x0000000708400000|100%| O|  |TAMS 0x0000000708400000, 0x0000000708200000| Complete 
|  19|0x0000000708400000, 0x0000000708600000, 0x0000000708600000|100%| O|  |TAMS 0x0000000708600000, 0x0000000708400000| Complete 
|  20|0x0000000708600000, 0x0000000708800000, 0x0000000708800000|100%| O|  |TAMS 0x0000000708800000, 0x0000000708600000| Complete 
|  21|0x0000000708800000, 0x0000000708a00000, 0x0000000708a00000|100%|HS|  |TAMS 0x0000000708a00000, 0x0000000708800000| Complete 
|  22|0x0000000708a00000, 0x0000000708c00000, 0x0000000708c00000|100%| O|  |TAMS 0x0000000708c00000, 0x0000000708a00000| Complete 
|  23|0x0000000708c00000, 0x0000000708e00000, 0x0000000708e00000|100%| O|  |TAMS 0x0000000708e00000, 0x0000000708c00000| Complete 
|  24|0x0000000708e00000, 0x0000000709000000, 0x0000000709000000|100%| O|  |TAMS 0x0000000709000000, 0x0000000708e00000| Complete 
|  25|0x0000000709000000, 0x0000000709200000, 0x0000000709200000|100%| O|  |TAMS 0x0000000709200000, 0x0000000709000000| Complete 
|  26|0x0000000709200000, 0x0000000709400000, 0x0000000709400000|100%| O|  |TAMS 0x0000000709400000, 0x0000000709200000| Complete 
|  27|0x0000000709400000, 0x0000000709600000, 0x0000000709600000|100%| O|  |TAMS 0x0000000709600000, 0x0000000709400000| Complete 
|  28|0x0000000709600000, 0x0000000709800000, 0x0000000709800000|100%| O|  |TAMS 0x0000000709800000, 0x0000000709600000| Complete 
|  29|0x0000000709800000, 0x0000000709a00000, 0x0000000709a00000|100%| O|  |TAMS 0x0000000709a00000, 0x0000000709800000| Untracked 
|  30|0x0000000709a00000, 0x0000000709c00000, 0x0000000709c00000|100%| O|  |TAMS 0x0000000709c00000, 0x0000000709a00000| Complete 
|  31|0x0000000709c00000, 0x0000000709c00000, 0x0000000709e00000|  0%| F|  |TAMS 0x0000000709c00000, 0x0000000709c00000| Untracked 
|  32|0x0000000709e00000, 0x0000000709e00000, 0x000000070a000000|  0%| F|  |TAMS 0x0000000709e00000, 0x0000000709e00000| Untracked 
|  33|0x000000070a000000, 0x000000070a000000, 0x000000070a200000|  0%| F|  |TAMS 0x000000070a000000, 0x000000070a000000| Untracked 
|  34|0x000000070a200000, 0x000000070a200000, 0x000000070a400000|  0%| F|  |TAMS 0x000000070a200000, 0x000000070a200000| Untracked 
|  35|0x000000070a400000, 0x000000070a400000, 0x000000070a600000|  0%| F|  |TAMS 0x000000070a400000, 0x000000070a400000| Untracked 
|  36|0x000000070a600000, 0x000000070a600000, 0x000000070a800000|  0%| F|  |TAMS 0x000000070a600000, 0x000000070a600000| Untracked 
|  37|0x000000070a800000, 0x000000070a800000, 0x000000070aa00000|  0%| F|  |TAMS 0x000000070a800000, 0x000000070a800000| Untracked 
|  38|0x000000070aa00000, 0x000000070aa00000, 0x000000070ac00000|  0%| F|  |TAMS 0x000000070aa00000, 0x000000070aa00000| Untracked 
|  39|0x000000070ac00000, 0x000000070ac00000, 0x000000070ae00000|  0%| F|  |TAMS 0x000000070ac00000, 0x000000070ac00000| Untracked 
|  40|0x000000070ae00000, 0x000000070ae00000, 0x000000070b000000|  0%| F|  |TAMS 0x000000070ae00000, 0x000000070ae00000| Untracked 
|  41|0x000000070b000000, 0x000000070b000000, 0x000000070b200000|  0%| F|  |TAMS 0x000000070b000000, 0x000000070b000000| Untracked 
|  42|0x000000070b200000, 0x000000070b200000, 0x000000070b400000|  0%| F|  |TAMS 0x000000070b200000, 0x000000070b200000| Untracked 
|  43|0x000000070b400000, 0x000000070b400000, 0x000000070b600000|  0%| F|  |TAMS 0x000000070b400000, 0x000000070b400000| Untracked 
|  44|0x000000070b600000, 0x000000070b600000, 0x000000070b800000|  0%| F|  |TAMS 0x000000070b600000, 0x000000070b600000| Untracked 
|  45|0x000000070b800000, 0x000000070b800000, 0x000000070ba00000|  0%| F|  |TAMS 0x000000070b800000, 0x000000070b800000| Untracked 
|  46|0x000000070ba00000, 0x000000070ba00000, 0x000000070bc00000|  0%| F|  |TAMS 0x000000070ba00000, 0x000000070ba00000| Untracked 
|  47|0x000000070bc00000, 0x000000070bc00000, 0x000000070be00000|  0%| F|  |TAMS 0x000000070bc00000, 0x000000070bc00000| Untracked 
|  48|0x000000070be00000, 0x000000070be00000, 0x000000070c000000|  0%| F|  |TAMS 0x000000070be00000, 0x000000070be00000| Untracked 
|  49|0x000000070c000000, 0x000000070c000000, 0x000000070c200000|  0%| F|  |TAMS 0x000000070c000000, 0x000000070c000000| Untracked 
|  50|0x000000070c200000, 0x000000070c200000, 0x000000070c400000|  0%| F|  |TAMS 0x000000070c200000, 0x000000070c200000| Untracked 
|  51|0x000000070c400000, 0x000000070c400000, 0x000000070c600000|  0%| F|  |TAMS 0x000000070c400000, 0x000000070c400000| Untracked 
|  52|0x000000070c600000, 0x000000070c600000, 0x000000070c800000|  0%| F|  |TAMS 0x000000070c600000, 0x000000070c600000| Untracked 
|  53|0x000000070c800000, 0x000000070c800000, 0x000000070ca00000|  0%| F|  |TAMS 0x000000070c800000, 0x000000070c800000| Untracked 
|  54|0x000000070ca00000, 0x000000070ca00000, 0x000000070cc00000|  0%| F|  |TAMS 0x000000070ca00000, 0x000000070ca00000| Untracked 
|  55|0x000000070cc00000, 0x000000070cc00000, 0x000000070ce00000|  0%| F|  |TAMS 0x000000070cc00000, 0x000000070cc00000| Untracked 
|  56|0x000000070ce00000, 0x000000070ce00000, 0x000000070d000000|  0%| F|  |TAMS 0x000000070ce00000, 0x000000070ce00000| Untracked 
|  57|0x000000070d000000, 0x000000070d000000, 0x000000070d200000|  0%| F|  |TAMS 0x000000070d000000, 0x000000070d000000| Untracked 
|  58|0x000000070d200000, 0x000000070d200000, 0x000000070d400000|  0%| F|  |TAMS 0x000000070d200000, 0x000000070d200000| Untracked 
|  59|0x000000070d400000, 0x000000070d400000, 0x000000070d600000|  0%| F|  |TAMS 0x000000070d400000, 0x000000070d400000| Untracked 
|  60|0x000000070d600000, 0x000000070d600000, 0x000000070d800000|  0%| F|  |TAMS 0x000000070d600000, 0x000000070d600000| Untracked 
|  61|0x000000070d800000, 0x000000070d800000, 0x000000070da00000|  0%| F|  |TAMS 0x000000070d800000, 0x000000070d800000| Untracked 
|  62|0x000000070da00000, 0x000000070da8f190, 0x000000070dc00000| 27%| S|CS|TAMS 0x000000070da00000, 0x000000070da00000| Complete 
|  63|0x000000070dc00000, 0x000000070de00000, 0x000000070de00000|100%| S|CS|TAMS 0x000000070dc00000, 0x000000070dc00000| Complete 
|  64|0x000000070de00000, 0x000000070de71390, 0x000000070e000000| 22%| E|  |TAMS 0x000000070de00000, 0x000000070de00000| Complete 
|  65|0x000000070e000000, 0x000000070e200000, 0x000000070e200000|100%| E|CS|TAMS 0x000000070e000000, 0x000000070e000000| Complete 
|  66|0x000000070e200000, 0x000000070e400000, 0x000000070e400000|100%| E|CS|TAMS 0x000000070e200000, 0x000000070e200000| Complete 
|  67|0x000000070e400000, 0x000000070e600000, 0x000000070e600000|100%| E|CS|TAMS 0x000000070e400000, 0x000000070e400000| Complete 
|  68|0x000000070e600000, 0x000000070e800000, 0x000000070e800000|100%| E|CS|TAMS 0x000000070e600000, 0x000000070e600000| Complete 
|  69|0x000000070e800000, 0x000000070ea00000, 0x000000070ea00000|100%| E|CS|TAMS 0x000000070e800000, 0x000000070e800000| Complete 
|  70|0x000000070ea00000, 0x000000070ec00000, 0x000000070ec00000|100%| E|CS|TAMS 0x000000070ea00000, 0x000000070ea00000| Complete 
| 125|0x0000000715800000, 0x0000000715a00000, 0x0000000715a00000|100%| E|CS|TAMS 0x0000000715800000, 0x0000000715800000| Complete 

Card table byte_map: [0x000001c8fab10000,0x000001c8fb2f0000] _byte_map_base: 0x000001c8f72e1000

Marking Bits (Prev, Next): (CMBitMap*) 0x000001c8f1bc21a0, (CMBitMap*) 0x000001c8f1bc21e0
 Prev Bits: [0x000001c8fbad0000, 0x000001c8ff958000)
 Next Bits: [0x000001c88f000000, 0x000001c892e88000)

Polling page: 0x000001c8f1310000

Metaspace:

Usage:
  Non-class:     31.09 MB used.
      Class:      3.71 MB used.
       Both:     34.80 MB used.

Virtual space:
  Non-class space:       64.00 MB reserved,      31.38 MB ( 49%) committed,  1 nodes.
      Class space:        1.00 GB reserved,       3.94 MB ( <1%) committed,  1 nodes.
             Both:        1.06 GB reserved,      35.31 MB (  3%) committed. 

Chunk freelists:
   Non-Class:  4.33 MB
       Class:  70.00 KB
        Both:  4.40 MB

MaxMetaspaceSize: unlimited
CompressedClassSpaceSize: 1.00 GB
Initial GC threshold: 21.00 MB
Current GC threshold: 57.44 MB
CDS: on
MetaspaceReclaimPolicy: balanced
 - commit_granule_bytes: 65536.
 - commit_granule_words: 8192.
 - virtual_space_node_default_size: 8388608.
 - enlarge_chunks_in_place: 1.
 - new_chunks_are_fully_committed: 0.
 - uncommit_free_chunks: 1.
 - use_allocation_guard: 0.


Internal statistics:

num_allocs_failed_limit: 6.
num_arena_births: 618.
num_arena_deaths: 6.
num_vsnodes_births: 2.
num_vsnodes_deaths: 0.
num_space_committed: 581.
num_space_uncommitted: 7.
num_chunks_returned_to_freelist: 105.
num_chunks_taken_from_freelist: 2027.
num_chunk_merges: 27.
num_chunk_splits: 1379.
num_chunks_enlarged: 1046.
num_inconsistent_stats: 0.

CodeHeap 'non-profiled nmethods': size=119168Kb used=4952Kb max_used=5303Kb free=114216Kb
 bounds [0x000001c887ba0000, 0x000001c8880d0000, 0x000001c88f000000]
CodeHeap 'profiled nmethods': size=119104Kb used=18990Kb max_used=20036Kb free=100113Kb
 bounds [0x000001c880000000, 0x000001c8813b0000, 0x000001c887450000]
CodeHeap 'non-nmethods': size=7488Kb used=3037Kb max_used=3129Kb free=4450Kb
 bounds [0x000001c887450000, 0x000001c887770000, 0x000001c887ba0000]
 total_blobs=8912 nmethods=8329 adapters=490
 compilation: enabled
              stopped_count=0, restarted_count=0
 full_count=0

Compilation events (20 events):
Event: 5.745 Thread 0x000001c89a1ae170 10194       1       org.apache.maven.surefire.api.stream.AbstractStreamDecoder$Memento::access$000 (5 bytes)
Event: 5.745 Thread 0x000001c899ccdc00 10195       1       org.apache.maven.surefire.api.stream.AbstractStreamDecoder$Memento::getLine (5 bytes)
Event: 5.745 Thread 0x000001c899d02130 10196       1       org.apache.maven.surefire.api.stream.AbstractStreamDecoder$Memento::getByteBuffer (5 bytes)
Event: 5.745 Thread 0x000001c899c19ad0 10197       1       org.apache.maven.surefire.api.stream.AbstractStreamDecoder$MalformedFrameException::readFrom (5 bytes)
Event: 5.745 Thread 0x000001c89a1ae170 nmethod 10194 0x000001c887f06a10 code [0x000001c887f06ba0, 0x000001c887f06c58]
Event: 5.745 Thread 0x000001c899c19ad0 nmethod 10197 0x000001c887f06710 code [0x000001c887f068a0, 0x000001c887f06958]
Event: 5.745 Thread 0x000001c899d02130 nmethod 10196 0x000001c887f02a90 code [0x000001c887f02c20, 0x000001c887f02cf8]
Event: 5.745 Thread 0x000001c899ccdc00 nmethod 10195 0x000001c887f02790 code [0x000001c887f02920, 0x000001c887f029f8]
Event: 5.745 Thread 0x000001c89a0e9c60 10198       4       java.nio.CharBuffer::position (6 bytes)
Event: 5.746 Thread 0x000001c899ccdc00 10199       1       org.apache.maven.surefire.api.stream.AbstractStreamDecoder$BufferedStream::getPositionByteBuffer (5 bytes)
Event: 5.746 Thread 0x000001c89a0e9c60 nmethod 10198 0x000001c887f02410 code [0x000001c887f025a0, 0x000001c887f02678]
Event: 5.746 Thread 0x000001c899ccdc00 nmethod 10199 0x000001c887f99510 code [0x000001c887f996a0, 0x000001c887f99758]
Event: 5.746 Thread 0x000001c899ccdc00 10200       1       org.apache.maven.surefire.api.stream.AbstractStreamDecoder$MalformedFrameException::readTo (5 bytes)
Event: 5.746 Thread 0x000001c899ccdc00 nmethod 10200 0x000001c887f99210 code [0x000001c887f993a0, 0x000001c887f99458]
Event: 5.746 Thread 0x000001c89a1ae170 10201       3       java.util.Calendar::internalGet (7 bytes)
Event: 5.746 Thread 0x000001c89a1ae170 nmethod 10201 0x000001c880f68a10 code [0x000001c880f68ba0, 0x000001c880f68cd8]
Event: 5.747 Thread 0x000001c899ccdc00 10202       3       java.lang.AbstractStringBuilder::inflate (42 bytes)
Event: 5.747 Thread 0x000001c899ccdc00 nmethod 10202 0x000001c880efdd10 code [0x000001c880efdee0, 0x000001c880efe218]
Event: 5.747 Thread 0x000001c89a0e9c60 10203       4       java.nio.Buffer::remaining (20 bytes)
Event: 5.747 Thread 0x000001c89a0e9c60 nmethod 10203 0x000001c887f98f10 code [0x000001c887f99080, 0x000001c887f99118]

GC Heap History (20 events):
Event: 2.349 GC heap before
{Heap before GC invocations=2 (full 0):
 garbage-first heap   total 258048K, used 142866K [0x0000000705e00000, 0x0000000800000000)
  region size 2048K, 67 young (137216K), 1 survivors (2048K)
 Metaspace       used 21253K, committed 21504K, reserved 1114112K
  class space    used 2309K, committed 2432K, reserved 1048576K
}
Event: 2.356 GC heap after
{Heap after GC invocations=3 (full 0):
 garbage-first heap   total 258048K, used 22932K [0x0000000705e00000, 0x0000000800000000)
  region size 2048K, 8 young (16384K), 8 survivors (16384K)
 Metaspace       used 21253K, committed 21504K, reserved 1114112K
  class space    used 2309K, committed 2432K, reserved 1048576K
}
Event: 2.949 GC heap before
{Heap before GC invocations=4 (full 0):
 garbage-first heap   total 90112K, used 59796K [0x0000000705e00000, 0x0000000800000000)
  region size 2048K, 26 young (53248K), 8 survivors (16384K)
 Metaspace       used 26620K, committed 26944K, reserved 1114112K
  class space    used 2895K, committed 3008K, reserved 1048576K
}
Event: 2.957 GC heap after
{Heap after GC invocations=5 (full 0):
 garbage-first heap   total 90112K, used 32027K [0x0000000705e00000, 0x0000000800000000)
  region size 2048K, 4 young (8192K), 4 survivors (8192K)
 Metaspace       used 26620K, committed 26944K, reserved 1114112K
  class space    used 2895K, committed 3008K, reserved 1048576K
}
Event: 2.976 GC heap before
{Heap before GC invocations=5 (full 0):
 garbage-first heap   total 90112K, used 34075K [0x0000000705e00000, 0x0000000800000000)
  region size 2048K, 5 young (10240K), 4 survivors (8192K)
 Metaspace       used 26775K, committed 27136K, reserved 1114112K
  class space    used 2917K, committed 3072K, reserved 1048576K
}
Event: 2.980 GC heap after
{Heap after GC invocations=6 (full 0):
 garbage-first heap   total 90112K, used 34398K [0x0000000705e00000, 0x0000000800000000)
  region size 2048K, 1 young (2048K), 1 survivors (2048K)
 Metaspace       used 26775K, committed 27136K, reserved 1114112K
  class space    used 2917K, committed 3072K, reserved 1048576K
}
Event: 3.130 GC heap before
{Heap before GC invocations=6 (full 0):
 garbage-first heap   total 90112K, used 61022K [0x0000000705e00000, 0x0000000800000000)
  region size 2048K, 14 young (28672K), 1 survivors (2048K)
 Metaspace       used 27337K, committed 27648K, reserved 1114112K
  class space    used 2963K, committed 3072K, reserved 1048576K
}
Event: 3.134 GC heap after
{Heap after GC invocations=7 (full 0):
 garbage-first heap   total 90112K, used 38778K [0x0000000705e00000, 0x0000000800000000)
  region size 2048K, 2 young (4096K), 2 survivors (4096K)
 Metaspace       used 27337K, committed 27648K, reserved 1114112K
  class space    used 2963K, committed 3072K, reserved 1048576K
}
Event: 3.444 GC heap before
{Heap before GC invocations=7 (full 0):
 garbage-first heap   total 90112K, used 61306K [0x0000000705e00000, 0x0000000800000000)
  region size 2048K, 14 young (28672K), 2 survivors (4096K)
 Metaspace       used 28625K, committed 28928K, reserved 1114112K
  class space    used 3093K, committed 3200K, reserved 1048576K
}
Event: 3.448 GC heap after
{Heap after GC invocations=8 (full 0):
 garbage-first heap   total 147456K, used 41591K [0x0000000705e00000, 0x0000000800000000)
  region size 2048K, 2 young (4096K), 2 survivors (4096K)
 Metaspace       used 28625K, committed 28928K, reserved 1114112K
  class space    used 3093K, committed 3200K, reserved 1048576K
}
Event: 3.831 GC heap before
{Heap before GC invocations=8 (full 0):
 garbage-first heap   total 147456K, used 98935K [0x0000000705e00000, 0x0000000800000000)
  region size 2048K, 31 young (63488K), 2 survivors (4096K)
 Metaspace       used 30324K, committed 30848K, reserved 1114112K
  class space    used 3269K, committed 3520K, reserved 1048576K
}
Event: 3.835 GC heap after
{Heap after GC invocations=9 (full 0):
 garbage-first heap   total 147456K, used 42939K [0x0000000705e00000, 0x0000000800000000)
  region size 2048K, 2 young (4096K), 2 survivors (4096K)
 Metaspace       used 30324K, committed 30848K, reserved 1114112K
  class space    used 3269K, committed 3520K, reserved 1048576K
}
Event: 4.556 GC heap before
{Heap before GC invocations=9 (full 0):
 garbage-first heap   total 147456K, used 108475K [0x0000000705e00000, 0x0000000800000000)
  region size 2048K, 33 young (67584K), 2 survivors (4096K)
 Metaspace       used 32825K, committed 33344K, reserved 1114112K
  class space    used 3529K, committed 3776K, reserved 1048576K
}
Event: 4.562 GC heap after
{Heap after GC invocations=10 (full 0):
 garbage-first heap   total 147456K, used 46829K [0x0000000705e00000, 0x0000000800000000)
  region size 2048K, 3 young (6144K), 3 survivors (6144K)
 Metaspace       used 32825K, committed 33344K, reserved 1114112K
  class space    used 3529K, committed 3776K, reserved 1048576K
}
Event: 4.908 GC heap before
{Heap before GC invocations=10 (full 0):
 garbage-first heap   total 147456K, used 110317K [0x0000000705e00000, 0x0000000800000000)
  region size 2048K, 33 young (67584K), 3 survivors (6144K)
 Metaspace       used 32990K, committed 33536K, reserved 1114112K
  class space    used 3539K, committed 3776K, reserved 1048576K
}
Event: 4.918 GC heap after
{Heap after GC invocations=11 (full 0):
 garbage-first heap   total 147456K, used 66726K [0x0000000705e00000, 0x0000000800000000)
  region size 2048K, 5 young (10240K), 5 survivors (10240K)
 Metaspace       used 32990K, committed 33536K, reserved 1114112K
  class space    used 3539K, committed 3776K, reserved 1048576K
}
Event: 5.313 GC heap before
{Heap before GC invocations=11 (full 0):
 garbage-first heap   total 147456K, used 107686K [0x0000000705e00000, 0x0000000800000000)
  region size 2048K, 25 young (51200K), 5 survivors (10240K)
 Metaspace       used 34488K, committed 35008K, reserved 1114112K
  class space    used 3695K, committed 3968K, reserved 1048576K
}
Event: 5.318 GC heap after
{Heap after GC invocations=12 (full 0):
 garbage-first heap   total 147456K, used 65536K [0x0000000705e00000, 0x0000000800000000)
  region size 2048K, 1 young (2048K), 1 survivors (2048K)
 Metaspace       used 34488K, committed 35008K, reserved 1114112K
  class space    used 3695K, committed 3968K, reserved 1048576K
}
Event: 5.446 GC heap before
{Heap before GC invocations=12 (full 0):
 garbage-first heap   total 147456K, used 77824K [0x0000000705e00000, 0x0000000800000000)
  region size 2048K, 9 young (18432K), 1 survivors (2048K)
 Metaspace       used 35635K, committed 36160K, reserved 1114112K
  class space    used 3794K, committed 4032K, reserved 1048576K
}
Event: 5.447 GC heap after
{Heap after GC invocations=13 (full 0):
 garbage-first heap   total 147456K, used 66108K [0x0000000705e00000, 0x0000000800000000)
  region size 2048K, 2 young (4096K), 2 survivors (4096K)
 Metaspace       used 35635K, committed 36160K, reserved 1114112K
  class space    used 3794K, committed 4032K, reserved 1048576K
}

Dll operation events (12 events):
Event: 0.005 Loaded shared library C:\Program Files\Java\jdk-19\bin\java.dll
Event: 0.010 Loaded shared library C:\Program Files\Java\jdk-19\bin\jsvml.dll
Event: 0.042 Loaded shared library C:\Program Files\Java\jdk-19\bin\zip.dll
Event: 0.043 Loaded shared library C:\Program Files\Java\jdk-19\bin\instrument.dll
Event: 0.046 Loaded shared library C:\Program Files\Java\jdk-19\bin\net.dll
Event: 0.048 Loaded shared library C:\Program Files\Java\jdk-19\bin\nio.dll
Event: 0.049 Loaded shared library C:\Program Files\Java\jdk-19\bin\zip.dll
Event: 0.057 Loaded shared library C:\Program Files\JetBrains\IntelliJ IDEA 2022.1.2\bin\breakgen64.dll
Event: 0.062 Loaded shared library C:\Program Files\Java\jdk-19\bin\extnet.dll
Event: 0.110 Loaded shared library C:\Program Files\Java\jdk-19\bin\jimage.dll
Event: 0.168 Loaded shared library C:\Users\99293\AppData\Local\Temp\jansi-2.4.0-12ca5fa8ec35605b-jansi.dll
Event: 0.174 Loaded shared library C:\Program Files\Java\jdk-19\bin\verify.dll

Deoptimization events (20 events):
Event: 5.627 Thread 0x000001c89eb0bf50 Uncommon trap: trap_request=0xffffffde fr.pc=0x000001c887e27a6c relative=0x000000000000056c
Event: 5.627 Thread 0x000001c89eb0bf50 Uncommon trap: reason=class_check action=maybe_recompile pc=0x000001c887e27a6c method=java.util.stream.AbstractPipeline.copyIntoWithCancel(Ljava/util/stream/Sink;Ljava/util/Spliterator;)Z @ 32 c2
Event: 5.627 Thread 0x000001c89eb0bf50 DEOPT PACKING pc=0x000001c887e27a6c sp=0x000000a30acfec30
Event: 5.627 Thread 0x000001c89eb0bf50 DEOPT UNPACKING pc=0x000001c8874b6da3 sp=0x000000a30acfebf8 mode 2
Event: 5.627 Thread 0x000001c89eb0bf50 Uncommon trap: trap_request=0xffffffde fr.pc=0x000001c887e27a6c relative=0x000000000000056c
Event: 5.627 Thread 0x000001c89eb0bf50 Uncommon trap: reason=class_check action=maybe_recompile pc=0x000001c887e27a6c method=java.util.stream.AbstractPipeline.copyIntoWithCancel(Ljava/util/stream/Sink;Ljava/util/Spliterator;)Z @ 32 c2
Event: 5.627 Thread 0x000001c89eb0bf50 DEOPT PACKING pc=0x000001c887e27a6c sp=0x000000a30acfee90
Event: 5.627 Thread 0x000001c89eb0bf50 DEOPT UNPACKING pc=0x000001c8874b6da3 sp=0x000000a30acfee58 mode 2
Event: 5.627 Thread 0x000001c89eb0bf50 Uncommon trap: trap_request=0xffffff45 fr.pc=0x000001c887cd7af4 relative=0x00000000000001d4
Event: 5.627 Thread 0x000001c89eb0bf50 Uncommon trap: reason=unstable_if action=reinterpret pc=0x000001c887cd7af4 method=java.lang.String.indexOf(Ljava/lang/String;)I @ 10 c2
Event: 5.627 Thread 0x000001c89eb0bf50 DEOPT PACKING pc=0x000001c887cd7af4 sp=0x000000a30acff210
Event: 5.627 Thread 0x000001c89eb0bf50 DEOPT UNPACKING pc=0x000001c8874b6da3 sp=0x000000a30acff1b0 mode 2
Event: 5.627 Thread 0x000001c89eb0bf50 Uncommon trap: trap_request=0xffffff76 fr.pc=0x000001c887eedc5c relative=0x0000000000001edc
Event: 5.627 Thread 0x000001c89eb0bf50 Uncommon trap: reason=predicate action=maybe_recompile pc=0x000001c887eedc5c method=java.util.regex.Pattern.compile()V @ 78 c2
Event: 5.627 Thread 0x000001c89eb0bf50 DEOPT PACKING pc=0x000001c887eedc5c sp=0x000000a30acff1c0
Event: 5.627 Thread 0x000001c89eb0bf50 DEOPT UNPACKING pc=0x000001c8874b6da3 sp=0x000000a30acff1a0 mode 2
Event: 5.627 Thread 0x000001c89eb0bf50 Uncommon trap: trap_request=0xffffff45 fr.pc=0x000001c887d7a054 relative=0x00000000000000b4
Event: 5.627 Thread 0x000001c89eb0bf50 Uncommon trap: reason=unstable_if action=reinterpret pc=0x000001c887d7a054 method=java.lang.String.codePointAt(I)I @ 4 c2
Event: 5.627 Thread 0x000001c89eb0bf50 DEOPT PACKING pc=0x000001c887d7a054 sp=0x000000a30acff190
Event: 5.627 Thread 0x000001c89eb0bf50 DEOPT UNPACKING pc=0x000001c8874b6da3 sp=0x000000a30acff128 mode 2

Classes loaded (20 events):
Event: 5.601 Loading class java/lang/Process done
Event: 5.601 Loading class java/lang/ProcessImpl done
Event: 5.615 Loading class java/lang/ProcessImpl$2
Event: 5.615 Loading class java/lang/ProcessImpl$2 done
Event: 5.615 Loading class java/lang/Process$PipeInputStream
Event: 5.615 Loading class java/lang/Process$PipeInputStream done
Event: 5.616 Loading class jdk/internal/event/ProcessStartEvent
Event: 5.616 Loading class jdk/internal/event/Event
Event: 5.616 Loading class jdk/internal/event/Event done
Event: 5.616 Loading class jdk/internal/event/ProcessStartEvent done
Event: 5.616 Loading class java/nio/channels/ClosedChannelException
Event: 5.616 Loading class java/nio/channels/ClosedChannelException done
Event: 5.618 Loading class java/nio/channels/NonReadableChannelException
Event: 5.618 Loading class java/nio/channels/NonReadableChannelException done
Event: 5.618 Loading class java/nio/channels/NonWritableChannelException
Event: 5.618 Loading class java/nio/channels/NonWritableChannelException done
Event: 5.625 Loading class java/util/Scanner
Event: 5.625 Loading class java/util/Scanner done
Event: 5.626 Loading class java/util/Scanner$PatternLRUCache
Event: 5.626 Loading class java/util/Scanner$PatternLRUCache done

Classes unloaded (20 events):
Event: 5.459 Thread 0x000001c8957effb0 Unloading class 0x000000080130abd0 'lombok/javac/apt/LombokFileObject'
Event: 5.459 Thread 0x000001c8957effb0 Unloading class 0x000000080130a9e0 'lombok/javac/apt/LombokFileObjects'
Event: 5.459 Thread 0x000001c8957effb0 Unloading class 0x000000080130a7b8 'lombok/javac/apt/MessagerDiagnosticsReceiver'
Event: 5.459 Thread 0x000001c8957effb0 Unloading class 0x000000080130a400 'lombok/javac/apt/InterceptingJavaFileManager'
Event: 5.459 Thread 0x000001c8957effb0 Unloading class 0x000000080130a208 'lombok/permit/dummy/Parent'
Event: 5.459 Thread 0x000001c8957effb0 Unloading class 0x000000080130a000 'lombok/core/CleanupRegistry'
Event: 5.459 Thread 0x000001c8957effb0 Unloading class 0x0000000801309cc8 'lombok/permit/Permit$Fake'
Event: 5.459 Thread 0x000001c8957effb0 Unloading class 0x0000000801309ad8 'lombok/permit/Permit'
Event: 5.459 Thread 0x000001c8957effb0 Unloading class 0x0000000801309800 'lombok/javac/apt/LombokProcessor$1'
Event: 5.459 Thread 0x000001c8957effb0 Unloading class 0x0000000801308d28 'lombok/core/DiagnosticsReceiver'
Event: 5.459 Thread 0x000001c8957effb0 Unloading class 0x0000000801308aa0 'lombok/javac/apt/LombokProcessor'
Event: 5.459 Thread 0x000001c8957effb0 Unloading class 0x0000000801308880 'lombok/core/AnnotationProcessor$EcjDescriptor'
Event: 5.459 Thread 0x000001c8957effb0 Unloading class 0x0000000801308658 'lombok/core/AnnotationProcessor$JavacDescriptor'
Event: 5.459 Thread 0x000001c8957effb0 Unloading class 0x0000000801308270 'lombok/core/AnnotationProcessor$ProcessorDescriptor'
Event: 5.459 Thread 0x000001c8957effb0 Unloading class 0x0000000801308000 'lombok/core/AnnotationProcessor'
Event: 5.459 Thread 0x000001c8957effb0 Unloading class 0x00000008013091f0 'lombok/launch/AnnotationProcessorHider$ClaimingProcessor'
Event: 5.459 Thread 0x000001c8957effb0 Unloading class 0x0000000801309000 'lombok/launch/AnnotationProcessorHider$AstModificationNotifierData'
Event: 5.459 Thread 0x000001c8957effb0 Unloading class 0x00000008012e0460 'lombok/launch/ShadowClassLoader'
Event: 5.459 Thread 0x000001c8957effb0 Unloading class 0x00000008012e0270 'lombok/launch/Main'
Event: 5.459 Thread 0x000001c8957effb0 Unloading class 0x00000008012e0000 'lombok/launch/AnnotationProcessorHider$AnnotationProcessor'

Classes redefined (0 events):
No events

Internal exceptions (20 events):
Event: 5.224 Thread 0x000001c8f1b50fd0 Exception <a 'sun/nio/fs/WindowsException'{0x000000070d2ef260}> (0x000000070d2ef260) 
thrown [s\open\src\hotspot\share\prims\jni.cpp, line 517]
Event: 5.224 Thread 0x000001c8f1b50fd0 Exception <a 'sun/nio/fs/WindowsException'{0x000000070d2ef978}> (0x000000070d2ef978) 
thrown [s\open\src\hotspot\share\prims\jni.cpp, line 517]
Event: 5.224 Thread 0x000001c8f1b50fd0 Exception <a 'sun/nio/fs/WindowsException'{0x000000070d2eff48}> (0x000000070d2eff48) 
thrown [s\open\src\hotspot\share\prims\jni.cpp, line 517]
Event: 5.224 Thread 0x000001c8f1b50fd0 Exception <a 'sun/nio/fs/WindowsException'{0x000000070d2f0650}> (0x000000070d2f0650) 
thrown [s\open\src\hotspot\share\prims\jni.cpp, line 517]
Event: 5.224 Thread 0x000001c8f1b50fd0 Exception <a 'sun/nio/fs/WindowsException'{0x000000070d2f08e8}> (0x000000070d2f08e8) 
thrown [s\open\src\hotspot\share\prims\jni.cpp, line 517]
Event: 5.224 Thread 0x000001c8f1b50fd0 Exception <a 'sun/nio/fs/WindowsException'{0x000000070d2f1568}> (0x000000070d2f1568) 
thrown [s\open\src\hotspot\share\prims\jni.cpp, line 517]
Event: 5.224 Thread 0x000001c8f1b50fd0 Exception <a 'sun/nio/fs/WindowsException'{0x000000070d2f17d0}> (0x000000070d2f17d0) 
thrown [s\open\src\hotspot\share\prims\jni.cpp, line 517]
Event: 5.224 Thread 0x000001c8f1b50fd0 Exception <a 'sun/nio/fs/WindowsException'{0x000000070d2f2438}> (0x000000070d2f2438) 
thrown [s\open\src\hotspot\share\prims\jni.cpp, line 517]
Event: 5.224 Thread 0x000001c8f1b50fd0 Exception <a 'sun/nio/fs/WindowsException'{0x000000070d2f2670}> (0x000000070d2f2670) 
thrown [s\open\src\hotspot\share\prims\jni.cpp, line 517]
Event: 5.224 Thread 0x000001c8f1b50fd0 Exception <a 'sun/nio/fs/WindowsException'{0x000000070d2f32c8}> (0x000000070d2f32c8) 
thrown [s\open\src\hotspot\share\prims\jni.cpp, line 517]
Event: 5.231 Thread 0x000001c8f1b50fd0 Exception <a 'sun/nio/fs/WindowsException'{0x000000070d3e27f8}> (0x000000070d3e27f8) 
thrown [s\open\src\hotspot\share\prims\jni.cpp, line 517]
Event: 5.231 Thread 0x000001c8f1b50fd0 Exception <a 'sun/nio/fs/WindowsException'{0x000000070d3e2e98}> (0x000000070d3e2e98) 
thrown [s\open\src\hotspot\share\prims\jni.cpp, line 517]
Event: 5.231 Thread 0x000001c8f1b50fd0 Exception <a 'sun/nio/fs/WindowsException'{0x000000070d3e3628}> (0x000000070d3e3628) 
thrown [s\open\src\hotspot\share\prims\jni.cpp, line 517]
Event: 5.425 Thread 0x000001c89eb0e480 Exception <a 'java/lang/NoSuchMethodError'{0x000000070de0a1f8}: 'java.lang.Object java.lang.invoke.DirectMethodHandle$Holder.invokeStatic(java.lang.Object, long, java.lang.Object)'> (0x000000070de0a1f8) 
thrown [s\open\src\hotspot\share\interpreter\linkResolver.cpp, line 774]
Event: 5.425 Thread 0x000001c89eb0e480 Exception <a 'java/lang/NoSuchMethodError'{0x000000070de0d848}: 'java.lang.Object java.lang.invoke.DirectMethodHandle$Holder.invokeStaticInit(java.lang.Object, long, java.lang.Object)'> (0x000000070de0d848) 
thrown [s\open\src\hotspot\share\interpreter\linkResolver.cpp, line 774]
Event: 5.426 Thread 0x000001c89eb0e480 Exception <a 'java/lang/NoSuchMethodError'{0x000000070de13498}: 'java.lang.Object java.lang.invoke.DirectMethodHandle$Holder.newInvokeSpecial(java.lang.Object, long)'> (0x000000070de13498) 
thrown [s\open\src\hotspot\share\interpreter\linkResolver.cpp, line 774]
Event: 5.427 Thread 0x000001c89eb0e480 Exception <a 'java/lang/NoSuchMethodError'{0x000000070de17ca8}: 'long java.lang.invoke.DirectMethodHandle$Holder.invokeInterface(java.lang.Object, java.lang.Object)'> (0x000000070de17ca8) 
thrown [s\open\src\hotspot\share\interpreter\linkResolver.cpp, line 774]
Event: 5.427 Thread 0x000001c89eb0e480 Exception <a 'java/lang/NoSuchMethodError'{0x000000070de1b460}: 'long java.lang.invoke.DelegatingMethodHandle$Holder.reinvoke_L(java.lang.Object, java.lang.Object)'> (0x000000070de1b460) 
thrown [s\open\src\hotspot\share\interpreter\linkResolver.cpp, line 774]
Event: 5.493 Thread 0x000001c8f1b50fd0 Exception <a 'java/lang/NoSuchMethodError'{0x0000000715955720}: 'java.lang.Object java.lang.invoke.DirectMethodHandle$Holder.invokeStaticInit(java.lang.Object, java.lang.Object, int, int, int, int)'> (0x0000000715955720) 
thrown [s\open\src\hotspot\share\interpreter\linkResolver.cpp, line 774]
Event: 5.614 Thread 0x000001c8f1b50fd0 Exception <a 'java/lang/NoSuchMethodError'{0x000000070e35cb70}: 'void java.lang.invoke.DirectMethodHandle$Holder.invokeStatic(java.lang.Object, long)'> (0x000000070e35cb70) 
thrown [s\open\src\hotspot\share\interpreter\linkResolver.cpp, line 774]

VM Operations (20 events):
Event: 5.432 Executing VM operation: HandshakeAllThreads
Event: 5.432 Executing VM operation: HandshakeAllThreads done
Event: 5.445 Executing VM operation: CollectForMetadataAllocation
Event: 5.447 Executing VM operation: CollectForMetadataAllocation done
Event: 5.457 Executing VM operation: G1PauseRemark
Event: 5.467 Executing VM operation: G1PauseRemark done
Event: 5.467 Executing VM operation: HandshakeAllThreads
Event: 5.467 Executing VM operation: HandshakeAllThreads done
Event: 5.474 Executing VM operation: G1PauseCleanup
Event: 5.474 Executing VM operation: G1PauseCleanup done
Event: 5.489 Executing VM operation: HandshakeAllThreads
Event: 5.489 Executing VM operation: HandshakeAllThreads done
Event: 5.575 Executing VM operation: HandshakeAllThreads
Event: 5.575 Executing VM operation: HandshakeAllThreads done
Event: 5.577 Executing VM operation: HandshakeAllThreads
Event: 5.577 Executing VM operation: HandshakeAllThreads done
Event: 5.578 Executing VM operation: HandshakeAllThreads
Event: 5.578 Executing VM operation: HandshakeAllThreads done
Event: 5.616 Executing VM operation: HandshakeAllThreads
Event: 5.616 Executing VM operation: HandshakeAllThreads done

Events (20 events):
Event: 5.499 Thread 0x000001c899c1c450 flushing nmethod 0x000001c880fdc710
Event: 5.499 Thread 0x000001c899c1c450 flushing nmethod 0x000001c880fdd110
Event: 5.499 Thread 0x000001c899c1c450 flushing nmethod 0x000001c880fde810
Event: 5.499 Thread 0x000001c899c1c450 flushing nmethod 0x000001c88103bf90
Event: 5.499 Thread 0x000001c899c1c450 flushing nmethod 0x000001c881050690
Event: 5.499 Thread 0x000001c899c1c450 flushing nmethod 0x000001c88107e510
Event: 5.499 Thread 0x000001c899c1c450 flushing nmethod 0x000001c881081410
Event: 5.499 Thread 0x000001c899c1c450 flushing nmethod 0x000001c881097190
Event: 5.500 Thread 0x000001c899c1c450 flushing nmethod 0x000001c88114d610
Event: 5.500 Thread 0x000001c899c1c450 flushing nmethod 0x000001c881170910
Event: 5.500 Thread 0x000001c899c1c450 flushing nmethod 0x000001c8811a2d90
Event: 5.500 Thread 0x000001c899c1c450 flushing nmethod 0x000001c8811c8e10
Event: 5.500 Thread 0x000001c899c1c450 flushing nmethod 0x000001c8811f6c10
Event: 5.500 Thread 0x000001c899c1c450 flushing nmethod 0x000001c881210910
Event: 5.544 Thread 0x000001c89eb0e480 Thread added: 0x000001c89eb0e480
Event: 5.548 Thread 0x000001c89eb0c4a0 Thread added: 0x000001c89eb0c4a0
Event: 5.598 Thread 0x000001c89eb0af60 Thread added: 0x000001c89eb0af60
Event: 5.625 Thread 0x000001c89eb0bf50 Thread added: 0x000001c89eb0bf50
Event: 5.625 Thread 0x000001c89eb0c9f0 Thread added: 0x000001c89eb0c9f0
Event: 5.628 Thread 0x000001c89edd79e0 Thread added: 0x000001c89edd79e0


Dynamic libraries:
0x00007ff67dcd0000 - 0x00007ff67dce0000 	C:\Program Files\Java\jdk-19\bin\java.exe
0x00007ff879e30000 - 0x00007ff87a047000 	C:\WINDOWS\SYSTEM32\ntdll.dll
0x00007ff878f10000 - 0x00007ff878fd4000 	C:\WINDOWS\System32\KERNEL32.DLL
0x00007ff877100000 - 0x00007ff8774b9000 	C:\WINDOWS\System32\KERNELBASE.dll
0x00007ff877580000 - 0x00007ff877691000 	C:\WINDOWS\System32\ucrtbase.dll
0x00007ff864750000 - 0x00007ff86476b000 	C:\Program Files\Java\jdk-19\bin\VCRUNTIME140.dll
0x00007ff8643e0000 - 0x00007ff8643f8000 	C:\Program Files\Java\jdk-19\bin\jli.dll
0x00007ff879060000 - 0x00007ff879112000 	C:\WINDOWS\System32\ADVAPI32.dll
0x00007ff8791f0000 - 0x00007ff879297000 	C:\WINDOWS\System32\msvcrt.dll
0x00007ff878640000 - 0x00007ff8786e7000 	C:\WINDOWS\System32\sechost.dll
0x00007ff8778b0000 - 0x00007ff8778d8000 	C:\WINDOWS\System32\bcrypt.dll
0x00007ff879ca0000 - 0x00007ff879db4000 	C:\WINDOWS\System32\RPCRT4.dll
0x00007ff878d60000 - 0x00007ff878f0e000 	C:\WINDOWS\System32\USER32.dll
0x00007ff877880000 - 0x00007ff8778a6000 	C:\WINDOWS\System32\win32u.dll
0x00007ff878cd0000 - 0x00007ff878cf9000 	C:\WINDOWS\System32\GDI32.dll
0x00007ff8654c0000 - 0x00007ff865752000 	C:\WINDOWS\WinSxS\amd64_microsoft.windows.common-controls_6595b64144ccf1df_6.0.22621.4391_none_2715d37f73803e96\COMCTL32.dll
0x00007ff8778e0000 - 0x00007ff8779fb000 	C:\WINDOWS\System32\gdi32full.dll
0x00007ff877a00000 - 0x00007ff877a9a000 	C:\WINDOWS\System32\msvcp_win.dll
0x00007ff86eb70000 - 0x00007ff86eb7a000 	C:\WINDOWS\SYSTEM32\VERSION.dll
0x00007ff8791b0000 - 0x00007ff8791e1000 	C:\WINDOWS\System32\IMM32.DLL
0x00007ff866010000 - 0x00007ff86601c000 	C:\Program Files\Java\jdk-19\bin\vcruntime140_1.dll
0x00007ff8394c0000 - 0x00007ff83954e000 	C:\Program Files\Java\jdk-19\bin\msvcp140.dll
0x00007fffe49c0000 - 0x00007fffe5680000 	C:\Program Files\Java\jdk-19\bin\server\jvm.dll
0x00007ff86f070000 - 0x00007ff86f0a4000 	C:\WINDOWS\SYSTEM32\WINMM.dll
0x00007ff873b00000 - 0x00007ff873b09000 	C:\WINDOWS\SYSTEM32\WSOCK32.dll
0x00007ff878fe0000 - 0x00007ff879051000 	C:\WINDOWS\System32\WS2_32.dll
0x00007ff876230000 - 0x00007ff876248000 	C:\WINDOWS\SYSTEM32\kernel.appcore.dll
0x00007ff8652b0000 - 0x00007ff8652ba000 	C:\Program Files\Java\jdk-19\bin\jimage.dll
0x00007ff874440000 - 0x00007ff874672000 	C:\WINDOWS\SYSTEM32\DBGHELP.DLL
0x00007ff877b20000 - 0x00007ff877eaf000 	C:\WINDOWS\System32\combase.dll
0x00007ff8789c0000 - 0x00007ff878a97000 	C:\WINDOWS\System32\OLEAUT32.dll
0x00007ff86db60000 - 0x00007ff86db92000 	C:\WINDOWS\SYSTEM32\dbgcore.DLL
0x00007ff877aa0000 - 0x00007ff877b1b000 	C:\WINDOWS\System32\bcryptPrimitives.dll
0x00007ff863560000 - 0x00007ff86356e000 	C:\Program Files\Java\jdk-19\bin\instrument.dll
0x00007ff864210000 - 0x00007ff864236000 	C:\Program Files\Java\jdk-19\bin\java.dll
0x00007ff820bd0000 - 0x00007ff820ca7000 	C:\Program Files\Java\jdk-19\bin\jsvml.dll
0x00007ff8792f0000 - 0x00007ff879b66000 	C:\WINDOWS\System32\SHELL32.dll
0x00007ff875010000 - 0x00007ff875913000 	C:\WINDOWS\SYSTEM32\windows.storage.dll
0x00007ff874ed0000 - 0x00007ff87500f000 	C:\WINDOWS\SYSTEM32\wintypes.dll
0x00007ff879b70000 - 0x00007ff879c69000 	C:\WINDOWS\System32\SHCORE.dll
0x00007ff878d00000 - 0x00007ff878d5e000 	C:\WINDOWS\System32\shlwapi.dll
0x00007ff877030000 - 0x00007ff87705b000 	C:\WINDOWS\SYSTEM32\profapi.dll
0x00007ff863b40000 - 0x00007ff863b58000 	C:\Program Files\Java\jdk-19\bin\zip.dll
0x00007ff864370000 - 0x00007ff864383000 	C:\Program Files\Java\jdk-19\bin\net.dll
0x00007ff872b50000 - 0x00007ff872c86000 	C:\WINDOWS\SYSTEM32\WINHTTP.dll
0x00007ff8766b0000 - 0x00007ff876719000 	C:\WINDOWS\system32\mswsock.dll
0x00007ff864340000 - 0x00007ff864356000 	C:\Program Files\Java\jdk-19\bin\nio.dll
0x00007ff85e840000 - 0x00007ff85e85a000 	C:\Program Files\JetBrains\IntelliJ IDEA 2022.1.2\bin\breakgen64.dll
0x00007ff864720000 - 0x00007ff864728000 	C:\Program Files\Java\jdk-19\bin\extnet.dll
0x0000000069ac0000 - 0x0000000069ae4000 	C:\Users\99293\AppData\Local\Temp\jansi-2.4.0-12ca5fa8ec35605b-jansi.dll
0x00007ff85e890000 - 0x00007ff85e8a0000 	C:\Program Files\Java\jdk-19\bin\verify.dll
0x00007ff876340000 - 0x00007ff876374000 	C:\WINDOWS\SYSTEM32\ntmarta.dll
0x00007ff876900000 - 0x00007ff87691b000 	C:\WINDOWS\SYSTEM32\CRYPTSP.dll
0x00007ff876190000 - 0x00007ff8761c5000 	C:\WINDOWS\system32\rsaenh.dll
0x00007ff8767a0000 - 0x00007ff8767c8000 	C:\WINDOWS\SYSTEM32\USERENV.dll
0x00007ff876920000 - 0x00007ff87692c000 	C:\WINDOWS\SYSTEM32\CRYPTBASE.dll
0x00007ff875bf0000 - 0x00007ff875c1d000 	C:\WINDOWS\SYSTEM32\IPHLPAPI.DLL
0x00007ff878aa0000 - 0x00007ff878aa9000 	C:\WINDOWS\System32\NSI.dll
0x00007ff872540000 - 0x00007ff872559000 	C:\WINDOWS\SYSTEM32\dhcpcsvc6.DLL
0x00007ff872520000 - 0x00007ff87253f000 	C:\WINDOWS\SYSTEM32\dhcpcsvc.DLL
0x00007ff875c20000 - 0x00007ff875d22000 	C:\WINDOWS\SYSTEM32\DNSAPI.dll

dbghelp: loaded successfully - version: 4.0.5 - missing functions: none
symbol engine: initialized successfully - sym options: 0x614 - pdb path: .;C:\Program Files\Java\jdk-19\bin;C:\WINDOWS\SYSTEM32;C:\WINDOWS\WinSxS\amd64_microsoft.windows.common-controls_6595b64144ccf1df_6.0.22621.4391_none_2715d37f73803e96;C:\Program Files\Java\jdk-19\bin\server;C:\Program Files\JetBrains\IntelliJ IDEA 2022.1.2\bin;C:\Users\99293\AppData\Local\Temp

VM Arguments:
jvm_args: -Dmaven.multiModuleProjectDirectory=D:\website.citu-web -Dmaven.home=C:\Users\99293\.m2\wrapper\dists\apache-maven-3.9.3-bin\54p6kc7m0ap3os8bc4ge28ia2\apache-maven-3.9.3 -Dclassworlds.conf=C:\Users\99293\.m2\wrapper\dists\apache-maven-3.9.3-bin\54p6kc7m0ap3os8bc4ge28ia2\apache-maven-3.9.3\bin\m2.conf -Dmaven.ext.class.path=C:\Program Files\JetBrains\IntelliJ IDEA 2022.1.2\plugins\maven\lib\maven-event-listener.jar -javaagent:C:\Program Files\JetBrains\IntelliJ IDEA 2022.1.2\lib\idea_rt.jar=55357:C:\Program Files\JetBrains\IntelliJ IDEA 2022.1.2\bin -Dfile.encoding=UTF-8 
java_command: org.codehaus.classworlds.Launcher -Didea.version=2022.1.2 package
java_class_path (initial): C:\Users\99293\.m2\wrapper\dists\apache-maven-3.9.3-bin\54p6kc7m0ap3os8bc4ge28ia2\apache-maven-3.9.3\boot\plexus-classworlds-2.7.0.jar;C:\Users\99293\.m2\wrapper\dists\apache-maven-3.9.3-bin\54p6kc7m0ap3os8bc4ge28ia2\apache-maven-3.9.3\boot\plexus-classworlds.license
Launcher Type: SUN_STANDARD

[Global flags]
     intx CICompilerCount                          = 12                                        {product} {ergonomic}
     uint ConcGCThreads                            = 3                                         {product} {ergonomic}
     uint G1ConcRefinementThreads                  = 13                                        {product} {ergonomic}
   size_t G1HeapRegionSize                         = 2097152                                   {product} {ergonomic}
    uintx GCDrainStackTargetSize                   = 64                                        {product} {ergonomic}
   size_t InitialHeapSize                          = 264241152                                 {product} {ergonomic}
   size_t MarkStackSize                            = 4194304                                   {product} {ergonomic}
   size_t MaxHeapSize                              = 4196401152                                {product} {ergonomic}
   size_t MaxNewSize                               = 2516582400                                {product} {ergonomic}
   size_t MinHeapDeltaBytes                        = 2097152                                   {product} {ergonomic}
   size_t MinHeapSize                              = 8388608                                   {product} {ergonomic}
    uintx NonNMethodCodeHeapSize                   = 7602480                                {pd product} {ergonomic}
    uintx NonProfiledCodeHeapSize                  = 122027880                              {pd product} {ergonomic}
    uintx ProfiledCodeHeapSize                     = 122027880                              {pd product} {ergonomic}
    uintx ReservedCodeCacheSize                    = 251658240                              {pd product} {ergonomic}
     bool SegmentedCodeCache                       = true                                      {product} {ergonomic}
   size_t SoftMaxHeapSize                          = 4196401152                             {manageable} {ergonomic}
     bool UseCompressedClassPointers               = true                           {product lp64_product} {ergonomic}
     bool UseCompressedOops                        = true                           {product lp64_product} {ergonomic}
     bool UseG1GC                                  = true                                      {product} {ergonomic}
     bool UseLargePagesIndividualAllocation        = false                                  {pd product} {ergonomic}

Logging:
Log output configuration:
 #0: stdout all=warning uptime,level,tags foldmultilines=false
 #1: stderr all=off uptime,level,tags foldmultilines=false

Environment Variables:
JAVA_HOME=C:\Program Files\Java\jdk-19
PATH=C:\Program Files\Common Files\Oracle\Java\javapath;C:\Windows\system32;C:\Windows;C:\Windows\System32\Wbem;C:\Windows\System32\WindowsPowerShell\v1.0\;C:\Windows\System32\OpenSSH\;C:\Program Files (x86)\NVIDIA Corporation\PhysX\Common;C:\Program Files\NVIDIA Corporation\NVIDIA NvDLISR;C:\Program Files (x86)\dotnet\;C:\WINDOWS\system32;C:\WINDOWS;C:\WINDOWS\System32\Wbem;C:\WINDOWS\System32\WindowsPowerShell\v1.0\;C:\WINDOWS\System32\OpenSSH\;C:\Program Files\Java\jdk-19\bin;C:\Program Files\Git\cmd;C:\Users\99293\AppData\Local\Programs\Python\Python311\Scripts\;C:\Users\99293\AppData\Local\Programs\Python\Python311\;C:\Users\99293\AppData\Local\Microsoft\WindowsApps;;C:\Program Files\JetBrains\IntelliJ IDEA 2022.1.2\bin;;C:\Program Files\heroku\bin
USERNAME=ASUS
OS=Windows_NT
PROCESSOR_IDENTIFIER=Intel64 Family 6 Model 154 Stepping 3, GenuineIntel
TMP=C:\Users\99293\AppData\Local\Temp
TEMP=C:\Users\99293\AppData\Local\Temp



---------------  S Y S T E M  ---------------

OS:
 Windows 11 , 64 bit Build 22621 (10.0.22621.4391)
OS uptime: 0 days 21:58 hours
Hyper-V role detected

CPU: total 16 (initial active 16) (8 cores per cpu, 2 threads per core) family 6 model 154 stepping 3 microcode 0x429, cx8, cmov, fxsr, ht, mmx, 3dnowpref, sse, sse2, sse3, ssse3, sse4.1, sse4.2, popcnt, lzcnt, tsc, tscinvbit, avx, avx2, aes, erms, clmul, bmi1, bmi2, adx, sha, fma, vzeroupper, clflush, clflushopt, clwb, hv, serialize, rdtscp, rdpid, fsrm

Memory: 4k page, system-wide physical 16004M (2211M free)
TotalPageFile size 18052M (AvailPageFile size 73M)
current process WorkingSet (physical memory assigned to process): 380M, peak: 398M
current process commit charge ("private bytes"): 426M, peak: 463M

vm_info: Java HotSpot(TM) 64-Bit Server VM (19.0.2+7-44) for windows-amd64 JRE (19.0.2+7-44), built on 2022-11-30T18:02:09Z by "mach5one" with MS VC++ 17.1 (VS2022)

END.
