#
# There is insufficient memory for the Java Runtime Environment to continue.
# Native memory allocation (malloc) failed to allocate 1048576 bytes for AllocateHeap
# Possible reasons:
#   The system is out of physical RAM or swap space
#   The process is running with CompressedOops enabled, and the Java Heap may be blocking the growth of the native heap
# Possible solutions:
#   Reduce memory load on the system
#   Increase physical memory or swap space
#   Check if swap backing store is full
#   Decrease Java heap size (-Xmx/-Xms)
#   Decrease number of Java threads
#   Decrease Java thread stack sizes (-Xss)
#   Set larger code cache with -XX:ReservedCodeCacheSize=
#   JVM is running with Zero Based Compressed Oops mode in which the Java heap is
#     placed in the first 32GB address space. The Java Heap base address is the
#     maximum limit for the native heap growth. Please use -XX:HeapBaseMinAddress
#     to set the Java Heap base and to place the Java Heap above 32GB virtual address.
# This output file may be truncated or incomplete.
#
#  Out of Memory Error (allocation.cpp:44), pid=2240, tid=21624
#
# JRE version:  (19.0.2+7) (build )
# Java VM: Java HotSpot(TM) 64-Bit Server VM (19.0.2+7-44, mixed mode, sharing, tiered, compressed oops, compressed class ptrs, g1 gc, windows-amd64)
# No core dump will be written. Minidumps are not enabled by default on client versions of Windows
#

---------------  S U M M A R Y ------------

Command Line: -Dnet.bytebuddy.agent.attacher.dump= net.bytebuddy.agent.Attacher com.sun.tools.attach.VirtualMachine 5948 C:\Users\99293\.m2\repository\net\bytebuddy\byte-buddy-agent\1.14.5\byte-buddy-agent-1.14.5.jar false 

Host: 12th Gen Intel(R) Core(TM) i7-12650H, 16 cores, 15G,  Windows 11 , 64 bit Build 22621 (10.0.22621.4391)
Time: Wed Dec 11 14:42:36 2024  Windows 11 , 64 bit Build 22621 (10.0.22621.4391) elapsed time: 0.005986 seconds (0d 0h 0m 0s)

---------------  T H R E A D  ---------------

Current thread (0x0000021c31cdc4c0):  JavaThread "Unknown thread" [_thread_in_vm, id=21624, stack(0x000000bb9fe00000,0x000000bb9ff00000)]

Stack: [0x000000bb9fe00000,0x000000bb9ff00000]
Native frames: (J=compiled Java code, j=interpreted, Vv=VM code, C=native code)
V  [jvm.dll+0x6ee21a]
V  [jvm.dll+0x85765e]
V  [jvm.dll+0x85904e]
V  [jvm.dll+0x859703]
V  [jvm.dll+0x28298f]
V  [jvm.dll+0xc406b]
V  [jvm.dll+0x335779]
V  [jvm.dll+0x32d874]
V  [jvm.dll+0x821780]
V  [jvm.dll+0x3c2661]
V  [jvm.dll+0x801f51]
V  [jvm.dll+0x44ae8f]
V  [jvm.dll+0x44c811]
C  [jli.dll+0x5287]
C  [ucrtbase.dll+0x29333]
C  [KERNEL32.DLL+0x1259d]
C  [ntdll.dll+0x5af38]


---------------  P R O C E S S  ---------------

Threads class SMR info:
_java_thread_list=0x00007ffa56a4d048, length=0, elements={
}

Java Threads: ( => current thread )

Other Threads:
  0x0000021c31d50d90 WorkerThread "GC Thread#0" [stack: 0x000000bb9ff00000,0x000000bba0000000] [id=24124]

[error occurred during error reporting (printing all threads), id 0xc0000005, EXCEPTION_ACCESS_VIOLATION (0xc0000005) at pc=0x00007ffa5620a930]

VM state: not at safepoint (not fully initialized)

VM Mutex/Monitor currently owned by a thread:  ([mutex/lock_event])
[0x0000021c31cd84c0] Heap_lock - owner thread: 0x0000021c31cdc4c0

Heap address: 0x0000000705e00000, size: 4002 MB, Compressed Oops mode: Zero based, Oop shift amount: 3

CDS archive(s) mapped at: [0x0000000000000000-0x0000000000000000-0x0000000000000000), size 0, SharedBaseAddress: 0x0000000800000000, ArchiveRelocationMode: 0.
Narrow klass base: 0x0000000000000000, Narrow klass shift: 0, Narrow klass range: 0x0

GC Precious Log:
 CardTable entry size: 512
 Card Set container configuration: InlinePtr #cards 4 size 8 Array Of Cards #cards 16 size 48 Howl #buckets 8 coarsen threshold 3686 Howl Bitmap #cards 512 size 80 coarsen threshold 460 Card regions per heap region 1 cards per card region 4096

Heap:
 garbage-first heap   total 0K, used 0K [0x0000000705e00000, 0x0000000800000000)
  region size 2048K, 0 young (0K), 0 survivors (0K)

[error occurred during error reporting (printing heap information), id 0xc0000005, EXCEPTION_ACCESS_VIOLATION (0xc0000005) at pc=0x00007ffa56616649]

GC Heap History (0 events):
No events

Dll operation events (1 events):
Event: 0.004 Loaded shared library C:\Program Files\Java\jdk-19\bin\java.dll

Deoptimization events (0 events):
No events

Classes loaded (0 events):
No events

Classes unloaded (0 events):
No events

Classes redefined (0 events):
No events

Internal exceptions (0 events):
No events

VM Operations (0 events):
No events

Events (0 events):
No events


Dynamic libraries:
0x00007ff78f8e0000 - 0x00007ff78f8f0000 	C:\Program Files\Java\jdk-19\bin\java.exe
0x00007ffb214f0000 - 0x00007ffb21707000 	C:\WINDOWS\SYSTEM32\ntdll.dll
0x00007ffb1fcc0000 - 0x00007ffb1fd84000 	C:\WINDOWS\System32\KERNEL32.DLL
0x00007ffb1ed30000 - 0x00007ffb1f0e9000 	C:\WINDOWS\System32\KERNELBASE.dll
0x00007ffb1e7c0000 - 0x00007ffb1e8d1000 	C:\WINDOWS\System32\ucrtbase.dll
0x00007ffb07070000 - 0x00007ffb0708b000 	C:\Program Files\Java\jdk-19\bin\VCRUNTIME140.dll
0x00007ffb06fb0000 - 0x00007ffb06fc8000 	C:\Program Files\Java\jdk-19\bin\jli.dll
0x00007ffb1fbc0000 - 0x00007ffb1fc72000 	C:\WINDOWS\System32\ADVAPI32.dll
0x00007ffb21050000 - 0x00007ffb210f7000 	C:\WINDOWS\System32\msvcrt.dll
0x00007ffb20af0000 - 0x00007ffb20b97000 	C:\WINDOWS\System32\sechost.dll
0x00007ffb1ed00000 - 0x00007ffb1ed28000 	C:\WINDOWS\System32\bcrypt.dll
0x00007ffb21100000 - 0x00007ffb21214000 	C:\WINDOWS\System32\RPCRT4.dll
0x00007ffb1f670000 - 0x00007ffb1f81e000 	C:\WINDOWS\System32\USER32.dll
0x00007ffb1f1b0000 - 0x00007ffb1f1d6000 	C:\WINDOWS\System32\win32u.dll
0x00007ffb05dc0000 - 0x00007ffb06052000 	C:\WINDOWS\WinSxS\amd64_microsoft.windows.common-controls_6595b64144ccf1df_6.0.22621.4391_none_2715d37f73803e96\COMCTL32.dll
0x00007ffb1f510000 - 0x00007ffb1f539000 	C:\WINDOWS\System32\GDI32.dll
0x00007ffb1e8e0000 - 0x00007ffb1e9fb000 	C:\WINDOWS\System32\gdi32full.dll
0x00007ffb1ea70000 - 0x00007ffb1eb0a000 	C:\WINDOWS\System32\msvcp_win.dll
0x00007ffb16190000 - 0x00007ffb1619a000 	C:\WINDOWS\SYSTEM32\VERSION.dll
0x00007ffb1fc80000 - 0x00007ffb1fcb1000 	C:\WINDOWS\System32\IMM32.DLL
0x00007ffb09c60000 - 0x00007ffb09c6c000 	C:\Program Files\Java\jdk-19\bin\vcruntime140_1.dll
0x00007ffadc6d0000 - 0x00007ffadc75e000 	C:\Program Files\Java\jdk-19\bin\msvcp140.dll
0x00007ffa55ed0000 - 0x00007ffa56b90000 	C:\Program Files\Java\jdk-19\bin\server\jvm.dll
0x00007ffb197e0000 - 0x00007ffb197e9000 	C:\WINDOWS\SYSTEM32\WSOCK32.dll
0x00007ffb1f540000 - 0x00007ffb1f5b1000 	C:\WINDOWS\System32\WS2_32.dll
0x00007ffb16b80000 - 0x00007ffb16bb4000 	C:\WINDOWS\SYSTEM32\WINMM.dll
0x00007ffb1d8f0000 - 0x00007ffb1d908000 	C:\WINDOWS\SYSTEM32\kernel.appcore.dll
0x00007ffb09950000 - 0x00007ffb0995a000 	C:\Program Files\Java\jdk-19\bin\jimage.dll
0x00007ffb1bfb0000 - 0x00007ffb1c1e2000 	C:\WINDOWS\SYSTEM32\DBGHELP.DLL
0x00007ffb1f830000 - 0x00007ffb1fbbf000 	C:\WINDOWS\System32\combase.dll
0x00007ffb1f3b0000 - 0x00007ffb1f487000 	C:\WINDOWS\System32\OLEAUT32.dll
0x00007ffb13830000 - 0x00007ffb13862000 	C:\WINDOWS\SYSTEM32\dbgcore.DLL
0x00007ffb1ec80000 - 0x00007ffb1ecfb000 	C:\WINDOWS\System32\bcryptPrimitives.dll
0x00007ffb01070000 - 0x00007ffb01096000 	C:\Program Files\Java\jdk-19\bin\java.dll

dbghelp: loaded successfully - version: 4.0.5 - missing functions: none
symbol engine: initialized successfully - sym options: 0x614 - pdb path: .;C:\Program Files\Java\jdk-19\bin;C:\WINDOWS\SYSTEM32;C:\WINDOWS\WinSxS\amd64_microsoft.windows.common-controls_6595b64144ccf1df_6.0.22621.4391_none_2715d37f73803e96;C:\Program Files\Java\jdk-19\bin\server

VM Arguments:
jvm_args: -Dnet.bytebuddy.agent.attacher.dump= 
java_command: net.bytebuddy.agent.Attacher com.sun.tools.attach.VirtualMachine 5948 C:\Users\99293\.m2\repository\net\bytebuddy\byte-buddy-agent\1.14.5\byte-buddy-agent-1.14.5.jar false 
java_class_path (initial): C:\Users\99293\.m2\repository\net\bytebuddy\byte-buddy-agent\1.14.5\byte-buddy-agent-1.14.5.jar
Launcher Type: SUN_STANDARD

[Global flags]
     intx CICompilerCount                          = 12                                        {product} {ergonomic}
     uint ConcGCThreads                            = 3                                         {product} {ergonomic}
     uint G1ConcRefinementThreads                  = 13                                        {product} {ergonomic}
   size_t G1HeapRegionSize                         = 2097152                                   {product} {ergonomic}
    uintx GCDrainStackTargetSize                   = 64                                        {product} {ergonomic}
   size_t InitialHeapSize                          = 264241152                                 {product} {ergonomic}
   size_t MarkStackSize                            = 4194304                                   {product} {ergonomic}
   size_t MaxHeapSize                              = 4196401152                                {product} {ergonomic}
   size_t MinHeapDeltaBytes                        = 2097152                                   {product} {ergonomic}
   size_t MinHeapSize                              = 8388608                                   {product} {ergonomic}
    uintx NonNMethodCodeHeapSize                   = 7602480                                {pd product} {ergonomic}
    uintx NonProfiledCodeHeapSize                  = 122027880                              {pd product} {ergonomic}
    uintx ProfiledCodeHeapSize                     = 122027880                              {pd product} {ergonomic}
    uintx ReservedCodeCacheSize                    = 251658240                              {pd product} {ergonomic}
     bool SegmentedCodeCache                       = true                                      {product} {ergonomic}
   size_t SoftMaxHeapSize                          = 4196401152                             {manageable} {ergonomic}
     bool UseCompressedClassPointers               = true                           {product lp64_product} {ergonomic}
     bool UseCompressedOops                        = true                           {product lp64_product} {ergonomic}
     bool UseG1GC                                  = true                                      {product} {ergonomic}
     bool UseLargePagesIndividualAllocation        = false                                  {pd product} {ergonomic}

Logging:
Log output configuration:
 #0: stdout all=warning uptime,level,tags foldmultilines=false
 #1: stderr all=off uptime,level,tags foldmultilines=false

Environment Variables:
JAVA_HOME=C:\Program Files\Java\jdk-19
PATH=C:\Program Files\Common Files\Oracle\Java\javapath;C:\Windows\system32;C:\Windows;C:\Windows\System32\Wbem;C:\Windows\System32\WindowsPowerShell\v1.0\;C:\Windows\System32\OpenSSH\;C:\Program Files (x86)\NVIDIA Corporation\PhysX\Common;C:\Program Files\NVIDIA Corporation\NVIDIA NvDLISR;C:\Program Files (x86)\dotnet\;C:\WINDOWS\system32;C:\WINDOWS;C:\WINDOWS\System32\Wbem;C:\WINDOWS\System32\WindowsPowerShell\v1.0\;C:\WINDOWS\System32\OpenSSH\;C:\Program Files\Java\jdk-19\bin;C:\Program Files\Git\cmd;C:\Users\99293\AppData\Local\Programs\Python\Python311\Scripts\;C:\Users\99293\AppData\Local\Programs\Python\Python311\;C:\Users\99293\AppData\Local\Microsoft\WindowsApps;;C:\Program Files\JetBrains\IntelliJ IDEA 2022.1.2\bin;;C:\Program Files\heroku\bin
USERNAME=ASUS
OS=Windows_NT
PROCESSOR_IDENTIFIER=Intel64 Family 6 Model 154 Stepping 3, GenuineIntel
TMP=C:\Users\99293\AppData\Local\Temp
TEMP=C:\Users\99293\AppData\Local\Temp



---------------  S Y S T E M  ---------------

OS:
 Windows 11 , 64 bit Build 22621 (10.0.22621.4391)
OS uptime: 0 days 18:13 hours
Hyper-V role detected

CPU: total 16 (initial active 16) (8 cores per cpu, 2 threads per core) family 6 model 154 stepping 3 microcode 0x429, cx8, cmov, fxsr, ht, mmx, 3dnowpref, sse, sse2, sse3, ssse3, sse4.1, sse4.2, popcnt, lzcnt, tsc, tscinvbit, avx, avx2, aes, erms, clmul, bmi1, bmi2, adx, sha, fma, vzeroupper, clflush, clflushopt, clwb, hv, serialize, rdtscp, rdpid, fsrm

Memory: 4k page, system-wide physical 16004M (2125M free)
TotalPageFile size 18052M (AvailPageFile size 5M)
current process WorkingSet (physical memory assigned to process): 12M, peak: 12M
current process commit charge ("private bytes"): 69M, peak: 69M

vm_info: Java HotSpot(TM) 64-Bit Server VM (19.0.2+7-44) for windows-amd64 JRE (19.0.2+7-44), built on 2022-11-30T18:02:09Z by "mach5one" with MS VC++ 17.1 (VS2022)

END.
