#
# There is insufficient memory for the Java Runtime Environment to continue.
# Native memory allocation (malloc) failed to allocate 546576 bytes for Chunk::new
# Possible reasons:
#   The system is out of physical RAM or swap space
#   The process is running with CompressedOops enabled, and the Java Heap may be blocking the growth of the native heap
# Possible solutions:
#   Reduce memory load on the system
#   Increase physical memory or swap space
#   Check if swap backing store is full
#   Decrease Java heap size (-Xmx/-Xms)
#   Decrease number of Java threads
#   Decrease Java thread stack sizes (-Xss)
#   Set larger code cache with -XX:ReservedCodeCacheSize=
#   JVM is running with Zero Based Compressed Oops mode in which the Java heap is
#     placed in the first 32GB address space. The Java Heap base address is the
#     maximum limit for the native heap growth. Please use -XX:HeapBaseMinAddress
#     to set the Java Heap base and to place the Java Heap above 32GB virtual address.
# This output file may be truncated or incomplete.
#
#  Out of Memory Error (arena.cpp:184), pid=3628, tid=18308
#
# JRE version: Java(TM) SE Runtime Environment (19.0.2+7) (build 19.0.2+7-44)
# Java VM: Java HotSpot(TM) 64-Bit Server VM (19.0.2+7-44, mixed mode, sharing, tiered, compressed oops, compressed class ptrs, g1 gc, windows-amd64)
# No core dump will be written. Minidumps are not enabled by default on client versions of Windows
#

---------------  S U M M A R Y ------------

Command Line: -Dmaven.multiModuleProjectDirectory=D:\website.citu-web -Dmaven.home=C:\Users\99293\.m2\wrapper\dists\apache-maven-3.9.3-bin\54p6kc7m0ap3os8bc4ge28ia2\apache-maven-3.9.3 -Dclassworlds.conf=C:\Users\99293\.m2\wrapper\dists\apache-maven-3.9.3-bin\54p6kc7m0ap3os8bc4ge28ia2\apache-maven-3.9.3\bin\m2.conf -Dmaven.ext.class.path=C:\Program Files\JetBrains\IntelliJ IDEA 2022.1.2\plugins\maven\lib\maven-event-listener.jar -javaagent:C:\Program Files\JetBrains\IntelliJ IDEA 2022.1.2\lib\idea_rt.jar=51781:C:\Program Files\JetBrains\IntelliJ IDEA 2022.1.2\bin -Dfile.encoding=UTF-8 org.codehaus.classworlds.Launcher -Didea.version=2022.1.2 package

Host: 12th Gen Intel(R) Core(TM) i7-12650H, 16 cores, 15G,  Windows 11 , 64 bit Build 22621 (10.0.22621.4391)
Time: Thu Dec 12 23:10:26 2024  Windows 11 , 64 bit Build 22621 (10.0.22621.4391) elapsed time: 2.667524 seconds (0d 0h 0m 2s)

---------------  T H R E A D  ---------------

Current thread (0x0000020c24831e90):  JavaThread "C2 CompilerThread0" daemon [_thread_in_native, id=18308, stack(0x0000006a48f00000,0x0000006a49000000)]


Current CompileTask:
C2:   2667 5137   !   4       java.util.jar.Attributes::read (494 bytes)

Stack: [0x0000006a48f00000,0x0000006a49000000]
Native frames: (J=compiled Java code, j=interpreted, Vv=VM code, C=native code)
V  [jvm.dll+0x6ee21a]
V  [jvm.dll+0x85765e]
V  [jvm.dll+0x85904e]
V  [jvm.dll+0x859703]
V  [jvm.dll+0x28298f]
V  [jvm.dll+0xc9adf]
V  [jvm.dll+0xc9e65]
V  [jvm.dll+0x2f7caf]
V  [jvm.dll+0x5f076b]
V  [jvm.dll+0x25590c]
V  [jvm.dll+0x24e1a7]
V  [jvm.dll+0x24b673]
V  [jvm.dll+0x1d6ce1]
V  [jvm.dll+0x25b25a]
V  [jvm.dll+0x2596e8]
V  [jvm.dll+0x807588]
V  [jvm.dll+0x80125a]
V  [jvm.dll+0x6ecf0b]
C  [ucrtbase.dll+0x29333]
C  [KERNEL32.DLL+0x1259d]
C  [ntdll.dll+0x5af38]


---------------  P R O C E S S  ---------------

Threads class SMR info:
_java_thread_list=0x0000020c2b6f5ff0, length=18, elements={
0x0000020c7ebf0c90, 0x0000020c24820590, 0x0000020c24820f90, 0x0000020c24826d20,
0x0000020c2482a380, 0x0000020c2482a8c0, 0x0000020c2482ae00, 0x0000020c24831e90,
0x0000020c2483d680, 0x0000020c2482c480, 0x0000020c28ce93f0, 0x0000020c2483c040,
0x0000020c2483c5d0, 0x0000020c2483cb60, 0x0000020c28e25130, 0x0000020c28e27770,
0x0000020c2483dc10, 0x0000020c2483aa00
}

Java Threads: ( => current thread )
  0x0000020c7ebf0c90 JavaThread "main" [_thread_in_native, id=12352, stack(0x0000006a48200000,0x0000006a48300000)]
  0x0000020c24820590 JavaThread "Reference Handler" daemon [_thread_blocked, id=23728, stack(0x0000006a48900000,0x0000006a48a00000)]
  0x0000020c24820f90 JavaThread "Finalizer" daemon [_thread_blocked, id=25896, stack(0x0000006a48a00000,0x0000006a48b00000)]
  0x0000020c24826d20 JavaThread "Signal Dispatcher" daemon [_thread_blocked, id=25200, stack(0x0000006a48b00000,0x0000006a48c00000)]
  0x0000020c2482a380 JavaThread "Attach Listener" daemon [_thread_blocked, id=14008, stack(0x0000006a48c00000,0x0000006a48d00000)]
  0x0000020c2482a8c0 JavaThread "Service Thread" daemon [_thread_blocked, id=3412, stack(0x0000006a48d00000,0x0000006a48e00000)]
  0x0000020c2482ae00 JavaThread "Monitor Deflation Thread" daemon [_thread_blocked, id=23936, stack(0x0000006a48e00000,0x0000006a48f00000)]
=>0x0000020c24831e90 JavaThread "C2 CompilerThread0" daemon [_thread_in_native, id=18308, stack(0x0000006a48f00000,0x0000006a49000000)]
  0x0000020c2483d680 JavaThread "C1 CompilerThread0" daemon [_thread_blocked, id=21716, stack(0x0000006a49000000,0x0000006a49100000)]
  0x0000020c2482c480 JavaThread "Sweeper thread" daemon [_thread_blocked, id=4444, stack(0x0000006a49100000,0x0000006a49200000)]
  0x0000020c28ce93f0 JavaThread "Common-Cleaner" daemon [_thread_blocked, id=16512, stack(0x0000006a49200000,0x0000006a49300000)]
  0x0000020c2483c040 JavaThread "C1 CompilerThread1" daemon [_thread_blocked, id=3604, stack(0x0000006a49300000,0x0000006a49400000)]
  0x0000020c2483c5d0 JavaThread "C1 CompilerThread2" daemon [_thread_blocked, id=17976, stack(0x0000006a49400000,0x0000006a49500000)]
  0x0000020c2483cb60 JavaThread "C1 CompilerThread3" daemon [_thread_blocked, id=26116, stack(0x0000006a49500000,0x0000006a49600000)]
  0x0000020c28e25130 JavaThread "Monitor Ctrl-Break" daemon [_thread_in_native, id=13860, stack(0x0000006a49600000,0x0000006a49700000)]
  0x0000020c28e27770 JavaThread "Notification Thread" daemon [_thread_blocked, id=24724, stack(0x0000006a49700000,0x0000006a49800000)]
  0x0000020c2483dc10 JavaThread "C2 CompilerThread1" daemon [_thread_blocked, id=25668, stack(0x0000006a49900000,0x0000006a49a00000)]
  0x0000020c2483aa00 JavaThread "C2 CompilerThread2" daemon [_thread_blocked, id=6796, stack(0x0000006a4a100000,0x0000006a4a200000)]

Other Threads:
  0x0000020c24808e90 VMThread "VM Thread" [stack: 0x0000006a48800000,0x0000006a48900000] [id=17564]
  0x0000020c28e2c180 WatcherThread "VM Periodic Task Thread" [stack: 0x0000006a49800000,0x0000006a49900000] [id=2576]
  0x0000020c7ec60820 WorkerThread "GC Thread#0" [stack: 0x0000006a48300000,0x0000006a48400000] [id=8572]
  0x0000020c2913f550 WorkerThread "GC Thread#1" [stack: 0x0000006a49a00000,0x0000006a49b00000] [id=21140]
  0x0000020c29140090 WorkerThread "GC Thread#2" [stack: 0x0000006a49b00000,0x0000006a49c00000] [id=8552]
  0x0000020c2913f820 WorkerThread "GC Thread#3" [stack: 0x0000006a49c00000,0x0000006a49d00000] [id=21224]
  0x0000020c2913efb0 WorkerThread "GC Thread#4" [stack: 0x0000006a49d00000,0x0000006a49e00000] [id=23028]
  0x0000020c2913faf0 WorkerThread "GC Thread#5" [stack: 0x0000006a49e00000,0x0000006a49f00000] [id=21988]
  0x0000020c29140360 WorkerThread "GC Thread#6" [stack: 0x0000006a49f00000,0x0000006a4a000000] [id=4544]
  0x0000020c29140630 WorkerThread "GC Thread#7" [stack: 0x0000006a4a000000,0x0000006a4a100000] [id=10004]
  0x0000020c29140900 WorkerThread "GC Thread#8" [stack: 0x0000006a4a700000,0x0000006a4a800000] [id=24324]
  0x0000020c2b4fd380 WorkerThread "GC Thread#9" [stack: 0x0000006a4a800000,0x0000006a4a900000] [id=25004]
  0x0000020c2b4fcb10 WorkerThread "GC Thread#10" [stack: 0x0000006a4a900000,0x0000006a4aa00000] [id=24108]
  0x0000020c7ec72340 ConcurrentGCThread "G1 Main Marker" [stack: 0x0000006a48400000,0x0000006a48500000] [id=24268]
  0x0000020c7ec73510 WorkerThread "G1 Conc#0" [stack: 0x0000006a48500000,0x0000006a48600000] [id=24368]
  0x0000020c246bd270 ConcurrentGCThread "G1 Refine#0" [stack: 0x0000006a48600000,0x0000006a48700000] [id=14888]
  0x0000020c246bddb0 ConcurrentGCThread "G1 Service" [stack: 0x0000006a48700000,0x0000006a48800000] [id=18300]

Threads with active compile tasks:
C2 CompilerThread0     2683 5137   !   4       java.util.jar.Attributes::read (494 bytes)

VM state: not at safepoint (normal execution)

VM Mutex/Monitor currently owned by a thread: None

Heap address: 0x0000000705e00000, size: 4002 MB, Compressed Oops mode: Zero based, Oop shift amount: 3

CDS archive(s) mapped at: [0x0000000800000000-0x0000000800c40000-0x0000000800c40000), size 12845056, SharedBaseAddress: 0x0000000800000000, ArchiveRelocationMode: 0.
Compressed class space mapped at: 0x0000000801000000-0x0000000841000000, reserved size: 1073741824
Narrow klass base: 0x0000000800000000, Narrow klass shift: 0, Narrow klass range: 0x100000000

GC Precious Log:
 CardTable entry size: 512
 Card Set container configuration: InlinePtr #cards 4 size 8 Array Of Cards #cards 16 size 48 Howl #buckets 8 coarsen threshold 3686 Howl Bitmap #cards 512 size 80 coarsen threshold 460 Card regions per heap region 1 cards per card region 4096
 CPUs: 16 total, 16 available
 Memory: 16004M
 Large Page Support: Disabled
 NUMA Support: Disabled
 Compressed Oops: Enabled (Zero based)
 Heap Region Size: 2M
 Heap Min Capacity: 8M
 Heap Initial Capacity: 252M
 Heap Max Capacity: 4002M
 Pre-touch: Disabled
 Parallel Workers: 13
 Concurrent Workers: 3
 Concurrent Refinement Workers: 13
 Periodic GC: Disabled

Heap:
 garbage-first heap   total 258048K, used 159119K [0x0000000705e00000, 0x0000000800000000)
  region size 2048K, 61 young (124928K), 1 survivors (2048K)
 Metaspace       used 20258K, committed 20544K, reserved 1114112K
  class space    used 2196K, committed 2304K, reserved 1048576K

Heap Regions: E=young(eden), S=young(survivor), O=old, HS=humongous(starts), HC=humongous(continues), CS=collection set, F=free, OA=open archive, CA=closed archive, TAMS=top-at-mark-start (previous, next)
|   0|0x0000000705e00000, 0x0000000706000000, 0x0000000706000000|100%| O|  |TAMS 0x0000000705e00000, 0x0000000705e00000| Untracked 
|   1|0x0000000706000000, 0x000000070617e800, 0x0000000706200000| 74%| O|  |TAMS 0x0000000706000000, 0x0000000706000000| Untracked 
|   2|0x0000000706200000, 0x0000000706400000, 0x0000000706400000|100%|HS|  |TAMS 0x0000000706200000, 0x0000000706200000| Complete 
|   3|0x0000000706400000, 0x0000000706600000, 0x0000000706600000|100%|HC|  |TAMS 0x0000000706400000, 0x0000000706400000| Complete 
|   4|0x0000000706600000, 0x0000000706800000, 0x0000000706800000|100%|HC|  |TAMS 0x0000000706600000, 0x0000000706600000| Complete 
|   5|0x0000000706800000, 0x0000000706a00000, 0x0000000706a00000|100%|HC|  |TAMS 0x0000000706800000, 0x0000000706800000| Complete 
|   6|0x0000000706a00000, 0x0000000706c00000, 0x0000000706c00000|100%|HS|  |TAMS 0x0000000706a00000, 0x0000000706a00000| Complete 
|   7|0x0000000706c00000, 0x0000000706e00000, 0x0000000706e00000|100%|HC|  |TAMS 0x0000000706c00000, 0x0000000706c00000| Complete 
|   8|0x0000000706e00000, 0x0000000707000000, 0x0000000707000000|100%|HC|  |TAMS 0x0000000706e00000, 0x0000000706e00000| Complete 
|   9|0x0000000707000000, 0x0000000707200000, 0x0000000707200000|100%|HC|  |TAMS 0x0000000707000000, 0x0000000707000000| Complete 
|  10|0x0000000707200000, 0x0000000707400000, 0x0000000707400000|100%|HC|  |TAMS 0x0000000707200000, 0x0000000707200000| Complete 
|  11|0x0000000707400000, 0x0000000707600000, 0x0000000707600000|100%|HC|  |TAMS 0x0000000707400000, 0x0000000707400000| Complete 
|  12|0x0000000707600000, 0x0000000707800000, 0x0000000707800000|100%|HS|  |TAMS 0x0000000707600000, 0x0000000707600000| Complete 
|  13|0x0000000707800000, 0x0000000707a00000, 0x0000000707a00000|100%|HC|  |TAMS 0x0000000707800000, 0x0000000707800000| Complete 
|  14|0x0000000707a00000, 0x0000000707c00000, 0x0000000707c00000|100%|HC|  |TAMS 0x0000000707a00000, 0x0000000707a00000| Complete 
|  15|0x0000000707c00000, 0x0000000707e00000, 0x0000000707e00000|100%|HC|  |TAMS 0x0000000707c00000, 0x0000000707c00000| Complete 
|  16|0x0000000707e00000, 0x0000000708000000, 0x0000000708000000|100%|HC|  |TAMS 0x0000000707e00000, 0x0000000707e00000| Complete 
|  17|0x0000000708000000, 0x0000000708200000, 0x0000000708200000|100%|HC|  |TAMS 0x0000000708000000, 0x0000000708000000| Complete 
|  18|0x0000000708200000, 0x0000000708200000, 0x0000000708400000|  0%| F|  |TAMS 0x0000000708200000, 0x0000000708200000| Untracked 
|  19|0x0000000708400000, 0x0000000708400000, 0x0000000708600000|  0%| F|  |TAMS 0x0000000708400000, 0x0000000708400000| Untracked 
|  20|0x0000000708600000, 0x0000000708600000, 0x0000000708800000|  0%| F|  |TAMS 0x0000000708600000, 0x0000000708600000| Untracked 
|  21|0x0000000708800000, 0x0000000708800000, 0x0000000708a00000|  0%| F|  |TAMS 0x0000000708800000, 0x0000000708800000| Untracked 
|  22|0x0000000708a00000, 0x0000000708a00000, 0x0000000708c00000|  0%| F|  |TAMS 0x0000000708a00000, 0x0000000708a00000| Untracked 
|  23|0x0000000708c00000, 0x0000000708c00000, 0x0000000708e00000|  0%| F|  |TAMS 0x0000000708c00000, 0x0000000708c00000| Untracked 
|  24|0x0000000708e00000, 0x0000000708e00000, 0x0000000709000000|  0%| F|  |TAMS 0x0000000708e00000, 0x0000000708e00000| Untracked 
|  25|0x0000000709000000, 0x0000000709000000, 0x0000000709200000|  0%| F|  |TAMS 0x0000000709000000, 0x0000000709000000| Untracked 
|  26|0x0000000709200000, 0x0000000709200000, 0x0000000709400000|  0%| F|  |TAMS 0x0000000709200000, 0x0000000709200000| Untracked 
|  27|0x0000000709400000, 0x0000000709400000, 0x0000000709600000|  0%| F|  |TAMS 0x0000000709400000, 0x0000000709400000| Untracked 
|  28|0x0000000709600000, 0x0000000709600000, 0x0000000709800000|  0%| F|  |TAMS 0x0000000709600000, 0x0000000709600000| Untracked 
|  29|0x0000000709800000, 0x0000000709800000, 0x0000000709a00000|  0%| F|  |TAMS 0x0000000709800000, 0x0000000709800000| Untracked 
|  30|0x0000000709a00000, 0x0000000709a00000, 0x0000000709c00000|  0%| F|  |TAMS 0x0000000709a00000, 0x0000000709a00000| Untracked 
|  31|0x0000000709c00000, 0x0000000709c00000, 0x0000000709e00000|  0%| F|  |TAMS 0x0000000709c00000, 0x0000000709c00000| Untracked 
|  32|0x0000000709e00000, 0x0000000709e00000, 0x000000070a000000|  0%| F|  |TAMS 0x0000000709e00000, 0x0000000709e00000| Untracked 
|  33|0x000000070a000000, 0x000000070a000000, 0x000000070a200000|  0%| F|  |TAMS 0x000000070a000000, 0x000000070a000000| Untracked 
|  34|0x000000070a200000, 0x000000070a200000, 0x000000070a400000|  0%| F|  |TAMS 0x000000070a200000, 0x000000070a200000| Untracked 
|  35|0x000000070a400000, 0x000000070a400000, 0x000000070a600000|  0%| F|  |TAMS 0x000000070a400000, 0x000000070a400000| Untracked 
|  36|0x000000070a600000, 0x000000070a600000, 0x000000070a800000|  0%| F|  |TAMS 0x000000070a600000, 0x000000070a600000| Untracked 
|  37|0x000000070a800000, 0x000000070a800000, 0x000000070aa00000|  0%| F|  |TAMS 0x000000070a800000, 0x000000070a800000| Untracked 
|  38|0x000000070aa00000, 0x000000070aa00000, 0x000000070ac00000|  0%| F|  |TAMS 0x000000070aa00000, 0x000000070aa00000| Untracked 
|  39|0x000000070ac00000, 0x000000070ac00000, 0x000000070ae00000|  0%| F|  |TAMS 0x000000070ac00000, 0x000000070ac00000| Untracked 
|  40|0x000000070ae00000, 0x000000070ae00000, 0x000000070b000000|  0%| F|  |TAMS 0x000000070ae00000, 0x000000070ae00000| Untracked 
|  41|0x000000070b000000, 0x000000070b000000, 0x000000070b200000|  0%| F|  |TAMS 0x000000070b000000, 0x000000070b000000| Untracked 
|  42|0x000000070b200000, 0x000000070b200000, 0x000000070b400000|  0%| F|  |TAMS 0x000000070b200000, 0x000000070b200000| Untracked 
|  43|0x000000070b400000, 0x000000070b400000, 0x000000070b600000|  0%| F|  |TAMS 0x000000070b400000, 0x000000070b400000| Untracked 
|  44|0x000000070b600000, 0x000000070b600000, 0x000000070b800000|  0%| F|  |TAMS 0x000000070b600000, 0x000000070b600000| Untracked 
|  45|0x000000070b800000, 0x000000070b800000, 0x000000070ba00000|  0%| F|  |TAMS 0x000000070b800000, 0x000000070b800000| Untracked 
|  46|0x000000070ba00000, 0x000000070ba00000, 0x000000070bc00000|  0%| F|  |TAMS 0x000000070ba00000, 0x000000070ba00000| Untracked 
|  47|0x000000070bc00000, 0x000000070bc00000, 0x000000070be00000|  0%| F|  |TAMS 0x000000070bc00000, 0x000000070bc00000| Untracked 
|  48|0x000000070be00000, 0x000000070be00000, 0x000000070c000000|  0%| F|  |TAMS 0x000000070be00000, 0x000000070be00000| Untracked 
|  49|0x000000070c000000, 0x000000070c000000, 0x000000070c200000|  0%| F|  |TAMS 0x000000070c000000, 0x000000070c000000| Untracked 
|  50|0x000000070c200000, 0x000000070c200000, 0x000000070c400000|  0%| F|  |TAMS 0x000000070c200000, 0x000000070c200000| Untracked 
|  51|0x000000070c400000, 0x000000070c400000, 0x000000070c600000|  0%| F|  |TAMS 0x000000070c400000, 0x000000070c400000| Untracked 
|  52|0x000000070c600000, 0x000000070c600000, 0x000000070c800000|  0%| F|  |TAMS 0x000000070c600000, 0x000000070c600000| Untracked 
|  53|0x000000070c800000, 0x000000070c800000, 0x000000070ca00000|  0%| F|  |TAMS 0x000000070c800000, 0x000000070c800000| Untracked 
|  54|0x000000070ca00000, 0x000000070ca00000, 0x000000070cc00000|  0%| F|  |TAMS 0x000000070ca00000, 0x000000070ca00000| Untracked 
|  55|0x000000070cc00000, 0x000000070cc00000, 0x000000070ce00000|  0%| F|  |TAMS 0x000000070cc00000, 0x000000070cc00000| Untracked 
|  56|0x000000070ce00000, 0x000000070ce00000, 0x000000070d000000|  0%| F|  |TAMS 0x000000070ce00000, 0x000000070ce00000| Untracked 
|  57|0x000000070d000000, 0x000000070d000000, 0x000000070d200000|  0%| F|  |TAMS 0x000000070d000000, 0x000000070d000000| Untracked 
|  58|0x000000070d200000, 0x000000070d200000, 0x000000070d400000|  0%| F|  |TAMS 0x000000070d200000, 0x000000070d200000| Untracked 
|  59|0x000000070d400000, 0x000000070d400000, 0x000000070d600000|  0%| F|  |TAMS 0x000000070d400000, 0x000000070d400000| Untracked 
|  60|0x000000070d600000, 0x000000070d600000, 0x000000070d800000|  0%| F|  |TAMS 0x000000070d600000, 0x000000070d600000| Untracked 
|  61|0x000000070d800000, 0x000000070d800000, 0x000000070da00000|  0%| F|  |TAMS 0x000000070d800000, 0x000000070d800000| Untracked 
|  62|0x000000070da00000, 0x000000070da00000, 0x000000070dc00000|  0%| F|  |TAMS 0x000000070da00000, 0x000000070da00000| Untracked 
|  63|0x000000070dc00000, 0x000000070dc00000, 0x000000070de00000|  0%| F|  |TAMS 0x000000070dc00000, 0x000000070dc00000| Untracked 
|  64|0x000000070de00000, 0x000000070de00000, 0x000000070e000000|  0%| F|  |TAMS 0x000000070de00000, 0x000000070de00000| Untracked 
|  65|0x000000070e000000, 0x000000070e200000, 0x000000070e200000|100%| E|  |TAMS 0x000000070e000000, 0x000000070e000000| Complete 
|  66|0x000000070e200000, 0x000000070e400000, 0x000000070e400000|100%| E|CS|TAMS 0x000000070e200000, 0x000000070e200000| Complete 
|  67|0x000000070e400000, 0x000000070e600000, 0x000000070e600000|100%| E|CS|TAMS 0x000000070e400000, 0x000000070e400000| Complete 
|  68|0x000000070e600000, 0x000000070e800000, 0x000000070e800000|100%| E|CS|TAMS 0x000000070e600000, 0x000000070e600000| Complete 
|  69|0x000000070e800000, 0x000000070ea00000, 0x000000070ea00000|100%| E|CS|TAMS 0x000000070e800000, 0x000000070e800000| Complete 
|  70|0x000000070ea00000, 0x000000070ec00000, 0x000000070ec00000|100%| E|CS|TAMS 0x000000070ea00000, 0x000000070ea00000| Complete 
|  71|0x000000070ec00000, 0x000000070ee00000, 0x000000070ee00000|100%| E|CS|TAMS 0x000000070ec00000, 0x000000070ec00000| Complete 
|  72|0x000000070ee00000, 0x000000070f000000, 0x000000070f000000|100%| E|CS|TAMS 0x000000070ee00000, 0x000000070ee00000| Complete 
|  73|0x000000070f000000, 0x000000070f200000, 0x000000070f200000|100%| E|CS|TAMS 0x000000070f000000, 0x000000070f000000| Complete 
|  74|0x000000070f200000, 0x000000070f400000, 0x000000070f400000|100%| E|CS|TAMS 0x000000070f200000, 0x000000070f200000| Complete 
|  75|0x000000070f400000, 0x000000070f600000, 0x000000070f600000|100%| E|CS|TAMS 0x000000070f400000, 0x000000070f400000| Complete 
|  76|0x000000070f600000, 0x000000070f800000, 0x000000070f800000|100%| E|CS|TAMS 0x000000070f600000, 0x000000070f600000| Complete 
|  77|0x000000070f800000, 0x000000070fa00000, 0x000000070fa00000|100%| E|CS|TAMS 0x000000070f800000, 0x000000070f800000| Complete 
|  78|0x000000070fa00000, 0x000000070fc00000, 0x000000070fc00000|100%| E|CS|TAMS 0x000000070fa00000, 0x000000070fa00000| Complete 
|  79|0x000000070fc00000, 0x000000070fe00000, 0x000000070fe00000|100%| E|CS|TAMS 0x000000070fc00000, 0x000000070fc00000| Complete 
|  80|0x000000070fe00000, 0x0000000710000000, 0x0000000710000000|100%| E|CS|TAMS 0x000000070fe00000, 0x000000070fe00000| Complete 
|  81|0x0000000710000000, 0x0000000710200000, 0x0000000710200000|100%| E|CS|TAMS 0x0000000710000000, 0x0000000710000000| Complete 
|  82|0x0000000710200000, 0x0000000710400000, 0x0000000710400000|100%| E|CS|TAMS 0x0000000710200000, 0x0000000710200000| Complete 
|  83|0x0000000710400000, 0x0000000710600000, 0x0000000710600000|100%| E|CS|TAMS 0x0000000710400000, 0x0000000710400000| Complete 
|  84|0x0000000710600000, 0x0000000710800000, 0x0000000710800000|100%| E|CS|TAMS 0x0000000710600000, 0x0000000710600000| Complete 
|  85|0x0000000710800000, 0x0000000710a00000, 0x0000000710a00000|100%| E|CS|TAMS 0x0000000710800000, 0x0000000710800000| Complete 
|  86|0x0000000710a00000, 0x0000000710c00000, 0x0000000710c00000|100%| E|CS|TAMS 0x0000000710a00000, 0x0000000710a00000| Complete 
|  87|0x0000000710c00000, 0x0000000710e00000, 0x0000000710e00000|100%| E|CS|TAMS 0x0000000710c00000, 0x0000000710c00000| Complete 
|  88|0x0000000710e00000, 0x0000000711000000, 0x0000000711000000|100%| E|CS|TAMS 0x0000000710e00000, 0x0000000710e00000| Complete 
|  89|0x0000000711000000, 0x0000000711200000, 0x0000000711200000|100%| E|CS|TAMS 0x0000000711000000, 0x0000000711000000| Complete 
|  90|0x0000000711200000, 0x0000000711400000, 0x0000000711400000|100%| E|CS|TAMS 0x0000000711200000, 0x0000000711200000| Complete 
|  91|0x0000000711400000, 0x0000000711600000, 0x0000000711600000|100%| E|CS|TAMS 0x0000000711400000, 0x0000000711400000| Complete 
|  92|0x0000000711600000, 0x0000000711800000, 0x0000000711800000|100%| E|CS|TAMS 0x0000000711600000, 0x0000000711600000| Complete 
|  93|0x0000000711800000, 0x0000000711a00000, 0x0000000711a00000|100%| E|CS|TAMS 0x0000000711800000, 0x0000000711800000| Complete 
|  94|0x0000000711a00000, 0x0000000711c00000, 0x0000000711c00000|100%| E|CS|TAMS 0x0000000711a00000, 0x0000000711a00000| Complete 
|  95|0x0000000711c00000, 0x0000000711e00000, 0x0000000711e00000|100%| E|CS|TAMS 0x0000000711c00000, 0x0000000711c00000| Complete 
|  96|0x0000000711e00000, 0x0000000712000000, 0x0000000712000000|100%| E|CS|TAMS 0x0000000711e00000, 0x0000000711e00000| Complete 
|  97|0x0000000712000000, 0x0000000712200000, 0x0000000712200000|100%| E|CS|TAMS 0x0000000712000000, 0x0000000712000000| Complete 
|  98|0x0000000712200000, 0x0000000712400000, 0x0000000712400000|100%| E|CS|TAMS 0x0000000712200000, 0x0000000712200000| Complete 
|  99|0x0000000712400000, 0x0000000712600000, 0x0000000712600000|100%| E|CS|TAMS 0x0000000712400000, 0x0000000712400000| Complete 
| 100|0x0000000712600000, 0x0000000712800000, 0x0000000712800000|100%| E|CS|TAMS 0x0000000712600000, 0x0000000712600000| Complete 
| 101|0x0000000712800000, 0x0000000712a00000, 0x0000000712a00000|100%| E|CS|TAMS 0x0000000712800000, 0x0000000712800000| Complete 
| 102|0x0000000712a00000, 0x0000000712c00000, 0x0000000712c00000|100%| E|CS|TAMS 0x0000000712a00000, 0x0000000712a00000| Complete 
| 103|0x0000000712c00000, 0x0000000712e00000, 0x0000000712e00000|100%| E|CS|TAMS 0x0000000712c00000, 0x0000000712c00000| Complete 
| 104|0x0000000712e00000, 0x0000000713000000, 0x0000000713000000|100%| E|CS|TAMS 0x0000000712e00000, 0x0000000712e00000| Complete 
| 105|0x0000000713000000, 0x0000000713200000, 0x0000000713200000|100%| E|CS|TAMS 0x0000000713000000, 0x0000000713000000| Complete 
| 106|0x0000000713200000, 0x00000007133e5418, 0x0000000713400000| 94%| S|CS|TAMS 0x0000000713200000, 0x0000000713200000| Complete 
| 107|0x0000000713400000, 0x0000000713600000, 0x0000000713600000|100%| E|CS|TAMS 0x0000000713400000, 0x0000000713400000| Complete 
| 108|0x0000000713600000, 0x0000000713800000, 0x0000000713800000|100%| E|CS|TAMS 0x0000000713600000, 0x0000000713600000| Complete 
| 109|0x0000000713800000, 0x0000000713a00000, 0x0000000713a00000|100%| E|CS|TAMS 0x0000000713800000, 0x0000000713800000| Complete 
| 110|0x0000000713a00000, 0x0000000713c00000, 0x0000000713c00000|100%| E|CS|TAMS 0x0000000713a00000, 0x0000000713a00000| Complete 
| 111|0x0000000713c00000, 0x0000000713e00000, 0x0000000713e00000|100%| E|CS|TAMS 0x0000000713c00000, 0x0000000713c00000| Complete 
| 112|0x0000000713e00000, 0x0000000714000000, 0x0000000714000000|100%| E|CS|TAMS 0x0000000713e00000, 0x0000000713e00000| Complete 
| 113|0x0000000714000000, 0x0000000714200000, 0x0000000714200000|100%| E|CS|TAMS 0x0000000714000000, 0x0000000714000000| Complete 
| 114|0x0000000714200000, 0x0000000714400000, 0x0000000714400000|100%| E|CS|TAMS 0x0000000714200000, 0x0000000714200000| Complete 
| 115|0x0000000714400000, 0x0000000714600000, 0x0000000714600000|100%| E|CS|TAMS 0x0000000714400000, 0x0000000714400000| Complete 
| 116|0x0000000714600000, 0x0000000714800000, 0x0000000714800000|100%| E|CS|TAMS 0x0000000714600000, 0x0000000714600000| Complete 
| 117|0x0000000714800000, 0x0000000714a00000, 0x0000000714a00000|100%| E|CS|TAMS 0x0000000714800000, 0x0000000714800000| Complete 
| 118|0x0000000714a00000, 0x0000000714c00000, 0x0000000714c00000|100%| E|CS|TAMS 0x0000000714a00000, 0x0000000714a00000| Complete 
| 119|0x0000000714c00000, 0x0000000714e00000, 0x0000000714e00000|100%| E|CS|TAMS 0x0000000714c00000, 0x0000000714c00000| Complete 
| 120|0x0000000714e00000, 0x0000000715000000, 0x0000000715000000|100%| E|CS|TAMS 0x0000000714e00000, 0x0000000714e00000| Complete 
| 121|0x0000000715000000, 0x0000000715200000, 0x0000000715200000|100%| E|CS|TAMS 0x0000000715000000, 0x0000000715000000| Complete 
| 122|0x0000000715200000, 0x0000000715400000, 0x0000000715400000|100%| E|CS|TAMS 0x0000000715200000, 0x0000000715200000| Complete 
| 123|0x0000000715400000, 0x0000000715600000, 0x0000000715600000|100%| E|CS|TAMS 0x0000000715400000, 0x0000000715400000| Complete 
| 124|0x0000000715600000, 0x0000000715800000, 0x0000000715800000|100%| E|CS|TAMS 0x0000000715600000, 0x0000000715600000| Complete 
| 125|0x0000000715800000, 0x0000000715a00000, 0x0000000715a00000|100%| E|CS|TAMS 0x0000000715800000, 0x0000000715800000| Complete 

Card table byte_map: [0x0000020c18ba0000,0x0000020c19380000] _byte_map_base: 0x0000020c15371000

Marking Bits (Prev, Next): (CMBitMap*) 0x0000020c7ec61e60, (CMBitMap*) 0x0000020c7ec61ea0
 Prev Bits: [0x0000020c19b60000, 0x0000020c1d9e8000)
 Next Bits: [0x0000020c1d9f0000, 0x0000020c21878000)

Polling page: 0x0000020c7f050000

Metaspace:

Usage:
  Non-class:     17.64 MB used.
      Class:      2.14 MB used.
       Both:     19.78 MB used.

Virtual space:
  Non-class space:       64.00 MB reserved,      17.81 MB ( 28%) committed,  1 nodes.
      Class space:        1.00 GB reserved,       2.25 MB ( <1%) committed,  1 nodes.
             Both:        1.06 GB reserved,      20.06 MB (  2%) committed. 

Chunk freelists:
   Non-Class:  1.75 MB
       Class:  1.69 MB
        Both:  3.44 MB

MaxMetaspaceSize: unlimited
CompressedClassSpaceSize: 1.00 GB
Initial GC threshold: 21.00 MB
Current GC threshold: 21.00 MB
CDS: on
MetaspaceReclaimPolicy: balanced
 - commit_granule_bytes: 65536.
 - commit_granule_words: 8192.
 - virtual_space_node_default_size: 8388608.
 - enlarge_chunks_in_place: 1.
 - new_chunks_are_fully_committed: 0.
 - uncommit_free_chunks: 1.
 - use_allocation_guard: 0.


Internal statistics:

num_allocs_failed_limit: 0.
num_arena_births: 192.
num_arena_deaths: 0.
num_vsnodes_births: 2.
num_vsnodes_deaths: 0.
num_space_committed: 321.
num_space_uncommitted: 0.
num_chunks_returned_to_freelist: 0.
num_chunks_taken_from_freelist: 883.
num_chunk_merges: 0.
num_chunk_splits: 624.
num_chunks_enlarged: 495.
num_inconsistent_stats: 0.

CodeHeap 'non-profiled nmethods': size=119168Kb used=2606Kb max_used=2606Kb free=116561Kb
 bounds [0x0000020c10e50000, 0x0000020c110e0000, 0x0000020c182b0000]
CodeHeap 'profiled nmethods': size=119104Kb used=11009Kb max_used=11009Kb free=108094Kb
 bounds [0x0000020c092b0000, 0x0000020c09d80000, 0x0000020c10700000]
CodeHeap 'non-nmethods': size=7488Kb used=2982Kb max_used=3031Kb free=4505Kb
 bounds [0x0000020c10700000, 0x0000020c10a00000, 0x0000020c10e50000]
 total_blobs=5656 nmethods=5146 adapters=416
 compilation: enabled
              stopped_count=0, restarted_count=0
 full_count=0

Compilation events (20 events):
Event: 2.636 Thread 0x0000020c2483c5d0 5134       3       java.util.jar.Attributes::size (10 bytes)
Event: 2.637 Thread 0x0000020c2483c5d0 nmethod 5134 0x0000020c09d6bf90 code [0x0000020c09d6c140, 0x0000020c09d6c328]
Event: 2.637 Thread 0x0000020c2483dc10 5135       4       java.util.jar.Manifest$FastInputStream::readLine (9 bytes)
Event: 2.640 Thread 0x0000020c2483aa00 5136       4       java.util.jar.Manifest$FastInputStream::peek (38 bytes)
Event: 2.640 Thread 0x0000020c24831e90 5137   !   4       java.util.jar.Attributes::read (494 bytes)
Event: 2.640 Thread 0x0000020c2483aa00 nmethod 5136 0x0000020c110d8610 code [0x0000020c110d87a0, 0x0000020c110d88a8]
Event: 2.644 Thread 0x0000020c2483dc10 nmethod 5135 0x0000020c110d8990 code [0x0000020c110d8b40, 0x0000020c110d9258]
Event: 2.649 Thread 0x0000020c2483aa00 5138       4       java.util.jar.Manifest::getAttributes (14 bytes)
Event: 2.653 Thread 0x0000020c2483aa00 nmethod 5138 0x0000020c110d9710 code [0x0000020c110d98e0, 0x0000020c110d9c88]
Event: 2.655 Thread 0x0000020c2483c5d0 5139       3       java.util.jar.Manifest$FastInputStream::readLine (9 bytes)
Event: 2.656 Thread 0x0000020c2483c5d0 nmethod 5139 0x0000020c09d6c410 code [0x0000020c09d6c5c0, 0x0000020c09d6c708]
Event: 2.656 Thread 0x0000020c2483aa00 5140       4       java.util.ImmutableCollections$MapN::probe (60 bytes)
Event: 2.656 Thread 0x0000020c2483dc10 5141       4       java.util.ImmutableCollections$MapN::get (35 bytes)
Event: 2.657 Thread 0x0000020c2483c040 5142       3       java.util.jar.Manifest$FastInputStream::fill (38 bytes)
Event: 2.657 Thread 0x0000020c2483c040 nmethod 5142 0x0000020c09d6c810 code [0x0000020c09d6c9c0, 0x0000020c09d6cc08]
Event: 2.661 Thread 0x0000020c2483aa00 nmethod 5140 0x0000020c110d9f90 code [0x0000020c110da140, 0x0000020c110da788]
Event: 2.662 Thread 0x0000020c2483dc10 nmethod 5141 0x0000020c110daa10 code [0x0000020c110dabc0, 0x0000020c110db2a8]
Event: 2.663 Thread 0x0000020c2483c040 5143       3       sun.nio.fs.WindowsPath::hashCode (52 bytes)
Event: 2.664 Thread 0x0000020c2483c040 nmethod 5143 0x0000020c09d6cd10 code [0x0000020c09d6cf60, 0x0000020c09d6d8f8]
Event: 2.665 Thread 0x0000020c2483aa00 5144       4       java.util.Objects::checkFromIndexSize (8 bytes)

GC Heap History (4 events):
Event: 0.427 GC heap before
{Heap before GC invocations=0 (full 0):
 garbage-first heap   total 258048K, used 20480K [0x0000000705e00000, 0x0000000800000000)
  region size 2048K, 11 young (22528K), 0 survivors (0K)
 Metaspace       used 5776K, committed 5952K, reserved 1114112K
  class space    used 644K, committed 704K, reserved 1048576K
}
Event: 0.430 GC heap after
{Heap after GC invocations=1 (full 0):
 garbage-first heap   total 258048K, used 3824K [0x0000000705e00000, 0x0000000800000000)
  region size 2048K, 2 young (4096K), 2 survivors (4096K)
 Metaspace       used 5776K, committed 5952K, reserved 1114112K
  class space    used 644K, committed 704K, reserved 1048576K
}
Event: 0.904 GC heap before
{Heap before GC invocations=1 (full 0):
 garbage-first heap   total 258048K, used 36592K [0x0000000705e00000, 0x0000000800000000)
  region size 2048K, 19 young (38912K), 2 survivors (4096K)
 Metaspace       used 10132K, committed 10304K, reserved 1114112K
  class space    used 1162K, committed 1216K, reserved 1048576K
}
Event: 0.908 GC heap after
{Heap after GC invocations=2 (full 0):
 garbage-first heap   total 258048K, used 5519K [0x0000000705e00000, 0x0000000800000000)
  region size 2048K, 1 young (2048K), 1 survivors (2048K)
 Metaspace       used 10132K, committed 10304K, reserved 1114112K
  class space    used 1162K, committed 1216K, reserved 1048576K
}

Dll operation events (12 events):
Event: 0.007 Loaded shared library C:\Program Files\Java\jdk-19\bin\java.dll
Event: 0.014 Loaded shared library C:\Program Files\Java\jdk-19\bin\jsvml.dll
Event: 0.056 Loaded shared library C:\Program Files\Java\jdk-19\bin\zip.dll
Event: 0.058 Loaded shared library C:\Program Files\Java\jdk-19\bin\instrument.dll
Event: 0.060 Loaded shared library C:\Program Files\Java\jdk-19\bin\net.dll
Event: 0.061 Loaded shared library C:\Program Files\Java\jdk-19\bin\nio.dll
Event: 0.063 Loaded shared library C:\Program Files\Java\jdk-19\bin\zip.dll
Event: 0.070 Loaded shared library C:\Program Files\JetBrains\IntelliJ IDEA 2022.1.2\bin\breakgen64.dll
Event: 0.075 Loaded shared library C:\Program Files\Java\jdk-19\bin\extnet.dll
Event: 0.130 Loaded shared library C:\Program Files\Java\jdk-19\bin\jimage.dll
Event: 0.204 Loaded shared library C:\Users\99293\AppData\Local\Temp\jansi-2.4.0-257099ef09066a4a-jansi.dll
Event: 0.213 Loaded shared library C:\Program Files\Java\jdk-19\bin\verify.dll

Deoptimization events (20 events):
Event: 2.603 Thread 0x0000020c7ebf0c90 Uncommon trap: trap_request=0xffffff45 fr.pc=0x0000020c10f620dc relative=0x00000000000000bc
Event: 2.603 Thread 0x0000020c7ebf0c90 Uncommon trap: reason=unstable_if action=reinterpret pc=0x0000020c10f620dc method=java.util.Spliterator.getExactSizeIfKnown()J @ 9 c2
Event: 2.603 Thread 0x0000020c7ebf0c90 DEOPT PACKING pc=0x0000020c10f620dc sp=0x0000006a482fdbb0
Event: 2.603 Thread 0x0000020c7ebf0c90 DEOPT UNPACKING pc=0x0000020c10766da3 sp=0x0000006a482fdb50 mode 2
Event: 2.609 Thread 0x0000020c7ebf0c90 Uncommon trap: trap_request=0xffffff45 fr.pc=0x0000020c10fc271c relative=0x000000000000035c
Event: 2.609 Thread 0x0000020c7ebf0c90 Uncommon trap: reason=unstable_if action=reinterpret pc=0x0000020c10fc271c method=java.util.regex.Pattern$Start.match(Ljava/util/regex/Matcher;ILjava/lang/CharSequence;)Z @ 10 c2
Event: 2.609 Thread 0x0000020c7ebf0c90 DEOPT PACKING pc=0x0000020c10fc271c sp=0x0000006a482fd820
Event: 2.609 Thread 0x0000020c7ebf0c90 DEOPT UNPACKING pc=0x0000020c10766da3 sp=0x0000006a482fd740 mode 2
Event: 2.620 Thread 0x0000020c7ebf0c90 Uncommon trap: trap_request=0xffffff45 fr.pc=0x0000020c10f077d4 relative=0x0000000000001b94
Event: 2.620 Thread 0x0000020c7ebf0c90 Uncommon trap: reason=unstable_if action=reinterpret pc=0x0000020c10f077d4 method=jdk.internal.module.SystemModuleFinders$SystemModuleReader.find(Ljava/lang/String;)Ljava/util/Optional; @ 5 c2
Event: 2.620 Thread 0x0000020c7ebf0c90 DEOPT PACKING pc=0x0000020c10f077d4 sp=0x0000006a482fd070
Event: 2.620 Thread 0x0000020c7ebf0c90 DEOPT UNPACKING pc=0x0000020c10766da3 sp=0x0000006a482fd058 mode 2
Event: 2.625 Thread 0x0000020c7ebf0c90 Uncommon trap: trap_request=0xffffff45 fr.pc=0x0000020c10ff6634 relative=0x0000000000001594
Event: 2.625 Thread 0x0000020c7ebf0c90 Uncommon trap: reason=unstable_if action=reinterpret pc=0x0000020c10ff6634 method=java.util.zip.InflaterInputStream.read([BII)I @ 25 c2
Event: 2.625 Thread 0x0000020c7ebf0c90 DEOPT PACKING pc=0x0000020c10ff6634 sp=0x0000006a482fd420
Event: 2.625 Thread 0x0000020c7ebf0c90 DEOPT UNPACKING pc=0x0000020c10766da3 sp=0x0000006a482fd470 mode 2
Event: 2.655 Thread 0x0000020c7ebf0c90 Uncommon trap: trap_request=0xffffff45 fr.pc=0x0000020c110d9128 relative=0x00000000000005e8
Event: 2.655 Thread 0x0000020c7ebf0c90 Uncommon trap: reason=unstable_if action=reinterpret pc=0x0000020c110d9128 method=java.util.jar.Manifest$FastInputStream.readLine([BII)I @ 130 c2
Event: 2.655 Thread 0x0000020c7ebf0c90 DEOPT PACKING pc=0x0000020c110d9128 sp=0x0000006a482fd500
Event: 2.655 Thread 0x0000020c7ebf0c90 DEOPT UNPACKING pc=0x0000020c10766da3 sp=0x0000006a482fd438 mode 2

Classes loaded (20 events):
Event: 2.619 Loading class java/nio/file/FileStore
Event: 2.619 Loading class java/nio/file/FileStore done
Event: 2.619 Loading class java/nio/channels/AsynchronousFileChannel
Event: 2.619 Loading class java/nio/channels/AsynchronousChannel
Event: 2.619 Loading class java/nio/channels/AsynchronousChannel done
Event: 2.619 Loading class java/nio/channels/AsynchronousFileChannel done
Event: 2.619 Loading class jdk/internal/jrtfs/JrtFileSystemProvider
Event: 2.619 Loading class jdk/internal/jrtfs/JrtFileSystemProvider done
Event: 2.620 Loading class sun/net/www/protocol/jrt/JavaRuntimeURLConnection
Event: 2.620 Loading class sun/net/www/protocol/jrt/JavaRuntimeURLConnection done
Event: 2.623 Loading class sun/net/www/protocol/jrt/JavaRuntimeURLConnection$1
Event: 2.623 Loading class sun/net/www/protocol/jrt/JavaRuntimeURLConnection$1 done
Event: 2.623 Loading class jdk/internal/jimage/ImageBufferCache
Event: 2.623 Loading class jdk/internal/jimage/ImageBufferCache done
Event: 2.623 Loading class jdk/internal/jimage/ImageBufferCache$1
Event: 2.623 Loading class jdk/internal/jimage/ImageBufferCache$1 done
Event: 2.623 Loading class jdk/internal/jimage/ImageBufferCache$2
Event: 2.623 Loading class jdk/internal/jimage/ImageBufferCache$2 done
Event: 2.623 Loading class java/util/AbstractMap$SimpleEntry
Event: 2.623 Loading class java/util/AbstractMap$SimpleEntry done

Classes unloaded (0 events):
No events

Classes redefined (0 events):
No events

Internal exceptions (20 events):
Event: 0.991 Thread 0x0000020c7ebf0c90 Exception <a 'java/lang/NoSuchMethodError'{0x00000007155e3298}: 'java.lang.Object java.lang.invoke.Invokers$Holder.invokeExact_MT(java.lang.Object, int, java.lang.Object)'> (0x00000007155e3298) 
thrown [s\open\src\hotspot\share\interpreter\linkResolver.cpp, line 774]
Event: 1.144 Thread 0x0000020c7ebf0c90 Exception <a 'java/lang/NoSuchMethodError'{0x0000000714de2da0}: 'void java.lang.invoke.Invokers$Holder.invokeExact_MT(java.lang.Object, java.lang.Object, java.lang.Object, java.lang.Object)'> (0x0000000714de2da0) 
thrown [s\open\src\hotspot\share\interpreter\linkResolver.cpp, line 774]
Event: 1.158 Thread 0x0000020c7ebf0c90 Exception <a 'java/lang/NoClassDefFoundError'{0x0000000714a765a0}: com/google/inject/servlet/ServletModuleTargetVisitor> (0x0000000714a765a0) 
thrown [s\open\src\hotspot\share\classfile\systemDictionary.cpp, line 244]
Event: 1.211 Thread 0x0000020c7ebf0c90 Exception <a 'java/lang/NoSuchMethodError'{0x0000000714921938}: 'void java.lang.invoke.DirectMethodHandle$Holder.invokeVirtual(java.lang.Object, java.lang.Object)'> (0x0000000714921938) 
thrown [s\open\src\hotspot\share\interpreter\linkResolver.cpp, line 774]
Event: 1.231 Thread 0x0000020c7ebf0c90 Exception <a 'java/lang/NoSuchMethodError'{0x00000007149affb8}: 'java.lang.Object java.lang.invoke.DirectMethodHandle$Holder.invokeStaticInit(java.lang.Object, int, int, int, int)'> (0x00000007149affb8) 
thrown [s\open\src\hotspot\share\interpreter\linkResolver.cpp, line 774]
Event: 1.332 Thread 0x0000020c7ebf0c90 Implicit null exception at 0x0000020c10ea1972 to 0x0000020c10ea1e70
Event: 1.332 Thread 0x0000020c7ebf0c90 Implicit null exception at 0x0000020c10e926f2 to 0x0000020c10e92be4
Event: 1.350 Thread 0x0000020c7ebf0c90 Implicit null exception at 0x0000020c10f46c38 to 0x0000020c10f473cc
Event: 1.409 Thread 0x0000020c7ebf0c90 Exception <a 'java/lang/NoSuchMethodError'{0x00000007141abc48}: 'void java.lang.invoke.DirectMethodHandle$Holder.invokeVirtual(java.lang.Object, java.lang.Object, int)'> (0x00000007141abc48) 
thrown [s\open\src\hotspot\share\interpreter\linkResolver.cpp, line 774]
Event: 1.410 Thread 0x0000020c7ebf0c90 Exception <a 'java/lang/NoSuchMethodError'{0x00000007141b3168}: 'void java.lang.invoke.DelegatingMethodHandle$Holder.reinvoke_L(java.lang.Object, java.lang.Object, int)'> (0x00000007141b3168) 
thrown [s\open\src\hotspot\share\interpreter\linkResolver.cpp, line 774]
Event: 2.068 Thread 0x0000020c7ebf0c90 Implicit null exception at 0x0000020c10ef9a8f to 0x0000020c10ef9cec
Event: 2.068 Thread 0x0000020c7ebf0c90 Implicit null exception at 0x0000020c1103180d to 0x0000020c11031a0c
Event: 2.068 Thread 0x0000020c7ebf0c90 Implicit null exception at 0x0000020c10ea2e2f to 0x0000020c10ea2ea9
Event: 2.133 Thread 0x0000020c7ebf0c90 Exception <a 'java/lang/NoSuchMethodError'{0x000000071012da60}: 'java.lang.Object java.lang.invoke.DirectMethodHandle$Holder.newInvokeSpecial(java.lang.Object, java.lang.Object, java.lang.Object, java.lang.Object, java.lang.Object, java.lang.Object, java.lang.Object)'> (0x000000071012da60) 
thrown [s\open\src\hotspot\share\interpreter\linkResolver.cpp, line 774]
Event: 2.240 Thread 0x0000020c7ebf0c90 Implicit null exception at 0x0000020c110723c8 to 0x0000020c11072c58
Event: 2.250 Thread 0x0000020c7ebf0c90 Exception <a 'java/lang/NoSuchMethodError'{0x000000070f6c6298}: 'java.lang.Object java.lang.invoke.DirectMethodHandle$Holder.invokeVirtual(java.lang.Object, java.lang.Object, java.lang.Object)'> (0x000000070f6c6298) 
thrown [s\open\src\hotspot\share\interpreter\linkResolver.cpp, line 774]
Event: 2.251 Thread 0x0000020c7ebf0c90 Exception <a 'java/lang/NoSuchMethodError'{0x000000070f6cd5f0}: 'void java.lang.invoke.DirectMethodHandle$Holder.invokeSpecial(java.lang.Object, java.lang.Object, java.lang.Object, java.lang.Object, java.lang.Object, java.lang.Object)'> (0x000000070f6cd5f0) 
thrown [s\open\src\hotspot\share\interpreter\linkResolver.cpp, line 774]
Event: 2.253 Thread 0x0000020c7ebf0c90 Exception <a 'java/lang/NoSuchMethodError'{0x000000070f6d8c98}: 'int java.lang.invoke.DirectMethodHandle$Holder.invokeVirtual(java.lang.Object, java.lang.Object)'> (0x000000070f6d8c98) 
thrown [s\open\src\hotspot\share\interpreter\linkResolver.cpp, line 774]
Event: 2.268 Thread 0x0000020c7ebf0c90 Exception <a 'java/lang/NoSuchMethodError'{0x000000070f7a4aa8}: 'void java.lang.invoke.Invokers$Holder.invokeExact_MT(java.lang.Object, java.lang.Object, int, java.lang.Object)'> (0x000000070f7a4aa8) 
thrown [s\open\src\hotspot\share\interpreter\linkResolver.cpp, line 774]
Event: 2.615 Thread 0x0000020c7ebf0c90 Exception <a 'java/lang/NoSuchMethodError'{0x000000070e409d18}: 'int java.lang.invoke.DirectMethodHandle$Holder.invokeInterface(java.lang.Object, java.lang.Object)'> (0x000000070e409d18) 
thrown [s\open\src\hotspot\share\interpreter\linkResolver.cpp, line 774]

VM Operations (20 events):
Event: 1.445 Executing VM operation: HandshakeAllThreads
Event: 1.445 Executing VM operation: HandshakeAllThreads done
Event: 1.456 Executing VM operation: ICBufferFull
Event: 1.456 Executing VM operation: ICBufferFull done
Event: 1.735 Executing VM operation: ICBufferFull
Event: 1.735 Executing VM operation: ICBufferFull done
Event: 2.025 Executing VM operation: ICBufferFull
Event: 2.025 Executing VM operation: ICBufferFull done
Event: 2.187 Executing VM operation: ICBufferFull
Event: 2.187 Executing VM operation: ICBufferFull done
Event: 2.268 Executing VM operation: HandshakeAllThreads
Event: 2.268 Executing VM operation: HandshakeAllThreads done
Event: 2.386 Executing VM operation: ICBufferFull
Event: 2.387 Executing VM operation: ICBufferFull done
Event: 2.445 Executing VM operation: HandshakeAllThreads
Event: 2.445 Executing VM operation: HandshakeAllThreads done
Event: 2.512 Executing VM operation: HandshakeAllThreads
Event: 2.512 Executing VM operation: HandshakeAllThreads done
Event: 2.608 Executing VM operation: HandshakeAllThreads
Event: 2.608 Executing VM operation: HandshakeAllThreads done

Events (20 events):
Event: 0.026 Thread 0x0000020c2483d680 Thread added: 0x0000020c2483d680
Event: 0.026 Thread 0x0000020c2482c480 Thread added: 0x0000020c2482c480
Event: 0.043 Thread 0x0000020c28ce93f0 Thread added: 0x0000020c28ce93f0
Event: 0.050 Thread 0x0000020c2483c040 Thread added: 0x0000020c2483c040
Event: 0.050 Thread 0x0000020c2483c5d0 Thread added: 0x0000020c2483c5d0
Event: 0.050 Thread 0x0000020c2483cb60 Thread added: 0x0000020c2483cb60
Event: 0.071 Thread 0x0000020c28e25130 Thread added: 0x0000020c28e25130
Event: 0.071 Thread 0x0000020c28e27770 Thread added: 0x0000020c28e27770
Event: 0.106 Thread 0x0000020c2483dc10 Thread added: 0x0000020c2483dc10
Event: 0.439 Thread 0x0000020c2483aa00 Thread added: 0x0000020c2483aa00
Event: 0.447 Thread 0x0000020c2483b520 Thread added: 0x0000020c2483b520
Event: 0.447 Thread 0x0000020c2483a470 Thread added: 0x0000020c2483a470
Event: 0.451 Thread 0x0000020c2483af90 Thread added: 0x0000020c2483af90
Event: 0.451 Thread 0x0000020c2483d0f0 Thread added: 0x0000020c2483d0f0
Event: 0.452 Thread 0x0000020c2a059f40 Thread added: 0x0000020c2a059f40
Event: 1.231 Thread 0x0000020c2a059f40 Thread exited: 0x0000020c2a059f40
Event: 1.313 Thread 0x0000020c2483d0f0 Thread exited: 0x0000020c2483d0f0
Event: 2.068 Thread 0x0000020c2483af90 Thread exited: 0x0000020c2483af90
Event: 2.593 Thread 0x0000020c2483a470 Thread exited: 0x0000020c2483a470
Event: 2.603 Thread 0x0000020c2483b520 Thread exited: 0x0000020c2483b520


Dynamic libraries:
0x00007ff775160000 - 0x00007ff775170000 	C:\Program Files\Java\jdk-19\bin\java.exe
0x00007ffcd2430000 - 0x00007ffcd2647000 	C:\WINDOWS\SYSTEM32\ntdll.dll
0x00007ffcd1a20000 - 0x00007ffcd1ae4000 	C:\WINDOWS\System32\KERNEL32.DLL
0x00007ffccf6d0000 - 0x00007ffccfa8a000 	C:\WINDOWS\System32\KERNELBASE.dll
0x00007ffccfd70000 - 0x00007ffccfe81000 	C:\WINDOWS\System32\ucrtbase.dll
0x00007ffcb86f0000 - 0x00007ffcb8708000 	C:\Program Files\Java\jdk-19\bin\jli.dll
0x00007ffcb8960000 - 0x00007ffcb897b000 	C:\Program Files\Java\jdk-19\bin\VCRUNTIME140.dll
0x00007ffcd18b0000 - 0x00007ffcd1962000 	C:\WINDOWS\System32\ADVAPI32.dll
0x00007ffcd1970000 - 0x00007ffcd1a17000 	C:\WINDOWS\System32\msvcrt.dll
0x00007ffcd1c50000 - 0x00007ffcd1cf7000 	C:\WINDOWS\System32\sechost.dll
0x00007ffccffb0000 - 0x00007ffccffd8000 	C:\WINDOWS\System32\bcrypt.dll
0x00007ffcd10c0000 - 0x00007ffcd11d4000 	C:\WINDOWS\System32\RPCRT4.dll
0x00007ffcd1700000 - 0x00007ffcd18ae000 	C:\WINDOWS\System32\USER32.dll
0x00007ffccfd40000 - 0x00007ffccfd66000 	C:\WINDOWS\System32\win32u.dll
0x00007ffcb92f0000 - 0x00007ffcb9582000 	C:\WINDOWS\WinSxS\amd64_microsoft.windows.common-controls_6595b64144ccf1df_6.0.22621.4541_none_2710d1c57384c085\COMCTL32.dll
0x00007ffcd1f50000 - 0x00007ffcd1f79000 	C:\WINDOWS\System32\GDI32.dll
0x00007ffccffe0000 - 0x00007ffcd00fb000 	C:\WINDOWS\System32\gdi32full.dll
0x00007ffccff10000 - 0x00007ffccffaa000 	C:\WINDOWS\System32\msvcp_win.dll
0x00007ffcc7090000 - 0x00007ffcc709a000 	C:\WINDOWS\SYSTEM32\VERSION.dll
0x00007ffcd0120000 - 0x00007ffcd0151000 	C:\WINDOWS\System32\IMM32.DLL
0x00007ffcc7960000 - 0x00007ffcc796c000 	C:\Program Files\Java\jdk-19\bin\vcruntime140_1.dll
0x00007ffcaf0b0000 - 0x00007ffcaf13e000 	C:\Program Files\Java\jdk-19\bin\msvcp140.dll
0x00007ffc0cab0000 - 0x00007ffc0d770000 	C:\Program Files\Java\jdk-19\bin\server\jvm.dll
0x00007ffcc7e30000 - 0x00007ffcc7e64000 	C:\WINDOWS\SYSTEM32\WINMM.dll
0x00007ffcca6d0000 - 0x00007ffcca6d9000 	C:\WINDOWS\SYSTEM32\WSOCK32.dll
0x00007ffcd1660000 - 0x00007ffcd16d1000 	C:\WINDOWS\System32\WS2_32.dll
0x00007ffcce800000 - 0x00007ffcce818000 	C:\WINDOWS\SYSTEM32\kernel.appcore.dll
0x00007ffcc78f0000 - 0x00007ffcc78fa000 	C:\Program Files\Java\jdk-19\bin\jimage.dll
0x00007ffcccc90000 - 0x00007ffcccec2000 	C:\WINDOWS\SYSTEM32\DBGHELP.DLL
0x00007ffcd09f0000 - 0x00007ffcd0d7f000 	C:\WINDOWS\System32\combase.dll
0x00007ffcd1d00000 - 0x00007ffcd1dd7000 	C:\WINDOWS\System32\OLEAUT32.dll
0x00007ffcc47c0000 - 0x00007ffcc47f2000 	C:\WINDOWS\SYSTEM32\dbgcore.DLL
0x00007ffccfc00000 - 0x00007ffccfc7b000 	C:\WINDOWS\System32\bcryptPrimitives.dll
0x00007ffcb81b0000 - 0x00007ffcb81be000 	C:\Program Files\Java\jdk-19\bin\instrument.dll
0x00007ffcb8340000 - 0x00007ffcb8366000 	C:\Program Files\Java\jdk-19\bin\java.dll
0x00007ffc90740000 - 0x00007ffc90817000 	C:\Program Files\Java\jdk-19\bin\jsvml.dll
0x00007ffcd0170000 - 0x00007ffcd09e8000 	C:\WINDOWS\System32\SHELL32.dll
0x00007ffccd5d0000 - 0x00007ffccded8000 	C:\WINDOWS\SYSTEM32\windows.storage.dll
0x00007ffccd490000 - 0x00007ffccd5cf000 	C:\WINDOWS\SYSTEM32\wintypes.dll
0x00007ffcd0f40000 - 0x00007ffcd103a000 	C:\WINDOWS\System32\SHCORE.dll
0x00007ffcd1040000 - 0x00007ffcd109e000 	C:\WINDOWS\System32\shlwapi.dll
0x00007ffccf600000 - 0x00007ffccf62b000 	C:\WINDOWS\SYSTEM32\profapi.dll
0x00007ffcb8250000 - 0x00007ffcb8268000 	C:\Program Files\Java\jdk-19\bin\zip.dll
0x00007ffcb8320000 - 0x00007ffcb8333000 	C:\Program Files\Java\jdk-19\bin\net.dll
0x00007ffccb120000 - 0x00007ffccb256000 	C:\WINDOWS\SYSTEM32\WINHTTP.dll
0x00007ffccec80000 - 0x00007ffccece9000 	C:\WINDOWS\system32\mswsock.dll
0x00007ffcb8300000 - 0x00007ffcb8316000 	C:\Program Files\Java\jdk-19\bin\nio.dll
0x00007ffcb8190000 - 0x00007ffcb81aa000 	C:\Program Files\JetBrains\IntelliJ IDEA 2022.1.2\bin\breakgen64.dll
0x00007ffcc00e0000 - 0x00007ffcc00e8000 	C:\Program Files\Java\jdk-19\bin\extnet.dll
0x0000000069ac0000 - 0x0000000069ae4000 	C:\Users\99293\AppData\Local\Temp\jansi-2.4.0-257099ef09066a4a-jansi.dll
0x00007ffcb8230000 - 0x00007ffcb8240000 	C:\Program Files\Java\jdk-19\bin\verify.dll

dbghelp: loaded successfully - version: 4.0.5 - missing functions: none
symbol engine: initialized successfully - sym options: 0x614 - pdb path: .;C:\Program Files\Java\jdk-19\bin;C:\WINDOWS\SYSTEM32;C:\WINDOWS\WinSxS\amd64_microsoft.windows.common-controls_6595b64144ccf1df_6.0.22621.4541_none_2710d1c57384c085;C:\Program Files\Java\jdk-19\bin\server;C:\Program Files\JetBrains\IntelliJ IDEA 2022.1.2\bin;C:\Users\99293\AppData\Local\Temp

VM Arguments:
jvm_args: -Dmaven.multiModuleProjectDirectory=D:\website.citu-web -Dmaven.home=C:\Users\99293\.m2\wrapper\dists\apache-maven-3.9.3-bin\54p6kc7m0ap3os8bc4ge28ia2\apache-maven-3.9.3 -Dclassworlds.conf=C:\Users\99293\.m2\wrapper\dists\apache-maven-3.9.3-bin\54p6kc7m0ap3os8bc4ge28ia2\apache-maven-3.9.3\bin\m2.conf -Dmaven.ext.class.path=C:\Program Files\JetBrains\IntelliJ IDEA 2022.1.2\plugins\maven\lib\maven-event-listener.jar -javaagent:C:\Program Files\JetBrains\IntelliJ IDEA 2022.1.2\lib\idea_rt.jar=51781:C:\Program Files\JetBrains\IntelliJ IDEA 2022.1.2\bin -Dfile.encoding=UTF-8 
java_command: org.codehaus.classworlds.Launcher -Didea.version=2022.1.2 package
java_class_path (initial): C:\Users\99293\.m2\wrapper\dists\apache-maven-3.9.3-bin\54p6kc7m0ap3os8bc4ge28ia2\apache-maven-3.9.3\boot\plexus-classworlds-2.7.0.jar;C:\Users\99293\.m2\wrapper\dists\apache-maven-3.9.3-bin\54p6kc7m0ap3os8bc4ge28ia2\apache-maven-3.9.3\boot\plexus-classworlds.license
Launcher Type: SUN_STANDARD

[Global flags]
     intx CICompilerCount                          = 12                                        {product} {ergonomic}
     uint ConcGCThreads                            = 3                                         {product} {ergonomic}
     uint G1ConcRefinementThreads                  = 13                                        {product} {ergonomic}
   size_t G1HeapRegionSize                         = 2097152                                   {product} {ergonomic}
    uintx GCDrainStackTargetSize                   = 64                                        {product} {ergonomic}
   size_t InitialHeapSize                          = 264241152                                 {product} {ergonomic}
   size_t MarkStackSize                            = 4194304                                   {product} {ergonomic}
   size_t MaxHeapSize                              = 4196401152                                {product} {ergonomic}
   size_t MaxNewSize                               = 2516582400                                {product} {ergonomic}
   size_t MinHeapDeltaBytes                        = 2097152                                   {product} {ergonomic}
   size_t MinHeapSize                              = 8388608                                   {product} {ergonomic}
    uintx NonNMethodCodeHeapSize                   = 7602480                                {pd product} {ergonomic}
    uintx NonProfiledCodeHeapSize                  = 122027880                              {pd product} {ergonomic}
    uintx ProfiledCodeHeapSize                     = 122027880                              {pd product} {ergonomic}
    uintx ReservedCodeCacheSize                    = 251658240                              {pd product} {ergonomic}
     bool SegmentedCodeCache                       = true                                      {product} {ergonomic}
   size_t SoftMaxHeapSize                          = 4196401152                             {manageable} {ergonomic}
     bool UseCompressedClassPointers               = true                           {product lp64_product} {ergonomic}
     bool UseCompressedOops                        = true                           {product lp64_product} {ergonomic}
     bool UseG1GC                                  = true                                      {product} {ergonomic}
     bool UseLargePagesIndividualAllocation        = false                                  {pd product} {ergonomic}

Logging:
Log output configuration:
 #0: stdout all=warning uptime,level,tags foldmultilines=false
 #1: stderr all=off uptime,level,tags foldmultilines=false

Environment Variables:
JAVA_HOME=C:\Program Files\Java\jdk-19
PATH=C:\Program Files\Common Files\Oracle\Java\javapath;C:\Windows\system32;C:\Windows;C:\Windows\System32\Wbem;C:\Windows\System32\WindowsPowerShell\v1.0\;C:\Windows\System32\OpenSSH\;C:\Program Files (x86)\NVIDIA Corporation\PhysX\Common;C:\Program Files\NVIDIA Corporation\NVIDIA NvDLISR;C:\Program Files (x86)\dotnet\;C:\WINDOWS\system32;C:\WINDOWS;C:\WINDOWS\System32\Wbem;C:\WINDOWS\System32\WindowsPowerShell\v1.0\;C:\WINDOWS\System32\OpenSSH\;C:\Program Files\Java\jdk-19\bin;C:\Program Files\Git\cmd;C:\Users\99293\AppData\Local\Programs\Python\Python311\Scripts\;C:\Users\99293\AppData\Local\Programs\Python\Python311\;C:\Users\99293\AppData\Local\Microsoft\WindowsApps;;C:\Program Files\JetBrains\IntelliJ IDEA 2022.1.2\bin;;C:\Program Files\heroku\bin
USERNAME=ASUS
OS=Windows_NT
PROCESSOR_IDENTIFIER=Intel64 Family 6 Model 154 Stepping 3, GenuineIntel
TMP=C:\Users\99293\AppData\Local\Temp
TEMP=C:\Users\99293\AppData\Local\Temp



---------------  S Y S T E M  ---------------

OS:
 Windows 11 , 64 bit Build 22621 (10.0.22621.4391)
OS uptime: 0 days 10:37 hours
Hyper-V role detected

CPU: total 16 (initial active 16) (8 cores per cpu, 2 threads per core) family 6 model 154 stepping 3 microcode 0x429, cx8, cmov, fxsr, ht, mmx, 3dnowpref, sse, sse2, sse3, ssse3, sse4.1, sse4.2, popcnt, lzcnt, tsc, tscinvbit, avx, avx2, aes, erms, clmul, bmi1, bmi2, adx, sha, fma, vzeroupper, clflush, clflushopt, clwb, hv, serialize, rdtscp, rdpid, fsrm

Memory: 4k page, system-wide physical 16004M (2963M free)
TotalPageFile size 18052M (AvailPageFile size 5M)
current process WorkingSet (physical memory assigned to process): 268M, peak: 268M
current process commit charge ("private bytes"): 424M, peak: 427M

vm_info: Java HotSpot(TM) 64-Bit Server VM (19.0.2+7-44) for windows-amd64 JRE (19.0.2+7-44), built on 2022-11-30T18:02:09Z by "mach5one" with MS VC++ 17.1 (VS2022)

END.
