#
# There is insufficient memory for the Java Runtime Environment to continue.
# Native memory allocation (malloc) failed to allocate 32744 bytes for Chunk::new
# Possible reasons:
#   The system is out of physical RAM or swap space
#   The process is running with CompressedOops enabled, and the Java Heap may be blocking the growth of the native heap
# Possible solutions:
#   Reduce memory load on the system
#   Increase physical memory or swap space
#   Check if swap backing store is full
#   Decrease Java heap size (-Xmx/-Xms)
#   Decrease number of Java threads
#   Decrease Java thread stack sizes (-Xss)
#   Set larger code cache with -XX:ReservedCodeCacheSize=
#   JVM is running with Zero Based Compressed Oops mode in which the Java heap is
#     placed in the first 32GB address space. The Java Heap base address is the
#     maximum limit for the native heap growth. Please use -XX:HeapBaseMinAddress
#     to set the Java Heap base and to place the Java Heap above 32GB virtual address.
# This output file may be truncated or incomplete.
#
#  Out of Memory Error (arena.cpp:184), pid=7752, tid=20108
#
# JRE version: Java(TM) SE Runtime Environment (19.0.2+7) (build 19.0.2+7-44)
# Java VM: Java HotSpot(TM) 64-Bit Server VM (19.0.2+7-44, mixed mode, sharing, tiered, compressed oops, compressed class ptrs, g1 gc, windows-amd64)
# No core dump will be written. Minidumps are not enabled by default on client versions of Windows
#

---------------  S U M M A R Y ------------

Command Line: -Dmaven.multiModuleProjectDirectory=D:\website.citu-web -Dmaven.home=C:\Users\99293\.m2\wrapper\dists\apache-maven-3.9.3-bin\54p6kc7m0ap3os8bc4ge28ia2\apache-maven-3.9.3 -Dclassworlds.conf=C:\Users\99293\.m2\wrapper\dists\apache-maven-3.9.3-bin\54p6kc7m0ap3os8bc4ge28ia2\apache-maven-3.9.3\bin\m2.conf -Dmaven.ext.class.path=C:\Program Files\JetBrains\IntelliJ IDEA 2022.1.2\plugins\maven\lib\maven-event-listener.jar -javaagent:C:\Program Files\JetBrains\IntelliJ IDEA 2022.1.2\lib\idea_rt.jar=49685:C:\Program Files\JetBrains\IntelliJ IDEA 2022.1.2\bin -Dfile.encoding=UTF-8 org.codehaus.classworlds.Launcher -Didea.version=2022.1.2 package

Host: 12th Gen Intel(R) Core(TM) i7-12650H, 16 cores, 15G,  Windows 11 , 64 bit Build 22621 (10.0.22621.4391)
Time: Sat Dec 28 18:22:04 2024  Windows 11 , 64 bit Build 22621 (10.0.22621.4391) elapsed time: 0.247489 seconds (0d 0h 0m 0s)

---------------  T H R E A D  ---------------

Current thread (0x0000021877e19df0):  JavaThread "Monitor Ctrl-Break" daemon [_thread_in_vm, id=20108, stack(0x00000079edb00000,0x00000079edc00000)]

Stack: [0x00000079edb00000,0x00000079edc00000]
Native frames: (J=compiled Java code, j=interpreted, Vv=VM code, C=native code)
V  [jvm.dll+0x6ee21a]
V  [jvm.dll+0x85765e]
V  [jvm.dll+0x85904e]
V  [jvm.dll+0x859703]
V  [jvm.dll+0x28298f]
V  [jvm.dll+0xc9adf]
V  [jvm.dll+0xc9e65]
V  [jvm.dll+0x226848]
V  [jvm.dll+0x225686]
V  [jvm.dll+0x7cc802]
V  [jvm.dll+0x7cdc4a]
V  [jvm.dll+0x7cdf78]
V  [jvm.dll+0x271e1b]
V  [jvm.dll+0x27203f]
V  [jvm.dll+0x5cb423]
V  [jvm.dll+0x5cd994]
V  [jvm.dll+0x3dd95c]
V  [jvm.dll+0x3dd3f2]
C  0x000002185f0ca13d

Java frames: (J=compiled Java code, j=interpreted, Vv=VM code)
j  sun.net.spi.DefaultProxySelector.select(Ljava/net/URI;)Ljava/util/List;+198 java.base@19.0.2
j  java.net.SocksSocketImpl.connect(Ljava/net/SocketAddress;I)V+305 java.base@19.0.2
j  java.net.Socket.connect(Ljava/net/SocketAddress;I)V+168 java.base@19.0.2
j  java.net.Socket.connect(Ljava/net/SocketAddress;)V+3 java.base@19.0.2
j  java.net.Socket.<init>(Ljava/net/SocketAddress;Ljava/net/SocketAddress;Z)V+77 java.base@19.0.2
j  java.net.Socket.<init>(Ljava/lang/String;I)V+34 java.base@19.0.2
j  com.intellij.rt.execution.application.AppMainV2$1.run()V+10
v  ~StubRoutines::call_stub 0x000002185f0a100e

---------------  P R O C E S S  ---------------

Threads class SMR info:
_java_thread_list=0x0000021877dee050, length=17, elements={
0x000002184fcf0b80, 0x0000021873a13650, 0x0000021873a16090, 0x0000021873a1b620,
0x0000021873a1c7c0, 0x0000021873a1d0f0, 0x0000021873a21a50, 0x0000021873a246c0,
0x0000021873a2a560, 0x0000021873a2aae0, 0x0000021877cb1100, 0x0000021877ce6510,
0x0000021877cecec0, 0x0000021877ced440, 0x0000021877d68b20, 0x0000021877e19df0,
0x0000021877e1a940
}

Java Threads: ( => current thread )
  0x000002184fcf0b80 JavaThread "main" [_thread_in_native, id=16292, stack(0x00000079ec600000,0x00000079ec700000)]
  0x0000021873a13650 JavaThread "Reference Handler" daemon [_thread_blocked, id=20624, stack(0x00000079ecd00000,0x00000079ece00000)]
  0x0000021873a16090 JavaThread "Finalizer" daemon [_thread_blocked, id=17524, stack(0x00000079ece00000,0x00000079ecf00000)]
  0x0000021873a1b620 JavaThread "Signal Dispatcher" daemon [_thread_blocked, id=9420, stack(0x00000079ecf00000,0x00000079ed000000)]
  0x0000021873a1c7c0 JavaThread "Attach Listener" daemon [_thread_blocked, id=9416, stack(0x00000079ed000000,0x00000079ed100000)]
  0x0000021873a1d0f0 JavaThread "Service Thread" daemon [_thread_blocked, id=13780, stack(0x00000079ed100000,0x00000079ed200000)]
  0x0000021873a21a50 JavaThread "Monitor Deflation Thread" daemon [_thread_blocked, id=11212, stack(0x00000079ed200000,0x00000079ed300000)]
  0x0000021873a246c0 JavaThread "C2 CompilerThread0" daemon [_thread_blocked, id=17812, stack(0x00000079ed300000,0x00000079ed400000)]
  0x0000021873a2a560 JavaThread "C1 CompilerThread0" daemon [_thread_blocked, id=16888, stack(0x00000079ed400000,0x00000079ed500000)]
  0x0000021873a2aae0 JavaThread "Sweeper thread" daemon [_thread_blocked, id=28596, stack(0x00000079ed500000,0x00000079ed600000)]
  0x0000021877cb1100 JavaThread "Common-Cleaner" daemon [_thread_blocked, id=16512, stack(0x00000079ed600000,0x00000079ed700000)]
  0x0000021877ce6510 JavaThread "C1 CompilerThread1" daemon [_thread_blocked, id=10552, stack(0x00000079ed700000,0x00000079ed800000)]
  0x0000021877cecec0 JavaThread "C1 CompilerThread2" daemon [_thread_blocked, id=25572, stack(0x00000079ed800000,0x00000079ed900000)]
  0x0000021877ced440 JavaThread "C1 CompilerThread3" daemon [_thread_blocked, id=28292, stack(0x00000079ed900000,0x00000079eda00000)]
  0x0000021877d68b20 JavaThread "C2 CompilerThread1" daemon [_thread_in_native, id=25836, stack(0x00000079eda00000,0x00000079edb00000)]
=>0x0000021877e19df0 JavaThread "Monitor Ctrl-Break" daemon [_thread_in_vm, id=20108, stack(0x00000079edb00000,0x00000079edc00000)]
  0x0000021877e1a940 JavaThread "Notification Thread" daemon [_thread_blocked, id=12896, stack(0x00000079edc00000,0x00000079edd00000)]

Other Threads:
  0x00000218739f4e30 VMThread "VM Thread" [stack: 0x00000079ecc00000,0x00000079ecd00000] [id=29672]
  0x0000021877e1c730 WatcherThread "VM Periodic Task Thread" [stack: 0x00000079edd00000,0x00000079ede00000] [id=24568]
  0x000002184fd612c0 WorkerThread "GC Thread#0" [stack: 0x00000079ec700000,0x00000079ec800000] [id=27836]
  0x000002184fd72c40 ConcurrentGCThread "G1 Main Marker" [stack: 0x00000079ec800000,0x00000079ec900000] [id=29576]
  0x000002184fd73810 WorkerThread "G1 Conc#0" [stack: 0x00000079ec900000,0x00000079eca00000] [id=28992]
  0x00000218738b16a0 ConcurrentGCThread "G1 Refine#0" [stack: 0x00000079eca00000,0x00000079ecb00000] [id=1180]
  0x00000218738b3090 ConcurrentGCThread "G1 Service" [stack: 0x00000079ecb00000,0x00000079ecc00000] [id=21560]

Threads with active compile tasks:
C2 CompilerThread1      258  296       4       java.util.zip.ZipCoder$UTF8ZipCoder::checkedHash (91 bytes)

VM state: not at safepoint (normal execution)

VM Mutex/Monitor currently owned by a thread:  ([mutex/lock_event])
[0x000002184fcec590] MethodCompileQueue_lock - owner thread: 0x0000000000000000

Heap address: 0x0000000705e00000, size: 4002 MB, Compressed Oops mode: Zero based, Oop shift amount: 3

CDS archive(s) mapped at: [0x0000000800000000-0x0000000800c40000-0x0000000800c40000), size 12845056, SharedBaseAddress: 0x0000000800000000, ArchiveRelocationMode: 0.
Compressed class space mapped at: 0x0000000801000000-0x0000000841000000, reserved size: 1073741824
Narrow klass base: 0x0000000800000000, Narrow klass shift: 0, Narrow klass range: 0x100000000

GC Precious Log:
 CardTable entry size: 512
 Card Set container configuration: InlinePtr #cards 4 size 8 Array Of Cards #cards 16 size 48 Howl #buckets 8 coarsen threshold 3686 Howl Bitmap #cards 512 size 80 coarsen threshold 460 Card regions per heap region 1 cards per card region 4096
 CPUs: 16 total, 16 available
 Memory: 16004M
 Large Page Support: Disabled
 NUMA Support: Disabled
 Compressed Oops: Enabled (Zero based)
 Heap Region Size: 2M
 Heap Min Capacity: 8M
 Heap Initial Capacity: 252M
 Heap Max Capacity: 4002M
 Pre-touch: Disabled
 Parallel Workers: 13
 Concurrent Workers: 3
 Concurrent Refinement Workers: 13
 Periodic GC: Disabled

Heap:
 garbage-first heap   total 258048K, used 4096K [0x0000000705e00000, 0x0000000800000000)
  region size 2048K, 3 young (6144K), 0 survivors (0K)
 Metaspace       used 1057K, committed 1216K, reserved 1114112K
  class space    used 85K, committed 192K, reserved 1048576K

Heap Regions: E=young(eden), S=young(survivor), O=old, HS=humongous(starts), HC=humongous(continues), CS=collection set, F=free, OA=open archive, CA=closed archive, TAMS=top-at-mark-start (previous, next)
|   0|0x0000000705e00000, 0x0000000705e00000, 0x0000000706000000|  0%| F|  |TAMS 0x0000000705e00000, 0x0000000705e00000| Untracked 
|   1|0x0000000706000000, 0x0000000706000000, 0x0000000706200000|  0%| F|  |TAMS 0x0000000706000000, 0x0000000706000000| Untracked 
|   2|0x0000000706200000, 0x0000000706200000, 0x0000000706400000|  0%| F|  |TAMS 0x0000000706200000, 0x0000000706200000| Untracked 
|   3|0x0000000706400000, 0x0000000706400000, 0x0000000706600000|  0%| F|  |TAMS 0x0000000706400000, 0x0000000706400000| Untracked 
|   4|0x0000000706600000, 0x0000000706600000, 0x0000000706800000|  0%| F|  |TAMS 0x0000000706600000, 0x0000000706600000| Untracked 
|   5|0x0000000706800000, 0x0000000706800000, 0x0000000706a00000|  0%| F|  |TAMS 0x0000000706800000, 0x0000000706800000| Untracked 
|   6|0x0000000706a00000, 0x0000000706a00000, 0x0000000706c00000|  0%| F|  |TAMS 0x0000000706a00000, 0x0000000706a00000| Untracked 
|   7|0x0000000706c00000, 0x0000000706c00000, 0x0000000706e00000|  0%| F|  |TAMS 0x0000000706c00000, 0x0000000706c00000| Untracked 
|   8|0x0000000706e00000, 0x0000000706e00000, 0x0000000707000000|  0%| F|  |TAMS 0x0000000706e00000, 0x0000000706e00000| Untracked 
|   9|0x0000000707000000, 0x0000000707000000, 0x0000000707200000|  0%| F|  |TAMS 0x0000000707000000, 0x0000000707000000| Untracked 
|  10|0x0000000707200000, 0x0000000707200000, 0x0000000707400000|  0%| F|  |TAMS 0x0000000707200000, 0x0000000707200000| Untracked 
|  11|0x0000000707400000, 0x0000000707400000, 0x0000000707600000|  0%| F|  |TAMS 0x0000000707400000, 0x0000000707400000| Untracked 
|  12|0x0000000707600000, 0x0000000707600000, 0x0000000707800000|  0%| F|  |TAMS 0x0000000707600000, 0x0000000707600000| Untracked 
|  13|0x0000000707800000, 0x0000000707800000, 0x0000000707a00000|  0%| F|  |TAMS 0x0000000707800000, 0x0000000707800000| Untracked 
|  14|0x0000000707a00000, 0x0000000707a00000, 0x0000000707c00000|  0%| F|  |TAMS 0x0000000707a00000, 0x0000000707a00000| Untracked 
|  15|0x0000000707c00000, 0x0000000707c00000, 0x0000000707e00000|  0%| F|  |TAMS 0x0000000707c00000, 0x0000000707c00000| Untracked 
|  16|0x0000000707e00000, 0x0000000707e00000, 0x0000000708000000|  0%| F|  |TAMS 0x0000000707e00000, 0x0000000707e00000| Untracked 
|  17|0x0000000708000000, 0x0000000708000000, 0x0000000708200000|  0%| F|  |TAMS 0x0000000708000000, 0x0000000708000000| Untracked 
|  18|0x0000000708200000, 0x0000000708200000, 0x0000000708400000|  0%| F|  |TAMS 0x0000000708200000, 0x0000000708200000| Untracked 
|  19|0x0000000708400000, 0x0000000708400000, 0x0000000708600000|  0%| F|  |TAMS 0x0000000708400000, 0x0000000708400000| Untracked 
|  20|0x0000000708600000, 0x0000000708600000, 0x0000000708800000|  0%| F|  |TAMS 0x0000000708600000, 0x0000000708600000| Untracked 
|  21|0x0000000708800000, 0x0000000708800000, 0x0000000708a00000|  0%| F|  |TAMS 0x0000000708800000, 0x0000000708800000| Untracked 
|  22|0x0000000708a00000, 0x0000000708a00000, 0x0000000708c00000|  0%| F|  |TAMS 0x0000000708a00000, 0x0000000708a00000| Untracked 
|  23|0x0000000708c00000, 0x0000000708c00000, 0x0000000708e00000|  0%| F|  |TAMS 0x0000000708c00000, 0x0000000708c00000| Untracked 
|  24|0x0000000708e00000, 0x0000000708e00000, 0x0000000709000000|  0%| F|  |TAMS 0x0000000708e00000, 0x0000000708e00000| Untracked 
|  25|0x0000000709000000, 0x0000000709000000, 0x0000000709200000|  0%| F|  |TAMS 0x0000000709000000, 0x0000000709000000| Untracked 
|  26|0x0000000709200000, 0x0000000709200000, 0x0000000709400000|  0%| F|  |TAMS 0x0000000709200000, 0x0000000709200000| Untracked 
|  27|0x0000000709400000, 0x0000000709400000, 0x0000000709600000|  0%| F|  |TAMS 0x0000000709400000, 0x0000000709400000| Untracked 
|  28|0x0000000709600000, 0x0000000709600000, 0x0000000709800000|  0%| F|  |TAMS 0x0000000709600000, 0x0000000709600000| Untracked 
|  29|0x0000000709800000, 0x0000000709800000, 0x0000000709a00000|  0%| F|  |TAMS 0x0000000709800000, 0x0000000709800000| Untracked 
|  30|0x0000000709a00000, 0x0000000709a00000, 0x0000000709c00000|  0%| F|  |TAMS 0x0000000709a00000, 0x0000000709a00000| Untracked 
|  31|0x0000000709c00000, 0x0000000709c00000, 0x0000000709e00000|  0%| F|  |TAMS 0x0000000709c00000, 0x0000000709c00000| Untracked 
|  32|0x0000000709e00000, 0x0000000709e00000, 0x000000070a000000|  0%| F|  |TAMS 0x0000000709e00000, 0x0000000709e00000| Untracked 
|  33|0x000000070a000000, 0x000000070a000000, 0x000000070a200000|  0%| F|  |TAMS 0x000000070a000000, 0x000000070a000000| Untracked 
|  34|0x000000070a200000, 0x000000070a200000, 0x000000070a400000|  0%| F|  |TAMS 0x000000070a200000, 0x000000070a200000| Untracked 
|  35|0x000000070a400000, 0x000000070a400000, 0x000000070a600000|  0%| F|  |TAMS 0x000000070a400000, 0x000000070a400000| Untracked 
|  36|0x000000070a600000, 0x000000070a600000, 0x000000070a800000|  0%| F|  |TAMS 0x000000070a600000, 0x000000070a600000| Untracked 
|  37|0x000000070a800000, 0x000000070a800000, 0x000000070aa00000|  0%| F|  |TAMS 0x000000070a800000, 0x000000070a800000| Untracked 
|  38|0x000000070aa00000, 0x000000070aa00000, 0x000000070ac00000|  0%| F|  |TAMS 0x000000070aa00000, 0x000000070aa00000| Untracked 
|  39|0x000000070ac00000, 0x000000070ac00000, 0x000000070ae00000|  0%| F|  |TAMS 0x000000070ac00000, 0x000000070ac00000| Untracked 
|  40|0x000000070ae00000, 0x000000070ae00000, 0x000000070b000000|  0%| F|  |TAMS 0x000000070ae00000, 0x000000070ae00000| Untracked 
|  41|0x000000070b000000, 0x000000070b000000, 0x000000070b200000|  0%| F|  |TAMS 0x000000070b000000, 0x000000070b000000| Untracked 
|  42|0x000000070b200000, 0x000000070b200000, 0x000000070b400000|  0%| F|  |TAMS 0x000000070b200000, 0x000000070b200000| Untracked 
|  43|0x000000070b400000, 0x000000070b400000, 0x000000070b600000|  0%| F|  |TAMS 0x000000070b400000, 0x000000070b400000| Untracked 
|  44|0x000000070b600000, 0x000000070b600000, 0x000000070b800000|  0%| F|  |TAMS 0x000000070b600000, 0x000000070b600000| Untracked 
|  45|0x000000070b800000, 0x000000070b800000, 0x000000070ba00000|  0%| F|  |TAMS 0x000000070b800000, 0x000000070b800000| Untracked 
|  46|0x000000070ba00000, 0x000000070ba00000, 0x000000070bc00000|  0%| F|  |TAMS 0x000000070ba00000, 0x000000070ba00000| Untracked 
|  47|0x000000070bc00000, 0x000000070bc00000, 0x000000070be00000|  0%| F|  |TAMS 0x000000070bc00000, 0x000000070bc00000| Untracked 
|  48|0x000000070be00000, 0x000000070be00000, 0x000000070c000000|  0%| F|  |TAMS 0x000000070be00000, 0x000000070be00000| Untracked 
|  49|0x000000070c000000, 0x000000070c000000, 0x000000070c200000|  0%| F|  |TAMS 0x000000070c000000, 0x000000070c000000| Untracked 
|  50|0x000000070c200000, 0x000000070c200000, 0x000000070c400000|  0%| F|  |TAMS 0x000000070c200000, 0x000000070c200000| Untracked 
|  51|0x000000070c400000, 0x000000070c400000, 0x000000070c600000|  0%| F|  |TAMS 0x000000070c400000, 0x000000070c400000| Untracked 
|  52|0x000000070c600000, 0x000000070c600000, 0x000000070c800000|  0%| F|  |TAMS 0x000000070c600000, 0x000000070c600000| Untracked 
|  53|0x000000070c800000, 0x000000070c800000, 0x000000070ca00000|  0%| F|  |TAMS 0x000000070c800000, 0x000000070c800000| Untracked 
|  54|0x000000070ca00000, 0x000000070ca00000, 0x000000070cc00000|  0%| F|  |TAMS 0x000000070ca00000, 0x000000070ca00000| Untracked 
|  55|0x000000070cc00000, 0x000000070cc00000, 0x000000070ce00000|  0%| F|  |TAMS 0x000000070cc00000, 0x000000070cc00000| Untracked 
|  56|0x000000070ce00000, 0x000000070ce00000, 0x000000070d000000|  0%| F|  |TAMS 0x000000070ce00000, 0x000000070ce00000| Untracked 
|  57|0x000000070d000000, 0x000000070d000000, 0x000000070d200000|  0%| F|  |TAMS 0x000000070d000000, 0x000000070d000000| Untracked 
|  58|0x000000070d200000, 0x000000070d200000, 0x000000070d400000|  0%| F|  |TAMS 0x000000070d200000, 0x000000070d200000| Untracked 
|  59|0x000000070d400000, 0x000000070d400000, 0x000000070d600000|  0%| F|  |TAMS 0x000000070d400000, 0x000000070d400000| Untracked 
|  60|0x000000070d600000, 0x000000070d600000, 0x000000070d800000|  0%| F|  |TAMS 0x000000070d600000, 0x000000070d600000| Untracked 
|  61|0x000000070d800000, 0x000000070d800000, 0x000000070da00000|  0%| F|  |TAMS 0x000000070d800000, 0x000000070d800000| Untracked 
|  62|0x000000070da00000, 0x000000070da00000, 0x000000070dc00000|  0%| F|  |TAMS 0x000000070da00000, 0x000000070da00000| Untracked 
|  63|0x000000070dc00000, 0x000000070dc00000, 0x000000070de00000|  0%| F|  |TAMS 0x000000070dc00000, 0x000000070dc00000| Untracked 
|  64|0x000000070de00000, 0x000000070de00000, 0x000000070e000000|  0%| F|  |TAMS 0x000000070de00000, 0x000000070de00000| Untracked 
|  65|0x000000070e000000, 0x000000070e000000, 0x000000070e200000|  0%| F|  |TAMS 0x000000070e000000, 0x000000070e000000| Untracked 
|  66|0x000000070e200000, 0x000000070e200000, 0x000000070e400000|  0%| F|  |TAMS 0x000000070e200000, 0x000000070e200000| Untracked 
|  67|0x000000070e400000, 0x000000070e400000, 0x000000070e600000|  0%| F|  |TAMS 0x000000070e400000, 0x000000070e400000| Untracked 
|  68|0x000000070e600000, 0x000000070e600000, 0x000000070e800000|  0%| F|  |TAMS 0x000000070e600000, 0x000000070e600000| Untracked 
|  69|0x000000070e800000, 0x000000070e800000, 0x000000070ea00000|  0%| F|  |TAMS 0x000000070e800000, 0x000000070e800000| Untracked 
|  70|0x000000070ea00000, 0x000000070ea00000, 0x000000070ec00000|  0%| F|  |TAMS 0x000000070ea00000, 0x000000070ea00000| Untracked 
|  71|0x000000070ec00000, 0x000000070ec00000, 0x000000070ee00000|  0%| F|  |TAMS 0x000000070ec00000, 0x000000070ec00000| Untracked 
|  72|0x000000070ee00000, 0x000000070ee00000, 0x000000070f000000|  0%| F|  |TAMS 0x000000070ee00000, 0x000000070ee00000| Untracked 
|  73|0x000000070f000000, 0x000000070f000000, 0x000000070f200000|  0%| F|  |TAMS 0x000000070f000000, 0x000000070f000000| Untracked 
|  74|0x000000070f200000, 0x000000070f200000, 0x000000070f400000|  0%| F|  |TAMS 0x000000070f200000, 0x000000070f200000| Untracked 
|  75|0x000000070f400000, 0x000000070f400000, 0x000000070f600000|  0%| F|  |TAMS 0x000000070f400000, 0x000000070f400000| Untracked 
|  76|0x000000070f600000, 0x000000070f600000, 0x000000070f800000|  0%| F|  |TAMS 0x000000070f600000, 0x000000070f600000| Untracked 
|  77|0x000000070f800000, 0x000000070f800000, 0x000000070fa00000|  0%| F|  |TAMS 0x000000070f800000, 0x000000070f800000| Untracked 
|  78|0x000000070fa00000, 0x000000070fa00000, 0x000000070fc00000|  0%| F|  |TAMS 0x000000070fa00000, 0x000000070fa00000| Untracked 
|  79|0x000000070fc00000, 0x000000070fc00000, 0x000000070fe00000|  0%| F|  |TAMS 0x000000070fc00000, 0x000000070fc00000| Untracked 
|  80|0x000000070fe00000, 0x000000070fe00000, 0x0000000710000000|  0%| F|  |TAMS 0x000000070fe00000, 0x000000070fe00000| Untracked 
|  81|0x0000000710000000, 0x0000000710000000, 0x0000000710200000|  0%| F|  |TAMS 0x0000000710000000, 0x0000000710000000| Untracked 
|  82|0x0000000710200000, 0x0000000710200000, 0x0000000710400000|  0%| F|  |TAMS 0x0000000710200000, 0x0000000710200000| Untracked 
|  83|0x0000000710400000, 0x0000000710400000, 0x0000000710600000|  0%| F|  |TAMS 0x0000000710400000, 0x0000000710400000| Untracked 
|  84|0x0000000710600000, 0x0000000710600000, 0x0000000710800000|  0%| F|  |TAMS 0x0000000710600000, 0x0000000710600000| Untracked 
|  85|0x0000000710800000, 0x0000000710800000, 0x0000000710a00000|  0%| F|  |TAMS 0x0000000710800000, 0x0000000710800000| Untracked 
|  86|0x0000000710a00000, 0x0000000710a00000, 0x0000000710c00000|  0%| F|  |TAMS 0x0000000710a00000, 0x0000000710a00000| Untracked 
|  87|0x0000000710c00000, 0x0000000710c00000, 0x0000000710e00000|  0%| F|  |TAMS 0x0000000710c00000, 0x0000000710c00000| Untracked 
|  88|0x0000000710e00000, 0x0000000710e00000, 0x0000000711000000|  0%| F|  |TAMS 0x0000000710e00000, 0x0000000710e00000| Untracked 
|  89|0x0000000711000000, 0x0000000711000000, 0x0000000711200000|  0%| F|  |TAMS 0x0000000711000000, 0x0000000711000000| Untracked 
|  90|0x0000000711200000, 0x0000000711200000, 0x0000000711400000|  0%| F|  |TAMS 0x0000000711200000, 0x0000000711200000| Untracked 
|  91|0x0000000711400000, 0x0000000711400000, 0x0000000711600000|  0%| F|  |TAMS 0x0000000711400000, 0x0000000711400000| Untracked 
|  92|0x0000000711600000, 0x0000000711600000, 0x0000000711800000|  0%| F|  |TAMS 0x0000000711600000, 0x0000000711600000| Untracked 
|  93|0x0000000711800000, 0x0000000711800000, 0x0000000711a00000|  0%| F|  |TAMS 0x0000000711800000, 0x0000000711800000| Untracked 
|  94|0x0000000711a00000, 0x0000000711a00000, 0x0000000711c00000|  0%| F|  |TAMS 0x0000000711a00000, 0x0000000711a00000| Untracked 
|  95|0x0000000711c00000, 0x0000000711c00000, 0x0000000711e00000|  0%| F|  |TAMS 0x0000000711c00000, 0x0000000711c00000| Untracked 
|  96|0x0000000711e00000, 0x0000000711e00000, 0x0000000712000000|  0%| F|  |TAMS 0x0000000711e00000, 0x0000000711e00000| Untracked 
|  97|0x0000000712000000, 0x0000000712000000, 0x0000000712200000|  0%| F|  |TAMS 0x0000000712000000, 0x0000000712000000| Untracked 
|  98|0x0000000712200000, 0x0000000712200000, 0x0000000712400000|  0%| F|  |TAMS 0x0000000712200000, 0x0000000712200000| Untracked 
|  99|0x0000000712400000, 0x0000000712400000, 0x0000000712600000|  0%| F|  |TAMS 0x0000000712400000, 0x0000000712400000| Untracked 
| 100|0x0000000712600000, 0x0000000712600000, 0x0000000712800000|  0%| F|  |TAMS 0x0000000712600000, 0x0000000712600000| Untracked 
| 101|0x0000000712800000, 0x0000000712800000, 0x0000000712a00000|  0%| F|  |TAMS 0x0000000712800000, 0x0000000712800000| Untracked 
| 102|0x0000000712a00000, 0x0000000712a00000, 0x0000000712c00000|  0%| F|  |TAMS 0x0000000712a00000, 0x0000000712a00000| Untracked 
| 103|0x0000000712c00000, 0x0000000712c00000, 0x0000000712e00000|  0%| F|  |TAMS 0x0000000712c00000, 0x0000000712c00000| Untracked 
| 104|0x0000000712e00000, 0x0000000712e00000, 0x0000000713000000|  0%| F|  |TAMS 0x0000000712e00000, 0x0000000712e00000| Untracked 
| 105|0x0000000713000000, 0x0000000713000000, 0x0000000713200000|  0%| F|  |TAMS 0x0000000713000000, 0x0000000713000000| Untracked 
| 106|0x0000000713200000, 0x0000000713200000, 0x0000000713400000|  0%| F|  |TAMS 0x0000000713200000, 0x0000000713200000| Untracked 
| 107|0x0000000713400000, 0x0000000713400000, 0x0000000713600000|  0%| F|  |TAMS 0x0000000713400000, 0x0000000713400000| Untracked 
| 108|0x0000000713600000, 0x0000000713600000, 0x0000000713800000|  0%| F|  |TAMS 0x0000000713600000, 0x0000000713600000| Untracked 
| 109|0x0000000713800000, 0x0000000713800000, 0x0000000713a00000|  0%| F|  |TAMS 0x0000000713800000, 0x0000000713800000| Untracked 
| 110|0x0000000713a00000, 0x0000000713a00000, 0x0000000713c00000|  0%| F|  |TAMS 0x0000000713a00000, 0x0000000713a00000| Untracked 
| 111|0x0000000713c00000, 0x0000000713c00000, 0x0000000713e00000|  0%| F|  |TAMS 0x0000000713c00000, 0x0000000713c00000| Untracked 
| 112|0x0000000713e00000, 0x0000000713e00000, 0x0000000714000000|  0%| F|  |TAMS 0x0000000713e00000, 0x0000000713e00000| Untracked 
| 113|0x0000000714000000, 0x0000000714000000, 0x0000000714200000|  0%| F|  |TAMS 0x0000000714000000, 0x0000000714000000| Untracked 
| 114|0x0000000714200000, 0x0000000714200000, 0x0000000714400000|  0%| F|  |TAMS 0x0000000714200000, 0x0000000714200000| Untracked 
| 115|0x0000000714400000, 0x0000000714400000, 0x0000000714600000|  0%| F|  |TAMS 0x0000000714400000, 0x0000000714400000| Untracked 
| 116|0x0000000714600000, 0x0000000714600000, 0x0000000714800000|  0%| F|  |TAMS 0x0000000714600000, 0x0000000714600000| Untracked 
| 117|0x0000000714800000, 0x0000000714800000, 0x0000000714a00000|  0%| F|  |TAMS 0x0000000714800000, 0x0000000714800000| Untracked 
| 118|0x0000000714a00000, 0x0000000714a00000, 0x0000000714c00000|  0%| F|  |TAMS 0x0000000714a00000, 0x0000000714a00000| Untracked 
| 119|0x0000000714c00000, 0x0000000714c00000, 0x0000000714e00000|  0%| F|  |TAMS 0x0000000714c00000, 0x0000000714c00000| Untracked 
| 120|0x0000000714e00000, 0x0000000714e00000, 0x0000000715000000|  0%| F|  |TAMS 0x0000000714e00000, 0x0000000714e00000| Untracked 
| 121|0x0000000715000000, 0x0000000715000000, 0x0000000715200000|  0%| F|  |TAMS 0x0000000715000000, 0x0000000715000000| Untracked 
| 122|0x0000000715200000, 0x0000000715200000, 0x0000000715400000|  0%| F|  |TAMS 0x0000000715200000, 0x0000000715200000| Untracked 
| 123|0x0000000715400000, 0x00000007155531d8, 0x0000000715600000| 66%| E|  |TAMS 0x0000000715400000, 0x0000000715400000| Complete 
| 124|0x0000000715600000, 0x0000000715800000, 0x0000000715800000|100%| E|CS|TAMS 0x0000000715600000, 0x0000000715600000| Complete 
| 125|0x0000000715800000, 0x0000000715a00000, 0x0000000715a00000|100%| E|CS|TAMS 0x0000000715800000, 0x0000000715800000| Complete 

Card table byte_map: [0x0000021867cd0000,0x00000218684b0000] _byte_map_base: 0x00000218644a1000

Marking Bits (Prev, Next): (CMBitMap*) 0x000002184fd62900, (CMBitMap*) 0x000002184fd62940
 Prev Bits: [0x0000021868c90000, 0x000002186cb18000)
 Next Bits: [0x000002186cb20000, 0x00000218709a8000)

Polling page: 0x000002184f4b0000

Metaspace:

Usage:
  Non-class:    972.38 KB used.
      Class:     85.49 KB used.
       Both:      1.03 MB used.

Virtual space:
  Non-class space:       64.00 MB reserved,       1.00 MB (  2%) committed,  1 nodes.
      Class space:        1.00 GB reserved,     192.00 KB ( <1%) committed,  1 nodes.
             Both:        1.06 GB reserved,       1.19 MB ( <1%) committed. 

Chunk freelists:
   Non-Class:  3.89 MB
       Class:  3.72 MB
        Both:  7.61 MB

MaxMetaspaceSize: unlimited
CompressedClassSpaceSize: 1.00 GB
Initial GC threshold: 21.00 MB
Current GC threshold: 21.00 MB
CDS: on
MetaspaceReclaimPolicy: balanced
 - commit_granule_bytes: 65536.
 - commit_granule_words: 8192.
 - virtual_space_node_default_size: 8388608.
 - enlarge_chunks_in_place: 1.
 - new_chunks_are_fully_committed: 0.
 - uncommit_free_chunks: 1.
 - use_allocation_guard: 0.


Internal statistics:

num_allocs_failed_limit: 0.
num_arena_births: 28.
num_arena_deaths: 0.
num_vsnodes_births: 2.
num_vsnodes_deaths: 0.
num_space_committed: 19.
num_space_uncommitted: 0.
num_chunks_returned_to_freelist: 0.
num_chunks_taken_from_freelist: 40.
num_chunk_merges: 0.
num_chunk_splits: 24.
num_chunks_enlarged: 15.
num_inconsistent_stats: 0.

CodeHeap 'non-profiled nmethods': size=119168Kb used=93Kb max_used=93Kb free=119074Kb
 bounds [0x000002185f7f0000, 0x000002185fa60000, 0x0000021866c50000]
CodeHeap 'profiled nmethods': size=119104Kb used=384Kb max_used=384Kb free=118720Kb
 bounds [0x0000021857c50000, 0x0000021857ec0000, 0x000002185f0a0000]
CodeHeap 'non-nmethods': size=7488Kb used=2906Kb max_used=2920Kb free=4581Kb
 bounds [0x000002185f0a0000, 0x000002185f380000, 0x000002185f7f0000]
 total_blobs=720 nmethods=299 adapters=329
 compilation: enabled
              stopped_count=0, restarted_count=0
 full_count=0

Compilation events (20 events):
Event: 0.240 Thread 0x0000021877cecec0  241       3       java.lang.String::lastIndexOf (29 bytes)
Event: 0.240 Thread 0x0000021877cecec0 nmethod 241 0x0000021857c8ff90 code [0x0000021857c90160, 0x0000021857c90418]
Event: 0.241 Thread 0x0000021877d68b20  242       4       java.lang.String::coder (15 bytes)
Event: 0.241 Thread 0x0000021877d68b20 nmethod 242 0x000002185f803690 code [0x000002185f803800, 0x000002185f803878]
Event: 0.241 Thread 0x0000021877ced440  243   !   3       java.lang.invoke.MemberName::getMethodType (211 bytes)
Event: 0.242 Thread 0x0000021877ce6510  244       1       java.lang.invoke.MethodTypeForm::erasedType (5 bytes)
Event: 0.242 Thread 0x0000021877ce6510 nmethod 244 0x000002185f803990 code [0x000002185f803b20, 0x000002185f803bf8]
Event: 0.242 Thread 0x0000021877ced440 nmethod 243 0x0000021857c90510 code [0x0000021857c907e0, 0x0000021857c91d18]
Event: 0.242 Thread 0x0000021877ce6510  246       3       jdk.internal.org.objectweb.asm.Frame::execute (2305 bytes)
Event: 0.242 Thread 0x0000021877ced440  247       3       java.lang.AbstractStringBuilder::<init> (39 bytes)
Event: 0.242 Thread 0x0000021877cecec0  248       3       java.lang.StringBuilder::toString (9 bytes)
Event: 0.243 Thread 0x0000021877ced440 nmethod 247 0x0000021857c92290 code [0x0000021857c92440, 0x0000021857c926d8]
Event: 0.243 Thread 0x0000021873a2a560  249       3       java.lang.String::<init> (7 bytes)
Event: 0.243 Thread 0x0000021877ced440  250       3       java.lang.String::<init> (99 bytes)
Event: 0.243 Thread 0x0000021877cecec0 nmethod 248 0x0000021857c92790 code [0x0000021857c92940, 0x0000021857c92b48]
Event: 0.243 Thread 0x0000021873a2a560 nmethod 249 0x0000021857c92c10 code [0x0000021857c92dc0, 0x0000021857c92f08]
Event: 0.243 Thread 0x0000021877ced440 nmethod 250 0x0000021857c92f90 code [0x0000021857c931a0, 0x0000021857c93788]
Event: 0.244 Thread 0x0000021873a246c0  251       4       java.lang.String::charAt (25 bytes)
Event: 0.244 Thread 0x0000021877ced440  252       3       java.net.URI::match (56 bytes)
Event: 0.244 Thread 0x0000021877ced440 nmethod 252 0x0000021857c93990 code [0x0000021857c93b40, 0x0000021857c93e38]

GC Heap History (0 events):
No events

Dll operation events (9 events):
Event: 0.158 Loaded shared library C:\Program Files\Java\jdk-19\bin\java.dll
Event: 0.166 Loaded shared library C:\Program Files\Java\jdk-19\bin\jsvml.dll
Event: 0.205 Loaded shared library C:\Program Files\Java\jdk-19\bin\zip.dll
Event: 0.207 Loaded shared library C:\Program Files\Java\jdk-19\bin\instrument.dll
Event: 0.213 Loaded shared library C:\Program Files\Java\jdk-19\bin\net.dll
Event: 0.215 Loaded shared library C:\Program Files\Java\jdk-19\bin\nio.dll
Event: 0.217 Loaded shared library C:\Program Files\Java\jdk-19\bin\zip.dll
Event: 0.227 Loaded shared library C:\Program Files\JetBrains\IntelliJ IDEA 2022.1.2\bin\breakgen64.dll
Event: 0.235 Loaded shared library C:\Program Files\Java\jdk-19\bin\extnet.dll

Deoptimization events (4 events):
Event: 0.228 Thread 0x000002184fcf0b80 Uncommon trap: trap_request=0xffffff45 fr.pc=0x000002185f800fc8 relative=0x00000000000000a8
Event: 0.228 Thread 0x000002184fcf0b80 Uncommon trap: reason=unstable_if action=reinterpret pc=0x000002185f800fc8 method=java.lang.String.isLatin1()Z @ 10 c2
Event: 0.228 Thread 0x000002184fcf0b80 DEOPT PACKING pc=0x000002185f800fc8 sp=0x00000079ec6ff030
Event: 0.228 Thread 0x000002184fcf0b80 DEOPT UNPACKING pc=0x000002185f106da3 sp=0x00000079ec6fef70 mode 2

Classes loaded (20 events):
Event: 0.237 Loading class java/net/Proxy done
Event: 0.237 Loading class java/net/Proxy$Type
Event: 0.237 Loading class java/net/Proxy$Type done
Event: 0.237 Loading class sun/nio/ch/Util$1
Event: 0.237 Loading class sun/net/spi/DefaultProxySelector$1
Event: 0.237 Loading class sun/nio/ch/Util$1 done
Event: 0.237 Loading class sun/nio/ch/Util$BufferCache
Event: 0.237 Loading class sun/net/spi/DefaultProxySelector$1 done
Event: 0.237 Loading class sun/nio/ch/Util$BufferCache done
Event: 0.237 Loading class sun/net/NetProperties
Event: 0.237 Loading class java/nio/DirectByteBuffer$Deallocator
Event: 0.238 Loading class sun/net/NetProperties done
Event: 0.238 Loading class java/nio/DirectByteBuffer$Deallocator done
Event: 0.238 Loading class sun/net/NetProperties$1
Event: 0.238 Loading class sun/net/NetProperties$1 done
Event: 0.238 Loading class sun/nio/ch/IOStatus
Event: 0.238 Loading class sun/nio/ch/IOStatus done
Event: 0.242 Loading class java/io/FilenameFilter
Event: 0.242 Loading class java/io/FilenameFilter done
Event: 0.244 Loading class sun/net/spi/DefaultProxySelector$NonProxyInfo

Classes unloaded (0 events):
No events

Classes redefined (0 events):
No events

Internal exceptions (3 events):
Event: 0.221 Thread 0x000002184fcf0b80 Exception <a 'java/lang/NoSuchMethodError'{0x00000007156ca5d8}: 'void java.lang.invoke.DirectMethodHandle$Holder.invokeStatic(java.lang.Object, java.lang.Object, java.lang.Object)'> (0x00000007156ca5d8) 
thrown [s\open\src\hotspot\share\interpreter\linkResolver.cpp, line 774]
Event: 0.223 Thread 0x000002184fcf0b80 Exception <a 'java/lang/NoSuchMethodError'{0x0000000715753870}: 'java.lang.Object java.lang.invoke.Invokers$Holder.invokeExact_MT(java.lang.Object, java.lang.Object, java.lang.Object, java.lang.Object, java.lang.Object)'> (0x0000000715753870) 
thrown [s\open\src\hotspot\share\interpreter\linkResolver.cpp, line 774]
Event: 0.235 Thread 0x0000021877e19df0 Exception <a 'java/lang/NoSuchMethodError'{0x00000007154077f8}: 'void java.lang.invoke.DirectMethodHandle$Holder.invokeStatic(java.lang.Object, java.lang.Object)'> (0x00000007154077f8) 
thrown [s\open\src\hotspot\share\interpreter\linkResolver.cpp, line 774]

VM Operations (2 events):
Event: 0.229 Executing VM operation: HandshakeAllThreads
Event: 0.229 Executing VM operation: HandshakeAllThreads done

Events (17 events):
Event: 0.166 Thread 0x000002184fcf0b80 Thread added: 0x000002184fcf0b80
Event: 0.177 Thread 0x0000021873a13650 Thread added: 0x0000021873a13650
Event: 0.177 Thread 0x0000021873a16090 Thread added: 0x0000021873a16090
Event: 0.177 Thread 0x0000021873a1b620 Thread added: 0x0000021873a1b620
Event: 0.177 Thread 0x0000021873a1c7c0 Thread added: 0x0000021873a1c7c0
Event: 0.177 Thread 0x0000021873a1d0f0 Thread added: 0x0000021873a1d0f0
Event: 0.177 Thread 0x0000021873a21a50 Thread added: 0x0000021873a21a50
Event: 0.177 Thread 0x0000021873a246c0 Thread added: 0x0000021873a246c0
Event: 0.177 Thread 0x0000021873a2a560 Thread added: 0x0000021873a2a560
Event: 0.177 Thread 0x0000021873a2aae0 Thread added: 0x0000021873a2aae0
Event: 0.192 Thread 0x0000021877cb1100 Thread added: 0x0000021877cb1100
Event: 0.198 Thread 0x0000021877ce6510 Thread added: 0x0000021877ce6510
Event: 0.198 Thread 0x0000021877cecec0 Thread added: 0x0000021877cecec0
Event: 0.199 Thread 0x0000021877ced440 Thread added: 0x0000021877ced440
Event: 0.203 Thread 0x0000021877d68b20 Thread added: 0x0000021877d68b20
Event: 0.227 Thread 0x0000021877e19df0 Thread added: 0x0000021877e19df0
Event: 0.227 Thread 0x0000021877e1a940 Thread added: 0x0000021877e1a940


Dynamic libraries:
0x00007ff6a14f0000 - 0x00007ff6a1500000 	C:\Program Files\Java\jdk-19\bin\java.exe
0x00007ffaed9f0000 - 0x00007ffaedc07000 	C:\WINDOWS\SYSTEM32\ntdll.dll
0x00007ffaec630000 - 0x00007ffaec6f4000 	C:\WINDOWS\System32\KERNEL32.DLL
0x00007ffaeae60000 - 0x00007ffaeb21a000 	C:\WINDOWS\System32\KERNELBASE.dll
0x00007ffaeb2e0000 - 0x00007ffaeb3f1000 	C:\WINDOWS\System32\ucrtbase.dll
0x00007ffada000000 - 0x00007ffada018000 	C:\Program Files\Java\jdk-19\bin\jli.dll
0x00007ffad9fd0000 - 0x00007ffad9feb000 	C:\Program Files\Java\jdk-19\bin\VCRUNTIME140.dll
0x00007ffaecd70000 - 0x00007ffaece22000 	C:\WINDOWS\System32\ADVAPI32.dll
0x00007ffaeb860000 - 0x00007ffaeb907000 	C:\WINDOWS\System32\msvcrt.dll
0x00007ffaed010000 - 0x00007ffaed0b7000 	C:\WINDOWS\System32\sechost.dll
0x00007ffaeae30000 - 0x00007ffaeae58000 	C:\WINDOWS\System32\bcrypt.dll
0x00007ffaed630000 - 0x00007ffaed744000 	C:\WINDOWS\System32\RPCRT4.dll
0x00007ffaebb80000 - 0x00007ffaebd2e000 	C:\WINDOWS\System32\USER32.dll
0x00007ffaeb690000 - 0x00007ffaeb6b6000 	C:\WINDOWS\System32\win32u.dll
0x00007ffaed540000 - 0x00007ffaed569000 	C:\WINDOWS\System32\GDI32.dll
0x00007ffaead10000 - 0x00007ffaeae2b000 	C:\WINDOWS\System32\gdi32full.dll
0x00007ffaeb400000 - 0x00007ffaeb49a000 	C:\WINDOWS\System32\msvcp_win.dll
0x00007ffad86a0000 - 0x00007ffad8932000 	C:\WINDOWS\WinSxS\amd64_microsoft.windows.common-controls_6595b64144ccf1df_6.0.22621.4541_none_2710d1c57384c085\COMCTL32.dll
0x00007ffae2650000 - 0x00007ffae265a000 	C:\WINDOWS\SYSTEM32\VERSION.dll
0x00007ffaed5f0000 - 0x00007ffaed621000 	C:\WINDOWS\System32\IMM32.DLL
0x00007ffae5c20000 - 0x00007ffae5c2c000 	C:\Program Files\Java\jdk-19\bin\vcruntime140_1.dll
0x00007ffad8f80000 - 0x00007ffad900e000 	C:\Program Files\Java\jdk-19\bin\msvcp140.dll
0x00007ffa581c0000 - 0x00007ffa58e80000 	C:\Program Files\Java\jdk-19\bin\server\jvm.dll
0x00007ffae2c40000 - 0x00007ffae2c74000 	C:\WINDOWS\SYSTEM32\WINMM.dll
0x00007ffad8da0000 - 0x00007ffad8da9000 	C:\WINDOWS\SYSTEM32\WSOCK32.dll
0x00007ffaed570000 - 0x00007ffaed5e1000 	C:\WINDOWS\System32\WS2_32.dll
0x00007ffae9dc0000 - 0x00007ffae9dd8000 	C:\WINDOWS\SYSTEM32\kernel.appcore.dll
0x00007ffae4ef0000 - 0x00007ffae4efa000 	C:\Program Files\Java\jdk-19\bin\jimage.dll
0x00007ffae7f80000 - 0x00007ffae81b2000 	C:\WINDOWS\SYSTEM32\DBGHELP.DLL
0x00007ffaec770000 - 0x00007ffaecaff000 	C:\WINDOWS\System32\combase.dll
0x00007ffaeb780000 - 0x00007ffaeb857000 	C:\WINDOWS\System32\OLEAUT32.dll
0x00007ffadfd70000 - 0x00007ffadfda2000 	C:\WINDOWS\SYSTEM32\dbgcore.DLL
0x00007ffaeac90000 - 0x00007ffaead0b000 	C:\WINDOWS\System32\bcryptPrimitives.dll
0x00007ffaca900000 - 0x00007ffaca90e000 	C:\Program Files\Java\jdk-19\bin\instrument.dll
0x00007ffad93b0000 - 0x00007ffad93d6000 	C:\Program Files\Java\jdk-19\bin\java.dll
0x00007ffad1d10000 - 0x00007ffad1de7000 	C:\Program Files\Java\jdk-19\bin\jsvml.dll
0x00007ffaebd30000 - 0x00007ffaec5a8000 	C:\WINDOWS\System32\SHELL32.dll
0x00007ffae8ba0000 - 0x00007ffae94a8000 	C:\WINDOWS\SYSTEM32\windows.storage.dll
0x00007ffae8a60000 - 0x00007ffae8b9f000 	C:\WINDOWS\SYSTEM32\wintypes.dll
0x00007ffaeba80000 - 0x00007ffaebb7a000 	C:\WINDOWS\System32\SHCORE.dll
0x00007ffaeccc0000 - 0x00007ffaecd1e000 	C:\WINDOWS\System32\shlwapi.dll
0x00007ffaeabc0000 - 0x00007ffaeabeb000 	C:\WINDOWS\SYSTEM32\profapi.dll
0x00007ffad8f20000 - 0x00007ffad8f38000 	C:\Program Files\Java\jdk-19\bin\zip.dll
0x00007ffad8f60000 - 0x00007ffad8f73000 	C:\Program Files\Java\jdk-19\bin\net.dll
0x00007ffae66e0000 - 0x00007ffae6816000 	C:\WINDOWS\SYSTEM32\WINHTTP.dll
0x00007ffaea240000 - 0x00007ffaea2a9000 	C:\WINDOWS\system32\mswsock.dll
0x00007ffad8f40000 - 0x00007ffad8f56000 	C:\Program Files\Java\jdk-19\bin\nio.dll
0x00007ffa9b3c0000 - 0x00007ffa9b3da000 	C:\Program Files\JetBrains\IntelliJ IDEA 2022.1.2\bin\breakgen64.dll
0x00007ffae44a0000 - 0x00007ffae44a8000 	C:\Program Files\Java\jdk-19\bin\extnet.dll

dbghelp: loaded successfully - version: 4.0.5 - missing functions: none
symbol engine: initialized successfully - sym options: 0x614 - pdb path: .;C:\Program Files\Java\jdk-19\bin;C:\WINDOWS\SYSTEM32;C:\WINDOWS\WinSxS\amd64_microsoft.windows.common-controls_6595b64144ccf1df_6.0.22621.4541_none_2710d1c57384c085;C:\Program Files\Java\jdk-19\bin\server;C:\Program Files\JetBrains\IntelliJ IDEA 2022.1.2\bin

VM Arguments:
jvm_args: -Dmaven.multiModuleProjectDirectory=D:\website.citu-web -Dmaven.home=C:\Users\99293\.m2\wrapper\dists\apache-maven-3.9.3-bin\54p6kc7m0ap3os8bc4ge28ia2\apache-maven-3.9.3 -Dclassworlds.conf=C:\Users\99293\.m2\wrapper\dists\apache-maven-3.9.3-bin\54p6kc7m0ap3os8bc4ge28ia2\apache-maven-3.9.3\bin\m2.conf -Dmaven.ext.class.path=C:\Program Files\JetBrains\IntelliJ IDEA 2022.1.2\plugins\maven\lib\maven-event-listener.jar -javaagent:C:\Program Files\JetBrains\IntelliJ IDEA 2022.1.2\lib\idea_rt.jar=49685:C:\Program Files\JetBrains\IntelliJ IDEA 2022.1.2\bin -Dfile.encoding=UTF-8 
java_command: org.codehaus.classworlds.Launcher -Didea.version=2022.1.2 package
java_class_path (initial): C:\Users\99293\.m2\wrapper\dists\apache-maven-3.9.3-bin\54p6kc7m0ap3os8bc4ge28ia2\apache-maven-3.9.3\boot\plexus-classworlds-2.7.0.jar;C:\Users\99293\.m2\wrapper\dists\apache-maven-3.9.3-bin\54p6kc7m0ap3os8bc4ge28ia2\apache-maven-3.9.3\boot\plexus-classworlds.license
Launcher Type: SUN_STANDARD

[Global flags]
     intx CICompilerCount                          = 12                                        {product} {ergonomic}
     uint ConcGCThreads                            = 3                                         {product} {ergonomic}
     uint G1ConcRefinementThreads                  = 13                                        {product} {ergonomic}
   size_t G1HeapRegionSize                         = 2097152                                   {product} {ergonomic}
    uintx GCDrainStackTargetSize                   = 64                                        {product} {ergonomic}
   size_t InitialHeapSize                          = 264241152                                 {product} {ergonomic}
   size_t MarkStackSize                            = 4194304                                   {product} {ergonomic}
   size_t MaxHeapSize                              = 4196401152                                {product} {ergonomic}
   size_t MaxNewSize                               = 2516582400                                {product} {ergonomic}
   size_t MinHeapDeltaBytes                        = 2097152                                   {product} {ergonomic}
   size_t MinHeapSize                              = 8388608                                   {product} {ergonomic}
    uintx NonNMethodCodeHeapSize                   = 7602480                                {pd product} {ergonomic}
    uintx NonProfiledCodeHeapSize                  = 122027880                              {pd product} {ergonomic}
    uintx ProfiledCodeHeapSize                     = 122027880                              {pd product} {ergonomic}
    uintx ReservedCodeCacheSize                    = 251658240                              {pd product} {ergonomic}
     bool SegmentedCodeCache                       = true                                      {product} {ergonomic}
   size_t SoftMaxHeapSize                          = 4196401152                             {manageable} {ergonomic}
     bool UseCompressedClassPointers               = true                           {product lp64_product} {ergonomic}
     bool UseCompressedOops                        = true                           {product lp64_product} {ergonomic}
     bool UseG1GC                                  = true                                      {product} {ergonomic}
     bool UseLargePagesIndividualAllocation        = false                                  {pd product} {ergonomic}

Logging:
Log output configuration:
 #0: stdout all=warning uptime,level,tags foldmultilines=false
 #1: stderr all=off uptime,level,tags foldmultilines=false

Environment Variables:
JAVA_HOME=C:\Program Files\Java\jdk-19
PATH=C:\Program Files\Common Files\Oracle\Java\javapath;C:\Windows\system32;C:\Windows;C:\Windows\System32\Wbem;C:\Windows\System32\WindowsPowerShell\v1.0\;C:\Windows\System32\OpenSSH\;C:\Program Files (x86)\NVIDIA Corporation\PhysX\Common;C:\Program Files\NVIDIA Corporation\NVIDIA NvDLISR;C:\Program Files (x86)\dotnet\;C:\WINDOWS\system32;C:\WINDOWS;C:\WINDOWS\System32\Wbem;C:\WINDOWS\System32\WindowsPowerShell\v1.0\;C:\WINDOWS\System32\OpenSSH\;C:\Program Files\Java\jdk-19\bin;C:\Program Files\Git\cmd;C:\Users\99293\AppData\Local\Programs\Python\Python311\Scripts\;C:\Users\99293\AppData\Local\Programs\Python\Python311\;C:\Users\99293\AppData\Local\Microsoft\WindowsApps;;C:\Program Files\JetBrains\IntelliJ IDEA 2022.1.2\bin;;C:\Program Files\heroku\bin
USERNAME=ASUS
OS=Windows_NT
PROCESSOR_IDENTIFIER=Intel64 Family 6 Model 154 Stepping 3, GenuineIntel
TMP=C:\Users\99293\AppData\Local\Temp
TEMP=C:\Users\99293\AppData\Local\Temp



---------------  S Y S T E M  ---------------

OS:
 Windows 11 , 64 bit Build 22621 (10.0.22621.4391)
OS uptime: 5 days 22:11 hours
Hyper-V role detected

CPU: total 16 (initial active 16) (8 cores per cpu, 2 threads per core) family 6 model 154 stepping 3 microcode 0x429, cx8, cmov, fxsr, ht, mmx, 3dnowpref, sse, sse2, sse3, ssse3, sse4.1, sse4.2, popcnt, lzcnt, tsc, tscinvbit, avx, avx2, aes, erms, clmul, bmi1, bmi2, adx, sha, fma, vzeroupper, clflush, clflushopt, clwb, hv, serialize, rdtscp, rdpid, fsrm

Memory: 4k page, system-wide physical 16004M (1839M free)
TotalPageFile size 18052M (AvailPageFile size 2M)
current process WorkingSet (physical memory assigned to process): 39M, peak: 39M
current process commit charge ("private bytes"): 354M, peak: 354M

vm_info: Java HotSpot(TM) 64-Bit Server VM (19.0.2+7-44) for windows-amd64 JRE (19.0.2+7-44), built on 2022-11-30T18:02:09Z by "mach5one" with MS VC++ 17.1 (VS2022)

END.
