#
# There is insufficient memory for the Java Runtime Environment to continue.
# Native memory allocation (malloc) failed to allocate 672336 bytes for Chunk::new
# Possible reasons:
#   The system is out of physical RAM or swap space
#   The process is running with CompressedOops enabled, and the Java Heap may be blocking the growth of the native heap
# Possible solutions:
#   Reduce memory load on the system
#   Increase physical memory or swap space
#   Check if swap backing store is full
#   Decrease Java heap size (-Xmx/-Xms)
#   Decrease number of Java threads
#   Decrease Java thread stack sizes (-Xss)
#   Set larger code cache with -XX:ReservedCodeCacheSize=
#   JVM is running with Zero Based Compressed Oops mode in which the Java heap is
#     placed in the first 32GB address space. The Java Heap base address is the
#     maximum limit for the native heap growth. Please use -XX:HeapBaseMinAddress
#     to set the Java Heap base and to place the Java Heap above 32GB virtual address.
# This output file may be truncated or incomplete.
#
#  Out of Memory Error (arena.cpp:184), pid=2460, tid=8120
#
# JRE version: Java(TM) SE Runtime Environment (19.0.2+7) (build 19.0.2+7-44)
# Java VM: Java HotSpot(TM) 64-Bit Server VM (19.0.2+7-44, mixed mode, sharing, tiered, compressed oops, compressed class ptrs, g1 gc, windows-amd64)
# No core dump will be written. Minidumps are not enabled by default on client versions of Windows
#

---------------  S U M M A R Y ------------

Command Line: -Dnet.bytebuddy.agent.attacher.dump= net.bytebuddy.agent.Attacher com.sun.tools.attach.VirtualMachine 11596 C:\Users\99293\.m2\repository\net\bytebuddy\byte-buddy-agent\1.14.5\byte-buddy-agent-1.14.5.jar false 

Host: 12th Gen Intel(R) Core(TM) i7-12650H, 16 cores, 15G,  Windows 11 , 64 bit Build 22621 (10.0.22621.4391)
Time: Thu Dec 12 12:29:38 2024  Windows 11 , 64 bit Build 22621 (10.0.22621.4391) elapsed time: 0.136735 seconds (0d 0h 0m 0s)

---------------  T H R E A D  ---------------

Current thread (0x0000025ba6f5c6f0):  JavaThread "C2 CompilerThread1" daemon [_thread_in_native, id=8120, stack(0x000000b3b4000000,0x000000b3b4100000)]


Current CompileTask:
C2:    136  382       4       java.io.StreamTokenizer::nextToken (1266 bytes)

Stack: [0x000000b3b4000000,0x000000b3b4100000]
Native frames: (J=compiled Java code, j=interpreted, Vv=VM code, C=native code)
V  [jvm.dll+0x6ee21a]
V  [jvm.dll+0x85765e]
V  [jvm.dll+0x85904e]
V  [jvm.dll+0x859703]
V  [jvm.dll+0x28298f]
V  [jvm.dll+0xc9adf]
V  [jvm.dll+0xc9e65]
V  [jvm.dll+0x3bca4c]
V  [jvm.dll+0x3860e1]
V  [jvm.dll+0x38555a]
V  [jvm.dll+0x24c3d9]
V  [jvm.dll+0x24b781]
V  [jvm.dll+0x1d6ce1]
V  [jvm.dll+0x25b25a]
V  [jvm.dll+0x2596e8]
V  [jvm.dll+0x807588]
V  [jvm.dll+0x80125a]
V  [jvm.dll+0x6ecf0b]
C  [ucrtbase.dll+0x29333]
C  [KERNEL32.DLL+0x1259d]
C  [ntdll.dll+0x5af38]


---------------  P R O C E S S  ---------------

Threads class SMR info:
_java_thread_list=0x0000025ba6f51540, length=14, elements={
0x0000025ba25fe260, 0x0000025ba6c021f0, 0x0000025ba6c04ff0, 0x0000025ba6c06b30,
0x0000025ba6c0b480, 0x0000025ba6c0ddc0, 0x0000025ba6c0f240, 0x0000025ba6c0fbb0,
0x0000025ba6c155a0, 0x0000025ba6cd72b0, 0x0000025ba6c17030, 0x0000025ba6c15af0,
0x0000025ba6f5c6f0, 0x0000025ba6c17ad0
}

Java Threads: ( => current thread )
  0x0000025ba25fe260 JavaThread "Reference Handler" daemon [_thread_blocked, id=2168, stack(0x000000b3b3300000,0x000000b3b3400000)]
  0x0000025ba6c021f0 JavaThread "Finalizer" daemon [_thread_blocked, id=21612, stack(0x000000b3b3400000,0x000000b3b3500000)]
  0x0000025ba6c04ff0 JavaThread "Signal Dispatcher" daemon [_thread_blocked, id=23008, stack(0x000000b3b3500000,0x000000b3b3600000)]
  0x0000025ba6c06b30 JavaThread "Attach Listener" daemon [_thread_blocked, id=16896, stack(0x000000b3b3600000,0x000000b3b3700000)]
  0x0000025ba6c0b480 JavaThread "Service Thread" daemon [_thread_blocked, id=2772, stack(0x000000b3b3700000,0x000000b3b3800000)]
  0x0000025ba6c0ddc0 JavaThread "Monitor Deflation Thread" daemon [_thread_blocked, id=23636, stack(0x000000b3b3800000,0x000000b3b3900000)]
  0x0000025ba6c0f240 JavaThread "C2 CompilerThread0" daemon [_thread_blocked, id=20864, stack(0x000000b3b3900000,0x000000b3b3a00000)]
  0x0000025ba6c0fbb0 JavaThread "C1 CompilerThread0" daemon [_thread_blocked, id=15004, stack(0x000000b3b3a00000,0x000000b3b3b00000)]
  0x0000025ba6c155a0 JavaThread "Sweeper thread" daemon [_thread_blocked, id=5784, stack(0x000000b3b3b00000,0x000000b3b3c00000)]
  0x0000025ba6cd72b0 JavaThread "C1 CompilerThread1" daemon [_thread_blocked, id=10176, stack(0x000000b3b3c00000,0x000000b3b3d00000)]
  0x0000025ba6c17030 JavaThread "Notification Thread" daemon [_thread_blocked, id=20452, stack(0x000000b3b3d00000,0x000000b3b3e00000)]
  0x0000025ba6c15af0 JavaThread "Common-Cleaner" daemon [_thread_blocked, id=13896, stack(0x000000b3b3f00000,0x000000b3b4000000)]
=>0x0000025ba6f5c6f0 JavaThread "C2 CompilerThread1" daemon [_thread_in_native, id=8120, stack(0x000000b3b4000000,0x000000b3b4100000)]
  0x0000025ba6c17ad0 JavaThread "DestroyJavaVM" [_thread_blocked, id=19568, stack(0x000000b3b2c00000,0x000000b3b2d00000)]

Other Threads:
  0x0000025ba25e9a50 VMThread "VM Thread" [stack: 0x000000b3b3200000,0x000000b3b3300000] [id=25264]
  0x0000025ba6da5630 WatcherThread "VM Periodic Task Thread" [stack: 0x000000b3b3e00000,0x000000b3b3f00000] [id=18536]
  0x0000025bfeccfc70 WorkerThread "GC Thread#0" [stack: 0x000000b3b2d00000,0x000000b3b2e00000] [id=12552]
  0x0000025bfece05e0 ConcurrentGCThread "G1 Main Marker" [stack: 0x000000b3b2e00000,0x000000b3b2f00000] [id=14932]
  0x0000025bfece11b0 WorkerThread "G1 Conc#0" [stack: 0x000000b3b2f00000,0x000000b3b3000000] [id=15468]
  0x0000025ba24a20b0 ConcurrentGCThread "G1 Refine#0" [stack: 0x000000b3b3000000,0x000000b3b3100000] [id=23968]
  0x0000025ba24a2a00 ConcurrentGCThread "G1 Service" [stack: 0x000000b3b3100000,0x000000b3b3200000] [id=25452]

Threads with active compile tasks:
C2 CompilerThread1      145  382       4       java.io.StreamTokenizer::nextToken (1266 bytes)

VM state: not at safepoint (normal execution)

VM Mutex/Monitor currently owned by a thread: None

Heap address: 0x0000000705e00000, size: 4002 MB, Compressed Oops mode: Zero based, Oop shift amount: 3

CDS archive(s) mapped at: [0x0000000800000000-0x0000000800c40000-0x0000000800c40000), size 12845056, SharedBaseAddress: 0x0000000800000000, ArchiveRelocationMode: 0.
Compressed class space mapped at: 0x0000000801000000-0x0000000841000000, reserved size: 1073741824
Narrow klass base: 0x0000000800000000, Narrow klass shift: 0, Narrow klass range: 0x100000000

GC Precious Log:
 CardTable entry size: 512
 Card Set container configuration: InlinePtr #cards 4 size 8 Array Of Cards #cards 16 size 48 Howl #buckets 8 coarsen threshold 3686 Howl Bitmap #cards 512 size 80 coarsen threshold 460 Card regions per heap region 1 cards per card region 4096
 CPUs: 16 total, 16 available
 Memory: 16004M
 Large Page Support: Disabled
 NUMA Support: Disabled
 Compressed Oops: Enabled (Zero based)
 Heap Region Size: 2M
 Heap Min Capacity: 8M
 Heap Initial Capacity: 252M
 Heap Max Capacity: 4002M
 Pre-touch: Disabled
 Parallel Workers: 13
 Concurrent Workers: 3
 Concurrent Refinement Workers: 13
 Periodic GC: Disabled

Heap:
 garbage-first heap   total 258048K, used 4096K [0x0000000705e00000, 0x0000000800000000)
  region size 2048K, 3 young (6144K), 0 survivors (0K)
 Metaspace       used 1191K, committed 1408K, reserved 1114112K
  class space    used 111K, committed 192K, reserved 1048576K

Heap Regions: E=young(eden), S=young(survivor), O=old, HS=humongous(starts), HC=humongous(continues), CS=collection set, F=free, OA=open archive, CA=closed archive, TAMS=top-at-mark-start (previous, next)
|   0|0x0000000705e00000, 0x0000000705e00000, 0x0000000706000000|  0%| F|  |TAMS 0x0000000705e00000, 0x0000000705e00000| Untracked 
|   1|0x0000000706000000, 0x0000000706000000, 0x0000000706200000|  0%| F|  |TAMS 0x0000000706000000, 0x0000000706000000| Untracked 
|   2|0x0000000706200000, 0x0000000706200000, 0x0000000706400000|  0%| F|  |TAMS 0x0000000706200000, 0x0000000706200000| Untracked 
|   3|0x0000000706400000, 0x0000000706400000, 0x0000000706600000|  0%| F|  |TAMS 0x0000000706400000, 0x0000000706400000| Untracked 
|   4|0x0000000706600000, 0x0000000706600000, 0x0000000706800000|  0%| F|  |TAMS 0x0000000706600000, 0x0000000706600000| Untracked 
|   5|0x0000000706800000, 0x0000000706800000, 0x0000000706a00000|  0%| F|  |TAMS 0x0000000706800000, 0x0000000706800000| Untracked 
|   6|0x0000000706a00000, 0x0000000706a00000, 0x0000000706c00000|  0%| F|  |TAMS 0x0000000706a00000, 0x0000000706a00000| Untracked 
|   7|0x0000000706c00000, 0x0000000706c00000, 0x0000000706e00000|  0%| F|  |TAMS 0x0000000706c00000, 0x0000000706c00000| Untracked 
|   8|0x0000000706e00000, 0x0000000706e00000, 0x0000000707000000|  0%| F|  |TAMS 0x0000000706e00000, 0x0000000706e00000| Untracked 
|   9|0x0000000707000000, 0x0000000707000000, 0x0000000707200000|  0%| F|  |TAMS 0x0000000707000000, 0x0000000707000000| Untracked 
|  10|0x0000000707200000, 0x0000000707200000, 0x0000000707400000|  0%| F|  |TAMS 0x0000000707200000, 0x0000000707200000| Untracked 
|  11|0x0000000707400000, 0x0000000707400000, 0x0000000707600000|  0%| F|  |TAMS 0x0000000707400000, 0x0000000707400000| Untracked 
|  12|0x0000000707600000, 0x0000000707600000, 0x0000000707800000|  0%| F|  |TAMS 0x0000000707600000, 0x0000000707600000| Untracked 
|  13|0x0000000707800000, 0x0000000707800000, 0x0000000707a00000|  0%| F|  |TAMS 0x0000000707800000, 0x0000000707800000| Untracked 
|  14|0x0000000707a00000, 0x0000000707a00000, 0x0000000707c00000|  0%| F|  |TAMS 0x0000000707a00000, 0x0000000707a00000| Untracked 
|  15|0x0000000707c00000, 0x0000000707c00000, 0x0000000707e00000|  0%| F|  |TAMS 0x0000000707c00000, 0x0000000707c00000| Untracked 
|  16|0x0000000707e00000, 0x0000000707e00000, 0x0000000708000000|  0%| F|  |TAMS 0x0000000707e00000, 0x0000000707e00000| Untracked 
|  17|0x0000000708000000, 0x0000000708000000, 0x0000000708200000|  0%| F|  |TAMS 0x0000000708000000, 0x0000000708000000| Untracked 
|  18|0x0000000708200000, 0x0000000708200000, 0x0000000708400000|  0%| F|  |TAMS 0x0000000708200000, 0x0000000708200000| Untracked 
|  19|0x0000000708400000, 0x0000000708400000, 0x0000000708600000|  0%| F|  |TAMS 0x0000000708400000, 0x0000000708400000| Untracked 
|  20|0x0000000708600000, 0x0000000708600000, 0x0000000708800000|  0%| F|  |TAMS 0x0000000708600000, 0x0000000708600000| Untracked 
|  21|0x0000000708800000, 0x0000000708800000, 0x0000000708a00000|  0%| F|  |TAMS 0x0000000708800000, 0x0000000708800000| Untracked 
|  22|0x0000000708a00000, 0x0000000708a00000, 0x0000000708c00000|  0%| F|  |TAMS 0x0000000708a00000, 0x0000000708a00000| Untracked 
|  23|0x0000000708c00000, 0x0000000708c00000, 0x0000000708e00000|  0%| F|  |TAMS 0x0000000708c00000, 0x0000000708c00000| Untracked 
|  24|0x0000000708e00000, 0x0000000708e00000, 0x0000000709000000|  0%| F|  |TAMS 0x0000000708e00000, 0x0000000708e00000| Untracked 
|  25|0x0000000709000000, 0x0000000709000000, 0x0000000709200000|  0%| F|  |TAMS 0x0000000709000000, 0x0000000709000000| Untracked 
|  26|0x0000000709200000, 0x0000000709200000, 0x0000000709400000|  0%| F|  |TAMS 0x0000000709200000, 0x0000000709200000| Untracked 
|  27|0x0000000709400000, 0x0000000709400000, 0x0000000709600000|  0%| F|  |TAMS 0x0000000709400000, 0x0000000709400000| Untracked 
|  28|0x0000000709600000, 0x0000000709600000, 0x0000000709800000|  0%| F|  |TAMS 0x0000000709600000, 0x0000000709600000| Untracked 
|  29|0x0000000709800000, 0x0000000709800000, 0x0000000709a00000|  0%| F|  |TAMS 0x0000000709800000, 0x0000000709800000| Untracked 
|  30|0x0000000709a00000, 0x0000000709a00000, 0x0000000709c00000|  0%| F|  |TAMS 0x0000000709a00000, 0x0000000709a00000| Untracked 
|  31|0x0000000709c00000, 0x0000000709c00000, 0x0000000709e00000|  0%| F|  |TAMS 0x0000000709c00000, 0x0000000709c00000| Untracked 
|  32|0x0000000709e00000, 0x0000000709e00000, 0x000000070a000000|  0%| F|  |TAMS 0x0000000709e00000, 0x0000000709e00000| Untracked 
|  33|0x000000070a000000, 0x000000070a000000, 0x000000070a200000|  0%| F|  |TAMS 0x000000070a000000, 0x000000070a000000| Untracked 
|  34|0x000000070a200000, 0x000000070a200000, 0x000000070a400000|  0%| F|  |TAMS 0x000000070a200000, 0x000000070a200000| Untracked 
|  35|0x000000070a400000, 0x000000070a400000, 0x000000070a600000|  0%| F|  |TAMS 0x000000070a400000, 0x000000070a400000| Untracked 
|  36|0x000000070a600000, 0x000000070a600000, 0x000000070a800000|  0%| F|  |TAMS 0x000000070a600000, 0x000000070a600000| Untracked 
|  37|0x000000070a800000, 0x000000070a800000, 0x000000070aa00000|  0%| F|  |TAMS 0x000000070a800000, 0x000000070a800000| Untracked 
|  38|0x000000070aa00000, 0x000000070aa00000, 0x000000070ac00000|  0%| F|  |TAMS 0x000000070aa00000, 0x000000070aa00000| Untracked 
|  39|0x000000070ac00000, 0x000000070ac00000, 0x000000070ae00000|  0%| F|  |TAMS 0x000000070ac00000, 0x000000070ac00000| Untracked 
|  40|0x000000070ae00000, 0x000000070ae00000, 0x000000070b000000|  0%| F|  |TAMS 0x000000070ae00000, 0x000000070ae00000| Untracked 
|  41|0x000000070b000000, 0x000000070b000000, 0x000000070b200000|  0%| F|  |TAMS 0x000000070b000000, 0x000000070b000000| Untracked 
|  42|0x000000070b200000, 0x000000070b200000, 0x000000070b400000|  0%| F|  |TAMS 0x000000070b200000, 0x000000070b200000| Untracked 
|  43|0x000000070b400000, 0x000000070b400000, 0x000000070b600000|  0%| F|  |TAMS 0x000000070b400000, 0x000000070b400000| Untracked 
|  44|0x000000070b600000, 0x000000070b600000, 0x000000070b800000|  0%| F|  |TAMS 0x000000070b600000, 0x000000070b600000| Untracked 
|  45|0x000000070b800000, 0x000000070b800000, 0x000000070ba00000|  0%| F|  |TAMS 0x000000070b800000, 0x000000070b800000| Untracked 
|  46|0x000000070ba00000, 0x000000070ba00000, 0x000000070bc00000|  0%| F|  |TAMS 0x000000070ba00000, 0x000000070ba00000| Untracked 
|  47|0x000000070bc00000, 0x000000070bc00000, 0x000000070be00000|  0%| F|  |TAMS 0x000000070bc00000, 0x000000070bc00000| Untracked 
|  48|0x000000070be00000, 0x000000070be00000, 0x000000070c000000|  0%| F|  |TAMS 0x000000070be00000, 0x000000070be00000| Untracked 
|  49|0x000000070c000000, 0x000000070c000000, 0x000000070c200000|  0%| F|  |TAMS 0x000000070c000000, 0x000000070c000000| Untracked 
|  50|0x000000070c200000, 0x000000070c200000, 0x000000070c400000|  0%| F|  |TAMS 0x000000070c200000, 0x000000070c200000| Untracked 
|  51|0x000000070c400000, 0x000000070c400000, 0x000000070c600000|  0%| F|  |TAMS 0x000000070c400000, 0x000000070c400000| Untracked 
|  52|0x000000070c600000, 0x000000070c600000, 0x000000070c800000|  0%| F|  |TAMS 0x000000070c600000, 0x000000070c600000| Untracked 
|  53|0x000000070c800000, 0x000000070c800000, 0x000000070ca00000|  0%| F|  |TAMS 0x000000070c800000, 0x000000070c800000| Untracked 
|  54|0x000000070ca00000, 0x000000070ca00000, 0x000000070cc00000|  0%| F|  |TAMS 0x000000070ca00000, 0x000000070ca00000| Untracked 
|  55|0x000000070cc00000, 0x000000070cc00000, 0x000000070ce00000|  0%| F|  |TAMS 0x000000070cc00000, 0x000000070cc00000| Untracked 
|  56|0x000000070ce00000, 0x000000070ce00000, 0x000000070d000000|  0%| F|  |TAMS 0x000000070ce00000, 0x000000070ce00000| Untracked 
|  57|0x000000070d000000, 0x000000070d000000, 0x000000070d200000|  0%| F|  |TAMS 0x000000070d000000, 0x000000070d000000| Untracked 
|  58|0x000000070d200000, 0x000000070d200000, 0x000000070d400000|  0%| F|  |TAMS 0x000000070d200000, 0x000000070d200000| Untracked 
|  59|0x000000070d400000, 0x000000070d400000, 0x000000070d600000|  0%| F|  |TAMS 0x000000070d400000, 0x000000070d400000| Untracked 
|  60|0x000000070d600000, 0x000000070d600000, 0x000000070d800000|  0%| F|  |TAMS 0x000000070d600000, 0x000000070d600000| Untracked 
|  61|0x000000070d800000, 0x000000070d800000, 0x000000070da00000|  0%| F|  |TAMS 0x000000070d800000, 0x000000070d800000| Untracked 
|  62|0x000000070da00000, 0x000000070da00000, 0x000000070dc00000|  0%| F|  |TAMS 0x000000070da00000, 0x000000070da00000| Untracked 
|  63|0x000000070dc00000, 0x000000070dc00000, 0x000000070de00000|  0%| F|  |TAMS 0x000000070dc00000, 0x000000070dc00000| Untracked 
|  64|0x000000070de00000, 0x000000070de00000, 0x000000070e000000|  0%| F|  |TAMS 0x000000070de00000, 0x000000070de00000| Untracked 
|  65|0x000000070e000000, 0x000000070e000000, 0x000000070e200000|  0%| F|  |TAMS 0x000000070e000000, 0x000000070e000000| Untracked 
|  66|0x000000070e200000, 0x000000070e200000, 0x000000070e400000|  0%| F|  |TAMS 0x000000070e200000, 0x000000070e200000| Untracked 
|  67|0x000000070e400000, 0x000000070e400000, 0x000000070e600000|  0%| F|  |TAMS 0x000000070e400000, 0x000000070e400000| Untracked 
|  68|0x000000070e600000, 0x000000070e600000, 0x000000070e800000|  0%| F|  |TAMS 0x000000070e600000, 0x000000070e600000| Untracked 
|  69|0x000000070e800000, 0x000000070e800000, 0x000000070ea00000|  0%| F|  |TAMS 0x000000070e800000, 0x000000070e800000| Untracked 
|  70|0x000000070ea00000, 0x000000070ea00000, 0x000000070ec00000|  0%| F|  |TAMS 0x000000070ea00000, 0x000000070ea00000| Untracked 
|  71|0x000000070ec00000, 0x000000070ec00000, 0x000000070ee00000|  0%| F|  |TAMS 0x000000070ec00000, 0x000000070ec00000| Untracked 
|  72|0x000000070ee00000, 0x000000070ee00000, 0x000000070f000000|  0%| F|  |TAMS 0x000000070ee00000, 0x000000070ee00000| Untracked 
|  73|0x000000070f000000, 0x000000070f000000, 0x000000070f200000|  0%| F|  |TAMS 0x000000070f000000, 0x000000070f000000| Untracked 
|  74|0x000000070f200000, 0x000000070f200000, 0x000000070f400000|  0%| F|  |TAMS 0x000000070f200000, 0x000000070f200000| Untracked 
|  75|0x000000070f400000, 0x000000070f400000, 0x000000070f600000|  0%| F|  |TAMS 0x000000070f400000, 0x000000070f400000| Untracked 
|  76|0x000000070f600000, 0x000000070f600000, 0x000000070f800000|  0%| F|  |TAMS 0x000000070f600000, 0x000000070f600000| Untracked 
|  77|0x000000070f800000, 0x000000070f800000, 0x000000070fa00000|  0%| F|  |TAMS 0x000000070f800000, 0x000000070f800000| Untracked 
|  78|0x000000070fa00000, 0x000000070fa00000, 0x000000070fc00000|  0%| F|  |TAMS 0x000000070fa00000, 0x000000070fa00000| Untracked 
|  79|0x000000070fc00000, 0x000000070fc00000, 0x000000070fe00000|  0%| F|  |TAMS 0x000000070fc00000, 0x000000070fc00000| Untracked 
|  80|0x000000070fe00000, 0x000000070fe00000, 0x0000000710000000|  0%| F|  |TAMS 0x000000070fe00000, 0x000000070fe00000| Untracked 
|  81|0x0000000710000000, 0x0000000710000000, 0x0000000710200000|  0%| F|  |TAMS 0x0000000710000000, 0x0000000710000000| Untracked 
|  82|0x0000000710200000, 0x0000000710200000, 0x0000000710400000|  0%| F|  |TAMS 0x0000000710200000, 0x0000000710200000| Untracked 
|  83|0x0000000710400000, 0x0000000710400000, 0x0000000710600000|  0%| F|  |TAMS 0x0000000710400000, 0x0000000710400000| Untracked 
|  84|0x0000000710600000, 0x0000000710600000, 0x0000000710800000|  0%| F|  |TAMS 0x0000000710600000, 0x0000000710600000| Untracked 
|  85|0x0000000710800000, 0x0000000710800000, 0x0000000710a00000|  0%| F|  |TAMS 0x0000000710800000, 0x0000000710800000| Untracked 
|  86|0x0000000710a00000, 0x0000000710a00000, 0x0000000710c00000|  0%| F|  |TAMS 0x0000000710a00000, 0x0000000710a00000| Untracked 
|  87|0x0000000710c00000, 0x0000000710c00000, 0x0000000710e00000|  0%| F|  |TAMS 0x0000000710c00000, 0x0000000710c00000| Untracked 
|  88|0x0000000710e00000, 0x0000000710e00000, 0x0000000711000000|  0%| F|  |TAMS 0x0000000710e00000, 0x0000000710e00000| Untracked 
|  89|0x0000000711000000, 0x0000000711000000, 0x0000000711200000|  0%| F|  |TAMS 0x0000000711000000, 0x0000000711000000| Untracked 
|  90|0x0000000711200000, 0x0000000711200000, 0x0000000711400000|  0%| F|  |TAMS 0x0000000711200000, 0x0000000711200000| Untracked 
|  91|0x0000000711400000, 0x0000000711400000, 0x0000000711600000|  0%| F|  |TAMS 0x0000000711400000, 0x0000000711400000| Untracked 
|  92|0x0000000711600000, 0x0000000711600000, 0x0000000711800000|  0%| F|  |TAMS 0x0000000711600000, 0x0000000711600000| Untracked 
|  93|0x0000000711800000, 0x0000000711800000, 0x0000000711a00000|  0%| F|  |TAMS 0x0000000711800000, 0x0000000711800000| Untracked 
|  94|0x0000000711a00000, 0x0000000711a00000, 0x0000000711c00000|  0%| F|  |TAMS 0x0000000711a00000, 0x0000000711a00000| Untracked 
|  95|0x0000000711c00000, 0x0000000711c00000, 0x0000000711e00000|  0%| F|  |TAMS 0x0000000711c00000, 0x0000000711c00000| Untracked 
|  96|0x0000000711e00000, 0x0000000711e00000, 0x0000000712000000|  0%| F|  |TAMS 0x0000000711e00000, 0x0000000711e00000| Untracked 
|  97|0x0000000712000000, 0x0000000712000000, 0x0000000712200000|  0%| F|  |TAMS 0x0000000712000000, 0x0000000712000000| Untracked 
|  98|0x0000000712200000, 0x0000000712200000, 0x0000000712400000|  0%| F|  |TAMS 0x0000000712200000, 0x0000000712200000| Untracked 
|  99|0x0000000712400000, 0x0000000712400000, 0x0000000712600000|  0%| F|  |TAMS 0x0000000712400000, 0x0000000712400000| Untracked 
| 100|0x0000000712600000, 0x0000000712600000, 0x0000000712800000|  0%| F|  |TAMS 0x0000000712600000, 0x0000000712600000| Untracked 
| 101|0x0000000712800000, 0x0000000712800000, 0x0000000712a00000|  0%| F|  |TAMS 0x0000000712800000, 0x0000000712800000| Untracked 
| 102|0x0000000712a00000, 0x0000000712a00000, 0x0000000712c00000|  0%| F|  |TAMS 0x0000000712a00000, 0x0000000712a00000| Untracked 
| 103|0x0000000712c00000, 0x0000000712c00000, 0x0000000712e00000|  0%| F|  |TAMS 0x0000000712c00000, 0x0000000712c00000| Untracked 
| 104|0x0000000712e00000, 0x0000000712e00000, 0x0000000713000000|  0%| F|  |TAMS 0x0000000712e00000, 0x0000000712e00000| Untracked 
| 105|0x0000000713000000, 0x0000000713000000, 0x0000000713200000|  0%| F|  |TAMS 0x0000000713000000, 0x0000000713000000| Untracked 
| 106|0x0000000713200000, 0x0000000713200000, 0x0000000713400000|  0%| F|  |TAMS 0x0000000713200000, 0x0000000713200000| Untracked 
| 107|0x0000000713400000, 0x0000000713400000, 0x0000000713600000|  0%| F|  |TAMS 0x0000000713400000, 0x0000000713400000| Untracked 
| 108|0x0000000713600000, 0x0000000713600000, 0x0000000713800000|  0%| F|  |TAMS 0x0000000713600000, 0x0000000713600000| Untracked 
| 109|0x0000000713800000, 0x0000000713800000, 0x0000000713a00000|  0%| F|  |TAMS 0x0000000713800000, 0x0000000713800000| Untracked 
| 110|0x0000000713a00000, 0x0000000713a00000, 0x0000000713c00000|  0%| F|  |TAMS 0x0000000713a00000, 0x0000000713a00000| Untracked 
| 111|0x0000000713c00000, 0x0000000713c00000, 0x0000000713e00000|  0%| F|  |TAMS 0x0000000713c00000, 0x0000000713c00000| Untracked 
| 112|0x0000000713e00000, 0x0000000713e00000, 0x0000000714000000|  0%| F|  |TAMS 0x0000000713e00000, 0x0000000713e00000| Untracked 
| 113|0x0000000714000000, 0x0000000714000000, 0x0000000714200000|  0%| F|  |TAMS 0x0000000714000000, 0x0000000714000000| Untracked 
| 114|0x0000000714200000, 0x0000000714200000, 0x0000000714400000|  0%| F|  |TAMS 0x0000000714200000, 0x0000000714200000| Untracked 
| 115|0x0000000714400000, 0x0000000714400000, 0x0000000714600000|  0%| F|  |TAMS 0x0000000714400000, 0x0000000714400000| Untracked 
| 116|0x0000000714600000, 0x0000000714600000, 0x0000000714800000|  0%| F|  |TAMS 0x0000000714600000, 0x0000000714600000| Untracked 
| 117|0x0000000714800000, 0x0000000714800000, 0x0000000714a00000|  0%| F|  |TAMS 0x0000000714800000, 0x0000000714800000| Untracked 
| 118|0x0000000714a00000, 0x0000000714a00000, 0x0000000714c00000|  0%| F|  |TAMS 0x0000000714a00000, 0x0000000714a00000| Untracked 
| 119|0x0000000714c00000, 0x0000000714c00000, 0x0000000714e00000|  0%| F|  |TAMS 0x0000000714c00000, 0x0000000714c00000| Untracked 
| 120|0x0000000714e00000, 0x0000000714e00000, 0x0000000715000000|  0%| F|  |TAMS 0x0000000714e00000, 0x0000000714e00000| Untracked 
| 121|0x0000000715000000, 0x0000000715000000, 0x0000000715200000|  0%| F|  |TAMS 0x0000000715000000, 0x0000000715000000| Untracked 
| 122|0x0000000715200000, 0x0000000715200000, 0x0000000715400000|  0%| F|  |TAMS 0x0000000715200000, 0x0000000715200000| Untracked 
| 123|0x0000000715400000, 0x00000007154e1cf0, 0x0000000715600000| 44%| E|  |TAMS 0x0000000715400000, 0x0000000715400000| Complete 
| 124|0x0000000715600000, 0x0000000715800000, 0x0000000715800000|100%| E|CS|TAMS 0x0000000715600000, 0x0000000715600000| Complete 
| 125|0x0000000715800000, 0x0000000715a00000, 0x0000000715a00000|100%| E|CS|TAMS 0x0000000715800000, 0x0000000715800000| Complete 

Card table byte_map: [0x0000025b96ea0000,0x0000025b97680000] _byte_map_base: 0x0000025b93671000

Marking Bits (Prev, Next): (CMBitMap*) 0x0000025bfecd02a0, (CMBitMap*) 0x0000025bfecd02e0
 Prev Bits: [0x0000025b97e60000, 0x0000025b9bce8000)
 Next Bits: [0x0000025b9bcf0000, 0x0000025b9fb78000)

Polling page: 0x0000025bfcc10000

Metaspace:

Usage:
  Non-class:      1.05 MB used.
      Class:    111.99 KB used.
       Both:      1.16 MB used.

Virtual space:
  Non-class space:       64.00 MB reserved,       1.19 MB (  2%) committed,  1 nodes.
      Class space:        1.00 GB reserved,     192.00 KB ( <1%) committed,  1 nodes.
             Both:        1.06 GB reserved,       1.38 MB ( <1%) committed. 

Chunk freelists:
   Non-Class:  3.68 MB
       Class:  3.65 MB
        Both:  7.33 MB

MaxMetaspaceSize: unlimited
CompressedClassSpaceSize: 1.00 GB
Initial GC threshold: 21.00 MB
Current GC threshold: 21.00 MB
CDS: on
MetaspaceReclaimPolicy: balanced
 - commit_granule_bytes: 65536.
 - commit_granule_words: 8192.
 - virtual_space_node_default_size: 8388608.
 - enlarge_chunks_in_place: 1.
 - new_chunks_are_fully_committed: 0.
 - uncommit_free_chunks: 1.
 - use_allocation_guard: 0.


Internal statistics:

num_allocs_failed_limit: 0.
num_arena_births: 106.
num_arena_deaths: 0.
num_vsnodes_births: 2.
num_vsnodes_deaths: 0.
num_space_committed: 22.
num_space_uncommitted: 0.
num_chunks_returned_to_freelist: 0.
num_chunks_taken_from_freelist: 128.
num_chunk_merges: 0.
num_chunk_splits: 88.
num_chunks_enlarged: 57.
num_inconsistent_stats: 0.

CodeHeap 'non-profiled nmethods': size=119168Kb used=140Kb max_used=140Kb free=119027Kb
 bounds [0x0000025b8fa40000, 0x0000025b8fcb0000, 0x0000025b96ea0000]
CodeHeap 'profiled nmethods': size=119104Kb used=653Kb max_used=653Kb free=118450Kb
 bounds [0x0000025b87ea0000, 0x0000025b88110000, 0x0000025b8f2f0000]
CodeHeap 'non-nmethods': size=7488Kb used=1786Kb max_used=1800Kb free=5701Kb
 bounds [0x0000025b8f2f0000, 0x0000025b8f560000, 0x0000025b8fa40000]
 total_blobs=898 nmethods=472 adapters=336
 compilation: enabled
              stopped_count=0, restarted_count=0
 full_count=0

Compilation events (20 events):
Event: 0.131 Thread 0x0000025ba6c0fbb0  449       3       jdk.internal.org.objectweb.asm.ByteVector::put11 (52 bytes)
Event: 0.131 Thread 0x0000025ba6cd72b0  450       3       java.lang.invoke.MemberName::getInvocationType (56 bytes)
Event: 0.132 Thread 0x0000025ba6c0fbb0 nmethod 449 0x0000025b87f3c610 code [0x0000025b87f3c7c0, 0x0000025b87f3c9e8]
Event: 0.132 Thread 0x0000025ba6c0fbb0  455       3       jdk.internal.org.objectweb.asm.SymbolTable::addTypeInternal (85 bytes)
Event: 0.132 Thread 0x0000025ba6cd72b0 nmethod 450 0x0000025b87f3cb10 code [0x0000025b87f3cd40, 0x0000025b87f3d668]
Event: 0.132 Thread 0x0000025ba6cd72b0  456       3       java.lang.invoke.MethodType::erase (8 bytes)
Event: 0.132 Thread 0x0000025ba6c0fbb0 nmethod 455 0x0000025b87f3d910 code [0x0000025b87f3db00, 0x0000025b87f3e158]
Event: 0.132 Thread 0x0000025ba6cd72b0 nmethod 456 0x0000025b87f3e310 code [0x0000025b87f3e4a0, 0x0000025b87f3e5d8]
Event: 0.132 Thread 0x0000025ba6cd72b0  457       3       java.util.ImmutableCollections$List12::size (16 bytes)
Event: 0.132 Thread 0x0000025ba6cd72b0 nmethod 457 0x0000025b87f3e690 code [0x0000025b87f3e840, 0x0000025b87f3e9d8]
Event: 0.132 Thread 0x0000025ba6cd72b0  458       1       java.util.ArrayList::size (5 bytes)
Event: 0.132 Thread 0x0000025ba6cd72b0 nmethod 458 0x0000025b8fa61b10 code [0x0000025b8fa61ca0, 0x0000025b8fa61d58]
Event: 0.132 Thread 0x0000025ba6c0fbb0  459       3       java.util.ImmutableCollections$ListN::get (7 bytes)
Event: 0.132 Thread 0x0000025ba6c0fbb0 nmethod 459 0x0000025b87f3ea90 code [0x0000025b87f3ec20, 0x0000025b87f3ed58]
Event: 0.132 Thread 0x0000025ba6cd72b0  461       3       java.lang.invoke.MemberName::<init> (50 bytes)
Event: 0.133 Thread 0x0000025ba6cd72b0 nmethod 461 0x0000025b87f3ee10 code [0x0000025b87f3f000, 0x0000025b87f3f318]
Event: 0.133 Thread 0x0000025ba6cd72b0  464       3       java.lang.invoke.LambdaFormBuffer::ownedCount (7 bytes)
Event: 0.133 Thread 0x0000025ba6cd72b0 nmethod 464 0x0000025b87f3f490 code [0x0000025b87f3f620, 0x0000025b87f3f738]
Event: 0.133 Thread 0x0000025ba6c0fbb0  466       3       java.lang.invoke.InvokerBytecodeGenerator::getInternalName (103 bytes)
Event: 0.133 Thread 0x0000025ba6c0fbb0 nmethod 466 0x0000025b87f3f810 code [0x0000025b87f3fa20, 0x0000025b87f3ff98]

GC Heap History (0 events):
No events

Dll operation events (8 events):
Event: 0.004 Loaded shared library C:\Program Files\Java\jdk-19\bin\java.dll
Event: 0.009 Loaded shared library C:\Program Files\Java\jdk-19\bin\jsvml.dll
Event: 0.027 Loaded shared library C:\Program Files\Java\jdk-19\bin\net.dll
Event: 0.028 Loaded shared library C:\Program Files\Java\jdk-19\bin\nio.dll
Event: 0.030 Loaded shared library C:\Program Files\Java\jdk-19\bin\zip.dll
Event: 0.031 Loaded shared library C:\Program Files\Java\jdk-19\bin\verify.dll
Event: 0.032 Loaded shared library C:\Program Files\Java\jdk-19\bin\jimage.dll
Event: 0.041 Loaded shared library C:\Program Files\Java\jdk-19\bin\attach.dll

Deoptimization events (0 events):
No events

Classes loaded (20 events):
Event: 0.123 Loading class java/util/concurrent/Executors
Event: 0.123 Loading class java/util/concurrent/Executors done
Event: 0.123 Loading class java/util/concurrent/ThreadPoolExecutor
Event: 0.123 Loading class java/util/concurrent/ThreadPoolExecutor done
Event: 0.123 Loading class java/util/concurrent/ThreadPoolExecutor$AbortPolicy
Event: 0.123 Loading class java/util/concurrent/RejectedExecutionHandler
Event: 0.123 Loading class java/util/concurrent/RejectedExecutionHandler done
Event: 0.123 Loading class java/util/concurrent/ThreadPoolExecutor$AbortPolicy done
Event: 0.123 Loading class java/util/concurrent/SynchronousQueue
Event: 0.123 Loading class java/util/concurrent/BlockingQueue
Event: 0.124 Loading class java/util/concurrent/BlockingQueue done
Event: 0.124 Loading class java/util/AbstractQueue
Event: 0.124 Loading class java/util/AbstractQueue done
Event: 0.124 Loading class java/util/concurrent/SynchronousQueue done
Event: 0.124 Loading class java/util/concurrent/SynchronousQueue$TransferStack
Event: 0.124 Loading class java/util/concurrent/SynchronousQueue$Transferer
Event: 0.124 Loading class java/util/concurrent/SynchronousQueue$Transferer done
Event: 0.124 Loading class java/util/concurrent/SynchronousQueue$TransferStack done
Event: 0.124 Loading class java/util/concurrent/SynchronousQueue$TransferStack$SNode
Event: 0.124 Loading class java/util/concurrent/SynchronousQueue$TransferStack$SNode done

Classes unloaded (0 events):
No events

Classes redefined (0 events):
No events

Internal exceptions (11 events):
Event: 0.102 Thread 0x0000025bfec5d570 Exception <a 'java/lang/NoSuchMethodError'{0x0000000715739e90}: 'java.lang.Object java.lang.invoke.DirectMethodHandle$Holder.newInvokeSpecial(java.lang.Object, java.lang.Object, int)'> (0x0000000715739e90) 
thrown [s\open\src\hotspot\share\interpreter\linkResolver.cpp, line 774]
Event: 0.102 Thread 0x0000025bfec5d570 Exception <a 'java/lang/NoSuchMethodError'{0x000000071573eb58}: 'int java.lang.invoke.DirectMethodHandle$Holder.invokeSpecial(java.lang.Object, java.lang.Object, java.lang.Object, int)'> (0x000000071573eb58) 
thrown [s\open\src\hotspot\share\interpreter\linkResolver.cpp, line 774]
Event: 0.104 Thread 0x0000025bfec5d570 Exception <a 'java/lang/NoSuchMethodError'{0x00000007157514b0}: 'java.lang.Object java.lang.invoke.DirectMethodHandle$Holder.invokeStatic(java.lang.Object, java.lang.Object, java.lang.Object, java.lang.Object, int)'> (0x00000007157514b0) 
thrown [s\open\src\hotspot\share\interpreter\linkResolver.cpp, line 774]
Event: 0.105 Thread 0x0000025bfec5d570 Exception <a 'java/lang/NoSuchMethodError'{0x000000071575a570}: 'int java.lang.invoke.DirectMethodHandle$Holder.invokeSpecial(java.lang.Object, java.lang.Object, java.lang.Object)'> (0x000000071575a570) 
thrown [s\open\src\hotspot\share\interpreter\linkResolver.cpp, line 774]
Event: 0.121 Thread 0x0000025bfec5d570 Exception <a 'java/lang/NoSuchMethodError'{0x00000007157a7620}: 'java.lang.Object java.lang.invoke.DirectMethodHandle$Holder.invokeStaticInit(java.lang.Object)'> (0x00000007157a7620) 
thrown [s\open\src\hotspot\share\interpreter\linkResolver.cpp, line 774]
Event: 0.122 Thread 0x0000025bfec5d570 Exception <a 'java/lang/NoSuchMethodError'{0x00000007157b0ff8}: 'java.lang.Object java.lang.invoke.DirectMethodHandle$Holder.invokeStatic(java.lang.Object, long, java.lang.Object)'> (0x00000007157b0ff8) 
thrown [s\open\src\hotspot\share\interpreter\linkResolver.cpp, line 774]
Event: 0.122 Thread 0x0000025bfec5d570 Exception <a 'java/lang/NoSuchMethodError'{0x00000007157b4778}: 'java.lang.Object java.lang.invoke.DirectMethodHandle$Holder.invokeStaticInit(java.lang.Object, long, java.lang.Object)'> (0x00000007157b4778) 
thrown [s\open\src\hotspot\share\interpreter\linkResolver.cpp, line 774]
Event: 0.123 Thread 0x0000025bfec5d570 Exception <a 'java/lang/NoSuchMethodError'{0x00000007157ba5c8}: 'java.lang.Object java.lang.invoke.DirectMethodHandle$Holder.newInvokeSpecial(java.lang.Object, long)'> (0x00000007157ba5c8) 
thrown [s\open\src\hotspot\share\interpreter\linkResolver.cpp, line 774]
Event: 0.126 Thread 0x0000025bfec5d570 Exception <a 'java/lang/NoSuchMethodError'{0x00000007157c2d30}: 'void java.lang.invoke.DirectMethodHandle$Holder.invokeVirtual(java.lang.Object, java.lang.Object, java.lang.Object, java.lang.Object)'> (0x00000007157c2d30) 
thrown [s\open\src\hotspot\share\interpreter\linkResolver.cpp, line 774]
Event: 0.127 Thread 0x0000025bfec5d570 Exception <a 'java/lang/NoSuchMethodError'{0x00000007157c6ff0}: 'void java.lang.invoke.DirectMethodHandle$Holder.invokeSpecial(java.lang.Object, java.lang.Object, java.lang.Object, java.lang.Object, java.lang.Object)'> (0x00000007157c6ff0) 
thrown [s\open\src\hotspot\share\interpreter\linkResolver.cpp, line 774]
Event: 0.129 Thread 0x0000025bfec5d570 Exception <a 'java/lang/NoSuchMethodError'{0x00000007157d66d8}: 'java.lang.Object java.lang.invoke.Invokers$Holder.invokeExact_MT(java.lang.Object, java.lang.Object, java.lang.Object, java.lang.Object, java.lang.Object)'> (0x00000007157d66d8) 
thrown [s\open\src\hotspot\share\interpreter\linkResolver.cpp, line 774]

VM Operations (2 events):
Event: 0.030 Executing VM operation: HandshakeAllThreads
Event: 0.030 Executing VM operation: HandshakeAllThreads done

Events (14 events):
Event: 0.010 Thread 0x0000025bfec5d570 Thread added: 0x0000025bfec5d570
Event: 0.016 Thread 0x0000025ba25fe260 Thread added: 0x0000025ba25fe260
Event: 0.016 Thread 0x0000025ba6c021f0 Thread added: 0x0000025ba6c021f0
Event: 0.016 Thread 0x0000025ba6c04ff0 Thread added: 0x0000025ba6c04ff0
Event: 0.016 Thread 0x0000025ba6c06b30 Thread added: 0x0000025ba6c06b30
Event: 0.016 Thread 0x0000025ba6c0b480 Thread added: 0x0000025ba6c0b480
Event: 0.016 Thread 0x0000025ba6c0ddc0 Thread added: 0x0000025ba6c0ddc0
Event: 0.017 Thread 0x0000025ba6c0f240 Thread added: 0x0000025ba6c0f240
Event: 0.017 Thread 0x0000025ba6c0fbb0 Thread added: 0x0000025ba6c0fbb0
Event: 0.017 Thread 0x0000025ba6c155a0 Thread added: 0x0000025ba6c155a0
Event: 0.020 Thread 0x0000025ba6cd72b0 Thread added: 0x0000025ba6cd72b0
Event: 0.024 Thread 0x0000025ba6c17030 Thread added: 0x0000025ba6c17030
Event: 0.026 Thread 0x0000025ba6c15af0 Thread added: 0x0000025ba6c15af0
Event: 0.118 Thread 0x0000025ba6f5c6f0 Thread added: 0x0000025ba6f5c6f0


Dynamic libraries:
0x00007ff6c3860000 - 0x00007ff6c3870000 	C:\Program Files\Java\jdk-19\bin\java.exe
0x00007ff95c7b0000 - 0x00007ff95c9c7000 	C:\WINDOWS\SYSTEM32\ntdll.dll
0x00007ff95b390000 - 0x00007ff95b454000 	C:\WINDOWS\System32\KERNEL32.DLL
0x00007ff959cc0000 - 0x00007ff95a07a000 	C:\WINDOWS\System32\KERNELBASE.dll
0x00007ff95a220000 - 0x00007ff95a331000 	C:\WINDOWS\System32\ucrtbase.dll
0x00007ff93c030000 - 0x00007ff93c04b000 	C:\Program Files\Java\jdk-19\bin\VCRUNTIME140.dll
0x00007ff92b6e0000 - 0x00007ff92b6f8000 	C:\Program Files\Java\jdk-19\bin\jli.dll
0x00007ff95a7d0000 - 0x00007ff95a882000 	C:\WINDOWS\System32\ADVAPI32.dll
0x00007ff95a5b0000 - 0x00007ff95a657000 	C:\WINDOWS\System32\msvcrt.dll
0x00007ff95b620000 - 0x00007ff95b6c7000 	C:\WINDOWS\System32\sechost.dll
0x00007ff95a1f0000 - 0x00007ff95a218000 	C:\WINDOWS\System32\bcrypt.dll
0x00007ff95b010000 - 0x00007ff95b124000 	C:\WINDOWS\System32\RPCRT4.dll
0x00007ff95acd0000 - 0x00007ff95ae7e000 	C:\WINDOWS\System32\USER32.dll
0x00007ff9473d0000 - 0x00007ff947662000 	C:\WINDOWS\WinSxS\amd64_microsoft.windows.common-controls_6595b64144ccf1df_6.0.22621.4541_none_2710d1c57384c085\COMCTL32.dll
0x00007ff959b70000 - 0x00007ff959b96000 	C:\WINDOWS\System32\win32u.dll
0x00007ff95b2b0000 - 0x00007ff95b2d9000 	C:\WINDOWS\System32\GDI32.dll
0x00007ff959a50000 - 0x00007ff959b6b000 	C:\WINDOWS\System32\gdi32full.dll
0x00007ff959ba0000 - 0x00007ff959c3a000 	C:\WINDOWS\System32\msvcp_win.dll
0x00007ff953340000 - 0x00007ff95334a000 	C:\WINDOWS\SYSTEM32\VERSION.dll
0x00007ff95c0d0000 - 0x00007ff95c101000 	C:\WINDOWS\System32\IMM32.DLL
0x00007ff955490000 - 0x00007ff95549c000 	C:\Program Files\Java\jdk-19\bin\vcruntime140_1.dll
0x00007ff9017f0000 - 0x00007ff90187e000 	C:\Program Files\Java\jdk-19\bin\msvcp140.dll
0x00007ff893870000 - 0x00007ff894530000 	C:\Program Files\Java\jdk-19\bin\server\jvm.dll
0x00007ff93ce00000 - 0x00007ff93ce09000 	C:\WINDOWS\SYSTEM32\WSOCK32.dll
0x00007ff9540c0000 - 0x00007ff9540f4000 	C:\WINDOWS\SYSTEM32\WINMM.dll
0x00007ff95a8c0000 - 0x00007ff95a931000 	C:\WINDOWS\System32\WS2_32.dll
0x00007ff958b60000 - 0x00007ff958b78000 	C:\WINDOWS\SYSTEM32\kernel.appcore.dll
0x00007ff954bd0000 - 0x00007ff954bda000 	C:\Program Files\Java\jdk-19\bin\jimage.dll
0x00007ff957420000 - 0x00007ff957652000 	C:\WINDOWS\SYSTEM32\DBGHELP.DLL
0x00007ff95a940000 - 0x00007ff95accf000 	C:\WINDOWS\System32\combase.dll
0x00007ff95a6f0000 - 0x00007ff95a7c7000 	C:\WINDOWS\System32\OLEAUT32.dll
0x00007ff951270000 - 0x00007ff9512a2000 	C:\WINDOWS\SYSTEM32\dbgcore.DLL
0x00007ff95a400000 - 0x00007ff95a47b000 	C:\WINDOWS\System32\bcryptPrimitives.dll
0x00007ff91e8f0000 - 0x00007ff91e916000 	C:\Program Files\Java\jdk-19\bin\java.dll
0x00007ff8ec970000 - 0x00007ff8eca47000 	C:\Program Files\Java\jdk-19\bin\jsvml.dll
0x00007ff95b850000 - 0x00007ff95c0c8000 	C:\WINDOWS\System32\SHELL32.dll
0x00007ff957950000 - 0x00007ff958258000 	C:\WINDOWS\SYSTEM32\windows.storage.dll
0x00007ff957810000 - 0x00007ff95794f000 	C:\WINDOWS\SYSTEM32\wintypes.dll
0x00007ff95b6d0000 - 0x00007ff95b7ca000 	C:\WINDOWS\System32\SHCORE.dll
0x00007ff95b7d0000 - 0x00007ff95b82e000 	C:\WINDOWS\System32\shlwapi.dll
0x00007ff959980000 - 0x00007ff9599ab000 	C:\WINDOWS\SYSTEM32\profapi.dll
0x00007ff92b6c0000 - 0x00007ff92b6d3000 	C:\Program Files\Java\jdk-19\bin\net.dll
0x00007ff955990000 - 0x00007ff955ac6000 	C:\WINDOWS\SYSTEM32\WINHTTP.dll
0x00007ff959000000 - 0x00007ff959069000 	C:\WINDOWS\system32\mswsock.dll
0x00007ff91ecc0000 - 0x00007ff91ecd6000 	C:\Program Files\Java\jdk-19\bin\nio.dll
0x00007ff91d4d0000 - 0x00007ff91d4e8000 	C:\Program Files\Java\jdk-19\bin\zip.dll
0x00007ff92af30000 - 0x00007ff92af40000 	C:\Program Files\Java\jdk-19\bin\verify.dll
0x00007ff92b2b0000 - 0x00007ff92b2b9000 	C:\Program Files\Java\jdk-19\bin\attach.dll
0x00007ff95a890000 - 0x00007ff95a898000 	C:\WINDOWS\System32\PSAPI.DLL

dbghelp: loaded successfully - version: 4.0.5 - missing functions: none
symbol engine: initialized successfully - sym options: 0x614 - pdb path: .;C:\Program Files\Java\jdk-19\bin;C:\WINDOWS\SYSTEM32;C:\WINDOWS\WinSxS\amd64_microsoft.windows.common-controls_6595b64144ccf1df_6.0.22621.4541_none_2710d1c57384c085;C:\Program Files\Java\jdk-19\bin\server

VM Arguments:
jvm_args: -Dnet.bytebuddy.agent.attacher.dump= 
java_command: net.bytebuddy.agent.Attacher com.sun.tools.attach.VirtualMachine 11596 C:\Users\99293\.m2\repository\net\bytebuddy\byte-buddy-agent\1.14.5\byte-buddy-agent-1.14.5.jar false 
java_class_path (initial): C:\Users\99293\.m2\repository\net\bytebuddy\byte-buddy-agent\1.14.5\byte-buddy-agent-1.14.5.jar
Launcher Type: SUN_STANDARD

[Global flags]
     intx CICompilerCount                          = 12                                        {product} {ergonomic}
     uint ConcGCThreads                            = 3                                         {product} {ergonomic}
     uint G1ConcRefinementThreads                  = 13                                        {product} {ergonomic}
   size_t G1HeapRegionSize                         = 2097152                                   {product} {ergonomic}
    uintx GCDrainStackTargetSize                   = 64                                        {product} {ergonomic}
   size_t InitialHeapSize                          = 264241152                                 {product} {ergonomic}
   size_t MarkStackSize                            = 4194304                                   {product} {ergonomic}
   size_t MaxHeapSize                              = 4196401152                                {product} {ergonomic}
   size_t MaxNewSize                               = 2516582400                                {product} {ergonomic}
   size_t MinHeapDeltaBytes                        = 2097152                                   {product} {ergonomic}
   size_t MinHeapSize                              = 8388608                                   {product} {ergonomic}
    uintx NonNMethodCodeHeapSize                   = 7602480                                {pd product} {ergonomic}
    uintx NonProfiledCodeHeapSize                  = 122027880                              {pd product} {ergonomic}
    uintx ProfiledCodeHeapSize                     = 122027880                              {pd product} {ergonomic}
    uintx ReservedCodeCacheSize                    = 251658240                              {pd product} {ergonomic}
     bool SegmentedCodeCache                       = true                                      {product} {ergonomic}
   size_t SoftMaxHeapSize                          = 4196401152                             {manageable} {ergonomic}
     bool UseCompressedClassPointers               = true                           {product lp64_product} {ergonomic}
     bool UseCompressedOops                        = true                           {product lp64_product} {ergonomic}
     bool UseG1GC                                  = true                                      {product} {ergonomic}
     bool UseLargePagesIndividualAllocation        = false                                  {pd product} {ergonomic}

Logging:
Log output configuration:
 #0: stdout all=warning uptime,level,tags foldmultilines=false
 #1: stderr all=off uptime,level,tags foldmultilines=false

Environment Variables:
JAVA_HOME=C:\Program Files\Java\jdk-19
PATH=C:\Program Files\Common Files\Oracle\Java\javapath;C:\Windows\system32;C:\Windows;C:\Windows\System32\Wbem;C:\Windows\System32\WindowsPowerShell\v1.0\;C:\Windows\System32\OpenSSH\;C:\Program Files (x86)\NVIDIA Corporation\PhysX\Common;C:\Program Files\NVIDIA Corporation\NVIDIA NvDLISR;C:\Program Files (x86)\dotnet\;C:\WINDOWS\system32;C:\WINDOWS;C:\WINDOWS\System32\Wbem;C:\WINDOWS\System32\WindowsPowerShell\v1.0\;C:\WINDOWS\System32\OpenSSH\;C:\Program Files\Java\jdk-19\bin;C:\Program Files\Git\cmd;C:\Users\99293\AppData\Local\Programs\Python\Python311\Scripts\;C:\Users\99293\AppData\Local\Programs\Python\Python311\;C:\Users\99293\AppData\Local\Microsoft\WindowsApps;;C:\Program Files\JetBrains\IntelliJ IDEA 2022.1.2\bin;;C:\Program Files\heroku\bin
USERNAME=ASUS
OS=Windows_NT
PROCESSOR_IDENTIFIER=Intel64 Family 6 Model 154 Stepping 3, GenuineIntel
TMP=C:\Users\99293\AppData\Local\Temp
TEMP=C:\Users\99293\AppData\Local\Temp



---------------  S Y S T E M  ---------------

OS:
 Windows 11 , 64 bit Build 22621 (10.0.22621.4391)
OS uptime: 0 days 17:38 hours
Hyper-V role detected

CPU: total 16 (initial active 16) (8 cores per cpu, 2 threads per core) family 6 model 154 stepping 3 microcode 0x429, cx8, cmov, fxsr, ht, mmx, 3dnowpref, sse, sse2, sse3, ssse3, sse4.1, sse4.2, popcnt, lzcnt, tsc, tscinvbit, avx, avx2, aes, erms, clmul, bmi1, bmi2, adx, sha, fma, vzeroupper, clflush, clflushopt, clwb, hv, serialize, rdtscp, rdpid, fsrm

Memory: 4k page, system-wide physical 16004M (1534M free)
TotalPageFile size 18052M (AvailPageFile size 5M)
current process WorkingSet (physical memory assigned to process): 41M, peak: 41M
current process commit charge ("private bytes"): 356M, peak: 356M

vm_info: Java HotSpot(TM) 64-Bit Server VM (19.0.2+7-44) for windows-amd64 JRE (19.0.2+7-44), built on 2022-11-30T18:02:09Z by "mach5one" with MS VC++ 17.1 (VS2022)

END.
