#
# There is insufficient memory for the Java Runtime Environment to continue.
# Native memory allocation (malloc) failed to allocate 761216 bytes for Chunk::new
# Possible reasons:
#   The system is out of physical RAM or swap space
#   The process is running with CompressedOops enabled, and the Java Heap may be blocking the growth of the native heap
# Possible solutions:
#   Reduce memory load on the system
#   Increase physical memory or swap space
#   Check if swap backing store is full
#   Decrease Java heap size (-Xmx/-Xms)
#   Decrease number of Java threads
#   Decrease Java thread stack sizes (-Xss)
#   Set larger code cache with -XX:ReservedCodeCacheSize=
#   JVM is running with Zero Based Compressed Oops mode in which the Java heap is
#     placed in the first 32GB address space. The Java Heap base address is the
#     maximum limit for the native heap growth. Please use -XX:HeapBaseMinAddress
#     to set the Java Heap base and to place the Java Heap above 32GB virtual address.
# This output file may be truncated or incomplete.
#
#  Out of Memory Error (arena.cpp:184), pid=16308, tid=8328
#
# JRE version: Java(TM) SE Runtime Environment (19.0.2+7) (build 19.0.2+7-44)
# Java VM: Java HotSpot(TM) 64-Bit Server VM (19.0.2+7-44, mixed mode, sharing, tiered, compressed oops, compressed class ptrs, g1 gc, windows-amd64)
# No core dump will be written. Minidumps are not enabled by default on client versions of Windows
#

---------------  S U M M A R Y ------------

Command Line: -Dmaven.multiModuleProjectDirectory=D:\website.citu-web -Dmaven.home=C:\Users\99293\.m2\wrapper\dists\apache-maven-3.9.3-bin\54p6kc7m0ap3os8bc4ge28ia2\apache-maven-3.9.3 -Dclassworlds.conf=C:\Users\99293\.m2\wrapper\dists\apache-maven-3.9.3-bin\54p6kc7m0ap3os8bc4ge28ia2\apache-maven-3.9.3\bin\m2.conf -Dmaven.ext.class.path=C:\Program Files\JetBrains\IntelliJ IDEA 2022.1.2\plugins\maven\lib\maven-event-listener.jar -javaagent:C:\Program Files\JetBrains\IntelliJ IDEA 2022.1.2\lib\idea_rt.jar=53378:C:\Program Files\JetBrains\IntelliJ IDEA 2022.1.2\bin -Dfile.encoding=UTF-8 org.codehaus.classworlds.Launcher -Didea.version=2022.1.2 package

Host: 12th Gen Intel(R) Core(TM) i7-12650H, 16 cores, 15G,  Windows 11 , 64 bit Build 22621 (10.0.22621.4391)
Time: Tue Dec  3 13:30:56 2024  Windows 11 , 64 bit Build 22621 (10.0.22621.4391) elapsed time: 0.525547 seconds (0d 0h 0m 0s)

---------------  T H R E A D  ---------------

Current thread (0x00000265fed3bb00):  JavaThread "C2 CompilerThread0" daemon [_thread_in_native, id=8328, stack(0x00000099ecc00000,0x00000099ecd00000)]


Current CompileTask:
C2:    525 1233       4       sun.nio.cs.StreamDecoder::lockedRead0 (95 bytes)

Stack: [0x00000099ecc00000,0x00000099ecd00000]
Native frames: (J=compiled Java code, j=interpreted, Vv=VM code, C=native code)
V  [jvm.dll+0x6ee21a]
V  [jvm.dll+0x85765e]
V  [jvm.dll+0x85904e]
V  [jvm.dll+0x859703]
V  [jvm.dll+0x28298f]
V  [jvm.dll+0xc9adf]
V  [jvm.dll+0xc9e65]
V  [jvm.dll+0x3bca4c]
V  [jvm.dll+0x3860e1]
V  [jvm.dll+0x38555a]
V  [jvm.dll+0x24c3d9]
V  [jvm.dll+0x24b781]
V  [jvm.dll+0x1d6ce1]
V  [jvm.dll+0x25b25a]
V  [jvm.dll+0x2596e8]
V  [jvm.dll+0x807588]
V  [jvm.dll+0x80125a]
V  [jvm.dll+0x6ecf0b]
C  [ucrtbase.dll+0x29333]
C  [KERNEL32.DLL+0x1259d]
C  [ntdll.dll+0x5af38]


---------------  P R O C E S S  ---------------

Threads class SMR info:
_java_thread_list=0x0000026584082660, length=23, elements={
0x00000265db0f1190, 0x00000265fed2e440, 0x00000265fed2f230, 0x00000265fed32030,
0x00000265fed34b80, 0x00000265fed39830, 0x00000265fed3a160, 0x00000265fed3bb00,
0x00000265fed445b0, 0x00000265fed44f20, 0x00000265fef15800, 0x00000265fef15d80,
0x00000265fef9eec0, 0x00000265ff02b320, 0x00000265ff02b860, 0x00000265ff3fc700,
0x00000265ff42dda0, 0x00000265ff6cc0f0, 0x000002658405f1a0, 0x00000265841bc790,
0x000002658478fec0, 0x0000026584790440, 0x00000265848bdfe0
}

Java Threads: ( => current thread )
  0x00000265db0f1190 JavaThread "main" [_thread_in_vm, id=12392, stack(0x00000099ebf00000,0x00000099ec000000)]
  0x00000265fed2e440 JavaThread "Reference Handler" daemon [_thread_blocked, id=18240, stack(0x00000099ec600000,0x00000099ec700000)]
  0x00000265fed2f230 JavaThread "Finalizer" daemon [_thread_blocked, id=25744, stack(0x00000099ec700000,0x00000099ec800000)]
  0x00000265fed32030 JavaThread "Signal Dispatcher" daemon [_thread_blocked, id=7268, stack(0x00000099ec800000,0x00000099ec900000)]
  0x00000265fed34b80 JavaThread "Attach Listener" daemon [_thread_blocked, id=10224, stack(0x00000099ec900000,0x00000099eca00000)]
  0x00000265fed39830 JavaThread "Service Thread" daemon [_thread_blocked, id=21816, stack(0x00000099eca00000,0x00000099ecb00000)]
  0x00000265fed3a160 JavaThread "Monitor Deflation Thread" daemon [_thread_blocked, id=13416, stack(0x00000099ecb00000,0x00000099ecc00000)]
=>0x00000265fed3bb00 JavaThread "C2 CompilerThread0" daemon [_thread_in_native, id=8328, stack(0x00000099ecc00000,0x00000099ecd00000)]
  0x00000265fed445b0 JavaThread "C1 CompilerThread0" daemon [_thread_blocked, id=9592, stack(0x00000099ecd00000,0x00000099ece00000)]
  0x00000265fed44f20 JavaThread "Sweeper thread" daemon [_thread_blocked, id=25952, stack(0x00000099ece00000,0x00000099ecf00000)]
  0x00000265fef15800 JavaThread "C1 CompilerThread1" daemon [_thread_blocked, id=10804, stack(0x00000099ecf00000,0x00000099ed000000)]
  0x00000265fef15d80 JavaThread "C1 CompilerThread2" daemon [_thread_in_native, id=11432, stack(0x00000099ed000000,0x00000099ed100000)]
  0x00000265fef9eec0 JavaThread "Common-Cleaner" daemon [_thread_blocked, id=6440, stack(0x00000099ed100000,0x00000099ed200000)]
  0x00000265ff02b320 JavaThread "Monitor Ctrl-Break" daemon [_thread_in_native, id=12072, stack(0x00000099ed200000,0x00000099ed300000)]
  0x00000265ff02b860 JavaThread "Notification Thread" daemon [_thread_blocked, id=14968, stack(0x00000099ed300000,0x00000099ed400000)]
  0x00000265ff3fc700 JavaThread "C2 CompilerThread1" daemon [_thread_in_native, id=24788, stack(0x00000099ed500000,0x00000099ed600000)]
  0x00000265ff42dda0 JavaThread "C1 CompilerThread3" daemon [_thread_blocked, id=26656, stack(0x00000099ed600000,0x00000099ed700000)]
  0x00000265ff6cc0f0 JavaThread "C2 CompilerThread2" daemon [_thread_in_native, id=17788, stack(0x00000099ed700000,0x00000099ed800000)]
  0x000002658405f1a0 JavaThread "C2 CompilerThread3" daemon [_thread_in_native, id=11544, stack(0x00000099ee000000,0x00000099ee100000)]
  0x00000265841bc790 JavaThread "C2 CompilerThread4" daemon [_thread_in_native, id=7072, stack(0x00000099ee100000,0x00000099ee200000)]
  0x000002658478fec0 JavaThread "C2 CompilerThread5" daemon [_thread_in_native, id=25460, stack(0x00000099ee200000,0x00000099ee300000)]
  0x0000026584790440 JavaThread "C2 CompilerThread6" daemon [_thread_blocked, id=6692, stack(0x00000099ee300000,0x00000099ee400000)]
  0x00000265848bdfe0 JavaThread "C2 CompilerThread7" daemon [_thread_blocked, id=15340, stack(0x00000099ee400000,0x00000099ee500000)]

Other Threads:
  0x00000265fed15e60 VMThread "VM Thread" [stack: 0x00000099ec500000,0x00000099ec600000] [id=19076]
  0x00000265ff032e60 WatcherThread "VM Periodic Task Thread" [stack: 0x00000099ed400000,0x00000099ed500000] [id=20656]
  0x00000265db161b40 WorkerThread "GC Thread#0" [stack: 0x00000099ec000000,0x00000099ec100000] [id=13500]
  0x00000265ff3d6c50 WorkerThread "GC Thread#1" [stack: 0x00000099ed800000,0x00000099ed900000] [id=3800]
  0x00000265ff3d66b0 WorkerThread "GC Thread#2" [stack: 0x00000099ed900000,0x00000099eda00000] [id=20300]
  0x00000265ff3d5e40 WorkerThread "GC Thread#3" [stack: 0x00000099eda00000,0x00000099edb00000] [id=23336]
  0x00000265ff3d63e0 WorkerThread "GC Thread#4" [stack: 0x00000099edb00000,0x00000099edc00000] [id=12028]
  0x00000265ff3d6f20 WorkerThread "GC Thread#5" [stack: 0x00000099edc00000,0x00000099edd00000] [id=24580]
  0x00000265ff3d6980 WorkerThread "GC Thread#6" [stack: 0x00000099edd00000,0x00000099ede00000] [id=17932]
  0x00000265ff3d71f0 WorkerThread "GC Thread#7" [stack: 0x00000099ede00000,0x00000099edf00000] [id=23004]
  0x00000265ff3d74c0 WorkerThread "GC Thread#8" [stack: 0x00000099edf00000,0x00000099ee000000] [id=5248]
  0x00000265db1734c0 ConcurrentGCThread "G1 Main Marker" [stack: 0x00000099ec100000,0x00000099ec200000] [id=25912]
  0x00000265db173ef0 WorkerThread "G1 Conc#0" [stack: 0x00000099ec200000,0x00000099ec300000] [id=22948]
  0x00000265febd1270 ConcurrentGCThread "G1 Refine#0" [stack: 0x00000099ec300000,0x00000099ec400000] [id=15020]
  0x00000265febd1db0 ConcurrentGCThread "G1 Service" [stack: 0x00000099ec400000,0x00000099ec500000] [id=6208]

Threads with active compile tasks:
C2 CompilerThread0      537 1233       4       sun.nio.cs.StreamDecoder::lockedRead0 (95 bytes)
C2 CompilerThread1      537 1223   !   4       sun.nio.cs.StreamDecoder::read0 (59 bytes)
C2 CompilerThread2      537 1254       4       java.io.InputStreamReader::read (11 bytes)
C2 CompilerThread3      537 1454   !   4       java.util.concurrent.ConcurrentHashMap::transfer (849 bytes)
C2 CompilerThread4      537 1453       4       java.lang.StringLatin1::toLowerCase (186 bytes)
C2 CompilerThread5      538 1456       4       java.lang.String::replace (42 bytes)

VM state: not at safepoint (normal execution)

VM Mutex/Monitor currently owned by a thread: None

Heap address: 0x0000000705e00000, size: 4002 MB, Compressed Oops mode: Zero based, Oop shift amount: 3

CDS archive(s) mapped at: [0x0000000800000000-0x0000000800c40000-0x0000000800c40000), size 12845056, SharedBaseAddress: 0x0000000800000000, ArchiveRelocationMode: 0.
Compressed class space mapped at: 0x0000000801000000-0x0000000841000000, reserved size: 1073741824
Narrow klass base: 0x0000000800000000, Narrow klass shift: 0, Narrow klass range: 0x100000000

GC Precious Log:
 CardTable entry size: 512
 Card Set container configuration: InlinePtr #cards 4 size 8 Array Of Cards #cards 16 size 48 Howl #buckets 8 coarsen threshold 3686 Howl Bitmap #cards 512 size 80 coarsen threshold 460 Card regions per heap region 1 cards per card region 4096
 CPUs: 16 total, 16 available
 Memory: 16004M
 Large Page Support: Disabled
 NUMA Support: Disabled
 Compressed Oops: Enabled (Zero based)
 Heap Region Size: 2M
 Heap Min Capacity: 8M
 Heap Initial Capacity: 252M
 Heap Max Capacity: 4002M
 Pre-touch: Disabled
 Parallel Workers: 13
 Concurrent Workers: 3
 Concurrent Refinement Workers: 13
 Periodic GC: Disabled

Heap:
 garbage-first heap   total 258048K, used 14021K [0x0000000705e00000, 0x0000000800000000)
  region size 2048K, 8 young (16384K), 2 survivors (4096K)
 Metaspace       used 6596K, committed 6784K, reserved 1114112K
  class space    used 737K, committed 832K, reserved 1048576K

Heap Regions: E=young(eden), S=young(survivor), O=old, HS=humongous(starts), HC=humongous(continues), CS=collection set, F=free, OA=open archive, CA=closed archive, TAMS=top-at-mark-start (previous, next)
|   0|0x0000000705e00000, 0x0000000705e00000, 0x0000000706000000|  0%| F|  |TAMS 0x0000000705e00000, 0x0000000705e00000| Untracked 
|   1|0x0000000706000000, 0x0000000706000000, 0x0000000706200000|  0%| F|  |TAMS 0x0000000706000000, 0x0000000706000000| Untracked 
|   2|0x0000000706200000, 0x0000000706200000, 0x0000000706400000|  0%| F|  |TAMS 0x0000000706200000, 0x0000000706200000| Untracked 
|   3|0x0000000706400000, 0x0000000706400000, 0x0000000706600000|  0%| F|  |TAMS 0x0000000706400000, 0x0000000706400000| Untracked 
|   4|0x0000000706600000, 0x0000000706600000, 0x0000000706800000|  0%| F|  |TAMS 0x0000000706600000, 0x0000000706600000| Untracked 
|   5|0x0000000706800000, 0x0000000706800000, 0x0000000706a00000|  0%| F|  |TAMS 0x0000000706800000, 0x0000000706800000| Untracked 
|   6|0x0000000706a00000, 0x0000000706a00000, 0x0000000706c00000|  0%| F|  |TAMS 0x0000000706a00000, 0x0000000706a00000| Untracked 
|   7|0x0000000706c00000, 0x0000000706c00000, 0x0000000706e00000|  0%| F|  |TAMS 0x0000000706c00000, 0x0000000706c00000| Untracked 
|   8|0x0000000706e00000, 0x0000000706e00000, 0x0000000707000000|  0%| F|  |TAMS 0x0000000706e00000, 0x0000000706e00000| Untracked 
|   9|0x0000000707000000, 0x0000000707000000, 0x0000000707200000|  0%| F|  |TAMS 0x0000000707000000, 0x0000000707000000| Untracked 
|  10|0x0000000707200000, 0x0000000707200000, 0x0000000707400000|  0%| F|  |TAMS 0x0000000707200000, 0x0000000707200000| Untracked 
|  11|0x0000000707400000, 0x0000000707400000, 0x0000000707600000|  0%| F|  |TAMS 0x0000000707400000, 0x0000000707400000| Untracked 
|  12|0x0000000707600000, 0x0000000707600000, 0x0000000707800000|  0%| F|  |TAMS 0x0000000707600000, 0x0000000707600000| Untracked 
|  13|0x0000000707800000, 0x0000000707800000, 0x0000000707a00000|  0%| F|  |TAMS 0x0000000707800000, 0x0000000707800000| Untracked 
|  14|0x0000000707a00000, 0x0000000707a00000, 0x0000000707c00000|  0%| F|  |TAMS 0x0000000707a00000, 0x0000000707a00000| Untracked 
|  15|0x0000000707c00000, 0x0000000707c00000, 0x0000000707e00000|  0%| F|  |TAMS 0x0000000707c00000, 0x0000000707c00000| Untracked 
|  16|0x0000000707e00000, 0x0000000707e00000, 0x0000000708000000|  0%| F|  |TAMS 0x0000000707e00000, 0x0000000707e00000| Untracked 
|  17|0x0000000708000000, 0x0000000708000000, 0x0000000708200000|  0%| F|  |TAMS 0x0000000708000000, 0x0000000708000000| Untracked 
|  18|0x0000000708200000, 0x0000000708200000, 0x0000000708400000|  0%| F|  |TAMS 0x0000000708200000, 0x0000000708200000| Untracked 
|  19|0x0000000708400000, 0x0000000708400000, 0x0000000708600000|  0%| F|  |TAMS 0x0000000708400000, 0x0000000708400000| Untracked 
|  20|0x0000000708600000, 0x0000000708600000, 0x0000000708800000|  0%| F|  |TAMS 0x0000000708600000, 0x0000000708600000| Untracked 
|  21|0x0000000708800000, 0x0000000708800000, 0x0000000708a00000|  0%| F|  |TAMS 0x0000000708800000, 0x0000000708800000| Untracked 
|  22|0x0000000708a00000, 0x0000000708a00000, 0x0000000708c00000|  0%| F|  |TAMS 0x0000000708a00000, 0x0000000708a00000| Untracked 
|  23|0x0000000708c00000, 0x0000000708c00000, 0x0000000708e00000|  0%| F|  |TAMS 0x0000000708c00000, 0x0000000708c00000| Untracked 
|  24|0x0000000708e00000, 0x0000000708e00000, 0x0000000709000000|  0%| F|  |TAMS 0x0000000708e00000, 0x0000000708e00000| Untracked 
|  25|0x0000000709000000, 0x0000000709000000, 0x0000000709200000|  0%| F|  |TAMS 0x0000000709000000, 0x0000000709000000| Untracked 
|  26|0x0000000709200000, 0x0000000709200000, 0x0000000709400000|  0%| F|  |TAMS 0x0000000709200000, 0x0000000709200000| Untracked 
|  27|0x0000000709400000, 0x0000000709400000, 0x0000000709600000|  0%| F|  |TAMS 0x0000000709400000, 0x0000000709400000| Untracked 
|  28|0x0000000709600000, 0x0000000709600000, 0x0000000709800000|  0%| F|  |TAMS 0x0000000709600000, 0x0000000709600000| Untracked 
|  29|0x0000000709800000, 0x0000000709800000, 0x0000000709a00000|  0%| F|  |TAMS 0x0000000709800000, 0x0000000709800000| Untracked 
|  30|0x0000000709a00000, 0x0000000709a00000, 0x0000000709c00000|  0%| F|  |TAMS 0x0000000709a00000, 0x0000000709a00000| Untracked 
|  31|0x0000000709c00000, 0x0000000709c00000, 0x0000000709e00000|  0%| F|  |TAMS 0x0000000709c00000, 0x0000000709c00000| Untracked 
|  32|0x0000000709e00000, 0x0000000709e00000, 0x000000070a000000|  0%| F|  |TAMS 0x0000000709e00000, 0x0000000709e00000| Untracked 
|  33|0x000000070a000000, 0x000000070a000000, 0x000000070a200000|  0%| F|  |TAMS 0x000000070a000000, 0x000000070a000000| Untracked 
|  34|0x000000070a200000, 0x000000070a200000, 0x000000070a400000|  0%| F|  |TAMS 0x000000070a200000, 0x000000070a200000| Untracked 
|  35|0x000000070a400000, 0x000000070a400000, 0x000000070a600000|  0%| F|  |TAMS 0x000000070a400000, 0x000000070a400000| Untracked 
|  36|0x000000070a600000, 0x000000070a600000, 0x000000070a800000|  0%| F|  |TAMS 0x000000070a600000, 0x000000070a600000| Untracked 
|  37|0x000000070a800000, 0x000000070a800000, 0x000000070aa00000|  0%| F|  |TAMS 0x000000070a800000, 0x000000070a800000| Untracked 
|  38|0x000000070aa00000, 0x000000070aa00000, 0x000000070ac00000|  0%| F|  |TAMS 0x000000070aa00000, 0x000000070aa00000| Untracked 
|  39|0x000000070ac00000, 0x000000070ac00000, 0x000000070ae00000|  0%| F|  |TAMS 0x000000070ac00000, 0x000000070ac00000| Untracked 
|  40|0x000000070ae00000, 0x000000070ae00000, 0x000000070b000000|  0%| F|  |TAMS 0x000000070ae00000, 0x000000070ae00000| Untracked 
|  41|0x000000070b000000, 0x000000070b000000, 0x000000070b200000|  0%| F|  |TAMS 0x000000070b000000, 0x000000070b000000| Untracked 
|  42|0x000000070b200000, 0x000000070b200000, 0x000000070b400000|  0%| F|  |TAMS 0x000000070b200000, 0x000000070b200000| Untracked 
|  43|0x000000070b400000, 0x000000070b400000, 0x000000070b600000|  0%| F|  |TAMS 0x000000070b400000, 0x000000070b400000| Untracked 
|  44|0x000000070b600000, 0x000000070b600000, 0x000000070b800000|  0%| F|  |TAMS 0x000000070b600000, 0x000000070b600000| Untracked 
|  45|0x000000070b800000, 0x000000070b800000, 0x000000070ba00000|  0%| F|  |TAMS 0x000000070b800000, 0x000000070b800000| Untracked 
|  46|0x000000070ba00000, 0x000000070ba00000, 0x000000070bc00000|  0%| F|  |TAMS 0x000000070ba00000, 0x000000070ba00000| Untracked 
|  47|0x000000070bc00000, 0x000000070bc00000, 0x000000070be00000|  0%| F|  |TAMS 0x000000070bc00000, 0x000000070bc00000| Untracked 
|  48|0x000000070be00000, 0x000000070be00000, 0x000000070c000000|  0%| F|  |TAMS 0x000000070be00000, 0x000000070be00000| Untracked 
|  49|0x000000070c000000, 0x000000070c000000, 0x000000070c200000|  0%| F|  |TAMS 0x000000070c000000, 0x000000070c000000| Untracked 
|  50|0x000000070c200000, 0x000000070c200000, 0x000000070c400000|  0%| F|  |TAMS 0x000000070c200000, 0x000000070c200000| Untracked 
|  51|0x000000070c400000, 0x000000070c400000, 0x000000070c600000|  0%| F|  |TAMS 0x000000070c400000, 0x000000070c400000| Untracked 
|  52|0x000000070c600000, 0x000000070c600000, 0x000000070c800000|  0%| F|  |TAMS 0x000000070c600000, 0x000000070c600000| Untracked 
|  53|0x000000070c800000, 0x000000070c800000, 0x000000070ca00000|  0%| F|  |TAMS 0x000000070c800000, 0x000000070c800000| Untracked 
|  54|0x000000070ca00000, 0x000000070ca00000, 0x000000070cc00000|  0%| F|  |TAMS 0x000000070ca00000, 0x000000070ca00000| Untracked 
|  55|0x000000070cc00000, 0x000000070cc00000, 0x000000070ce00000|  0%| F|  |TAMS 0x000000070cc00000, 0x000000070cc00000| Untracked 
|  56|0x000000070ce00000, 0x000000070ce00000, 0x000000070d000000|  0%| F|  |TAMS 0x000000070ce00000, 0x000000070ce00000| Untracked 
|  57|0x000000070d000000, 0x000000070d000000, 0x000000070d200000|  0%| F|  |TAMS 0x000000070d000000, 0x000000070d000000| Untracked 
|  58|0x000000070d200000, 0x000000070d200000, 0x000000070d400000|  0%| F|  |TAMS 0x000000070d200000, 0x000000070d200000| Untracked 
|  59|0x000000070d400000, 0x000000070d400000, 0x000000070d600000|  0%| F|  |TAMS 0x000000070d400000, 0x000000070d400000| Untracked 
|  60|0x000000070d600000, 0x000000070d600000, 0x000000070d800000|  0%| F|  |TAMS 0x000000070d600000, 0x000000070d600000| Untracked 
|  61|0x000000070d800000, 0x000000070d800000, 0x000000070da00000|  0%| F|  |TAMS 0x000000070d800000, 0x000000070d800000| Untracked 
|  62|0x000000070da00000, 0x000000070da00000, 0x000000070dc00000|  0%| F|  |TAMS 0x000000070da00000, 0x000000070da00000| Untracked 
|  63|0x000000070dc00000, 0x000000070dc00000, 0x000000070de00000|  0%| F|  |TAMS 0x000000070dc00000, 0x000000070dc00000| Untracked 
|  64|0x000000070de00000, 0x000000070de00000, 0x000000070e000000|  0%| F|  |TAMS 0x000000070de00000, 0x000000070de00000| Untracked 
|  65|0x000000070e000000, 0x000000070e000000, 0x000000070e200000|  0%| F|  |TAMS 0x000000070e000000, 0x000000070e000000| Untracked 
|  66|0x000000070e200000, 0x000000070e200000, 0x000000070e400000|  0%| F|  |TAMS 0x000000070e200000, 0x000000070e200000| Untracked 
|  67|0x000000070e400000, 0x000000070e400000, 0x000000070e600000|  0%| F|  |TAMS 0x000000070e400000, 0x000000070e400000| Untracked 
|  68|0x000000070e600000, 0x000000070e600000, 0x000000070e800000|  0%| F|  |TAMS 0x000000070e600000, 0x000000070e600000| Untracked 
|  69|0x000000070e800000, 0x000000070e800000, 0x000000070ea00000|  0%| F|  |TAMS 0x000000070e800000, 0x000000070e800000| Untracked 
|  70|0x000000070ea00000, 0x000000070ea00000, 0x000000070ec00000|  0%| F|  |TAMS 0x000000070ea00000, 0x000000070ea00000| Untracked 
|  71|0x000000070ec00000, 0x000000070ec00000, 0x000000070ee00000|  0%| F|  |TAMS 0x000000070ec00000, 0x000000070ec00000| Untracked 
|  72|0x000000070ee00000, 0x000000070ee00000, 0x000000070f000000|  0%| F|  |TAMS 0x000000070ee00000, 0x000000070ee00000| Untracked 
|  73|0x000000070f000000, 0x000000070f000000, 0x000000070f200000|  0%| F|  |TAMS 0x000000070f000000, 0x000000070f000000| Untracked 
|  74|0x000000070f200000, 0x000000070f200000, 0x000000070f400000|  0%| F|  |TAMS 0x000000070f200000, 0x000000070f200000| Untracked 
|  75|0x000000070f400000, 0x000000070f400000, 0x000000070f600000|  0%| F|  |TAMS 0x000000070f400000, 0x000000070f400000| Untracked 
|  76|0x000000070f600000, 0x000000070f600000, 0x000000070f800000|  0%| F|  |TAMS 0x000000070f600000, 0x000000070f600000| Untracked 
|  77|0x000000070f800000, 0x000000070f800000, 0x000000070fa00000|  0%| F|  |TAMS 0x000000070f800000, 0x000000070f800000| Untracked 
|  78|0x000000070fa00000, 0x000000070fa00000, 0x000000070fc00000|  0%| F|  |TAMS 0x000000070fa00000, 0x000000070fa00000| Untracked 
|  79|0x000000070fc00000, 0x000000070fc00000, 0x000000070fe00000|  0%| F|  |TAMS 0x000000070fc00000, 0x000000070fc00000| Untracked 
|  80|0x000000070fe00000, 0x000000070fe00000, 0x0000000710000000|  0%| F|  |TAMS 0x000000070fe00000, 0x000000070fe00000| Untracked 
|  81|0x0000000710000000, 0x0000000710000000, 0x0000000710200000|  0%| F|  |TAMS 0x0000000710000000, 0x0000000710000000| Untracked 
|  82|0x0000000710200000, 0x0000000710200000, 0x0000000710400000|  0%| F|  |TAMS 0x0000000710200000, 0x0000000710200000| Untracked 
|  83|0x0000000710400000, 0x0000000710400000, 0x0000000710600000|  0%| F|  |TAMS 0x0000000710400000, 0x0000000710400000| Untracked 
|  84|0x0000000710600000, 0x0000000710600000, 0x0000000710800000|  0%| F|  |TAMS 0x0000000710600000, 0x0000000710600000| Untracked 
|  85|0x0000000710800000, 0x0000000710800000, 0x0000000710a00000|  0%| F|  |TAMS 0x0000000710800000, 0x0000000710800000| Untracked 
|  86|0x0000000710a00000, 0x0000000710a00000, 0x0000000710c00000|  0%| F|  |TAMS 0x0000000710a00000, 0x0000000710a00000| Untracked 
|  87|0x0000000710c00000, 0x0000000710c00000, 0x0000000710e00000|  0%| F|  |TAMS 0x0000000710c00000, 0x0000000710c00000| Untracked 
|  88|0x0000000710e00000, 0x0000000710e00000, 0x0000000711000000|  0%| F|  |TAMS 0x0000000710e00000, 0x0000000710e00000| Untracked 
|  89|0x0000000711000000, 0x0000000711000000, 0x0000000711200000|  0%| F|  |TAMS 0x0000000711000000, 0x0000000711000000| Untracked 
|  90|0x0000000711200000, 0x0000000711200000, 0x0000000711400000|  0%| F|  |TAMS 0x0000000711200000, 0x0000000711200000| Untracked 
|  91|0x0000000711400000, 0x0000000711400000, 0x0000000711600000|  0%| F|  |TAMS 0x0000000711400000, 0x0000000711400000| Untracked 
|  92|0x0000000711600000, 0x0000000711600000, 0x0000000711800000|  0%| F|  |TAMS 0x0000000711600000, 0x0000000711600000| Untracked 
|  93|0x0000000711800000, 0x0000000711800000, 0x0000000711a00000|  0%| F|  |TAMS 0x0000000711800000, 0x0000000711800000| Untracked 
|  94|0x0000000711a00000, 0x0000000711a00000, 0x0000000711c00000|  0%| F|  |TAMS 0x0000000711a00000, 0x0000000711a00000| Untracked 
|  95|0x0000000711c00000, 0x0000000711c00000, 0x0000000711e00000|  0%| F|  |TAMS 0x0000000711c00000, 0x0000000711c00000| Untracked 
|  96|0x0000000711e00000, 0x0000000711e00000, 0x0000000712000000|  0%| F|  |TAMS 0x0000000711e00000, 0x0000000711e00000| Untracked 
|  97|0x0000000712000000, 0x0000000712000000, 0x0000000712200000|  0%| F|  |TAMS 0x0000000712000000, 0x0000000712000000| Untracked 
|  98|0x0000000712200000, 0x0000000712200000, 0x0000000712400000|  0%| F|  |TAMS 0x0000000712200000, 0x0000000712200000| Untracked 
|  99|0x0000000712400000, 0x0000000712400000, 0x0000000712600000|  0%| F|  |TAMS 0x0000000712400000, 0x0000000712400000| Untracked 
| 100|0x0000000712600000, 0x0000000712600000, 0x0000000712800000|  0%| F|  |TAMS 0x0000000712600000, 0x0000000712600000| Untracked 
| 101|0x0000000712800000, 0x0000000712800000, 0x0000000712a00000|  0%| F|  |TAMS 0x0000000712800000, 0x0000000712800000| Untracked 
| 102|0x0000000712a00000, 0x0000000712a00000, 0x0000000712c00000|  0%| F|  |TAMS 0x0000000712a00000, 0x0000000712a00000| Untracked 
| 103|0x0000000712c00000, 0x0000000712c00000, 0x0000000712e00000|  0%| F|  |TAMS 0x0000000712c00000, 0x0000000712c00000| Untracked 
| 104|0x0000000712e00000, 0x0000000712e00000, 0x0000000713000000|  0%| F|  |TAMS 0x0000000712e00000, 0x0000000712e00000| Untracked 
| 105|0x0000000713000000, 0x0000000713000000, 0x0000000713200000|  0%| F|  |TAMS 0x0000000713000000, 0x0000000713000000| Untracked 
| 106|0x0000000713200000, 0x0000000713200000, 0x0000000713400000|  0%| F|  |TAMS 0x0000000713200000, 0x0000000713200000| Untracked 
| 107|0x0000000713400000, 0x0000000713400000, 0x0000000713600000|  0%| F|  |TAMS 0x0000000713400000, 0x0000000713400000| Untracked 
| 108|0x0000000713600000, 0x0000000713600000, 0x0000000713800000|  0%| F|  |TAMS 0x0000000713600000, 0x0000000713600000| Untracked 
| 109|0x0000000713800000, 0x0000000713800000, 0x0000000713a00000|  0%| F|  |TAMS 0x0000000713800000, 0x0000000713800000| Untracked 
| 110|0x0000000713a00000, 0x0000000713a00000, 0x0000000713c00000|  0%| F|  |TAMS 0x0000000713a00000, 0x0000000713a00000| Untracked 
| 111|0x0000000713c00000, 0x0000000713c00000, 0x0000000713e00000|  0%| F|  |TAMS 0x0000000713c00000, 0x0000000713c00000| Untracked 
| 112|0x0000000713e00000, 0x0000000713e00000, 0x0000000714000000|  0%| F|  |TAMS 0x0000000713e00000, 0x0000000713e00000| Untracked 
| 113|0x0000000714000000, 0x00000007141b14d0, 0x0000000714200000| 84%| S|CS|TAMS 0x0000000714000000, 0x0000000714000000| Complete 
| 114|0x0000000714200000, 0x0000000714400000, 0x0000000714400000|100%| S|CS|TAMS 0x0000000714200000, 0x0000000714200000| Complete 
| 115|0x0000000714400000, 0x0000000714400000, 0x0000000714600000|  0%| F|  |TAMS 0x0000000714400000, 0x0000000714400000| Untracked 
| 116|0x0000000714600000, 0x0000000714600000, 0x0000000714800000|  0%| F|  |TAMS 0x0000000714600000, 0x0000000714600000| Untracked 
| 117|0x0000000714800000, 0x0000000714800000, 0x0000000714a00000|  0%| F|  |TAMS 0x0000000714800000, 0x0000000714800000| Untracked 
| 118|0x0000000714a00000, 0x0000000714a00000, 0x0000000714c00000|  0%| F|  |TAMS 0x0000000714a00000, 0x0000000714a00000| Untracked 
| 119|0x0000000714c00000, 0x0000000714c00000, 0x0000000714e00000|  0%| F|  |TAMS 0x0000000714c00000, 0x0000000714c00000| Untracked 
| 120|0x0000000714e00000, 0x0000000714f57600, 0x0000000715000000| 67%| E|  |TAMS 0x0000000714e00000, 0x0000000714e00000| Complete 
| 121|0x0000000715000000, 0x0000000715200000, 0x0000000715200000|100%| E|CS|TAMS 0x0000000715000000, 0x0000000715000000| Complete 
| 122|0x0000000715200000, 0x0000000715400000, 0x0000000715400000|100%| E|CS|TAMS 0x0000000715200000, 0x0000000715200000| Complete 
| 123|0x0000000715400000, 0x0000000715600000, 0x0000000715600000|100%| E|CS|TAMS 0x0000000715400000, 0x0000000715400000| Complete 
| 124|0x0000000715600000, 0x0000000715800000, 0x0000000715800000|100%| E|CS|TAMS 0x0000000715600000, 0x0000000715600000| Complete 
| 125|0x0000000715800000, 0x0000000715a00000, 0x0000000715a00000|100%| E|CS|TAMS 0x0000000715800000, 0x0000000715800000| Complete 

Card table byte_map: [0x00000265f30b0000,0x00000265f3890000] _byte_map_base: 0x00000265ef881000

Marking Bits (Prev, Next): (CMBitMap*) 0x00000265db162170, (CMBitMap*) 0x00000265db1621b0
 Prev Bits: [0x00000265f4070000, 0x00000265f7ef8000)
 Next Bits: [0x00000265f7f00000, 0x00000265fbd88000)

Polling page: 0x00000265d90a0000

Metaspace:

Usage:
  Non-class:      5.74 MB used.
      Class:    737.86 KB used.
       Both:      6.46 MB used.

Virtual space:
  Non-class space:       64.00 MB reserved,       5.81 MB (  9%) committed,  1 nodes.
      Class space:        1.00 GB reserved,     832.00 KB ( <1%) committed,  1 nodes.
             Both:        1.06 GB reserved,       6.62 MB ( <1%) committed. 

Chunk freelists:
   Non-Class:  784.00 KB
       Class:  3.23 MB
        Both:  4.00 MB

MaxMetaspaceSize: unlimited
CompressedClassSpaceSize: 1.00 GB
Initial GC threshold: 21.00 MB
Current GC threshold: 21.00 MB
CDS: on
MetaspaceReclaimPolicy: balanced
 - commit_granule_bytes: 65536.
 - commit_granule_words: 8192.
 - virtual_space_node_default_size: 8388608.
 - enlarge_chunks_in_place: 1.
 - new_chunks_are_fully_committed: 0.
 - uncommit_free_chunks: 1.
 - use_allocation_guard: 0.


Internal statistics:

num_allocs_failed_limit: 0.
num_arena_births: 66.
num_arena_deaths: 0.
num_vsnodes_births: 2.
num_vsnodes_deaths: 0.
num_space_committed: 106.
num_space_uncommitted: 0.
num_chunks_returned_to_freelist: 0.
num_chunks_taken_from_freelist: 246.
num_chunk_merges: 0.
num_chunk_splits: 165.
num_chunks_enlarged: 131.
num_inconsistent_stats: 0.

CodeHeap 'non-profiled nmethods': size=119168Kb used=639Kb max_used=639Kb free=118528Kb
 bounds [0x00000265eabf0000, 0x00000265eae60000, 0x00000265f2050000]
CodeHeap 'profiled nmethods': size=119104Kb used=2777Kb max_used=2777Kb free=116326Kb
 bounds [0x00000265e3050000, 0x00000265e3310000, 0x00000265ea4a0000]
CodeHeap 'non-nmethods': size=7488Kb used=2943Kb max_used=3003Kb free=4544Kb
 bounds [0x00000265ea4a0000, 0x00000265ea7a0000, 0x00000265eabf0000]
 total_blobs=1920 nmethods=1453 adapters=375
 compilation: enabled
              stopped_count=0, restarted_count=0
 full_count=0

Compilation events (20 events):
Event: 0.519 Thread 0x00000265fef15800 nmethod 1430 0x00000265e32f9610 code [0x00000265e32f9820, 0x00000265e32f9dc8]
Event: 0.519 Thread 0x00000265ff42dda0 1432       3       jdk.internal.org.objectweb.asm.Type::getReturnTypeOffset (64 bytes)
Event: 0.519 Thread 0x000002658405f1a0 nmethod 1427 0x00000265eac81310 code [0x00000265eac814c0, 0x00000265eac816b8]
Event: 0.519 Thread 0x000002658478fec0 1433       4       java.lang.System::getSecurityManager (12 bytes)
Event: 0.520 Thread 0x00000265ff42dda0 nmethod 1432 0x00000265e32f9f90 code [0x00000265e32fa2a0, 0x00000265e32fb698]
Event: 0.520 Thread 0x00000265fef15d80 1434       3       jdk.internal.org.objectweb.asm.MethodVisitor::<init> (78 bytes)
Event: 0.520 Thread 0x000002658478fec0 nmethod 1433 0x00000265eac81990 code [0x00000265eac81b00, 0x00000265eac81b58]
Event: 0.521 Thread 0x00000265fef15d80 nmethod 1434 0x00000265e32fbe10 code [0x00000265e32fc040, 0x00000265e32fc808]
Event: 0.522 Thread 0x00000265fef15800 1435       3       com.google.inject.internal.MoreTypes::isFullySpecified (48 bytes)
Event: 0.523 Thread 0x00000265fef15800 nmethod 1435 0x00000265e32fcb10 code [0x00000265e32fcd20, 0x00000265e32fd648]
Event: 0.523 Thread 0x00000265ff42dda0 1437       3       com.google.inject.internal.MoreTypes::canonicalizeForKey (103 bytes)
Event: 0.523 Thread 0x00000265fef15d80 1439       3       com.google.common.collect.RegularImmutableMap::get (64 bytes)
Event: 0.523 Thread 0x00000265fef15800 1438       3       com.google.common.collect.RegularImmutableMap::get (13 bytes)
Event: 0.523 Thread 0x00000265fef15800 nmethod 1438 0x00000265e32fd790 code [0x00000265e32fd940, 0x00000265e32fda88]
Event: 0.523 Thread 0x00000265fef15800 1440       3       com.google.inject.Key::computeHashCode (19 bytes)
Event: 0.523 Thread 0x00000265fef15800 nmethod 1440 0x00000265e32fdb10 code [0x00000265e32fdcc0, 0x00000265e32fdec8]
Event: 0.523 Thread 0x00000265fef15d80 nmethod 1439 0x00000265e32fe010 code [0x00000265e32fe220, 0x00000265e32fe7d8]
Event: 0.523 Thread 0x00000265fef15d80 1441       3       jdk.internal.loader.BuiltinClassLoader::hasClassPath (13 bytes)
Event: 0.523 Thread 0x00000265fef15d80 nmethod 1441 0x00000265e32fea10 code [0x00000265e32feba0, 0x00000265e32fed18]
Event: 0.523 Thread 0x00000265ff42dda0 nmethod 1437 0x00000265e32fed90 code [0x00000265e32ff0a0, 0x00000265e33001b8]

GC Heap History (2 events):
Event: 0.371 GC heap before
{Heap before GC invocations=0 (full 0):
 garbage-first heap   total 258048K, used 22528K [0x0000000705e00000, 0x0000000800000000)
  region size 2048K, 11 young (22528K), 0 survivors (0K)
 Metaspace       used 5867K, committed 6016K, reserved 1114112K
  class space    used 651K, committed 704K, reserved 1048576K
}
Event: 0.374 GC heap after
{Heap after GC invocations=1 (full 0):
 garbage-first heap   total 258048K, used 3781K [0x0000000705e00000, 0x0000000800000000)
  region size 2048K, 2 young (4096K), 2 survivors (4096K)
 Metaspace       used 5867K, committed 6016K, reserved 1114112K
  class space    used 651K, committed 704K, reserved 1048576K
}

Dll operation events (12 events):
Event: 0.005 Loaded shared library C:\Program Files\Java\jdk-19\bin\java.dll
Event: 0.010 Loaded shared library C:\Program Files\Java\jdk-19\bin\jsvml.dll
Event: 0.038 Loaded shared library C:\Program Files\Java\jdk-19\bin\zip.dll
Event: 0.039 Loaded shared library C:\Program Files\Java\jdk-19\bin\instrument.dll
Event: 0.041 Loaded shared library C:\Program Files\Java\jdk-19\bin\net.dll
Event: 0.042 Loaded shared library C:\Program Files\Java\jdk-19\bin\nio.dll
Event: 0.044 Loaded shared library C:\Program Files\Java\jdk-19\bin\zip.dll
Event: 0.052 Loaded shared library C:\Program Files\JetBrains\IntelliJ IDEA 2022.1.2\bin\breakgen64.dll
Event: 0.056 Loaded shared library C:\Program Files\Java\jdk-19\bin\extnet.dll
Event: 0.108 Loaded shared library C:\Program Files\Java\jdk-19\bin\jimage.dll
Event: 0.168 Loaded shared library C:\Users\99293\AppData\Local\Temp\jansi-2.4.0-331c0865cfcb11df-jansi.dll
Event: 0.175 Loaded shared library C:\Program Files\Java\jdk-19\bin\verify.dll

Deoptimization events (20 events):
Event: 0.464 Thread 0x00000265db0f1190 Uncommon trap: trap_request=0xffffffde fr.pc=0x00000265eac319f0 relative=0x0000000000000670
Event: 0.464 Thread 0x00000265db0f1190 Uncommon trap: reason=class_check action=maybe_recompile pc=0x00000265eac319f0 method=java.util.regex.Matcher.search(I)Z @ 121 c2
Event: 0.464 Thread 0x00000265db0f1190 DEOPT PACKING pc=0x00000265eac319f0 sp=0x00000099ebffe2b0
Event: 0.464 Thread 0x00000265db0f1190 DEOPT UNPACKING pc=0x00000265ea506da3 sp=0x00000099ebffe280 mode 2
Event: 0.464 Thread 0x00000265db0f1190 Uncommon trap: trap_request=0xffffffde fr.pc=0x00000265eac59b48 relative=0x00000000000001a8
Event: 0.464 Thread 0x00000265db0f1190 Uncommon trap: reason=class_check action=maybe_recompile pc=0x00000265eac59b48 method=java.nio.Buffer.<init>(IIIILjava/lang/foreign/MemorySegment;)V @ 39 c2
Event: 0.464 Thread 0x00000265db0f1190 DEOPT PACKING pc=0x00000265eac59b48 sp=0x00000099ebffdfc0
Event: 0.464 Thread 0x00000265db0f1190 DEOPT UNPACKING pc=0x00000265ea506da3 sp=0x00000099ebffdf98 mode 2
Event: 0.467 Thread 0x00000265db0f1190 Uncommon trap: trap_request=0xffffffde fr.pc=0x00000265eac59b48 relative=0x00000000000001a8
Event: 0.467 Thread 0x00000265db0f1190 Uncommon trap: reason=class_check action=maybe_recompile pc=0x00000265eac59b48 method=java.nio.Buffer.<init>(IIIILjava/lang/foreign/MemorySegment;)V @ 39 c2
Event: 0.467 Thread 0x00000265db0f1190 DEOPT PACKING pc=0x00000265eac59b48 sp=0x00000099ebffdfd0
Event: 0.467 Thread 0x00000265db0f1190 DEOPT UNPACKING pc=0x00000265ea506da3 sp=0x00000099ebffdfa8 mode 2
Event: 0.501 Thread 0x00000265db0f1190 Uncommon trap: trap_request=0xffffff45 fr.pc=0x00000265eac62714 relative=0x00000000000002d4
Event: 0.501 Thread 0x00000265db0f1190 Uncommon trap: reason=unstable_if action=reinterpret pc=0x00000265eac62714 method=java.nio.charset.CharsetDecoder.decode(Ljava/nio/ByteBuffer;Ljava/nio/CharBuffer;Z)Ljava/nio/charset/CoderResult; @ 1 c2
Event: 0.501 Thread 0x00000265db0f1190 DEOPT PACKING pc=0x00000265eac62714 sp=0x00000099ebffe180
Event: 0.501 Thread 0x00000265db0f1190 DEOPT UNPACKING pc=0x00000265ea506da3 sp=0x00000099ebffe138 mode 2
Event: 0.518 Thread 0x00000265db0f1190 Uncommon trap: trap_request=0xffffffde fr.pc=0x00000265eac32f00 relative=0x0000000000000a60
Event: 0.518 Thread 0x00000265db0f1190 Uncommon trap: reason=class_check action=maybe_recompile pc=0x00000265eac32f00 method=java.util.HashMap.putVal(ILjava/lang/Object;Ljava/lang/Object;ZZ)Ljava/lang/Object; @ 91 c2
Event: 0.518 Thread 0x00000265db0f1190 DEOPT PACKING pc=0x00000265eac32f00 sp=0x00000099ebffdcc0
Event: 0.518 Thread 0x00000265db0f1190 DEOPT UNPACKING pc=0x00000265ea506da3 sp=0x00000099ebffdc08 mode 2

Classes loaded (20 events):
Event: 0.370 Loading class jdk/internal/foreign/MemorySessionImpl
Event: 0.370 Loading class java/lang/foreign/MemorySession
Event: 0.370 Loading class java/lang/foreign/SegmentAllocator
Event: 0.370 Loading class java/lang/foreign/SegmentAllocator done
Event: 0.370 Loading class java/lang/foreign/MemorySession done
Event: 0.370 Loading class jdk/internal/foreign/MemorySessionImpl done
Event: 0.374 Loading class java/util/concurrent/locks/AbstractQueuedSynchronizer$ExclusiveNode
Event: 0.375 Loading class java/util/concurrent/locks/AbstractQueuedSynchronizer$ExclusiveNode done
Event: 0.407 Loading class java/lang/foreign/MemorySegment
Event: 0.407 Loading class java/lang/foreign/Addressable
Event: 0.407 Loading class java/lang/foreign/Addressable done
Event: 0.407 Loading class java/lang/foreign/MemorySegment done
Event: 0.470 Loading class sun/reflect/generics/reflectiveObjects/TypeVariableImpl
Event: 0.470 Loading class sun/reflect/generics/reflectiveObjects/LazyReflectiveObjectGenerator
Event: 0.470 Loading class sun/reflect/generics/reflectiveObjects/LazyReflectiveObjectGenerator done
Event: 0.470 Loading class sun/reflect/generics/reflectiveObjects/TypeVariableImpl done
Event: 0.470 Loading class sun/reflect/generics/reflectiveObjects/ParameterizedTypeImpl
Event: 0.470 Loading class sun/reflect/generics/reflectiveObjects/ParameterizedTypeImpl done
Event: 0.470 Loading class sun/reflect/misc/ReflectUtil
Event: 0.470 Loading class sun/reflect/misc/ReflectUtil done

Classes unloaded (0 events):
No events

Classes redefined (0 events):
No events

Internal exceptions (20 events):
Event: 0.057 Thread 0x00000265ff02b320 Exception <a 'java/lang/NoSuchMethodError'{0x00000007157ca9a8}: 'void java.lang.invoke.DirectMethodHandle$Holder.invokeStatic(java.lang.Object, java.lang.Object)'> (0x00000007157ca9a8) 
thrown [s\open\src\hotspot\share\interpreter\linkResolver.cpp, line 774]
Event: 0.067 Thread 0x00000265db0f1190 Exception <a 'java/lang/NoSuchMethodError'{0x0000000715407770}: 'int java.lang.invoke.DirectMethodHandle$Holder.invokeSpecial(java.lang.Object, java.lang.Object, java.lang.Object)'> (0x0000000715407770) 
thrown [s\open\src\hotspot\share\interpreter\linkResolver.cpp, line 774]
Event: 0.106 Thread 0x00000265db0f1190 Exception <a 'java/lang/NullPointerException'{0x000000071525d9f8}> (0x000000071525d9f8) 
thrown [s\open\src\hotspot\share\interpreter\linkResolver.cpp, line 1374]
Event: 0.169 Thread 0x00000265db0f1190 Exception <a 'java/lang/NullPointerException'{0x0000000715057890}> (0x0000000715057890) 
thrown [s\open\src\hotspot\share\interpreter\linkResolver.cpp, line 1374]
Event: 0.169 Thread 0x00000265db0f1190 Exception <a 'java/lang/NullPointerException'{0x0000000715057b70}> (0x0000000715057b70) 
thrown [s\open\src\hotspot\share\interpreter\linkResolver.cpp, line 1374]
Event: 0.169 Thread 0x00000265db0f1190 Exception <a 'java/lang/NullPointerException'{0x0000000715057e50}> (0x0000000715057e50) 
thrown [s\open\src\hotspot\share\interpreter\linkResolver.cpp, line 1374]
Event: 0.170 Thread 0x00000265db0f1190 Exception <a 'java/lang/NullPointerException'{0x000000071505d708}> (0x000000071505d708) 
thrown [s\open\src\hotspot\share\interpreter\linkResolver.cpp, line 1374]
Event: 0.171 Thread 0x00000265db0f1190 Exception <a 'java/lang/NullPointerException'{0x0000000715070638}> (0x0000000715070638) 
thrown [s\open\src\hotspot\share\interpreter\linkResolver.cpp, line 1374]
Event: 0.171 Thread 0x00000265db0f1190 Exception <a 'java/lang/NullPointerException'{0x0000000715070918}> (0x0000000715070918) 
thrown [s\open\src\hotspot\share\interpreter\linkResolver.cpp, line 1374]
Event: 0.171 Thread 0x00000265db0f1190 Exception <a 'java/lang/NullPointerException'{0x0000000715070bf8}> (0x0000000715070bf8) 
thrown [s\open\src\hotspot\share\interpreter\linkResolver.cpp, line 1374]
Event: 0.171 Thread 0x00000265db0f1190 Exception <a 'java/lang/NullPointerException'{0x0000000715070ed8}> (0x0000000715070ed8) 
thrown [s\open\src\hotspot\share\interpreter\linkResolver.cpp, line 1374]
Event: 0.219 Thread 0x00000265db0f1190 Exception <a 'java/lang/NoSuchMethodError'{0x0000000714ec4120}: 'java.lang.Object java.lang.invoke.DirectMethodHandle$Holder.invokeSpecialIFC(java.lang.Object, java.lang.Object, java.lang.Object, java.lang.Object)'> (0x0000000714ec4120) 
thrown [s\open\src\hotspot\share\interpreter\linkResolver.cpp, line 774]
Event: 0.306 Thread 0x00000265db0f1190 Exception <a 'java/lang/NoSuchMethodError'{0x00000007148af6b0}: 'void java.lang.invoke.DirectMethodHandle$Holder.invokeSpecial(java.lang.Object, java.lang.Object, java.lang.Object)'> (0x00000007148af6b0) 
thrown [s\open\src\hotspot\share\interpreter\linkResolver.cpp, line 774]
Event: 0.319 Thread 0x00000265db0f1190 Exception <a 'java/lang/NoSuchMethodError'{0x00000007149f82d0}: 'java.lang.Object java.lang.invoke.DirectMethodHandle$Holder.invokeInterface(java.lang.Object, java.lang.Object)'> (0x00000007149f82d0) 
thrown [s\open\src\hotspot\share\interpreter\linkResolver.cpp, line 774]
Event: 0.326 Thread 0x00000265db0f1190 Exception <a 'java/lang/NoSuchMethodError'{0x0000000714692270}: 'int java.lang.invoke.DirectMethodHandle$Holder.invokeStatic(java.lang.Object, java.lang.Object, java.lang.Object, java.lang.Object)'> (0x0000000714692270) 
thrown [s\open\src\hotspot\share\interpreter\linkResolver.cpp, line 774]
Event: 0.327 Thread 0x00000265db0f1190 Exception <a 'java/lang/NoSuchMethodError'{0x0000000714695bb0}: 'java.lang.Object java.lang.invoke.Invokers$Holder.invokeExact_MT(java.lang.Object, java.lang.Object, java.lang.Object, java.lang.Object, java.lang.Object, java.lang.Object)'> (0x0000000714695bb0) 
thrown [s\open\src\hotspot\share\interpreter\linkResolver.cpp, line 774]
Event: 0.328 Thread 0x00000265db0f1190 Exception <a 'java/lang/NoSuchMethodError'{0x00000007146a6bf8}: 'int java.lang.invoke.DirectMethodHandle$Holder.invokeSpecialIFC(java.lang.Object, java.lang.Object, java.lang.Object, java.lang.Object, java.lang.Object)'> (0x00000007146a6bf8) 
thrown [s\open\src\hotspot\share\interpreter\linkResolver.cpp, line 774]
Event: 0.348 Thread 0x00000265db0f1190 Exception <a 'java/lang/NoSuchMethodError'{0x0000000714435198}: 'java.lang.Object java.lang.invoke.DirectMethodHandle$Holder.newInvokeSpecial(java.lang.Object, java.lang.Object, java.lang.Object, java.lang.Object, java.lang.Object)'> (0x0000000714435198) 
thrown [s\open\src\hotspot\share\interpreter\linkResolver.cpp, line 774]
Event: 0.363 Thread 0x00000265db0f1190 Exception <a 'java/lang/NoSuchMethodError'{0x0000000714531c28}: 'int java.lang.invoke.DirectMethodHandle$Holder.invokeStaticInit(java.lang.Object, java.lang.Object)'> (0x0000000714531c28) 
thrown [s\open\src\hotspot\share\interpreter\linkResolver.cpp, line 774]
Event: 0.369 Thread 0x00000265db0f1190 Exception <a 'java/lang/NoClassDefFoundError'{0x00000007145d97c8}: javax/enterprise/inject/Typed> (0x00000007145d97c8) 
thrown [s\open\src\hotspot\share\classfile\systemDictionary.cpp, line 244]

VM Operations (14 events):
Event: 0.033 Executing VM operation: HandshakeAllThreads
Event: 0.033 Executing VM operation: HandshakeAllThreads done
Event: 0.054 Executing VM operation: HandshakeAllThreads
Event: 0.054 Executing VM operation: HandshakeAllThreads done
Event: 0.105 Executing VM operation: HandshakeAllThreads
Event: 0.105 Executing VM operation: HandshakeAllThreads done
Event: 0.110 Executing VM operation: HandshakeAllThreads
Event: 0.110 Executing VM operation: HandshakeAllThreads done
Event: 0.369 Executing VM operation: ICBufferFull
Event: 0.369 Executing VM operation: ICBufferFull done
Event: 0.371 Executing VM operation: G1CollectForAllocation
Event: 0.374 Executing VM operation: G1CollectForAllocation done
Event: 0.375 Executing VM operation: HandshakeAllThreads
Event: 0.375 Executing VM operation: HandshakeAllThreads done

Events (20 events):
Event: 0.018 Thread 0x00000265fed32030 Thread added: 0x00000265fed32030
Event: 0.018 Thread 0x00000265fed34b80 Thread added: 0x00000265fed34b80
Event: 0.018 Thread 0x00000265fed39830 Thread added: 0x00000265fed39830
Event: 0.018 Thread 0x00000265fed3a160 Thread added: 0x00000265fed3a160
Event: 0.018 Thread 0x00000265fed3bb00 Thread added: 0x00000265fed3bb00
Event: 0.018 Thread 0x00000265fed445b0 Thread added: 0x00000265fed445b0
Event: 0.018 Thread 0x00000265fed44f20 Thread added: 0x00000265fed44f20
Event: 0.021 Thread 0x00000265fef15800 Thread added: 0x00000265fef15800
Event: 0.021 Thread 0x00000265fef15d80 Thread added: 0x00000265fef15d80
Event: 0.029 Thread 0x00000265fef9eec0 Thread added: 0x00000265fef9eec0
Event: 0.052 Thread 0x00000265ff02b320 Thread added: 0x00000265ff02b320
Event: 0.052 Thread 0x00000265ff02b860 Thread added: 0x00000265ff02b860
Event: 0.206 Thread 0x00000265ff3fc700 Thread added: 0x00000265ff3fc700
Event: 0.244 Thread 0x00000265ff42dda0 Thread added: 0x00000265ff42dda0
Event: 0.265 Thread 0x00000265ff6cc0f0 Thread added: 0x00000265ff6cc0f0
Event: 0.401 Thread 0x000002658405f1a0 Thread added: 0x000002658405f1a0
Event: 0.401 Thread 0x00000265841bc790 Thread added: 0x00000265841bc790
Event: 0.409 Thread 0x000002658478fec0 Thread added: 0x000002658478fec0
Event: 0.409 Thread 0x0000026584790440 Thread added: 0x0000026584790440
Event: 0.409 Thread 0x00000265848bdfe0 Thread added: 0x00000265848bdfe0


Dynamic libraries:
0x00007ff6bdaa0000 - 0x00007ff6bdab0000 	C:\Program Files\Java\jdk-19\bin\java.exe
0x00007ffc2be70000 - 0x00007ffc2c087000 	C:\WINDOWS\SYSTEM32\ntdll.dll
0x00007ffc2aec0000 - 0x00007ffc2af84000 	C:\WINDOWS\System32\KERNEL32.DLL
0x00007ffc29300000 - 0x00007ffc296b9000 	C:\WINDOWS\System32\KERNELBASE.dll
0x00007ffc296f0000 - 0x00007ffc29801000 	C:\WINDOWS\System32\ucrtbase.dll
0x00007ffc13cc0000 - 0x00007ffc13cdb000 	C:\Program Files\Java\jdk-19\bin\VCRUNTIME140.dll
0x00007ffc00ef0000 - 0x00007ffc00f08000 	C:\Program Files\Java\jdk-19\bin\jli.dll
0x00007ffc29ec0000 - 0x00007ffc29f72000 	C:\WINDOWS\System32\ADVAPI32.dll
0x00007ffc2b280000 - 0x00007ffc2b327000 	C:\WINDOWS\System32\msvcrt.dll
0x00007ffc2b170000 - 0x00007ffc2b217000 	C:\WINDOWS\System32\sechost.dll
0x00007ffc29230000 - 0x00007ffc29258000 	C:\WINDOWS\System32\bcrypt.dll
0x00007ffc2b360000 - 0x00007ffc2b474000 	C:\WINDOWS\System32\RPCRT4.dll
0x00007ffc2af90000 - 0x00007ffc2b13e000 	C:\WINDOWS\System32\USER32.dll
0x00007ffc296c0000 - 0x00007ffc296e6000 	C:\WINDOWS\System32\win32u.dll
0x00007ffc12a50000 - 0x00007ffc12ce2000 	C:\WINDOWS\WinSxS\amd64_microsoft.windows.common-controls_6595b64144ccf1df_6.0.22621.4391_none_2715d37f73803e96\COMCTL32.dll
0x00007ffc2b330000 - 0x00007ffc2b359000 	C:\WINDOWS\System32\GDI32.dll
0x00007ffc298d0000 - 0x00007ffc299eb000 	C:\WINDOWS\System32\gdi32full.dll
0x00007ffc29260000 - 0x00007ffc292fa000 	C:\WINDOWS\System32\msvcp_win.dll
0x00007ffc20860000 - 0x00007ffc2086a000 	C:\WINDOWS\SYSTEM32\VERSION.dll
0x00007ffc2ae80000 - 0x00007ffc2aeb1000 	C:\WINDOWS\System32\IMM32.DLL
0x00007ffc122d0000 - 0x00007ffc122dc000 	C:\Program Files\Java\jdk-19\bin\vcruntime140_1.dll
0x00007ffbe6790000 - 0x00007ffbe681e000 	C:\Program Files\Java\jdk-19\bin\msvcp140.dll
0x00007ffb71b50000 - 0x00007ffb72810000 	C:\Program Files\Java\jdk-19\bin\server\jvm.dll
0x00007ffc24140000 - 0x00007ffc24149000 	C:\WINDOWS\SYSTEM32\WSOCK32.dll
0x00007ffc215b0000 - 0x00007ffc215e4000 	C:\WINDOWS\SYSTEM32\WINMM.dll
0x00007ffc2a460000 - 0x00007ffc2a4d1000 	C:\WINDOWS\System32\WS2_32.dll
0x00007ffc28270000 - 0x00007ffc28288000 	C:\WINDOWS\SYSTEM32\kernel.appcore.dll
0x00007ffc09f50000 - 0x00007ffc09f5a000 	C:\Program Files\Java\jdk-19\bin\jimage.dll
0x00007ffc26930000 - 0x00007ffc26b62000 	C:\WINDOWS\SYSTEM32\DBGHELP.DLL
0x00007ffc2b480000 - 0x00007ffc2b80f000 	C:\WINDOWS\System32\combase.dll
0x00007ffc2baa0000 - 0x00007ffc2bb77000 	C:\WINDOWS\System32\OLEAUT32.dll
0x00007ffc1b690000 - 0x00007ffc1b6c2000 	C:\WINDOWS\SYSTEM32\dbgcore.DLL
0x00007ffc29140000 - 0x00007ffc291bb000 	C:\WINDOWS\System32\bcryptPrimitives.dll
0x00007ffc01550000 - 0x00007ffc0155e000 	C:\Program Files\Java\jdk-19\bin\instrument.dll
0x00007ffc00db0000 - 0x00007ffc00dd6000 	C:\Program Files\Java\jdk-19\bin\java.dll
0x00007ffbe5400000 - 0x00007ffbe54d7000 	C:\Program Files\Java\jdk-19\bin\jsvml.dll
0x00007ffc2a4e0000 - 0x00007ffc2ad56000 	C:\WINDOWS\System32\SHELL32.dll
0x00007ffc27050000 - 0x00007ffc27953000 	C:\WINDOWS\SYSTEM32\windows.storage.dll
0x00007ffc26f10000 - 0x00007ffc2704f000 	C:\WINDOWS\SYSTEM32\wintypes.dll
0x00007ffc2bba0000 - 0x00007ffc2bc99000 	C:\WINDOWS\System32\SHCORE.dll
0x00007ffc29d20000 - 0x00007ffc29d7e000 	C:\WINDOWS\System32\shlwapi.dll
0x00007ffc29070000 - 0x00007ffc2909b000 	C:\WINDOWS\SYSTEM32\profapi.dll
0x00007ffbfe650000 - 0x00007ffbfe668000 	C:\Program Files\Java\jdk-19\bin\zip.dll
0x00007ffc007c0000 - 0x00007ffc007d3000 	C:\Program Files\Java\jdk-19\bin\net.dll
0x00007ffc24b90000 - 0x00007ffc24cc6000 	C:\WINDOWS\SYSTEM32\WINHTTP.dll
0x00007ffc286f0000 - 0x00007ffc28759000 	C:\WINDOWS\system32\mswsock.dll
0x00007ffbfe7d0000 - 0x00007ffbfe7e6000 	C:\Program Files\Java\jdk-19\bin\nio.dll
0x00007ffbfa3d0000 - 0x00007ffbfa3ea000 	C:\Program Files\JetBrains\IntelliJ IDEA 2022.1.2\bin\breakgen64.dll
0x00007ffc081a0000 - 0x00007ffc081a8000 	C:\Program Files\Java\jdk-19\bin\extnet.dll
0x0000000069ac0000 - 0x0000000069ae4000 	C:\Users\99293\AppData\Local\Temp\jansi-2.4.0-331c0865cfcb11df-jansi.dll
0x00007ffc02070000 - 0x00007ffc02080000 	C:\Program Files\Java\jdk-19\bin\verify.dll

dbghelp: loaded successfully - version: 4.0.5 - missing functions: none
symbol engine: initialized successfully - sym options: 0x614 - pdb path: .;C:\Program Files\Java\jdk-19\bin;C:\WINDOWS\SYSTEM32;C:\WINDOWS\WinSxS\amd64_microsoft.windows.common-controls_6595b64144ccf1df_6.0.22621.4391_none_2715d37f73803e96;C:\Program Files\Java\jdk-19\bin\server;C:\Program Files\JetBrains\IntelliJ IDEA 2022.1.2\bin;C:\Users\99293\AppData\Local\Temp

VM Arguments:
jvm_args: -Dmaven.multiModuleProjectDirectory=D:\website.citu-web -Dmaven.home=C:\Users\99293\.m2\wrapper\dists\apache-maven-3.9.3-bin\54p6kc7m0ap3os8bc4ge28ia2\apache-maven-3.9.3 -Dclassworlds.conf=C:\Users\99293\.m2\wrapper\dists\apache-maven-3.9.3-bin\54p6kc7m0ap3os8bc4ge28ia2\apache-maven-3.9.3\bin\m2.conf -Dmaven.ext.class.path=C:\Program Files\JetBrains\IntelliJ IDEA 2022.1.2\plugins\maven\lib\maven-event-listener.jar -javaagent:C:\Program Files\JetBrains\IntelliJ IDEA 2022.1.2\lib\idea_rt.jar=53378:C:\Program Files\JetBrains\IntelliJ IDEA 2022.1.2\bin -Dfile.encoding=UTF-8 
java_command: org.codehaus.classworlds.Launcher -Didea.version=2022.1.2 package
java_class_path (initial): C:\Users\99293\.m2\wrapper\dists\apache-maven-3.9.3-bin\54p6kc7m0ap3os8bc4ge28ia2\apache-maven-3.9.3\boot\plexus-classworlds-2.7.0.jar;C:\Users\99293\.m2\wrapper\dists\apache-maven-3.9.3-bin\54p6kc7m0ap3os8bc4ge28ia2\apache-maven-3.9.3\boot\plexus-classworlds.license
Launcher Type: SUN_STANDARD

[Global flags]
     intx CICompilerCount                          = 12                                        {product} {ergonomic}
     uint ConcGCThreads                            = 3                                         {product} {ergonomic}
     uint G1ConcRefinementThreads                  = 13                                        {product} {ergonomic}
   size_t G1HeapRegionSize                         = 2097152                                   {product} {ergonomic}
    uintx GCDrainStackTargetSize                   = 64                                        {product} {ergonomic}
   size_t InitialHeapSize                          = 264241152                                 {product} {ergonomic}
   size_t MarkStackSize                            = 4194304                                   {product} {ergonomic}
   size_t MaxHeapSize                              = 4196401152                                {product} {ergonomic}
   size_t MaxNewSize                               = 2516582400                                {product} {ergonomic}
   size_t MinHeapDeltaBytes                        = 2097152                                   {product} {ergonomic}
   size_t MinHeapSize                              = 8388608                                   {product} {ergonomic}
    uintx NonNMethodCodeHeapSize                   = 7602480                                {pd product} {ergonomic}
    uintx NonProfiledCodeHeapSize                  = 122027880                              {pd product} {ergonomic}
    uintx ProfiledCodeHeapSize                     = 122027880                              {pd product} {ergonomic}
    uintx ReservedCodeCacheSize                    = 251658240                              {pd product} {ergonomic}
     bool SegmentedCodeCache                       = true                                      {product} {ergonomic}
   size_t SoftMaxHeapSize                          = 4196401152                             {manageable} {ergonomic}
     bool UseCompressedClassPointers               = true                           {product lp64_product} {ergonomic}
     bool UseCompressedOops                        = true                           {product lp64_product} {ergonomic}
     bool UseG1GC                                  = true                                      {product} {ergonomic}
     bool UseLargePagesIndividualAllocation        = false                                  {pd product} {ergonomic}

Logging:
Log output configuration:
 #0: stdout all=warning uptime,level,tags foldmultilines=false
 #1: stderr all=off uptime,level,tags foldmultilines=false

Environment Variables:
JAVA_HOME=C:\Program Files\Java\jdk-19
PATH=C:\Program Files\Common Files\Oracle\Java\javapath;C:\Windows\system32;C:\Windows;C:\Windows\System32\Wbem;C:\Windows\System32\WindowsPowerShell\v1.0\;C:\Windows\System32\OpenSSH\;C:\Program Files (x86)\NVIDIA Corporation\PhysX\Common;C:\Program Files\NVIDIA Corporation\NVIDIA NvDLISR;C:\Program Files (x86)\dotnet\;C:\WINDOWS\system32;C:\WINDOWS;C:\WINDOWS\System32\Wbem;C:\WINDOWS\System32\WindowsPowerShell\v1.0\;C:\WINDOWS\System32\OpenSSH\;C:\Program Files\Java\jdk-19\bin;C:\Program Files\Git\cmd;C:\Users\99293\AppData\Local\Programs\Python\Python311\Scripts\;C:\Users\99293\AppData\Local\Programs\Python\Python311\;C:\Users\99293\AppData\Local\Microsoft\WindowsApps;;C:\Program Files\JetBrains\IntelliJ IDEA 2022.1.2\bin;;C:\Program Files\heroku\bin
USERNAME=ASUS
OS=Windows_NT
PROCESSOR_IDENTIFIER=Intel64 Family 6 Model 154 Stepping 3, GenuineIntel
TMP=C:\Users\99293\AppData\Local\Temp
TEMP=C:\Users\99293\AppData\Local\Temp



---------------  S Y S T E M  ---------------

OS:
 Windows 11 , 64 bit Build 22621 (10.0.22621.4391)
OS uptime: 2 days 20:39 hours
Hyper-V role detected

CPU: total 16 (initial active 16) (8 cores per cpu, 2 threads per core) family 6 model 154 stepping 3 microcode 0x429, cx8, cmov, fxsr, ht, mmx, 3dnowpref, sse, sse2, sse3, ssse3, sse4.1, sse4.2, popcnt, lzcnt, tsc, tscinvbit, avx, avx2, aes, erms, clmul, bmi1, bmi2, adx, sha, fma, vzeroupper, clflush, clflushopt, clwb, hv, serialize, rdtscp, rdpid, fsrm

Memory: 4k page, system-wide physical 16004M (2261M free)
TotalPageFile size 18052M (AvailPageFile size 10M)
current process WorkingSet (physical memory assigned to process): 112M, peak: 118M
current process commit charge ("private bytes"): 401M, peak: 406M

vm_info: Java HotSpot(TM) 64-Bit Server VM (19.0.2+7-44) for windows-amd64 JRE (19.0.2+7-44), built on 2022-11-30T18:02:09Z by "mach5one" with MS VC++ 17.1 (VS2022)

END.
