#
# There is insufficient memory for the Java Runtime Environment to continue.
# Native memory allocation (malloc) failed to allocate 32744 bytes for Chunk::new
# Possible reasons:
#   The system is out of physical RAM or swap space
#   The process is running with CompressedOops enabled, and the Java Heap may be blocking the growth of the native heap
# Possible solutions:
#   Reduce memory load on the system
#   Increase physical memory or swap space
#   Check if swap backing store is full
#   Decrease Java heap size (-Xmx/-Xms)
#   Decrease number of Java threads
#   Decrease Java thread stack sizes (-Xss)
#   Set larger code cache with -XX:ReservedCodeCacheSize=
#   JVM is running with Zero Based Compressed Oops mode in which the Java heap is
#     placed in the first 32GB address space. The Java Heap base address is the
#     maximum limit for the native heap growth. Please use -XX:HeapBaseMinAddress
#     to set the Java Heap base and to place the Java Heap above 32GB virtual address.
# This output file may be truncated or incomplete.
#
#  Out of Memory Error (arena.cpp:184), pid=21220, tid=14672
#
# JRE version: Java(TM) SE Runtime Environment (19.0.2+7) (build 19.0.2+7-44)
# Java VM: Java HotSpot(TM) 64-Bit Server VM (19.0.2+7-44, mixed mode, tiered, compressed oops, compressed class ptrs, g1 gc, windows-amd64)
# No core dump will be written. Minidumps are not enabled by default on client versions of Windows
#

---------------  S U M M A R Y ------------

Command Line: -Dnet.bytebuddy.agent.attacher.dump= net.bytebuddy.agent.Attacher com.sun.tools.attach.VirtualMachine 3312 C:\Users\99293\.m2\repository\net\bytebuddy\byte-buddy-agent\1.14.5\byte-buddy-agent-1.14.5.jar false 

Host: 12th Gen Intel(R) Core(TM) i7-12650H, 16 cores, 15G,  Windows 11 , 64 bit Build 22621 (10.0.22621.4391)
Time: Mon Dec  9 21:15:25 2024  Windows 11 , 64 bit Build 22621 (10.0.22621.4391) elapsed time: 0.227588 seconds (0d 0h 0m 0s)

---------------  T H R E A D  ---------------

Current thread (0x000001dc84202560):  JavaThread "C1 CompilerThread2" daemon [_thread_in_native, id=14672, stack(0x00000093b2700000,0x00000093b2800000)]


Current CompileTask:
C1:    227  178       3       jdk.internal.org.objectweb.asm.ByteVector::putByte (39 bytes)

Stack: [0x00000093b2700000,0x00000093b2800000]
Native frames: (J=compiled Java code, j=interpreted, Vv=VM code, C=native code)
V  [jvm.dll+0x6ee21a]
V  [jvm.dll+0x85765e]
V  [jvm.dll+0x85904e]
V  [jvm.dll+0x859703]
V  [jvm.dll+0x28298f]
V  [jvm.dll+0xc9adf]
V  [jvm.dll+0xc9e65]
V  [jvm.dll+0xd584d]
V  [jvm.dll+0x18cab0]
V  [jvm.dll+0x18ad7e]
V  [jvm.dll+0x178a30]
V  [jvm.dll+0x161647]
V  [jvm.dll+0x160fb2]
V  [jvm.dll+0x161208]
V  [jvm.dll+0x160666]
V  [jvm.dll+0x16235d]
V  [jvm.dll+0x25b25a]
V  [jvm.dll+0x2596e8]
V  [jvm.dll+0x807588]
V  [jvm.dll+0x80125a]
V  [jvm.dll+0x6ecf0b]
C  [ucrtbase.dll+0x29333]
C  [KERNEL32.DLL+0x1259d]
C  [ntdll.dll+0x5af38]


---------------  P R O C E S S  ---------------

Threads class SMR info:
_java_thread_list=0x000001dc842334c0, length=14, elements={
0x000001dcc583d570, 0x000001dc84027890, 0x000001dc84028680, 0x000001dc8409d6a0,
0x000001dc8407c670, 0x000001dc8407efb0, 0x000001dc8407f8e0, 0x000001dc84080540,
0x000001dc8406aa80, 0x000001dc840a1ff0, 0x000001dc841fdfc0, 0x000001dc84202560,
0x000001dc8421e020, 0x000001dc84236020
}

Java Threads: ( => current thread )
  0x000001dcc583d570 JavaThread "main" [_thread_in_vm, id=22072, stack(0x00000093b1600000,0x00000093b1700000)]
  0x000001dc84027890 JavaThread "Reference Handler" daemon [_thread_blocked, id=11716, stack(0x00000093b1d00000,0x00000093b1e00000)]
  0x000001dc84028680 JavaThread "Finalizer" daemon [_thread_blocked, id=7412, stack(0x00000093b1e00000,0x00000093b1f00000)]
  0x000001dc8409d6a0 JavaThread "Signal Dispatcher" daemon [_thread_blocked, id=12856, stack(0x00000093b1f00000,0x00000093b2000000)]
  0x000001dc8407c670 JavaThread "Attach Listener" daemon [_thread_blocked, id=13128, stack(0x00000093b2000000,0x00000093b2100000)]
  0x000001dc8407efb0 JavaThread "Service Thread" daemon [_thread_blocked, id=19484, stack(0x00000093b2100000,0x00000093b2200000)]
  0x000001dc8407f8e0 JavaThread "Monitor Deflation Thread" daemon [_thread_blocked, id=22520, stack(0x00000093b2200000,0x00000093b2300000)]
  0x000001dc84080540 JavaThread "C2 CompilerThread0" daemon [_thread_blocked, id=9620, stack(0x00000093b2300000,0x00000093b2400000)]
  0x000001dc8406aa80 JavaThread "C1 CompilerThread0" daemon [_thread_blocked, id=12560, stack(0x00000093b2400000,0x00000093b2500000)]
  0x000001dc840a1ff0 JavaThread "Sweeper thread" daemon [_thread_blocked, id=1320, stack(0x00000093b2500000,0x00000093b2600000)]
  0x000001dc841fdfc0 JavaThread "C1 CompilerThread1" daemon [_thread_blocked, id=18776, stack(0x00000093b2600000,0x00000093b2700000)]
=>0x000001dc84202560 JavaThread "C1 CompilerThread2" daemon [_thread_in_native, id=14672, stack(0x00000093b2700000,0x00000093b2800000)]
  0x000001dc8421e020 JavaThread "Notification Thread" daemon [_thread_blocked, id=22712, stack(0x00000093b2800000,0x00000093b2900000)]
  0x000001dc84236020 JavaThread "Common-Cleaner" daemon [_thread_blocked, id=15680, stack(0x00000093b2a00000,0x00000093b2b00000)]

Other Threads:
  0x000001dceb48eaf0 VMThread "VM Thread" [stack: 0x00000093b1c00000,0x00000093b1d00000] [id=13436]
  0x000001dc8421e560 WatcherThread "VM Periodic Task Thread" [stack: 0x00000093b2900000,0x00000093b2a00000] [id=25196]
  0x000001dcc58afe70 WorkerThread "GC Thread#0" [stack: 0x00000093b1700000,0x00000093b1800000] [id=19448]
  0x000001dcc58c07e0 ConcurrentGCThread "G1 Main Marker" [stack: 0x00000093b1800000,0x00000093b1900000] [id=21580]
  0x000001dcc58c23c0 WorkerThread "G1 Conc#0" [stack: 0x00000093b1900000,0x00000093b1a00000] [id=12844]
  0x000001dceb2fe170 ConcurrentGCThread "G1 Refine#0" [stack: 0x00000093b1a00000,0x00000093b1b00000] [id=22776]
  0x000001dceb2fecb0 ConcurrentGCThread "G1 Service" [stack: 0x00000093b1b00000,0x00000093b1c00000] [id=8956]

Threads with active compile tasks:
C1 CompilerThread2      235  178       3       jdk.internal.org.objectweb.asm.ByteVector::putByte (39 bytes)

VM state: not at safepoint (normal execution)

VM Mutex/Monitor currently owned by a thread: None

Heap address: 0x0000000705e00000, size: 4002 MB, Compressed Oops mode: Zero based, Oop shift amount: 3

CDS archive(s) not mapped
Compressed class space mapped at: 0x0000000800000000-0x0000000840000000, reserved size: 1073741824
Narrow klass base: 0x0000000800000000, Narrow klass shift: 0, Narrow klass range: 0x40000000

GC Precious Log:
 CardTable entry size: 512
 Card Set container configuration: InlinePtr #cards 4 size 8 Array Of Cards #cards 16 size 48 Howl #buckets 8 coarsen threshold 3686 Howl Bitmap #cards 512 size 80 coarsen threshold 460 Card regions per heap region 1 cards per card region 4096
 CPUs: 16 total, 16 available
 Memory: 16004M
 Large Page Support: Disabled
 NUMA Support: Disabled
 Compressed Oops: Enabled (Zero based)
 Heap Region Size: 2M
 Heap Min Capacity: 8M
 Heap Initial Capacity: 252M
 Heap Max Capacity: 4002M
 Pre-touch: Disabled
 Parallel Workers: 13
 Concurrent Workers: 3
 Concurrent Refinement Workers: 13
 Periodic GC: Disabled

Heap:
 garbage-first heap   total 258048K, used 2048K [0x0000000705e00000, 0x0000000800000000)
  region size 2048K, 2 young (4096K), 0 survivors (0K)
 Metaspace       used 6952K, committed 7104K, reserved 1114112K
  class space    used 566K, committed 640K, reserved 1048576K

Heap Regions: E=young(eden), S=young(survivor), O=old, HS=humongous(starts), HC=humongous(continues), CS=collection set, F=free, OA=open archive, CA=closed archive, TAMS=top-at-mark-start (previous, next)
|   0|0x0000000705e00000, 0x0000000705e00000, 0x0000000706000000|  0%| F|  |TAMS 0x0000000705e00000, 0x0000000705e00000| Untracked 
|   1|0x0000000706000000, 0x0000000706000000, 0x0000000706200000|  0%| F|  |TAMS 0x0000000706000000, 0x0000000706000000| Untracked 
|   2|0x0000000706200000, 0x0000000706200000, 0x0000000706400000|  0%| F|  |TAMS 0x0000000706200000, 0x0000000706200000| Untracked 
|   3|0x0000000706400000, 0x0000000706400000, 0x0000000706600000|  0%| F|  |TAMS 0x0000000706400000, 0x0000000706400000| Untracked 
|   4|0x0000000706600000, 0x0000000706600000, 0x0000000706800000|  0%| F|  |TAMS 0x0000000706600000, 0x0000000706600000| Untracked 
|   5|0x0000000706800000, 0x0000000706800000, 0x0000000706a00000|  0%| F|  |TAMS 0x0000000706800000, 0x0000000706800000| Untracked 
|   6|0x0000000706a00000, 0x0000000706a00000, 0x0000000706c00000|  0%| F|  |TAMS 0x0000000706a00000, 0x0000000706a00000| Untracked 
|   7|0x0000000706c00000, 0x0000000706c00000, 0x0000000706e00000|  0%| F|  |TAMS 0x0000000706c00000, 0x0000000706c00000| Untracked 
|   8|0x0000000706e00000, 0x0000000706e00000, 0x0000000707000000|  0%| F|  |TAMS 0x0000000706e00000, 0x0000000706e00000| Untracked 
|   9|0x0000000707000000, 0x0000000707000000, 0x0000000707200000|  0%| F|  |TAMS 0x0000000707000000, 0x0000000707000000| Untracked 
|  10|0x0000000707200000, 0x0000000707200000, 0x0000000707400000|  0%| F|  |TAMS 0x0000000707200000, 0x0000000707200000| Untracked 
|  11|0x0000000707400000, 0x0000000707400000, 0x0000000707600000|  0%| F|  |TAMS 0x0000000707400000, 0x0000000707400000| Untracked 
|  12|0x0000000707600000, 0x0000000707600000, 0x0000000707800000|  0%| F|  |TAMS 0x0000000707600000, 0x0000000707600000| Untracked 
|  13|0x0000000707800000, 0x0000000707800000, 0x0000000707a00000|  0%| F|  |TAMS 0x0000000707800000, 0x0000000707800000| Untracked 
|  14|0x0000000707a00000, 0x0000000707a00000, 0x0000000707c00000|  0%| F|  |TAMS 0x0000000707a00000, 0x0000000707a00000| Untracked 
|  15|0x0000000707c00000, 0x0000000707c00000, 0x0000000707e00000|  0%| F|  |TAMS 0x0000000707c00000, 0x0000000707c00000| Untracked 
|  16|0x0000000707e00000, 0x0000000707e00000, 0x0000000708000000|  0%| F|  |TAMS 0x0000000707e00000, 0x0000000707e00000| Untracked 
|  17|0x0000000708000000, 0x0000000708000000, 0x0000000708200000|  0%| F|  |TAMS 0x0000000708000000, 0x0000000708000000| Untracked 
|  18|0x0000000708200000, 0x0000000708200000, 0x0000000708400000|  0%| F|  |TAMS 0x0000000708200000, 0x0000000708200000| Untracked 
|  19|0x0000000708400000, 0x0000000708400000, 0x0000000708600000|  0%| F|  |TAMS 0x0000000708400000, 0x0000000708400000| Untracked 
|  20|0x0000000708600000, 0x0000000708600000, 0x0000000708800000|  0%| F|  |TAMS 0x0000000708600000, 0x0000000708600000| Untracked 
|  21|0x0000000708800000, 0x0000000708800000, 0x0000000708a00000|  0%| F|  |TAMS 0x0000000708800000, 0x0000000708800000| Untracked 
|  22|0x0000000708a00000, 0x0000000708a00000, 0x0000000708c00000|  0%| F|  |TAMS 0x0000000708a00000, 0x0000000708a00000| Untracked 
|  23|0x0000000708c00000, 0x0000000708c00000, 0x0000000708e00000|  0%| F|  |TAMS 0x0000000708c00000, 0x0000000708c00000| Untracked 
|  24|0x0000000708e00000, 0x0000000708e00000, 0x0000000709000000|  0%| F|  |TAMS 0x0000000708e00000, 0x0000000708e00000| Untracked 
|  25|0x0000000709000000, 0x0000000709000000, 0x0000000709200000|  0%| F|  |TAMS 0x0000000709000000, 0x0000000709000000| Untracked 
|  26|0x0000000709200000, 0x0000000709200000, 0x0000000709400000|  0%| F|  |TAMS 0x0000000709200000, 0x0000000709200000| Untracked 
|  27|0x0000000709400000, 0x0000000709400000, 0x0000000709600000|  0%| F|  |TAMS 0x0000000709400000, 0x0000000709400000| Untracked 
|  28|0x0000000709600000, 0x0000000709600000, 0x0000000709800000|  0%| F|  |TAMS 0x0000000709600000, 0x0000000709600000| Untracked 
|  29|0x0000000709800000, 0x0000000709800000, 0x0000000709a00000|  0%| F|  |TAMS 0x0000000709800000, 0x0000000709800000| Untracked 
|  30|0x0000000709a00000, 0x0000000709a00000, 0x0000000709c00000|  0%| F|  |TAMS 0x0000000709a00000, 0x0000000709a00000| Untracked 
|  31|0x0000000709c00000, 0x0000000709c00000, 0x0000000709e00000|  0%| F|  |TAMS 0x0000000709c00000, 0x0000000709c00000| Untracked 
|  32|0x0000000709e00000, 0x0000000709e00000, 0x000000070a000000|  0%| F|  |TAMS 0x0000000709e00000, 0x0000000709e00000| Untracked 
|  33|0x000000070a000000, 0x000000070a000000, 0x000000070a200000|  0%| F|  |TAMS 0x000000070a000000, 0x000000070a000000| Untracked 
|  34|0x000000070a200000, 0x000000070a200000, 0x000000070a400000|  0%| F|  |TAMS 0x000000070a200000, 0x000000070a200000| Untracked 
|  35|0x000000070a400000, 0x000000070a400000, 0x000000070a600000|  0%| F|  |TAMS 0x000000070a400000, 0x000000070a400000| Untracked 
|  36|0x000000070a600000, 0x000000070a600000, 0x000000070a800000|  0%| F|  |TAMS 0x000000070a600000, 0x000000070a600000| Untracked 
|  37|0x000000070a800000, 0x000000070a800000, 0x000000070aa00000|  0%| F|  |TAMS 0x000000070a800000, 0x000000070a800000| Untracked 
|  38|0x000000070aa00000, 0x000000070aa00000, 0x000000070ac00000|  0%| F|  |TAMS 0x000000070aa00000, 0x000000070aa00000| Untracked 
|  39|0x000000070ac00000, 0x000000070ac00000, 0x000000070ae00000|  0%| F|  |TAMS 0x000000070ac00000, 0x000000070ac00000| Untracked 
|  40|0x000000070ae00000, 0x000000070ae00000, 0x000000070b000000|  0%| F|  |TAMS 0x000000070ae00000, 0x000000070ae00000| Untracked 
|  41|0x000000070b000000, 0x000000070b000000, 0x000000070b200000|  0%| F|  |TAMS 0x000000070b000000, 0x000000070b000000| Untracked 
|  42|0x000000070b200000, 0x000000070b200000, 0x000000070b400000|  0%| F|  |TAMS 0x000000070b200000, 0x000000070b200000| Untracked 
|  43|0x000000070b400000, 0x000000070b400000, 0x000000070b600000|  0%| F|  |TAMS 0x000000070b400000, 0x000000070b400000| Untracked 
|  44|0x000000070b600000, 0x000000070b600000, 0x000000070b800000|  0%| F|  |TAMS 0x000000070b600000, 0x000000070b600000| Untracked 
|  45|0x000000070b800000, 0x000000070b800000, 0x000000070ba00000|  0%| F|  |TAMS 0x000000070b800000, 0x000000070b800000| Untracked 
|  46|0x000000070ba00000, 0x000000070ba00000, 0x000000070bc00000|  0%| F|  |TAMS 0x000000070ba00000, 0x000000070ba00000| Untracked 
|  47|0x000000070bc00000, 0x000000070bc00000, 0x000000070be00000|  0%| F|  |TAMS 0x000000070bc00000, 0x000000070bc00000| Untracked 
|  48|0x000000070be00000, 0x000000070be00000, 0x000000070c000000|  0%| F|  |TAMS 0x000000070be00000, 0x000000070be00000| Untracked 
|  49|0x000000070c000000, 0x000000070c000000, 0x000000070c200000|  0%| F|  |TAMS 0x000000070c000000, 0x000000070c000000| Untracked 
|  50|0x000000070c200000, 0x000000070c200000, 0x000000070c400000|  0%| F|  |TAMS 0x000000070c200000, 0x000000070c200000| Untracked 
|  51|0x000000070c400000, 0x000000070c400000, 0x000000070c600000|  0%| F|  |TAMS 0x000000070c400000, 0x000000070c400000| Untracked 
|  52|0x000000070c600000, 0x000000070c600000, 0x000000070c800000|  0%| F|  |TAMS 0x000000070c600000, 0x000000070c600000| Untracked 
|  53|0x000000070c800000, 0x000000070c800000, 0x000000070ca00000|  0%| F|  |TAMS 0x000000070c800000, 0x000000070c800000| Untracked 
|  54|0x000000070ca00000, 0x000000070ca00000, 0x000000070cc00000|  0%| F|  |TAMS 0x000000070ca00000, 0x000000070ca00000| Untracked 
|  55|0x000000070cc00000, 0x000000070cc00000, 0x000000070ce00000|  0%| F|  |TAMS 0x000000070cc00000, 0x000000070cc00000| Untracked 
|  56|0x000000070ce00000, 0x000000070ce00000, 0x000000070d000000|  0%| F|  |TAMS 0x000000070ce00000, 0x000000070ce00000| Untracked 
|  57|0x000000070d000000, 0x000000070d000000, 0x000000070d200000|  0%| F|  |TAMS 0x000000070d000000, 0x000000070d000000| Untracked 
|  58|0x000000070d200000, 0x000000070d200000, 0x000000070d400000|  0%| F|  |TAMS 0x000000070d200000, 0x000000070d200000| Untracked 
|  59|0x000000070d400000, 0x000000070d400000, 0x000000070d600000|  0%| F|  |TAMS 0x000000070d400000, 0x000000070d400000| Untracked 
|  60|0x000000070d600000, 0x000000070d600000, 0x000000070d800000|  0%| F|  |TAMS 0x000000070d600000, 0x000000070d600000| Untracked 
|  61|0x000000070d800000, 0x000000070d800000, 0x000000070da00000|  0%| F|  |TAMS 0x000000070d800000, 0x000000070d800000| Untracked 
|  62|0x000000070da00000, 0x000000070da00000, 0x000000070dc00000|  0%| F|  |TAMS 0x000000070da00000, 0x000000070da00000| Untracked 
|  63|0x000000070dc00000, 0x000000070dc00000, 0x000000070de00000|  0%| F|  |TAMS 0x000000070dc00000, 0x000000070dc00000| Untracked 
|  64|0x000000070de00000, 0x000000070de00000, 0x000000070e000000|  0%| F|  |TAMS 0x000000070de00000, 0x000000070de00000| Untracked 
|  65|0x000000070e000000, 0x000000070e000000, 0x000000070e200000|  0%| F|  |TAMS 0x000000070e000000, 0x000000070e000000| Untracked 
|  66|0x000000070e200000, 0x000000070e200000, 0x000000070e400000|  0%| F|  |TAMS 0x000000070e200000, 0x000000070e200000| Untracked 
|  67|0x000000070e400000, 0x000000070e400000, 0x000000070e600000|  0%| F|  |TAMS 0x000000070e400000, 0x000000070e400000| Untracked 
|  68|0x000000070e600000, 0x000000070e600000, 0x000000070e800000|  0%| F|  |TAMS 0x000000070e600000, 0x000000070e600000| Untracked 
|  69|0x000000070e800000, 0x000000070e800000, 0x000000070ea00000|  0%| F|  |TAMS 0x000000070e800000, 0x000000070e800000| Untracked 
|  70|0x000000070ea00000, 0x000000070ea00000, 0x000000070ec00000|  0%| F|  |TAMS 0x000000070ea00000, 0x000000070ea00000| Untracked 
|  71|0x000000070ec00000, 0x000000070ec00000, 0x000000070ee00000|  0%| F|  |TAMS 0x000000070ec00000, 0x000000070ec00000| Untracked 
|  72|0x000000070ee00000, 0x000000070ee00000, 0x000000070f000000|  0%| F|  |TAMS 0x000000070ee00000, 0x000000070ee00000| Untracked 
|  73|0x000000070f000000, 0x000000070f000000, 0x000000070f200000|  0%| F|  |TAMS 0x000000070f000000, 0x000000070f000000| Untracked 
|  74|0x000000070f200000, 0x000000070f200000, 0x000000070f400000|  0%| F|  |TAMS 0x000000070f200000, 0x000000070f200000| Untracked 
|  75|0x000000070f400000, 0x000000070f400000, 0x000000070f600000|  0%| F|  |TAMS 0x000000070f400000, 0x000000070f400000| Untracked 
|  76|0x000000070f600000, 0x000000070f600000, 0x000000070f800000|  0%| F|  |TAMS 0x000000070f600000, 0x000000070f600000| Untracked 
|  77|0x000000070f800000, 0x000000070f800000, 0x000000070fa00000|  0%| F|  |TAMS 0x000000070f800000, 0x000000070f800000| Untracked 
|  78|0x000000070fa00000, 0x000000070fa00000, 0x000000070fc00000|  0%| F|  |TAMS 0x000000070fa00000, 0x000000070fa00000| Untracked 
|  79|0x000000070fc00000, 0x000000070fc00000, 0x000000070fe00000|  0%| F|  |TAMS 0x000000070fc00000, 0x000000070fc00000| Untracked 
|  80|0x000000070fe00000, 0x000000070fe00000, 0x0000000710000000|  0%| F|  |TAMS 0x000000070fe00000, 0x000000070fe00000| Untracked 
|  81|0x0000000710000000, 0x0000000710000000, 0x0000000710200000|  0%| F|  |TAMS 0x0000000710000000, 0x0000000710000000| Untracked 
|  82|0x0000000710200000, 0x0000000710200000, 0x0000000710400000|  0%| F|  |TAMS 0x0000000710200000, 0x0000000710200000| Untracked 
|  83|0x0000000710400000, 0x0000000710400000, 0x0000000710600000|  0%| F|  |TAMS 0x0000000710400000, 0x0000000710400000| Untracked 
|  84|0x0000000710600000, 0x0000000710600000, 0x0000000710800000|  0%| F|  |TAMS 0x0000000710600000, 0x0000000710600000| Untracked 
|  85|0x0000000710800000, 0x0000000710800000, 0x0000000710a00000|  0%| F|  |TAMS 0x0000000710800000, 0x0000000710800000| Untracked 
|  86|0x0000000710a00000, 0x0000000710a00000, 0x0000000710c00000|  0%| F|  |TAMS 0x0000000710a00000, 0x0000000710a00000| Untracked 
|  87|0x0000000710c00000, 0x0000000710c00000, 0x0000000710e00000|  0%| F|  |TAMS 0x0000000710c00000, 0x0000000710c00000| Untracked 
|  88|0x0000000710e00000, 0x0000000710e00000, 0x0000000711000000|  0%| F|  |TAMS 0x0000000710e00000, 0x0000000710e00000| Untracked 
|  89|0x0000000711000000, 0x0000000711000000, 0x0000000711200000|  0%| F|  |TAMS 0x0000000711000000, 0x0000000711000000| Untracked 
|  90|0x0000000711200000, 0x0000000711200000, 0x0000000711400000|  0%| F|  |TAMS 0x0000000711200000, 0x0000000711200000| Untracked 
|  91|0x0000000711400000, 0x0000000711400000, 0x0000000711600000|  0%| F|  |TAMS 0x0000000711400000, 0x0000000711400000| Untracked 
|  92|0x0000000711600000, 0x0000000711600000, 0x0000000711800000|  0%| F|  |TAMS 0x0000000711600000, 0x0000000711600000| Untracked 
|  93|0x0000000711800000, 0x0000000711800000, 0x0000000711a00000|  0%| F|  |TAMS 0x0000000711800000, 0x0000000711800000| Untracked 
|  94|0x0000000711a00000, 0x0000000711a00000, 0x0000000711c00000|  0%| F|  |TAMS 0x0000000711a00000, 0x0000000711a00000| Untracked 
|  95|0x0000000711c00000, 0x0000000711c00000, 0x0000000711e00000|  0%| F|  |TAMS 0x0000000711c00000, 0x0000000711c00000| Untracked 
|  96|0x0000000711e00000, 0x0000000711e00000, 0x0000000712000000|  0%| F|  |TAMS 0x0000000711e00000, 0x0000000711e00000| Untracked 
|  97|0x0000000712000000, 0x0000000712000000, 0x0000000712200000|  0%| F|  |TAMS 0x0000000712000000, 0x0000000712000000| Untracked 
|  98|0x0000000712200000, 0x0000000712200000, 0x0000000712400000|  0%| F|  |TAMS 0x0000000712200000, 0x0000000712200000| Untracked 
|  99|0x0000000712400000, 0x0000000712400000, 0x0000000712600000|  0%| F|  |TAMS 0x0000000712400000, 0x0000000712400000| Untracked 
| 100|0x0000000712600000, 0x0000000712600000, 0x0000000712800000|  0%| F|  |TAMS 0x0000000712600000, 0x0000000712600000| Untracked 
| 101|0x0000000712800000, 0x0000000712800000, 0x0000000712a00000|  0%| F|  |TAMS 0x0000000712800000, 0x0000000712800000| Untracked 
| 102|0x0000000712a00000, 0x0000000712a00000, 0x0000000712c00000|  0%| F|  |TAMS 0x0000000712a00000, 0x0000000712a00000| Untracked 
| 103|0x0000000712c00000, 0x0000000712c00000, 0x0000000712e00000|  0%| F|  |TAMS 0x0000000712c00000, 0x0000000712c00000| Untracked 
| 104|0x0000000712e00000, 0x0000000712e00000, 0x0000000713000000|  0%| F|  |TAMS 0x0000000712e00000, 0x0000000712e00000| Untracked 
| 105|0x0000000713000000, 0x0000000713000000, 0x0000000713200000|  0%| F|  |TAMS 0x0000000713000000, 0x0000000713000000| Untracked 
| 106|0x0000000713200000, 0x0000000713200000, 0x0000000713400000|  0%| F|  |TAMS 0x0000000713200000, 0x0000000713200000| Untracked 
| 107|0x0000000713400000, 0x0000000713400000, 0x0000000713600000|  0%| F|  |TAMS 0x0000000713400000, 0x0000000713400000| Untracked 
| 108|0x0000000713600000, 0x0000000713600000, 0x0000000713800000|  0%| F|  |TAMS 0x0000000713600000, 0x0000000713600000| Untracked 
| 109|0x0000000713800000, 0x0000000713800000, 0x0000000713a00000|  0%| F|  |TAMS 0x0000000713800000, 0x0000000713800000| Untracked 
| 110|0x0000000713a00000, 0x0000000713a00000, 0x0000000713c00000|  0%| F|  |TAMS 0x0000000713a00000, 0x0000000713a00000| Untracked 
| 111|0x0000000713c00000, 0x0000000713c00000, 0x0000000713e00000|  0%| F|  |TAMS 0x0000000713c00000, 0x0000000713c00000| Untracked 
| 112|0x0000000713e00000, 0x0000000713e00000, 0x0000000714000000|  0%| F|  |TAMS 0x0000000713e00000, 0x0000000713e00000| Untracked 
| 113|0x0000000714000000, 0x0000000714000000, 0x0000000714200000|  0%| F|  |TAMS 0x0000000714000000, 0x0000000714000000| Untracked 
| 114|0x0000000714200000, 0x0000000714200000, 0x0000000714400000|  0%| F|  |TAMS 0x0000000714200000, 0x0000000714200000| Untracked 
| 115|0x0000000714400000, 0x0000000714400000, 0x0000000714600000|  0%| F|  |TAMS 0x0000000714400000, 0x0000000714400000| Untracked 
| 116|0x0000000714600000, 0x0000000714600000, 0x0000000714800000|  0%| F|  |TAMS 0x0000000714600000, 0x0000000714600000| Untracked 
| 117|0x0000000714800000, 0x0000000714800000, 0x0000000714a00000|  0%| F|  |TAMS 0x0000000714800000, 0x0000000714800000| Untracked 
| 118|0x0000000714a00000, 0x0000000714a00000, 0x0000000714c00000|  0%| F|  |TAMS 0x0000000714a00000, 0x0000000714a00000| Untracked 
| 119|0x0000000714c00000, 0x0000000714c00000, 0x0000000714e00000|  0%| F|  |TAMS 0x0000000714c00000, 0x0000000714c00000| Untracked 
| 120|0x0000000714e00000, 0x0000000714e00000, 0x0000000715000000|  0%| F|  |TAMS 0x0000000714e00000, 0x0000000714e00000| Untracked 
| 121|0x0000000715000000, 0x0000000715000000, 0x0000000715200000|  0%| F|  |TAMS 0x0000000715000000, 0x0000000715000000| Untracked 
| 122|0x0000000715200000, 0x0000000715200000, 0x0000000715400000|  0%| F|  |TAMS 0x0000000715200000, 0x0000000715200000| Untracked 
| 123|0x0000000715400000, 0x0000000715400000, 0x0000000715600000|  0%| F|  |TAMS 0x0000000715400000, 0x0000000715400000| Untracked 
| 124|0x0000000715600000, 0x00000007157c3140, 0x0000000715800000| 88%| E|  |TAMS 0x0000000715600000, 0x0000000715600000| Complete 
| 125|0x0000000715800000, 0x0000000715a00000, 0x0000000715a00000|100%| E|CS|TAMS 0x0000000715800000, 0x0000000715800000| Complete 

Card table byte_map: [0x000001dcdf710000,0x000001dcdfef0000] _byte_map_base: 0x000001dcdbee1000

Marking Bits (Prev, Next): (CMBitMap*) 0x000001dcc58b04a0, (CMBitMap*) 0x000001dcc58b04e0
 Prev Bits: [0x000001dce06d0000, 0x000001dce4558000)
 Next Bits: [0x000001dce4560000, 0x000001dce83e8000)

Polling page: 0x000001dcc5900000

Metaspace:

Usage:
  Non-class:      6.24 MB used.
      Class:    566.28 KB used.
       Both:      6.79 MB used.

Virtual space:
  Non-class space:       64.00 MB reserved,       6.31 MB ( 10%) committed,  1 nodes.
      Class space:        1.00 GB reserved,     640.00 KB ( <1%) committed,  1 nodes.
             Both:        1.06 GB reserved,       6.94 MB ( <1%) committed. 

Chunk freelists:
   Non-Class:  1006.00 KB
       Class:  3.23 MB
        Both:  4.22 MB

MaxMetaspaceSize: unlimited
CompressedClassSpaceSize: 1.00 GB
Initial GC threshold: 21.00 MB
Current GC threshold: 21.00 MB
CDS: off
MetaspaceReclaimPolicy: balanced
 - commit_granule_bytes: 65536.
 - commit_granule_words: 8192.
 - virtual_space_node_default_size: 8388608.
 - enlarge_chunks_in_place: 1.
 - new_chunks_are_fully_committed: 0.
 - uncommit_free_chunks: 1.
 - use_allocation_guard: 0.


Internal statistics:

num_allocs_failed_limit: 0.
num_arena_births: 14.
num_arena_deaths: 0.
num_vsnodes_births: 2.
num_vsnodes_deaths: 0.
num_space_committed: 111.
num_space_uncommitted: 0.
num_chunks_returned_to_freelist: 0.
num_chunks_taken_from_freelist: 36.
num_chunk_merges: 0.
num_chunk_splits: 19.
num_chunks_enlarged: 11.
num_inconsistent_stats: 0.

CodeHeap 'non-profiled nmethods': size=119168Kb used=59Kb max_used=59Kb free=119108Kb
 bounds [0x000001dcd6b10000, 0x000001dcd6d80000, 0x000001dcddf70000]
CodeHeap 'profiled nmethods': size=119104Kb used=212Kb max_used=212Kb free=118891Kb
 bounds [0x000001dccef70000, 0x000001dccf1e0000, 0x000001dcd63c0000]
CodeHeap 'non-nmethods': size=7488Kb used=2322Kb max_used=2336Kb free=5165Kb
 bounds [0x000001dcd63c0000, 0x000001dcd6630000, 0x000001dcd6b10000]
 total_blobs=593 nmethods=198 adapters=304
 compilation: enabled
              stopped_count=0, restarted_count=0
 full_count=0

Compilation events (20 events):
Event: 0.223 Thread 0x000001dc8406aa80 nmethod 160 0x000001dccef9ad90 code [0x000001dccef9af80, 0x000001dccef9b858]
Event: 0.224 Thread 0x000001dc841fdfc0  161       1       java.lang.invoke.MethodType::ptypes (5 bytes)
Event: 0.224 Thread 0x000001dc841fdfc0 nmethod 161 0x000001dcd6b1b310 code [0x000001dcd6b1b4a0, 0x000001dcd6b1b578]
Event: 0.224 Thread 0x000001dc8406aa80  163       3       java.lang.invoke.MethodType::hashCode (53 bytes)
Event: 0.224 Thread 0x000001dc84202560  164       3       java.lang.invoke.MethodType$ConcurrentWeakInternSet::expungeStaleElements (27 bytes)
Event: 0.224 Thread 0x000001dc8406aa80 nmethod 163 0x000001dccef9bb10 code [0x000001dccef9bce0, 0x000001dccef9c058]
Event: 0.224 Thread 0x000001dc8406aa80  165   !   3       java.lang.ref.NativeReferenceQueue::poll (28 bytes)
Event: 0.224 Thread 0x000001dc841fdfc0  166       3       jdk.internal.org.objectweb.asm.ByteVector::putShort (52 bytes)
Event: 0.224 Thread 0x000001dc8406aa80 nmethod 165 0x000001dccef9c210 code [0x000001dccef9c3e0, 0x000001dccef9c728]
Event: 0.224 Thread 0x000001dc84202560 nmethod 164 0x000001dccef9c890 code [0x000001dccef9ca60, 0x000001dccef9cdf8]
Event: 0.224 Thread 0x000001dc8406aa80  168       3       java.lang.invoke.MethodType::parameterType (7 bytes)
Event: 0.224 Thread 0x000001dc841fdfc0 nmethod 166 0x000001dccef9cf90 code [0x000001dccef9d140, 0x000001dccef9d348]
Event: 0.224 Thread 0x000001dc8406aa80 nmethod 168 0x000001dccef9d490 code [0x000001dccef9d620, 0x000001dccef9d758]
Event: 0.225 Thread 0x000001dc8406aa80  169       3       java.lang.Class::getClassLoader (28 bytes)
Event: 0.225 Thread 0x000001dc8406aa80 nmethod 169 0x000001dccef9d810 code [0x000001dccef9d9c0, 0x000001dccef9dc18]
Event: 0.225 Thread 0x000001dc8406aa80  175       3       jdk.internal.jimage.ImageStringsReader::stringFromByteBufferMatches (138 bytes)
Event: 0.226 Thread 0x000001dc84202560  177       3       jdk.internal.org.objectweb.asm.SymbolTable$Entry::<init> (17 bytes)
Event: 0.226 Thread 0x000001dc84202560 nmethod 177 0x000001dccef9dd10 code [0x000001dccef9dec0, 0x000001dccef9e048]
Event: 0.226 Thread 0x000001dc84202560  178       3       jdk.internal.org.objectweb.asm.ByteVector::putByte (39 bytes)
Event: 0.226 Thread 0x000001dc841fdfc0  179       3       jdk.internal.org.objectweb.asm.SymbolTable::addConstantUtf8 (98 bytes)

GC Heap History (0 events):
No events

Dll operation events (8 events):
Event: 0.004 Loaded shared library C:\Program Files\Java\jdk-19\bin\java.dll
Event: 0.046 Loaded shared library C:\Program Files\Java\jdk-19\bin\jsvml.dll
Event: 0.127 Loaded shared library C:\Program Files\Java\jdk-19\bin\net.dll
Event: 0.128 Loaded shared library C:\Program Files\Java\jdk-19\bin\nio.dll
Event: 0.144 Loaded shared library C:\Program Files\Java\jdk-19\bin\zip.dll
Event: 0.149 Loaded shared library C:\Program Files\Java\jdk-19\bin\verify.dll
Event: 0.154 Loaded shared library C:\Program Files\Java\jdk-19\bin\jimage.dll
Event: 0.206 Loaded shared library C:\Program Files\Java\jdk-19\bin\attach.dll

Deoptimization events (0 events):
No events

Classes loaded (20 events):
Event: 0.224 Loading class java/util/regex/Pattern$Qtype
Event: 0.224 Loading class java/util/regex/Pattern$Qtype done
Event: 0.224 Loading class java/util/regex/Pattern$BmpCharProperty
Event: 0.224 Loading class java/util/regex/Pattern$BmpCharProperty done
Event: 0.224 Loading class java/util/regex/Pattern$CharPropertyGreedy
Event: 0.225 Loading class java/util/regex/Pattern$CharPropertyGreedy done
Event: 0.225 Loading class java/util/regex/Pattern$BnM
Event: 0.225 Loading class java/util/regex/Pattern$BnM done
Event: 0.225 Loading class java/util/regex/Pattern$SliceS
Event: 0.225 Loading class java/util/regex/Pattern$SliceS done
Event: 0.225 Loading class java/util/regex/Pattern$Begin
Event: 0.225 Loading class java/util/regex/Pattern$Begin done
Event: 0.225 Loading class java/util/regex/Pattern$BitClass
Event: 0.225 Loading class java/util/regex/Pattern$BitClass done
Event: 0.225 Loading class java/util/regex/Pattern$BmpCharPropertyGreedy
Event: 0.225 Loading class java/util/regex/Pattern$BmpCharPropertyGreedy done
Event: 0.225 Loading class java/util/regex/Pattern$Dollar
Event: 0.225 Loading class java/util/regex/Pattern$Dollar done
Event: 0.226 Loading class java/util/regex/Pattern$GroupTail
Event: 0.226 Loading class java/util/regex/Pattern$GroupTail done

Classes unloaded (0 events):
No events

Classes redefined (0 events):
No events

Internal exceptions (0 events):
No events

VM Operations (2 events):
Event: 0.144 Executing VM operation: HandshakeAllThreads
Event: 0.144 Executing VM operation: HandshakeAllThreads done

Events (14 events):
Event: 0.046 Thread 0x000001dcc583d570 Thread added: 0x000001dcc583d570
Event: 0.075 Thread 0x000001dc84027890 Thread added: 0x000001dc84027890
Event: 0.075 Thread 0x000001dc84028680 Thread added: 0x000001dc84028680
Event: 0.078 Thread 0x000001dc8409d6a0 Thread added: 0x000001dc8409d6a0
Event: 0.078 Thread 0x000001dc8407c670 Thread added: 0x000001dc8407c670
Event: 0.078 Thread 0x000001dc8407efb0 Thread added: 0x000001dc8407efb0
Event: 0.078 Thread 0x000001dc8407f8e0 Thread added: 0x000001dc8407f8e0
Event: 0.078 Thread 0x000001dc84080540 Thread added: 0x000001dc84080540
Event: 0.078 Thread 0x000001dc8406aa80 Thread added: 0x000001dc8406aa80
Event: 0.078 Thread 0x000001dc840a1ff0 Thread added: 0x000001dc840a1ff0
Event: 0.100 Thread 0x000001dc841fdfc0 Thread added: 0x000001dc841fdfc0
Event: 0.100 Thread 0x000001dc84202560 Thread added: 0x000001dc84202560
Event: 0.103 Thread 0x000001dc8421e020 Thread added: 0x000001dc8421e020
Event: 0.118 Thread 0x000001dc84236020 Thread added: 0x000001dc84236020


Dynamic libraries:
0x00007ff6985e0000 - 0x00007ff6985f0000 	C:\Program Files\Java\jdk-19\bin\java.exe
0x00007ffd7bcb0000 - 0x00007ffd7bec7000 	C:\WINDOWS\SYSTEM32\ntdll.dll
0x00007ffd7a350000 - 0x00007ffd7a414000 	C:\WINDOWS\System32\KERNEL32.DLL
0x00007ffd78f80000 - 0x00007ffd79339000 	C:\WINDOWS\System32\KERNELBASE.dll
0x00007ffd795c0000 - 0x00007ffd796d1000 	C:\WINDOWS\System32\ucrtbase.dll
0x00007ffd64e70000 - 0x00007ffd64e8b000 	C:\Program Files\Java\jdk-19\bin\VCRUNTIME140.dll
0x00007ffd67df0000 - 0x00007ffd67e08000 	C:\Program Files\Java\jdk-19\bin\jli.dll
0x00007ffd7b060000 - 0x00007ffd7b112000 	C:\WINDOWS\System32\ADVAPI32.dll
0x00007ffd7b580000 - 0x00007ffd7b627000 	C:\WINDOWS\System32\msvcrt.dll
0x00007ffd7a2a0000 - 0x00007ffd7a347000 	C:\WINDOWS\System32\sechost.dll
0x00007ffd79970000 - 0x00007ffd79998000 	C:\WINDOWS\System32\bcrypt.dll
0x00007ffd7aca0000 - 0x00007ffd7adb4000 	C:\WINDOWS\System32\RPCRT4.dll
0x00007ffd7ae20000 - 0x00007ffd7afce000 	C:\WINDOWS\System32\USER32.dll
0x00007ffd66700000 - 0x00007ffd66992000 	C:\WINDOWS\WinSxS\amd64_microsoft.windows.common-controls_6595b64144ccf1df_6.0.22621.4391_none_2715d37f73803e96\COMCTL32.dll
0x00007ffd79940000 - 0x00007ffd79966000 	C:\WINDOWS\System32\win32u.dll
0x00007ffd7b550000 - 0x00007ffd7b579000 	C:\WINDOWS\System32\GDI32.dll
0x00007ffd79820000 - 0x00007ffd7993b000 	C:\WINDOWS\System32\gdi32full.dll
0x00007ffd79520000 - 0x00007ffd795ba000 	C:\WINDOWS\System32\msvcp_win.dll
0x00007ffd70560000 - 0x00007ffd7056a000 	C:\WINDOWS\SYSTEM32\VERSION.dll
0x00007ffd7b230000 - 0x00007ffd7b261000 	C:\WINDOWS\System32\IMM32.DLL
0x00007ffd67f30000 - 0x00007ffd67f3c000 	C:\Program Files\Java\jdk-19\bin\vcruntime140_1.dll
0x00007ffd3a340000 - 0x00007ffd3a3ce000 	C:\Program Files\Java\jdk-19\bin\msvcp140.dll
0x00007ffcb9e30000 - 0x00007ffcbaaf0000 	C:\Program Files\Java\jdk-19\bin\server\jvm.dll
0x00007ffd73f50000 - 0x00007ffd73f59000 	C:\WINDOWS\SYSTEM32\WSOCK32.dll
0x00007ffd716c0000 - 0x00007ffd716f4000 	C:\WINDOWS\SYSTEM32\WINMM.dll
0x00007ffd7afd0000 - 0x00007ffd7b041000 	C:\WINDOWS\System32\WS2_32.dll
0x00007ffd780b0000 - 0x00007ffd780c8000 	C:\WINDOWS\SYSTEM32\kernel.appcore.dll
0x00007ffd67de0000 - 0x00007ffd67dea000 	C:\Program Files\Java\jdk-19\bin\jimage.dll
0x00007ffd76770000 - 0x00007ffd769a2000 	C:\WINDOWS\SYSTEM32\DBGHELP.DLL
0x00007ffd7b8b0000 - 0x00007ffd7bc3f000 	C:\WINDOWS\System32\combase.dll
0x00007ffd79f20000 - 0x00007ffd79ff7000 	C:\WINDOWS\System32\OLEAUT32.dll
0x00007ffd6dcf0000 - 0x00007ffd6dd22000 	C:\WINDOWS\SYSTEM32\dbgcore.DLL
0x00007ffd797a0000 - 0x00007ffd7981b000 	C:\WINDOWS\System32\bcryptPrimitives.dll
0x00007ffd5d8b0000 - 0x00007ffd5d8d6000 	C:\Program Files\Java\jdk-19\bin\java.dll
0x00007ffd35240000 - 0x00007ffd35317000 	C:\Program Files\Java\jdk-19\bin\jsvml.dll
0x00007ffd7a420000 - 0x00007ffd7ac96000 	C:\WINDOWS\System32\SHELL32.dll
0x00007ffd76e90000 - 0x00007ffd77793000 	C:\WINDOWS\SYSTEM32\windows.storage.dll
0x00007ffd76d40000 - 0x00007ffd76e7f000 	C:\WINDOWS\SYSTEM32\wintypes.dll
0x00007ffd7b130000 - 0x00007ffd7b229000 	C:\WINDOWS\System32\SHCORE.dll
0x00007ffd7b690000 - 0x00007ffd7b6ee000 	C:\WINDOWS\System32\shlwapi.dll
0x00007ffd78eb0000 - 0x00007ffd78edb000 	C:\WINDOWS\SYSTEM32\profapi.dll
0x00007ffd5ef30000 - 0x00007ffd5ef43000 	C:\Program Files\Java\jdk-19\bin\net.dll
0x00007ffd749d0000 - 0x00007ffd74b06000 	C:\WINDOWS\SYSTEM32\WINHTTP.dll
0x00007ffd78530000 - 0x00007ffd78599000 	C:\WINDOWS\system32\mswsock.dll
0x00007ffd5bc00000 - 0x00007ffd5bc16000 	C:\Program Files\Java\jdk-19\bin\nio.dll
0x00007ffd5a0c0000 - 0x00007ffd5a0d8000 	C:\Program Files\Java\jdk-19\bin\zip.dll
0x00007ffd64f90000 - 0x00007ffd64fa0000 	C:\Program Files\Java\jdk-19\bin\verify.dll
0x00007ffd706f0000 - 0x00007ffd706f9000 	C:\Program Files\Java\jdk-19\bin\attach.dll
0x00007ffd7b290000 - 0x00007ffd7b298000 	C:\WINDOWS\System32\PSAPI.DLL

dbghelp: loaded successfully - version: 4.0.5 - missing functions: none
symbol engine: initialized successfully - sym options: 0x614 - pdb path: .;C:\Program Files\Java\jdk-19\bin;C:\WINDOWS\SYSTEM32;C:\WINDOWS\WinSxS\amd64_microsoft.windows.common-controls_6595b64144ccf1df_6.0.22621.4391_none_2715d37f73803e96;C:\Program Files\Java\jdk-19\bin\server

VM Arguments:
jvm_args: -Dnet.bytebuddy.agent.attacher.dump= 
java_command: net.bytebuddy.agent.Attacher com.sun.tools.attach.VirtualMachine 3312 C:\Users\99293\.m2\repository\net\bytebuddy\byte-buddy-agent\1.14.5\byte-buddy-agent-1.14.5.jar false 
java_class_path (initial): C:\Users\99293\.m2\repository\net\bytebuddy\byte-buddy-agent\1.14.5\byte-buddy-agent-1.14.5.jar
Launcher Type: SUN_STANDARD

[Global flags]
     intx CICompilerCount                          = 12                                        {product} {ergonomic}
     uint ConcGCThreads                            = 3                                         {product} {ergonomic}
     uint G1ConcRefinementThreads                  = 13                                        {product} {ergonomic}
   size_t G1HeapRegionSize                         = 2097152                                   {product} {ergonomic}
    uintx GCDrainStackTargetSize                   = 64                                        {product} {ergonomic}
   size_t InitialHeapSize                          = 264241152                                 {product} {ergonomic}
   size_t MarkStackSize                            = 4194304                                   {product} {ergonomic}
   size_t MaxHeapSize                              = 4196401152                                {product} {ergonomic}
   size_t MaxNewSize                               = 2516582400                                {product} {ergonomic}
   size_t MinHeapDeltaBytes                        = 2097152                                   {product} {ergonomic}
   size_t MinHeapSize                              = 8388608                                   {product} {ergonomic}
    uintx NonNMethodCodeHeapSize                   = 7602480                                {pd product} {ergonomic}
    uintx NonProfiledCodeHeapSize                  = 122027880                              {pd product} {ergonomic}
    uintx ProfiledCodeHeapSize                     = 122027880                              {pd product} {ergonomic}
    uintx ReservedCodeCacheSize                    = 251658240                              {pd product} {ergonomic}
     bool SegmentedCodeCache                       = true                                      {product} {ergonomic}
   size_t SoftMaxHeapSize                          = 4196401152                             {manageable} {ergonomic}
     bool UseCompressedClassPointers               = true                           {product lp64_product} {ergonomic}
     bool UseCompressedOops                        = true                           {product lp64_product} {ergonomic}
     bool UseG1GC                                  = true                                      {product} {ergonomic}
     bool UseLargePagesIndividualAllocation        = false                                  {pd product} {ergonomic}

Logging:
Log output configuration:
 #0: stdout all=warning uptime,level,tags foldmultilines=false
 #1: stderr all=off uptime,level,tags foldmultilines=false

Environment Variables:
JAVA_HOME=C:\Program Files\Java\jdk-19
PATH=C:\Program Files\Common Files\Oracle\Java\javapath;C:\Windows\system32;C:\Windows;C:\Windows\System32\Wbem;C:\Windows\System32\WindowsPowerShell\v1.0\;C:\Windows\System32\OpenSSH\;C:\Program Files (x86)\NVIDIA Corporation\PhysX\Common;C:\Program Files\NVIDIA Corporation\NVIDIA NvDLISR;C:\Program Files (x86)\dotnet\;C:\WINDOWS\system32;C:\WINDOWS;C:\WINDOWS\System32\Wbem;C:\WINDOWS\System32\WindowsPowerShell\v1.0\;C:\WINDOWS\System32\OpenSSH\;C:\Program Files\Java\jdk-19\bin;C:\Program Files\Git\cmd;C:\Users\99293\AppData\Local\Programs\Python\Python311\Scripts\;C:\Users\99293\AppData\Local\Programs\Python\Python311\;C:\Users\99293\AppData\Local\Microsoft\WindowsApps;;C:\Program Files\JetBrains\IntelliJ IDEA 2022.1.2\bin;;C:\Program Files\heroku\bin
USERNAME=ASUS
OS=Windows_NT
PROCESSOR_IDENTIFIER=Intel64 Family 6 Model 154 Stepping 3, GenuineIntel
TMP=C:\Users\99293\AppData\Local\Temp
TEMP=C:\Users\99293\AppData\Local\Temp



---------------  S Y S T E M  ---------------

OS:
 Windows 11 , 64 bit Build 22621 (10.0.22621.4391)
OS uptime: 3 days 7:43 hours
Hyper-V role detected

CPU: total 16 (initial active 16) (8 cores per cpu, 2 threads per core) family 6 model 154 stepping 3 microcode 0x429, cx8, cmov, fxsr, ht, mmx, 3dnowpref, sse, sse2, sse3, ssse3, sse4.1, sse4.2, popcnt, lzcnt, tsc, tscinvbit, avx, avx2, aes, erms, clmul, bmi1, bmi2, adx, sha, fma, vzeroupper, clflush, clflushopt, clwb, hv, serialize, rdtscp, rdpid, fsrm

Memory: 4k page, system-wide physical 16004M (1994M free)
TotalPageFile size 18052M (AvailPageFile size 0M)
current process WorkingSet (physical memory assigned to process): 33M, peak: 33M
current process commit charge ("private bytes"): 346M, peak: 346M

vm_info: Java HotSpot(TM) 64-Bit Server VM (19.0.2+7-44) for windows-amd64 JRE (19.0.2+7-44), built on 2022-11-30T18:02:09Z by "mach5one" with MS VC++ 17.1 (VS2022)

END.
