#
# There is insufficient memory for the Java Runtime Environment to continue.
# Native memory allocation (malloc) failed to allocate 119520 bytes for Chunk::new
# Possible reasons:
#   The system is out of physical RAM or swap space
#   The process is running with CompressedOops enabled, and the Java Heap may be blocking the growth of the native heap
# Possible solutions:
#   Reduce memory load on the system
#   Increase physical memory or swap space
#   Check if swap backing store is full
#   Decrease Java heap size (-Xmx/-Xms)
#   Decrease number of Java threads
#   Decrease Java thread stack sizes (-Xss)
#   Set larger code cache with -XX:ReservedCodeCacheSize=
#   JVM is running with Zero Based Compressed Oops mode in which the Java heap is
#     placed in the first 32GB address space. The Java Heap base address is the
#     maximum limit for the native heap growth. Please use -XX:HeapBaseMinAddress
#     to set the Java Heap base and to place the Java Heap above 32GB virtual address.
# This output file may be truncated or incomplete.
#
#  Out of Memory Error (arena.cpp:184), pid=2292, tid=1856
#
# JRE version: Java(TM) SE Runtime Environment (19.0.2+7) (build 19.0.2+7-44)
# Java VM: Java HotSpot(TM) 64-Bit Server VM (19.0.2+7-44, mixed mode, sharing, tiered, compressed oops, compressed class ptrs, g1 gc, windows-amd64)
# No core dump will be written. Minidumps are not enabled by default on client versions of Windows
#

---------------  S U M M A R Y ------------

Command Line: -Dmaven.multiModuleProjectDirectory=D:\website.citu-web -Dmaven.home=C:\Users\99293\.m2\wrapper\dists\apache-maven-3.9.3-bin\54p6kc7m0ap3os8bc4ge28ia2\apache-maven-3.9.3 -Dclassworlds.conf=C:\Users\99293\.m2\wrapper\dists\apache-maven-3.9.3-bin\54p6kc7m0ap3os8bc4ge28ia2\apache-maven-3.9.3\bin\m2.conf -Dmaven.ext.class.path=C:\Program Files\JetBrains\IntelliJ IDEA 2022.1.2\plugins\maven\lib\maven-event-listener.jar -javaagent:C:\Program Files\JetBrains\IntelliJ IDEA 2022.1.2\lib\idea_rt.jar=57833:C:\Program Files\JetBrains\IntelliJ IDEA 2022.1.2\bin -Dfile.encoding=UTF-8 org.codehaus.classworlds.Launcher -Didea.version=2022.1.2 clean

Host: 12th Gen Intel(R) Core(TM) i7-12650H, 16 cores, 15G,  Windows 11 , 64 bit Build 22621 (10.0.22621.3672)
Time: Sat Aug 17 17:52:53 2024  Windows 11 , 64 bit Build 22621 (10.0.22621.3672) elapsed time: 0.211044 seconds (0d 0h 0m 0s)

---------------  T H R E A D  ---------------

Current thread (0x0000027a3f7c8c10):  JavaThread "C2 CompilerThread0" daemon [_thread_in_native, id=1856, stack(0x0000009dcf200000,0x0000009dcf300000)]


Current CompileTask:
C2:    211  588       4       java.lang.StringLatin1::replace (198 bytes)

Stack: [0x0000009dcf200000,0x0000009dcf300000]
Native frames: (J=compiled Java code, j=interpreted, Vv=VM code, C=native code)
V  [jvm.dll+0x6ee21a]
V  [jvm.dll+0x85765e]
V  [jvm.dll+0x85904e]
V  [jvm.dll+0x859703]
V  [jvm.dll+0x28298f]
V  [jvm.dll+0xc9adf]
V  [jvm.dll+0xc9e65]
V  [jvm.dll+0x3bca4c]
V  [jvm.dll+0x3860e1]
V  [jvm.dll+0x38555a]
V  [jvm.dll+0x24c3d9]
V  [jvm.dll+0x24b781]
V  [jvm.dll+0x1d6ce1]
V  [jvm.dll+0x25b25a]
V  [jvm.dll+0x2596e8]
V  [jvm.dll+0x807588]
V  [jvm.dll+0x80125a]
V  [jvm.dll+0x6ecf0b]
C  [ucrtbase.dll+0x29333]
C  [KERNEL32.DLL+0x1257d]
C  [ntdll.dll+0x5af28]


---------------  P R O C E S S  ---------------

Threads class SMR info:
_java_thread_list=0x0000027a43b210f0, length=14, elements={
0x0000027a1bb70c60, 0x0000027a3f7bbeb0, 0x0000027a3f7bcca0, 0x0000027a3f7c0580,
0x0000027a3f7c20c0, 0x0000027a3f7c5340, 0x0000027a3f7c5c70, 0x0000027a3f7c8c10,
0x0000027a3f7c9b40, 0x0000027a3f7d1e70, 0x0000027a439d5fd0, 0x0000027a3f790d30,
0x0000027a43b347b0, 0x0000027a43b34cf0
}

Java Threads: ( => current thread )
  0x0000027a1bb70c60 JavaThread "main" [_thread_in_vm, id=20968, stack(0x0000009dce500000,0x0000009dce600000)]
  0x0000027a3f7bbeb0 JavaThread "Reference Handler" daemon [_thread_blocked, id=17940, stack(0x0000009dcec00000,0x0000009dced00000)]
  0x0000027a3f7bcca0 JavaThread "Finalizer" daemon [_thread_blocked, id=20748, stack(0x0000009dced00000,0x0000009dcee00000)]
  0x0000027a3f7c0580 JavaThread "Signal Dispatcher" daemon [_thread_blocked, id=17612, stack(0x0000009dcee00000,0x0000009dcef00000)]
  0x0000027a3f7c20c0 JavaThread "Attach Listener" daemon [_thread_blocked, id=17756, stack(0x0000009dcef00000,0x0000009dcf000000)]
  0x0000027a3f7c5340 JavaThread "Service Thread" daemon [_thread_blocked, id=8264, stack(0x0000009dcf000000,0x0000009dcf100000)]
  0x0000027a3f7c5c70 JavaThread "Monitor Deflation Thread" daemon [_thread_blocked, id=2440, stack(0x0000009dcf100000,0x0000009dcf200000)]
=>0x0000027a3f7c8c10 JavaThread "C2 CompilerThread0" daemon [_thread_in_native, id=1856, stack(0x0000009dcf200000,0x0000009dcf300000)]
  0x0000027a3f7c9b40 JavaThread "C1 CompilerThread0" daemon [_thread_in_native, id=7908, stack(0x0000009dcf300000,0x0000009dcf400000)]
  0x0000027a3f7d1e70 JavaThread "Sweeper thread" daemon [_thread_blocked, id=8080, stack(0x0000009dcf400000,0x0000009dcf500000)]
  0x0000027a439d5fd0 JavaThread "C1 CompilerThread1" daemon [_thread_in_native, id=4640, stack(0x0000009dcf500000,0x0000009dcf600000)]
  0x0000027a3f790d30 JavaThread "Common-Cleaner" daemon [_thread_blocked, id=9992, stack(0x0000009dcf600000,0x0000009dcf700000)]
  0x0000027a43b347b0 JavaThread "Monitor Ctrl-Break" daemon [_thread_in_native, id=4072, stack(0x0000009dcf700000,0x0000009dcf800000)]
  0x0000027a43b34cf0 JavaThread "Notification Thread" daemon [_thread_blocked, id=17700, stack(0x0000009dcf800000,0x0000009dcf900000)]

Other Threads:
  0x0000027a3f7a0290 VMThread "VM Thread" [stack: 0x0000009dceb00000,0x0000009dcec00000] [id=20820]
  0x0000027a43b3da50 WatcherThread "VM Periodic Task Thread" [stack: 0x0000009dcf900000,0x0000009dcfa00000] [id=4344]
  0x0000027a1bbe1710 WorkerThread "GC Thread#0" [stack: 0x0000009dce600000,0x0000009dce700000] [id=8592]
  0x0000027a1bbf3140 ConcurrentGCThread "G1 Main Marker" [stack: 0x0000009dce700000,0x0000009dce800000] [id=10048]
  0x0000027a1bbf3a80 WorkerThread "G1 Conc#0" [stack: 0x0000009dce800000,0x0000009dce900000] [id=1764]
  0x0000027a3f65daf0 ConcurrentGCThread "G1 Refine#0" [stack: 0x0000009dce900000,0x0000009dcea00000] [id=4216]
  0x0000027a3f65e540 ConcurrentGCThread "G1 Service" [stack: 0x0000009dcea00000,0x0000009dceb00000] [id=5808]

Threads with active compile tasks:
C2 CompilerThread0      220  588       4       java.lang.StringLatin1::replace (198 bytes)
C1 CompilerThread0      220  623       3       org.codehaus.plexus.util.xml.pull.MXParser::nextImpl (1203 bytes)
C1 CompilerThread1      220  626       3       org.codehaus.plexus.util.xml.pull.MXParser::parseEndTag (429 bytes)

VM state: not at safepoint (normal execution)

VM Mutex/Monitor currently owned by a thread: None

Heap address: 0x0000000705e00000, size: 4002 MB, Compressed Oops mode: Zero based, Oop shift amount: 3

CDS archive(s) mapped at: [0x0000000800000000-0x0000000800c40000-0x0000000800c40000), size 12845056, SharedBaseAddress: 0x0000000800000000, ArchiveRelocationMode: 0.
Compressed class space mapped at: 0x0000000801000000-0x0000000841000000, reserved size: 1073741824
Narrow klass base: 0x0000000800000000, Narrow klass shift: 0, Narrow klass range: 0x100000000

GC Precious Log:
 CardTable entry size: 512
 Card Set container configuration: InlinePtr #cards 4 size 8 Array Of Cards #cards 16 size 48 Howl #buckets 8 coarsen threshold 3686 Howl Bitmap #cards 512 size 80 coarsen threshold 460 Card regions per heap region 1 cards per card region 4096
 CPUs: 16 total, 16 available
 Memory: 16005M
 Large Page Support: Disabled
 NUMA Support: Disabled
 Compressed Oops: Enabled (Zero based)
 Heap Region Size: 2M
 Heap Min Capacity: 8M
 Heap Initial Capacity: 252M
 Heap Max Capacity: 4002M
 Pre-touch: Disabled
 Parallel Workers: 13
 Concurrent Workers: 3
 Concurrent Refinement Workers: 13
 Periodic GC: Disabled

Heap:
 garbage-first heap   total 258048K, used 10240K [0x0000000705e00000, 0x0000000800000000)
  region size 2048K, 6 young (12288K), 0 survivors (0K)
 Metaspace       used 2717K, committed 2880K, reserved 1114112K
  class space    used 237K, committed 320K, reserved 1048576K

Heap Regions: E=young(eden), S=young(survivor), O=old, HS=humongous(starts), HC=humongous(continues), CS=collection set, F=free, OA=open archive, CA=closed archive, TAMS=top-at-mark-start (previous, next)
|   0|0x0000000705e00000, 0x0000000705e00000, 0x0000000706000000|  0%| F|  |TAMS 0x0000000705e00000, 0x0000000705e00000| Untracked 
|   1|0x0000000706000000, 0x0000000706000000, 0x0000000706200000|  0%| F|  |TAMS 0x0000000706000000, 0x0000000706000000| Untracked 
|   2|0x0000000706200000, 0x0000000706200000, 0x0000000706400000|  0%| F|  |TAMS 0x0000000706200000, 0x0000000706200000| Untracked 
|   3|0x0000000706400000, 0x0000000706400000, 0x0000000706600000|  0%| F|  |TAMS 0x0000000706400000, 0x0000000706400000| Untracked 
|   4|0x0000000706600000, 0x0000000706600000, 0x0000000706800000|  0%| F|  |TAMS 0x0000000706600000, 0x0000000706600000| Untracked 
|   5|0x0000000706800000, 0x0000000706800000, 0x0000000706a00000|  0%| F|  |TAMS 0x0000000706800000, 0x0000000706800000| Untracked 
|   6|0x0000000706a00000, 0x0000000706a00000, 0x0000000706c00000|  0%| F|  |TAMS 0x0000000706a00000, 0x0000000706a00000| Untracked 
|   7|0x0000000706c00000, 0x0000000706c00000, 0x0000000706e00000|  0%| F|  |TAMS 0x0000000706c00000, 0x0000000706c00000| Untracked 
|   8|0x0000000706e00000, 0x0000000706e00000, 0x0000000707000000|  0%| F|  |TAMS 0x0000000706e00000, 0x0000000706e00000| Untracked 
|   9|0x0000000707000000, 0x0000000707000000, 0x0000000707200000|  0%| F|  |TAMS 0x0000000707000000, 0x0000000707000000| Untracked 
|  10|0x0000000707200000, 0x0000000707200000, 0x0000000707400000|  0%| F|  |TAMS 0x0000000707200000, 0x0000000707200000| Untracked 
|  11|0x0000000707400000, 0x0000000707400000, 0x0000000707600000|  0%| F|  |TAMS 0x0000000707400000, 0x0000000707400000| Untracked 
|  12|0x0000000707600000, 0x0000000707600000, 0x0000000707800000|  0%| F|  |TAMS 0x0000000707600000, 0x0000000707600000| Untracked 
|  13|0x0000000707800000, 0x0000000707800000, 0x0000000707a00000|  0%| F|  |TAMS 0x0000000707800000, 0x0000000707800000| Untracked 
|  14|0x0000000707a00000, 0x0000000707a00000, 0x0000000707c00000|  0%| F|  |TAMS 0x0000000707a00000, 0x0000000707a00000| Untracked 
|  15|0x0000000707c00000, 0x0000000707c00000, 0x0000000707e00000|  0%| F|  |TAMS 0x0000000707c00000, 0x0000000707c00000| Untracked 
|  16|0x0000000707e00000, 0x0000000707e00000, 0x0000000708000000|  0%| F|  |TAMS 0x0000000707e00000, 0x0000000707e00000| Untracked 
|  17|0x0000000708000000, 0x0000000708000000, 0x0000000708200000|  0%| F|  |TAMS 0x0000000708000000, 0x0000000708000000| Untracked 
|  18|0x0000000708200000, 0x0000000708200000, 0x0000000708400000|  0%| F|  |TAMS 0x0000000708200000, 0x0000000708200000| Untracked 
|  19|0x0000000708400000, 0x0000000708400000, 0x0000000708600000|  0%| F|  |TAMS 0x0000000708400000, 0x0000000708400000| Untracked 
|  20|0x0000000708600000, 0x0000000708600000, 0x0000000708800000|  0%| F|  |TAMS 0x0000000708600000, 0x0000000708600000| Untracked 
|  21|0x0000000708800000, 0x0000000708800000, 0x0000000708a00000|  0%| F|  |TAMS 0x0000000708800000, 0x0000000708800000| Untracked 
|  22|0x0000000708a00000, 0x0000000708a00000, 0x0000000708c00000|  0%| F|  |TAMS 0x0000000708a00000, 0x0000000708a00000| Untracked 
|  23|0x0000000708c00000, 0x0000000708c00000, 0x0000000708e00000|  0%| F|  |TAMS 0x0000000708c00000, 0x0000000708c00000| Untracked 
|  24|0x0000000708e00000, 0x0000000708e00000, 0x0000000709000000|  0%| F|  |TAMS 0x0000000708e00000, 0x0000000708e00000| Untracked 
|  25|0x0000000709000000, 0x0000000709000000, 0x0000000709200000|  0%| F|  |TAMS 0x0000000709000000, 0x0000000709000000| Untracked 
|  26|0x0000000709200000, 0x0000000709200000, 0x0000000709400000|  0%| F|  |TAMS 0x0000000709200000, 0x0000000709200000| Untracked 
|  27|0x0000000709400000, 0x0000000709400000, 0x0000000709600000|  0%| F|  |TAMS 0x0000000709400000, 0x0000000709400000| Untracked 
|  28|0x0000000709600000, 0x0000000709600000, 0x0000000709800000|  0%| F|  |TAMS 0x0000000709600000, 0x0000000709600000| Untracked 
|  29|0x0000000709800000, 0x0000000709800000, 0x0000000709a00000|  0%| F|  |TAMS 0x0000000709800000, 0x0000000709800000| Untracked 
|  30|0x0000000709a00000, 0x0000000709a00000, 0x0000000709c00000|  0%| F|  |TAMS 0x0000000709a00000, 0x0000000709a00000| Untracked 
|  31|0x0000000709c00000, 0x0000000709c00000, 0x0000000709e00000|  0%| F|  |TAMS 0x0000000709c00000, 0x0000000709c00000| Untracked 
|  32|0x0000000709e00000, 0x0000000709e00000, 0x000000070a000000|  0%| F|  |TAMS 0x0000000709e00000, 0x0000000709e00000| Untracked 
|  33|0x000000070a000000, 0x000000070a000000, 0x000000070a200000|  0%| F|  |TAMS 0x000000070a000000, 0x000000070a000000| Untracked 
|  34|0x000000070a200000, 0x000000070a200000, 0x000000070a400000|  0%| F|  |TAMS 0x000000070a200000, 0x000000070a200000| Untracked 
|  35|0x000000070a400000, 0x000000070a400000, 0x000000070a600000|  0%| F|  |TAMS 0x000000070a400000, 0x000000070a400000| Untracked 
|  36|0x000000070a600000, 0x000000070a600000, 0x000000070a800000|  0%| F|  |TAMS 0x000000070a600000, 0x000000070a600000| Untracked 
|  37|0x000000070a800000, 0x000000070a800000, 0x000000070aa00000|  0%| F|  |TAMS 0x000000070a800000, 0x000000070a800000| Untracked 
|  38|0x000000070aa00000, 0x000000070aa00000, 0x000000070ac00000|  0%| F|  |TAMS 0x000000070aa00000, 0x000000070aa00000| Untracked 
|  39|0x000000070ac00000, 0x000000070ac00000, 0x000000070ae00000|  0%| F|  |TAMS 0x000000070ac00000, 0x000000070ac00000| Untracked 
|  40|0x000000070ae00000, 0x000000070ae00000, 0x000000070b000000|  0%| F|  |TAMS 0x000000070ae00000, 0x000000070ae00000| Untracked 
|  41|0x000000070b000000, 0x000000070b000000, 0x000000070b200000|  0%| F|  |TAMS 0x000000070b000000, 0x000000070b000000| Untracked 
|  42|0x000000070b200000, 0x000000070b200000, 0x000000070b400000|  0%| F|  |TAMS 0x000000070b200000, 0x000000070b200000| Untracked 
|  43|0x000000070b400000, 0x000000070b400000, 0x000000070b600000|  0%| F|  |TAMS 0x000000070b400000, 0x000000070b400000| Untracked 
|  44|0x000000070b600000, 0x000000070b600000, 0x000000070b800000|  0%| F|  |TAMS 0x000000070b600000, 0x000000070b600000| Untracked 
|  45|0x000000070b800000, 0x000000070b800000, 0x000000070ba00000|  0%| F|  |TAMS 0x000000070b800000, 0x000000070b800000| Untracked 
|  46|0x000000070ba00000, 0x000000070ba00000, 0x000000070bc00000|  0%| F|  |TAMS 0x000000070ba00000, 0x000000070ba00000| Untracked 
|  47|0x000000070bc00000, 0x000000070bc00000, 0x000000070be00000|  0%| F|  |TAMS 0x000000070bc00000, 0x000000070bc00000| Untracked 
|  48|0x000000070be00000, 0x000000070be00000, 0x000000070c000000|  0%| F|  |TAMS 0x000000070be00000, 0x000000070be00000| Untracked 
|  49|0x000000070c000000, 0x000000070c000000, 0x000000070c200000|  0%| F|  |TAMS 0x000000070c000000, 0x000000070c000000| Untracked 
|  50|0x000000070c200000, 0x000000070c200000, 0x000000070c400000|  0%| F|  |TAMS 0x000000070c200000, 0x000000070c200000| Untracked 
|  51|0x000000070c400000, 0x000000070c400000, 0x000000070c600000|  0%| F|  |TAMS 0x000000070c400000, 0x000000070c400000| Untracked 
|  52|0x000000070c600000, 0x000000070c600000, 0x000000070c800000|  0%| F|  |TAMS 0x000000070c600000, 0x000000070c600000| Untracked 
|  53|0x000000070c800000, 0x000000070c800000, 0x000000070ca00000|  0%| F|  |TAMS 0x000000070c800000, 0x000000070c800000| Untracked 
|  54|0x000000070ca00000, 0x000000070ca00000, 0x000000070cc00000|  0%| F|  |TAMS 0x000000070ca00000, 0x000000070ca00000| Untracked 
|  55|0x000000070cc00000, 0x000000070cc00000, 0x000000070ce00000|  0%| F|  |TAMS 0x000000070cc00000, 0x000000070cc00000| Untracked 
|  56|0x000000070ce00000, 0x000000070ce00000, 0x000000070d000000|  0%| F|  |TAMS 0x000000070ce00000, 0x000000070ce00000| Untracked 
|  57|0x000000070d000000, 0x000000070d000000, 0x000000070d200000|  0%| F|  |TAMS 0x000000070d000000, 0x000000070d000000| Untracked 
|  58|0x000000070d200000, 0x000000070d200000, 0x000000070d400000|  0%| F|  |TAMS 0x000000070d200000, 0x000000070d200000| Untracked 
|  59|0x000000070d400000, 0x000000070d400000, 0x000000070d600000|  0%| F|  |TAMS 0x000000070d400000, 0x000000070d400000| Untracked 
|  60|0x000000070d600000, 0x000000070d600000, 0x000000070d800000|  0%| F|  |TAMS 0x000000070d600000, 0x000000070d600000| Untracked 
|  61|0x000000070d800000, 0x000000070d800000, 0x000000070da00000|  0%| F|  |TAMS 0x000000070d800000, 0x000000070d800000| Untracked 
|  62|0x000000070da00000, 0x000000070da00000, 0x000000070dc00000|  0%| F|  |TAMS 0x000000070da00000, 0x000000070da00000| Untracked 
|  63|0x000000070dc00000, 0x000000070dc00000, 0x000000070de00000|  0%| F|  |TAMS 0x000000070dc00000, 0x000000070dc00000| Untracked 
|  64|0x000000070de00000, 0x000000070de00000, 0x000000070e000000|  0%| F|  |TAMS 0x000000070de00000, 0x000000070de00000| Untracked 
|  65|0x000000070e000000, 0x000000070e000000, 0x000000070e200000|  0%| F|  |TAMS 0x000000070e000000, 0x000000070e000000| Untracked 
|  66|0x000000070e200000, 0x000000070e200000, 0x000000070e400000|  0%| F|  |TAMS 0x000000070e200000, 0x000000070e200000| Untracked 
|  67|0x000000070e400000, 0x000000070e400000, 0x000000070e600000|  0%| F|  |TAMS 0x000000070e400000, 0x000000070e400000| Untracked 
|  68|0x000000070e600000, 0x000000070e600000, 0x000000070e800000|  0%| F|  |TAMS 0x000000070e600000, 0x000000070e600000| Untracked 
|  69|0x000000070e800000, 0x000000070e800000, 0x000000070ea00000|  0%| F|  |TAMS 0x000000070e800000, 0x000000070e800000| Untracked 
|  70|0x000000070ea00000, 0x000000070ea00000, 0x000000070ec00000|  0%| F|  |TAMS 0x000000070ea00000, 0x000000070ea00000| Untracked 
|  71|0x000000070ec00000, 0x000000070ec00000, 0x000000070ee00000|  0%| F|  |TAMS 0x000000070ec00000, 0x000000070ec00000| Untracked 
|  72|0x000000070ee00000, 0x000000070ee00000, 0x000000070f000000|  0%| F|  |TAMS 0x000000070ee00000, 0x000000070ee00000| Untracked 
|  73|0x000000070f000000, 0x000000070f000000, 0x000000070f200000|  0%| F|  |TAMS 0x000000070f000000, 0x000000070f000000| Untracked 
|  74|0x000000070f200000, 0x000000070f200000, 0x000000070f400000|  0%| F|  |TAMS 0x000000070f200000, 0x000000070f200000| Untracked 
|  75|0x000000070f400000, 0x000000070f400000, 0x000000070f600000|  0%| F|  |TAMS 0x000000070f400000, 0x000000070f400000| Untracked 
|  76|0x000000070f600000, 0x000000070f600000, 0x000000070f800000|  0%| F|  |TAMS 0x000000070f600000, 0x000000070f600000| Untracked 
|  77|0x000000070f800000, 0x000000070f800000, 0x000000070fa00000|  0%| F|  |TAMS 0x000000070f800000, 0x000000070f800000| Untracked 
|  78|0x000000070fa00000, 0x000000070fa00000, 0x000000070fc00000|  0%| F|  |TAMS 0x000000070fa00000, 0x000000070fa00000| Untracked 
|  79|0x000000070fc00000, 0x000000070fc00000, 0x000000070fe00000|  0%| F|  |TAMS 0x000000070fc00000, 0x000000070fc00000| Untracked 
|  80|0x000000070fe00000, 0x000000070fe00000, 0x0000000710000000|  0%| F|  |TAMS 0x000000070fe00000, 0x000000070fe00000| Untracked 
|  81|0x0000000710000000, 0x0000000710000000, 0x0000000710200000|  0%| F|  |TAMS 0x0000000710000000, 0x0000000710000000| Untracked 
|  82|0x0000000710200000, 0x0000000710200000, 0x0000000710400000|  0%| F|  |TAMS 0x0000000710200000, 0x0000000710200000| Untracked 
|  83|0x0000000710400000, 0x0000000710400000, 0x0000000710600000|  0%| F|  |TAMS 0x0000000710400000, 0x0000000710400000| Untracked 
|  84|0x0000000710600000, 0x0000000710600000, 0x0000000710800000|  0%| F|  |TAMS 0x0000000710600000, 0x0000000710600000| Untracked 
|  85|0x0000000710800000, 0x0000000710800000, 0x0000000710a00000|  0%| F|  |TAMS 0x0000000710800000, 0x0000000710800000| Untracked 
|  86|0x0000000710a00000, 0x0000000710a00000, 0x0000000710c00000|  0%| F|  |TAMS 0x0000000710a00000, 0x0000000710a00000| Untracked 
|  87|0x0000000710c00000, 0x0000000710c00000, 0x0000000710e00000|  0%| F|  |TAMS 0x0000000710c00000, 0x0000000710c00000| Untracked 
|  88|0x0000000710e00000, 0x0000000710e00000, 0x0000000711000000|  0%| F|  |TAMS 0x0000000710e00000, 0x0000000710e00000| Untracked 
|  89|0x0000000711000000, 0x0000000711000000, 0x0000000711200000|  0%| F|  |TAMS 0x0000000711000000, 0x0000000711000000| Untracked 
|  90|0x0000000711200000, 0x0000000711200000, 0x0000000711400000|  0%| F|  |TAMS 0x0000000711200000, 0x0000000711200000| Untracked 
|  91|0x0000000711400000, 0x0000000711400000, 0x0000000711600000|  0%| F|  |TAMS 0x0000000711400000, 0x0000000711400000| Untracked 
|  92|0x0000000711600000, 0x0000000711600000, 0x0000000711800000|  0%| F|  |TAMS 0x0000000711600000, 0x0000000711600000| Untracked 
|  93|0x0000000711800000, 0x0000000711800000, 0x0000000711a00000|  0%| F|  |TAMS 0x0000000711800000, 0x0000000711800000| Untracked 
|  94|0x0000000711a00000, 0x0000000711a00000, 0x0000000711c00000|  0%| F|  |TAMS 0x0000000711a00000, 0x0000000711a00000| Untracked 
|  95|0x0000000711c00000, 0x0000000711c00000, 0x0000000711e00000|  0%| F|  |TAMS 0x0000000711c00000, 0x0000000711c00000| Untracked 
|  96|0x0000000711e00000, 0x0000000711e00000, 0x0000000712000000|  0%| F|  |TAMS 0x0000000711e00000, 0x0000000711e00000| Untracked 
|  97|0x0000000712000000, 0x0000000712000000, 0x0000000712200000|  0%| F|  |TAMS 0x0000000712000000, 0x0000000712000000| Untracked 
|  98|0x0000000712200000, 0x0000000712200000, 0x0000000712400000|  0%| F|  |TAMS 0x0000000712200000, 0x0000000712200000| Untracked 
|  99|0x0000000712400000, 0x0000000712400000, 0x0000000712600000|  0%| F|  |TAMS 0x0000000712400000, 0x0000000712400000| Untracked 
| 100|0x0000000712600000, 0x0000000712600000, 0x0000000712800000|  0%| F|  |TAMS 0x0000000712600000, 0x0000000712600000| Untracked 
| 101|0x0000000712800000, 0x0000000712800000, 0x0000000712a00000|  0%| F|  |TAMS 0x0000000712800000, 0x0000000712800000| Untracked 
| 102|0x0000000712a00000, 0x0000000712a00000, 0x0000000712c00000|  0%| F|  |TAMS 0x0000000712a00000, 0x0000000712a00000| Untracked 
| 103|0x0000000712c00000, 0x0000000712c00000, 0x0000000712e00000|  0%| F|  |TAMS 0x0000000712c00000, 0x0000000712c00000| Untracked 
| 104|0x0000000712e00000, 0x0000000712e00000, 0x0000000713000000|  0%| F|  |TAMS 0x0000000712e00000, 0x0000000712e00000| Untracked 
| 105|0x0000000713000000, 0x0000000713000000, 0x0000000713200000|  0%| F|  |TAMS 0x0000000713000000, 0x0000000713000000| Untracked 
| 106|0x0000000713200000, 0x0000000713200000, 0x0000000713400000|  0%| F|  |TAMS 0x0000000713200000, 0x0000000713200000| Untracked 
| 107|0x0000000713400000, 0x0000000713400000, 0x0000000713600000|  0%| F|  |TAMS 0x0000000713400000, 0x0000000713400000| Untracked 
| 108|0x0000000713600000, 0x0000000713600000, 0x0000000713800000|  0%| F|  |TAMS 0x0000000713600000, 0x0000000713600000| Untracked 
| 109|0x0000000713800000, 0x0000000713800000, 0x0000000713a00000|  0%| F|  |TAMS 0x0000000713800000, 0x0000000713800000| Untracked 
| 110|0x0000000713a00000, 0x0000000713a00000, 0x0000000713c00000|  0%| F|  |TAMS 0x0000000713a00000, 0x0000000713a00000| Untracked 
| 111|0x0000000713c00000, 0x0000000713c00000, 0x0000000713e00000|  0%| F|  |TAMS 0x0000000713c00000, 0x0000000713c00000| Untracked 
| 112|0x0000000713e00000, 0x0000000713e00000, 0x0000000714000000|  0%| F|  |TAMS 0x0000000713e00000, 0x0000000713e00000| Untracked 
| 113|0x0000000714000000, 0x0000000714000000, 0x0000000714200000|  0%| F|  |TAMS 0x0000000714000000, 0x0000000714000000| Untracked 
| 114|0x0000000714200000, 0x0000000714200000, 0x0000000714400000|  0%| F|  |TAMS 0x0000000714200000, 0x0000000714200000| Untracked 
| 115|0x0000000714400000, 0x0000000714400000, 0x0000000714600000|  0%| F|  |TAMS 0x0000000714400000, 0x0000000714400000| Untracked 
| 116|0x0000000714600000, 0x0000000714600000, 0x0000000714800000|  0%| F|  |TAMS 0x0000000714600000, 0x0000000714600000| Untracked 
| 117|0x0000000714800000, 0x0000000714800000, 0x0000000714a00000|  0%| F|  |TAMS 0x0000000714800000, 0x0000000714800000| Untracked 
| 118|0x0000000714a00000, 0x0000000714a00000, 0x0000000714c00000|  0%| F|  |TAMS 0x0000000714a00000, 0x0000000714a00000| Untracked 
| 119|0x0000000714c00000, 0x0000000714c00000, 0x0000000714e00000|  0%| F|  |TAMS 0x0000000714c00000, 0x0000000714c00000| Untracked 
| 120|0x0000000714e00000, 0x0000000714e84e40, 0x0000000715000000| 25%| E|  |TAMS 0x0000000714e00000, 0x0000000714e00000| Complete 
| 121|0x0000000715000000, 0x0000000715200000, 0x0000000715200000|100%| E|CS|TAMS 0x0000000715000000, 0x0000000715000000| Complete 
| 122|0x0000000715200000, 0x0000000715400000, 0x0000000715400000|100%| E|CS|TAMS 0x0000000715200000, 0x0000000715200000| Complete 
| 123|0x0000000715400000, 0x0000000715600000, 0x0000000715600000|100%| E|CS|TAMS 0x0000000715400000, 0x0000000715400000| Complete 
| 124|0x0000000715600000, 0x0000000715800000, 0x0000000715800000|100%| E|CS|TAMS 0x0000000715600000, 0x0000000715600000| Complete 
| 125|0x0000000715800000, 0x0000000715a00000, 0x0000000715a00000|100%| E|CS|TAMS 0x0000000715800000, 0x0000000715800000| Complete 

Card table byte_map: [0x0000027a33b40000,0x0000027a34320000] _byte_map_base: 0x0000027a30311000

Marking Bits (Prev, Next): (CMBitMap*) 0x0000027a1bbe2c60, (CMBitMap*) 0x0000027a1bbe2ca0
 Prev Bits: [0x0000027a34b00000, 0x0000027a38988000)
 Next Bits: [0x0000027a38990000, 0x0000027a3c818000)

Polling page: 0x0000027a19b40000

Metaspace:

Usage:
  Non-class:      2.42 MB used.
      Class:    237.80 KB used.
       Both:      2.65 MB used.

Virtual space:
  Non-class space:       64.00 MB reserved,       2.50 MB (  4%) committed,  1 nodes.
      Class space:        1.00 GB reserved,     320.00 KB ( <1%) committed,  1 nodes.
             Both:        1.06 GB reserved,       2.81 MB ( <1%) committed. 

Chunk freelists:
   Non-Class:  3.06 MB
       Class:  3.64 MB
        Both:  6.70 MB

MaxMetaspaceSize: unlimited
CompressedClassSpaceSize: 1.00 GB
Initial GC threshold: 21.00 MB
Current GC threshold: 21.00 MB
CDS: on
MetaspaceReclaimPolicy: balanced
 - commit_granule_bytes: 65536.
 - commit_granule_words: 8192.
 - virtual_space_node_default_size: 8388608.
 - enlarge_chunks_in_place: 1.
 - new_chunks_are_fully_committed: 0.
 - uncommit_free_chunks: 1.
 - use_allocation_guard: 0.


Internal statistics:

num_allocs_failed_limit: 0.
num_arena_births: 40.
num_arena_deaths: 0.
num_vsnodes_births: 2.
num_vsnodes_deaths: 0.
num_space_committed: 45.
num_space_uncommitted: 0.
num_chunks_returned_to_freelist: 0.
num_chunks_taken_from_freelist: 88.
num_chunk_merges: 0.
num_chunk_splits: 63.
num_chunks_enlarged: 49.
num_inconsistent_stats: 0.

CodeHeap 'non-profiled nmethods': size=119168Kb used=192Kb max_used=192Kb free=118975Kb
 bounds [0x0000027a2b670000, 0x0000027a2b8e0000, 0x0000027a32ad0000]
CodeHeap 'profiled nmethods': size=119104Kb used=964Kb max_used=964Kb free=118139Kb
 bounds [0x0000027a23ad0000, 0x0000027a23d40000, 0x0000027a2af20000]
CodeHeap 'non-nmethods': size=7488Kb used=1791Kb max_used=1808Kb free=5696Kb
 bounds [0x0000027a2af20000, 0x0000027a2b190000, 0x0000027a2b670000]
 total_blobs=1055 nmethods=620 adapters=345
 compilation: enabled
              stopped_count=0, restarted_count=0
 full_count=0

Compilation events (20 events):
Event: 0.207 Thread 0x0000027a3f7c9b40  594       1       java.util.jar.Manifest::getMainAttributes (5 bytes)
Event: 0.207 Thread 0x0000027a439d5fd0 nmethod 593 0x0000027a2b69ea90 code [0x0000027a2b69ec20, 0x0000027a2b69ecf8]
Event: 0.207 Thread 0x0000027a3f7c9b40 nmethod 594 0x0000027a2b69ed90 code [0x0000027a2b69ef20, 0x0000027a2b69eff8]
Event: 0.207 Thread 0x0000027a439d5fd0  595  s    3       jdk.internal.loader.Resource::cachedInputStream (20 bytes)
Event: 0.207 Thread 0x0000027a3f7c9b40  596       1       java.util.zip.ZipEntry::getCrc (5 bytes)
Event: 0.207 Thread 0x0000027a3f7c9b40 nmethod 596 0x0000027a2b69f090 code [0x0000027a2b69f220, 0x0000027a2b69f2d8]
Event: 0.207 Thread 0x0000027a439d5fd0 nmethod 595 0x0000027a23bb5190 code [0x0000027a23bb5340, 0x0000027a23bb5668]
Event: 0.208 Thread 0x0000027a439d5fd0  597       3       java.security.CodeSource::getCertificates (98 bytes)
Event: 0.208 Thread 0x0000027a439d5fd0 nmethod 597 0x0000027a23bb5710 code [0x0000027a23bb5980, 0x0000027a23bb6558]
Event: 0.208 Thread 0x0000027a439d5fd0  601       3       jdk.internal.jimage.ImageStringsReader::stringFromByteBufferMatches (138 bytes)
Event: 0.208 Thread 0x0000027a439d5fd0 nmethod 601 0x0000027a23bb6810 code [0x0000027a23bb6ae0, 0x0000027a23bb7c48]
Event: 0.208 Thread 0x0000027a439d5fd0  598       3       jdk.internal.jimage.ImageStringsReader::hashCode (8 bytes)
Event: 0.208 Thread 0x0000027a3f7c9b40  599       3       jdk.internal.jimage.ImageStringsReader::match (11 bytes)
Event: 0.208 Thread 0x0000027a439d5fd0 nmethod 598 0x0000027a23bb8390 code [0x0000027a23bb8540, 0x0000027a23bb86f8]
Event: 0.208 Thread 0x0000027a439d5fd0  600       3       jdk.internal.jimage.BasicImageReader::match (37 bytes)
Event: 0.209 Thread 0x0000027a3f7c9b40 nmethod 599 0x0000027a23bb8810 code [0x0000027a23bb89c0, 0x0000027a23bb8b88]
Event: 0.209 Thread 0x0000027a3f7c9b40  602       3       jdk.internal.jimage.ImageLocation::verifyName (161 bytes)
Event: 0.209 Thread 0x0000027a439d5fd0 nmethod 600 0x0000027a23bb8c90 code [0x0000027a23bb8e60, 0x0000027a23bb9118]
Event: 0.209 Thread 0x0000027a439d5fd0  604       3       java.util.ArrayDeque::addLast (51 bytes)
Event: 0.209 Thread 0x0000027a439d5fd0 nmethod 604 0x0000027a23bb9290 code [0x0000027a23bb9480, 0x0000027a23bb9958]

GC Heap History (0 events):
No events

Dll operation events (12 events):
Event: 0.005 Loaded shared library C:\Program Files\Java\jdk-19\bin\java.dll
Event: 0.011 Loaded shared library C:\Program Files\Java\jdk-19\bin\jsvml.dll
Event: 0.043 Loaded shared library C:\Program Files\Java\jdk-19\bin\zip.dll
Event: 0.044 Loaded shared library C:\Program Files\Java\jdk-19\bin\instrument.dll
Event: 0.047 Loaded shared library C:\Program Files\Java\jdk-19\bin\net.dll
Event: 0.048 Loaded shared library C:\Program Files\Java\jdk-19\bin\nio.dll
Event: 0.050 Loaded shared library C:\Program Files\Java\jdk-19\bin\zip.dll
Event: 0.060 Loaded shared library C:\Program Files\JetBrains\IntelliJ IDEA 2022.1.2\bin\breakgen64.dll
Event: 0.068 Loaded shared library C:\Program Files\Java\jdk-19\bin\extnet.dll
Event: 0.123 Loaded shared library C:\Program Files\Java\jdk-19\bin\jimage.dll
Event: 0.168 Loaded shared library C:\Users\99293\AppData\Local\Temp\jansi-2.4.0-c45cfdfe2759ec7d-jansi.dll
Event: 0.173 Loaded shared library C:\Program Files\Java\jdk-19\bin\verify.dll

Deoptimization events (20 events):
Event: 0.121 Thread 0x0000027a1bb70c60 DEOPT PACKING pc=0x0000027a2b67dd0c sp=0x0000009dce5fd920
Event: 0.121 Thread 0x0000027a1bb70c60 DEOPT UNPACKING pc=0x0000027a2af86da3 sp=0x0000009dce5fd8a8 mode 2
Event: 0.121 Thread 0x0000027a1bb70c60 Uncommon trap: trap_request=0xffffffc6 fr.pc=0x0000027a2b67dd0c relative=0x00000000000008ec
Event: 0.121 Thread 0x0000027a1bb70c60 Uncommon trap: reason=bimorphic_or_optimized_type_check action=maybe_recompile pc=0x0000027a2b67dd0c method=java.util.HashMap.putVal(ILjava/lang/Object;Ljava/lang/Object;ZZ)Ljava/lang/Object; @ 56 c2
Event: 0.121 Thread 0x0000027a1bb70c60 DEOPT PACKING pc=0x0000027a2b67dd0c sp=0x0000009dce5fd920
Event: 0.121 Thread 0x0000027a1bb70c60 DEOPT UNPACKING pc=0x0000027a2af86da3 sp=0x0000009dce5fd8a8 mode 2
Event: 0.121 Thread 0x0000027a1bb70c60 Uncommon trap: trap_request=0xffffffc6 fr.pc=0x0000027a2b67dd0c relative=0x00000000000008ec
Event: 0.121 Thread 0x0000027a1bb70c60 Uncommon trap: reason=bimorphic_or_optimized_type_check action=maybe_recompile pc=0x0000027a2b67dd0c method=java.util.HashMap.putVal(ILjava/lang/Object;Ljava/lang/Object;ZZ)Ljava/lang/Object; @ 56 c2
Event: 0.121 Thread 0x0000027a1bb70c60 DEOPT PACKING pc=0x0000027a2b67dd0c sp=0x0000009dce5fd920
Event: 0.121 Thread 0x0000027a1bb70c60 DEOPT UNPACKING pc=0x0000027a2af86da3 sp=0x0000009dce5fd8a8 mode 2
Event: 0.121 Thread 0x0000027a1bb70c60 Uncommon trap: trap_request=0xffffffc6 fr.pc=0x0000027a2b67dd0c relative=0x00000000000008ec
Event: 0.121 Thread 0x0000027a1bb70c60 Uncommon trap: reason=bimorphic_or_optimized_type_check action=maybe_recompile pc=0x0000027a2b67dd0c method=java.util.HashMap.putVal(ILjava/lang/Object;Ljava/lang/Object;ZZ)Ljava/lang/Object; @ 56 c2
Event: 0.121 Thread 0x0000027a1bb70c60 DEOPT PACKING pc=0x0000027a2b67dd0c sp=0x0000009dce5fd920
Event: 0.121 Thread 0x0000027a1bb70c60 DEOPT UNPACKING pc=0x0000027a2af86da3 sp=0x0000009dce5fd8a8 mode 2
Event: 0.187 Thread 0x0000027a1bb70c60 Uncommon trap: trap_request=0xffffff45 fr.pc=0x0000027a2b69b02c relative=0x000000000000092c
Event: 0.187 Thread 0x0000027a1bb70c60 Uncommon trap: reason=unstable_if action=reinterpret pc=0x0000027a2b69b02c method=java.util.HashMap.putVal(ILjava/lang/Object;Ljava/lang/Object;ZZ)Ljava/lang/Object; @ 181 c2
Event: 0.187 Thread 0x0000027a1bb70c60 DEOPT PACKING pc=0x0000027a2b69b02c sp=0x0000009dce5fd3a0
Event: 0.187 Thread 0x0000027a1bb70c60 DEOPT UNPACKING pc=0x0000027a2af86da3 sp=0x0000009dce5fd350 mode 2
Event: 0.205 Thread 0x0000027a1bb70c60 DEOPT PACKING pc=0x0000027a23b140f6 sp=0x0000009dce5fdeb0
Event: 0.205 Thread 0x0000027a1bb70c60 DEOPT UNPACKING pc=0x0000027a2af87543 sp=0x0000009dce5fd370 mode 0

Classes loaded (20 events):
Event: 0.193 Loading class java/util/LinkedHashMap$LinkedKeyIterator
Event: 0.193 Loading class java/util/LinkedHashMap$LinkedKeyIterator done
Event: 0.197 Loading class jdk/internal/loader/URLClassPath$FileLoader$1
Event: 0.197 Loading class jdk/internal/loader/URLClassPath$FileLoader$1 done
Event: 0.198 Loading class sun/net/ProgressMonitor
Event: 0.198 Loading class sun/net/ProgressMonitor done
Event: 0.198 Loading class sun/net/DefaultProgressMeteringPolicy
Event: 0.198 Loading class sun/net/ProgressMeteringPolicy
Event: 0.198 Loading class sun/net/ProgressMeteringPolicy done
Event: 0.198 Loading class sun/net/DefaultProgressMeteringPolicy done
Event: 0.199 Loading class java/lang/IllegalAccessException
Event: 0.199 Loading class java/lang/IllegalAccessException done
Event: 0.199 Loading class java/lang/InstantiationException
Event: 0.199 Loading class java/lang/InstantiationException done
Event: 0.204 Loading class java/lang/StringIndexOutOfBoundsException
Event: 0.204 Loading class java/lang/IndexOutOfBoundsException
Event: 0.204 Loading class java/lang/IndexOutOfBoundsException done
Event: 0.204 Loading class java/lang/StringIndexOutOfBoundsException done
Event: 0.205 Loading class java/util/StringTokenizer
Event: 0.205 Loading class java/util/StringTokenizer done

Classes unloaded (0 events):
No events

Classes redefined (0 events):
No events

Internal exceptions (13 events):
Event: 0.054 Thread 0x0000027a1bb70c60 Exception <a 'java/lang/NoSuchMethodError'{0x00000007156ca7a8}: 'void java.lang.invoke.DirectMethodHandle$Holder.invokeStatic(java.lang.Object, java.lang.Object, java.lang.Object)'> (0x00000007156ca7a8) 
thrown [s\open\src\hotspot\share\interpreter\linkResolver.cpp, line 774]
Event: 0.057 Thread 0x0000027a1bb70c60 Exception <a 'java/lang/NoSuchMethodError'{0x00000007156e2fe0}: 'java.lang.Object java.lang.invoke.Invokers$Holder.invokeExact_MT(java.lang.Object, java.lang.Object, java.lang.Object, java.lang.Object, java.lang.Object)'> (0x00000007156e2fe0) 
thrown [s\open\src\hotspot\share\interpreter\linkResolver.cpp, line 774]
Event: 0.069 Thread 0x0000027a43b347b0 Exception <a 'java/lang/NoSuchMethodError'{0x0000000715759f58}: 'void java.lang.invoke.DirectMethodHandle$Holder.invokeStatic(java.lang.Object, java.lang.Object)'> (0x0000000715759f58) 
thrown [s\open\src\hotspot\share\interpreter\linkResolver.cpp, line 774]
Event: 0.077 Thread 0x0000027a1bb70c60 Exception <a 'java/lang/NoSuchMethodError'{0x00000007157ca8b0}: 'int java.lang.invoke.DirectMethodHandle$Holder.invokeSpecial(java.lang.Object, java.lang.Object, java.lang.Object)'> (0x00000007157ca8b0) 
thrown [s\open\src\hotspot\share\interpreter\linkResolver.cpp, line 774]
Event: 0.121 Thread 0x0000027a1bb70c60 Exception <a 'java/lang/NullPointerException'{0x0000000715222b90}> (0x0000000715222b90) 
thrown [s\open\src\hotspot\share\interpreter\linkResolver.cpp, line 1374]
Event: 0.169 Thread 0x0000027a1bb70c60 Exception <a 'java/lang/NullPointerException'{0x00000007153f9568}> (0x00000007153f9568) 
thrown [s\open\src\hotspot\share\interpreter\linkResolver.cpp, line 1374]
Event: 0.169 Thread 0x0000027a1bb70c60 Exception <a 'java/lang/NullPointerException'{0x00000007153f9848}> (0x00000007153f9848) 
thrown [s\open\src\hotspot\share\interpreter\linkResolver.cpp, line 1374]
Event: 0.169 Thread 0x0000027a1bb70c60 Exception <a 'java/lang/NullPointerException'{0x00000007153f9b28}> (0x00000007153f9b28) 
thrown [s\open\src\hotspot\share\interpreter\linkResolver.cpp, line 1374]
Event: 0.169 Thread 0x0000027a1bb70c60 Exception <a 'java/lang/NullPointerException'{0x00000007153ff3e0}> (0x00000007153ff3e0) 
thrown [s\open\src\hotspot\share\interpreter\linkResolver.cpp, line 1374]
Event: 0.170 Thread 0x0000027a1bb70c60 Exception <a 'java/lang/NullPointerException'{0x00000007150127e0}> (0x00000007150127e0) 
thrown [s\open\src\hotspot\share\interpreter\linkResolver.cpp, line 1374]
Event: 0.170 Thread 0x0000027a1bb70c60 Exception <a 'java/lang/NullPointerException'{0x0000000715012ac0}> (0x0000000715012ac0) 
thrown [s\open\src\hotspot\share\interpreter\linkResolver.cpp, line 1374]
Event: 0.170 Thread 0x0000027a1bb70c60 Exception <a 'java/lang/NullPointerException'{0x0000000715012da0}> (0x0000000715012da0) 
thrown [s\open\src\hotspot\share\interpreter\linkResolver.cpp, line 1374]
Event: 0.170 Thread 0x0000027a1bb70c60 Exception <a 'java/lang/NullPointerException'{0x0000000715013080}> (0x0000000715013080) 
thrown [s\open\src\hotspot\share\interpreter\linkResolver.cpp, line 1374]

VM Operations (8 events):
Event: 0.033 Executing VM operation: HandshakeAllThreads
Event: 0.033 Executing VM operation: HandshakeAllThreads done
Event: 0.064 Executing VM operation: HandshakeAllThreads
Event: 0.064 Executing VM operation: HandshakeAllThreads done
Event: 0.120 Executing VM operation: HandshakeAllThreads
Event: 0.120 Executing VM operation: HandshakeAllThreads done
Event: 0.124 Executing VM operation: HandshakeAllThreads
Event: 0.125 Executing VM operation: HandshakeAllThreads done

Events (14 events):
Event: 0.011 Thread 0x0000027a1bb70c60 Thread added: 0x0000027a1bb70c60
Event: 0.017 Thread 0x0000027a3f7bbeb0 Thread added: 0x0000027a3f7bbeb0
Event: 0.017 Thread 0x0000027a3f7bcca0 Thread added: 0x0000027a3f7bcca0
Event: 0.017 Thread 0x0000027a3f7c0580 Thread added: 0x0000027a3f7c0580
Event: 0.017 Thread 0x0000027a3f7c20c0 Thread added: 0x0000027a3f7c20c0
Event: 0.018 Thread 0x0000027a3f7c5340 Thread added: 0x0000027a3f7c5340
Event: 0.018 Thread 0x0000027a3f7c5c70 Thread added: 0x0000027a3f7c5c70
Event: 0.018 Thread 0x0000027a3f7c8c10 Thread added: 0x0000027a3f7c8c10
Event: 0.018 Thread 0x0000027a3f7c9b40 Thread added: 0x0000027a3f7c9b40
Event: 0.018 Thread 0x0000027a3f7d1e70 Thread added: 0x0000027a3f7d1e70
Event: 0.021 Thread 0x0000027a439d5fd0 Thread added: 0x0000027a439d5fd0
Event: 0.028 Thread 0x0000027a3f790d30 Thread added: 0x0000027a3f790d30
Event: 0.061 Thread 0x0000027a43b347b0 Thread added: 0x0000027a43b347b0
Event: 0.061 Thread 0x0000027a43b34cf0 Thread added: 0x0000027a43b34cf0


Dynamic libraries:
0x00007ff7acc80000 - 0x00007ff7acc90000 	C:\Program Files\Java\jdk-19\bin\java.exe
0x00007ff841b50000 - 0x00007ff841d67000 	C:\WINDOWS\SYSTEM32\ntdll.dll
0x00007ff841a10000 - 0x00007ff841ad4000 	C:\WINDOWS\System32\KERNEL32.DLL
0x00007ff83ee50000 - 0x00007ff83f1fd000 	C:\WINDOWS\System32\KERNELBASE.dll
0x00007ff83f360000 - 0x00007ff83f471000 	C:\WINDOWS\System32\ucrtbase.dll
0x00007ff83ab50000 - 0x00007ff83ab68000 	C:\Program Files\Java\jdk-19\bin\jli.dll
0x00007ff839af0000 - 0x00007ff839b0b000 	C:\Program Files\Java\jdk-19\bin\VCRUNTIME140.dll
0x00007ff8408a0000 - 0x00007ff840952000 	C:\WINDOWS\System32\ADVAPI32.dll
0x00007ff840c60000 - 0x00007ff840d07000 	C:\WINDOWS\System32\msvcrt.dll
0x00007ff83f9b0000 - 0x00007ff83fa59000 	C:\WINDOWS\System32\sechost.dll
0x00007ff83f500000 - 0x00007ff83f528000 	C:\WINDOWS\System32\bcrypt.dll
0x00007ff8412d0000 - 0x00007ff8413e4000 	C:\WINDOWS\System32\RPCRT4.dll
0x00007ff840990000 - 0x00007ff840b3e000 	C:\WINDOWS\System32\USER32.dll
0x00007ff83f830000 - 0x00007ff83f856000 	C:\WINDOWS\System32\win32u.dll
0x00007ff8239f0000 - 0x00007ff823c83000 	C:\WINDOWS\WinSxS\amd64_microsoft.windows.common-controls_6595b64144ccf1df_6.0.22621.3672_none_2713b9d173822955\COMCTL32.dll
0x00007ff840960000 - 0x00007ff840989000 	C:\WINDOWS\System32\GDI32.dll
0x00007ff83f5a0000 - 0x00007ff83f6b9000 	C:\WINDOWS\System32\gdi32full.dll
0x00007ff83f2c0000 - 0x00007ff83f35a000 	C:\WINDOWS\System32\msvcp_win.dll
0x00007ff833740000 - 0x00007ff83374a000 	C:\WINDOWS\SYSTEM32\VERSION.dll
0x00007ff841290000 - 0x00007ff8412c1000 	C:\WINDOWS\System32\IMM32.DLL
0x00007ff83abb0000 - 0x00007ff83abbc000 	C:\Program Files\Java\jdk-19\bin\vcruntime140_1.dll
0x00007ff8011a0000 - 0x00007ff80122e000 	C:\Program Files\Java\jdk-19\bin\msvcp140.dll
0x00007fff9f640000 - 0x00007fffa0300000 	C:\Program Files\Java\jdk-19\bin\server\jvm.dll
0x00007ff83ab40000 - 0x00007ff83ab49000 	C:\WINDOWS\SYSTEM32\WSOCK32.dll
0x00007ff83b1a0000 - 0x00007ff83b1d4000 	C:\WINDOWS\SYSTEM32\WINMM.dll
0x00007ff840720000 - 0x00007ff840791000 	C:\WINDOWS\System32\WS2_32.dll
0x00007ff83df70000 - 0x00007ff83df88000 	C:\WINDOWS\SYSTEM32\kernel.appcore.dll
0x00007ff83aaa0000 - 0x00007ff83aaaa000 	C:\Program Files\Java\jdk-19\bin\jimage.dll
0x00007ff83c1c0000 - 0x00007ff83c3f2000 	C:\WINDOWS\SYSTEM32\DBGHELP.DLL
0x00007ff8415f0000 - 0x00007ff841978000 	C:\WINDOWS\System32\combase.dll
0x00007ff8405e0000 - 0x00007ff8406b7000 	C:\WINDOWS\System32\OLEAUT32.dll
0x00007ff83b3a0000 - 0x00007ff83b3d2000 	C:\WINDOWS\SYSTEM32\dbgcore.DLL
0x00007ff83f480000 - 0x00007ff83f4fb000 	C:\WINDOWS\System32\bcryptPrimitives.dll
0x00007ff839de0000 - 0x00007ff839dee000 	C:\Program Files\Java\jdk-19\bin\instrument.dll
0x00007ff836d20000 - 0x00007ff836d46000 	C:\Program Files\Java\jdk-19\bin\java.dll
0x00007ff8010c0000 - 0x00007ff801197000 	C:\Program Files\Java\jdk-19\bin\jsvml.dll
0x00007ff83fa60000 - 0x00007ff8402bf000 	C:\WINDOWS\System32\SHELL32.dll
0x00007ff83cd70000 - 0x00007ff83d66c000 	C:\WINDOWS\SYSTEM32\windows.storage.dll
0x00007ff83cc30000 - 0x00007ff83cd6f000 	C:\WINDOWS\SYSTEM32\wintypes.dll
0x00007ff841190000 - 0x00007ff841284000 	C:\WINDOWS\System32\SHCORE.dll
0x00007ff8406c0000 - 0x00007ff84071e000 	C:\WINDOWS\System32\shlwapi.dll
0x00007ff83ed80000 - 0x00007ff83eda1000 	C:\WINDOWS\SYSTEM32\profapi.dll
0x00007ff8312a0000 - 0x00007ff8312b8000 	C:\Program Files\Java\jdk-19\bin\zip.dll
0x00007ff838920000 - 0x00007ff838933000 	C:\Program Files\Java\jdk-19\bin\net.dll
0x00007ff837a70000 - 0x00007ff837ba6000 	C:\WINDOWS\SYSTEM32\WINHTTP.dll
0x00007ff83e3e0000 - 0x00007ff83e449000 	C:\WINDOWS\system32\mswsock.dll
0x00007ff833760000 - 0x00007ff833776000 	C:\Program Files\Java\jdk-19\bin\nio.dll
0x00007ff831280000 - 0x00007ff83129a000 	C:\Program Files\JetBrains\IntelliJ IDEA 2022.1.2\bin\breakgen64.dll
0x00007ff838890000 - 0x00007ff838898000 	C:\Program Files\Java\jdk-19\bin\extnet.dll
0x0000000069ac0000 - 0x0000000069ae4000 	C:\Users\99293\AppData\Local\Temp\jansi-2.4.0-c45cfdfe2759ec7d-jansi.dll
0x00007ff83aa10000 - 0x00007ff83aa20000 	C:\Program Files\Java\jdk-19\bin\verify.dll

dbghelp: loaded successfully - version: 4.0.5 - missing functions: none
symbol engine: initialized successfully - sym options: 0x614 - pdb path: .;C:\Program Files\Java\jdk-19\bin;C:\WINDOWS\SYSTEM32;C:\WINDOWS\WinSxS\amd64_microsoft.windows.common-controls_6595b64144ccf1df_6.0.22621.3672_none_2713b9d173822955;C:\Program Files\Java\jdk-19\bin\server;C:\Program Files\JetBrains\IntelliJ IDEA 2022.1.2\bin;C:\Users\99293\AppData\Local\Temp

VM Arguments:
jvm_args: -Dmaven.multiModuleProjectDirectory=D:\website.citu-web -Dmaven.home=C:\Users\99293\.m2\wrapper\dists\apache-maven-3.9.3-bin\54p6kc7m0ap3os8bc4ge28ia2\apache-maven-3.9.3 -Dclassworlds.conf=C:\Users\99293\.m2\wrapper\dists\apache-maven-3.9.3-bin\54p6kc7m0ap3os8bc4ge28ia2\apache-maven-3.9.3\bin\m2.conf -Dmaven.ext.class.path=C:\Program Files\JetBrains\IntelliJ IDEA 2022.1.2\plugins\maven\lib\maven-event-listener.jar -javaagent:C:\Program Files\JetBrains\IntelliJ IDEA 2022.1.2\lib\idea_rt.jar=57833:C:\Program Files\JetBrains\IntelliJ IDEA 2022.1.2\bin -Dfile.encoding=UTF-8 
java_command: org.codehaus.classworlds.Launcher -Didea.version=2022.1.2 clean
java_class_path (initial): C:\Users\99293\.m2\wrapper\dists\apache-maven-3.9.3-bin\54p6kc7m0ap3os8bc4ge28ia2\apache-maven-3.9.3\boot\plexus-classworlds-2.7.0.jar;C:\Users\99293\.m2\wrapper\dists\apache-maven-3.9.3-bin\54p6kc7m0ap3os8bc4ge28ia2\apache-maven-3.9.3\boot\plexus-classworlds.license
Launcher Type: SUN_STANDARD

[Global flags]
     intx CICompilerCount                          = 12                                        {product} {ergonomic}
     uint ConcGCThreads                            = 3                                         {product} {ergonomic}
     uint G1ConcRefinementThreads                  = 13                                        {product} {ergonomic}
   size_t G1HeapRegionSize                         = 2097152                                   {product} {ergonomic}
    uintx GCDrainStackTargetSize                   = 64                                        {product} {ergonomic}
   size_t InitialHeapSize                          = 264241152                                 {product} {ergonomic}
   size_t MarkStackSize                            = 4194304                                   {product} {ergonomic}
   size_t MaxHeapSize                              = 4196401152                                {product} {ergonomic}
   size_t MaxNewSize                               = 2516582400                                {product} {ergonomic}
   size_t MinHeapDeltaBytes                        = 2097152                                   {product} {ergonomic}
   size_t MinHeapSize                              = 8388608                                   {product} {ergonomic}
    uintx NonNMethodCodeHeapSize                   = 7602480                                {pd product} {ergonomic}
    uintx NonProfiledCodeHeapSize                  = 122027880                              {pd product} {ergonomic}
    uintx ProfiledCodeHeapSize                     = 122027880                              {pd product} {ergonomic}
    uintx ReservedCodeCacheSize                    = 251658240                              {pd product} {ergonomic}
     bool SegmentedCodeCache                       = true                                      {product} {ergonomic}
   size_t SoftMaxHeapSize                          = 4196401152                             {manageable} {ergonomic}
     bool UseCompressedClassPointers               = true                           {product lp64_product} {ergonomic}
     bool UseCompressedOops                        = true                           {product lp64_product} {ergonomic}
     bool UseG1GC                                  = true                                      {product} {ergonomic}
     bool UseLargePagesIndividualAllocation        = false                                  {pd product} {ergonomic}

Logging:
Log output configuration:
 #0: stdout all=warning uptime,level,tags foldmultilines=false
 #1: stderr all=off uptime,level,tags foldmultilines=false

Environment Variables:
JAVA_HOME=C:\Program Files\Java\jdk-19
PATH=C:\Program Files\Common Files\Oracle\Java\javapath;C:\Windows\system32;C:\Windows;C:\Windows\System32\Wbem;C:\Windows\System32\WindowsPowerShell\v1.0\;C:\Windows\System32\OpenSSH\;C:\Program Files (x86)\NVIDIA Corporation\PhysX\Common;C:\Program Files\NVIDIA Corporation\NVIDIA NvDLISR;C:\Program Files\Git\cmd;C:\Program Files (x86)\dotnet\;C:\WINDOWS\system32;C:\WINDOWS;C:\WINDOWS\System32\Wbem;C:\WINDOWS\System32\WindowsPowerShell\v1.0\;C:\WINDOWS\System32\OpenSSH\;C:\Program Files\Java\jdk-19\bin;C:\Users\99293\AppData\Local\Programs\Python\Python311\Scripts\;C:\Users\99293\AppData\Local\Programs\Python\Python311\;C:\Users\99293\AppData\Local\Microsoft\WindowsApps;;C:\Program Files\JetBrains\IntelliJ IDEA 2022.1.2\bin;;C:\Program Files\heroku\bin
USERNAME=ASUS
OS=Windows_NT
PROCESSOR_IDENTIFIER=Intel64 Family 6 Model 154 Stepping 3, GenuineIntel
TMP=C:\Users\99293\AppData\Local\Temp
TEMP=C:\Users\99293\AppData\Local\Temp



---------------  S Y S T E M  ---------------

OS:
 Windows 11 , 64 bit Build 22621 (10.0.22621.3672)
OS uptime: 0 days 19:14 hours
Hyper-V role detected

CPU: total 16 (initial active 16) (8 cores per cpu, 2 threads per core) family 6 model 154 stepping 3 microcode 0x41c, cx8, cmov, fxsr, ht, mmx, 3dnowpref, sse, sse2, sse3, ssse3, sse4.1, sse4.2, popcnt, lzcnt, tsc, tscinvbit, avx, avx2, aes, erms, clmul, bmi1, bmi2, adx, sha, fma, vzeroupper, clflush, clflushopt, clwb, hv, serialize, rdtscp, rdpid, fsrm

Memory: 4k page, system-wide physical 16005M (1951M free)
TotalPageFile size 18053M (AvailPageFile size 2M)
current process WorkingSet (physical memory assigned to process): 50M, peak: 50M
current process commit charge ("private bytes"): 357M, peak: 357M

vm_info: Java HotSpot(TM) 64-Bit Server VM (19.0.2+7-44) for windows-amd64 JRE (19.0.2+7-44), built on 2022-11-30T18:02:09Z by "mach5one" with MS VC++ 17.1 (VS2022)

END.
