#
# There is insufficient memory for the Java Runtime Environment to continue.
# Native memory allocation (malloc) failed to allocate 32744 bytes for Chunk::new
# Possible reasons:
#   The system is out of physical RAM or swap space
#   The process is running with CompressedOops enabled, and the Java Heap may be blocking the growth of the native heap
# Possible solutions:
#   Reduce memory load on the system
#   Increase physical memory or swap space
#   Check if swap backing store is full
#   Decrease Java heap size (-Xmx/-Xms)
#   Decrease number of Java threads
#   Decrease Java thread stack sizes (-Xss)
#   Set larger code cache with -XX:ReservedCodeCacheSize=
#   JVM is running with Zero Based Compressed Oops mode in which the Java heap is
#     placed in the first 32GB address space. The Java Heap base address is the
#     maximum limit for the native heap growth. Please use -XX:HeapBaseMinAddress
#     to set the Java Heap base and to place the Java Heap above 32GB virtual address.
# This output file may be truncated or incomplete.
#
#  Out of Memory Error (arena.cpp:184), pid=15400, tid=20084
#
# JRE version: Java(TM) SE Runtime Environment (19.0.2+7) (build 19.0.2+7-44)
# Java VM: Java HotSpot(TM) 64-Bit Server VM (19.0.2+7-44, mixed mode, sharing, tiered, compressed oops, compressed class ptrs, g1 gc, windows-amd64)
# No core dump will be written. Minidumps are not enabled by default on client versions of Windows
#

---------------  S U M M A R Y ------------

Command Line: -Dmaven.multiModuleProjectDirectory=D:\website.citu-web -Dmaven.home=C:\Users\99293\.m2\wrapper\dists\apache-maven-3.9.3-bin\54p6kc7m0ap3os8bc4ge28ia2\apache-maven-3.9.3 -Dclassworlds.conf=C:\Users\99293\.m2\wrapper\dists\apache-maven-3.9.3-bin\54p6kc7m0ap3os8bc4ge28ia2\apache-maven-3.9.3\bin\m2.conf -Dmaven.ext.class.path=C:\Program Files\JetBrains\IntelliJ IDEA 2022.1.2\plugins\maven\lib\maven-event-listener.jar -javaagent:C:\Program Files\JetBrains\IntelliJ IDEA 2022.1.2\lib\idea_rt.jar=55819:C:\Program Files\JetBrains\IntelliJ IDEA 2022.1.2\bin -Dfile.encoding=UTF-8 org.codehaus.classworlds.Launcher -Didea.version=2022.1.2 package

Host: 12th Gen Intel(R) Core(TM) i7-12650H, 16 cores, 15G,  Windows 11 , 64 bit Build 22621 (10.0.22621.3527)
Time: Tue Jun 11 17:23:00 2024  Windows 11 , 64 bit Build 22621 (10.0.22621.3527) elapsed time: 5.757442 seconds (0d 0h 0m 5s)

---------------  T H R E A D  ---------------

Current thread (0x000001935859c1e0):  JavaThread "C2 CompilerThread4" daemon [_thread_in_native, id=20084, stack(0x0000000c80300000,0x0000000c80400000)]


Current CompileTask:
C2:   5757 9863   !   4       org.codehaus.plexus.classworlds.realm.ClassRealm::loadClass (33 bytes)

Stack: [0x0000000c80300000,0x0000000c80400000]
Native frames: (J=compiled Java code, j=interpreted, Vv=VM code, C=native code)
V  [jvm.dll+0x6ee21a]
V  [jvm.dll+0x85765e]
V  [jvm.dll+0x85904e]
V  [jvm.dll+0x859703]
V  [jvm.dll+0x28298f]
V  [jvm.dll+0xc9adf]
V  [jvm.dll+0xc9e65]
V  [jvm.dll+0x739d5e]
V  [jvm.dll+0x1ee1a1]
V  [jvm.dll+0x24c52b]
V  [jvm.dll+0x24b781]
V  [jvm.dll+0x1d6ce1]
V  [jvm.dll+0x25b25a]
V  [jvm.dll+0x2596e8]
V  [jvm.dll+0x807588]
V  [jvm.dll+0x80125a]
V  [jvm.dll+0x6ecf0b]
C  [ucrtbase.dll+0x29333]
C  [KERNEL32.DLL+0x1257d]
C  [ntdll.dll+0x5aa48]


---------------  P R O C E S S  ---------------

Threads class SMR info:
_java_thread_list=0x000001935ccf54d0, length=26, elements={
0x000001932dfff660, 0x0000019353092a60, 0x0000019353093850, 0x0000019353096650,
0x00000193530989a0, 0x000001935309b2e0, 0x000001935309bc10, 0x000001935309e880,
0x000001935309f1f0, 0x000001935309fec0, 0x00000193580a8a60, 0x00000193580a8fe0,
0x00000193581b3730, 0x0000019358221e60, 0x00000193582223a0, 0x0000019358573a30,
0x0000019358219d40, 0x000001935821a2c0, 0x000001935859c1e0, 0x000001935859cb70,
0x000001935baedbb0, 0x000001935baee650, 0x000001935baee100, 0x000001935baec120,
0x000001935baef640, 0x000001935baeeba0
}

Java Threads: ( => current thread )
  0x000001932dfff660 JavaThread "main" [_thread_in_native, id=21644, stack(0x0000000cfe100000,0x0000000cfe200000)]
  0x0000019353092a60 JavaThread "Reference Handler" daemon [_thread_blocked, id=4384, stack(0x0000000cfe800000,0x0000000cfe900000)]
  0x0000019353093850 JavaThread "Finalizer" daemon [_thread_blocked, id=22044, stack(0x0000000cfe900000,0x0000000cfea00000)]
  0x0000019353096650 JavaThread "Signal Dispatcher" daemon [_thread_blocked, id=1752, stack(0x0000000cfea00000,0x0000000cfeb00000)]
  0x00000193530989a0 JavaThread "Attach Listener" daemon [_thread_blocked, id=15756, stack(0x0000000cfeb00000,0x0000000cfec00000)]
  0x000001935309b2e0 JavaThread "Service Thread" daemon [_thread_blocked, id=16396, stack(0x0000000cfec00000,0x0000000cfed00000)]
  0x000001935309bc10 JavaThread "Monitor Deflation Thread" daemon [_thread_blocked, id=15032, stack(0x0000000cfed00000,0x0000000cfee00000)]
  0x000001935309e880 JavaThread "C2 CompilerThread0" daemon [_thread_blocked, id=5304, stack(0x0000000cfee00000,0x0000000cfef00000)]
  0x000001935309f1f0 JavaThread "C1 CompilerThread0" daemon [_thread_blocked, id=20336, stack(0x0000000cfef00000,0x0000000cff000000)]
  0x000001935309fec0 JavaThread "Sweeper thread" daemon [_thread_blocked, id=16940, stack(0x0000000cff000000,0x0000000cff100000)]
  0x00000193580a8a60 JavaThread "C1 CompilerThread1" daemon [_thread_blocked, id=7764, stack(0x0000000cff100000,0x0000000cff200000)]
  0x00000193580a8fe0 JavaThread "C1 CompilerThread2" daemon [_thread_in_native, id=8056, stack(0x0000000cff200000,0x0000000cff300000)]
  0x00000193581b3730 JavaThread "Common-Cleaner" daemon [_thread_blocked, id=18668, stack(0x0000000cff300000,0x0000000cff400000)]
  0x0000019358221e60 JavaThread "Monitor Ctrl-Break" daemon [_thread_in_native, id=12460, stack(0x0000000cff400000,0x0000000cff500000)]
  0x00000193582223a0 JavaThread "Notification Thread" daemon [_thread_blocked, id=380, stack(0x0000000cff500000,0x0000000cff600000)]
  0x0000019358573a30 JavaThread "C2 CompilerThread1" daemon [_thread_in_native, id=4468, stack(0x0000000cff700000,0x0000000cff800000)]
  0x0000019358219d40 JavaThread "C2 CompilerThread2" daemon [_thread_blocked, id=14260, stack(0x0000000c80100000,0x0000000c80200000)]
  0x000001935821a2c0 JavaThread "C2 CompilerThread3" daemon [_thread_blocked, id=15696, stack(0x0000000c80200000,0x0000000c80300000)]
=>0x000001935859c1e0 JavaThread "C2 CompilerThread4" daemon [_thread_in_native, id=20084, stack(0x0000000c80300000,0x0000000c80400000)]
  0x000001935859cb70 JavaThread "C2 CompilerThread5" daemon [_thread_blocked, id=18916, stack(0x0000000c80400000,0x0000000c80500000)]
  0x000001935baedbb0 JavaThread "timeout-check-timer" daemon [_thread_blocked, id=22428, stack(0x0000000c80d00000,0x0000000c80e00000)]
  0x000001935baee650 JavaThread "ping-timer-10s" daemon [_thread_blocked, id=9776, stack(0x0000000c80e00000,0x0000000c80f00000)]
  0x000001935baee100 JavaThread "ThreadedStreamConsumer" daemon [_thread_blocked, id=5656, stack(0x0000000c80c00000,0x0000000c80d00000)]
  0x000001935baec120 JavaThread "fork-1-err-thread" daemon [_thread_in_native, id=18456, stack(0x0000000c80f00000,0x0000000c81000000)]
  0x000001935baef640 JavaThread "commands-fork-1" daemon [_thread_blocked, id=19636, stack(0x0000000c81000000,0x0000000c81100000)]
  0x000001935baeeba0 JavaThread "fork-1-event-thread" daemon [_thread_in_native, id=12176, stack(0x0000000c81100000,0x0000000c81200000)]

Other Threads:
  0x00000193530785a0 VMThread "VM Thread" [stack: 0x0000000cfe700000,0x0000000cfe800000] [id=21512]
  0x0000019358225980 WatcherThread "VM Periodic Task Thread" [stack: 0x0000000cff600000,0x0000000cff700000] [id=10096]
  0x000001932e070f10 WorkerThread "GC Thread#0" [stack: 0x0000000cfe200000,0x0000000cfe300000] [id=19104]
  0x00000193585b1000 WorkerThread "GC Thread#1" [stack: 0x0000000cff900000,0x0000000cffa00000] [id=19836]
  0x00000193585aff20 WorkerThread "GC Thread#2" [stack: 0x0000000cffa00000,0x0000000cffb00000] [id=2764]
  0x00000193585b12d0 WorkerThread "GC Thread#3" [stack: 0x0000000cffb00000,0x0000000cffc00000] [id=15936]
  0x00000193585b1870 WorkerThread "GC Thread#4" [stack: 0x0000000cffc00000,0x0000000cffd00000] [id=22384]
  0x00000193585b01f0 WorkerThread "GC Thread#5" [stack: 0x0000000cffd00000,0x0000000cffe00000] [id=17208]
  0x00000193585b04c0 WorkerThread "GC Thread#6" [stack: 0x0000000cffe00000,0x0000000cfff00000] [id=10548]
  0x00000193585b0790 WorkerThread "GC Thread#7" [stack: 0x0000000cfff00000,0x0000000d00000000] [id=20588]
  0x00000193585b0a60 WorkerThread "GC Thread#8" [stack: 0x0000000c80000000,0x0000000c80100000] [id=5860]
  0x000001935970db10 WorkerThread "GC Thread#9" [stack: 0x0000000c80600000,0x0000000c80700000] [id=17960]
  0x000001935970eec0 WorkerThread "GC Thread#10" [stack: 0x0000000c80700000,0x0000000c80800000] [id=17900]
  0x000001935970e380 WorkerThread "GC Thread#11" [stack: 0x0000000c80800000,0x0000000c80900000] [id=13904]
  0x000001935970ca30 WorkerThread "GC Thread#12" [stack: 0x0000000c80900000,0x0000000c80a00000] [id=15404]
  0x000001932e081930 ConcurrentGCThread "G1 Main Marker" [stack: 0x0000000cfe300000,0x0000000cfe400000] [id=21760]
  0x000001932e083280 WorkerThread "G1 Conc#0" [stack: 0x0000000cfe400000,0x0000000cfe500000] [id=21956]
  0x000001935970ffa0 WorkerThread "G1 Conc#1" [stack: 0x0000000c80a00000,0x0000000c80b00000] [id=3900]
  0x0000019359710270 WorkerThread "G1 Conc#2" [stack: 0x0000000c80b00000,0x0000000c80c00000] [id=14360]
  0x000001932e0be0e0 ConcurrentGCThread "G1 Refine#0" [stack: 0x0000000cfe500000,0x0000000cfe600000] [id=21184]
  0x000001932e0beb30 ConcurrentGCThread "G1 Service" [stack: 0x0000000cfe600000,0x0000000cfe700000] [id=18544]

Threads with active compile tasks:
C1 CompilerThread2     5767 9884   !   3       org.apache.maven.surefire.stream.EventDecoder::decode (399 bytes)
C2 CompilerThread1     5767 9862       4       org.codehaus.plexus.classworlds.realm.ClassRealm::loadClass (7 bytes)
C2 CompilerThread4     5767 9863   !   4       org.codehaus.plexus.classworlds.realm.ClassRealm::loadClass (33 bytes)

VM state: not at safepoint (normal execution)

VM Mutex/Monitor currently owned by a thread: None

Heap address: 0x0000000705e00000, size: 4002 MB, Compressed Oops mode: Zero based, Oop shift amount: 3

CDS archive(s) mapped at: [0x0000000800000000-0x0000000800c40000-0x0000000800c40000), size 12845056, SharedBaseAddress: 0x0000000800000000, ArchiveRelocationMode: 0.
Compressed class space mapped at: 0x0000000801000000-0x0000000841000000, reserved size: 1073741824
Narrow klass base: 0x0000000800000000, Narrow klass shift: 0, Narrow klass range: 0x100000000

GC Precious Log:
 CardTable entry size: 512
 Card Set container configuration: InlinePtr #cards 4 size 8 Array Of Cards #cards 16 size 48 Howl #buckets 8 coarsen threshold 3686 Howl Bitmap #cards 512 size 80 coarsen threshold 460 Card regions per heap region 1 cards per card region 4096
 CPUs: 16 total, 16 available
 Memory: 16005M
 Large Page Support: Disabled
 NUMA Support: Disabled
 Compressed Oops: Enabled (Zero based)
 Heap Region Size: 2M
 Heap Min Capacity: 8M
 Heap Initial Capacity: 252M
 Heap Max Capacity: 4002M
 Pre-touch: Disabled
 Parallel Workers: 13
 Concurrent Workers: 3
 Concurrent Refinement Workers: 13
 Periodic GC: Disabled

Heap:
 garbage-first heap   total 137216K, used 69967K [0x0000000705e00000, 0x0000000800000000)
  region size 2048K, 5 young (10240K), 1 survivors (2048K)
 Metaspace       used 36945K, committed 37504K, reserved 1114112K
  class space    used 3959K, committed 4224K, reserved 1048576K

Heap Regions: E=young(eden), S=young(survivor), O=old, HS=humongous(starts), HC=humongous(continues), CS=collection set, F=free, OA=open archive, CA=closed archive, TAMS=top-at-mark-start (previous, next)
|   0|0x0000000705e00000, 0x0000000706000000, 0x0000000706000000|100%| O|  |TAMS 0x0000000706000000, 0x0000000705e00000| Untracked 
|   1|0x0000000706000000, 0x0000000706200000, 0x0000000706200000|100%|HS|  |TAMS 0x0000000706000000, 0x0000000706000000| Complete 
|   2|0x0000000706200000, 0x0000000706400000, 0x0000000706400000|100%| O|  |TAMS 0x0000000706400000, 0x0000000706200000| Untracked 
|   3|0x0000000706400000, 0x0000000706600000, 0x0000000706600000|100%| O|  |TAMS 0x0000000706600000, 0x0000000706400000| Untracked 
|   4|0x0000000706600000, 0x0000000706800000, 0x0000000706800000|100%| O|  |TAMS 0x0000000706800000, 0x0000000706600000| Untracked 
|   5|0x0000000706800000, 0x0000000706a00000, 0x0000000706a00000|100%| O|  |TAMS 0x0000000706a00000, 0x0000000706800000| Untracked 
|   6|0x0000000706a00000, 0x0000000706c00000, 0x0000000706c00000|100%| O|  |TAMS 0x0000000706c00000, 0x0000000706a00000| Untracked 
|   7|0x0000000706c00000, 0x0000000706e00000, 0x0000000706e00000|100%| O|  |TAMS 0x0000000706e00000, 0x0000000706c00000| Untracked 
|   8|0x0000000706e00000, 0x0000000707000000, 0x0000000707000000|100%| O|  |TAMS 0x0000000707000000, 0x0000000706e00000| Untracked 
|   9|0x0000000707000000, 0x0000000707200000, 0x0000000707200000|100%| O|  |TAMS 0x0000000707200000, 0x0000000707000000| Untracked 
|  10|0x0000000707200000, 0x0000000707400000, 0x0000000707400000|100%| O|  |TAMS 0x0000000707400000, 0x0000000707200000| Untracked 
|  11|0x0000000707400000, 0x0000000707600000, 0x0000000707600000|100%| O|  |TAMS 0x0000000707600000, 0x0000000707400000| Untracked 
|  12|0x0000000707600000, 0x0000000707800000, 0x0000000707800000|100%| O|  |TAMS 0x0000000707800000, 0x0000000707600000| Untracked 
|  13|0x0000000707800000, 0x0000000707a00000, 0x0000000707a00000|100%| O|  |TAMS 0x0000000707a00000, 0x0000000707800000| Untracked 
|  14|0x0000000707a00000, 0x0000000707c00000, 0x0000000707c00000|100%| O|  |TAMS 0x0000000707a37e00, 0x0000000707a00000| Untracked 
|  15|0x0000000707c00000, 0x0000000707e00000, 0x0000000707e00000|100%| O|  |TAMS 0x0000000707c00000, 0x0000000707c00000| Untracked 
|  16|0x0000000707e00000, 0x0000000708000000, 0x0000000708000000|100%| O|  |TAMS 0x0000000708000000, 0x0000000707e00000| Untracked 
|  17|0x0000000708000000, 0x0000000708200000, 0x0000000708200000|100%| O|  |TAMS 0x0000000708200000, 0x0000000708000000| Untracked 
|  18|0x0000000708200000, 0x0000000708400000, 0x0000000708400000|100%| O|  |TAMS 0x0000000708400000, 0x0000000708200000| Untracked 
|  19|0x0000000708400000, 0x0000000708600000, 0x0000000708600000|100%|HS|  |TAMS 0x0000000708600000, 0x0000000708400000| Complete 
|  20|0x0000000708600000, 0x0000000708800000, 0x0000000708800000|100%| O|  |TAMS 0x0000000708800000, 0x0000000708600000| Untracked 
|  21|0x0000000708800000, 0x0000000708a00000, 0x0000000708a00000|100%|HS|  |TAMS 0x0000000708800000, 0x0000000708800000| Complete 
|  22|0x0000000708a00000, 0x0000000708c00000, 0x0000000708c00000|100%| O|  |TAMS 0x0000000708a00000, 0x0000000708a00000| Untracked 
|  23|0x0000000708c00000, 0x0000000708e00000, 0x0000000708e00000|100%| O|  |TAMS 0x0000000708c00000, 0x0000000708c00000| Untracked 
|  24|0x0000000708e00000, 0x0000000709000000, 0x0000000709000000|100%| O|  |TAMS 0x0000000708e00000, 0x0000000708e00000| Untracked 
|  25|0x0000000709000000, 0x0000000709200000, 0x0000000709200000|100%| O|  |TAMS 0x0000000709000000, 0x0000000709000000| Untracked 
|  26|0x0000000709200000, 0x0000000709400000, 0x0000000709400000|100%| O|  |TAMS 0x0000000709200000, 0x0000000709200000| Untracked 
|  27|0x0000000709400000, 0x0000000709600000, 0x0000000709600000|100%| O|  |TAMS 0x0000000709400000, 0x0000000709400000| Untracked 
|  28|0x0000000709600000, 0x0000000709800000, 0x0000000709800000|100%| O|  |TAMS 0x0000000709600000, 0x0000000709600000| Untracked 
|  29|0x0000000709800000, 0x0000000709a00000, 0x0000000709a00000|100%| O|  |TAMS 0x0000000709800000, 0x0000000709800000| Untracked 
|  30|0x0000000709a00000, 0x0000000709a53e00, 0x0000000709c00000| 16%| O|  |TAMS 0x0000000709a00000, 0x0000000709a00000| Untracked 
|  31|0x0000000709c00000, 0x0000000709c00000, 0x0000000709e00000|  0%| F|  |TAMS 0x0000000709c00000, 0x0000000709c00000| Untracked 
|  32|0x0000000709e00000, 0x0000000709e00000, 0x000000070a000000|  0%| F|  |TAMS 0x0000000709e00000, 0x0000000709e00000| Untracked 
|  33|0x000000070a000000, 0x000000070a000000, 0x000000070a200000|  0%| F|  |TAMS 0x000000070a000000, 0x000000070a000000| Untracked 
|  34|0x000000070a200000, 0x000000070a200000, 0x000000070a400000|  0%| F|  |TAMS 0x000000070a200000, 0x000000070a200000| Untracked 
|  35|0x000000070a400000, 0x000000070a400000, 0x000000070a600000|  0%| F|  |TAMS 0x000000070a400000, 0x000000070a400000| Untracked 
|  36|0x000000070a600000, 0x000000070a600000, 0x000000070a800000|  0%| F|  |TAMS 0x000000070a600000, 0x000000070a600000| Untracked 
|  37|0x000000070a800000, 0x000000070a800000, 0x000000070aa00000|  0%| F|  |TAMS 0x000000070a800000, 0x000000070a800000| Untracked 
|  38|0x000000070aa00000, 0x000000070aa00000, 0x000000070ac00000|  0%| F|  |TAMS 0x000000070aa00000, 0x000000070aa00000| Untracked 
|  39|0x000000070ac00000, 0x000000070ac00000, 0x000000070ae00000|  0%| F|  |TAMS 0x000000070ac00000, 0x000000070ac00000| Untracked 
|  40|0x000000070ae00000, 0x000000070ae00000, 0x000000070b000000|  0%| F|  |TAMS 0x000000070ae00000, 0x000000070ae00000| Untracked 
|  41|0x000000070b000000, 0x000000070b000000, 0x000000070b200000|  0%| F|  |TAMS 0x000000070b000000, 0x000000070b000000| Untracked 
|  42|0x000000070b200000, 0x000000070b200000, 0x000000070b400000|  0%| F|  |TAMS 0x000000070b200000, 0x000000070b200000| Untracked 
|  43|0x000000070b400000, 0x000000070b400000, 0x000000070b600000|  0%| F|  |TAMS 0x000000070b400000, 0x000000070b400000| Untracked 
|  44|0x000000070b600000, 0x000000070b600000, 0x000000070b800000|  0%| F|  |TAMS 0x000000070b600000, 0x000000070b600000| Untracked 
|  45|0x000000070b800000, 0x000000070b800000, 0x000000070ba00000|  0%| F|  |TAMS 0x000000070b800000, 0x000000070b800000| Untracked 
|  46|0x000000070ba00000, 0x000000070ba00000, 0x000000070bc00000|  0%| F|  |TAMS 0x000000070ba00000, 0x000000070ba00000| Untracked 
|  47|0x000000070bc00000, 0x000000070be00000, 0x000000070be00000|100%| S|CS|TAMS 0x000000070bc00000, 0x000000070bc00000| Complete 
|  48|0x000000070be00000, 0x000000070be00000, 0x000000070c000000|  0%| F|  |TAMS 0x000000070be00000, 0x000000070be00000| Untracked 
|  49|0x000000070c000000, 0x000000070c000000, 0x000000070c200000|  0%| F|  |TAMS 0x000000070c000000, 0x000000070c000000| Untracked 
|  50|0x000000070c200000, 0x000000070c200000, 0x000000070c400000|  0%| F|  |TAMS 0x000000070c200000, 0x000000070c200000| Untracked 
|  51|0x000000070c400000, 0x000000070c400000, 0x000000070c600000|  0%| F|  |TAMS 0x000000070c400000, 0x000000070c400000| Untracked 
|  52|0x000000070c600000, 0x000000070c600000, 0x000000070c800000|  0%| F|  |TAMS 0x000000070c600000, 0x000000070c600000| Untracked 
|  53|0x000000070c800000, 0x000000070c800000, 0x000000070ca00000|  0%| F|  |TAMS 0x000000070c800000, 0x000000070c800000| Untracked 
|  54|0x000000070ca00000, 0x000000070ca00000, 0x000000070cc00000|  0%| F|  |TAMS 0x000000070ca00000, 0x000000070ca00000| Untracked 
|  55|0x000000070cc00000, 0x000000070cc00000, 0x000000070ce00000|  0%| F|  |TAMS 0x000000070cc00000, 0x000000070cc00000| Untracked 
|  56|0x000000070ce00000, 0x000000070ce00000, 0x000000070d000000|  0%| F|  |TAMS 0x000000070ce00000, 0x000000070ce00000| Untracked 
|  57|0x000000070d000000, 0x000000070d000000, 0x000000070d200000|  0%| F|  |TAMS 0x000000070d000000, 0x000000070d000000| Untracked 
|  58|0x000000070d200000, 0x000000070d200000, 0x000000070d400000|  0%| F|  |TAMS 0x000000070d200000, 0x000000070d200000| Untracked 
|  59|0x000000070d400000, 0x000000070d400000, 0x000000070d600000|  0%| F|  |TAMS 0x000000070d400000, 0x000000070d400000| Untracked 
|  60|0x000000070d600000, 0x000000070d600000, 0x000000070d800000|  0%| F|  |TAMS 0x000000070d600000, 0x000000070d600000| Untracked 
|  61|0x000000070d800000, 0x000000070d800000, 0x000000070da00000|  0%| F|  |TAMS 0x000000070d800000, 0x000000070d800000| Untracked 
|  62|0x000000070da00000, 0x000000070da00000, 0x000000070dc00000|  0%| F|  |TAMS 0x000000070da00000, 0x000000070da00000| Untracked 
|  63|0x000000070dc00000, 0x000000070dd76fd8, 0x000000070de00000| 73%| E|  |TAMS 0x000000070dc00000, 0x000000070dc00000| Complete 
|  64|0x000000070de00000, 0x000000070e000000, 0x000000070e000000|100%| E|CS|TAMS 0x000000070de00000, 0x000000070de00000| Complete 
|  65|0x000000070e000000, 0x000000070e200000, 0x000000070e200000|100%| E|CS|TAMS 0x000000070e000000, 0x000000070e000000| Complete 
| 125|0x0000000715800000, 0x0000000715a00000, 0x0000000715a00000|100%| E|CS|TAMS 0x0000000715800000, 0x0000000715800000| Complete 

Card table byte_map: [0x0000019347ef0000,0x00000193486d0000] _byte_map_base: 0x00000193446c1000

Marking Bits (Prev, Next): (CMBitMap*) 0x000001932e071450, (CMBitMap*) 0x000001932e071490
 Prev Bits: [0x0000019348eb0000, 0x000001934cd38000)
 Next Bits: [0x000001934cd40000, 0x0000019350bc8000)

Polling page: 0x000001932de40000

Metaspace:

Usage:
  Non-class:     32.21 MB used.
      Class:      3.87 MB used.
       Both:     36.08 MB used.

Virtual space:
  Non-class space:       64.00 MB reserved,      32.50 MB ( 51%) committed,  1 nodes.
      Class space:        1.00 GB reserved,       4.12 MB ( <1%) committed,  1 nodes.
             Both:        1.06 GB reserved,      36.62 MB (  3%) committed. 

Chunk freelists:
   Non-Class:  3.12 MB
       Class:  3.86 MB
        Both:  6.98 MB

MaxMetaspaceSize: unlimited
CompressedClassSpaceSize: 1.00 GB
Initial GC threshold: 21.00 MB
Current GC threshold: 49.06 MB
CDS: on
MetaspaceReclaimPolicy: balanced
 - commit_granule_bytes: 65536.
 - commit_granule_words: 8192.
 - virtual_space_node_default_size: 8388608.
 - enlarge_chunks_in_place: 1.
 - new_chunks_are_fully_committed: 0.
 - uncommit_free_chunks: 1.
 - use_allocation_guard: 0.


Internal statistics:

num_allocs_failed_limit: 3.
num_arena_births: 574.
num_arena_deaths: 0.
num_vsnodes_births: 2.
num_vsnodes_deaths: 0.
num_space_committed: 586.
num_space_uncommitted: 0.
num_chunks_returned_to_freelist: 3.
num_chunks_taken_from_freelist: 1932.
num_chunk_merges: 3.
num_chunk_splits: 1361.
num_chunks_enlarged: 1038.
num_inconsistent_stats: 0.

CodeHeap 'non-profiled nmethods': size=119168Kb used=5327Kb max_used=5327Kb free=113840Kb
 bounds [0x000001933f2f0000, 0x000001933f830000, 0x0000019346750000]
CodeHeap 'profiled nmethods': size=119104Kb used=18740Kb max_used=19375Kb free=100363Kb
 bounds [0x0000019337750000, 0x0000019338a40000, 0x000001933eba0000]
CodeHeap 'non-nmethods': size=7488Kb used=2477Kb max_used=3176Kb free=5010Kb
 bounds [0x000001933eba0000, 0x000001933eec0000, 0x000001933f2f0000]
 total_blobs=8845 nmethods=8260 adapters=490
 compilation: enabled
              stopped_count=0, restarted_count=0
 full_count=0

Compilation events (20 events):
Event: 4.940 Thread 0x0000019358573a30 9861       4       java.security.AccessController::checkContext (49 bytes)
Event: 4.940 Thread 0x0000019358573a30 nmethod 9861 0x000001933f7e9f10 code [0x000001933f7ea080, 0x000001933f7ea0d8]
Event: 4.946 Thread 0x0000019358573a30 9862       4       org.codehaus.plexus.classworlds.realm.ClassRealm::loadClass (7 bytes)
Event: 4.946 Thread 0x000001935859c1e0 9863   !   4       org.codehaus.plexus.classworlds.realm.ClassRealm::loadClass (33 bytes)
Event: 5.015 Thread 0x0000019358219d40 nmethod 9755 0x000001933f7ea210 code [0x000001933f7ea840, 0x000001933f7f2308]
Event: 5.202 Thread 0x000001935309f1f0 9864       1       java.util.concurrent.atomic.AtomicInteger::get (5 bytes)
Event: 5.202 Thread 0x000001935309f1f0 nmethod 9864 0x000001933f7f6f90 code [0x000001933f7f7120, 0x000001933f7f71d8]
Event: 5.379 Thread 0x000001935859cb70 nmethod 9580 0x000001933f7f7290 code [0x000001933f7f7fc0, 0x000001933f810168]
Event: 5.396 Thread 0x000001935309f1f0 9865       3       java.nio.Buffer::clear (20 bytes)
Event: 5.396 Thread 0x000001935309f1f0 nmethod 9865 0x000001933828b590 code [0x000001933828b720, 0x000001933828b838]
Event: 5.398 Thread 0x00000193580a8a60 9866       1       org.fusesource.jansi.Ansi$Attribute::value (5 bytes)
Event: 5.398 Thread 0x00000193580a8a60 nmethod 9866 0x000001933f81ff90 code [0x000001933f820120, 0x000001933f8201d8]
Event: 5.531 Thread 0x000001935859cb70 9867       4       java.util.concurrent.locks.AbstractQueuedSynchronizer::release (19 bytes)
Event: 5.533 Thread 0x000001935859cb70 nmethod 9867 0x000001933f820290 code [0x000001933f820440, 0x000001933f820638]
Event: 5.548 Thread 0x000001935309f1f0 9868       3       java.lang.invoke.MethodHandleImpl::makeIntrinsic (14 bytes)
Event: 5.549 Thread 0x00000193580a8fe0 9869       3       java.lang.invoke.MethodHandleImpl$IntrinsicMethodHandle::<init> (8 bytes)
Event: 5.549 Thread 0x000001935309f1f0 nmethod 9868 0x00000193379ad810 code [0x00000193379ada00, 0x00000193379ae118]
Event: 5.549 Thread 0x00000193580a8fe0 nmethod 9869 0x00000193383b2d10 code [0x00000193383b2f00, 0x00000193383b3598]
Event: 5.657 Thread 0x000001935859cb70 9870       4       sun.nio.cs.UTF_8$Decoder::decodeArrayLoop (688 bytes)
Event: 5.668 Thread 0x000001935859cb70 nmethod 9870 0x000001933f820790 code [0x000001933f8209a0, 0x000001933f821c30]

GC Heap History (20 events):
Event: 2.623 GC heap before
{Heap before GC invocations=4 (full 0):
 garbage-first heap   total 90112K, used 57592K [0x0000000705e00000, 0x0000000800000000)
  region size 2048K, 26 young (53248K), 8 survivors (16384K)
 Metaspace       used 26637K, committed 27008K, reserved 1114112K
  class space    used 2915K, committed 3072K, reserved 1048576K
}
Event: 2.630 GC heap after
{Heap after GC invocations=5 (full 0):
 garbage-first heap   total 90112K, used 32768K [0x0000000705e00000, 0x0000000800000000)
  region size 2048K, 4 young (8192K), 4 survivors (8192K)
 Metaspace       used 26637K, committed 27008K, reserved 1114112K
  class space    used 2915K, committed 3072K, reserved 1048576K
}
Event: 2.656 GC heap before
{Heap before GC invocations=5 (full 0):
 garbage-first heap   total 90112K, used 34816K [0x0000000705e00000, 0x0000000800000000)
  region size 2048K, 5 young (10240K), 4 survivors (8192K)
 Metaspace       used 26801K, committed 27136K, reserved 1114112K
  class space    used 2935K, committed 3072K, reserved 1048576K
}
Event: 2.660 GC heap after
{Heap after GC invocations=6 (full 0):
 garbage-first heap   total 90112K, used 34195K [0x0000000705e00000, 0x0000000800000000)
  region size 2048K, 1 young (2048K), 1 survivors (2048K)
 Metaspace       used 26801K, committed 27136K, reserved 1114112K
  class space    used 2935K, committed 3072K, reserved 1048576K
}
Event: 2.757 GC heap before
{Heap before GC invocations=6 (full 0):
 garbage-first heap   total 90112K, used 60819K [0x0000000705e00000, 0x0000000800000000)
  region size 2048K, 14 young (28672K), 1 survivors (2048K)
 Metaspace       used 27170K, committed 27520K, reserved 1114112K
  class space    used 2955K, committed 3072K, reserved 1048576K
}
Event: 2.761 GC heap after
{Heap after GC invocations=7 (full 0):
 garbage-first heap   total 90112K, used 38912K [0x0000000705e00000, 0x0000000800000000)
  region size 2048K, 2 young (4096K), 2 survivors (4096K)
 Metaspace       used 27170K, committed 27520K, reserved 1114112K
  class space    used 2955K, committed 3072K, reserved 1048576K
}
Event: 3.026 GC heap before
{Heap before GC invocations=7 (full 0):
 garbage-first heap   total 90112K, used 61440K [0x0000000705e00000, 0x0000000800000000)
  region size 2048K, 14 young (28672K), 2 survivors (4096K)
 Metaspace       used 28882K, committed 29184K, reserved 1114112K
  class space    used 3143K, committed 3264K, reserved 1048576K
}
Event: 3.030 GC heap after
{Heap after GC invocations=8 (full 0):
 garbage-first heap   total 90112K, used 40189K [0x0000000705e00000, 0x0000000800000000)
  region size 2048K, 1 young (2048K), 1 survivors (2048K)
 Metaspace       used 28882K, committed 29184K, reserved 1114112K
  class space    used 3143K, committed 3264K, reserved 1048576K
}
Event: 3.220 GC heap before
{Heap before GC invocations=8 (full 0):
 garbage-first heap   total 90112K, used 64765K [0x0000000705e00000, 0x0000000800000000)
  region size 2048K, 13 young (26624K), 1 survivors (2048K)
 Metaspace       used 29667K, committed 30080K, reserved 1114112K
  class space    used 3239K, committed 3456K, reserved 1048576K
}
Event: 3.222 GC heap after
{Heap after GC invocations=9 (full 0):
 garbage-first heap   total 137216K, used 40788K [0x0000000705e00000, 0x0000000800000000)
  region size 2048K, 1 young (2048K), 1 survivors (2048K)
 Metaspace       used 29667K, committed 30080K, reserved 1114112K
  class space    used 3239K, committed 3456K, reserved 1048576K
}
Event: 3.816 GC heap before
{Heap before GC invocations=10 (full 0):
 garbage-first heap   total 137216K, used 98132K [0x0000000705e00000, 0x0000000800000000)
  region size 2048K, 29 young (59392K), 1 survivors (2048K)
 Metaspace       used 31998K, committed 32512K, reserved 1114112K
  class space    used 3475K, committed 3712K, reserved 1048576K
}
Event: 3.820 GC heap after
{Heap after GC invocations=11 (full 0):
 garbage-first heap   total 137216K, used 42462K [0x0000000705e00000, 0x0000000800000000)
  region size 2048K, 2 young (4096K), 2 survivors (4096K)
 Metaspace       used 31998K, committed 32512K, reserved 1114112K
  class space    used 3475K, committed 3712K, reserved 1048576K
}
Event: 3.826 GC heap before
{Heap before GC invocations=11 (full 0):
 garbage-first heap   total 137216K, used 44510K [0x0000000705e00000, 0x0000000800000000)
  region size 2048K, 3 young (6144K), 2 survivors (4096K)
 Metaspace       used 32008K, committed 32512K, reserved 1114112K
  class space    used 3475K, committed 3712K, reserved 1048576K
}
Event: 3.829 GC heap after
{Heap after GC invocations=12 (full 0):
 garbage-first heap   total 137216K, used 41490K [0x0000000705e00000, 0x0000000800000000)
  region size 2048K, 1 young (2048K), 1 survivors (2048K)
 Metaspace       used 32008K, committed 32512K, reserved 1114112K
  class space    used 3475K, committed 3712K, reserved 1048576K
}
Event: 4.150 GC heap before
{Heap before GC invocations=12 (full 0):
 garbage-first heap   total 137216K, used 102930K [0x0000000705e00000, 0x0000000800000000)
  region size 2048K, 30 young (61440K), 1 survivors (2048K)
 Metaspace       used 32505K, committed 33024K, reserved 1114112K
  class space    used 3503K, committed 3712K, reserved 1048576K
}
Event: 4.155 GC heap after
{Heap after GC invocations=13 (full 0):
 garbage-first heap   total 137216K, used 57344K [0x0000000705e00000, 0x0000000800000000)
  region size 2048K, 4 young (8192K), 4 survivors (8192K)
 Metaspace       used 32505K, committed 33024K, reserved 1114112K
  class space    used 3503K, committed 3712K, reserved 1048576K
}
Event: 4.485 GC heap before
{Heap before GC invocations=13 (full 0):
 garbage-first heap   total 137216K, used 100352K [0x0000000705e00000, 0x0000000800000000)
  region size 2048K, 25 young (51200K), 4 survivors (8192K)
 Metaspace       used 33778K, committed 34304K, reserved 1114112K
  class space    used 3649K, committed 3904K, reserved 1048576K
}
Event: 4.490 GC heap after
{Heap after GC invocations=14 (full 0):
 garbage-first heap   total 137216K, used 63121K [0x0000000705e00000, 0x0000000800000000)
  region size 2048K, 3 young (6144K), 3 survivors (6144K)
 Metaspace       used 33778K, committed 34304K, reserved 1114112K
  class space    used 3649K, committed 3904K, reserved 1048576K
}
Event: 4.875 GC heap before
{Heap before GC invocations=14 (full 0):
 garbage-first heap   total 137216K, used 102033K [0x0000000705e00000, 0x0000000800000000)
  region size 2048K, 22 young (45056K), 3 survivors (6144K)
 Metaspace       used 35749K, committed 36352K, reserved 1114112K
  class space    used 3811K, committed 4096K, reserved 1048576K
}
Event: 4.878 GC heap after
{Heap after GC invocations=15 (full 0):
 garbage-first heap   total 137216K, used 63823K [0x0000000705e00000, 0x0000000800000000)
  region size 2048K, 1 young (2048K), 1 survivors (2048K)
 Metaspace       used 35749K, committed 36352K, reserved 1114112K
  class space    used 3811K, committed 4096K, reserved 1048576K
}

Dll operation events (12 events):
Event: 0.005 Loaded shared library C:\Program Files\Java\jdk-19\bin\java.dll
Event: 0.010 Loaded shared library C:\Program Files\Java\jdk-19\bin\jsvml.dll
Event: 0.037 Loaded shared library C:\Program Files\Java\jdk-19\bin\zip.dll
Event: 0.038 Loaded shared library C:\Program Files\Java\jdk-19\bin\instrument.dll
Event: 0.041 Loaded shared library C:\Program Files\Java\jdk-19\bin\net.dll
Event: 0.042 Loaded shared library C:\Program Files\Java\jdk-19\bin\nio.dll
Event: 0.044 Loaded shared library C:\Program Files\Java\jdk-19\bin\zip.dll
Event: 0.051 Loaded shared library C:\Program Files\JetBrains\IntelliJ IDEA 2022.1.2\bin\breakgen64.dll
Event: 0.055 Loaded shared library C:\Program Files\Java\jdk-19\bin\extnet.dll
Event: 0.133 Loaded shared library C:\Program Files\Java\jdk-19\bin\jimage.dll
Event: 0.178 Loaded shared library C:\Users\99293\AppData\Local\Temp\jansi-2.4.0-ea66fba3c04a29f7-jansi.dll
Event: 0.186 Loaded shared library C:\Program Files\Java\jdk-19\bin\verify.dll

Deoptimization events (20 events):
Event: 5.548 Thread 0x000001935baee100 Uncommon trap: trap_request=0xffffffc6 fr.pc=0x000001933f44532c relative=0x000000000000024c
Event: 5.548 Thread 0x000001935baee100 Uncommon trap: reason=bimorphic_or_optimized_type_check action=maybe_recompile pc=0x000001933f44532c method=java.util.regex.Pattern.lambda$union$3(Ljava/util/regex/Pattern$CharPredicate;Ljava/util/regex/Pattern$CharPredicate;I)Z @ 2 c2
Event: 5.548 Thread 0x000001935baee100 DEOPT PACKING pc=0x000001933f44532c sp=0x0000000c80cfdd50
Event: 5.548 Thread 0x000001935baee100 DEOPT UNPACKING pc=0x000001933ec06da3 sp=0x0000000c80cfdb98 mode 2
Event: 5.548 Thread 0x000001935baee100 Uncommon trap: trap_request=0xffffffc6 fr.pc=0x000001933f44532c relative=0x000000000000024c
Event: 5.548 Thread 0x000001935baee100 Uncommon trap: reason=bimorphic_or_optimized_type_check action=maybe_recompile pc=0x000001933f44532c method=java.util.regex.Pattern.lambda$union$3(Ljava/util/regex/Pattern$CharPredicate;Ljava/util/regex/Pattern$CharPredicate;I)Z @ 2 c2
Event: 5.548 Thread 0x000001935baee100 DEOPT PACKING pc=0x000001933f44532c sp=0x0000000c80cfdd50
Event: 5.548 Thread 0x000001935baee100 DEOPT UNPACKING pc=0x000001933ec06da3 sp=0x0000000c80cfdb98 mode 2
Event: 5.548 Thread 0x000001935baee100 Uncommon trap: trap_request=0xffffffc6 fr.pc=0x000001933f44532c relative=0x000000000000024c
Event: 5.548 Thread 0x000001935baee100 Uncommon trap: reason=bimorphic_or_optimized_type_check action=maybe_recompile pc=0x000001933f44532c method=java.util.regex.Pattern.lambda$union$3(Ljava/util/regex/Pattern$CharPredicate;Ljava/util/regex/Pattern$CharPredicate;I)Z @ 2 c2
Event: 5.548 Thread 0x000001935baee100 DEOPT PACKING pc=0x000001933f44532c sp=0x0000000c80cfdd50
Event: 5.548 Thread 0x000001935baee100 DEOPT UNPACKING pc=0x000001933ec06da3 sp=0x0000000c80cfdb98 mode 2
Event: 5.548 Thread 0x000001935baee100 Uncommon trap: trap_request=0xffffffc6 fr.pc=0x000001933f44532c relative=0x000000000000024c
Event: 5.548 Thread 0x000001935baee100 Uncommon trap: reason=bimorphic_or_optimized_type_check action=maybe_recompile pc=0x000001933f44532c method=java.util.regex.Pattern.lambda$union$3(Ljava/util/regex/Pattern$CharPredicate;Ljava/util/regex/Pattern$CharPredicate;I)Z @ 2 c2
Event: 5.548 Thread 0x000001935baee100 DEOPT PACKING pc=0x000001933f44532c sp=0x0000000c80cfdd50
Event: 5.548 Thread 0x000001935baee100 DEOPT UNPACKING pc=0x000001933ec06da3 sp=0x0000000c80cfdb98 mode 2
Event: 5.657 Thread 0x000001935baeeba0 Uncommon trap: trap_request=0xffffffde fr.pc=0x000001933f453524 relative=0x0000000000000184
Event: 5.657 Thread 0x000001935baeeba0 Uncommon trap: reason=class_check action=maybe_recompile pc=0x000001933f453524 method=java.util.concurrent.locks.AbstractQueuedSynchronizer.acquireShared(I)V @ 2 c2
Event: 5.657 Thread 0x000001935baeeba0 DEOPT PACKING pc=0x000001933f453524 sp=0x0000000c811ff5a0
Event: 5.657 Thread 0x000001935baeeba0 DEOPT UNPACKING pc=0x000001933ec06da3 sp=0x0000000c811ff578 mode 2

Classes loaded (20 events):
Event: 4.931 Loading class java/lang/Process done
Event: 4.931 Loading class java/lang/ProcessImpl done
Event: 4.937 Loading class java/lang/ProcessImpl$2
Event: 4.937 Loading class java/lang/ProcessImpl$2 done
Event: 4.937 Loading class java/lang/Process$PipeInputStream
Event: 4.937 Loading class java/lang/Process$PipeInputStream done
Event: 4.938 Loading class jdk/internal/event/ProcessStartEvent
Event: 4.938 Loading class jdk/internal/event/Event
Event: 4.938 Loading class jdk/internal/event/Event done
Event: 4.938 Loading class jdk/internal/event/ProcessStartEvent done
Event: 4.938 Loading class java/nio/channels/ClosedChannelException
Event: 4.938 Loading class java/nio/channels/ClosedChannelException done
Event: 4.939 Loading class java/nio/channels/NonReadableChannelException
Event: 4.939 Loading class java/nio/channels/NonReadableChannelException done
Event: 4.939 Loading class java/nio/channels/NonWritableChannelException
Event: 4.939 Loading class java/nio/channels/NonWritableChannelException done
Event: 4.944 Loading class java/util/Scanner
Event: 4.944 Loading class java/util/Scanner done
Event: 4.946 Loading class java/util/Scanner$PatternLRUCache
Event: 4.946 Loading class java/util/Scanner$PatternLRUCache done

Classes unloaded (0 events):
No events

Classes redefined (0 events):
No events

Internal exceptions (20 events):
Event: 4.502 Thread 0x000001932dfff660 Exception <a 'sun/nio/fs/WindowsException'{0x00000007158f11e0}> (0x00000007158f11e0) 
thrown [s\open\src\hotspot\share\prims\jni.cpp, line 517]
Event: 4.505 Thread 0x000001932dfff660 Exception <a 'sun/nio/fs/WindowsException'{0x0000000715957208}> (0x0000000715957208) 
thrown [s\open\src\hotspot\share\prims\jni.cpp, line 517]
Event: 4.505 Thread 0x000001932dfff660 Exception <a 'sun/nio/fs/WindowsException'{0x0000000715957468}> (0x0000000715957468) 
thrown [s\open\src\hotspot\share\prims\jni.cpp, line 517]
Event: 4.505 Thread 0x000001932dfff660 Exception <a 'sun/nio/fs/WindowsException'{0x0000000715958340}> (0x0000000715958340) 
thrown [s\open\src\hotspot\share\prims\jni.cpp, line 517]
Event: 4.505 Thread 0x000001932dfff660 Exception <a 'sun/nio/fs/WindowsException'{0x0000000715958668}> (0x0000000715958668) 
thrown [s\open\src\hotspot\share\prims\jni.cpp, line 517]
Event: 4.505 Thread 0x000001932dfff660 Exception <a 'sun/nio/fs/WindowsException'{0x0000000715959608}> (0x0000000715959608) 
thrown [s\open\src\hotspot\share\prims\jni.cpp, line 517]
Event: 4.505 Thread 0x000001932dfff660 Exception <a 'sun/nio/fs/WindowsException'{0x0000000715959898}> (0x0000000715959898) 
thrown [s\open\src\hotspot\share\prims\jni.cpp, line 517]
Event: 4.506 Thread 0x000001932dfff660 Exception <a 'sun/nio/fs/WindowsException'{0x0000000715998860}> (0x0000000715998860) 
thrown [s\open\src\hotspot\share\prims\jni.cpp, line 517]
Event: 4.506 Thread 0x000001932dfff660 Exception <a 'sun/nio/fs/WindowsException'{0x0000000715998ac0}> (0x0000000715998ac0) 
thrown [s\open\src\hotspot\share\prims\jni.cpp, line 517]
Event: 4.506 Thread 0x000001932dfff660 Exception <a 'sun/nio/fs/WindowsException'{0x0000000715999998}> (0x0000000715999998) 
thrown [s\open\src\hotspot\share\prims\jni.cpp, line 517]
Event: 4.506 Thread 0x000001932dfff660 Exception <a 'sun/nio/fs/WindowsException'{0x0000000715999cc0}> (0x0000000715999cc0) 
thrown [s\open\src\hotspot\share\prims\jni.cpp, line 517]
Event: 4.506 Thread 0x000001932dfff660 Exception <a 'sun/nio/fs/WindowsException'{0x000000071599ac60}> (0x000000071599ac60) 
thrown [s\open\src\hotspot\share\prims\jni.cpp, line 517]
Event: 4.506 Thread 0x000001932dfff660 Exception <a 'sun/nio/fs/WindowsException'{0x000000071599aef0}> (0x000000071599aef0) 
thrown [s\open\src\hotspot\share\prims\jni.cpp, line 517]
Event: 4.739 Thread 0x000001935baec120 Exception <a 'java/lang/NoSuchMethodError'{0x000000070c4e4a60}: 'java.lang.Object java.lang.invoke.DirectMethodHandle$Holder.invokeStatic(java.lang.Object, long, java.lang.Object)'> (0x000000070c4e4a60) 
thrown [s\open\src\hotspot\share\interpreter\linkResolver.cpp, line 774]
Event: 4.739 Thread 0x000001935baec120 Exception <a 'java/lang/NoSuchMethodError'{0x000000070c4e80b0}: 'java.lang.Object java.lang.invoke.DirectMethodHandle$Holder.invokeStaticInit(java.lang.Object, long, java.lang.Object)'> (0x000000070c4e80b0) 
thrown [s\open\src\hotspot\share\interpreter\linkResolver.cpp, line 774]
Event: 4.739 Thread 0x000001935baec120 Exception <a 'java/lang/NoSuchMethodError'{0x000000070c4edd00}: 'java.lang.Object java.lang.invoke.DirectMethodHandle$Holder.newInvokeSpecial(java.lang.Object, long)'> (0x000000070c4edd00) 
thrown [s\open\src\hotspot\share\interpreter\linkResolver.cpp, line 774]
Event: 4.741 Thread 0x000001935baec120 Exception <a 'java/lang/NoSuchMethodError'{0x000000070c4f2510}: 'long java.lang.invoke.DirectMethodHandle$Holder.invokeInterface(java.lang.Object, java.lang.Object)'> (0x000000070c4f2510) 
thrown [s\open\src\hotspot\share\interpreter\linkResolver.cpp, line 774]
Event: 4.741 Thread 0x000001935baec120 Exception <a 'java/lang/NoSuchMethodError'{0x000000070c4f5cc8}: 'long java.lang.invoke.DelegatingMethodHandle$Holder.reinvoke_L(java.lang.Object, java.lang.Object)'> (0x000000070c4f5cc8) 
thrown [s\open\src\hotspot\share\interpreter\linkResolver.cpp, line 774]
Event: 4.795 Thread 0x000001932dfff660 Exception <a 'java/lang/NoSuchMethodError'{0x000000070c26e750}: 'java.lang.Object java.lang.invoke.DirectMethodHandle$Holder.invokeStaticInit(java.lang.Object, java.lang.Object, int, int, int, int)'> (0x000000070c26e750) 
thrown [s\open\src\hotspot\share\interpreter\linkResolver.cpp, line 774]
Event: 4.936 Thread 0x000001932dfff660 Exception <a 'java/lang/NoSuchMethodError'{0x000000070de4cd80}: 'void java.lang.invoke.DirectMethodHandle$Holder.invokeStatic(java.lang.Object, long)'> (0x000000070de4cd80) 
thrown [s\open\src\hotspot\share\interpreter\linkResolver.cpp, line 774]

VM Operations (20 events):
Event: 4.343 Executing VM operation: HandshakeAllThreads
Event: 4.355 Executing VM operation: HandshakeAllThreads done
Event: 4.485 Executing VM operation: G1CollectForAllocation
Event: 4.490 Executing VM operation: G1CollectForAllocation done
Event: 4.712 Executing VM operation: ICBufferFull
Event: 4.712 Executing VM operation: ICBufferFull done
Event: 4.725 Executing VM operation: HandshakeAllThreads
Event: 4.725 Executing VM operation: HandshakeAllThreads done
Event: 4.751 Executing VM operation: HandshakeAllThreads
Event: 4.751 Executing VM operation: HandshakeAllThreads done
Event: 4.875 Executing VM operation: G1CollectForAllocation
Event: 4.878 Executing VM operation: G1CollectForAllocation done
Event: 4.903 Executing VM operation: HandshakeAllThreads
Event: 4.903 Executing VM operation: HandshakeAllThreads done
Event: 4.905 Executing VM operation: HandshakeAllThreads
Event: 4.905 Executing VM operation: HandshakeAllThreads done
Event: 4.905 Executing VM operation: HandshakeAllThreads
Event: 4.905 Executing VM operation: HandshakeAllThreads done
Event: 4.938 Executing VM operation: HandshakeAllThreads
Event: 4.938 Executing VM operation: HandshakeAllThreads done

Events (20 events):
Event: 4.363 Thread 0x000001935309fec0 flushing nmethod 0x00000193388f4890
Event: 4.363 Thread 0x000001935309fec0 flushing nmethod 0x00000193388fb410
Event: 4.363 Thread 0x000001935309fec0 flushing nmethod 0x00000193388fbd90
Event: 4.363 Thread 0x000001935309fec0 flushing nmethod 0x0000019338918710
Event: 4.363 Thread 0x000001935309fec0 flushing nmethod 0x0000019338957290
Event: 4.363 Thread 0x000001935309fec0 flushing nmethod 0x00000193389c2890
Event: 4.363 Thread 0x000001935309fec0 flushing nmethod 0x00000193389c7b10
Event: 4.363 Thread 0x000001935309fec0 flushing nmethod 0x00000193389ddc10
Event: 4.363 Thread 0x000001935309fec0 flushing nmethod 0x0000019338a07810
Event: 4.728 Thread 0x000001935baec120 Thread added: 0x000001935baec120
Event: 4.742 Thread 0x000001935baec120 Thread exited: 0x000001935baec120
Event: 4.875 Thread 0x000001935baedbb0 Thread added: 0x000001935baedbb0
Event: 4.880 Thread 0x000001935baee650 Thread added: 0x000001935baee650
Event: 4.885 Thread 0x000001935a20d790 Thread exited: 0x000001935a20d790
Event: 4.929 Thread 0x000001935baee100 Thread added: 0x000001935baee100
Event: 4.944 Thread 0x000001935baec120 Thread added: 0x000001935baec120
Event: 4.944 Thread 0x000001935baef640 Thread added: 0x000001935baef640
Event: 4.948 Thread 0x000001935baeeba0 Thread added: 0x000001935baeeba0
Event: 5.202 Thread 0x000001935a168ae0 Thread exited: 0x000001935a168ae0
Event: 5.531 Thread 0x000001935869bc30 Thread exited: 0x000001935869bc30


Dynamic libraries:
0x00007ff774350000 - 0x00007ff774360000 	C:\Program Files\Java\jdk-19\bin\java.exe
0x00007fff49ff0000 - 0x00007fff4a207000 	C:\WINDOWS\SYSTEM32\ntdll.dll
0x00007fff48a80000 - 0x00007fff48b44000 	C:\WINDOWS\System32\KERNEL32.DLL
0x00007fff47310000 - 0x00007fff476b7000 	C:\WINDOWS\System32\KERNELBASE.dll
0x00007fff479f0000 - 0x00007fff47b01000 	C:\WINDOWS\System32\ucrtbase.dll
0x00007fff20230000 - 0x00007fff20248000 	C:\Program Files\Java\jdk-19\bin\jli.dll
0x00007fff20210000 - 0x00007fff2022b000 	C:\Program Files\Java\jdk-19\bin\VCRUNTIME140.dll
0x00007fff48590000 - 0x00007fff48642000 	C:\WINDOWS\System32\ADVAPI32.dll
0x00007fff49af0000 - 0x00007fff49b97000 	C:\WINDOWS\System32\msvcrt.dll
0x00007fff47e40000 - 0x00007fff47ee8000 	C:\WINDOWS\System32\sechost.dll
0x00007fff47cf0000 - 0x00007fff47d18000 	C:\WINDOWS\System32\bcrypt.dll
0x00007fff47d20000 - 0x00007fff47e35000 	C:\WINDOWS\System32\RPCRT4.dll
0x00007fff48210000 - 0x00007fff483be000 	C:\WINDOWS\System32\USER32.dll
0x00007fff47c50000 - 0x00007fff47c76000 	C:\WINDOWS\System32\win32u.dll
0x00007fff46670000 - 0x00007fff46903000 	C:\WINDOWS\WinSxS\amd64_microsoft.windows.common-controls_6595b64144ccf1df_6.0.22621.3527_none_270e469b73872a76\COMCTL32.dll
0x00007fff49050000 - 0x00007fff49079000 	C:\WINDOWS\System32\GDI32.dll
0x00007fff47830000 - 0x00007fff47949000 	C:\WINDOWS\System32\gdi32full.dll
0x00007fff47950000 - 0x00007fff479ea000 	C:\WINDOWS\System32\msvcp_win.dll
0x00007fff3c260000 - 0x00007fff3c26a000 	C:\WINDOWS\SYSTEM32\VERSION.dll
0x00007fff48650000 - 0x00007fff48681000 	C:\WINDOWS\System32\IMM32.DLL
0x00007fff38d60000 - 0x00007fff38d6c000 	C:\Program Files\Java\jdk-19\bin\vcruntime140_1.dll
0x00007fff08a30000 - 0x00007fff08abe000 	C:\Program Files\Java\jdk-19\bin\msvcp140.dll
0x00007ffeb4370000 - 0x00007ffeb5030000 	C:\Program Files\Java\jdk-19\bin\server\jvm.dll
0x00007fff3c7f0000 - 0x00007fff3c824000 	C:\WINDOWS\SYSTEM32\WINMM.dll
0x00007fff432b0000 - 0x00007fff432b9000 	C:\WINDOWS\SYSTEM32\WSOCK32.dll
0x00007fff483c0000 - 0x00007fff48431000 	C:\WINDOWS\System32\WS2_32.dll
0x00007fff45cd0000 - 0x00007fff45ce8000 	C:\WINDOWS\SYSTEM32\kernel.appcore.dll
0x00007fff219c0000 - 0x00007fff219ca000 	C:\Program Files\Java\jdk-19\bin\jimage.dll
0x00007fff46c20000 - 0x00007fff46e52000 	C:\WINDOWS\SYSTEM32\DBGHELP.DLL
0x00007fff49bc0000 - 0x00007fff49f48000 	C:\WINDOWS\System32\combase.dll
0x00007fff49900000 - 0x00007fff499d7000 	C:\WINDOWS\System32\OLEAUT32.dll
0x00007fff46b10000 - 0x00007fff46b42000 	C:\WINDOWS\SYSTEM32\dbgcore.DLL
0x00007fff47b10000 - 0x00007fff47b89000 	C:\WINDOWS\System32\bcryptPrimitives.dll
0x00007fff3f080000 - 0x00007fff3f08e000 	C:\Program Files\Java\jdk-19\bin\instrument.dll
0x00007fff1e350000 - 0x00007fff1e376000 	C:\Program Files\Java\jdk-19\bin\java.dll
0x00007fff04120000 - 0x00007fff041f7000 	C:\Program Files\Java\jdk-19\bin\jsvml.dll
0x00007fff490a0000 - 0x00007fff498fc000 	C:\WINDOWS\System32\SHELL32.dll
0x00007fff44b30000 - 0x00007fff45426000 	C:\WINDOWS\SYSTEM32\windows.storage.dll
0x00007fff449f0000 - 0x00007fff44b2e000 	C:\WINDOWS\SYSTEM32\wintypes.dll
0x00007fff499f0000 - 0x00007fff49ae5000 	C:\WINDOWS\System32\SHCORE.dll
0x00007fff48890000 - 0x00007fff488ee000 	C:\WINDOWS\System32\shlwapi.dll
0x00007fff47240000 - 0x00007fff47261000 	C:\WINDOWS\SYSTEM32\profapi.dll
0x00007fff1ade0000 - 0x00007fff1adf8000 	C:\Program Files\Java\jdk-19\bin\zip.dll
0x00007fff1d560000 - 0x00007fff1d573000 	C:\Program Files\Java\jdk-19\bin\net.dll
0x00007fff406b0000 - 0x00007fff407e6000 	C:\WINDOWS\SYSTEM32\WINHTTP.dll
0x00007fff460f0000 - 0x00007fff46159000 	C:\WINDOWS\system32\mswsock.dll
0x00007fff1ae00000 - 0x00007fff1ae16000 	C:\Program Files\Java\jdk-19\bin\nio.dll
0x00007fff3e830000 - 0x00007fff3e84a000 	C:\Program Files\JetBrains\IntelliJ IDEA 2022.1.2\bin\breakgen64.dll
0x00007fff209b0000 - 0x00007fff209b8000 	C:\Program Files\Java\jdk-19\bin\extnet.dll
0x0000000069ac0000 - 0x0000000069ae4000 	C:\Users\99293\AppData\Local\Temp\jansi-2.4.0-ea66fba3c04a29f7-jansi.dll
0x00007fff1d470000 - 0x00007fff1d480000 	C:\Program Files\Java\jdk-19\bin\verify.dll
0x00007fff46fa0000 - 0x00007fff46fbb000 	C:\WINDOWS\SYSTEM32\CRYPTSP.dll
0x00007fff45c30000 - 0x00007fff45c65000 	C:\WINDOWS\system32\rsaenh.dll
0x00007fff461f0000 - 0x00007fff46218000 	C:\WINDOWS\SYSTEM32\USERENV.dll
0x00007fff46390000 - 0x00007fff4639c000 	C:\WINDOWS\SYSTEM32\CRYPTBASE.dll
0x00007fff45680000 - 0x00007fff456ad000 	C:\WINDOWS\SYSTEM32\IPHLPAPI.DLL
0x00007fff499e0000 - 0x00007fff499e9000 	C:\WINDOWS\System32\NSI.dll
0x00007fff40540000 - 0x00007fff40559000 	C:\WINDOWS\SYSTEM32\dhcpcsvc6.DLL
0x00007fff40520000 - 0x00007fff4053f000 	C:\WINDOWS\SYSTEM32\dhcpcsvc.DLL
0x00007fff456c0000 - 0x00007fff457b8000 	C:\WINDOWS\SYSTEM32\DNSAPI.dll

dbghelp: loaded successfully - version: 4.0.5 - missing functions: none
symbol engine: initialized successfully - sym options: 0x614 - pdb path: .;C:\Program Files\Java\jdk-19\bin;C:\WINDOWS\SYSTEM32;C:\WINDOWS\WinSxS\amd64_microsoft.windows.common-controls_6595b64144ccf1df_6.0.22621.3527_none_270e469b73872a76;C:\Program Files\Java\jdk-19\bin\server;C:\Program Files\JetBrains\IntelliJ IDEA 2022.1.2\bin;C:\Users\99293\AppData\Local\Temp

VM Arguments:
jvm_args: -Dmaven.multiModuleProjectDirectory=D:\website.citu-web -Dmaven.home=C:\Users\99293\.m2\wrapper\dists\apache-maven-3.9.3-bin\54p6kc7m0ap3os8bc4ge28ia2\apache-maven-3.9.3 -Dclassworlds.conf=C:\Users\99293\.m2\wrapper\dists\apache-maven-3.9.3-bin\54p6kc7m0ap3os8bc4ge28ia2\apache-maven-3.9.3\bin\m2.conf -Dmaven.ext.class.path=C:\Program Files\JetBrains\IntelliJ IDEA 2022.1.2\plugins\maven\lib\maven-event-listener.jar -javaagent:C:\Program Files\JetBrains\IntelliJ IDEA 2022.1.2\lib\idea_rt.jar=55819:C:\Program Files\JetBrains\IntelliJ IDEA 2022.1.2\bin -Dfile.encoding=UTF-8 
java_command: org.codehaus.classworlds.Launcher -Didea.version=2022.1.2 package
java_class_path (initial): C:\Users\99293\.m2\wrapper\dists\apache-maven-3.9.3-bin\54p6kc7m0ap3os8bc4ge28ia2\apache-maven-3.9.3\boot\plexus-classworlds-2.7.0.jar;C:\Users\99293\.m2\wrapper\dists\apache-maven-3.9.3-bin\54p6kc7m0ap3os8bc4ge28ia2\apache-maven-3.9.3\boot\plexus-classworlds.license
Launcher Type: SUN_STANDARD

[Global flags]
     intx CICompilerCount                          = 12                                        {product} {ergonomic}
     uint ConcGCThreads                            = 3                                         {product} {ergonomic}
     uint G1ConcRefinementThreads                  = 13                                        {product} {ergonomic}
   size_t G1HeapRegionSize                         = 2097152                                   {product} {ergonomic}
    uintx GCDrainStackTargetSize                   = 64                                        {product} {ergonomic}
   size_t InitialHeapSize                          = 264241152                                 {product} {ergonomic}
   size_t MarkStackSize                            = 4194304                                   {product} {ergonomic}
   size_t MaxHeapSize                              = 4196401152                                {product} {ergonomic}
   size_t MaxNewSize                               = 2516582400                                {product} {ergonomic}
   size_t MinHeapDeltaBytes                        = 2097152                                   {product} {ergonomic}
   size_t MinHeapSize                              = 8388608                                   {product} {ergonomic}
    uintx NonNMethodCodeHeapSize                   = 7602480                                {pd product} {ergonomic}
    uintx NonProfiledCodeHeapSize                  = 122027880                              {pd product} {ergonomic}
    uintx ProfiledCodeHeapSize                     = 122027880                              {pd product} {ergonomic}
    uintx ReservedCodeCacheSize                    = 251658240                              {pd product} {ergonomic}
     bool SegmentedCodeCache                       = true                                      {product} {ergonomic}
   size_t SoftMaxHeapSize                          = 4196401152                             {manageable} {ergonomic}
     bool UseCompressedClassPointers               = true                           {product lp64_product} {ergonomic}
     bool UseCompressedOops                        = true                           {product lp64_product} {ergonomic}
     bool UseG1GC                                  = true                                      {product} {ergonomic}
     bool UseLargePagesIndividualAllocation        = false                                  {pd product} {ergonomic}

Logging:
Log output configuration:
 #0: stdout all=warning uptime,level,tags foldmultilines=false
 #1: stderr all=off uptime,level,tags foldmultilines=false

Environment Variables:
JAVA_HOME=C:\Program Files\Java\jdk-19
PATH=C:\Program Files\Common Files\Oracle\Java\javapath;C:\Windows\system32;C:\Windows;C:\Windows\System32\Wbem;C:\Windows\System32\WindowsPowerShell\v1.0\;C:\Windows\System32\OpenSSH\;C:\Program Files (x86)\NVIDIA Corporation\PhysX\Common;C:\Program Files\NVIDIA Corporation\NVIDIA NvDLISR;C:\Program Files\Git\cmd;C:\Program Files (x86)\dotnet\;C:\WINDOWS\system32;C:\WINDOWS;C:\WINDOWS\System32\Wbem;C:\WINDOWS\System32\WindowsPowerShell\v1.0\;C:\WINDOWS\System32\OpenSSH\;C:\Program Files\Java\jdk-19\bin;C:\Users\99293\AppData\Local\Programs\Python\Python311\Scripts\;C:\Users\99293\AppData\Local\Programs\Python\Python311\;C:\Users\99293\AppData\Local\Microsoft\WindowsApps;;C:\Program Files\JetBrains\IntelliJ IDEA 2022.1.2\bin;;C:\Program Files\heroku\bin
USERNAME=ASUS
OS=Windows_NT
PROCESSOR_IDENTIFIER=Intel64 Family 6 Model 154 Stepping 3, GenuineIntel
TMP=C:\Users\99293\AppData\Local\Temp
TEMP=C:\Users\99293\AppData\Local\Temp



---------------  S Y S T E M  ---------------

OS:
 Windows 11 , 64 bit Build 22621 (10.0.22621.3527)
OS uptime: 3 days 16:35 hours
Hyper-V role detected

CPU: total 16 (initial active 16) (8 cores per cpu, 2 threads per core) family 6 model 154 stepping 3 microcode 0x41c, cx8, cmov, fxsr, ht, mmx, 3dnowpref, sse, sse2, sse3, ssse3, sse4.1, sse4.2, popcnt, lzcnt, tsc, tscinvbit, avx, avx2, aes, erms, clmul, bmi1, bmi2, adx, sha, fma, vzeroupper, clflush, clflushopt, clwb, hv, serialize, rdtscp, rdpid, fsrm

Memory: 4k page, system-wide physical 16005M (2230M free)
TotalPageFile size 18053M (AvailPageFile size 7M)
current process WorkingSet (physical memory assigned to process): 510M, peak: 510M
current process commit charge ("private bytes"): 559M, peak: 559M

vm_info: Java HotSpot(TM) 64-Bit Server VM (19.0.2+7-44) for windows-amd64 JRE (19.0.2+7-44), built on 2022-11-30T18:02:09Z by "mach5one" with MS VC++ 17.1 (VS2022)

END.
