#
# There is insufficient memory for the Java Runtime Environment to continue.
# Native memory allocation (malloc) failed to allocate 724736 bytes for Chunk::new
# Possible reasons:
#   The system is out of physical RAM or swap space
#   The process is running with CompressedOops enabled, and the Java Heap may be blocking the growth of the native heap
# Possible solutions:
#   Reduce memory load on the system
#   Increase physical memory or swap space
#   Check if swap backing store is full
#   Decrease Java heap size (-Xmx/-Xms)
#   Decrease number of Java threads
#   Decrease Java thread stack sizes (-Xss)
#   Set larger code cache with -XX:ReservedCodeCacheSize=
#   JVM is running with Zero Based Compressed Oops mode in which the Java heap is
#     placed in the first 32GB address space. The Java Heap base address is the
#     maximum limit for the native heap growth. Please use -XX:HeapBaseMinAddress
#     to set the Java Heap base and to place the Java Heap above 32GB virtual address.
# This output file may be truncated or incomplete.
#
#  Out of Memory Error (arena.cpp:184), pid=16248, tid=2924
#
# JRE version: Java(TM) SE Runtime Environment (19.0.2+7) (build 19.0.2+7-44)
# Java VM: Java HotSpot(TM) 64-Bit Server VM (19.0.2+7-44, mixed mode, sharing, tiered, compressed oops, compressed class ptrs, g1 gc, windows-amd64)
# No core dump will be written. Minidumps are not enabled by default on client versions of Windows
#

---------------  S U M M A R Y ------------

Command Line: -ea -Didea.test.cyclic.buffer.size=1048576 -javaagent:C:\Program Files\JetBrains\IntelliJ IDEA 2022.1.2\lib\idea_rt.jar=52297:C:\Program Files\JetBrains\IntelliJ IDEA 2022.1.2\bin -Dfile.encoding=UTF-8 com.intellij.rt.junit.JUnitStarter -ideVersion5 -junit5 com.example.website.citu.Test,test

Host: 12th Gen Intel(R) Core(TM) i7-12650H, 16 cores, 15G,  Windows 11 , 64 bit Build 22621 (10.0.22621.3958)
Time: Thu Nov 14 20:45:20 2024  Windows 11 , 64 bit Build 22621 (10.0.22621.3958) elapsed time: 0.719602 seconds (0d 0h 0m 0s)

---------------  T H R E A D  ---------------

Current thread (0x0000017141008b70):  JavaThread "C2 CompilerThread0" daemon [_thread_in_native, id=2924, stack(0x0000001194300000,0x0000001194400000)]


Current CompileTask:
C2:    719 1783       4       java.lang.invoke.MethodType::methodType (69 bytes)

Stack: [0x0000001194300000,0x0000001194400000]
Native frames: (J=compiled Java code, j=interpreted, Vv=VM code, C=native code)
V  [jvm.dll+0x6ee21a]
V  [jvm.dll+0x85765e]
V  [jvm.dll+0x85904e]
V  [jvm.dll+0x859703]
V  [jvm.dll+0x28298f]
V  [jvm.dll+0xc9adf]
V  [jvm.dll+0xc9e65]
V  [jvm.dll+0x2f7caf]
V  [jvm.dll+0x5f076b]
V  [jvm.dll+0x25590c]
V  [jvm.dll+0x24e1a7]
V  [jvm.dll+0x24b673]
V  [jvm.dll+0x1d6ce1]
V  [jvm.dll+0x25b25a]
V  [jvm.dll+0x2596e8]
V  [jvm.dll+0x807588]
V  [jvm.dll+0x80125a]
V  [jvm.dll+0x6ecf0b]
C  [ucrtbase.dll+0x29333]
C  [KERNEL32.DLL+0x1257d]
C  [ntdll.dll+0x5af08]


---------------  P R O C E S S  ---------------

Threads class SMR info:
_java_thread_list=0x00000171411a9280, length=17, elements={
0x0000017118fecd10, 0x000001713caebdc0, 0x000001713caecd50, 0x000001713caf1d00,
0x000001713caf8cf0, 0x000001713caf77b0, 0x000001713caf9240, 0x0000017141008b70,
0x0000017141009680, 0x000001713caf9790, 0x00000171410b7110, 0x000001713caf9ce0,
0x0000017141142100, 0x0000017141142680, 0x000001714117f450, 0x000001713cafa230,
0x000001713cafa780
}

Java Threads: ( => current thread )
  0x0000017118fecd10 JavaThread "main" [_thread_in_Java, id=20768, stack(0x0000001193600000,0x0000001193700000)]
  0x000001713caebdc0 JavaThread "Reference Handler" daemon [_thread_blocked, id=7636, stack(0x0000001193d00000,0x0000001193e00000)]
  0x000001713caecd50 JavaThread "Finalizer" daemon [_thread_blocked, id=5344, stack(0x0000001193e00000,0x0000001193f00000)]
  0x000001713caf1d00 JavaThread "Signal Dispatcher" daemon [_thread_blocked, id=16948, stack(0x0000001193f00000,0x0000001194000000)]
  0x000001713caf8cf0 JavaThread "Attach Listener" daemon [_thread_blocked, id=2568, stack(0x0000001194000000,0x0000001194100000)]
  0x000001713caf77b0 JavaThread "Service Thread" daemon [_thread_blocked, id=22988, stack(0x0000001194100000,0x0000001194200000)]
  0x000001713caf9240 JavaThread "Monitor Deflation Thread" daemon [_thread_blocked, id=8520, stack(0x0000001194200000,0x0000001194300000)]
=>0x0000017141008b70 JavaThread "C2 CompilerThread0" daemon [_thread_in_native, id=2924, stack(0x0000001194300000,0x0000001194400000)]
  0x0000017141009680 JavaThread "C1 CompilerThread0" daemon [_thread_blocked, id=5928, stack(0x0000001194400000,0x0000001194500000)]
  0x000001713caf9790 JavaThread "Sweeper thread" daemon [_thread_blocked, id=8560, stack(0x0000001194500000,0x0000001194600000)]
  0x00000171410b7110 JavaThread "C1 CompilerThread1" daemon [_thread_blocked, id=20364, stack(0x0000001194600000,0x0000001194700000)]
  0x000001713caf9ce0 JavaThread "Common-Cleaner" daemon [_thread_blocked, id=12532, stack(0x0000001194700000,0x0000001194800000)]
  0x0000017141142100 JavaThread "C1 CompilerThread2" daemon [_thread_in_native, id=6784, stack(0x0000001194800000,0x0000001194900000)]
  0x0000017141142680 JavaThread "C1 CompilerThread3" daemon [_thread_blocked, id=10996, stack(0x0000001194900000,0x0000001194a00000)]
  0x000001714117f450 JavaThread "C2 CompilerThread1" daemon [_thread_in_native, id=2100, stack(0x0000001194a00000,0x0000001194b00000)]
  0x000001713cafa230 JavaThread "Monitor Ctrl-Break" daemon [_thread_in_native, id=2312, stack(0x0000001194b00000,0x0000001194c00000)]
  0x000001713cafa780 JavaThread "Notification Thread" daemon [_thread_blocked, id=11052, stack(0x0000001194c00000,0x0000001194d00000)]

Other Threads:
  0x000001713cad41d0 VMThread "VM Thread" [stack: 0x0000001193c00000,0x0000001193d00000] [id=9248]
  0x000001714120fbc0 WatcherThread "VM Periodic Task Thread" [stack: 0x0000001194d00000,0x0000001194e00000] [id=22808]
  0x000001711905e7d0 WorkerThread "GC Thread#0" [stack: 0x0000001193700000,0x0000001193800000] [id=7884]
  0x00000171413a7ae0 WorkerThread "GC Thread#1" [stack: 0x0000001194e00000,0x0000001194f00000] [id=8588]
  0x00000171413a7db0 WorkerThread "GC Thread#2" [stack: 0x0000001194f00000,0x0000001195000000] [id=17752]
  0x00000171413a8080 WorkerThread "GC Thread#3" [stack: 0x0000001195000000,0x0000001195100000] [id=2888]
  0x00000171413a8350 WorkerThread "GC Thread#4" [stack: 0x0000001195100000,0x0000001195200000] [id=21880]
  0x00000171413a8620 WorkerThread "GC Thread#5" [stack: 0x0000001195200000,0x0000001195300000] [id=11892]
  0x000001711906f050 ConcurrentGCThread "G1 Main Marker" [stack: 0x0000001193800000,0x0000001193900000] [id=14272]
  0x00000171190709a0 WorkerThread "G1 Conc#0" [stack: 0x0000001193900000,0x0000001193a00000] [id=21244]
  0x000001713c990aa0 ConcurrentGCThread "G1 Refine#0" [stack: 0x0000001193a00000,0x0000001193b00000] [id=13372]
  0x000001713c9914f0 ConcurrentGCThread "G1 Service" [stack: 0x0000001193b00000,0x0000001193c00000] [id=11236]

Threads with active compile tasks:
C2 CompilerThread0      729 1783       4       java.lang.invoke.MethodType::methodType (69 bytes)
C2 CompilerThread1      729 1886       4       java.lang.String::indexOf (18 bytes)

VM state: not at safepoint (normal execution)

VM Mutex/Monitor currently owned by a thread: None

Heap address: 0x0000000705e00000, size: 4002 MB, Compressed Oops mode: Zero based, Oop shift amount: 3

CDS archive(s) mapped at: [0x0000000800000000-0x0000000800c40000-0x0000000800c40000), size 12845056, SharedBaseAddress: 0x0000000800000000, ArchiveRelocationMode: 0.
Compressed class space mapped at: 0x0000000801000000-0x0000000841000000, reserved size: 1073741824
Narrow klass base: 0x0000000800000000, Narrow klass shift: 0, Narrow klass range: 0x100000000

GC Precious Log:
 CardTable entry size: 512
 Card Set container configuration: InlinePtr #cards 4 size 8 Array Of Cards #cards 16 size 48 Howl #buckets 8 coarsen threshold 3686 Howl Bitmap #cards 512 size 80 coarsen threshold 460 Card regions per heap region 1 cards per card region 4096
 CPUs: 16 total, 16 available
 Memory: 16004M
 Large Page Support: Disabled
 NUMA Support: Disabled
 Compressed Oops: Enabled (Zero based)
 Heap Region Size: 2M
 Heap Min Capacity: 8M
 Heap Initial Capacity: 252M
 Heap Max Capacity: 4002M
 Pre-touch: Disabled
 Parallel Workers: 13
 Concurrent Workers: 3
 Concurrent Refinement Workers: 13
 Periodic GC: Disabled

Heap:
 garbage-first heap   total 258048K, used 29887K [0x0000000705e00000, 0x0000000800000000)
  region size 2048K, 15 young (30720K), 2 survivors (4096K)
 Metaspace       used 11607K, committed 11840K, reserved 1114112K
  class space    used 1455K, committed 1536K, reserved 1048576K

Heap Regions: E=young(eden), S=young(survivor), O=old, HS=humongous(starts), HC=humongous(continues), CS=collection set, F=free, OA=open archive, CA=closed archive, TAMS=top-at-mark-start (previous, next)
|   0|0x0000000705e00000, 0x0000000705f2fe00, 0x0000000706000000| 59%| O|  |TAMS 0x0000000705e00000, 0x0000000705e00000| Untracked 
|   1|0x0000000706000000, 0x0000000706000000, 0x0000000706200000|  0%| F|  |TAMS 0x0000000706000000, 0x0000000706000000| Untracked 
|   2|0x0000000706200000, 0x0000000706200000, 0x0000000706400000|  0%| F|  |TAMS 0x0000000706200000, 0x0000000706200000| Untracked 
|   3|0x0000000706400000, 0x0000000706400000, 0x0000000706600000|  0%| F|  |TAMS 0x0000000706400000, 0x0000000706400000| Untracked 
|   4|0x0000000706600000, 0x0000000706600000, 0x0000000706800000|  0%| F|  |TAMS 0x0000000706600000, 0x0000000706600000| Untracked 
|   5|0x0000000706800000, 0x0000000706800000, 0x0000000706a00000|  0%| F|  |TAMS 0x0000000706800000, 0x0000000706800000| Untracked 
|   6|0x0000000706a00000, 0x0000000706a00000, 0x0000000706c00000|  0%| F|  |TAMS 0x0000000706a00000, 0x0000000706a00000| Untracked 
|   7|0x0000000706c00000, 0x0000000706c00000, 0x0000000706e00000|  0%| F|  |TAMS 0x0000000706c00000, 0x0000000706c00000| Untracked 
|   8|0x0000000706e00000, 0x0000000706e00000, 0x0000000707000000|  0%| F|  |TAMS 0x0000000706e00000, 0x0000000706e00000| Untracked 
|   9|0x0000000707000000, 0x0000000707000000, 0x0000000707200000|  0%| F|  |TAMS 0x0000000707000000, 0x0000000707000000| Untracked 
|  10|0x0000000707200000, 0x0000000707200000, 0x0000000707400000|  0%| F|  |TAMS 0x0000000707200000, 0x0000000707200000| Untracked 
|  11|0x0000000707400000, 0x0000000707400000, 0x0000000707600000|  0%| F|  |TAMS 0x0000000707400000, 0x0000000707400000| Untracked 
|  12|0x0000000707600000, 0x0000000707600000, 0x0000000707800000|  0%| F|  |TAMS 0x0000000707600000, 0x0000000707600000| Untracked 
|  13|0x0000000707800000, 0x0000000707800000, 0x0000000707a00000|  0%| F|  |TAMS 0x0000000707800000, 0x0000000707800000| Untracked 
|  14|0x0000000707a00000, 0x0000000707a00000, 0x0000000707c00000|  0%| F|  |TAMS 0x0000000707a00000, 0x0000000707a00000| Untracked 
|  15|0x0000000707c00000, 0x0000000707c00000, 0x0000000707e00000|  0%| F|  |TAMS 0x0000000707c00000, 0x0000000707c00000| Untracked 
|  16|0x0000000707e00000, 0x0000000707e00000, 0x0000000708000000|  0%| F|  |TAMS 0x0000000707e00000, 0x0000000707e00000| Untracked 
|  17|0x0000000708000000, 0x0000000708000000, 0x0000000708200000|  0%| F|  |TAMS 0x0000000708000000, 0x0000000708000000| Untracked 
|  18|0x0000000708200000, 0x0000000708200000, 0x0000000708400000|  0%| F|  |TAMS 0x0000000708200000, 0x0000000708200000| Untracked 
|  19|0x0000000708400000, 0x0000000708400000, 0x0000000708600000|  0%| F|  |TAMS 0x0000000708400000, 0x0000000708400000| Untracked 
|  20|0x0000000708600000, 0x0000000708600000, 0x0000000708800000|  0%| F|  |TAMS 0x0000000708600000, 0x0000000708600000| Untracked 
|  21|0x0000000708800000, 0x0000000708800000, 0x0000000708a00000|  0%| F|  |TAMS 0x0000000708800000, 0x0000000708800000| Untracked 
|  22|0x0000000708a00000, 0x0000000708a00000, 0x0000000708c00000|  0%| F|  |TAMS 0x0000000708a00000, 0x0000000708a00000| Untracked 
|  23|0x0000000708c00000, 0x0000000708c00000, 0x0000000708e00000|  0%| F|  |TAMS 0x0000000708c00000, 0x0000000708c00000| Untracked 
|  24|0x0000000708e00000, 0x0000000708e00000, 0x0000000709000000|  0%| F|  |TAMS 0x0000000708e00000, 0x0000000708e00000| Untracked 
|  25|0x0000000709000000, 0x0000000709000000, 0x0000000709200000|  0%| F|  |TAMS 0x0000000709000000, 0x0000000709000000| Untracked 
|  26|0x0000000709200000, 0x0000000709200000, 0x0000000709400000|  0%| F|  |TAMS 0x0000000709200000, 0x0000000709200000| Untracked 
|  27|0x0000000709400000, 0x0000000709400000, 0x0000000709600000|  0%| F|  |TAMS 0x0000000709400000, 0x0000000709400000| Untracked 
|  28|0x0000000709600000, 0x0000000709600000, 0x0000000709800000|  0%| F|  |TAMS 0x0000000709600000, 0x0000000709600000| Untracked 
|  29|0x0000000709800000, 0x0000000709800000, 0x0000000709a00000|  0%| F|  |TAMS 0x0000000709800000, 0x0000000709800000| Untracked 
|  30|0x0000000709a00000, 0x0000000709a00000, 0x0000000709c00000|  0%| F|  |TAMS 0x0000000709a00000, 0x0000000709a00000| Untracked 
|  31|0x0000000709c00000, 0x0000000709c00000, 0x0000000709e00000|  0%| F|  |TAMS 0x0000000709c00000, 0x0000000709c00000| Untracked 
|  32|0x0000000709e00000, 0x0000000709e00000, 0x000000070a000000|  0%| F|  |TAMS 0x0000000709e00000, 0x0000000709e00000| Untracked 
|  33|0x000000070a000000, 0x000000070a000000, 0x000000070a200000|  0%| F|  |TAMS 0x000000070a000000, 0x000000070a000000| Untracked 
|  34|0x000000070a200000, 0x000000070a200000, 0x000000070a400000|  0%| F|  |TAMS 0x000000070a200000, 0x000000070a200000| Untracked 
|  35|0x000000070a400000, 0x000000070a400000, 0x000000070a600000|  0%| F|  |TAMS 0x000000070a400000, 0x000000070a400000| Untracked 
|  36|0x000000070a600000, 0x000000070a600000, 0x000000070a800000|  0%| F|  |TAMS 0x000000070a600000, 0x000000070a600000| Untracked 
|  37|0x000000070a800000, 0x000000070a800000, 0x000000070aa00000|  0%| F|  |TAMS 0x000000070a800000, 0x000000070a800000| Untracked 
|  38|0x000000070aa00000, 0x000000070aa00000, 0x000000070ac00000|  0%| F|  |TAMS 0x000000070aa00000, 0x000000070aa00000| Untracked 
|  39|0x000000070ac00000, 0x000000070ac00000, 0x000000070ae00000|  0%| F|  |TAMS 0x000000070ac00000, 0x000000070ac00000| Untracked 
|  40|0x000000070ae00000, 0x000000070ae00000, 0x000000070b000000|  0%| F|  |TAMS 0x000000070ae00000, 0x000000070ae00000| Untracked 
|  41|0x000000070b000000, 0x000000070b000000, 0x000000070b200000|  0%| F|  |TAMS 0x000000070b000000, 0x000000070b000000| Untracked 
|  42|0x000000070b200000, 0x000000070b200000, 0x000000070b400000|  0%| F|  |TAMS 0x000000070b200000, 0x000000070b200000| Untracked 
|  43|0x000000070b400000, 0x000000070b400000, 0x000000070b600000|  0%| F|  |TAMS 0x000000070b400000, 0x000000070b400000| Untracked 
|  44|0x000000070b600000, 0x000000070b600000, 0x000000070b800000|  0%| F|  |TAMS 0x000000070b600000, 0x000000070b600000| Untracked 
|  45|0x000000070b800000, 0x000000070b800000, 0x000000070ba00000|  0%| F|  |TAMS 0x000000070b800000, 0x000000070b800000| Untracked 
|  46|0x000000070ba00000, 0x000000070ba00000, 0x000000070bc00000|  0%| F|  |TAMS 0x000000070ba00000, 0x000000070ba00000| Untracked 
|  47|0x000000070bc00000, 0x000000070bc00000, 0x000000070be00000|  0%| F|  |TAMS 0x000000070bc00000, 0x000000070bc00000| Untracked 
|  48|0x000000070be00000, 0x000000070be00000, 0x000000070c000000|  0%| F|  |TAMS 0x000000070be00000, 0x000000070be00000| Untracked 
|  49|0x000000070c000000, 0x000000070c000000, 0x000000070c200000|  0%| F|  |TAMS 0x000000070c000000, 0x000000070c000000| Untracked 
|  50|0x000000070c200000, 0x000000070c200000, 0x000000070c400000|  0%| F|  |TAMS 0x000000070c200000, 0x000000070c200000| Untracked 
|  51|0x000000070c400000, 0x000000070c400000, 0x000000070c600000|  0%| F|  |TAMS 0x000000070c400000, 0x000000070c400000| Untracked 
|  52|0x000000070c600000, 0x000000070c600000, 0x000000070c800000|  0%| F|  |TAMS 0x000000070c600000, 0x000000070c600000| Untracked 
|  53|0x000000070c800000, 0x000000070c800000, 0x000000070ca00000|  0%| F|  |TAMS 0x000000070c800000, 0x000000070c800000| Untracked 
|  54|0x000000070ca00000, 0x000000070ca00000, 0x000000070cc00000|  0%| F|  |TAMS 0x000000070ca00000, 0x000000070ca00000| Untracked 
|  55|0x000000070cc00000, 0x000000070cc00000, 0x000000070ce00000|  0%| F|  |TAMS 0x000000070cc00000, 0x000000070cc00000| Untracked 
|  56|0x000000070ce00000, 0x000000070ce00000, 0x000000070d000000|  0%| F|  |TAMS 0x000000070ce00000, 0x000000070ce00000| Untracked 
|  57|0x000000070d000000, 0x000000070d000000, 0x000000070d200000|  0%| F|  |TAMS 0x000000070d000000, 0x000000070d000000| Untracked 
|  58|0x000000070d200000, 0x000000070d200000, 0x000000070d400000|  0%| F|  |TAMS 0x000000070d200000, 0x000000070d200000| Untracked 
|  59|0x000000070d400000, 0x000000070d400000, 0x000000070d600000|  0%| F|  |TAMS 0x000000070d400000, 0x000000070d400000| Untracked 
|  60|0x000000070d600000, 0x000000070d600000, 0x000000070d800000|  0%| F|  |TAMS 0x000000070d600000, 0x000000070d600000| Untracked 
|  61|0x000000070d800000, 0x000000070d800000, 0x000000070da00000|  0%| F|  |TAMS 0x000000070d800000, 0x000000070d800000| Untracked 
|  62|0x000000070da00000, 0x000000070da00000, 0x000000070dc00000|  0%| F|  |TAMS 0x000000070da00000, 0x000000070da00000| Untracked 
|  63|0x000000070dc00000, 0x000000070dc00000, 0x000000070de00000|  0%| F|  |TAMS 0x000000070dc00000, 0x000000070dc00000| Untracked 
|  64|0x000000070de00000, 0x000000070de00000, 0x000000070e000000|  0%| F|  |TAMS 0x000000070de00000, 0x000000070de00000| Untracked 
|  65|0x000000070e000000, 0x000000070e000000, 0x000000070e200000|  0%| F|  |TAMS 0x000000070e000000, 0x000000070e000000| Untracked 
|  66|0x000000070e200000, 0x000000070e200000, 0x000000070e400000|  0%| F|  |TAMS 0x000000070e200000, 0x000000070e200000| Untracked 
|  67|0x000000070e400000, 0x000000070e400000, 0x000000070e600000|  0%| F|  |TAMS 0x000000070e400000, 0x000000070e400000| Untracked 
|  68|0x000000070e600000, 0x000000070e600000, 0x000000070e800000|  0%| F|  |TAMS 0x000000070e600000, 0x000000070e600000| Untracked 
|  69|0x000000070e800000, 0x000000070e800000, 0x000000070ea00000|  0%| F|  |TAMS 0x000000070e800000, 0x000000070e800000| Untracked 
|  70|0x000000070ea00000, 0x000000070ea00000, 0x000000070ec00000|  0%| F|  |TAMS 0x000000070ea00000, 0x000000070ea00000| Untracked 
|  71|0x000000070ec00000, 0x000000070ec00000, 0x000000070ee00000|  0%| F|  |TAMS 0x000000070ec00000, 0x000000070ec00000| Untracked 
|  72|0x000000070ee00000, 0x000000070ee00000, 0x000000070f000000|  0%| F|  |TAMS 0x000000070ee00000, 0x000000070ee00000| Untracked 
|  73|0x000000070f000000, 0x000000070f000000, 0x000000070f200000|  0%| F|  |TAMS 0x000000070f000000, 0x000000070f000000| Untracked 
|  74|0x000000070f200000, 0x000000070f200000, 0x000000070f400000|  0%| F|  |TAMS 0x000000070f200000, 0x000000070f200000| Untracked 
|  75|0x000000070f400000, 0x000000070f400000, 0x000000070f600000|  0%| F|  |TAMS 0x000000070f400000, 0x000000070f400000| Untracked 
|  76|0x000000070f600000, 0x000000070f600000, 0x000000070f800000|  0%| F|  |TAMS 0x000000070f600000, 0x000000070f600000| Untracked 
|  77|0x000000070f800000, 0x000000070f800000, 0x000000070fa00000|  0%| F|  |TAMS 0x000000070f800000, 0x000000070f800000| Untracked 
|  78|0x000000070fa00000, 0x000000070fa00000, 0x000000070fc00000|  0%| F|  |TAMS 0x000000070fa00000, 0x000000070fa00000| Untracked 
|  79|0x000000070fc00000, 0x000000070fc00000, 0x000000070fe00000|  0%| F|  |TAMS 0x000000070fc00000, 0x000000070fc00000| Untracked 
|  80|0x000000070fe00000, 0x000000070fe00000, 0x0000000710000000|  0%| F|  |TAMS 0x000000070fe00000, 0x000000070fe00000| Untracked 
|  81|0x0000000710000000, 0x0000000710000000, 0x0000000710200000|  0%| F|  |TAMS 0x0000000710000000, 0x0000000710000000| Untracked 
|  82|0x0000000710200000, 0x0000000710200000, 0x0000000710400000|  0%| F|  |TAMS 0x0000000710200000, 0x0000000710200000| Untracked 
|  83|0x0000000710400000, 0x0000000710400000, 0x0000000710600000|  0%| F|  |TAMS 0x0000000710400000, 0x0000000710400000| Untracked 
|  84|0x0000000710600000, 0x0000000710600000, 0x0000000710800000|  0%| F|  |TAMS 0x0000000710600000, 0x0000000710600000| Untracked 
|  85|0x0000000710800000, 0x0000000710800000, 0x0000000710a00000|  0%| F|  |TAMS 0x0000000710800000, 0x0000000710800000| Untracked 
|  86|0x0000000710a00000, 0x0000000710a00000, 0x0000000710c00000|  0%| F|  |TAMS 0x0000000710a00000, 0x0000000710a00000| Untracked 
|  87|0x0000000710c00000, 0x0000000710c00000, 0x0000000710e00000|  0%| F|  |TAMS 0x0000000710c00000, 0x0000000710c00000| Untracked 
|  88|0x0000000710e00000, 0x0000000710e00000, 0x0000000711000000|  0%| F|  |TAMS 0x0000000710e00000, 0x0000000710e00000| Untracked 
|  89|0x0000000711000000, 0x0000000711000000, 0x0000000711200000|  0%| F|  |TAMS 0x0000000711000000, 0x0000000711000000| Untracked 
|  90|0x0000000711200000, 0x0000000711200000, 0x0000000711400000|  0%| F|  |TAMS 0x0000000711200000, 0x0000000711200000| Untracked 
|  91|0x0000000711400000, 0x0000000711400000, 0x0000000711600000|  0%| F|  |TAMS 0x0000000711400000, 0x0000000711400000| Untracked 
|  92|0x0000000711600000, 0x0000000711600000, 0x0000000711800000|  0%| F|  |TAMS 0x0000000711600000, 0x0000000711600000| Untracked 
|  93|0x0000000711800000, 0x0000000711800000, 0x0000000711a00000|  0%| F|  |TAMS 0x0000000711800000, 0x0000000711800000| Untracked 
|  94|0x0000000711a00000, 0x0000000711a00000, 0x0000000711c00000|  0%| F|  |TAMS 0x0000000711a00000, 0x0000000711a00000| Untracked 
|  95|0x0000000711c00000, 0x0000000711c00000, 0x0000000711e00000|  0%| F|  |TAMS 0x0000000711c00000, 0x0000000711c00000| Untracked 
|  96|0x0000000711e00000, 0x0000000711e00000, 0x0000000712000000|  0%| F|  |TAMS 0x0000000711e00000, 0x0000000711e00000| Untracked 
|  97|0x0000000712000000, 0x0000000712000000, 0x0000000712200000|  0%| F|  |TAMS 0x0000000712000000, 0x0000000712000000| Untracked 
|  98|0x0000000712200000, 0x0000000712200000, 0x0000000712400000|  0%| F|  |TAMS 0x0000000712200000, 0x0000000712200000| Untracked 
|  99|0x0000000712400000, 0x0000000712400000, 0x0000000712600000|  0%| F|  |TAMS 0x0000000712400000, 0x0000000712400000| Untracked 
| 100|0x0000000712600000, 0x0000000712600000, 0x0000000712800000|  0%| F|  |TAMS 0x0000000712600000, 0x0000000712600000| Untracked 
| 101|0x0000000712800000, 0x0000000712800000, 0x0000000712a00000|  0%| F|  |TAMS 0x0000000712800000, 0x0000000712800000| Untracked 
| 102|0x0000000712a00000, 0x0000000712a00000, 0x0000000712c00000|  0%| F|  |TAMS 0x0000000712a00000, 0x0000000712a00000| Untracked 
| 103|0x0000000712c00000, 0x0000000712c00000, 0x0000000712e00000|  0%| F|  |TAMS 0x0000000712c00000, 0x0000000712c00000| Untracked 
| 104|0x0000000712e00000, 0x0000000712e00000, 0x0000000713000000|  0%| F|  |TAMS 0x0000000712e00000, 0x0000000712e00000| Untracked 
| 105|0x0000000713000000, 0x0000000713000000, 0x0000000713200000|  0%| F|  |TAMS 0x0000000713000000, 0x0000000713000000| Untracked 
| 106|0x0000000713200000, 0x0000000713200000, 0x0000000713400000|  0%| F|  |TAMS 0x0000000713200000, 0x0000000713200000| Untracked 
| 107|0x0000000713400000, 0x0000000713400000, 0x0000000713600000|  0%| F|  |TAMS 0x0000000713400000, 0x0000000713400000| Untracked 
| 108|0x0000000713600000, 0x0000000713600000, 0x0000000713800000|  0%| F|  |TAMS 0x0000000713600000, 0x0000000713600000| Untracked 
| 109|0x0000000713800000, 0x0000000713800000, 0x0000000713a00000|  0%| F|  |TAMS 0x0000000713800000, 0x0000000713800000| Untracked 
| 110|0x0000000713a00000, 0x0000000713a00000, 0x0000000713c00000|  0%| F|  |TAMS 0x0000000713a00000, 0x0000000713a00000| Untracked 
| 111|0x0000000713c00000, 0x0000000713dac248, 0x0000000713e00000| 83%| E|  |TAMS 0x0000000713c00000, 0x0000000713c00000| Complete 
| 112|0x0000000713e00000, 0x0000000714000000, 0x0000000714000000|100%| E|CS|TAMS 0x0000000713e00000, 0x0000000713e00000| Complete 
| 113|0x0000000714000000, 0x0000000714200000, 0x0000000714200000|100%| S|CS|TAMS 0x0000000714000000, 0x0000000714000000| Complete 
| 114|0x0000000714200000, 0x0000000714400000, 0x0000000714400000|100%| S|CS|TAMS 0x0000000714200000, 0x0000000714200000| Complete 
| 115|0x0000000714400000, 0x0000000714600000, 0x0000000714600000|100%| E|CS|TAMS 0x0000000714400000, 0x0000000714400000| Complete 
| 116|0x0000000714600000, 0x0000000714800000, 0x0000000714800000|100%| E|CS|TAMS 0x0000000714600000, 0x0000000714600000| Complete 
| 117|0x0000000714800000, 0x0000000714a00000, 0x0000000714a00000|100%| E|CS|TAMS 0x0000000714800000, 0x0000000714800000| Complete 
| 118|0x0000000714a00000, 0x0000000714c00000, 0x0000000714c00000|100%| E|CS|TAMS 0x0000000714a00000, 0x0000000714a00000| Complete 
| 119|0x0000000714c00000, 0x0000000714e00000, 0x0000000714e00000|100%| E|CS|TAMS 0x0000000714c00000, 0x0000000714c00000| Complete 
| 120|0x0000000714e00000, 0x0000000715000000, 0x0000000715000000|100%| E|CS|TAMS 0x0000000714e00000, 0x0000000714e00000| Complete 
| 121|0x0000000715000000, 0x0000000715200000, 0x0000000715200000|100%| E|CS|TAMS 0x0000000715000000, 0x0000000715000000| Complete 
| 122|0x0000000715200000, 0x0000000715400000, 0x0000000715400000|100%| E|CS|TAMS 0x0000000715200000, 0x0000000715200000| Complete 
| 123|0x0000000715400000, 0x0000000715600000, 0x0000000715600000|100%| E|CS|TAMS 0x0000000715400000, 0x0000000715400000| Complete 
| 124|0x0000000715600000, 0x0000000715800000, 0x0000000715800000|100%| E|CS|TAMS 0x0000000715600000, 0x0000000715600000| Complete 
| 125|0x0000000715800000, 0x0000000715a00000, 0x0000000715a00000|100%| E|CS|TAMS 0x0000000715800000, 0x0000000715800000| Complete 

Card table byte_map: [0x0000017130fb0000,0x0000017131790000] _byte_map_base: 0x000001712d781000

Marking Bits (Prev, Next): (CMBitMap*) 0x000001711905ed10, (CMBitMap*) 0x000001711905ed50
 Prev Bits: [0x0000017131f70000, 0x0000017135df8000)
 Next Bits: [0x0000017135e00000, 0x0000017139c88000)

Polling page: 0x00000171187a0000

Metaspace:

Usage:
  Non-class:      9.94 MB used.
      Class:      1.43 MB used.
       Both:     11.37 MB used.

Virtual space:
  Non-class space:       64.00 MB reserved,      10.06 MB ( 16%) committed,  1 nodes.
      Class space:        1.00 GB reserved,       1.50 MB ( <1%) committed,  1 nodes.
             Both:        1.06 GB reserved,      11.56 MB (  1%) committed. 

Chunk freelists:
   Non-Class:  1.83 MB
       Class:  2.38 MB
        Both:  4.20 MB

MaxMetaspaceSize: unlimited
CompressedClassSpaceSize: 1.00 GB
Initial GC threshold: 21.00 MB
Current GC threshold: 21.00 MB
CDS: on
MetaspaceReclaimPolicy: balanced
 - commit_granule_bytes: 65536.
 - commit_granule_words: 8192.
 - virtual_space_node_default_size: 8388608.
 - enlarge_chunks_in_place: 1.
 - new_chunks_are_fully_committed: 0.
 - uncommit_free_chunks: 1.
 - use_allocation_guard: 0.


Internal statistics:

num_allocs_failed_limit: 0.
num_arena_births: 210.
num_arena_deaths: 0.
num_vsnodes_births: 2.
num_vsnodes_deaths: 0.
num_space_committed: 185.
num_space_uncommitted: 0.
num_chunks_returned_to_freelist: 0.
num_chunks_taken_from_freelist: 620.
num_chunk_merges: 0.
num_chunk_splits: 373.
num_chunks_enlarged: 270.
num_inconsistent_stats: 0.

CodeHeap 'non-profiled nmethods': size=119168Kb used=653Kb max_used=653Kb free=118514Kb
 bounds [0x0000017128ae0000, 0x0000017128d50000, 0x000001712ff40000]
CodeHeap 'profiled nmethods': size=119104Kb used=3767Kb max_used=3767Kb free=115336Kb
 bounds [0x0000017120f40000, 0x00000171212f0000, 0x0000017128390000]
CodeHeap 'non-nmethods': size=7488Kb used=2946Kb max_used=2971Kb free=4541Kb
 bounds [0x0000017128390000, 0x0000017128680000, 0x0000017128ae0000]
 total_blobs=2358 nmethods=1886 adapters=379
 compilation: enabled
              stopped_count=0, restarted_count=0
 full_count=0

Compilation events (20 events):
Event: 0.717 Thread 0x00000171410b7110 1850       3       java.util.concurrent.CopyOnWriteArrayList$COWIterator::hasNext (18 bytes)
Event: 0.717 Thread 0x00000171410b7110 nmethod 1850 0x00000171212e0610 code [0x00000171212e07a0, 0x00000171212e0918]
Event: 0.717 Thread 0x0000017141142100 1851       1       org.springframework.core.env.PropertySource::getSource (5 bytes)
Event: 0.717 Thread 0x0000017141142100 nmethod 1851 0x0000017128b7ff90 code [0x0000017128b80120, 0x0000017128b801f8]
Event: 0.717 Thread 0x00000171410b7110 1852       1       java.util.Collections$EmptyIterator::hasNext (2 bytes)
Event: 0.717 Thread 0x00000171410b7110 nmethod 1852 0x0000017128b80290 code [0x0000017128b80420, 0x0000017128b804f8]
Event: 0.718 Thread 0x0000017141142100 1853       3       java.util.Objects::nonNull (10 bytes)
Event: 0.718 Thread 0x00000171410b7110 1855       3       java.util.stream.StreamSpliterators$WrappingSpliterator$$Lambda$315/0x000000080106e598::getAsBoolean (8 bytes)
Event: 0.718 Thread 0x0000017141009680 1856       3       java.util.stream.StreamSpliterators$WrappingSpliterator::lambda$initPartialTraversalState$0 (14 bytes)
Event: 0.718 Thread 0x0000017141142100 nmethod 1853 0x00000171212e0a10 code [0x00000171212e0ba0, 0x00000171212e0cf8]
Event: 0.718 Thread 0x0000017141142680 1854       3       org.springframework.boot.context.properties.source.ConfigurationPropertyName$ElementType::allowsFastEqualityCheck (20 bytes)
Event: 0.718 Thread 0x0000017141142100 1857       3       org.springframework.boot.context.properties.source.SpringIterableConfigurationPropertySource$$Lambda$500/0x0000000801191d10::test (8 bytes)
Event: 0.718 Thread 0x0000017141009680 nmethod 1856 0x00000171212e0d90 code [0x00000171212e0f40, 0x00000171212e1128]
Event: 0.718 Thread 0x0000017141009680 1858       3       org.springframework.boot.context.properties.bind.IndexedElementsBinder$$Lambda$499/0x0000000801191518::test (12 bytes)
Event: 0.718 Thread 0x00000171410b7110 nmethod 1855 0x00000171212e1210 code [0x00000171212e13c0, 0x00000171212e1608]
Event: 0.718 Thread 0x0000017141142680 nmethod 1854 0x00000171212e1710 code [0x00000171212e18c0, 0x00000171212e1a78]
Event: 0.718 Thread 0x0000017141142100 nmethod 1857 0x00000171212e1b10 code [0x00000171212e1cc0, 0x00000171212e1f78]
Event: 0.718 Thread 0x0000017141009680 nmethod 1858 0x00000171212e2090 code [0x00000171212e2280, 0x00000171212e27f8]
Event: 0.718 Thread 0x0000017141142680 1859       3       org.springframework.boot.context.properties.source.ConfigurationPropertyName$ElementsParser::<init> (37 bytes)
Event: 0.718 Thread 0x0000017141142680 nmethod 1859 0x00000171212e2a10 code [0x00000171212e2bc0, 0x00000171212e3098]

GC Heap History (2 events):
Event: 0.319 GC heap before
{Heap before GC invocations=0 (full 0):
 garbage-first heap   total 258048K, used 20480K [0x0000000705e00000, 0x0000000800000000)
  region size 2048K, 11 young (22528K), 0 survivors (0K)
 Metaspace       used 4550K, committed 4736K, reserved 1114112K
  class space    used 534K, committed 576K, reserved 1048576K
}
Event: 0.321 GC heap after
{Heap after GC invocations=1 (full 0):
 garbage-first heap   total 258048K, used 5311K [0x0000000705e00000, 0x0000000800000000)
  region size 2048K, 2 young (4096K), 2 survivors (4096K)
 Metaspace       used 4550K, committed 4736K, reserved 1114112K
  class space    used 534K, committed 576K, reserved 1048576K
}

Dll operation events (10 events):
Event: 0.005 Loaded shared library C:\Program Files\Java\jdk-19\bin\java.dll
Event: 0.010 Loaded shared library C:\Program Files\Java\jdk-19\bin\jsvml.dll
Event: 0.057 Loaded shared library C:\Program Files\Java\jdk-19\bin\zip.dll
Event: 0.058 Loaded shared library C:\Program Files\Java\jdk-19\bin\instrument.dll
Event: 0.061 Loaded shared library C:\Program Files\Java\jdk-19\bin\net.dll
Event: 0.062 Loaded shared library C:\Program Files\Java\jdk-19\bin\nio.dll
Event: 0.065 Loaded shared library C:\Program Files\Java\jdk-19\bin\zip.dll
Event: 0.072 Loaded shared library C:\Program Files\JetBrains\IntelliJ IDEA 2022.1.2\bin\breakgen64.dll
Event: 0.077 Loaded shared library C:\Program Files\Java\jdk-19\bin\extnet.dll
Event: 0.131 Loaded shared library C:\Program Files\Java\jdk-19\bin\jimage.dll

Deoptimization events (20 events):
Event: 0.505 Thread 0x0000017118fecd10 DEOPT PACKING pc=0x0000017128b13e3c sp=0x00000011936fcac0
Event: 0.505 Thread 0x0000017118fecd10 DEOPT UNPACKING pc=0x00000171283f6da3 sp=0x00000011936fca48 mode 2
Event: 0.505 Thread 0x0000017118fecd10 Uncommon trap: trap_request=0xffffff45 fr.pc=0x0000017128b32700 relative=0x0000000000001460
Event: 0.505 Thread 0x0000017118fecd10 Uncommon trap: reason=unstable_if action=reinterpret pc=0x0000017128b32700 method=java.io.WinNTFileSystem.normalize(Ljava/lang/String;)Ljava/lang/String; @ 128 c2
Event: 0.505 Thread 0x0000017118fecd10 DEOPT PACKING pc=0x0000017128b32700 sp=0x00000011936fca60
Event: 0.505 Thread 0x0000017118fecd10 DEOPT UNPACKING pc=0x00000171283f6da3 sp=0x00000011936fca38 mode 2
Event: 0.506 Thread 0x0000017118fecd10 Uncommon trap: trap_request=0xffffff45 fr.pc=0x0000017128b06840 relative=0x0000000000000040
Event: 0.506 Thread 0x0000017118fecd10 Uncommon trap: reason=unstable_if action=reinterpret pc=0x0000017128b06840 method=sun.nio.fs.WindowsPathParser.isSlash(C)Z @ 9 c2
Event: 0.507 Thread 0x0000017118fecd10 DEOPT PACKING pc=0x0000017128b06840 sp=0x00000011936fcd60
Event: 0.507 Thread 0x0000017118fecd10 DEOPT UNPACKING pc=0x00000171283f6da3 sp=0x00000011936fcce8 mode 2
Event: 0.576 Thread 0x0000017118fecd10 Uncommon trap: trap_request=0xffffff45 fr.pc=0x0000017128b1aeec relative=0x00000000000000cc
Event: 0.576 Thread 0x0000017118fecd10 Uncommon trap: reason=unstable_if action=reinterpret pc=0x0000017128b1aeec method=sun.reflect.generics.parser.SignatureParser.current()C @ 39 c2
Event: 0.576 Thread 0x0000017118fecd10 DEOPT PACKING pc=0x0000017128b1aeec sp=0x00000011936fbc80
Event: 0.576 Thread 0x0000017118fecd10 DEOPT UNPACKING pc=0x00000171283f6da3 sp=0x00000011936fbc18 mode 2
Event: 0.588 Thread 0x0000017118fecd10 DEOPT PACKING pc=0x000001712105fc7d sp=0x00000011936fc470
Event: 0.588 Thread 0x0000017118fecd10 DEOPT UNPACKING pc=0x00000171283f7543 sp=0x00000011936fb8f8 mode 0
Event: 0.676 Thread 0x0000017118fecd10 Uncommon trap: trap_request=0xffffff45 fr.pc=0x0000017128b3fde4 relative=0x0000000000000144
Event: 0.676 Thread 0x0000017118fecd10 Uncommon trap: reason=unstable_if action=reinterpret pc=0x0000017128b3fde4 method=java.util.concurrent.locks.ReentrantLock$NonfairSync.initialTryLock()Z @ 10 c2
Event: 0.676 Thread 0x0000017118fecd10 DEOPT PACKING pc=0x0000017128b3fde4 sp=0x00000011936fbc30
Event: 0.676 Thread 0x0000017118fecd10 DEOPT UNPACKING pc=0x00000171283f6da3 sp=0x00000011936fbbd8 mode 2

Classes loaded (20 events):
Event: 0.682 Loading class com/sun/naming/internal/VersionHelper
Event: 0.683 Loading class com/sun/naming/internal/VersionHelper done
Event: 0.683 Loading class com/sun/naming/internal/VersionHelper$InputStreamEnumeration
Event: 0.683 Loading class javax/naming/NamingEnumeration
Event: 0.683 Loading class javax/naming/NamingEnumeration done
Event: 0.683 Loading class com/sun/naming/internal/VersionHelper$InputStreamEnumeration done
Event: 0.683 Loading class sun/nio/fs/WindowsException
Event: 0.683 Loading class sun/nio/fs/WindowsException done
Event: 0.684 Loading class java/util/Hashtable$KeySet
Event: 0.684 Loading class java/util/Hashtable$KeySet done
Event: 0.684 Loading class javax/naming/spi/NamingManager
Event: 0.684 Loading class javax/naming/spi/NamingManager done
Event: 0.684 Loading class javax/naming/NoInitialContextException
Event: 0.684 Loading class javax/naming/NoInitialContextException done
Event: 0.697 Loading class java/lang/ProcessEnvironment$CheckedKeySet
Event: 0.697 Loading class java/lang/ProcessEnvironment$CheckedKeySet done
Event: 0.698 Loading class java/util/stream/MatchOps$2MatchSink
Event: 0.698 Loading class java/util/stream/MatchOps$2MatchSink done
Event: 0.708 Loading class java/util/regex/Pattern$Neg
Event: 0.708 Loading class java/util/regex/Pattern$Neg done

Classes unloaded (0 events):
No events

Classes redefined (0 events):
No events

Internal exceptions (20 events):
Event: 0.364 Thread 0x0000017118fecd10 Exception <a 'java/io/FileNotFoundException'{0x00000007156fafd0}> (0x00000007156fafd0) 
thrown [s\open\src\hotspot\share\prims\jni.cpp, line 517]
Event: 0.437 Thread 0x0000017118fecd10 Exception <a 'java/lang/NoSuchMethodError'{0x0000000715336750}: 'int java.lang.invoke.DirectMethodHandle$Holder.invokeStaticInit(java.lang.Object, java.lang.Object, java.lang.Object)'> (0x0000000715336750) 
thrown [s\open\src\hotspot\share\interpreter\linkResolver.cpp, line 774]
Event: 0.446 Thread 0x0000017118fecd10 Implicit null exception at 0x0000017128b064af to 0x0000017128b06529
Event: 0.450 Thread 0x0000017118fecd10 Exception <a 'java/lang/NoSuchMethodError'{0x000000071501b7f0}: 'int java.lang.invoke.DirectMethodHandle$Holder.invokeInterface(java.lang.Object, java.lang.Object)'> (0x000000071501b7f0) 
thrown [s\open\src\hotspot\share\interpreter\linkResolver.cpp, line 774]
Event: 0.461 Thread 0x0000017118fecd10 Exception <a 'java/lang/NoSuchMethodError'{0x00000007151004c8}: 'void java.lang.invoke.DirectMethodHandle$Holder.invokeStaticInit(java.lang.Object, java.lang.Object)'> (0x00000007151004c8) 
thrown [s\open\src\hotspot\share\interpreter\linkResolver.cpp, line 774]
Event: 0.505 Thread 0x0000017118fecd10 Exception <a 'java/lang/NoSuchMethodError'{0x0000000714f8cf50}: 'int java.lang.invoke.DirectMethodHandle$Holder.invokeSpecial(java.lang.Object, java.lang.Object, java.lang.Object, java.lang.Object)'> (0x0000000714f8cf50) 
thrown [s\open\src\hotspot\share\interpreter\linkResolver.cpp, line 774]
Event: 0.507 Thread 0x0000017118fecd10 Exception <a 'java/lang/NoSuchMethodError'{0x0000000714fa93b8}: 'int java.lang.invoke.DirectMethodHandle$Holder.invokeSpecial(java.lang.Object, java.lang.Object, java.lang.Object, java.lang.Object, java.lang.Object)'> (0x0000000714fa93b8) 
thrown [s\open\src\hotspot\share\interpreter\linkResolver.cpp, line 774]
Event: 0.508 Thread 0x0000017118fecd10 Exception <a 'java/lang/NoSuchMethodError'{0x0000000714fb2730}: 'void java.lang.invoke.DirectMethodHandle$Holder.invokeVirtual(java.lang.Object, java.lang.Object)'> (0x0000000714fb2730) 
thrown [s\open\src\hotspot\share\interpreter\linkResolver.cpp, line 774]
Event: 0.547 Thread 0x0000017118fecd10 Exception <a 'java/lang/NoSuchMethodError'{0x0000000714a1b700}: 'void java.lang.invoke.DirectMethodHandle$Holder.invokeVirtual(java.lang.Object, java.lang.Object, java.lang.Object, java.lang.Object)'> (0x0000000714a1b700) 
thrown [s\open\src\hotspot\share\interpreter\linkResolver.cpp, line 774]
Event: 0.615 Thread 0x0000017118fecd10 Exception <a 'java/lang/NoSuchMethodError'{0x000000071499d918}: 'java.lang.Object java.lang.invoke.DirectMethodHandle$Holder.newInvokeSpecial(java.lang.Object, java.lang.Object, java.lang.Object, java.lang.Object, java.lang.Object, java.lang.Object, java.lang.Object)'> (0x000000071499d918) 
thrown [s\open\src\hotspot\share\interpreter\linkResolver.cpp, line 774]
Event: 0.626 Thread 0x0000017118fecd10 Exception <a 'java/lang/NoClassDefFoundError'{0x000000071467fa58}: org/springframework/transaction/interceptor/TransactionAttributeSource> (0x000000071467fa58) 
thrown [s\open\src\hotspot\share\classfile\systemDictionary.cpp, line 244]
Event: 0.627 Thread 0x0000017118fecd10 Exception <a 'java/lang/NoClassDefFoundError'{0x0000000714697490}: org/springframework/transaction/interceptor/TransactionAttribute> (0x0000000714697490) 
thrown [s\open\src\hotspot\share\classfile\systemDictionary.cpp, line 244]
Event: 0.628 Thread 0x0000017118fecd10 Exception <a 'java/lang/NoSuchMethodError'{0x00000007146a3f28}: 'int java.lang.invoke.DirectMethodHandle$Holder.invokeVirtual(java.lang.Object, java.lang.Object, java.lang.Object)'> (0x00000007146a3f28) 
thrown [s\open\src\hotspot\share\interpreter\linkResolver.cpp, line 774]
Event: 0.631 Thread 0x0000017118fecd10 Exception <a 'java/lang/NoSuchMethodError'{0x00000007146dc038}: 'java.lang.Object java.lang.invoke.DirectMethodHandle$Holder.invokeInterface(java.lang.Object, java.lang.Object, java.lang.Object, java.lang.Object, java.lang.Object)'> (0x00000007146dc038) 
thrown [s\open\src\hotspot\share\interpreter\linkResolver.cpp, line 774]
Event: 0.631 Thread 0x0000017118fecd10 Exception <a 'java/lang/IncompatibleClassChangeError'{0x00000007146dfe48}: Found class java.lang.Object, but interface was expected> (0x00000007146dfe48) 
thrown [s\open\src\hotspot\share\interpreter\linkResolver.cpp, line 841]
Event: 0.677 Thread 0x0000017118fecd10 Exception <a 'java/lang/IncompatibleClassChangeError'{0x00000007145ce2a8}: Found class java.lang.Object, but interface was expected> (0x00000007145ce2a8) 
thrown [s\open\src\hotspot\share\interpreter\linkResolver.cpp, line 841]
Event: 0.683 Thread 0x0000017118fecd10 Exception <a 'sun/nio/fs/WindowsException'{0x0000000713e14e00}> (0x0000000713e14e00) 
thrown [s\open\src\hotspot\share\prims\jni.cpp, line 517]
Event: 0.711 Thread 0x0000017118fecd10 Exception <a 'java/lang/NoSuchMethodError'{0x0000000713c0d350}: 'java.lang.Object java.lang.invoke.DirectMethodHandle$Holder.invokeSpecial(java.lang.Object, java.lang.Object, java.lang.Object, java.lang.Object, java.lang.Object, java.lang.Object, int)'> (0x0000000713c0d350) 
thrown [s\open\src\hotspot\share\interpreter\linkResolver.cpp, line 774]
Event: 0.712 Thread 0x0000017118fecd10 Exception <a 'java/lang/NoSuchMethodError'{0x0000000713c17e30}: 'java.lang.Object java.lang.invoke.DirectMethodHandle$Holder.newInvokeSpecial(java.lang.Object, java.lang.Object, java.lang.Object, java.lang.Object, java.lang.Object, java.lang.Object, int)'> (0x0000000713c17e30) 
thrown [s\open\src\hotspot\share\interpreter\linkResolver.cpp, line 774]
Event: 0.712 Thread 0x0000017118fecd10 Exception <a 'java/lang/NoSuchMethodError'{0x0000000713c1d3f8}: 'java.lang.Object java.lang.invoke.DirectMethodHandle$Holder.invokeSpecial(java.lang.Object, java.lang.Object, java.lang.Object, java.lang.Object, java.lang.Object, java.lang.Object, java.lang.Object, int)'> (0x0000000713c1d3f8) 
thrown [s\open\src\hotspot\share\interpreter\linkResolver.cpp, line 774]

VM Operations (20 events):
Event: 0.339 Executing VM operation: HandshakeAllThreads
Event: 0.339 Executing VM operation: HandshakeAllThreads done
Event: 0.365 Executing VM operation: HandshakeAllThreads
Event: 0.365 Executing VM operation: HandshakeAllThreads done
Event: 0.374 Executing VM operation: HandshakeAllThreads
Event: 0.374 Executing VM operation: HandshakeAllThreads done
Event: 0.403 Executing VM operation: HandshakeAllThreads
Event: 0.403 Executing VM operation: HandshakeAllThreads done
Event: 0.403 Executing VM operation: HandshakeAllThreads
Event: 0.403 Executing VM operation: HandshakeAllThreads done
Event: 0.451 Executing VM operation: HandshakeAllThreads
Event: 0.451 Executing VM operation: HandshakeAllThreads done
Event: 0.493 Executing VM operation: HandshakeAllThreads
Event: 0.493 Executing VM operation: HandshakeAllThreads done
Event: 0.634 Executing VM operation: HandshakeAllThreads
Event: 0.634 Executing VM operation: HandshakeAllThreads done
Event: 0.678 Executing VM operation: ICBufferFull
Event: 0.679 Executing VM operation: ICBufferFull done
Event: 0.684 Executing VM operation: HandshakeAllThreads
Event: 0.684 Executing VM operation: HandshakeAllThreads done

Events (17 events):
Event: 0.010 Thread 0x0000017118fecd10 Thread added: 0x0000017118fecd10
Event: 0.017 Thread 0x000001713caebdc0 Thread added: 0x000001713caebdc0
Event: 0.017 Thread 0x000001713caecd50 Thread added: 0x000001713caecd50
Event: 0.017 Thread 0x000001713caf1d00 Thread added: 0x000001713caf1d00
Event: 0.017 Thread 0x000001713caf8cf0 Thread added: 0x000001713caf8cf0
Event: 0.017 Thread 0x000001713caf77b0 Thread added: 0x000001713caf77b0
Event: 0.017 Thread 0x000001713caf9240 Thread added: 0x000001713caf9240
Event: 0.017 Thread 0x0000017141008b70 Thread added: 0x0000017141008b70
Event: 0.017 Thread 0x0000017141009680 Thread added: 0x0000017141009680
Event: 0.017 Thread 0x000001713caf9790 Thread added: 0x000001713caf9790
Event: 0.021 Thread 0x00000171410b7110 Thread added: 0x00000171410b7110
Event: 0.047 Thread 0x000001713caf9ce0 Thread added: 0x000001713caf9ce0
Event: 0.052 Thread 0x0000017141142100 Thread added: 0x0000017141142100
Event: 0.052 Thread 0x0000017141142680 Thread added: 0x0000017141142680
Event: 0.055 Thread 0x000001714117f450 Thread added: 0x000001714117f450
Event: 0.072 Thread 0x000001713cafa230 Thread added: 0x000001713cafa230
Event: 0.072 Thread 0x000001713cafa780 Thread added: 0x000001713cafa780


Dynamic libraries:
0x00007ff72eab0000 - 0x00007ff72eac0000 	C:\Program Files\Java\jdk-19\bin\java.exe
0x00007ff911b90000 - 0x00007ff911da7000 	C:\WINDOWS\SYSTEM32\ntdll.dll
0x00007ff90f890000 - 0x00007ff90f954000 	C:\WINDOWS\System32\KERNEL32.DLL
0x00007ff90f240000 - 0x00007ff90f5f7000 	C:\WINDOWS\System32\KERNELBASE.dll
0x00007ff90f0a0000 - 0x00007ff90f1b1000 	C:\WINDOWS\System32\ucrtbase.dll
0x00007ff891f60000 - 0x00007ff891f78000 	C:\Program Files\Java\jdk-19\bin\jli.dll
0x00007ff8906d0000 - 0x00007ff8906eb000 	C:\Program Files\Java\jdk-19\bin\VCRUNTIME140.dll
0x00007ff9103d0000 - 0x00007ff910482000 	C:\WINDOWS\System32\ADVAPI32.dll
0x00007ff911970000 - 0x00007ff911a17000 	C:\WINDOWS\System32\msvcrt.dll
0x00007ff9106c0000 - 0x00007ff910768000 	C:\WINDOWS\System32\sechost.dll
0x00007ff90f630000 - 0x00007ff90f658000 	C:\WINDOWS\System32\bcrypt.dll
0x00007ff910770000 - 0x00007ff910884000 	C:\WINDOWS\System32\RPCRT4.dll
0x00007ff910490000 - 0x00007ff91063f000 	C:\WINDOWS\System32\USER32.dll
0x00007ff8f5350000 - 0x00007ff8f55e3000 	C:\WINDOWS\WinSxS\amd64_microsoft.windows.common-controls_6595b64144ccf1df_6.0.22621.3672_none_2713b9d173822955\COMCTL32.dll
0x00007ff90f600000 - 0x00007ff90f626000 	C:\WINDOWS\System32\win32u.dll
0x00007ff90fea0000 - 0x00007ff90fec9000 	C:\WINDOWS\System32\GDI32.dll
0x00007ff90ee70000 - 0x00007ff90ef88000 	C:\WINDOWS\System32\gdi32full.dll
0x00007ff90f000000 - 0x00007ff90f09a000 	C:\WINDOWS\System32\msvcp_win.dll
0x00007ff909200000 - 0x00007ff90920a000 	C:\WINDOWS\SYSTEM32\VERSION.dll
0x00007ff90fde0000 - 0x00007ff90fe11000 	C:\WINDOWS\System32\IMM32.DLL
0x00007ff893e60000 - 0x00007ff893e6c000 	C:\Program Files\Java\jdk-19\bin\vcruntime140_1.dll
0x00007ff879930000 - 0x00007ff8799be000 	C:\Program Files\Java\jdk-19\bin\msvcp140.dll
0x00007ff873820000 - 0x00007ff8744e0000 	C:\Program Files\Java\jdk-19\bin\server\jvm.dll
0x00007ff8c0d70000 - 0x00007ff8c0d79000 	C:\WINDOWS\SYSTEM32\WSOCK32.dll
0x00007ff908dd0000 - 0x00007ff908e04000 	C:\WINDOWS\SYSTEM32\WINMM.dll
0x00007ff910200000 - 0x00007ff910271000 	C:\WINDOWS\System32\WS2_32.dll
0x00007ff90df50000 - 0x00007ff90df68000 	C:\WINDOWS\SYSTEM32\kernel.appcore.dll
0x00007ff893780000 - 0x00007ff89378a000 	C:\Program Files\Java\jdk-19\bin\jimage.dll
0x00007ff90c6b0000 - 0x00007ff90c8e2000 	C:\WINDOWS\SYSTEM32\DBGHELP.DLL
0x00007ff90fa40000 - 0x00007ff90fdce000 	C:\WINDOWS\System32\combase.dll
0x00007ff90f960000 - 0x00007ff90fa37000 	C:\WINDOWS\System32\OLEAUT32.dll
0x00007ff90b3b0000 - 0x00007ff90b3e2000 	C:\WINDOWS\SYSTEM32\dbgcore.DLL
0x00007ff90f1c0000 - 0x00007ff90f23b000 	C:\WINDOWS\System32\bcryptPrimitives.dll
0x00007ff90ac20000 - 0x00007ff90ac2e000 	C:\Program Files\Java\jdk-19\bin\instrument.dll
0x00007ff879900000 - 0x00007ff879926000 	C:\Program Files\Java\jdk-19\bin\java.dll
0x00007ff873740000 - 0x00007ff873817000 	C:\Program Files\Java\jdk-19\bin\jsvml.dll
0x00007ff910dd0000 - 0x00007ff911639000 	C:\WINDOWS\System32\SHELL32.dll
0x00007ff90cda0000 - 0x00007ff90d69f000 	C:\WINDOWS\SYSTEM32\windows.storage.dll
0x00007ff90cc60000 - 0x00007ff90cd9f000 	C:\WINDOWS\SYSTEM32\wintypes.dll
0x00007ff911a20000 - 0x00007ff911b19000 	C:\WINDOWS\System32\SHCORE.dll
0x00007ff910660000 - 0x00007ff9106be000 	C:\WINDOWS\System32\shlwapi.dll
0x00007ff90eda0000 - 0x00007ff90edc7000 	C:\WINDOWS\SYSTEM32\profapi.dll
0x00007ff8736e0000 - 0x00007ff8736f8000 	C:\Program Files\Java\jdk-19\bin\zip.dll
0x00007ff873720000 - 0x00007ff873733000 	C:\Program Files\Java\jdk-19\bin\net.dll
0x00007ff907b40000 - 0x00007ff907c76000 	C:\WINDOWS\SYSTEM32\WINHTTP.dll
0x00007ff90e420000 - 0x00007ff90e489000 	C:\WINDOWS\system32\mswsock.dll
0x00007ff873700000 - 0x00007ff873716000 	C:\Program Files\Java\jdk-19\bin\nio.dll
0x00007ff8f8800000 - 0x00007ff8f881a000 	C:\Program Files\JetBrains\IntelliJ IDEA 2022.1.2\bin\breakgen64.dll
0x00007ff8906c0000 - 0x00007ff8906c8000 	C:\Program Files\Java\jdk-19\bin\extnet.dll

dbghelp: loaded successfully - version: 4.0.5 - missing functions: none
symbol engine: initialized successfully - sym options: 0x614 - pdb path: .;C:\Program Files\Java\jdk-19\bin;C:\WINDOWS\SYSTEM32;C:\WINDOWS\WinSxS\amd64_microsoft.windows.common-controls_6595b64144ccf1df_6.0.22621.3672_none_2713b9d173822955;C:\Program Files\Java\jdk-19\bin\server;C:\Program Files\JetBrains\IntelliJ IDEA 2022.1.2\bin

VM Arguments:
jvm_args: -ea -Didea.test.cyclic.buffer.size=1048576 -javaagent:C:\Program Files\JetBrains\IntelliJ IDEA 2022.1.2\lib\idea_rt.jar=52297:C:\Program Files\JetBrains\IntelliJ IDEA 2022.1.2\bin -Dfile.encoding=UTF-8 
java_command: com.intellij.rt.junit.JUnitStarter -ideVersion5 -junit5 com.example.website.citu.Test,test
java_class_path (initial): C:\Users\99293\.m2\repository\org\junit\platform\junit-platform-launcher\1.9.3\junit-platform-launcher-1.9.3.jar;C:\Program Files\JetBrains\IntelliJ IDEA 2022.1.2\lib\idea_rt.jar;C:\Program Files\JetBrains\IntelliJ IDEA 2022.1.2\plugins\junit\lib\junit5-rt.jar;C:\Program Files\JetBrains\IntelliJ IDEA 2022.1.2\plugins\junit\lib\junit-rt.jar;D:\website.citu-web\target\test-classes;D:\website.citu-web\target\classes;D:\website.citu-web\lib\javax.jms.jar;D:\website.citu-web\lib\javax.annotation.jar;D:\website.citu-web\lib\javax.transaction.jar;D:\website.citu-web\lib\javax.resource.jar;D:\website.citu-web\lib\javax.servlet.jsp.jstl.jar;D:\website.citu-web\lib\javax.ejb.jar;D:\website.citu-web\lib\javax.servlet.jar;D:\website.citu-web\lib\javax.servlet.jsp.jar;D:\website.citu-web\lib\javax.persistence.jar;C:\Users\99293\.m2\repository\org\bouncycastle\bcprov-jdk15on\1.70\bcprov-jdk15on-1.70.jar;C:\Users\99293\.m2\repository\org\springframework\boot\spring-boot-starter-thymeleaf\3.0.1\spring-boot-starter-thymeleaf-3.0.1.jar;C:\Users\99293\.m2\repository\org\springframework\boot\spring-boot-starter\3.1.2\spring-boot-starter-3.1.2.jar;C:\Users\99293\.m2\repository\org\springframework\boot\spring-boot\3.1.2\spring-boot-3.1.2.jar;C:\Users\99293\.m2\repository\org\springframework\boot\spring-boot-autoconfigure\3.1.2\spring-boot-autoconfigure-3.1.2.jar;C:\Users\99293\.m2\repository\org\springframework\boot\spring-boot-starter-logging\3.1.2\spring-boot-starter-logging-3.1.2.jar;C:\Users\99293\.m2\repository\ch\qos\logback\logback-classic\1.4.8\logback-classic-1.4.8.jar;C:\Users\99293\.m2\repository\ch\qos\logback\logback-core\1.4.8\logback-core-1.4.8.jar;C:\Users\99293\.m2\repository\org\apache\logging\log4j\log4j-to-slf4j\2.20.0\log4j-to-slf4j-2.20.0.jar;C:\Users\99293\.m2\repository\org\apache\logging\log4j\log4j-api\2.20.0\log4j-api-2.20.0.jar;C:\Users\99293\.m2\repository\org\slf4j\jul-to-slf4j\2.0.7\jul-to-slf4j-2.0.7.jar;C:\Users\99293\.m2\repository\jakarta\annotation\jakarta.annotation-api\2.1.1\jakarta.annotation-api-2.1.1.jar;C:\Users\99293\.m2\repository\org\yaml\snakeyaml\1.33\snakeyaml-1.33.jar;C:\Users\99293\.m2\repository\org\thymeleaf\thymeleaf-spring6\3.1.1.RELEASE\thymeleaf-spring6-3.1.1.RELEASE.jar;C:\Users\99293\.m2\repository\org\thymeleaf\thymeleaf\3.1.1.RELEASE\thymeleaf-3.1.1.RELEASE.jar;C:\Users\99293\.m2\repository\org\attoparser\attoparser\2.0.6.RELEASE\attoparser-2.0.6.RELEASE.jar;C:\Users\99293\.m2\repository\org\unbescape\unbescape\1.1.6.RELEASE\unbescape-1.1.6.RELEASE.jar;C:\Users\99293\.m2\repository\org\slf4j\slf4j-api\2.0.7\slf4j-api-2.0.7.jar;C:\Users\99293\.m2\repository\org\springframework\boot\spring-boot-starter-web\3.1.2\spring-boot-starter-web-3.1.2.jar;C:\Users\99293\.m2\repository\org\springframework\boot\spring-boot-starter-json\3.1.2\spring-boot-starter-json-3.1.2.jar;C:\Users\99293\.m2\repository\com\fasterxml\jackson\datatype\jackson-datatype-jdk8\2.15.2\jackson-datatype-jdk8-2.15.2.jar;C:\Users\99293\.m2\repository\com\fasterxml\jackson\datatype\jackson-datatype-jsr310\2.15.2\jackson-datatype-jsr310-2.15.2.jar;C:\Users\99293\.m2\repository\com\fasterxml\jackson\module\jackson-module-parameter-names\2.15.2\jackson-module-parameter-names-2.15.2.jar;C:\Users\99293\.m2\repository\org\springframework\boot\spring-boot-starter-tomcat\3.1.2\spring-boot-starter-tomcat-3.1.2.jar;C:\Users\99293\.m2\repository\org\apache\tomcat\embed\tomcat-embed-core\10.1.11\tomcat-embed-core-10.1.11.jar;C:\Users\99293\.m2\repository\org\apache\tomcat\embed\tomcat-embed-el\10.1.11\tomcat-embed-el-10.1.11.jar;C:\Users\99293\.m2\repository\org\apache\tomcat\embed\tomcat-embed-websocket\10.1.11\tomcat-embed-websocket-10.1.11.jar;C:\Users\99293\.m2\repository\org\springframework\spring-web\6.0.11\spring-web-6.0.11.jar;C:\Users\99293\.m2\repository\org\springframework\spring-beans\6.0.11\spring-beans-6.0.11.jar;C:\Users\99293\.m2\repository\io\micrometer\micrometer-observation\1.11.2\micrometer-observation-1.11.2.jar;C:\Users\99293\.m2\repository\io\micrometer\micrometer-commons\1.11.2\micrometer-commons-1.11.2.jar;C:\Users\99293\.m2\repository\org\springframework\spring-webmvc\6.0.11\spring-webmvc-6.0.11.jar;C:\Users\99293\.m2\repository\org\springframework\spring-aop\6.0.11\spring-aop-6.0.11.jar;C:\Users\99293\.m2\repository\org\springframework\spring-context\6.0.11\spring-context-6.0.11.jar;C:\Users\99293\.m2\repository\org\springframework\spring-expression\6.0.11\spring-expression-6.0.11.jar;C:\Users\99293\.m2\repository\org\projectlombok\lombok\1.18.28\lombok-1.18.28.jar;C:\Users\99293\.m2\repository\org\springframework\boot\spring-boot-starter-test\3.1.2\spring-boot-starter-test-3.1.2.jar;C:\Users\99293\.m2\repository\org\springframework\boot\spring-boot-test\3.1.2\spring-boot-test-3.1.2.jar;C:\Users\99293\.m2\repository\org\springframework\boot\spring-boot-test-autoconfigure\3.1.2\spring-boot-test-autoconfigure-3.1.2.jar;C:\Users\99293\.m2\repository\com\jayway\jsonpath\json-path\2.8.0\json-path-2.8.0.jar;C:\Users\99293\.m2\repository\jakarta\xml\bind\jakarta.xml.bind-api\4.0.0\jakarta.xml.bind-api-4.0.0.jar;C:\Users\99293\.m2\repository\jakarta\activation\jakarta.activation-api\2.1.2\jakarta.activation-api-2.1.2.jar;C:\Users\99293\.m2\repository\net\minidev\json-smart\2.4.11\json-smart-2.4.11.jar;C:\Users\99293\.m2\repository\net\minidev\accessors-smart\2.4.11\accessors-smart-2.4.11.jar;C:\Users\99293\.m2\repository\org\ow2\asm\asm\9.3\asm-9.3.jar;C:\Users\99293\.m2\repository\org\assertj\assertj-core\3.24.2\assertj-core-3.24.2.jar;C:\Users\99293\.m2\repository\net\bytebuddy\byte-buddy\1.14.5\byte-buddy-1.14.5.jar;C:\Users\99293\.m2\repository\org\hamcrest\hamcrest\2.2\hamcrest-2.2.jar;C:\Users\99293\.m2\repository\org\junit\jupiter\junit-jupiter\5.9.3\junit-jupiter-5.9.3.jar;C:\Users\99293\.m2\repository\org\junit\jupiter\junit-jupiter-api\5.9.3\junit-jupiter-api-5.9.3.jar;C:\Users\99293\.m2\repository\org\opentest4j\opentest4j\1.2.0\opentest4j-1.2.0.jar;C:\Users\99293\.m2\repository\org\junit\platform\junit-platform-commons\1.9.3\junit-platform-commons-1.9.3.jar;C:\Users\99293\.m2\repository\org\apiguardian\apiguardian-api\1.1.2\apiguardian-api-1.1.2.jar;C:\Users\99293\.m2\repository\org\junit\jupiter\junit-jupiter-params\5.9.3\junit-jupiter-params-5.9.3.jar;C:\Users\99293\.m2\repository\org\junit\jupiter\junit-jupiter-engine\5.9.3\junit-jupiter-engine-5.9.3.jar;C:\Users\99293\.m2\repository\org\junit\platform\junit-platform-engine\1.9.3\junit-platform-engine-1.9.3.jar;C:\Users\99293\.m2\repository\org\mockito\mockito-core\5.3.1\mockito-core-5.3.1.jar;C:\Users\99293\.m2\repository\net\bytebuddy\byte-buddy-agent\1.14.5\byte-buddy-agent-1.14.5.jar;C:\Users\99293\.m2\repository\org\objenesis\objenesis\3.3\objenesis-3.3.jar;C:\Users\99293\.m2\repository\org\mockito\mockito-junit-jupiter\5.3.1\mockito-junit-jupiter-5.3.1.jar;C:\Users\99293\.m2\repository\org\skyscreamer\jsonassert\1.5.1\jsonassert-1.5.1.jar;C:\Users\99293\.m2\repository\com\vaadin\external\google\android-json\0.0.20131108.vaadin1\android-json-0.0.20131108.vaadin1.jar;C:\Users\99293\.m2\repository\org\springframework\spring-core\6.0.11\spring-core-6.0.11.jar;C:\Users\99293\.m2\repository\org\springframework\spring-jcl\6.0.11\spring-jcl-6.0.11.jar;C:\Users\99293\.m2\repository\org\xmlunit\xmlunit-core\2.9.1\xmlunit-core-2.9.1.jar;C:\Users\99293\.m2\repository\com\fasterxml\jackson\core\jackson-databind\2.13.3\jackson-databind-2.13.3.jar;C:\Users\99293\.m2\repository\com\fasterxml\jackson\core\jackson-annotations\2.15.2\jackson-annotations-2.15.2.jar;C:\Users\99293\.m2\repository\com\fasterxml\jackson\core\jackson-core\2.15.2\jackson-core-2.15.2.jar;C:\Users\99293\.m2\repository\org\springframework\boot\spring-boot-starter-websocket\2.4.0\spring-boot-starter-websocket-2.4.0.jar;C:\Users\99293\.m2\repository\org\springframework\spring-messaging\6.0.11\spring-messaging-6.0.11.jar;C:\Users\99293\.m2\repository\org\springframework\spring-websocket\6.0.11\spring-websocket-6.0.11.jar;C:\Users\99293\.m2\repository\org\springframework\spring-test\6.0.11\spring-test-6.0.11.jar;C:\Users\99293\.m2\repository\org\webjars\bootstrap\5.2.2\bootstrap-5.2.2.jar;C:\Users\99293\.m2\repository\org\aspectj\aspectjweaver\1.9.9.1\aspectjweaver-1.9.9.1.jar
Launcher Type: SUN_STANDARD

[Global flags]
     intx CICompilerCount                          = 12                                        {product} {ergonomic}
     uint ConcGCThreads                            = 3                                         {product} {ergonomic}
     uint G1ConcRefinementThreads                  = 13                                        {product} {ergonomic}
   size_t G1HeapRegionSize                         = 2097152                                   {product} {ergonomic}
    uintx GCDrainStackTargetSize                   = 64                                        {product} {ergonomic}
   size_t InitialHeapSize                          = 264241152                                 {product} {ergonomic}
   size_t MarkStackSize                            = 4194304                                   {product} {ergonomic}
   size_t MaxHeapSize                              = 4196401152                                {product} {ergonomic}
   size_t MaxNewSize                               = 2516582400                                {product} {ergonomic}
   size_t MinHeapDeltaBytes                        = 2097152                                   {product} {ergonomic}
   size_t MinHeapSize                              = 8388608                                   {product} {ergonomic}
    uintx NonNMethodCodeHeapSize                   = 7602480                                {pd product} {ergonomic}
    uintx NonProfiledCodeHeapSize                  = 122027880                              {pd product} {ergonomic}
    uintx ProfiledCodeHeapSize                     = 122027880                              {pd product} {ergonomic}
    uintx ReservedCodeCacheSize                    = 251658240                              {pd product} {ergonomic}
     bool SegmentedCodeCache                       = true                                      {product} {ergonomic}
   size_t SoftMaxHeapSize                          = 4196401152                             {manageable} {ergonomic}
     bool UseCompressedClassPointers               = true                           {product lp64_product} {ergonomic}
     bool UseCompressedOops                        = true                           {product lp64_product} {ergonomic}
     bool UseG1GC                                  = true                                      {product} {ergonomic}
     bool UseLargePagesIndividualAllocation        = false                                  {pd product} {ergonomic}

Logging:
Log output configuration:
 #0: stdout all=warning uptime,level,tags foldmultilines=false
 #1: stderr all=off uptime,level,tags foldmultilines=false

Environment Variables:
JAVA_HOME=C:\Program Files\Java\jdk-19
PATH=C:\Program Files\Common Files\Oracle\Java\javapath;C:\Windows\system32;C:\Windows;C:\Windows\System32\Wbem;C:\Windows\System32\WindowsPowerShell\v1.0\;C:\Windows\System32\OpenSSH\;C:\Program Files (x86)\NVIDIA Corporation\PhysX\Common;C:\Program Files\NVIDIA Corporation\NVIDIA NvDLISR;C:\Program Files (x86)\dotnet\;C:\WINDOWS\system32;C:\WINDOWS;C:\WINDOWS\System32\Wbem;C:\WINDOWS\System32\WindowsPowerShell\v1.0\;C:\WINDOWS\System32\OpenSSH\;C:\Program Files\Java\jdk-19\bin;C:\Program Files\Git\cmd;C:\Users\99293\AppData\Local\Programs\Python\Python311\Scripts\;C:\Users\99293\AppData\Local\Programs\Python\Python311\;C:\Users\99293\AppData\Local\Microsoft\WindowsApps;;C:\Program Files\JetBrains\IntelliJ IDEA 2022.1.2\bin;;C:\Program Files\heroku\bin
USERNAME=ASUS
OS=Windows_NT
PROCESSOR_IDENTIFIER=Intel64 Family 6 Model 154 Stepping 3, GenuineIntel
TMP=C:\Users\99293\AppData\Local\Temp
TEMP=C:\Users\99293\AppData\Local\Temp



---------------  S Y S T E M  ---------------

OS:
 Windows 11 , 64 bit Build 22621 (10.0.22621.3958)
OS uptime: 0 days 1:51 hours
Hyper-V role detected

CPU: total 16 (initial active 16) (8 cores per cpu, 2 threads per core) family 6 model 154 stepping 3 microcode 0x429, cx8, cmov, fxsr, ht, mmx, 3dnowpref, sse, sse2, sse3, ssse3, sse4.1, sse4.2, popcnt, lzcnt, tsc, tscinvbit, avx, avx2, aes, erms, clmul, bmi1, bmi2, adx, sha, fma, vzeroupper, clflush, clflushopt, clwb, hv, serialize, rdtscp, rdpid, fsrm

Memory: 4k page, system-wide physical 16004M (1758M free)
TotalPageFile size 18052M (AvailPageFile size 5M)
current process WorkingSet (physical memory assigned to process): 99M, peak: 99M
current process commit charge ("private bytes"): 382M, peak: 382M

vm_info: Java HotSpot(TM) 64-Bit Server VM (19.0.2+7-44) for windows-amd64 JRE (19.0.2+7-44), built on 2022-11-30T18:02:09Z by "mach5one" with MS VC++ 17.1 (VS2022)

END.
