#
# There is insufficient memory for the Java Runtime Environment to continue.
# Native memory allocation (malloc) failed to allocate 324336 bytes for Chunk::new
# Possible reasons:
#   The system is out of physical RAM or swap space
#   The process is running with CompressedOops enabled, and the Java Heap may be blocking the growth of the native heap
# Possible solutions:
#   Reduce memory load on the system
#   Increase physical memory or swap space
#   Check if swap backing store is full
#   Decrease Java heap size (-Xmx/-Xms)
#   Decrease number of Java threads
#   Decrease Java thread stack sizes (-Xss)
#   Set larger code cache with -XX:ReservedCodeCacheSize=
#   JVM is running with Zero Based Compressed Oops mode in which the Java heap is
#     placed in the first 32GB address space. The Java Heap base address is the
#     maximum limit for the native heap growth. Please use -XX:HeapBaseMinAddress
#     to set the Java Heap base and to place the Java Heap above 32GB virtual address.
# This output file may be truncated or incomplete.
#
#  Out of Memory Error (arena.cpp:184), pid=24876, tid=7764
#
# JRE version: Java(TM) SE Runtime Environment (19.0.2+7) (build 19.0.2+7-44)
# Java VM: Java HotSpot(TM) 64-Bit Server VM (19.0.2+7-44, mixed mode, sharing, tiered, compressed oops, compressed class ptrs, g1 gc, windows-amd64)
# No core dump will be written. Minidumps are not enabled by default on client versions of Windows
#

---------------  S U M M A R Y ------------

Command Line: -Dmaven.multiModuleProjectDirectory=D:\website.citu-web -Dmaven.home=C:\Users\99293\.m2\wrapper\dists\apache-maven-3.9.3-bin\54p6kc7m0ap3os8bc4ge28ia2\apache-maven-3.9.3 -Dclassworlds.conf=C:\Users\99293\.m2\wrapper\dists\apache-maven-3.9.3-bin\54p6kc7m0ap3os8bc4ge28ia2\apache-maven-3.9.3\bin\m2.conf -Dmaven.ext.class.path=C:\Program Files\JetBrains\IntelliJ IDEA 2022.1.2\plugins\maven\lib\maven-event-listener.jar -javaagent:C:\Program Files\JetBrains\IntelliJ IDEA 2022.1.2\lib\idea_rt.jar=55502:C:\Program Files\JetBrains\IntelliJ IDEA 2022.1.2\bin -Dfile.encoding=UTF-8 org.codehaus.classworlds.Launcher -Didea.version=2022.1.2 package

Host: 12th Gen Intel(R) Core(TM) i7-12650H, 16 cores, 15G,  Windows 11 , 64 bit Build 22621 (10.0.22621.4391)
Time: Tue Dec 10 20:28:44 2024  Windows 11 , 64 bit Build 22621 (10.0.22621.4391) elapsed time: 0.415024 seconds (0d 0h 0m 0s)

---------------  T H R E A D  ---------------

Current thread (0x0000026b4d2d1720):  JavaThread "C2 CompilerThread2" daemon [_thread_in_native, id=7764, stack(0x000000758aa00000,0x000000758ab00000)]


Current CompileTask:
C2:    415 1216       4       sun.nio.cs.StreamDecoder::lockedRead (189 bytes)

Stack: [0x000000758aa00000,0x000000758ab00000]
Native frames: (J=compiled Java code, j=interpreted, Vv=VM code, C=native code)
V  [jvm.dll+0x6ee21a]
V  [jvm.dll+0x85765e]
V  [jvm.dll+0x85904e]
V  [jvm.dll+0x859703]
V  [jvm.dll+0x28298f]
V  [jvm.dll+0xc9adf]
V  [jvm.dll+0xc9e65]
V  [jvm.dll+0x2f7caf]
V  [jvm.dll+0x5f076b]
V  [jvm.dll+0x25590c]
V  [jvm.dll+0x24e1a7]
V  [jvm.dll+0x24b673]
V  [jvm.dll+0x1d6ce1]
V  [jvm.dll+0x25b25a]
V  [jvm.dll+0x2596e8]
V  [jvm.dll+0x807588]
V  [jvm.dll+0x80125a]
V  [jvm.dll+0x6ecf0b]
C  [ucrtbase.dll+0x29333]
C  [KERNEL32.DLL+0x1259d]
C  [ntdll.dll+0x5af38]


---------------  P R O C E S S  ---------------

Threads class SMR info:
_java_thread_list=0x0000026b4d5b5b60, length=23, elements={
0x0000026b24810770, 0x0000026b484601f0, 0x0000026b48460fe0, 0x0000026b48466e00,
0x0000026b4846a850, 0x0000026b4846b4e0, 0x0000026b4846de20, 0x0000026b48471f80,
0x0000026b4847a900, 0x0000026b4c808070, 0x0000026b4c8e9110, 0x0000026b4c8ea330,
0x0000026b4c8eccd0, 0x0000026b4c8f7410, 0x0000026b4c932d90, 0x0000026b4ca058b0,
0x0000026b4ca09890, 0x0000026b4d2d1720, 0x0000026b4c9ffbd0, 0x0000026b4d5ea080,
0x0000026b4d5da640, 0x0000026b4d9a9e90, 0x0000026b4dd3be00
}

Java Threads: ( => current thread )
  0x0000026b24810770 JavaThread "main" [_thread_in_vm, id=21208, stack(0x0000007589200000,0x0000007589300000)]
  0x0000026b484601f0 JavaThread "Reference Handler" daemon [_thread_blocked, id=23692, stack(0x0000007589900000,0x0000007589a00000)]
  0x0000026b48460fe0 JavaThread "Finalizer" daemon [_thread_blocked, id=10556, stack(0x0000007589a00000,0x0000007589b00000)]
  0x0000026b48466e00 JavaThread "Signal Dispatcher" daemon [_thread_blocked, id=24624, stack(0x0000007589b00000,0x0000007589c00000)]
  0x0000026b4846a850 JavaThread "Attach Listener" daemon [_thread_blocked, id=25108, stack(0x0000007589c00000,0x0000007589d00000)]
  0x0000026b4846b4e0 JavaThread "Service Thread" daemon [_thread_blocked, id=4232, stack(0x0000007589d00000,0x0000007589e00000)]
  0x0000026b4846de20 JavaThread "Monitor Deflation Thread" daemon [_thread_blocked, id=21556, stack(0x0000007589e00000,0x0000007589f00000)]
  0x0000026b48471f80 JavaThread "C2 CompilerThread0" daemon [_thread_in_native, id=12276, stack(0x0000007589f00000,0x000000758a000000)]
  0x0000026b4847a900 JavaThread "C1 CompilerThread0" daemon [_thread_blocked, id=3364, stack(0x000000758a000000,0x000000758a100000)]
  0x0000026b4c808070 JavaThread "Sweeper thread" daemon [_thread_blocked, id=12068, stack(0x000000758a100000,0x000000758a200000)]
  0x0000026b4c8e9110 JavaThread "Common-Cleaner" daemon [_thread_blocked, id=23820, stack(0x000000758a200000,0x000000758a300000)]
  0x0000026b4c8ea330 JavaThread "C1 CompilerThread1" daemon [_thread_blocked, id=14632, stack(0x000000758a300000,0x000000758a400000)]
  0x0000026b4c8eccd0 JavaThread "C1 CompilerThread2" daemon [_thread_blocked, id=19928, stack(0x000000758a400000,0x000000758a500000)]
  0x0000026b4c8f7410 JavaThread "C1 CompilerThread3" daemon [_thread_blocked, id=13036, stack(0x000000758a500000,0x000000758a600000)]
  0x0000026b4c932d90 JavaThread "C2 CompilerThread1" daemon [_thread_in_native, id=14852, stack(0x000000758a600000,0x000000758a700000)]
  0x0000026b4ca058b0 JavaThread "Monitor Ctrl-Break" daemon [_thread_in_native, id=13040, stack(0x000000758a700000,0x000000758a800000)]
  0x0000026b4ca09890 JavaThread "Notification Thread" daemon [_thread_blocked, id=8104, stack(0x000000758a800000,0x000000758a900000)]
=>0x0000026b4d2d1720 JavaThread "C2 CompilerThread2" daemon [_thread_in_native, id=7764, stack(0x000000758aa00000,0x000000758ab00000)]
  0x0000026b4c9ffbd0 JavaThread "C2 CompilerThread3" daemon [_thread_in_native, id=16616, stack(0x000000758b300000,0x000000758b400000)]
  0x0000026b4d5ea080 JavaThread "C2 CompilerThread4" daemon [_thread_in_native, id=19940, stack(0x000000758b400000,0x000000758b500000)]
  0x0000026b4d5da640 JavaThread "C2 CompilerThread5" daemon [_thread_in_vm, id=10032, stack(0x000000758b500000,0x000000758b600000)]
  0x0000026b4d9a9e90 JavaThread "C2 CompilerThread6" daemon [_thread_in_native, id=13648, stack(0x000000758b600000,0x000000758b700000)]
  0x0000026b4dd3be00 JavaThread "C2 CompilerThread7" daemon [_thread_in_native, id=13192, stack(0x000000758b700000,0x000000758b800000)]

Other Threads:
  0x0000026b48445bf0 VMThread "VM Thread" [stack: 0x0000007589800000,0x0000007589900000] [id=24124]
  0x0000026b4ca0ca70 WatcherThread "VM Periodic Task Thread" [stack: 0x000000758a900000,0x000000758aa00000] [id=24444]
  0x0000026b24881310 WorkerThread "GC Thread#0" [stack: 0x0000007589300000,0x0000007589400000] [id=16164]
  0x0000026b4cd65eb0 WorkerThread "GC Thread#1" [stack: 0x000000758ab00000,0x000000758ac00000] [id=6316]
  0x0000026b4cd66f90 WorkerThread "GC Thread#2" [stack: 0x000000758ac00000,0x000000758ad00000] [id=19960]
  0x0000026b4cd67260 WorkerThread "GC Thread#3" [stack: 0x000000758ad00000,0x000000758ae00000] [id=23204]
  0x0000026b4cd67530 WorkerThread "GC Thread#4" [stack: 0x000000758ae00000,0x000000758af00000] [id=15148]
  0x0000026b4cd66180 WorkerThread "GC Thread#5" [stack: 0x000000758af00000,0x000000758b000000] [id=14132]
  0x0000026b4cd67ad0 WorkerThread "GC Thread#6" [stack: 0x000000758b000000,0x000000758b100000] [id=22224]
  0x0000026b4cd66450 WorkerThread "GC Thread#7" [stack: 0x000000758b100000,0x000000758b200000] [id=8384]
  0x0000026b4cd66720 WorkerThread "GC Thread#8" [stack: 0x000000758b200000,0x000000758b300000] [id=4256]
  0x0000026b24891c80 ConcurrentGCThread "G1 Main Marker" [stack: 0x0000007589400000,0x0000007589500000] [id=4380]
  0x0000026b248926b0 WorkerThread "G1 Conc#0" [stack: 0x0000007589500000,0x0000007589600000] [id=9364]
  0x0000026b482fd810 ConcurrentGCThread "G1 Refine#0" [stack: 0x0000007589600000,0x0000007589700000] [id=11576]
  0x0000026b482fe350 ConcurrentGCThread "G1 Service" [stack: 0x0000007589700000,0x0000007589800000] [id=12436]

Threads with active compile tasks:
C2 CompilerThread0      426 1215   !   4       sun.nio.cs.StreamDecoder::read (78 bytes)
C2 CompilerThread1      426 1220       4       java.io.InputStreamReader::read (11 bytes)
C2 CompilerThread2      426 1216       4       sun.nio.cs.StreamDecoder::lockedRead (189 bytes)
C2 CompilerThread3      426 1221       4       org.codehaus.plexus.util.xml.XmlReader::read (11 bytes)
C2 CompilerThread4      426 1234       4       sun.nio.cs.StreamDecoder::implRead (243 bytes)
C2 CompilerThread6      426 1222       4       org.codehaus.plexus.util.InterpolationFilterReader::read (477 bytes)
C2 CompilerThread7      426 1223       4       java.io.Reader::read (21 bytes)

VM state: not at safepoint (normal execution)

VM Mutex/Monitor currently owned by a thread: None

Heap address: 0x0000000705e00000, size: 4002 MB, Compressed Oops mode: Zero based, Oop shift amount: 3

CDS archive(s) mapped at: [0x0000000800000000-0x0000000800c40000-0x0000000800c40000), size 12845056, SharedBaseAddress: 0x0000000800000000, ArchiveRelocationMode: 0.
Compressed class space mapped at: 0x0000000801000000-0x0000000841000000, reserved size: 1073741824
Narrow klass base: 0x0000000800000000, Narrow klass shift: 0, Narrow klass range: 0x100000000

GC Precious Log:
 CardTable entry size: 512
 Card Set container configuration: InlinePtr #cards 4 size 8 Array Of Cards #cards 16 size 48 Howl #buckets 8 coarsen threshold 3686 Howl Bitmap #cards 512 size 80 coarsen threshold 460 Card regions per heap region 1 cards per card region 4096
 CPUs: 16 total, 16 available
 Memory: 16004M
 Large Page Support: Disabled
 NUMA Support: Disabled
 Compressed Oops: Enabled (Zero based)
 Heap Region Size: 2M
 Heap Min Capacity: 8M
 Heap Initial Capacity: 252M
 Heap Max Capacity: 4002M
 Pre-touch: Disabled
 Parallel Workers: 13
 Concurrent Workers: 3
 Concurrent Refinement Workers: 13
 Periodic GC: Disabled

Heap:
 garbage-first heap   total 258048K, used 5843K [0x0000000705e00000, 0x0000000800000000)
  region size 2048K, 4 young (8192K), 2 survivors (4096K)
 Metaspace       used 6029K, committed 6208K, reserved 1114112K
  class space    used 669K, committed 768K, reserved 1048576K

Heap Regions: E=young(eden), S=young(survivor), O=old, HS=humongous(starts), HC=humongous(continues), CS=collection set, F=free, OA=open archive, CA=closed archive, TAMS=top-at-mark-start (previous, next)
|   0|0x0000000705e00000, 0x0000000705e00000, 0x0000000706000000|  0%| F|  |TAMS 0x0000000705e00000, 0x0000000705e00000| Untracked 
|   1|0x0000000706000000, 0x0000000706000000, 0x0000000706200000|  0%| F|  |TAMS 0x0000000706000000, 0x0000000706000000| Untracked 
|   2|0x0000000706200000, 0x0000000706200000, 0x0000000706400000|  0%| F|  |TAMS 0x0000000706200000, 0x0000000706200000| Untracked 
|   3|0x0000000706400000, 0x0000000706400000, 0x0000000706600000|  0%| F|  |TAMS 0x0000000706400000, 0x0000000706400000| Untracked 
|   4|0x0000000706600000, 0x0000000706600000, 0x0000000706800000|  0%| F|  |TAMS 0x0000000706600000, 0x0000000706600000| Untracked 
|   5|0x0000000706800000, 0x0000000706800000, 0x0000000706a00000|  0%| F|  |TAMS 0x0000000706800000, 0x0000000706800000| Untracked 
|   6|0x0000000706a00000, 0x0000000706a00000, 0x0000000706c00000|  0%| F|  |TAMS 0x0000000706a00000, 0x0000000706a00000| Untracked 
|   7|0x0000000706c00000, 0x0000000706c00000, 0x0000000706e00000|  0%| F|  |TAMS 0x0000000706c00000, 0x0000000706c00000| Untracked 
|   8|0x0000000706e00000, 0x0000000706e00000, 0x0000000707000000|  0%| F|  |TAMS 0x0000000706e00000, 0x0000000706e00000| Untracked 
|   9|0x0000000707000000, 0x0000000707000000, 0x0000000707200000|  0%| F|  |TAMS 0x0000000707000000, 0x0000000707000000| Untracked 
|  10|0x0000000707200000, 0x0000000707200000, 0x0000000707400000|  0%| F|  |TAMS 0x0000000707200000, 0x0000000707200000| Untracked 
|  11|0x0000000707400000, 0x0000000707400000, 0x0000000707600000|  0%| F|  |TAMS 0x0000000707400000, 0x0000000707400000| Untracked 
|  12|0x0000000707600000, 0x0000000707600000, 0x0000000707800000|  0%| F|  |TAMS 0x0000000707600000, 0x0000000707600000| Untracked 
|  13|0x0000000707800000, 0x0000000707800000, 0x0000000707a00000|  0%| F|  |TAMS 0x0000000707800000, 0x0000000707800000| Untracked 
|  14|0x0000000707a00000, 0x0000000707a00000, 0x0000000707c00000|  0%| F|  |TAMS 0x0000000707a00000, 0x0000000707a00000| Untracked 
|  15|0x0000000707c00000, 0x0000000707c00000, 0x0000000707e00000|  0%| F|  |TAMS 0x0000000707c00000, 0x0000000707c00000| Untracked 
|  16|0x0000000707e00000, 0x0000000707e00000, 0x0000000708000000|  0%| F|  |TAMS 0x0000000707e00000, 0x0000000707e00000| Untracked 
|  17|0x0000000708000000, 0x0000000708000000, 0x0000000708200000|  0%| F|  |TAMS 0x0000000708000000, 0x0000000708000000| Untracked 
|  18|0x0000000708200000, 0x0000000708200000, 0x0000000708400000|  0%| F|  |TAMS 0x0000000708200000, 0x0000000708200000| Untracked 
|  19|0x0000000708400000, 0x0000000708400000, 0x0000000708600000|  0%| F|  |TAMS 0x0000000708400000, 0x0000000708400000| Untracked 
|  20|0x0000000708600000, 0x0000000708600000, 0x0000000708800000|  0%| F|  |TAMS 0x0000000708600000, 0x0000000708600000| Untracked 
|  21|0x0000000708800000, 0x0000000708800000, 0x0000000708a00000|  0%| F|  |TAMS 0x0000000708800000, 0x0000000708800000| Untracked 
|  22|0x0000000708a00000, 0x0000000708a00000, 0x0000000708c00000|  0%| F|  |TAMS 0x0000000708a00000, 0x0000000708a00000| Untracked 
|  23|0x0000000708c00000, 0x0000000708c00000, 0x0000000708e00000|  0%| F|  |TAMS 0x0000000708c00000, 0x0000000708c00000| Untracked 
|  24|0x0000000708e00000, 0x0000000708e00000, 0x0000000709000000|  0%| F|  |TAMS 0x0000000708e00000, 0x0000000708e00000| Untracked 
|  25|0x0000000709000000, 0x0000000709000000, 0x0000000709200000|  0%| F|  |TAMS 0x0000000709000000, 0x0000000709000000| Untracked 
|  26|0x0000000709200000, 0x0000000709200000, 0x0000000709400000|  0%| F|  |TAMS 0x0000000709200000, 0x0000000709200000| Untracked 
|  27|0x0000000709400000, 0x0000000709400000, 0x0000000709600000|  0%| F|  |TAMS 0x0000000709400000, 0x0000000709400000| Untracked 
|  28|0x0000000709600000, 0x0000000709600000, 0x0000000709800000|  0%| F|  |TAMS 0x0000000709600000, 0x0000000709600000| Untracked 
|  29|0x0000000709800000, 0x0000000709800000, 0x0000000709a00000|  0%| F|  |TAMS 0x0000000709800000, 0x0000000709800000| Untracked 
|  30|0x0000000709a00000, 0x0000000709a00000, 0x0000000709c00000|  0%| F|  |TAMS 0x0000000709a00000, 0x0000000709a00000| Untracked 
|  31|0x0000000709c00000, 0x0000000709c00000, 0x0000000709e00000|  0%| F|  |TAMS 0x0000000709c00000, 0x0000000709c00000| Untracked 
|  32|0x0000000709e00000, 0x0000000709e00000, 0x000000070a000000|  0%| F|  |TAMS 0x0000000709e00000, 0x0000000709e00000| Untracked 
|  33|0x000000070a000000, 0x000000070a000000, 0x000000070a200000|  0%| F|  |TAMS 0x000000070a000000, 0x000000070a000000| Untracked 
|  34|0x000000070a200000, 0x000000070a200000, 0x000000070a400000|  0%| F|  |TAMS 0x000000070a200000, 0x000000070a200000| Untracked 
|  35|0x000000070a400000, 0x000000070a400000, 0x000000070a600000|  0%| F|  |TAMS 0x000000070a400000, 0x000000070a400000| Untracked 
|  36|0x000000070a600000, 0x000000070a600000, 0x000000070a800000|  0%| F|  |TAMS 0x000000070a600000, 0x000000070a600000| Untracked 
|  37|0x000000070a800000, 0x000000070a800000, 0x000000070aa00000|  0%| F|  |TAMS 0x000000070a800000, 0x000000070a800000| Untracked 
|  38|0x000000070aa00000, 0x000000070aa00000, 0x000000070ac00000|  0%| F|  |TAMS 0x000000070aa00000, 0x000000070aa00000| Untracked 
|  39|0x000000070ac00000, 0x000000070ac00000, 0x000000070ae00000|  0%| F|  |TAMS 0x000000070ac00000, 0x000000070ac00000| Untracked 
|  40|0x000000070ae00000, 0x000000070ae00000, 0x000000070b000000|  0%| F|  |TAMS 0x000000070ae00000, 0x000000070ae00000| Untracked 
|  41|0x000000070b000000, 0x000000070b000000, 0x000000070b200000|  0%| F|  |TAMS 0x000000070b000000, 0x000000070b000000| Untracked 
|  42|0x000000070b200000, 0x000000070b200000, 0x000000070b400000|  0%| F|  |TAMS 0x000000070b200000, 0x000000070b200000| Untracked 
|  43|0x000000070b400000, 0x000000070b400000, 0x000000070b600000|  0%| F|  |TAMS 0x000000070b400000, 0x000000070b400000| Untracked 
|  44|0x000000070b600000, 0x000000070b600000, 0x000000070b800000|  0%| F|  |TAMS 0x000000070b600000, 0x000000070b600000| Untracked 
|  45|0x000000070b800000, 0x000000070b800000, 0x000000070ba00000|  0%| F|  |TAMS 0x000000070b800000, 0x000000070b800000| Untracked 
|  46|0x000000070ba00000, 0x000000070ba00000, 0x000000070bc00000|  0%| F|  |TAMS 0x000000070ba00000, 0x000000070ba00000| Untracked 
|  47|0x000000070bc00000, 0x000000070bc00000, 0x000000070be00000|  0%| F|  |TAMS 0x000000070bc00000, 0x000000070bc00000| Untracked 
|  48|0x000000070be00000, 0x000000070be00000, 0x000000070c000000|  0%| F|  |TAMS 0x000000070be00000, 0x000000070be00000| Untracked 
|  49|0x000000070c000000, 0x000000070c000000, 0x000000070c200000|  0%| F|  |TAMS 0x000000070c000000, 0x000000070c000000| Untracked 
|  50|0x000000070c200000, 0x000000070c200000, 0x000000070c400000|  0%| F|  |TAMS 0x000000070c200000, 0x000000070c200000| Untracked 
|  51|0x000000070c400000, 0x000000070c400000, 0x000000070c600000|  0%| F|  |TAMS 0x000000070c400000, 0x000000070c400000| Untracked 
|  52|0x000000070c600000, 0x000000070c600000, 0x000000070c800000|  0%| F|  |TAMS 0x000000070c600000, 0x000000070c600000| Untracked 
|  53|0x000000070c800000, 0x000000070c800000, 0x000000070ca00000|  0%| F|  |TAMS 0x000000070c800000, 0x000000070c800000| Untracked 
|  54|0x000000070ca00000, 0x000000070ca00000, 0x000000070cc00000|  0%| F|  |TAMS 0x000000070ca00000, 0x000000070ca00000| Untracked 
|  55|0x000000070cc00000, 0x000000070cc00000, 0x000000070ce00000|  0%| F|  |TAMS 0x000000070cc00000, 0x000000070cc00000| Untracked 
|  56|0x000000070ce00000, 0x000000070ce00000, 0x000000070d000000|  0%| F|  |TAMS 0x000000070ce00000, 0x000000070ce00000| Untracked 
|  57|0x000000070d000000, 0x000000070d000000, 0x000000070d200000|  0%| F|  |TAMS 0x000000070d000000, 0x000000070d000000| Untracked 
|  58|0x000000070d200000, 0x000000070d200000, 0x000000070d400000|  0%| F|  |TAMS 0x000000070d200000, 0x000000070d200000| Untracked 
|  59|0x000000070d400000, 0x000000070d400000, 0x000000070d600000|  0%| F|  |TAMS 0x000000070d400000, 0x000000070d400000| Untracked 
|  60|0x000000070d600000, 0x000000070d600000, 0x000000070d800000|  0%| F|  |TAMS 0x000000070d600000, 0x000000070d600000| Untracked 
|  61|0x000000070d800000, 0x000000070d800000, 0x000000070da00000|  0%| F|  |TAMS 0x000000070d800000, 0x000000070d800000| Untracked 
|  62|0x000000070da00000, 0x000000070da00000, 0x000000070dc00000|  0%| F|  |TAMS 0x000000070da00000, 0x000000070da00000| Untracked 
|  63|0x000000070dc00000, 0x000000070dc00000, 0x000000070de00000|  0%| F|  |TAMS 0x000000070dc00000, 0x000000070dc00000| Untracked 
|  64|0x000000070de00000, 0x000000070de00000, 0x000000070e000000|  0%| F|  |TAMS 0x000000070de00000, 0x000000070de00000| Untracked 
|  65|0x000000070e000000, 0x000000070e000000, 0x000000070e200000|  0%| F|  |TAMS 0x000000070e000000, 0x000000070e000000| Untracked 
|  66|0x000000070e200000, 0x000000070e200000, 0x000000070e400000|  0%| F|  |TAMS 0x000000070e200000, 0x000000070e200000| Untracked 
|  67|0x000000070e400000, 0x000000070e400000, 0x000000070e600000|  0%| F|  |TAMS 0x000000070e400000, 0x000000070e400000| Untracked 
|  68|0x000000070e600000, 0x000000070e600000, 0x000000070e800000|  0%| F|  |TAMS 0x000000070e600000, 0x000000070e600000| Untracked 
|  69|0x000000070e800000, 0x000000070e800000, 0x000000070ea00000|  0%| F|  |TAMS 0x000000070e800000, 0x000000070e800000| Untracked 
|  70|0x000000070ea00000, 0x000000070ea00000, 0x000000070ec00000|  0%| F|  |TAMS 0x000000070ea00000, 0x000000070ea00000| Untracked 
|  71|0x000000070ec00000, 0x000000070ec00000, 0x000000070ee00000|  0%| F|  |TAMS 0x000000070ec00000, 0x000000070ec00000| Untracked 
|  72|0x000000070ee00000, 0x000000070ee00000, 0x000000070f000000|  0%| F|  |TAMS 0x000000070ee00000, 0x000000070ee00000| Untracked 
|  73|0x000000070f000000, 0x000000070f000000, 0x000000070f200000|  0%| F|  |TAMS 0x000000070f000000, 0x000000070f000000| Untracked 
|  74|0x000000070f200000, 0x000000070f200000, 0x000000070f400000|  0%| F|  |TAMS 0x000000070f200000, 0x000000070f200000| Untracked 
|  75|0x000000070f400000, 0x000000070f400000, 0x000000070f600000|  0%| F|  |TAMS 0x000000070f400000, 0x000000070f400000| Untracked 
|  76|0x000000070f600000, 0x000000070f600000, 0x000000070f800000|  0%| F|  |TAMS 0x000000070f600000, 0x000000070f600000| Untracked 
|  77|0x000000070f800000, 0x000000070f800000, 0x000000070fa00000|  0%| F|  |TAMS 0x000000070f800000, 0x000000070f800000| Untracked 
|  78|0x000000070fa00000, 0x000000070fa00000, 0x000000070fc00000|  0%| F|  |TAMS 0x000000070fa00000, 0x000000070fa00000| Untracked 
|  79|0x000000070fc00000, 0x000000070fc00000, 0x000000070fe00000|  0%| F|  |TAMS 0x000000070fc00000, 0x000000070fc00000| Untracked 
|  80|0x000000070fe00000, 0x000000070fe00000, 0x0000000710000000|  0%| F|  |TAMS 0x000000070fe00000, 0x000000070fe00000| Untracked 
|  81|0x0000000710000000, 0x0000000710000000, 0x0000000710200000|  0%| F|  |TAMS 0x0000000710000000, 0x0000000710000000| Untracked 
|  82|0x0000000710200000, 0x0000000710200000, 0x0000000710400000|  0%| F|  |TAMS 0x0000000710200000, 0x0000000710200000| Untracked 
|  83|0x0000000710400000, 0x0000000710400000, 0x0000000710600000|  0%| F|  |TAMS 0x0000000710400000, 0x0000000710400000| Untracked 
|  84|0x0000000710600000, 0x0000000710600000, 0x0000000710800000|  0%| F|  |TAMS 0x0000000710600000, 0x0000000710600000| Untracked 
|  85|0x0000000710800000, 0x0000000710800000, 0x0000000710a00000|  0%| F|  |TAMS 0x0000000710800000, 0x0000000710800000| Untracked 
|  86|0x0000000710a00000, 0x0000000710a00000, 0x0000000710c00000|  0%| F|  |TAMS 0x0000000710a00000, 0x0000000710a00000| Untracked 
|  87|0x0000000710c00000, 0x0000000710c00000, 0x0000000710e00000|  0%| F|  |TAMS 0x0000000710c00000, 0x0000000710c00000| Untracked 
|  88|0x0000000710e00000, 0x0000000710e00000, 0x0000000711000000|  0%| F|  |TAMS 0x0000000710e00000, 0x0000000710e00000| Untracked 
|  89|0x0000000711000000, 0x0000000711000000, 0x0000000711200000|  0%| F|  |TAMS 0x0000000711000000, 0x0000000711000000| Untracked 
|  90|0x0000000711200000, 0x0000000711200000, 0x0000000711400000|  0%| F|  |TAMS 0x0000000711200000, 0x0000000711200000| Untracked 
|  91|0x0000000711400000, 0x0000000711400000, 0x0000000711600000|  0%| F|  |TAMS 0x0000000711400000, 0x0000000711400000| Untracked 
|  92|0x0000000711600000, 0x0000000711600000, 0x0000000711800000|  0%| F|  |TAMS 0x0000000711600000, 0x0000000711600000| Untracked 
|  93|0x0000000711800000, 0x0000000711800000, 0x0000000711a00000|  0%| F|  |TAMS 0x0000000711800000, 0x0000000711800000| Untracked 
|  94|0x0000000711a00000, 0x0000000711a00000, 0x0000000711c00000|  0%| F|  |TAMS 0x0000000711a00000, 0x0000000711a00000| Untracked 
|  95|0x0000000711c00000, 0x0000000711c00000, 0x0000000711e00000|  0%| F|  |TAMS 0x0000000711c00000, 0x0000000711c00000| Untracked 
|  96|0x0000000711e00000, 0x0000000711e00000, 0x0000000712000000|  0%| F|  |TAMS 0x0000000711e00000, 0x0000000711e00000| Untracked 
|  97|0x0000000712000000, 0x0000000712000000, 0x0000000712200000|  0%| F|  |TAMS 0x0000000712000000, 0x0000000712000000| Untracked 
|  98|0x0000000712200000, 0x0000000712200000, 0x0000000712400000|  0%| F|  |TAMS 0x0000000712200000, 0x0000000712200000| Untracked 
|  99|0x0000000712400000, 0x0000000712400000, 0x0000000712600000|  0%| F|  |TAMS 0x0000000712400000, 0x0000000712400000| Untracked 
| 100|0x0000000712600000, 0x0000000712600000, 0x0000000712800000|  0%| F|  |TAMS 0x0000000712600000, 0x0000000712600000| Untracked 
| 101|0x0000000712800000, 0x0000000712800000, 0x0000000712a00000|  0%| F|  |TAMS 0x0000000712800000, 0x0000000712800000| Untracked 
| 102|0x0000000712a00000, 0x0000000712a00000, 0x0000000712c00000|  0%| F|  |TAMS 0x0000000712a00000, 0x0000000712a00000| Untracked 
| 103|0x0000000712c00000, 0x0000000712c00000, 0x0000000712e00000|  0%| F|  |TAMS 0x0000000712c00000, 0x0000000712c00000| Untracked 
| 104|0x0000000712e00000, 0x0000000712e00000, 0x0000000713000000|  0%| F|  |TAMS 0x0000000712e00000, 0x0000000712e00000| Untracked 
| 105|0x0000000713000000, 0x0000000713000000, 0x0000000713200000|  0%| F|  |TAMS 0x0000000713000000, 0x0000000713000000| Untracked 
| 106|0x0000000713200000, 0x0000000713200000, 0x0000000713400000|  0%| F|  |TAMS 0x0000000713200000, 0x0000000713200000| Untracked 
| 107|0x0000000713400000, 0x0000000713400000, 0x0000000713600000|  0%| F|  |TAMS 0x0000000713400000, 0x0000000713400000| Untracked 
| 108|0x0000000713600000, 0x0000000713600000, 0x0000000713800000|  0%| F|  |TAMS 0x0000000713600000, 0x0000000713600000| Untracked 
| 109|0x0000000713800000, 0x0000000713800000, 0x0000000713a00000|  0%| F|  |TAMS 0x0000000713800000, 0x0000000713800000| Untracked 
| 110|0x0000000713a00000, 0x0000000713a00000, 0x0000000713c00000|  0%| F|  |TAMS 0x0000000713a00000, 0x0000000713a00000| Untracked 
| 111|0x0000000713c00000, 0x0000000713c00000, 0x0000000713e00000|  0%| F|  |TAMS 0x0000000713c00000, 0x0000000713c00000| Untracked 
| 112|0x0000000713e00000, 0x0000000713e00000, 0x0000000714000000|  0%| F|  |TAMS 0x0000000713e00000, 0x0000000713e00000| Untracked 
| 113|0x0000000714000000, 0x00000007141b4dc8, 0x0000000714200000| 85%| S|CS|TAMS 0x0000000714000000, 0x0000000714000000| Complete 
| 114|0x0000000714200000, 0x0000000714400000, 0x0000000714400000|100%| S|CS|TAMS 0x0000000714200000, 0x0000000714200000| Complete 
| 115|0x0000000714400000, 0x0000000714400000, 0x0000000714600000|  0%| F|  |TAMS 0x0000000714400000, 0x0000000714400000| Untracked 
| 116|0x0000000714600000, 0x0000000714600000, 0x0000000714800000|  0%| F|  |TAMS 0x0000000714600000, 0x0000000714600000| Untracked 
| 117|0x0000000714800000, 0x0000000714800000, 0x0000000714a00000|  0%| F|  |TAMS 0x0000000714800000, 0x0000000714800000| Untracked 
| 118|0x0000000714a00000, 0x0000000714a00000, 0x0000000714c00000|  0%| F|  |TAMS 0x0000000714a00000, 0x0000000714a00000| Untracked 
| 119|0x0000000714c00000, 0x0000000714c00000, 0x0000000714e00000|  0%| F|  |TAMS 0x0000000714c00000, 0x0000000714c00000| Untracked 
| 120|0x0000000714e00000, 0x0000000714e00000, 0x0000000715000000|  0%| F|  |TAMS 0x0000000714e00000, 0x0000000714e00000| Untracked 
| 121|0x0000000715000000, 0x0000000715000000, 0x0000000715200000|  0%| F|  |TAMS 0x0000000715000000, 0x0000000715000000| Untracked 
| 122|0x0000000715200000, 0x0000000715200000, 0x0000000715400000|  0%| F|  |TAMS 0x0000000715200000, 0x0000000715200000| Untracked 
| 123|0x0000000715400000, 0x0000000715400000, 0x0000000715600000|  0%| F|  |TAMS 0x0000000715400000, 0x0000000715400000| Untracked 
| 124|0x0000000715600000, 0x00000007156ab830, 0x0000000715800000| 33%| E|  |TAMS 0x0000000715600000, 0x0000000715600000| Complete 
| 125|0x0000000715800000, 0x0000000715a00000, 0x0000000715a00000|100%| E|CS|TAMS 0x0000000715800000, 0x0000000715800000| Complete 

Card table byte_map: [0x0000026b3c7d0000,0x0000026b3cfb0000] _byte_map_base: 0x0000026b38fa1000

Marking Bits (Prev, Next): (CMBitMap*) 0x0000026b24881940, (CMBitMap*) 0x0000026b24881980
 Prev Bits: [0x0000026b3d790000, 0x0000026b41618000)
 Next Bits: [0x0000026b41620000, 0x0000026b454a8000)

Polling page: 0x0000026b22790000

Metaspace:

Usage:
  Non-class:      5.23 MB used.
      Class:    669.98 KB used.
       Both:      5.89 MB used.

Virtual space:
  Non-class space:       64.00 MB reserved,       5.31 MB (  8%) committed,  1 nodes.
      Class space:        1.00 GB reserved,     768.00 KB ( <1%) committed,  1 nodes.
             Both:        1.06 GB reserved,       6.06 MB ( <1%) committed. 

Chunk freelists:
   Non-Class:  1.16 MB
       Class:  3.30 MB
        Both:  4.45 MB

MaxMetaspaceSize: unlimited
CompressedClassSpaceSize: 1.00 GB
Initial GC threshold: 21.00 MB
Current GC threshold: 21.00 MB
CDS: on
MetaspaceReclaimPolicy: balanced
 - commit_granule_bytes: 65536.
 - commit_granule_words: 8192.
 - virtual_space_node_default_size: 8388608.
 - enlarge_chunks_in_place: 1.
 - new_chunks_are_fully_committed: 0.
 - uncommit_free_chunks: 1.
 - use_allocation_guard: 0.


Internal statistics:

num_allocs_failed_limit: 0.
num_arena_births: 64.
num_arena_deaths: 0.
num_vsnodes_births: 2.
num_vsnodes_deaths: 0.
num_space_committed: 97.
num_space_uncommitted: 0.
num_chunks_returned_to_freelist: 0.
num_chunks_taken_from_freelist: 228.
num_chunk_merges: 0.
num_chunk_splits: 149.
num_chunks_enlarged: 117.
num_inconsistent_stats: 0.

CodeHeap 'non-profiled nmethods': size=119168Kb used=373Kb max_used=373Kb free=118795Kb
 bounds [0x0000026b34310000, 0x0000026b34580000, 0x0000026b3b770000]
CodeHeap 'profiled nmethods': size=119104Kb used=2380Kb max_used=2380Kb free=116723Kb
 bounds [0x0000026b2c770000, 0x0000026b2c9e0000, 0x0000026b33bc0000]
CodeHeap 'non-nmethods': size=7488Kb used=2942Kb max_used=2960Kb free=4545Kb
 bounds [0x0000026b33bc0000, 0x0000026b33eb0000, 0x0000026b34310000]
 total_blobs=1699 nmethods=1232 adapters=375
 compilation: enabled
              stopped_count=0, restarted_count=0
 full_count=0

Compilation events (20 events):
Event: 0.404 Thread 0x0000026b4c8eccd0 nmethod 1228 0x0000026b2c9b4510 code [0x0000026b2c9b46c0, 0x0000026b2c9b4978]
Event: 0.405 Thread 0x0000026b4c8f7410 1230       3       org.codehaus.plexus.util.xml.pull.MXParser::newString (11 bytes)
Event: 0.406 Thread 0x0000026b4c8f7410 nmethod 1230 0x0000026b2c9b4a90 code [0x0000026b2c9b4c40, 0x0000026b2c9b4de8]
Event: 0.406 Thread 0x0000026b4c8eccd0 1231       1       org.codehaus.plexus.util.xml.pull.MXParser::getEventType (5 bytes)
Event: 0.406 Thread 0x0000026b4c8eccd0 nmethod 1231 0x0000026b3436cd10 code [0x0000026b3436cea0, 0x0000026b3436cf58]
Event: 0.406 Thread 0x0000026b4c8ea330 1232       3       org.codehaus.plexus.util.xml.pull.MXParser::getName (84 bytes)
Event: 0.406 Thread 0x0000026b4c8ea330 nmethod 1232 0x0000026b2c9b4f10 code [0x0000026b2c9b50e0, 0x0000026b2c9b54a8]
Event: 0.406 Thread 0x0000026b4847a900 nmethod 1227 0x0000026b2c9b5610 code [0x0000026b2c9b6000, 0x0000026b2c9bbb98]
Event: 0.408 Thread 0x0000026b4847a900 1240       3       org.codehaus.plexus.util.xml.pull.MXParser::isWhitespace (114 bytes)
Event: 0.408 Thread 0x0000026b4c8f7410 1241       3       org.codehaus.plexus.util.xml.pull.MXParser::ensureElementsCapacity (265 bytes)
Event: 0.409 Thread 0x0000026b4847a900 nmethod 1240 0x0000026b2c9be110 code [0x0000026b2c9be340, 0x0000026b2c9bebc8]
Event: 0.409 Thread 0x0000026b4c8f7410 nmethod 1241 0x0000026b2c9bee10 code [0x0000026b2c9bf080, 0x0000026b2c9c01c8]
Event: 0.409 Thread 0x0000026b4847a900 1242       3       java.util.HashMap::isEmpty (13 bytes)
Event: 0.409 Thread 0x0000026b4c8eccd0 1243       3       org.codehaus.plexus.util.xml.pull.MXParser::nextTag (82 bytes)
Event: 0.409 Thread 0x0000026b4c9ffbd0 1229       4       org.codehaus.plexus.util.xml.pull.MXParser::more (106 bytes)
Event: 0.409 Thread 0x0000026b4d5ea080 1234       4       sun.nio.cs.StreamDecoder::implRead (243 bytes)
Event: 0.409 Thread 0x0000026b4847a900 nmethod 1242 0x0000026b2c9c0490 code [0x0000026b2c9c0620, 0x0000026b2c9c0798]
Event: 0.409 Thread 0x0000026b4c8eccd0 nmethod 1243 0x0000026b2c9c0810 code [0x0000026b2c9c0a80, 0x0000026b2c9c13d8]
Event: 0.410 Thread 0x0000026b4c9ffbd0 nmethod 1229 0x0000026b3436d010 code [0x0000026b3436d1a0, 0x0000026b3436d2c8]
Event: 0.410 Thread 0x0000026b4c9ffbd0 1221       4       org.codehaus.plexus.util.xml.XmlReader::read (11 bytes)

GC Heap History (2 events):
Event: 0.393 GC heap before
{Heap before GC invocations=0 (full 0):
 garbage-first heap   total 258048K, used 22528K [0x0000000705e00000, 0x0000000800000000)
  region size 2048K, 11 young (22528K), 0 survivors (0K)
 Metaspace       used 5861K, committed 6016K, reserved 1114112K
  class space    used 650K, committed 704K, reserved 1048576K
}
Event: 0.396 GC heap after
{Heap after GC invocations=1 (full 0):
 garbage-first heap   total 258048K, used 3795K [0x0000000705e00000, 0x0000000800000000)
  region size 2048K, 2 young (4096K), 2 survivors (4096K)
 Metaspace       used 5861K, committed 6016K, reserved 1114112K
  class space    used 650K, committed 704K, reserved 1048576K
}

Dll operation events (12 events):
Event: 0.005 Loaded shared library C:\Program Files\Java\jdk-19\bin\java.dll
Event: 0.011 Loaded shared library C:\Program Files\Java\jdk-19\bin\jsvml.dll
Event: 0.044 Loaded shared library C:\Program Files\Java\jdk-19\bin\zip.dll
Event: 0.046 Loaded shared library C:\Program Files\Java\jdk-19\bin\instrument.dll
Event: 0.048 Loaded shared library C:\Program Files\Java\jdk-19\bin\net.dll
Event: 0.049 Loaded shared library C:\Program Files\Java\jdk-19\bin\nio.dll
Event: 0.051 Loaded shared library C:\Program Files\Java\jdk-19\bin\zip.dll
Event: 0.058 Loaded shared library C:\Program Files\JetBrains\IntelliJ IDEA 2022.1.2\bin\breakgen64.dll
Event: 0.062 Loaded shared library C:\Program Files\Java\jdk-19\bin\extnet.dll
Event: 0.109 Loaded shared library C:\Program Files\Java\jdk-19\bin\jimage.dll
Event: 0.177 Loaded shared library C:\Users\99293\AppData\Local\Temp\jansi-2.4.0-d51d9bfc11e6e2a8-jansi.dll
Event: 0.184 Loaded shared library C:\Program Files\Java\jdk-19\bin\verify.dll

Deoptimization events (20 events):
Event: 0.335 Thread 0x0000026b24810770 DEOPT PACKING pc=0x0000026b2c8560d7 sp=0x00000075892fd5e0
Event: 0.335 Thread 0x0000026b24810770 DEOPT UNPACKING pc=0x0000026b33c27543 sp=0x00000075892fca68 mode 0
Event: 0.379 Thread 0x0000026b24810770 DEOPT PACKING pc=0x0000026b2c7dfcd7 sp=0x00000075892fc950
Event: 0.379 Thread 0x0000026b24810770 DEOPT UNPACKING pc=0x0000026b33c27543 sp=0x00000075892fbdd0 mode 0
Event: 0.397 Thread 0x0000026b24810770 Uncommon trap: trap_request=0xffffffde fr.pc=0x0000026b34350e70 relative=0x0000000000000670
Event: 0.397 Thread 0x0000026b24810770 Uncommon trap: reason=class_check action=maybe_recompile pc=0x0000026b34350e70 method=java.util.regex.Matcher.search(I)Z @ 121 c2
Event: 0.397 Thread 0x0000026b24810770 DEOPT PACKING pc=0x0000026b34350e70 sp=0x00000075892fe320
Event: 0.397 Thread 0x0000026b24810770 DEOPT UNPACKING pc=0x0000026b33c26da3 sp=0x00000075892fe2f0 mode 2
Event: 0.397 Thread 0x0000026b24810770 Uncommon trap: trap_request=0xffffff76 fr.pc=0x0000026b3434c320 relative=0x00000000000002e0
Event: 0.397 Thread 0x0000026b24810770 Uncommon trap: reason=predicate action=maybe_recompile pc=0x0000026b3434c320 method=java.util.regex.Pattern$BmpCharPropertyGreedy.match(Ljava/util/regex/Matcher;ILjava/lang/CharSequence;)Z @ 12 c2
Event: 0.397 Thread 0x0000026b24810770 DEOPT PACKING pc=0x0000026b3434c320 sp=0x00000075892fe0e0
Event: 0.397 Thread 0x0000026b24810770 DEOPT UNPACKING pc=0x0000026b33c26da3 sp=0x00000075892fe098 mode 2
Event: 0.397 Thread 0x0000026b24810770 Uncommon trap: trap_request=0xffffff45 fr.pc=0x0000026b343426d0 relative=0x00000000000000b0
Event: 0.397 Thread 0x0000026b24810770 Uncommon trap: reason=unstable_if action=reinterpret pc=0x0000026b343426d0 method=org.codehaus.plexus.util.xml.pull.MXParser.more()C @ 8 c2
Event: 0.397 Thread 0x0000026b24810770 DEOPT PACKING pc=0x0000026b343426d0 sp=0x00000075892fe570
Event: 0.397 Thread 0x0000026b24810770 DEOPT UNPACKING pc=0x0000026b33c26da3 sp=0x00000075892fe500 mode 2
Event: 0.404 Thread 0x0000026b24810770 Uncommon trap: trap_request=0xffffffde fr.pc=0x0000026b34352700 relative=0x0000000000000a60
Event: 0.404 Thread 0x0000026b24810770 Uncommon trap: reason=class_check action=maybe_recompile pc=0x0000026b34352700 method=java.util.HashMap.putVal(ILjava/lang/Object;Ljava/lang/Object;ZZ)Ljava/lang/Object; @ 91 c2
Event: 0.404 Thread 0x0000026b24810770 DEOPT PACKING pc=0x0000026b34352700 sp=0x00000075892fe580
Event: 0.404 Thread 0x0000026b24810770 DEOPT UNPACKING pc=0x0000026b33c26da3 sp=0x00000075892fe4c8 mode 2

Classes loaded (20 events):
Event: 0.381 Loading class java/lang/reflect/ParameterizedType
Event: 0.381 Loading class java/lang/reflect/ParameterizedType done
Event: 0.382 Loading class java/lang/reflect/WildcardType
Event: 0.382 Loading class java/lang/reflect/WildcardType done
Event: 0.384 Loading class sun/reflect/generics/tree/TypeVariableSignature
Event: 0.384 Loading class sun/reflect/generics/tree/TypeVariableSignature done
Event: 0.391 Loading class java/lang/annotation/IncompleteAnnotationException
Event: 0.391 Loading class java/lang/annotation/IncompleteAnnotationException done
Event: 0.392 Loading class jdk/internal/foreign/MemorySessionImpl
Event: 0.393 Loading class java/lang/foreign/MemorySession
Event: 0.393 Loading class java/lang/foreign/SegmentAllocator
Event: 0.393 Loading class java/lang/foreign/SegmentAllocator done
Event: 0.393 Loading class java/lang/foreign/MemorySession done
Event: 0.393 Loading class jdk/internal/foreign/MemorySessionImpl done
Event: 0.396 Loading class java/util/concurrent/locks/AbstractQueuedSynchronizer$ExclusiveNode
Event: 0.396 Loading class java/util/concurrent/locks/AbstractQueuedSynchronizer$ExclusiveNode done
Event: 0.407 Loading class java/lang/foreign/MemorySegment
Event: 0.407 Loading class java/lang/foreign/Addressable
Event: 0.407 Loading class java/lang/foreign/Addressable done
Event: 0.407 Loading class java/lang/foreign/MemorySegment done

Classes unloaded (0 events):
No events

Classes redefined (0 events):
No events

Internal exceptions (20 events):
Event: 0.063 Thread 0x0000026b4ca058b0 Exception <a 'java/lang/NoSuchMethodError'{0x00000007154077f8}: 'void java.lang.invoke.DirectMethodHandle$Holder.invokeStatic(java.lang.Object, java.lang.Object)'> (0x00000007154077f8) 
thrown [s\open\src\hotspot\share\interpreter\linkResolver.cpp, line 774]
Event: 0.071 Thread 0x0000026b24810770 Exception <a 'java/lang/NoSuchMethodError'{0x00000007154e9100}: 'int java.lang.invoke.DirectMethodHandle$Holder.invokeSpecial(java.lang.Object, java.lang.Object, java.lang.Object)'> (0x00000007154e9100) 
thrown [s\open\src\hotspot\share\interpreter\linkResolver.cpp, line 774]
Event: 0.107 Thread 0x0000026b24810770 Exception <a 'java/lang/NullPointerException'{0x000000071533f580}> (0x000000071533f580) 
thrown [s\open\src\hotspot\share\interpreter\linkResolver.cpp, line 1374]
Event: 0.178 Thread 0x0000026b24810770 Exception <a 'java/lang/NullPointerException'{0x00000007151463d8}> (0x00000007151463d8) 
thrown [s\open\src\hotspot\share\interpreter\linkResolver.cpp, line 1374]
Event: 0.178 Thread 0x0000026b24810770 Exception <a 'java/lang/NullPointerException'{0x00000007151466b8}> (0x00000007151466b8) 
thrown [s\open\src\hotspot\share\interpreter\linkResolver.cpp, line 1374]
Event: 0.178 Thread 0x0000026b24810770 Exception <a 'java/lang/NullPointerException'{0x0000000715146998}> (0x0000000715146998) 
thrown [s\open\src\hotspot\share\interpreter\linkResolver.cpp, line 1374]
Event: 0.179 Thread 0x0000026b24810770 Exception <a 'java/lang/NullPointerException'{0x000000071514c250}> (0x000000071514c250) 
thrown [s\open\src\hotspot\share\interpreter\linkResolver.cpp, line 1374]
Event: 0.180 Thread 0x0000026b24810770 Exception <a 'java/lang/NullPointerException'{0x000000071515f668}> (0x000000071515f668) 
thrown [s\open\src\hotspot\share\interpreter\linkResolver.cpp, line 1374]
Event: 0.180 Thread 0x0000026b24810770 Exception <a 'java/lang/NullPointerException'{0x000000071515f948}> (0x000000071515f948) 
thrown [s\open\src\hotspot\share\interpreter\linkResolver.cpp, line 1374]
Event: 0.180 Thread 0x0000026b24810770 Exception <a 'java/lang/NullPointerException'{0x000000071515fc28}> (0x000000071515fc28) 
thrown [s\open\src\hotspot\share\interpreter\linkResolver.cpp, line 1374]
Event: 0.180 Thread 0x0000026b24810770 Exception <a 'java/lang/NullPointerException'{0x000000071515ff08}> (0x000000071515ff08) 
thrown [s\open\src\hotspot\share\interpreter\linkResolver.cpp, line 1374]
Event: 0.231 Thread 0x0000026b24810770 Exception <a 'java/lang/NoSuchMethodError'{0x0000000714fb4340}: 'java.lang.Object java.lang.invoke.DirectMethodHandle$Holder.invokeSpecialIFC(java.lang.Object, java.lang.Object, java.lang.Object, java.lang.Object)'> (0x0000000714fb4340) 
thrown [s\open\src\hotspot\share\interpreter\linkResolver.cpp, line 774]
Event: 0.323 Thread 0x0000026b24810770 Exception <a 'java/lang/NoSuchMethodError'{0x000000071492dcb8}: 'void java.lang.invoke.DirectMethodHandle$Holder.invokeSpecial(java.lang.Object, java.lang.Object, java.lang.Object)'> (0x000000071492dcb8) 
thrown [s\open\src\hotspot\share\interpreter\linkResolver.cpp, line 774]
Event: 0.338 Thread 0x0000026b24810770 Exception <a 'java/lang/NoSuchMethodError'{0x0000000714677418}: 'java.lang.Object java.lang.invoke.DirectMethodHandle$Holder.invokeInterface(java.lang.Object, java.lang.Object)'> (0x0000000714677418) 
thrown [s\open\src\hotspot\share\interpreter\linkResolver.cpp, line 774]
Event: 0.348 Thread 0x0000026b24810770 Exception <a 'java/lang/NoSuchMethodError'{0x0000000714710d68}: 'int java.lang.invoke.DirectMethodHandle$Holder.invokeStatic(java.lang.Object, java.lang.Object, java.lang.Object, java.lang.Object)'> (0x0000000714710d68) 
thrown [s\open\src\hotspot\share\interpreter\linkResolver.cpp, line 774]
Event: 0.348 Thread 0x0000026b24810770 Exception <a 'java/lang/NoSuchMethodError'{0x00000007147146a8}: 'java.lang.Object java.lang.invoke.Invokers$Holder.invokeExact_MT(java.lang.Object, java.lang.Object, java.lang.Object, java.lang.Object, java.lang.Object, java.lang.Object)'> (0x00000007147146a8) 
thrown [s\open\src\hotspot\share\interpreter\linkResolver.cpp, line 774]
Event: 0.349 Thread 0x0000026b24810770 Exception <a 'java/lang/NoSuchMethodError'{0x00000007147256f0}: 'int java.lang.invoke.DirectMethodHandle$Holder.invokeSpecialIFC(java.lang.Object, java.lang.Object, java.lang.Object, java.lang.Object, java.lang.Object)'> (0x00000007147256f0) 
thrown [s\open\src\hotspot\share\interpreter\linkResolver.cpp, line 774]
Event: 0.372 Thread 0x0000026b24810770 Exception <a 'java/lang/NoSuchMethodError'{0x00000007144b3850}: 'java.lang.Object java.lang.invoke.DirectMethodHandle$Holder.newInvokeSpecial(java.lang.Object, java.lang.Object, java.lang.Object, java.lang.Object, java.lang.Object)'> (0x00000007144b3850) 
thrown [s\open\src\hotspot\share\interpreter\linkResolver.cpp, line 774]
Event: 0.387 Thread 0x0000026b24810770 Exception <a 'java/lang/NoSuchMethodError'{0x00000007145afc20}: 'int java.lang.invoke.DirectMethodHandle$Holder.invokeStaticInit(java.lang.Object, java.lang.Object)'> (0x00000007145afc20) 
thrown [s\open\src\hotspot\share\interpreter\linkResolver.cpp, line 774]
Event: 0.391 Thread 0x0000026b24810770 Exception <a 'java/lang/NoClassDefFoundError'{0x00000007145e56d8}: javax/enterprise/inject/Typed> (0x00000007145e56d8) 
thrown [s\open\src\hotspot\share\classfile\systemDictionary.cpp, line 244]

VM Operations (14 events):
Event: 0.039 Executing VM operation: HandshakeAllThreads
Event: 0.039 Executing VM operation: HandshakeAllThreads done
Event: 0.060 Executing VM operation: HandshakeAllThreads
Event: 0.060 Executing VM operation: HandshakeAllThreads done
Event: 0.106 Executing VM operation: HandshakeAllThreads
Event: 0.106 Executing VM operation: HandshakeAllThreads done
Event: 0.111 Executing VM operation: HandshakeAllThreads
Event: 0.111 Executing VM operation: HandshakeAllThreads done
Event: 0.392 Executing VM operation: ICBufferFull
Event: 0.392 Executing VM operation: ICBufferFull done
Event: 0.393 Executing VM operation: G1CollectForAllocation
Event: 0.396 Executing VM operation: G1CollectForAllocation done
Event: 0.396 Executing VM operation: HandshakeAllThreads
Event: 0.396 Executing VM operation: HandshakeAllThreads done

Events (20 events):
Event: 0.011 Thread 0x0000026b24810770 Thread added: 0x0000026b24810770
Event: 0.020 Thread 0x0000026b484601f0 Thread added: 0x0000026b484601f0
Event: 0.020 Thread 0x0000026b48460fe0 Thread added: 0x0000026b48460fe0
Event: 0.020 Thread 0x0000026b48466e00 Thread added: 0x0000026b48466e00
Event: 0.020 Thread 0x0000026b4846a850 Thread added: 0x0000026b4846a850
Event: 0.020 Thread 0x0000026b4846b4e0 Thread added: 0x0000026b4846b4e0
Event: 0.021 Thread 0x0000026b4846de20 Thread added: 0x0000026b4846de20
Event: 0.021 Thread 0x0000026b48471f80 Thread added: 0x0000026b48471f80
Event: 0.021 Thread 0x0000026b4847a900 Thread added: 0x0000026b4847a900
Event: 0.021 Thread 0x0000026b4c808070 Thread added: 0x0000026b4c808070
Event: 0.035 Thread 0x0000026b4c8e9110 Thread added: 0x0000026b4c8e9110
Event: 0.038 Thread 0x0000026b4c8ea330 Thread added: 0x0000026b4c8ea330
Event: 0.039 Thread 0x0000026b4c8eccd0 Thread added: 0x0000026b4c8eccd0
Event: 0.039 Thread 0x0000026b4c8f7410 Thread added: 0x0000026b4c8f7410
Event: 0.042 Thread 0x0000026b4c932d90 Thread added: 0x0000026b4c932d90
Event: 0.058 Thread 0x0000026b4ca058b0 Thread added: 0x0000026b4ca058b0
Event: 0.058 Thread 0x0000026b4ca09890 Thread added: 0x0000026b4ca09890
Event: 0.283 Thread 0x0000026b4d2d1720 Thread added: 0x0000026b4d2d1720
Event: 0.409 Thread 0x0000026b4c9ffbd0 Thread added: 0x0000026b4c9ffbd0
Event: 0.409 Thread 0x0000026b4d5ea080 Thread added: 0x0000026b4d5ea080


Dynamic libraries:
0x00007ff67dcd0000 - 0x00007ff67dce0000 	C:\Program Files\Java\jdk-19\bin\java.exe
0x00007ff879e30000 - 0x00007ff87a047000 	C:\WINDOWS\SYSTEM32\ntdll.dll
0x00007ff878f10000 - 0x00007ff878fd4000 	C:\WINDOWS\System32\KERNEL32.DLL
0x00007ff877100000 - 0x00007ff8774b9000 	C:\WINDOWS\System32\KERNELBASE.dll
0x00007ff877580000 - 0x00007ff877691000 	C:\WINDOWS\System32\ucrtbase.dll
0x00007ff85e840000 - 0x00007ff85e858000 	C:\Program Files\Java\jdk-19\bin\jli.dll
0x00007ff85dd30000 - 0x00007ff85dd4b000 	C:\Program Files\Java\jdk-19\bin\VCRUNTIME140.dll
0x00007ff879060000 - 0x00007ff879112000 	C:\WINDOWS\System32\ADVAPI32.dll
0x00007ff8791f0000 - 0x00007ff879297000 	C:\WINDOWS\System32\msvcrt.dll
0x00007ff878640000 - 0x00007ff8786e7000 	C:\WINDOWS\System32\sechost.dll
0x00007ff8778b0000 - 0x00007ff8778d8000 	C:\WINDOWS\System32\bcrypt.dll
0x00007ff879ca0000 - 0x00007ff879db4000 	C:\WINDOWS\System32\RPCRT4.dll
0x00007ff878d60000 - 0x00007ff878f0e000 	C:\WINDOWS\System32\USER32.dll
0x00007ff8654c0000 - 0x00007ff865752000 	C:\WINDOWS\WinSxS\amd64_microsoft.windows.common-controls_6595b64144ccf1df_6.0.22621.4391_none_2715d37f73803e96\COMCTL32.dll
0x00007ff877880000 - 0x00007ff8778a6000 	C:\WINDOWS\System32\win32u.dll
0x00007ff878cd0000 - 0x00007ff878cf9000 	C:\WINDOWS\System32\GDI32.dll
0x00007ff8778e0000 - 0x00007ff8779fb000 	C:\WINDOWS\System32\gdi32full.dll
0x00007ff86eb70000 - 0x00007ff86eb7a000 	C:\WINDOWS\SYSTEM32\VERSION.dll
0x00007ff877a00000 - 0x00007ff877a9a000 	C:\WINDOWS\System32\msvcp_win.dll
0x00007ff8791b0000 - 0x00007ff8791e1000 	C:\WINDOWS\System32\IMM32.DLL
0x00007ff863940000 - 0x00007ff86394c000 	C:\Program Files\Java\jdk-19\bin\vcruntime140_1.dll
0x00007ff82f090000 - 0x00007ff82f11e000 	C:\Program Files\Java\jdk-19\bin\msvcp140.dll
0x00007fffe49c0000 - 0x00007fffe5680000 	C:\Program Files\Java\jdk-19\bin\server\jvm.dll
0x00007ff86f070000 - 0x00007ff86f0a4000 	C:\WINDOWS\SYSTEM32\WINMM.dll
0x00007ff873b00000 - 0x00007ff873b09000 	C:\WINDOWS\SYSTEM32\WSOCK32.dll
0x00007ff878fe0000 - 0x00007ff879051000 	C:\WINDOWS\System32\WS2_32.dll
0x00007ff876230000 - 0x00007ff876248000 	C:\WINDOWS\SYSTEM32\kernel.appcore.dll
0x00007ff85ddb0000 - 0x00007ff85ddba000 	C:\Program Files\Java\jdk-19\bin\jimage.dll
0x00007ff874440000 - 0x00007ff874672000 	C:\WINDOWS\SYSTEM32\DBGHELP.DLL
0x00007ff877b20000 - 0x00007ff877eaf000 	C:\WINDOWS\System32\combase.dll
0x00007ff8789c0000 - 0x00007ff878a97000 	C:\WINDOWS\System32\OLEAUT32.dll
0x00007ff86db60000 - 0x00007ff86db92000 	C:\WINDOWS\SYSTEM32\dbgcore.DLL
0x00007ff877aa0000 - 0x00007ff877b1b000 	C:\WINDOWS\System32\bcryptPrimitives.dll
0x00007ff85b830000 - 0x00007ff85b83e000 	C:\Program Files\Java\jdk-19\bin\instrument.dll
0x00007ff8562e0000 - 0x00007ff856306000 	C:\Program Files\Java\jdk-19\bin\java.dll
0x00007ff820bd0000 - 0x00007ff820ca7000 	C:\Program Files\Java\jdk-19\bin\jsvml.dll
0x00007ff8792f0000 - 0x00007ff879b66000 	C:\WINDOWS\System32\SHELL32.dll
0x00007ff875010000 - 0x00007ff875913000 	C:\WINDOWS\SYSTEM32\windows.storage.dll
0x00007ff874ed0000 - 0x00007ff87500f000 	C:\WINDOWS\SYSTEM32\wintypes.dll
0x00007ff879b70000 - 0x00007ff879c69000 	C:\WINDOWS\System32\SHCORE.dll
0x00007ff878d00000 - 0x00007ff878d5e000 	C:\WINDOWS\System32\shlwapi.dll
0x00007ff877030000 - 0x00007ff87705b000 	C:\WINDOWS\SYSTEM32\profapi.dll
0x00007ff8562c0000 - 0x00007ff8562d8000 	C:\Program Files\Java\jdk-19\bin\zip.dll
0x00007ff85d150000 - 0x00007ff85d163000 	C:\Program Files\Java\jdk-19\bin\net.dll
0x00007ff872b50000 - 0x00007ff872c86000 	C:\WINDOWS\SYSTEM32\WINHTTP.dll
0x00007ff8766b0000 - 0x00007ff876719000 	C:\WINDOWS\system32\mswsock.dll
0x00007ff85b850000 - 0x00007ff85b866000 	C:\Program Files\Java\jdk-19\bin\nio.dll
0x00007ff8562a0000 - 0x00007ff8562ba000 	C:\Program Files\JetBrains\IntelliJ IDEA 2022.1.2\bin\breakgen64.dll
0x00007ff85db90000 - 0x00007ff85db98000 	C:\Program Files\Java\jdk-19\bin\extnet.dll
0x0000000069ac0000 - 0x0000000069ae4000 	C:\Users\99293\AppData\Local\Temp\jansi-2.4.0-d51d9bfc11e6e2a8-jansi.dll
0x00007ff85baa0000 - 0x00007ff85bab0000 	C:\Program Files\Java\jdk-19\bin\verify.dll

dbghelp: loaded successfully - version: 4.0.5 - missing functions: none
symbol engine: initialized successfully - sym options: 0x614 - pdb path: .;C:\Program Files\Java\jdk-19\bin;C:\WINDOWS\SYSTEM32;C:\WINDOWS\WinSxS\amd64_microsoft.windows.common-controls_6595b64144ccf1df_6.0.22621.4391_none_2715d37f73803e96;C:\Program Files\Java\jdk-19\bin\server;C:\Program Files\JetBrains\IntelliJ IDEA 2022.1.2\bin;C:\Users\99293\AppData\Local\Temp

VM Arguments:
jvm_args: -Dmaven.multiModuleProjectDirectory=D:\website.citu-web -Dmaven.home=C:\Users\99293\.m2\wrapper\dists\apache-maven-3.9.3-bin\54p6kc7m0ap3os8bc4ge28ia2\apache-maven-3.9.3 -Dclassworlds.conf=C:\Users\99293\.m2\wrapper\dists\apache-maven-3.9.3-bin\54p6kc7m0ap3os8bc4ge28ia2\apache-maven-3.9.3\bin\m2.conf -Dmaven.ext.class.path=C:\Program Files\JetBrains\IntelliJ IDEA 2022.1.2\plugins\maven\lib\maven-event-listener.jar -javaagent:C:\Program Files\JetBrains\IntelliJ IDEA 2022.1.2\lib\idea_rt.jar=55502:C:\Program Files\JetBrains\IntelliJ IDEA 2022.1.2\bin -Dfile.encoding=UTF-8 
java_command: org.codehaus.classworlds.Launcher -Didea.version=2022.1.2 package
java_class_path (initial): C:\Users\99293\.m2\wrapper\dists\apache-maven-3.9.3-bin\54p6kc7m0ap3os8bc4ge28ia2\apache-maven-3.9.3\boot\plexus-classworlds-2.7.0.jar;C:\Users\99293\.m2\wrapper\dists\apache-maven-3.9.3-bin\54p6kc7m0ap3os8bc4ge28ia2\apache-maven-3.9.3\boot\plexus-classworlds.license
Launcher Type: SUN_STANDARD

[Global flags]
     intx CICompilerCount                          = 12                                        {product} {ergonomic}
     uint ConcGCThreads                            = 3                                         {product} {ergonomic}
     uint G1ConcRefinementThreads                  = 13                                        {product} {ergonomic}
   size_t G1HeapRegionSize                         = 2097152                                   {product} {ergonomic}
    uintx GCDrainStackTargetSize                   = 64                                        {product} {ergonomic}
   size_t InitialHeapSize                          = 264241152                                 {product} {ergonomic}
   size_t MarkStackSize                            = 4194304                                   {product} {ergonomic}
   size_t MaxHeapSize                              = 4196401152                                {product} {ergonomic}
   size_t MaxNewSize                               = 2516582400                                {product} {ergonomic}
   size_t MinHeapDeltaBytes                        = 2097152                                   {product} {ergonomic}
   size_t MinHeapSize                              = 8388608                                   {product} {ergonomic}
    uintx NonNMethodCodeHeapSize                   = 7602480                                {pd product} {ergonomic}
    uintx NonProfiledCodeHeapSize                  = 122027880                              {pd product} {ergonomic}
    uintx ProfiledCodeHeapSize                     = 122027880                              {pd product} {ergonomic}
    uintx ReservedCodeCacheSize                    = 251658240                              {pd product} {ergonomic}
     bool SegmentedCodeCache                       = true                                      {product} {ergonomic}
   size_t SoftMaxHeapSize                          = 4196401152                             {manageable} {ergonomic}
     bool UseCompressedClassPointers               = true                           {product lp64_product} {ergonomic}
     bool UseCompressedOops                        = true                           {product lp64_product} {ergonomic}
     bool UseG1GC                                  = true                                      {product} {ergonomic}
     bool UseLargePagesIndividualAllocation        = false                                  {pd product} {ergonomic}

Logging:
Log output configuration:
 #0: stdout all=warning uptime,level,tags foldmultilines=false
 #1: stderr all=off uptime,level,tags foldmultilines=false

Environment Variables:
JAVA_HOME=C:\Program Files\Java\jdk-19
PATH=C:\Program Files\Common Files\Oracle\Java\javapath;C:\Windows\system32;C:\Windows;C:\Windows\System32\Wbem;C:\Windows\System32\WindowsPowerShell\v1.0\;C:\Windows\System32\OpenSSH\;C:\Program Files (x86)\NVIDIA Corporation\PhysX\Common;C:\Program Files\NVIDIA Corporation\NVIDIA NvDLISR;C:\Program Files (x86)\dotnet\;C:\WINDOWS\system32;C:\WINDOWS;C:\WINDOWS\System32\Wbem;C:\WINDOWS\System32\WindowsPowerShell\v1.0\;C:\WINDOWS\System32\OpenSSH\;C:\Program Files\Java\jdk-19\bin;C:\Program Files\Git\cmd;C:\Users\99293\AppData\Local\Programs\Python\Python311\Scripts\;C:\Users\99293\AppData\Local\Programs\Python\Python311\;C:\Users\99293\AppData\Local\Microsoft\WindowsApps;;C:\Program Files\JetBrains\IntelliJ IDEA 2022.1.2\bin;;C:\Program Files\heroku\bin
USERNAME=ASUS
OS=Windows_NT
PROCESSOR_IDENTIFIER=Intel64 Family 6 Model 154 Stepping 3, GenuineIntel
TMP=C:\Users\99293\AppData\Local\Temp
TEMP=C:\Users\99293\AppData\Local\Temp



---------------  S Y S T E M  ---------------

OS:
 Windows 11 , 64 bit Build 22621 (10.0.22621.4391)
OS uptime: 0 days 21:59 hours
Hyper-V role detected

CPU: total 16 (initial active 16) (8 cores per cpu, 2 threads per core) family 6 model 154 stepping 3 microcode 0x429, cx8, cmov, fxsr, ht, mmx, 3dnowpref, sse, sse2, sse3, ssse3, sse4.1, sse4.2, popcnt, lzcnt, tsc, tscinvbit, avx, avx2, aes, erms, clmul, bmi1, bmi2, adx, sha, fma, vzeroupper, clflush, clflushopt, clwb, hv, serialize, rdtscp, rdpid, fsrm

Memory: 4k page, system-wide physical 16004M (2995M free)
TotalPageFile size 18052M (AvailPageFile size 2M)
current process WorkingSet (physical memory assigned to process): 90M, peak: 90M
current process commit charge ("private bytes"): 379M, peak: 379M

vm_info: Java HotSpot(TM) 64-Bit Server VM (19.0.2+7-44) for windows-amd64 JRE (19.0.2+7-44), built on 2022-11-30T18:02:09Z by "mach5one" with MS VC++ 17.1 (VS2022)

END.
