#
# There is insufficient memory for the Java Runtime Environment to continue.
# Native memory allocation (mmap) failed to map 65536 bytes for Failed to commit metaspace.
# Possible reasons:
#   The system is out of physical RAM or swap space
#   The process is running with CompressedOops enabled, and the Java Heap may be blocking the growth of the native heap
# Possible solutions:
#   Reduce memory load on the system
#   Increase physical memory or swap space
#   Check if swap backing store is full
#   Decrease Java heap size (-Xmx/-Xms)
#   Decrease number of Java threads
#   Decrease Java thread stack sizes (-Xss)
#   Set larger code cache with -XX:ReservedCodeCacheSize=
#   JVM is running with Zero Based Compressed Oops mode in which the Java heap is
#     placed in the first 32GB address space. The Java Heap base address is the
#     maximum limit for the native heap growth. Please use -XX:HeapBaseMinAddress
#     to set the Java Heap base and to place the Java Heap above 32GB virtual address.
# This output file may be truncated or incomplete.
#
#  Out of Memory Error (virtualSpaceNode.cpp:110), pid=19148, tid=14488
#
# JRE version: Java(TM) SE Runtime Environment (19.0.2+7) (build 19.0.2+7-44)
# Java VM: Java HotSpot(TM) 64-Bit Server VM (19.0.2+7-44, mixed mode, sharing, tiered, compressed oops, compressed class ptrs, g1 gc, windows-amd64)
# No core dump will be written. Minidumps are not enabled by default on client versions of Windows
#

---------------  S U M M A R Y ------------

Command Line: -Dmaven.multiModuleProjectDirectory=D:\website.citu-web -Dmaven.home=C:\Users\99293\.m2\wrapper\dists\apache-maven-3.9.3-bin\54p6kc7m0ap3os8bc4ge28ia2\apache-maven-3.9.3 -Dclassworlds.conf=C:\Users\99293\.m2\wrapper\dists\apache-maven-3.9.3-bin\54p6kc7m0ap3os8bc4ge28ia2\apache-maven-3.9.3\bin\m2.conf -Dmaven.ext.class.path=C:\Program Files\JetBrains\IntelliJ IDEA 2022.1.2\plugins\maven\lib\maven-event-listener.jar -javaagent:C:\Program Files\JetBrains\IntelliJ IDEA 2022.1.2\lib\idea_rt.jar=59064:C:\Program Files\JetBrains\IntelliJ IDEA 2022.1.2\bin -Dfile.encoding=UTF-8 org.codehaus.classworlds.Launcher -Didea.version=2022.1.2 package

Host: 12th Gen Intel(R) Core(TM) i7-12650H, 16 cores, 15G,  Windows 11 , 64 bit Build 22621 (10.0.22621.4391)
Time: Sun Dec 22 19:19:45 2024  Windows 11 , 64 bit Build 22621 (10.0.22621.4391) elapsed time: 0.099657 seconds (0d 0h 0m 0s)

---------------  T H R E A D  ---------------

Current thread (0x000001e42b0020d0):  JavaThread "main" [_thread_in_vm, id=14488, stack(0x0000000551900000,0x0000000551a00000)]

Stack: [0x0000000551900000,0x0000000551a00000]
Native frames: (J=compiled Java code, j=interpreted, Vv=VM code, C=native code)
V  [jvm.dll+0x6ee21a]
V  [jvm.dll+0x85765e]
V  [jvm.dll+0x85904e]
V  [jvm.dll+0x859703]
V  [jvm.dll+0x28298f]
V  [jvm.dll+0x8532db]
V  [jvm.dll+0x692cb6]
V  [jvm.dll+0x1f2937]
V  [jvm.dll+0x6956f2]
V  [jvm.dll+0x6954de]
V  [jvm.dll+0x6936de]
V  [jvm.dll+0x2801cc]
V  [jvm.dll+0x7432cd]
V  [jvm.dll+0x743ccf]
V  [jvm.dll+0x3c999e]
V  [jvm.dll+0x46a1ef]
V  [jvm.dll+0x474bc4]
C  0x000001e43a3cf95d

Java frames: (J=compiled Java code, j=interpreted, Vv=VM code)
j  java.lang.Class.getDeclaredMethods0(Z)[Ljava/lang/reflect/Method;+0 java.base@19.0.2
j  java.lang.Class.privateGetDeclaredMethods(Z)[Ljava/lang/reflect/Method;+34 java.base@19.0.2
j  java.lang.Class.getMethodsRecursive(Ljava/lang/String;[Ljava/lang/Class;Z)Ljava/lang/PublicMethods$MethodList;+2 java.base@19.0.2
j  java.lang.Class.getMethod0(Ljava/lang/String;[Ljava/lang/Class;)Ljava/lang/reflect/Method;+14 java.base@19.0.2
j  java.lang.Class.getMethod(Ljava/lang/String;[Ljava/lang/Class;)Ljava/lang/reflect/Method;+26 java.base@19.0.2
j  org.codehaus.plexus.classworlds.launcher.Launcher.getEnhancedMainMethod()Ljava/lang/reflect/Method;+32
j  org.codehaus.plexus.classworlds.launcher.Launcher.launchEnhanced([Ljava/lang/String;)V+11
j  org.codehaus.plexus.classworlds.launcher.Launcher.launch([Ljava/lang/String;)V+2
j  org.codehaus.plexus.classworlds.launcher.Launcher.mainWithExitCode([Ljava/lang/String;)I+108
j  org.codehaus.plexus.classworlds.launcher.Launcher.main([Ljava/lang/String;)V+1
j  org.codehaus.classworlds.Launcher.main([Ljava/lang/String;)V+1
v  ~StubRoutines::call_stub 0x000001e43a3b100e

---------------  P R O C E S S  ---------------

Threads class SMR info:
_java_thread_list=0x000001e4532182c0, length=16, elements={
0x000001e42b0020d0, 0x000001e44e09fe90, 0x000001e44e0a0c80, 0x000001e44e0a3a80,
0x000001e44e0a55c0, 0x000001e44e0a8f10, 0x000001e44e0a9840, 0x000001e44e0aa4a0,
0x000001e44e0ace20, 0x000001e44e0b17b0, 0x000001e44e0bd220, 0x000001e44e0bd7a0,
0x000001e44e0bdd20, 0x000001e4531d9e00, 0x000001e4531da750, 0x000001e4533f15d0
}

Java Threads: ( => current thread )
=>0x000001e42b0020d0 JavaThread "main" [_thread_in_vm, id=14488, stack(0x0000000551900000,0x0000000551a00000)]
  0x000001e44e09fe90 JavaThread "Reference Handler" daemon [_thread_blocked, id=3032, stack(0x0000000552000000,0x0000000552100000)]
  0x000001e44e0a0c80 JavaThread "Finalizer" daemon [_thread_blocked, id=2728, stack(0x0000000552100000,0x0000000552200000)]
  0x000001e44e0a3a80 JavaThread "Signal Dispatcher" daemon [_thread_blocked, id=6864, stack(0x0000000552200000,0x0000000552300000)]
  0x000001e44e0a55c0 JavaThread "Attach Listener" daemon [_thread_blocked, id=25336, stack(0x0000000552300000,0x0000000552400000)]
  0x000001e44e0a8f10 JavaThread "Service Thread" daemon [_thread_blocked, id=7856, stack(0x0000000552400000,0x0000000552500000)]
  0x000001e44e0a9840 JavaThread "Monitor Deflation Thread" daemon [_thread_blocked, id=20884, stack(0x0000000552500000,0x0000000552600000)]
  0x000001e44e0aa4a0 JavaThread "C2 CompilerThread0" daemon [_thread_blocked, id=6496, stack(0x0000000552600000,0x0000000552700000)]
  0x000001e44e0ace20 JavaThread "C1 CompilerThread0" daemon [_thread_blocked, id=8336, stack(0x0000000552700000,0x0000000552800000)]
  0x000001e44e0b17b0 JavaThread "Sweeper thread" daemon [_thread_blocked, id=416, stack(0x0000000552800000,0x0000000552900000)]
  0x000001e44e0bd220 JavaThread "C1 CompilerThread1" daemon [_thread_blocked, id=16808, stack(0x0000000552900000,0x0000000552a00000)]
  0x000001e44e0bd7a0 JavaThread "C1 CompilerThread2" daemon [_thread_blocked, id=3080, stack(0x0000000552a00000,0x0000000552b00000)]
  0x000001e44e0bdd20 JavaThread "Common-Cleaner" daemon [_thread_blocked, id=24172, stack(0x0000000552b00000,0x0000000552c00000)]
  0x000001e4531d9e00 JavaThread "Monitor Ctrl-Break" daemon [_thread_in_native, id=6596, stack(0x0000000552c00000,0x0000000552d00000)]
  0x000001e4531da750 JavaThread "Notification Thread" daemon [_thread_blocked, id=11880, stack(0x0000000552d00000,0x0000000552e00000)]
  0x000001e4533f15d0 JavaThread "C2 CompilerThread1" daemon [_thread_blocked, id=22180, stack(0x0000000552f00000,0x0000000553000000)]

Other Threads:
  0x000001e44e087790 VMThread "VM Thread" [stack: 0x0000000551f00000,0x0000000552000000] [id=6968]
  0x000001e4531ded70 WatcherThread "VM Periodic Task Thread" [stack: 0x0000000552e00000,0x0000000552f00000] [id=17208]
  0x000001e42b072c70 WorkerThread "GC Thread#0" [stack: 0x0000000551a00000,0x0000000551b00000] [id=25452]
  0x000001e42b083780 ConcurrentGCThread "G1 Main Marker" [stack: 0x0000000551b00000,0x0000000551c00000] [id=21536]
  0x000001e42b0841b0 WorkerThread "G1 Conc#0" [stack: 0x0000000551c00000,0x0000000551d00000] [id=25136]
  0x000001e42b0be850 ConcurrentGCThread "G1 Refine#0" [stack: 0x0000000551d00000,0x0000000551e00000] [id=15076]
  0x000001e44df44480 ConcurrentGCThread "G1 Service" [stack: 0x0000000551e00000,0x0000000551f00000] [id=25288]

Threads with active compile tasks:

VM state: not at safepoint (normal execution)

VM Mutex/Monitor currently owned by a thread:  ([mutex/lock_event])
[0x000001e42affc0b0] Metaspace_lock - owner thread: 0x000001e42b0020d0

Heap address: 0x0000000705e00000, size: 4002 MB, Compressed Oops mode: Zero based, Oop shift amount: 3

CDS archive(s) mapped at: [0x0000000800000000-0x0000000800c40000-0x0000000800c40000), size 12845056, SharedBaseAddress: 0x0000000800000000, ArchiveRelocationMode: 0.
Compressed class space mapped at: 0x0000000801000000-0x0000000841000000, reserved size: 1073741824
Narrow klass base: 0x0000000800000000, Narrow klass shift: 0, Narrow klass range: 0x100000000

GC Precious Log:
 CardTable entry size: 512
 Card Set container configuration: InlinePtr #cards 4 size 8 Array Of Cards #cards 16 size 48 Howl #buckets 8 coarsen threshold 3686 Howl Bitmap #cards 512 size 80 coarsen threshold 460 Card regions per heap region 1 cards per card region 4096
 CPUs: 16 total, 16 available
 Memory: 16004M
 Large Page Support: Disabled
 NUMA Support: Disabled
 Compressed Oops: Enabled (Zero based)
 Heap Region Size: 2M
 Heap Min Capacity: 8M
 Heap Initial Capacity: 252M
 Heap Max Capacity: 4002M
 Pre-touch: Disabled
 Parallel Workers: 13
 Concurrent Workers: 3
 Concurrent Refinement Workers: 13
 Periodic GC: Disabled

Heap:
 garbage-first heap   total 258048K, used 4096K [0x0000000705e00000, 0x0000000800000000)
  region size 2048K, 3 young (6144K), 0 survivors (0K)
 Metaspace       used 1342K, committed 1472K, reserved 1114112K
  class space    used 106K, committed 192K, reserved 1048576K

Heap Regions: E=young(eden), S=young(survivor), O=old, HS=humongous(starts), HC=humongous(continues), CS=collection set, F=free, OA=open archive, CA=closed archive, TAMS=top-at-mark-start (previous, next)
|   0|0x0000000705e00000, 0x0000000705e00000, 0x0000000706000000|  0%| F|  |TAMS 0x0000000705e00000, 0x0000000705e00000| Untracked 
|   1|0x0000000706000000, 0x0000000706000000, 0x0000000706200000|  0%| F|  |TAMS 0x0000000706000000, 0x0000000706000000| Untracked 
|   2|0x0000000706200000, 0x0000000706200000, 0x0000000706400000|  0%| F|  |TAMS 0x0000000706200000, 0x0000000706200000| Untracked 
|   3|0x0000000706400000, 0x0000000706400000, 0x0000000706600000|  0%| F|  |TAMS 0x0000000706400000, 0x0000000706400000| Untracked 
|   4|0x0000000706600000, 0x0000000706600000, 0x0000000706800000|  0%| F|  |TAMS 0x0000000706600000, 0x0000000706600000| Untracked 
|   5|0x0000000706800000, 0x0000000706800000, 0x0000000706a00000|  0%| F|  |TAMS 0x0000000706800000, 0x0000000706800000| Untracked 
|   6|0x0000000706a00000, 0x0000000706a00000, 0x0000000706c00000|  0%| F|  |TAMS 0x0000000706a00000, 0x0000000706a00000| Untracked 
|   7|0x0000000706c00000, 0x0000000706c00000, 0x0000000706e00000|  0%| F|  |TAMS 0x0000000706c00000, 0x0000000706c00000| Untracked 
|   8|0x0000000706e00000, 0x0000000706e00000, 0x0000000707000000|  0%| F|  |TAMS 0x0000000706e00000, 0x0000000706e00000| Untracked 
|   9|0x0000000707000000, 0x0000000707000000, 0x0000000707200000|  0%| F|  |TAMS 0x0000000707000000, 0x0000000707000000| Untracked 
|  10|0x0000000707200000, 0x0000000707200000, 0x0000000707400000|  0%| F|  |TAMS 0x0000000707200000, 0x0000000707200000| Untracked 
|  11|0x0000000707400000, 0x0000000707400000, 0x0000000707600000|  0%| F|  |TAMS 0x0000000707400000, 0x0000000707400000| Untracked 
|  12|0x0000000707600000, 0x0000000707600000, 0x0000000707800000|  0%| F|  |TAMS 0x0000000707600000, 0x0000000707600000| Untracked 
|  13|0x0000000707800000, 0x0000000707800000, 0x0000000707a00000|  0%| F|  |TAMS 0x0000000707800000, 0x0000000707800000| Untracked 
|  14|0x0000000707a00000, 0x0000000707a00000, 0x0000000707c00000|  0%| F|  |TAMS 0x0000000707a00000, 0x0000000707a00000| Untracked 
|  15|0x0000000707c00000, 0x0000000707c00000, 0x0000000707e00000|  0%| F|  |TAMS 0x0000000707c00000, 0x0000000707c00000| Untracked 
|  16|0x0000000707e00000, 0x0000000707e00000, 0x0000000708000000|  0%| F|  |TAMS 0x0000000707e00000, 0x0000000707e00000| Untracked 
|  17|0x0000000708000000, 0x0000000708000000, 0x0000000708200000|  0%| F|  |TAMS 0x0000000708000000, 0x0000000708000000| Untracked 
|  18|0x0000000708200000, 0x0000000708200000, 0x0000000708400000|  0%| F|  |TAMS 0x0000000708200000, 0x0000000708200000| Untracked 
|  19|0x0000000708400000, 0x0000000708400000, 0x0000000708600000|  0%| F|  |TAMS 0x0000000708400000, 0x0000000708400000| Untracked 
|  20|0x0000000708600000, 0x0000000708600000, 0x0000000708800000|  0%| F|  |TAMS 0x0000000708600000, 0x0000000708600000| Untracked 
|  21|0x0000000708800000, 0x0000000708800000, 0x0000000708a00000|  0%| F|  |TAMS 0x0000000708800000, 0x0000000708800000| Untracked 
|  22|0x0000000708a00000, 0x0000000708a00000, 0x0000000708c00000|  0%| F|  |TAMS 0x0000000708a00000, 0x0000000708a00000| Untracked 
|  23|0x0000000708c00000, 0x0000000708c00000, 0x0000000708e00000|  0%| F|  |TAMS 0x0000000708c00000, 0x0000000708c00000| Untracked 
|  24|0x0000000708e00000, 0x0000000708e00000, 0x0000000709000000|  0%| F|  |TAMS 0x0000000708e00000, 0x0000000708e00000| Untracked 
|  25|0x0000000709000000, 0x0000000709000000, 0x0000000709200000|  0%| F|  |TAMS 0x0000000709000000, 0x0000000709000000| Untracked 
|  26|0x0000000709200000, 0x0000000709200000, 0x0000000709400000|  0%| F|  |TAMS 0x0000000709200000, 0x0000000709200000| Untracked 
|  27|0x0000000709400000, 0x0000000709400000, 0x0000000709600000|  0%| F|  |TAMS 0x0000000709400000, 0x0000000709400000| Untracked 
|  28|0x0000000709600000, 0x0000000709600000, 0x0000000709800000|  0%| F|  |TAMS 0x0000000709600000, 0x0000000709600000| Untracked 
|  29|0x0000000709800000, 0x0000000709800000, 0x0000000709a00000|  0%| F|  |TAMS 0x0000000709800000, 0x0000000709800000| Untracked 
|  30|0x0000000709a00000, 0x0000000709a00000, 0x0000000709c00000|  0%| F|  |TAMS 0x0000000709a00000, 0x0000000709a00000| Untracked 
|  31|0x0000000709c00000, 0x0000000709c00000, 0x0000000709e00000|  0%| F|  |TAMS 0x0000000709c00000, 0x0000000709c00000| Untracked 
|  32|0x0000000709e00000, 0x0000000709e00000, 0x000000070a000000|  0%| F|  |TAMS 0x0000000709e00000, 0x0000000709e00000| Untracked 
|  33|0x000000070a000000, 0x000000070a000000, 0x000000070a200000|  0%| F|  |TAMS 0x000000070a000000, 0x000000070a000000| Untracked 
|  34|0x000000070a200000, 0x000000070a200000, 0x000000070a400000|  0%| F|  |TAMS 0x000000070a200000, 0x000000070a200000| Untracked 
|  35|0x000000070a400000, 0x000000070a400000, 0x000000070a600000|  0%| F|  |TAMS 0x000000070a400000, 0x000000070a400000| Untracked 
|  36|0x000000070a600000, 0x000000070a600000, 0x000000070a800000|  0%| F|  |TAMS 0x000000070a600000, 0x000000070a600000| Untracked 
|  37|0x000000070a800000, 0x000000070a800000, 0x000000070aa00000|  0%| F|  |TAMS 0x000000070a800000, 0x000000070a800000| Untracked 
|  38|0x000000070aa00000, 0x000000070aa00000, 0x000000070ac00000|  0%| F|  |TAMS 0x000000070aa00000, 0x000000070aa00000| Untracked 
|  39|0x000000070ac00000, 0x000000070ac00000, 0x000000070ae00000|  0%| F|  |TAMS 0x000000070ac00000, 0x000000070ac00000| Untracked 
|  40|0x000000070ae00000, 0x000000070ae00000, 0x000000070b000000|  0%| F|  |TAMS 0x000000070ae00000, 0x000000070ae00000| Untracked 
|  41|0x000000070b000000, 0x000000070b000000, 0x000000070b200000|  0%| F|  |TAMS 0x000000070b000000, 0x000000070b000000| Untracked 
|  42|0x000000070b200000, 0x000000070b200000, 0x000000070b400000|  0%| F|  |TAMS 0x000000070b200000, 0x000000070b200000| Untracked 
|  43|0x000000070b400000, 0x000000070b400000, 0x000000070b600000|  0%| F|  |TAMS 0x000000070b400000, 0x000000070b400000| Untracked 
|  44|0x000000070b600000, 0x000000070b600000, 0x000000070b800000|  0%| F|  |TAMS 0x000000070b600000, 0x000000070b600000| Untracked 
|  45|0x000000070b800000, 0x000000070b800000, 0x000000070ba00000|  0%| F|  |TAMS 0x000000070b800000, 0x000000070b800000| Untracked 
|  46|0x000000070ba00000, 0x000000070ba00000, 0x000000070bc00000|  0%| F|  |TAMS 0x000000070ba00000, 0x000000070ba00000| Untracked 
|  47|0x000000070bc00000, 0x000000070bc00000, 0x000000070be00000|  0%| F|  |TAMS 0x000000070bc00000, 0x000000070bc00000| Untracked 
|  48|0x000000070be00000, 0x000000070be00000, 0x000000070c000000|  0%| F|  |TAMS 0x000000070be00000, 0x000000070be00000| Untracked 
|  49|0x000000070c000000, 0x000000070c000000, 0x000000070c200000|  0%| F|  |TAMS 0x000000070c000000, 0x000000070c000000| Untracked 
|  50|0x000000070c200000, 0x000000070c200000, 0x000000070c400000|  0%| F|  |TAMS 0x000000070c200000, 0x000000070c200000| Untracked 
|  51|0x000000070c400000, 0x000000070c400000, 0x000000070c600000|  0%| F|  |TAMS 0x000000070c400000, 0x000000070c400000| Untracked 
|  52|0x000000070c600000, 0x000000070c600000, 0x000000070c800000|  0%| F|  |TAMS 0x000000070c600000, 0x000000070c600000| Untracked 
|  53|0x000000070c800000, 0x000000070c800000, 0x000000070ca00000|  0%| F|  |TAMS 0x000000070c800000, 0x000000070c800000| Untracked 
|  54|0x000000070ca00000, 0x000000070ca00000, 0x000000070cc00000|  0%| F|  |TAMS 0x000000070ca00000, 0x000000070ca00000| Untracked 
|  55|0x000000070cc00000, 0x000000070cc00000, 0x000000070ce00000|  0%| F|  |TAMS 0x000000070cc00000, 0x000000070cc00000| Untracked 
|  56|0x000000070ce00000, 0x000000070ce00000, 0x000000070d000000|  0%| F|  |TAMS 0x000000070ce00000, 0x000000070ce00000| Untracked 
|  57|0x000000070d000000, 0x000000070d000000, 0x000000070d200000|  0%| F|  |TAMS 0x000000070d000000, 0x000000070d000000| Untracked 
|  58|0x000000070d200000, 0x000000070d200000, 0x000000070d400000|  0%| F|  |TAMS 0x000000070d200000, 0x000000070d200000| Untracked 
|  59|0x000000070d400000, 0x000000070d400000, 0x000000070d600000|  0%| F|  |TAMS 0x000000070d400000, 0x000000070d400000| Untracked 
|  60|0x000000070d600000, 0x000000070d600000, 0x000000070d800000|  0%| F|  |TAMS 0x000000070d600000, 0x000000070d600000| Untracked 
|  61|0x000000070d800000, 0x000000070d800000, 0x000000070da00000|  0%| F|  |TAMS 0x000000070d800000, 0x000000070d800000| Untracked 
|  62|0x000000070da00000, 0x000000070da00000, 0x000000070dc00000|  0%| F|  |TAMS 0x000000070da00000, 0x000000070da00000| Untracked 
|  63|0x000000070dc00000, 0x000000070dc00000, 0x000000070de00000|  0%| F|  |TAMS 0x000000070dc00000, 0x000000070dc00000| Untracked 
|  64|0x000000070de00000, 0x000000070de00000, 0x000000070e000000|  0%| F|  |TAMS 0x000000070de00000, 0x000000070de00000| Untracked 
|  65|0x000000070e000000, 0x000000070e000000, 0x000000070e200000|  0%| F|  |TAMS 0x000000070e000000, 0x000000070e000000| Untracked 
|  66|0x000000070e200000, 0x000000070e200000, 0x000000070e400000|  0%| F|  |TAMS 0x000000070e200000, 0x000000070e200000| Untracked 
|  67|0x000000070e400000, 0x000000070e400000, 0x000000070e600000|  0%| F|  |TAMS 0x000000070e400000, 0x000000070e400000| Untracked 
|  68|0x000000070e600000, 0x000000070e600000, 0x000000070e800000|  0%| F|  |TAMS 0x000000070e600000, 0x000000070e600000| Untracked 
|  69|0x000000070e800000, 0x000000070e800000, 0x000000070ea00000|  0%| F|  |TAMS 0x000000070e800000, 0x000000070e800000| Untracked 
|  70|0x000000070ea00000, 0x000000070ea00000, 0x000000070ec00000|  0%| F|  |TAMS 0x000000070ea00000, 0x000000070ea00000| Untracked 
|  71|0x000000070ec00000, 0x000000070ec00000, 0x000000070ee00000|  0%| F|  |TAMS 0x000000070ec00000, 0x000000070ec00000| Untracked 
|  72|0x000000070ee00000, 0x000000070ee00000, 0x000000070f000000|  0%| F|  |TAMS 0x000000070ee00000, 0x000000070ee00000| Untracked 
|  73|0x000000070f000000, 0x000000070f000000, 0x000000070f200000|  0%| F|  |TAMS 0x000000070f000000, 0x000000070f000000| Untracked 
|  74|0x000000070f200000, 0x000000070f200000, 0x000000070f400000|  0%| F|  |TAMS 0x000000070f200000, 0x000000070f200000| Untracked 
|  75|0x000000070f400000, 0x000000070f400000, 0x000000070f600000|  0%| F|  |TAMS 0x000000070f400000, 0x000000070f400000| Untracked 
|  76|0x000000070f600000, 0x000000070f600000, 0x000000070f800000|  0%| F|  |TAMS 0x000000070f600000, 0x000000070f600000| Untracked 
|  77|0x000000070f800000, 0x000000070f800000, 0x000000070fa00000|  0%| F|  |TAMS 0x000000070f800000, 0x000000070f800000| Untracked 
|  78|0x000000070fa00000, 0x000000070fa00000, 0x000000070fc00000|  0%| F|  |TAMS 0x000000070fa00000, 0x000000070fa00000| Untracked 
|  79|0x000000070fc00000, 0x000000070fc00000, 0x000000070fe00000|  0%| F|  |TAMS 0x000000070fc00000, 0x000000070fc00000| Untracked 
|  80|0x000000070fe00000, 0x000000070fe00000, 0x0000000710000000|  0%| F|  |TAMS 0x000000070fe00000, 0x000000070fe00000| Untracked 
|  81|0x0000000710000000, 0x0000000710000000, 0x0000000710200000|  0%| F|  |TAMS 0x0000000710000000, 0x0000000710000000| Untracked 
|  82|0x0000000710200000, 0x0000000710200000, 0x0000000710400000|  0%| F|  |TAMS 0x0000000710200000, 0x0000000710200000| Untracked 
|  83|0x0000000710400000, 0x0000000710400000, 0x0000000710600000|  0%| F|  |TAMS 0x0000000710400000, 0x0000000710400000| Untracked 
|  84|0x0000000710600000, 0x0000000710600000, 0x0000000710800000|  0%| F|  |TAMS 0x0000000710600000, 0x0000000710600000| Untracked 
|  85|0x0000000710800000, 0x0000000710800000, 0x0000000710a00000|  0%| F|  |TAMS 0x0000000710800000, 0x0000000710800000| Untracked 
|  86|0x0000000710a00000, 0x0000000710a00000, 0x0000000710c00000|  0%| F|  |TAMS 0x0000000710a00000, 0x0000000710a00000| Untracked 
|  87|0x0000000710c00000, 0x0000000710c00000, 0x0000000710e00000|  0%| F|  |TAMS 0x0000000710c00000, 0x0000000710c00000| Untracked 
|  88|0x0000000710e00000, 0x0000000710e00000, 0x0000000711000000|  0%| F|  |TAMS 0x0000000710e00000, 0x0000000710e00000| Untracked 
|  89|0x0000000711000000, 0x0000000711000000, 0x0000000711200000|  0%| F|  |TAMS 0x0000000711000000, 0x0000000711000000| Untracked 
|  90|0x0000000711200000, 0x0000000711200000, 0x0000000711400000|  0%| F|  |TAMS 0x0000000711200000, 0x0000000711200000| Untracked 
|  91|0x0000000711400000, 0x0000000711400000, 0x0000000711600000|  0%| F|  |TAMS 0x0000000711400000, 0x0000000711400000| Untracked 
|  92|0x0000000711600000, 0x0000000711600000, 0x0000000711800000|  0%| F|  |TAMS 0x0000000711600000, 0x0000000711600000| Untracked 
|  93|0x0000000711800000, 0x0000000711800000, 0x0000000711a00000|  0%| F|  |TAMS 0x0000000711800000, 0x0000000711800000| Untracked 
|  94|0x0000000711a00000, 0x0000000711a00000, 0x0000000711c00000|  0%| F|  |TAMS 0x0000000711a00000, 0x0000000711a00000| Untracked 
|  95|0x0000000711c00000, 0x0000000711c00000, 0x0000000711e00000|  0%| F|  |TAMS 0x0000000711c00000, 0x0000000711c00000| Untracked 
|  96|0x0000000711e00000, 0x0000000711e00000, 0x0000000712000000|  0%| F|  |TAMS 0x0000000711e00000, 0x0000000711e00000| Untracked 
|  97|0x0000000712000000, 0x0000000712000000, 0x0000000712200000|  0%| F|  |TAMS 0x0000000712000000, 0x0000000712000000| Untracked 
|  98|0x0000000712200000, 0x0000000712200000, 0x0000000712400000|  0%| F|  |TAMS 0x0000000712200000, 0x0000000712200000| Untracked 
|  99|0x0000000712400000, 0x0000000712400000, 0x0000000712600000|  0%| F|  |TAMS 0x0000000712400000, 0x0000000712400000| Untracked 
| 100|0x0000000712600000, 0x0000000712600000, 0x0000000712800000|  0%| F|  |TAMS 0x0000000712600000, 0x0000000712600000| Untracked 
| 101|0x0000000712800000, 0x0000000712800000, 0x0000000712a00000|  0%| F|  |TAMS 0x0000000712800000, 0x0000000712800000| Untracked 
| 102|0x0000000712a00000, 0x0000000712a00000, 0x0000000712c00000|  0%| F|  |TAMS 0x0000000712a00000, 0x0000000712a00000| Untracked 
| 103|0x0000000712c00000, 0x0000000712c00000, 0x0000000712e00000|  0%| F|  |TAMS 0x0000000712c00000, 0x0000000712c00000| Untracked 
| 104|0x0000000712e00000, 0x0000000712e00000, 0x0000000713000000|  0%| F|  |TAMS 0x0000000712e00000, 0x0000000712e00000| Untracked 
| 105|0x0000000713000000, 0x0000000713000000, 0x0000000713200000|  0%| F|  |TAMS 0x0000000713000000, 0x0000000713000000| Untracked 
| 106|0x0000000713200000, 0x0000000713200000, 0x0000000713400000|  0%| F|  |TAMS 0x0000000713200000, 0x0000000713200000| Untracked 
| 107|0x0000000713400000, 0x0000000713400000, 0x0000000713600000|  0%| F|  |TAMS 0x0000000713400000, 0x0000000713400000| Untracked 
| 108|0x0000000713600000, 0x0000000713600000, 0x0000000713800000|  0%| F|  |TAMS 0x0000000713600000, 0x0000000713600000| Untracked 
| 109|0x0000000713800000, 0x0000000713800000, 0x0000000713a00000|  0%| F|  |TAMS 0x0000000713800000, 0x0000000713800000| Untracked 
| 110|0x0000000713a00000, 0x0000000713a00000, 0x0000000713c00000|  0%| F|  |TAMS 0x0000000713a00000, 0x0000000713a00000| Untracked 
| 111|0x0000000713c00000, 0x0000000713c00000, 0x0000000713e00000|  0%| F|  |TAMS 0x0000000713c00000, 0x0000000713c00000| Untracked 
| 112|0x0000000713e00000, 0x0000000713e00000, 0x0000000714000000|  0%| F|  |TAMS 0x0000000713e00000, 0x0000000713e00000| Untracked 
| 113|0x0000000714000000, 0x0000000714000000, 0x0000000714200000|  0%| F|  |TAMS 0x0000000714000000, 0x0000000714000000| Untracked 
| 114|0x0000000714200000, 0x0000000714200000, 0x0000000714400000|  0%| F|  |TAMS 0x0000000714200000, 0x0000000714200000| Untracked 
| 115|0x0000000714400000, 0x0000000714400000, 0x0000000714600000|  0%| F|  |TAMS 0x0000000714400000, 0x0000000714400000| Untracked 
| 116|0x0000000714600000, 0x0000000714600000, 0x0000000714800000|  0%| F|  |TAMS 0x0000000714600000, 0x0000000714600000| Untracked 
| 117|0x0000000714800000, 0x0000000714800000, 0x0000000714a00000|  0%| F|  |TAMS 0x0000000714800000, 0x0000000714800000| Untracked 
| 118|0x0000000714a00000, 0x0000000714a00000, 0x0000000714c00000|  0%| F|  |TAMS 0x0000000714a00000, 0x0000000714a00000| Untracked 
| 119|0x0000000714c00000, 0x0000000714c00000, 0x0000000714e00000|  0%| F|  |TAMS 0x0000000714c00000, 0x0000000714c00000| Untracked 
| 120|0x0000000714e00000, 0x0000000714e00000, 0x0000000715000000|  0%| F|  |TAMS 0x0000000714e00000, 0x0000000714e00000| Untracked 
| 121|0x0000000715000000, 0x0000000715000000, 0x0000000715200000|  0%| F|  |TAMS 0x0000000715000000, 0x0000000715000000| Untracked 
| 122|0x0000000715200000, 0x0000000715200000, 0x0000000715400000|  0%| F|  |TAMS 0x0000000715200000, 0x0000000715200000| Untracked 
| 123|0x0000000715400000, 0x0000000715600000, 0x0000000715600000|100%| E|  |TAMS 0x0000000715400000, 0x0000000715400000| Complete 
| 124|0x0000000715600000, 0x0000000715800000, 0x0000000715800000|100%| E|CS|TAMS 0x0000000715600000, 0x0000000715600000| Complete 
| 125|0x0000000715800000, 0x0000000715a00000, 0x0000000715a00000|100%| E|CS|TAMS 0x0000000715800000, 0x0000000715800000| Complete 

Card table byte_map: [0x000001e442fc0000,0x000001e4437a0000] _byte_map_base: 0x000001e43f791000

Marking Bits (Prev, Next): (CMBitMap*) 0x000001e42b0732a0, (CMBitMap*) 0x000001e42b0732e0
 Prev Bits: [0x000001e443f80000, 0x000001e447e08000)
 Next Bits: [0x000001e447e10000, 0x000001e44bc98000)

Polling page: 0x000001e428f70000

Metaspace:

Usage:
  Non-class:      1.21 MB used.
      Class:    106.23 KB used.
       Both:      1.31 MB used.

Virtual space:
  Non-class space:       64.00 MB reserved,       1.25 MB (  2%) committed,  1 nodes.
      Class space:        1.00 GB reserved,     192.00 KB ( <1%) committed,  1 nodes.
             Both:        1.06 GB reserved,       1.44 MB ( <1%) committed. 

Chunk freelists:
   Non-Class:  3.80 MB
       Class:  3.71 MB
        Both:  7.51 MB

MaxMetaspaceSize: unlimited
CompressedClassSpaceSize: 1.00 GB
Initial GC threshold: 21.00 MB
Current GC threshold: 21.00 MB
CDS: on
MetaspaceReclaimPolicy: balanced
 - commit_granule_bytes: 65536.
 - commit_granule_words: 8192.
 - virtual_space_node_default_size: 8388608.
 - enlarge_chunks_in_place: 1.
 - new_chunks_are_fully_committed: 0.
 - uncommit_free_chunks: 1.
 - use_allocation_guard: 0.


Internal statistics:

num_allocs_failed_limit: 0.
num_arena_births: 30.
num_arena_deaths: 0.
num_vsnodes_births: 2.
num_vsnodes_deaths: 0.
num_space_committed: 23.
num_space_uncommitted: 0.
num_chunks_returned_to_freelist: 0.
num_chunks_taken_from_freelist: 47.
num_chunk_merges: 0.
num_chunk_splits: 30.
num_chunks_enlarged: 20.
num_inconsistent_stats: 0.

CodeHeap 'non-profiled nmethods': size=119168Kb used=124Kb max_used=124Kb free=119043Kb
 bounds [0x000001e43ab00000, 0x000001e43ad70000, 0x000001e441f60000]
CodeHeap 'profiled nmethods': size=119104Kb used=575Kb max_used=575Kb free=118528Kb
 bounds [0x000001e432f60000, 0x000001e4331d0000, 0x000001e43a3b0000]
CodeHeap 'non-nmethods': size=7488Kb used=2345Kb max_used=2374Kb free=5142Kb
 bounds [0x000001e43a3b0000, 0x000001e43a620000, 0x000001e43ab00000]
 total_blobs=822 nmethods=401 adapters=330
 compilation: enabled
              stopped_count=0, restarted_count=0
 full_count=0

Compilation events (20 events):
Event: 0.097 Thread 0x000001e44e0ace20 nmethod 395 0x000001e432fedf10 code [0x000001e432fee120, 0x000001e432fee9e8]
Event: 0.097 Thread 0x000001e4533f15d0 nmethod 382 0x000001e43ab1c390 code [0x000001e43ab1c500, 0x000001e43ab1c578]
Event: 0.097 Thread 0x000001e4533f15d0  353       4       java.util.zip.ZipFile$Source::isMetaName (141 bytes)
Event: 0.097 Thread 0x000001e44e0bd220 nmethod 389 0x000001e432feb610 code [0x000001e432feb9e0, 0x000001e432fed4e8]
Event: 0.097 Thread 0x000001e44e0aa4a0 nmethod 352 0x000001e43ab1c690 code [0x000001e43ab1c840, 0x000001e43ab1d158]
Event: 0.097 Thread 0x000001e44e0aa4a0  354       4       java.util.zip.ZipFile$Source::nextEntryPos (22 bytes)
Event: 0.097 Thread 0x000001e44e0bd220  397       3       java.lang.StringLatin1::indexOf (121 bytes)
Event: 0.097 Thread 0x000001e44e0bd220 nmethod 397 0x000001e432feee10 code [0x000001e432feefe0, 0x000001e432fef4d8]
Event: 0.097 Thread 0x000001e44e0bd220  398       1       java.security.ProtectionDomain::getCodeSource (5 bytes)
Event: 0.097 Thread 0x000001e44e0bd220 nmethod 398 0x000001e43ab1d990 code [0x000001e43ab1db20, 0x000001e43ab1dbf8]
Event: 0.098 Thread 0x000001e44e0aa4a0 nmethod 354 0x000001e43ab1dc90 code [0x000001e43ab1de20, 0x000001e43ab1df58]
Event: 0.098 Thread 0x000001e44e0ace20  400       1       java.nio.Buffer::position (5 bytes)
Event: 0.098 Thread 0x000001e44e0aa4a0  399       4       java.util.concurrent.ConcurrentHashMap::casTabAt (21 bytes)
Event: 0.098 Thread 0x000001e44e0ace20 nmethod 400 0x000001e43ab1e090 code [0x000001e43ab1e220, 0x000001e43ab1e2d8]
Event: 0.098 Thread 0x000001e4533f15d0 nmethod 353 0x000001e43ab1e390 code [0x000001e43ab1e520, 0x000001e43ab1e778]
Event: 0.098 Thread 0x000001e4533f15d0  401       4       java.lang.ref.Reference::reachabilityFence (1 bytes)
Event: 0.098 Thread 0x000001e4533f15d0 nmethod 401 0x000001e43ab1e990 code [0x000001e43ab1eb00, 0x000001e43ab1eb58]
Event: 0.098 Thread 0x000001e4533f15d0  390       4       sun.nio.fs.WindowsPathParser::isInvalidPathChar (22 bytes)
Event: 0.098 Thread 0x000001e44e0bd220  402       3       java.util.zip.ZipUtils::CENLEN (9 bytes)
Event: 0.098 Thread 0x000001e44e0bd220 nmethod 402 0x000001e432fef710 code [0x000001e432fef8c0, 0x000001e432fefb98]

GC Heap History (0 events):
No events

Dll operation events (9 events):
Event: 0.005 Loaded shared library C:\Program Files\Java\jdk-19\bin\java.dll
Event: 0.010 Loaded shared library C:\Program Files\Java\jdk-19\bin\jsvml.dll
Event: 0.038 Loaded shared library C:\Program Files\Java\jdk-19\bin\zip.dll
Event: 0.040 Loaded shared library C:\Program Files\Java\jdk-19\bin\instrument.dll
Event: 0.043 Loaded shared library C:\Program Files\Java\jdk-19\bin\net.dll
Event: 0.044 Loaded shared library C:\Program Files\Java\jdk-19\bin\nio.dll
Event: 0.046 Loaded shared library C:\Program Files\Java\jdk-19\bin\zip.dll
Event: 0.054 Loaded shared library C:\Program Files\JetBrains\IntelliJ IDEA 2022.1.2\bin\breakgen64.dll
Event: 0.063 Loaded shared library C:\Program Files\Java\jdk-19\bin\extnet.dll

Deoptimization events (4 events):
Event: 0.055 Thread 0x000001e42b0020d0 Uncommon trap: trap_request=0xffffff45 fr.pc=0x000001e43ab10848 relative=0x00000000000000a8
Event: 0.055 Thread 0x000001e42b0020d0 Uncommon trap: reason=unstable_if action=reinterpret pc=0x000001e43ab10848 method=java.lang.String.isLatin1()Z @ 10 c2
Event: 0.055 Thread 0x000001e42b0020d0 DEOPT PACKING pc=0x000001e43ab10848 sp=0x00000005519ff340
Event: 0.055 Thread 0x000001e42b0020d0 DEOPT UNPACKING pc=0x000001e43a416da3 sp=0x00000005519ff280 mode 2

Classes loaded (20 events):
Event: 0.081 Loading class java/net/URLConnection
Event: 0.081 Loading class java/net/URLConnection done
Event: 0.081 Loading class sun/net/www/URLConnection done
Event: 0.081 Loading class sun/net/www/protocol/file/FileURLConnection done
Event: 0.081 Loading class sun/net/www/MessageHeader
Event: 0.081 Loading class sun/net/www/MessageHeader done
Event: 0.081 Loading class java/io/FilePermission$1
Event: 0.081 Loading class jdk/internal/access/JavaIOFilePermissionAccess
Event: 0.081 Loading class jdk/internal/access/JavaIOFilePermissionAccess done
Event: 0.081 Loading class java/io/FilePermission$1 done
Event: 0.082 Loading class java/io/FilePermissionCollection
Event: 0.082 Loading class java/io/FilePermissionCollection done
Event: 0.082 Loading class java/util/Vector
Event: 0.083 Loading class java/util/Vector done
Event: 0.083 Loading class java/io/FilePermissionCollection$1
Event: 0.083 Loading class java/io/FilePermissionCollection$1 done
Event: 0.093 Loading class java/lang/NumberFormatException
Event: 0.093 Loading class java/lang/NumberFormatException done
Event: 0.094 Loading class java/lang/IllegalStateException
Event: 0.094 Loading class java/lang/IllegalStateException done

Classes unloaded (0 events):
No events

Classes redefined (0 events):
No events

Internal exceptions (4 events):
Event: 0.049 Thread 0x000001e42b0020d0 Exception <a 'java/lang/NoSuchMethodError'{0x00000007156ca7d8}: 'void java.lang.invoke.DirectMethodHandle$Holder.invokeStatic(java.lang.Object, java.lang.Object, java.lang.Object)'> (0x00000007156ca7d8) 
thrown [s\open\src\hotspot\share\interpreter\linkResolver.cpp, line 774]
Event: 0.053 Thread 0x000001e42b0020d0 Exception <a 'java/lang/NoSuchMethodError'{0x0000000715753a68}: 'java.lang.Object java.lang.invoke.Invokers$Holder.invokeExact_MT(java.lang.Object, java.lang.Object, java.lang.Object, java.lang.Object, java.lang.Object)'> (0x0000000715753a68) 
thrown [s\open\src\hotspot\share\interpreter\linkResolver.cpp, line 774]
Event: 0.064 Thread 0x000001e4531d9e00 Exception <a 'java/lang/NoSuchMethodError'{0x00000007157ca9a8}: 'void java.lang.invoke.DirectMethodHandle$Holder.invokeStatic(java.lang.Object, java.lang.Object)'> (0x00000007157ca9a8) 
thrown [s\open\src\hotspot\share\interpreter\linkResolver.cpp, line 774]
Event: 0.073 Thread 0x000001e42b0020d0 Exception <a 'java/lang/NoSuchMethodError'{0x0000000715407650}: 'int java.lang.invoke.DirectMethodHandle$Holder.invokeSpecial(java.lang.Object, java.lang.Object, java.lang.Object)'> (0x0000000715407650) 
thrown [s\open\src\hotspot\share\interpreter\linkResolver.cpp, line 774]

VM Operations (4 events):
Event: 0.033 Executing VM operation: HandshakeAllThreads
Event: 0.033 Executing VM operation: HandshakeAllThreads done
Event: 0.056 Executing VM operation: HandshakeAllThreads
Event: 0.056 Executing VM operation: HandshakeAllThreads done

Events (16 events):
Event: 0.010 Thread 0x000001e42b0020d0 Thread added: 0x000001e42b0020d0
Event: 0.017 Thread 0x000001e44e09fe90 Thread added: 0x000001e44e09fe90
Event: 0.017 Thread 0x000001e44e0a0c80 Thread added: 0x000001e44e0a0c80
Event: 0.018 Thread 0x000001e44e0a3a80 Thread added: 0x000001e44e0a3a80
Event: 0.018 Thread 0x000001e44e0a55c0 Thread added: 0x000001e44e0a55c0
Event: 0.018 Thread 0x000001e44e0a8f10 Thread added: 0x000001e44e0a8f10
Event: 0.018 Thread 0x000001e44e0a9840 Thread added: 0x000001e44e0a9840
Event: 0.018 Thread 0x000001e44e0aa4a0 Thread added: 0x000001e44e0aa4a0
Event: 0.018 Thread 0x000001e44e0ace20 Thread added: 0x000001e44e0ace20
Event: 0.018 Thread 0x000001e44e0b17b0 Thread added: 0x000001e44e0b17b0
Event: 0.021 Thread 0x000001e44e0bd220 Thread added: 0x000001e44e0bd220
Event: 0.021 Thread 0x000001e44e0bd7a0 Thread added: 0x000001e44e0bd7a0
Event: 0.029 Thread 0x000001e44e0bdd20 Thread added: 0x000001e44e0bdd20
Event: 0.055 Thread 0x000001e4531d9e00 Thread added: 0x000001e4531d9e00
Event: 0.055 Thread 0x000001e4531da750 Thread added: 0x000001e4531da750
Event: 0.096 Thread 0x000001e4533f15d0 Thread added: 0x000001e4533f15d0


Dynamic libraries:
0x00007ff7df030000 - 0x00007ff7df040000 	C:\Program Files\Java\jdk-19\bin\java.exe
0x00007ffde3730000 - 0x00007ffde3947000 	C:\WINDOWS\SYSTEM32\ntdll.dll
0x00007ffde2cb0000 - 0x00007ffde2d74000 	C:\WINDOWS\System32\KERNEL32.DLL
0x00007ffde0ba0000 - 0x00007ffde0f5a000 	C:\WINDOWS\System32\KERNELBASE.dll
0x00007ffde11f0000 - 0x00007ffde1301000 	C:\WINDOWS\System32\ucrtbase.dll
0x00007ffdcf4e0000 - 0x00007ffdcf4fb000 	C:\Program Files\Java\jdk-19\bin\VCRUNTIME140.dll
0x00007ffdcfa30000 - 0x00007ffdcfa48000 	C:\Program Files\Java\jdk-19\bin\jli.dll
0x00007ffde1f80000 - 0x00007ffde2032000 	C:\WINDOWS\System32\ADVAPI32.dll
0x00007ffde2150000 - 0x00007ffde21f7000 	C:\WINDOWS\System32\msvcrt.dll
0x00007ffde1690000 - 0x00007ffde1737000 	C:\WINDOWS\System32\sechost.dll
0x00007ffde0a50000 - 0x00007ffde0a78000 	C:\WINDOWS\System32\bcrypt.dll
0x00007ffde2270000 - 0x00007ffde2384000 	C:\WINDOWS\System32\RPCRT4.dll
0x00007ffdced90000 - 0x00007ffdcf022000 	C:\WINDOWS\WinSxS\amd64_microsoft.windows.common-controls_6595b64144ccf1df_6.0.22621.4541_none_2710d1c57384c085\COMCTL32.dll
0x00007ffde1400000 - 0x00007ffde15ae000 	C:\WINDOWS\System32\USER32.dll
0x00007ffde1310000 - 0x00007ffde1336000 	C:\WINDOWS\System32\win32u.dll
0x00007ffde2c80000 - 0x00007ffde2ca9000 	C:\WINDOWS\System32\GDI32.dll
0x00007ffde0a80000 - 0x00007ffde0b9b000 	C:\WINDOWS\System32\gdi32full.dll
0x00007ffde0f60000 - 0x00007ffde0ffa000 	C:\WINDOWS\System32\msvcp_win.dll
0x00007ffdd8390000 - 0x00007ffdd839a000 	C:\WINDOWS\SYSTEM32\VERSION.dll
0x00007ffde3120000 - 0x00007ffde3151000 	C:\WINDOWS\System32\IMM32.DLL
0x00007ffdcfd60000 - 0x00007ffdcfd6c000 	C:\Program Files\Java\jdk-19\bin\vcruntime140_1.dll
0x00007ffdb4ed0000 - 0x00007ffdb4f5e000 	C:\Program Files\Java\jdk-19\bin\msvcp140.dll
0x00007ffd5d2a0000 - 0x00007ffd5df60000 	C:\Program Files\Java\jdk-19\bin\server\jvm.dll
0x00007ffdd8ae0000 - 0x00007ffdd8b14000 	C:\WINDOWS\SYSTEM32\WINMM.dll
0x00007ffddb9b0000 - 0x00007ffddb9b9000 	C:\WINDOWS\SYSTEM32\WSOCK32.dll
0x00007ffde2ff0000 - 0x00007ffde3061000 	C:\WINDOWS\System32\WS2_32.dll
0x00007ffddfb00000 - 0x00007ffddfb18000 	C:\WINDOWS\SYSTEM32\kernel.appcore.dll
0x00007ffdcfd20000 - 0x00007ffdcfd2a000 	C:\Program Files\Java\jdk-19\bin\jimage.dll
0x00007ffdddc90000 - 0x00007ffdddec2000 	C:\WINDOWS\SYSTEM32\DBGHELP.DLL
0x00007ffde1be0000 - 0x00007ffde1f6f000 	C:\WINDOWS\System32\combase.dll
0x00007ffde15b0000 - 0x00007ffde1687000 	C:\WINDOWS\System32\OLEAUT32.dll
0x00007ffdd5b80000 - 0x00007ffdd5bb2000 	C:\WINDOWS\SYSTEM32\dbgcore.DLL
0x00007ffde1000000 - 0x00007ffde107b000 	C:\WINDOWS\System32\bcryptPrimitives.dll
0x00007ffdce510000 - 0x00007ffdce51e000 	C:\Program Files\Java\jdk-19\bin\instrument.dll
0x00007ffdcf470000 - 0x00007ffdcf496000 	C:\Program Files\Java\jdk-19\bin\java.dll
0x00007ffdb3450000 - 0x00007ffdb3527000 	C:\Program Files\Java\jdk-19\bin\jsvml.dll
0x00007ffde2400000 - 0x00007ffde2c78000 	C:\WINDOWS\System32\SHELL32.dll
0x00007ffdde8e0000 - 0x00007ffddf1e8000 	C:\WINDOWS\SYSTEM32\windows.storage.dll
0x00007ffdde7a0000 - 0x00007ffdde8df000 	C:\WINDOWS\SYSTEM32\wintypes.dll
0x00007ffde3410000 - 0x00007ffde350a000 	C:\WINDOWS\System32\SHCORE.dll
0x00007ffde2390000 - 0x00007ffde23ee000 	C:\WINDOWS\System32\shlwapi.dll
0x00007ffde0900000 - 0x00007ffde092b000 	C:\WINDOWS\SYSTEM32\profapi.dll
0x00007ffdce7f0000 - 0x00007ffdce808000 	C:\Program Files\Java\jdk-19\bin\zip.dll
0x00007ffdcf450000 - 0x00007ffdcf463000 	C:\Program Files\Java\jdk-19\bin\net.dll
0x00007ffddc410000 - 0x00007ffddc546000 	C:\WINDOWS\SYSTEM32\WINHTTP.dll
0x00007ffddff80000 - 0x00007ffddffe9000 	C:\WINDOWS\system32\mswsock.dll
0x00007ffdcf430000 - 0x00007ffdcf446000 	C:\Program Files\Java\jdk-19\bin\nio.dll
0x00007ffdcdfa0000 - 0x00007ffdcdfba000 	C:\Program Files\JetBrains\IntelliJ IDEA 2022.1.2\bin\breakgen64.dll
0x00007ffdcfb40000 - 0x00007ffdcfb48000 	C:\Program Files\Java\jdk-19\bin\extnet.dll

dbghelp: loaded successfully - version: 4.0.5 - missing functions: none
symbol engine: initialized successfully - sym options: 0x614 - pdb path: .;C:\Program Files\Java\jdk-19\bin;C:\WINDOWS\SYSTEM32;C:\WINDOWS\WinSxS\amd64_microsoft.windows.common-controls_6595b64144ccf1df_6.0.22621.4541_none_2710d1c57384c085;C:\Program Files\Java\jdk-19\bin\server;C:\Program Files\JetBrains\IntelliJ IDEA 2022.1.2\bin

VM Arguments:
jvm_args: -Dmaven.multiModuleProjectDirectory=D:\website.citu-web -Dmaven.home=C:\Users\99293\.m2\wrapper\dists\apache-maven-3.9.3-bin\54p6kc7m0ap3os8bc4ge28ia2\apache-maven-3.9.3 -Dclassworlds.conf=C:\Users\99293\.m2\wrapper\dists\apache-maven-3.9.3-bin\54p6kc7m0ap3os8bc4ge28ia2\apache-maven-3.9.3\bin\m2.conf -Dmaven.ext.class.path=C:\Program Files\JetBrains\IntelliJ IDEA 2022.1.2\plugins\maven\lib\maven-event-listener.jar -javaagent:C:\Program Files\JetBrains\IntelliJ IDEA 2022.1.2\lib\idea_rt.jar=59064:C:\Program Files\JetBrains\IntelliJ IDEA 2022.1.2\bin -Dfile.encoding=UTF-8 
java_command: org.codehaus.classworlds.Launcher -Didea.version=2022.1.2 package
java_class_path (initial): C:\Users\99293\.m2\wrapper\dists\apache-maven-3.9.3-bin\54p6kc7m0ap3os8bc4ge28ia2\apache-maven-3.9.3\boot\plexus-classworlds-2.7.0.jar;C:\Users\99293\.m2\wrapper\dists\apache-maven-3.9.3-bin\54p6kc7m0ap3os8bc4ge28ia2\apache-maven-3.9.3\boot\plexus-classworlds.license
Launcher Type: SUN_STANDARD

[Global flags]
     intx CICompilerCount                          = 12                                        {product} {ergonomic}
     uint ConcGCThreads                            = 3                                         {product} {ergonomic}
     uint G1ConcRefinementThreads                  = 13                                        {product} {ergonomic}
   size_t G1HeapRegionSize                         = 2097152                                   {product} {ergonomic}
    uintx GCDrainStackTargetSize                   = 64                                        {product} {ergonomic}
   size_t InitialHeapSize                          = 264241152                                 {product} {ergonomic}
   size_t MarkStackSize                            = 4194304                                   {product} {ergonomic}
   size_t MaxHeapSize                              = 4196401152                                {product} {ergonomic}
   size_t MaxNewSize                               = 2516582400                                {product} {ergonomic}
   size_t MinHeapDeltaBytes                        = 2097152                                   {product} {ergonomic}
   size_t MinHeapSize                              = 8388608                                   {product} {ergonomic}
    uintx NonNMethodCodeHeapSize                   = 7602480                                {pd product} {ergonomic}
    uintx NonProfiledCodeHeapSize                  = 122027880                              {pd product} {ergonomic}
    uintx ProfiledCodeHeapSize                     = 122027880                              {pd product} {ergonomic}
    uintx ReservedCodeCacheSize                    = 251658240                              {pd product} {ergonomic}
     bool SegmentedCodeCache                       = true                                      {product} {ergonomic}
   size_t SoftMaxHeapSize                          = 4196401152                             {manageable} {ergonomic}
     bool UseCompressedClassPointers               = true                           {product lp64_product} {ergonomic}
     bool UseCompressedOops                        = true                           {product lp64_product} {ergonomic}
     bool UseG1GC                                  = true                                      {product} {ergonomic}
     bool UseLargePagesIndividualAllocation        = false                                  {pd product} {ergonomic}

Logging:
Log output configuration:
 #0: stdout all=warning uptime,level,tags foldmultilines=false
 #1: stderr all=off uptime,level,tags foldmultilines=false

Environment Variables:
JAVA_HOME=C:\Program Files\Java\jdk-19
PATH=C:\Program Files\Common Files\Oracle\Java\javapath;C:\Windows\system32;C:\Windows;C:\Windows\System32\Wbem;C:\Windows\System32\WindowsPowerShell\v1.0\;C:\Windows\System32\OpenSSH\;C:\Program Files (x86)\NVIDIA Corporation\PhysX\Common;C:\Program Files\NVIDIA Corporation\NVIDIA NvDLISR;C:\Program Files (x86)\dotnet\;C:\WINDOWS\system32;C:\WINDOWS;C:\WINDOWS\System32\Wbem;C:\WINDOWS\System32\WindowsPowerShell\v1.0\;C:\WINDOWS\System32\OpenSSH\;C:\Program Files\Java\jdk-19\bin;C:\Program Files\Git\cmd;C:\Users\99293\AppData\Local\Programs\Python\Python311\Scripts\;C:\Users\99293\AppData\Local\Programs\Python\Python311\;C:\Users\99293\AppData\Local\Microsoft\WindowsApps;;C:\Program Files\JetBrains\IntelliJ IDEA 2022.1.2\bin;;C:\Program Files\heroku\bin
USERNAME=ASUS
OS=Windows_NT
PROCESSOR_IDENTIFIER=Intel64 Family 6 Model 154 Stepping 3, GenuineIntel
TMP=C:\Users\99293\AppData\Local\Temp
TEMP=C:\Users\99293\AppData\Local\Temp



---------------  S Y S T E M  ---------------

OS:
 Windows 11 , 64 bit Build 22621 (10.0.22621.4391)
OS uptime: 0 days 18:22 hours
Hyper-V role detected

CPU: total 16 (initial active 16) (8 cores per cpu, 2 threads per core) family 6 model 154 stepping 3 microcode 0x429, cx8, cmov, fxsr, ht, mmx, 3dnowpref, sse, sse2, sse3, ssse3, sse4.1, sse4.2, popcnt, lzcnt, tsc, tscinvbit, avx, avx2, aes, erms, clmul, bmi1, bmi2, adx, sha, fma, vzeroupper, clflush, clflushopt, clwb, hv, serialize, rdtscp, rdpid, fsrm

Memory: 4k page, system-wide physical 16004M (2629M free)
TotalPageFile size 18052M (AvailPageFile size 4M)
current process WorkingSet (physical memory assigned to process): 42M, peak: 42M
current process commit charge ("private bytes"): 355M, peak: 355M

vm_info: Java HotSpot(TM) 64-Bit Server VM (19.0.2+7-44) for windows-amd64 JRE (19.0.2+7-44), built on 2022-11-30T18:02:09Z by "mach5one" with MS VC++ 17.1 (VS2022)

END.
