#
# There is insufficient memory for the Java Runtime Environment to continue.
# Native memory allocation (malloc) failed to allocate 32744 bytes for Chunk::new
# Possible reasons:
#   The system is out of physical RAM or swap space
#   The process is running with CompressedOops enabled, and the Java Heap may be blocking the growth of the native heap
# Possible solutions:
#   Reduce memory load on the system
#   Increase physical memory or swap space
#   Check if swap backing store is full
#   Decrease Java heap size (-Xmx/-Xms)
#   Decrease number of Java threads
#   Decrease Java thread stack sizes (-Xss)
#   Set larger code cache with -XX:ReservedCodeCacheSize=
#   JVM is running with Zero Based Compressed Oops mode in which the Java heap is
#     placed in the first 32GB address space. The Java Heap base address is the
#     maximum limit for the native heap growth. Please use -XX:HeapBaseMinAddress
#     to set the Java Heap base and to place the Java Heap above 32GB virtual address.
# This output file may be truncated or incomplete.
#
#  Out of Memory Error (arena.cpp:184), pid=11500, tid=24568
#
# JRE version: Java(TM) SE Runtime Environment (19.0.2+7) (build 19.0.2+7-44)
# Java VM: Java HotSpot(TM) 64-Bit Server VM (19.0.2+7-44, mixed mode, sharing, tiered, compressed oops, compressed class ptrs, g1 gc, windows-amd64)
# No core dump will be written. Minidumps are not enabled by default on client versions of Windows
#

---------------  S U M M A R Y ------------

Command Line: -Dnet.bytebuddy.agent.attacher.dump= net.bytebuddy.agent.Attacher com.sun.tools.attach.VirtualMachine 22620 C:\Users\99293\.m2\repository\net\bytebuddy\byte-buddy-agent\1.14.5\byte-buddy-agent-1.14.5.jar false 

Host: 12th Gen Intel(R) Core(TM) i7-12650H, 16 cores, 15G,  Windows 11 , 64 bit Build 22621 (10.0.22621.4391)
Time: Sun Dec 29 16:20:03 2024  Windows 11 , 64 bit Build 22621 (10.0.22621.4391) elapsed time: 0.088038 seconds (0d 0h 0m 0s)

---------------  T H R E A D  ---------------

Current thread (0x000001f9e5920270):  JavaThread "C1 CompilerThread1" daemon [_thread_in_native, id=24568, stack(0x000000a4c5200000,0x000000a4c5300000)]


Current CompileTask:
C1:     88  241       3       java.lang.invoke.MethodType::methodType (69 bytes)

Stack: [0x000000a4c5200000,0x000000a4c5300000]
Native frames: (J=compiled Java code, j=interpreted, Vv=VM code, C=native code)
V  [jvm.dll+0x6ee21a]
V  [jvm.dll+0x85765e]
V  [jvm.dll+0x85904e]
V  [jvm.dll+0x859703]
V  [jvm.dll+0x28298f]
V  [jvm.dll+0xc9adf]
V  [jvm.dll+0xc9e65]
V  [jvm.dll+0x198447]
V  [jvm.dll+0x1997f4]
V  [jvm.dll+0x19e43f]
V  [jvm.dll+0x18ad7e]
V  [jvm.dll+0x178a30]
V  [jvm.dll+0x161647]
V  [jvm.dll+0x160fb2]
V  [jvm.dll+0x161208]
V  [jvm.dll+0x160666]
V  [jvm.dll+0x16235d]
V  [jvm.dll+0x25b25a]
V  [jvm.dll+0x2596e8]
V  [jvm.dll+0x807588]
V  [jvm.dll+0x80125a]
V  [jvm.dll+0x6ecf0b]
C  [ucrtbase.dll+0x29333]
C  [KERNEL32.DLL+0x1259d]
C  [ntdll.dll+0x5af38]


---------------  P R O C E S S  ---------------

Threads class SMR info:
_java_thread_list=0x000001f9e58f27a0, length=14, elements={
0x000001f9bd9feab0, 0x000001f9e1649ec0, 0x000001f9e164acb0, 0x000001f9e164cab0,
0x000001f9e164e950, 0x000001f9e16532a0, 0x000001f9e1654be0, 0x000001f9e165d850,
0x000001f9e16616c0, 0x000001f9e166fc60, 0x000001f9e5920270, 0x000001f9e5928ae0,
0x000001f9e5935770, 0x000001f9e5937960
}

Java Threads: ( => current thread )
  0x000001f9bd9feab0 JavaThread "main" [_thread_in_vm, id=4168, stack(0x000000a4c4200000,0x000000a4c4300000)]
  0x000001f9e1649ec0 JavaThread "Reference Handler" daemon [_thread_blocked, id=6188, stack(0x000000a4c4900000,0x000000a4c4a00000)]
  0x000001f9e164acb0 JavaThread "Finalizer" daemon [_thread_blocked, id=12012, stack(0x000000a4c4a00000,0x000000a4c4b00000)]
  0x000001f9e164cab0 JavaThread "Signal Dispatcher" daemon [_thread_blocked, id=10648, stack(0x000000a4c4b00000,0x000000a4c4c00000)]
  0x000001f9e164e950 JavaThread "Attach Listener" daemon [_thread_blocked, id=15236, stack(0x000000a4c4c00000,0x000000a4c4d00000)]
  0x000001f9e16532a0 JavaThread "Service Thread" daemon [_thread_blocked, id=22832, stack(0x000000a4c4d00000,0x000000a4c4e00000)]
  0x000001f9e1654be0 JavaThread "Monitor Deflation Thread" daemon [_thread_blocked, id=19540, stack(0x000000a4c4e00000,0x000000a4c4f00000)]
  0x000001f9e165d850 JavaThread "C2 CompilerThread0" daemon [_thread_blocked, id=11616, stack(0x000000a4c4f00000,0x000000a4c5000000)]
  0x000001f9e16616c0 JavaThread "C1 CompilerThread0" daemon [_thread_blocked, id=5312, stack(0x000000a4c5000000,0x000000a4c5100000)]
  0x000001f9e166fc60 JavaThread "Sweeper thread" daemon [_thread_blocked, id=4216, stack(0x000000a4c5100000,0x000000a4c5200000)]
=>0x000001f9e5920270 JavaThread "C1 CompilerThread1" daemon [_thread_in_native, id=24568, stack(0x000000a4c5200000,0x000000a4c5300000)]
  0x000001f9e5928ae0 JavaThread "C1 CompilerThread2" daemon [_thread_blocked, id=13396, stack(0x000000a4c5300000,0x000000a4c5400000)]
  0x000001f9e5935770 JavaThread "Notification Thread" daemon [_thread_blocked, id=18764, stack(0x000000a4c5400000,0x000000a4c5500000)]
  0x000001f9e5937960 JavaThread "Common-Cleaner" daemon [_thread_blocked, id=13456, stack(0x000000a4c5600000,0x000000a4c5700000)]

Other Threads:
  0x000001f9e1632680 VMThread "VM Thread" [stack: 0x000000a4c4800000,0x000000a4c4900000] [id=19412]
  0x000001f9e59370f0 WatcherThread "VM Periodic Task Thread" [stack: 0x000000a4c5500000,0x000000a4c5600000] [id=6160]
  0x000001f9bda713b0 WorkerThread "GC Thread#0" [stack: 0x000000a4c4300000,0x000000a4c4400000] [id=15164]
  0x000001f9bda81ec0 ConcurrentGCThread "G1 Main Marker" [stack: 0x000000a4c4400000,0x000000a4c4500000] [id=11120]
  0x000001f9bda83aa0 WorkerThread "G1 Conc#0" [stack: 0x000000a4c4500000,0x000000a4c4600000] [id=22844]
  0x000001f9e14f0780 ConcurrentGCThread "G1 Refine#0" [stack: 0x000000a4c4600000,0x000000a4c4700000] [id=20120]
  0x000001f9e14f12c0 ConcurrentGCThread "G1 Service" [stack: 0x000000a4c4700000,0x000000a4c4800000] [id=10872]

Threads with active compile tasks:
C1 CompilerThread1       99  241       3       java.lang.invoke.MethodType::methodType (69 bytes)

VM state: not at safepoint (normal execution)

VM Mutex/Monitor currently owned by a thread:  ([mutex/lock_event])
[0x000001f9bd9f8a90] Metaspace_lock - owner thread: 0x000001f9bd9feab0

Heap address: 0x0000000705e00000, size: 4002 MB, Compressed Oops mode: Zero based, Oop shift amount: 3

CDS archive(s) mapped at: [0x0000000800000000-0x0000000800c40000-0x0000000800c40000), size 12845056, SharedBaseAddress: 0x0000000800000000, ArchiveRelocationMode: 0.
Compressed class space mapped at: 0x0000000801000000-0x0000000841000000, reserved size: 1073741824
Narrow klass base: 0x0000000800000000, Narrow klass shift: 0, Narrow klass range: 0x100000000

GC Precious Log:
 CardTable entry size: 512
 Card Set container configuration: InlinePtr #cards 4 size 8 Array Of Cards #cards 16 size 48 Howl #buckets 8 coarsen threshold 3686 Howl Bitmap #cards 512 size 80 coarsen threshold 460 Card regions per heap region 1 cards per card region 4096
 CPUs: 16 total, 16 available
 Memory: 16004M
 Large Page Support: Disabled
 NUMA Support: Disabled
 Compressed Oops: Enabled (Zero based)
 Heap Region Size: 2M
 Heap Min Capacity: 8M
 Heap Initial Capacity: 252M
 Heap Max Capacity: 4002M
 Pre-touch: Disabled
 Parallel Workers: 13
 Concurrent Workers: 3
 Concurrent Refinement Workers: 13
 Periodic GC: Disabled

Heap:
 garbage-first heap   total 258048K, used 2048K [0x0000000705e00000, 0x0000000800000000)
  region size 2048K, 2 young (4096K), 0 survivors (0K)
 Metaspace       used 774K, committed 896K, reserved 1114112K
  class space    used 73K, committed 128K, reserved 1048576K

Heap Regions: E=young(eden), S=young(survivor), O=old, HS=humongous(starts), HC=humongous(continues), CS=collection set, F=free, OA=open archive, CA=closed archive, TAMS=top-at-mark-start (previous, next)
|   0|0x0000000705e00000, 0x0000000705e00000, 0x0000000706000000|  0%| F|  |TAMS 0x0000000705e00000, 0x0000000705e00000| Untracked 
|   1|0x0000000706000000, 0x0000000706000000, 0x0000000706200000|  0%| F|  |TAMS 0x0000000706000000, 0x0000000706000000| Untracked 
|   2|0x0000000706200000, 0x0000000706200000, 0x0000000706400000|  0%| F|  |TAMS 0x0000000706200000, 0x0000000706200000| Untracked 
|   3|0x0000000706400000, 0x0000000706400000, 0x0000000706600000|  0%| F|  |TAMS 0x0000000706400000, 0x0000000706400000| Untracked 
|   4|0x0000000706600000, 0x0000000706600000, 0x0000000706800000|  0%| F|  |TAMS 0x0000000706600000, 0x0000000706600000| Untracked 
|   5|0x0000000706800000, 0x0000000706800000, 0x0000000706a00000|  0%| F|  |TAMS 0x0000000706800000, 0x0000000706800000| Untracked 
|   6|0x0000000706a00000, 0x0000000706a00000, 0x0000000706c00000|  0%| F|  |TAMS 0x0000000706a00000, 0x0000000706a00000| Untracked 
|   7|0x0000000706c00000, 0x0000000706c00000, 0x0000000706e00000|  0%| F|  |TAMS 0x0000000706c00000, 0x0000000706c00000| Untracked 
|   8|0x0000000706e00000, 0x0000000706e00000, 0x0000000707000000|  0%| F|  |TAMS 0x0000000706e00000, 0x0000000706e00000| Untracked 
|   9|0x0000000707000000, 0x0000000707000000, 0x0000000707200000|  0%| F|  |TAMS 0x0000000707000000, 0x0000000707000000| Untracked 
|  10|0x0000000707200000, 0x0000000707200000, 0x0000000707400000|  0%| F|  |TAMS 0x0000000707200000, 0x0000000707200000| Untracked 
|  11|0x0000000707400000, 0x0000000707400000, 0x0000000707600000|  0%| F|  |TAMS 0x0000000707400000, 0x0000000707400000| Untracked 
|  12|0x0000000707600000, 0x0000000707600000, 0x0000000707800000|  0%| F|  |TAMS 0x0000000707600000, 0x0000000707600000| Untracked 
|  13|0x0000000707800000, 0x0000000707800000, 0x0000000707a00000|  0%| F|  |TAMS 0x0000000707800000, 0x0000000707800000| Untracked 
|  14|0x0000000707a00000, 0x0000000707a00000, 0x0000000707c00000|  0%| F|  |TAMS 0x0000000707a00000, 0x0000000707a00000| Untracked 
|  15|0x0000000707c00000, 0x0000000707c00000, 0x0000000707e00000|  0%| F|  |TAMS 0x0000000707c00000, 0x0000000707c00000| Untracked 
|  16|0x0000000707e00000, 0x0000000707e00000, 0x0000000708000000|  0%| F|  |TAMS 0x0000000707e00000, 0x0000000707e00000| Untracked 
|  17|0x0000000708000000, 0x0000000708000000, 0x0000000708200000|  0%| F|  |TAMS 0x0000000708000000, 0x0000000708000000| Untracked 
|  18|0x0000000708200000, 0x0000000708200000, 0x0000000708400000|  0%| F|  |TAMS 0x0000000708200000, 0x0000000708200000| Untracked 
|  19|0x0000000708400000, 0x0000000708400000, 0x0000000708600000|  0%| F|  |TAMS 0x0000000708400000, 0x0000000708400000| Untracked 
|  20|0x0000000708600000, 0x0000000708600000, 0x0000000708800000|  0%| F|  |TAMS 0x0000000708600000, 0x0000000708600000| Untracked 
|  21|0x0000000708800000, 0x0000000708800000, 0x0000000708a00000|  0%| F|  |TAMS 0x0000000708800000, 0x0000000708800000| Untracked 
|  22|0x0000000708a00000, 0x0000000708a00000, 0x0000000708c00000|  0%| F|  |TAMS 0x0000000708a00000, 0x0000000708a00000| Untracked 
|  23|0x0000000708c00000, 0x0000000708c00000, 0x0000000708e00000|  0%| F|  |TAMS 0x0000000708c00000, 0x0000000708c00000| Untracked 
|  24|0x0000000708e00000, 0x0000000708e00000, 0x0000000709000000|  0%| F|  |TAMS 0x0000000708e00000, 0x0000000708e00000| Untracked 
|  25|0x0000000709000000, 0x0000000709000000, 0x0000000709200000|  0%| F|  |TAMS 0x0000000709000000, 0x0000000709000000| Untracked 
|  26|0x0000000709200000, 0x0000000709200000, 0x0000000709400000|  0%| F|  |TAMS 0x0000000709200000, 0x0000000709200000| Untracked 
|  27|0x0000000709400000, 0x0000000709400000, 0x0000000709600000|  0%| F|  |TAMS 0x0000000709400000, 0x0000000709400000| Untracked 
|  28|0x0000000709600000, 0x0000000709600000, 0x0000000709800000|  0%| F|  |TAMS 0x0000000709600000, 0x0000000709600000| Untracked 
|  29|0x0000000709800000, 0x0000000709800000, 0x0000000709a00000|  0%| F|  |TAMS 0x0000000709800000, 0x0000000709800000| Untracked 
|  30|0x0000000709a00000, 0x0000000709a00000, 0x0000000709c00000|  0%| F|  |TAMS 0x0000000709a00000, 0x0000000709a00000| Untracked 
|  31|0x0000000709c00000, 0x0000000709c00000, 0x0000000709e00000|  0%| F|  |TAMS 0x0000000709c00000, 0x0000000709c00000| Untracked 
|  32|0x0000000709e00000, 0x0000000709e00000, 0x000000070a000000|  0%| F|  |TAMS 0x0000000709e00000, 0x0000000709e00000| Untracked 
|  33|0x000000070a000000, 0x000000070a000000, 0x000000070a200000|  0%| F|  |TAMS 0x000000070a000000, 0x000000070a000000| Untracked 
|  34|0x000000070a200000, 0x000000070a200000, 0x000000070a400000|  0%| F|  |TAMS 0x000000070a200000, 0x000000070a200000| Untracked 
|  35|0x000000070a400000, 0x000000070a400000, 0x000000070a600000|  0%| F|  |TAMS 0x000000070a400000, 0x000000070a400000| Untracked 
|  36|0x000000070a600000, 0x000000070a600000, 0x000000070a800000|  0%| F|  |TAMS 0x000000070a600000, 0x000000070a600000| Untracked 
|  37|0x000000070a800000, 0x000000070a800000, 0x000000070aa00000|  0%| F|  |TAMS 0x000000070a800000, 0x000000070a800000| Untracked 
|  38|0x000000070aa00000, 0x000000070aa00000, 0x000000070ac00000|  0%| F|  |TAMS 0x000000070aa00000, 0x000000070aa00000| Untracked 
|  39|0x000000070ac00000, 0x000000070ac00000, 0x000000070ae00000|  0%| F|  |TAMS 0x000000070ac00000, 0x000000070ac00000| Untracked 
|  40|0x000000070ae00000, 0x000000070ae00000, 0x000000070b000000|  0%| F|  |TAMS 0x000000070ae00000, 0x000000070ae00000| Untracked 
|  41|0x000000070b000000, 0x000000070b000000, 0x000000070b200000|  0%| F|  |TAMS 0x000000070b000000, 0x000000070b000000| Untracked 
|  42|0x000000070b200000, 0x000000070b200000, 0x000000070b400000|  0%| F|  |TAMS 0x000000070b200000, 0x000000070b200000| Untracked 
|  43|0x000000070b400000, 0x000000070b400000, 0x000000070b600000|  0%| F|  |TAMS 0x000000070b400000, 0x000000070b400000| Untracked 
|  44|0x000000070b600000, 0x000000070b600000, 0x000000070b800000|  0%| F|  |TAMS 0x000000070b600000, 0x000000070b600000| Untracked 
|  45|0x000000070b800000, 0x000000070b800000, 0x000000070ba00000|  0%| F|  |TAMS 0x000000070b800000, 0x000000070b800000| Untracked 
|  46|0x000000070ba00000, 0x000000070ba00000, 0x000000070bc00000|  0%| F|  |TAMS 0x000000070ba00000, 0x000000070ba00000| Untracked 
|  47|0x000000070bc00000, 0x000000070bc00000, 0x000000070be00000|  0%| F|  |TAMS 0x000000070bc00000, 0x000000070bc00000| Untracked 
|  48|0x000000070be00000, 0x000000070be00000, 0x000000070c000000|  0%| F|  |TAMS 0x000000070be00000, 0x000000070be00000| Untracked 
|  49|0x000000070c000000, 0x000000070c000000, 0x000000070c200000|  0%| F|  |TAMS 0x000000070c000000, 0x000000070c000000| Untracked 
|  50|0x000000070c200000, 0x000000070c200000, 0x000000070c400000|  0%| F|  |TAMS 0x000000070c200000, 0x000000070c200000| Untracked 
|  51|0x000000070c400000, 0x000000070c400000, 0x000000070c600000|  0%| F|  |TAMS 0x000000070c400000, 0x000000070c400000| Untracked 
|  52|0x000000070c600000, 0x000000070c600000, 0x000000070c800000|  0%| F|  |TAMS 0x000000070c600000, 0x000000070c600000| Untracked 
|  53|0x000000070c800000, 0x000000070c800000, 0x000000070ca00000|  0%| F|  |TAMS 0x000000070c800000, 0x000000070c800000| Untracked 
|  54|0x000000070ca00000, 0x000000070ca00000, 0x000000070cc00000|  0%| F|  |TAMS 0x000000070ca00000, 0x000000070ca00000| Untracked 
|  55|0x000000070cc00000, 0x000000070cc00000, 0x000000070ce00000|  0%| F|  |TAMS 0x000000070cc00000, 0x000000070cc00000| Untracked 
|  56|0x000000070ce00000, 0x000000070ce00000, 0x000000070d000000|  0%| F|  |TAMS 0x000000070ce00000, 0x000000070ce00000| Untracked 
|  57|0x000000070d000000, 0x000000070d000000, 0x000000070d200000|  0%| F|  |TAMS 0x000000070d000000, 0x000000070d000000| Untracked 
|  58|0x000000070d200000, 0x000000070d200000, 0x000000070d400000|  0%| F|  |TAMS 0x000000070d200000, 0x000000070d200000| Untracked 
|  59|0x000000070d400000, 0x000000070d400000, 0x000000070d600000|  0%| F|  |TAMS 0x000000070d400000, 0x000000070d400000| Untracked 
|  60|0x000000070d600000, 0x000000070d600000, 0x000000070d800000|  0%| F|  |TAMS 0x000000070d600000, 0x000000070d600000| Untracked 
|  61|0x000000070d800000, 0x000000070d800000, 0x000000070da00000|  0%| F|  |TAMS 0x000000070d800000, 0x000000070d800000| Untracked 
|  62|0x000000070da00000, 0x000000070da00000, 0x000000070dc00000|  0%| F|  |TAMS 0x000000070da00000, 0x000000070da00000| Untracked 
|  63|0x000000070dc00000, 0x000000070dc00000, 0x000000070de00000|  0%| F|  |TAMS 0x000000070dc00000, 0x000000070dc00000| Untracked 
|  64|0x000000070de00000, 0x000000070de00000, 0x000000070e000000|  0%| F|  |TAMS 0x000000070de00000, 0x000000070de00000| Untracked 
|  65|0x000000070e000000, 0x000000070e000000, 0x000000070e200000|  0%| F|  |TAMS 0x000000070e000000, 0x000000070e000000| Untracked 
|  66|0x000000070e200000, 0x000000070e200000, 0x000000070e400000|  0%| F|  |TAMS 0x000000070e200000, 0x000000070e200000| Untracked 
|  67|0x000000070e400000, 0x000000070e400000, 0x000000070e600000|  0%| F|  |TAMS 0x000000070e400000, 0x000000070e400000| Untracked 
|  68|0x000000070e600000, 0x000000070e600000, 0x000000070e800000|  0%| F|  |TAMS 0x000000070e600000, 0x000000070e600000| Untracked 
|  69|0x000000070e800000, 0x000000070e800000, 0x000000070ea00000|  0%| F|  |TAMS 0x000000070e800000, 0x000000070e800000| Untracked 
|  70|0x000000070ea00000, 0x000000070ea00000, 0x000000070ec00000|  0%| F|  |TAMS 0x000000070ea00000, 0x000000070ea00000| Untracked 
|  71|0x000000070ec00000, 0x000000070ec00000, 0x000000070ee00000|  0%| F|  |TAMS 0x000000070ec00000, 0x000000070ec00000| Untracked 
|  72|0x000000070ee00000, 0x000000070ee00000, 0x000000070f000000|  0%| F|  |TAMS 0x000000070ee00000, 0x000000070ee00000| Untracked 
|  73|0x000000070f000000, 0x000000070f000000, 0x000000070f200000|  0%| F|  |TAMS 0x000000070f000000, 0x000000070f000000| Untracked 
|  74|0x000000070f200000, 0x000000070f200000, 0x000000070f400000|  0%| F|  |TAMS 0x000000070f200000, 0x000000070f200000| Untracked 
|  75|0x000000070f400000, 0x000000070f400000, 0x000000070f600000|  0%| F|  |TAMS 0x000000070f400000, 0x000000070f400000| Untracked 
|  76|0x000000070f600000, 0x000000070f600000, 0x000000070f800000|  0%| F|  |TAMS 0x000000070f600000, 0x000000070f600000| Untracked 
|  77|0x000000070f800000, 0x000000070f800000, 0x000000070fa00000|  0%| F|  |TAMS 0x000000070f800000, 0x000000070f800000| Untracked 
|  78|0x000000070fa00000, 0x000000070fa00000, 0x000000070fc00000|  0%| F|  |TAMS 0x000000070fa00000, 0x000000070fa00000| Untracked 
|  79|0x000000070fc00000, 0x000000070fc00000, 0x000000070fe00000|  0%| F|  |TAMS 0x000000070fc00000, 0x000000070fc00000| Untracked 
|  80|0x000000070fe00000, 0x000000070fe00000, 0x0000000710000000|  0%| F|  |TAMS 0x000000070fe00000, 0x000000070fe00000| Untracked 
|  81|0x0000000710000000, 0x0000000710000000, 0x0000000710200000|  0%| F|  |TAMS 0x0000000710000000, 0x0000000710000000| Untracked 
|  82|0x0000000710200000, 0x0000000710200000, 0x0000000710400000|  0%| F|  |TAMS 0x0000000710200000, 0x0000000710200000| Untracked 
|  83|0x0000000710400000, 0x0000000710400000, 0x0000000710600000|  0%| F|  |TAMS 0x0000000710400000, 0x0000000710400000| Untracked 
|  84|0x0000000710600000, 0x0000000710600000, 0x0000000710800000|  0%| F|  |TAMS 0x0000000710600000, 0x0000000710600000| Untracked 
|  85|0x0000000710800000, 0x0000000710800000, 0x0000000710a00000|  0%| F|  |TAMS 0x0000000710800000, 0x0000000710800000| Untracked 
|  86|0x0000000710a00000, 0x0000000710a00000, 0x0000000710c00000|  0%| F|  |TAMS 0x0000000710a00000, 0x0000000710a00000| Untracked 
|  87|0x0000000710c00000, 0x0000000710c00000, 0x0000000710e00000|  0%| F|  |TAMS 0x0000000710c00000, 0x0000000710c00000| Untracked 
|  88|0x0000000710e00000, 0x0000000710e00000, 0x0000000711000000|  0%| F|  |TAMS 0x0000000710e00000, 0x0000000710e00000| Untracked 
|  89|0x0000000711000000, 0x0000000711000000, 0x0000000711200000|  0%| F|  |TAMS 0x0000000711000000, 0x0000000711000000| Untracked 
|  90|0x0000000711200000, 0x0000000711200000, 0x0000000711400000|  0%| F|  |TAMS 0x0000000711200000, 0x0000000711200000| Untracked 
|  91|0x0000000711400000, 0x0000000711400000, 0x0000000711600000|  0%| F|  |TAMS 0x0000000711400000, 0x0000000711400000| Untracked 
|  92|0x0000000711600000, 0x0000000711600000, 0x0000000711800000|  0%| F|  |TAMS 0x0000000711600000, 0x0000000711600000| Untracked 
|  93|0x0000000711800000, 0x0000000711800000, 0x0000000711a00000|  0%| F|  |TAMS 0x0000000711800000, 0x0000000711800000| Untracked 
|  94|0x0000000711a00000, 0x0000000711a00000, 0x0000000711c00000|  0%| F|  |TAMS 0x0000000711a00000, 0x0000000711a00000| Untracked 
|  95|0x0000000711c00000, 0x0000000711c00000, 0x0000000711e00000|  0%| F|  |TAMS 0x0000000711c00000, 0x0000000711c00000| Untracked 
|  96|0x0000000711e00000, 0x0000000711e00000, 0x0000000712000000|  0%| F|  |TAMS 0x0000000711e00000, 0x0000000711e00000| Untracked 
|  97|0x0000000712000000, 0x0000000712000000, 0x0000000712200000|  0%| F|  |TAMS 0x0000000712000000, 0x0000000712000000| Untracked 
|  98|0x0000000712200000, 0x0000000712200000, 0x0000000712400000|  0%| F|  |TAMS 0x0000000712200000, 0x0000000712200000| Untracked 
|  99|0x0000000712400000, 0x0000000712400000, 0x0000000712600000|  0%| F|  |TAMS 0x0000000712400000, 0x0000000712400000| Untracked 
| 100|0x0000000712600000, 0x0000000712600000, 0x0000000712800000|  0%| F|  |TAMS 0x0000000712600000, 0x0000000712600000| Untracked 
| 101|0x0000000712800000, 0x0000000712800000, 0x0000000712a00000|  0%| F|  |TAMS 0x0000000712800000, 0x0000000712800000| Untracked 
| 102|0x0000000712a00000, 0x0000000712a00000, 0x0000000712c00000|  0%| F|  |TAMS 0x0000000712a00000, 0x0000000712a00000| Untracked 
| 103|0x0000000712c00000, 0x0000000712c00000, 0x0000000712e00000|  0%| F|  |TAMS 0x0000000712c00000, 0x0000000712c00000| Untracked 
| 104|0x0000000712e00000, 0x0000000712e00000, 0x0000000713000000|  0%| F|  |TAMS 0x0000000712e00000, 0x0000000712e00000| Untracked 
| 105|0x0000000713000000, 0x0000000713000000, 0x0000000713200000|  0%| F|  |TAMS 0x0000000713000000, 0x0000000713000000| Untracked 
| 106|0x0000000713200000, 0x0000000713200000, 0x0000000713400000|  0%| F|  |TAMS 0x0000000713200000, 0x0000000713200000| Untracked 
| 107|0x0000000713400000, 0x0000000713400000, 0x0000000713600000|  0%| F|  |TAMS 0x0000000713400000, 0x0000000713400000| Untracked 
| 108|0x0000000713600000, 0x0000000713600000, 0x0000000713800000|  0%| F|  |TAMS 0x0000000713600000, 0x0000000713600000| Untracked 
| 109|0x0000000713800000, 0x0000000713800000, 0x0000000713a00000|  0%| F|  |TAMS 0x0000000713800000, 0x0000000713800000| Untracked 
| 110|0x0000000713a00000, 0x0000000713a00000, 0x0000000713c00000|  0%| F|  |TAMS 0x0000000713a00000, 0x0000000713a00000| Untracked 
| 111|0x0000000713c00000, 0x0000000713c00000, 0x0000000713e00000|  0%| F|  |TAMS 0x0000000713c00000, 0x0000000713c00000| Untracked 
| 112|0x0000000713e00000, 0x0000000713e00000, 0x0000000714000000|  0%| F|  |TAMS 0x0000000713e00000, 0x0000000713e00000| Untracked 
| 113|0x0000000714000000, 0x0000000714000000, 0x0000000714200000|  0%| F|  |TAMS 0x0000000714000000, 0x0000000714000000| Untracked 
| 114|0x0000000714200000, 0x0000000714200000, 0x0000000714400000|  0%| F|  |TAMS 0x0000000714200000, 0x0000000714200000| Untracked 
| 115|0x0000000714400000, 0x0000000714400000, 0x0000000714600000|  0%| F|  |TAMS 0x0000000714400000, 0x0000000714400000| Untracked 
| 116|0x0000000714600000, 0x0000000714600000, 0x0000000714800000|  0%| F|  |TAMS 0x0000000714600000, 0x0000000714600000| Untracked 
| 117|0x0000000714800000, 0x0000000714800000, 0x0000000714a00000|  0%| F|  |TAMS 0x0000000714800000, 0x0000000714800000| Untracked 
| 118|0x0000000714a00000, 0x0000000714a00000, 0x0000000714c00000|  0%| F|  |TAMS 0x0000000714a00000, 0x0000000714a00000| Untracked 
| 119|0x0000000714c00000, 0x0000000714c00000, 0x0000000714e00000|  0%| F|  |TAMS 0x0000000714c00000, 0x0000000714c00000| Untracked 
| 120|0x0000000714e00000, 0x0000000714e00000, 0x0000000715000000|  0%| F|  |TAMS 0x0000000714e00000, 0x0000000714e00000| Untracked 
| 121|0x0000000715000000, 0x0000000715000000, 0x0000000715200000|  0%| F|  |TAMS 0x0000000715000000, 0x0000000715000000| Untracked 
| 122|0x0000000715200000, 0x0000000715200000, 0x0000000715400000|  0%| F|  |TAMS 0x0000000715200000, 0x0000000715200000| Untracked 
| 123|0x0000000715400000, 0x0000000715400000, 0x0000000715600000|  0%| F|  |TAMS 0x0000000715400000, 0x0000000715400000| Untracked 
| 124|0x0000000715600000, 0x00000007157c3210, 0x0000000715800000| 88%| E|  |TAMS 0x0000000715600000, 0x0000000715600000| Complete 
| 125|0x0000000715800000, 0x0000000715a00000, 0x0000000715a00000|100%| E|CS|TAMS 0x0000000715800000, 0x0000000715800000| Complete 

Card table byte_map: [0x000001f9d59c0000,0x000001f9d61a0000] _byte_map_base: 0x000001f9d2191000

Marking Bits (Prev, Next): (CMBitMap*) 0x000001f9bda719e0, (CMBitMap*) 0x000001f9bda71a20
 Prev Bits: [0x000001f9d6980000, 0x000001f9da808000)
 Next Bits: [0x000001f9da810000, 0x000001f9de698000)

Polling page: 0x000001f9bb980000

Metaspace:

Usage:
  Non-class:    701.04 KB used.
      Class:     73.78 KB used.
       Both:    774.82 KB used.

Virtual space:
  Non-class space:       64.00 MB reserved,     768.00 KB (  1%) committed,  1 nodes.
      Class space:        1.00 GB reserved,     128.00 KB ( <1%) committed,  1 nodes.
             Both:        1.06 GB reserved,     896.00 KB ( <1%) committed. 

Chunk freelists:
   Non-Class:  3.75 MB
       Class:  3.67 MB
        Both:  7.42 MB

MaxMetaspaceSize: unlimited
CompressedClassSpaceSize: 1.00 GB
Initial GC threshold: 21.00 MB
Current GC threshold: 21.00 MB
CDS: on
MetaspaceReclaimPolicy: balanced
 - commit_granule_bytes: 65536.
 - commit_granule_words: 8192.
 - virtual_space_node_default_size: 8388608.
 - enlarge_chunks_in_place: 1.
 - new_chunks_are_fully_committed: 0.
 - uncommit_free_chunks: 1.
 - use_allocation_guard: 0.


Internal statistics:

num_allocs_failed_limit: 0.
num_arena_births: 54.
num_arena_deaths: 0.
num_vsnodes_births: 2.
num_vsnodes_deaths: 0.
num_space_committed: 14.
num_space_uncommitted: 0.
num_chunks_returned_to_freelist: 0.
num_chunks_taken_from_freelist: 74.
num_chunk_merges: 0.
num_chunk_splits: 48.
num_chunks_enlarged: 31.
num_inconsistent_stats: 0.

CodeHeap 'non-profiled nmethods': size=119168Kb used=94Kb max_used=94Kb free=119073Kb
 bounds [0x000001f9cd500000, 0x000001f9cd770000, 0x000001f9d4960000]
CodeHeap 'profiled nmethods': size=119104Kb used=404Kb max_used=404Kb free=118699Kb
 bounds [0x000001f9c5960000, 0x000001f9c5bd0000, 0x000001f9ccdb0000]
CodeHeap 'non-nmethods': size=7488Kb used=2327Kb max_used=2341Kb free=5160Kb
 bounds [0x000001f9ccdb0000, 0x000001f9cd020000, 0x000001f9cd500000]
 total_blobs=718 nmethods=318 adapters=309
 compilation: enabled
              stopped_count=0, restarted_count=0
 full_count=0

Compilation events (20 events):
Event: 0.083 Thread 0x000001f9e16616c0 nmethod 222 0x000001f9c599c110 code [0x000001f9c599c2a0, 0x000001f9c599c3b8]
Event: 0.083 Thread 0x000001f9e16616c0  223       3       java.lang.StringLatin1::newString (24 bytes)
Event: 0.084 Thread 0x000001f9e16616c0 nmethod 223 0x000001f9c599c490 code [0x000001f9c599c660, 0x000001f9c599c988]
Event: 0.084 Thread 0x000001f9e5928ae0  227       3       jdk.internal.org.objectweb.asm.Frame::execute (2305 bytes)
Event: 0.084 Thread 0x000001f9e5920270  228       3       java.lang.invoke.LambdaForm::internArgument (85 bytes)
Event: 0.084 Thread 0x000001f9e5920270 nmethod 228 0x000001f9c599ca90 code [0x000001f9c599cc60, 0x000001f9c599cfc8]
Event: 0.085 Thread 0x000001f9e5920270  234       3       sun.invoke.util.VerifyAccess::isTypeVisible (118 bytes)
Event: 0.085 Thread 0x000001f9e16616c0  235       3       java.lang.invoke.LambdaForm::parameter (38 bytes)
Event: 0.085 Thread 0x000001f9e16616c0 nmethod 235 0x000001f9c599d190 code [0x000001f9c599d320, 0x000001f9c599d478]
Event: 0.085 Thread 0x000001f9e16616c0  236       3       java.lang.invoke.MemberName::isConstructor (8 bytes)
Event: 0.085 Thread 0x000001f9e16616c0 nmethod 236 0x000001f9c599d590 code [0x000001f9c599d740, 0x000001f9c599d978]
Event: 0.085 Thread 0x000001f9e16616c0  239       3       sun.invoke.util.Wrapper::forPrimitiveType (122 bytes)
Event: 0.085 Thread 0x000001f9e5920270 nmethod 234 0x000001f9c599da90 code [0x000001f9c599dda0, 0x000001f9c599edb8]
Event: 0.085 Thread 0x000001f9e5920270  238       3       jdk.internal.org.objectweb.asm.ByteVector::put12 (64 bytes)
Event: 0.086 Thread 0x000001f9e5920270 nmethod 238 0x000001f9c599f290 code [0x000001f9c599f440, 0x000001f9c599f688]
Event: 0.086 Thread 0x000001f9e5920270  241       3       java.lang.invoke.MethodType::methodType (69 bytes)
Event: 0.086 Thread 0x000001f9e16616c0 nmethod 239 0x000001f9c599f810 code [0x000001f9c599fae0, 0x000001f9c59a0618]
Event: 0.086 Thread 0x000001f9e16616c0  237       1       java.lang.invoke.LambdaForm$Name::index (5 bytes)
Event: 0.086 Thread 0x000001f9e16616c0 nmethod 237 0x000001f9cd512910 code [0x000001f9cd512aa0, 0x000001f9cd512b58]
Event: 0.086 Thread 0x000001f9e16616c0  243       3       jdk.internal.org.objectweb.asm.Frame::push (109 bytes)

GC Heap History (0 events):
No events

Dll operation events (8 events):
Event: 0.004 Loaded shared library C:\Program Files\Java\jdk-19\bin\java.dll
Event: 0.010 Loaded shared library C:\Program Files\Java\jdk-19\bin\jsvml.dll
Event: 0.029 Loaded shared library C:\Program Files\Java\jdk-19\bin\net.dll
Event: 0.030 Loaded shared library C:\Program Files\Java\jdk-19\bin\nio.dll
Event: 0.032 Loaded shared library C:\Program Files\Java\jdk-19\bin\zip.dll
Event: 0.034 Loaded shared library C:\Program Files\Java\jdk-19\bin\verify.dll
Event: 0.037 Loaded shared library C:\Program Files\Java\jdk-19\bin\jimage.dll
Event: 0.046 Loaded shared library C:\Program Files\Java\jdk-19\bin\attach.dll

Deoptimization events (0 events):
No events

Classes loaded (20 events):
Event: 0.049 Loading class java/util/TimerTask
Event: 0.049 Loading class java/util/TimerTask done
Event: 0.050 Loading class java/util/Timer
Event: 0.050 Loading class java/util/Timer done
Event: 0.050 Loading class java/io/FilenameFilter
Event: 0.050 Loading class java/io/FilenameFilter done
Event: 0.051 Loading class java/util/regex/Pattern$BnM
Event: 0.051 Loading class java/util/regex/Pattern$BnM done
Event: 0.051 Loading class java/util/regex/Pattern$SliceS
Event: 0.051 Loading class java/util/regex/Pattern$SliceS done
Event: 0.054 Loading class java/lang/IllegalAccessException
Event: 0.054 Loading class java/lang/IllegalAccessException done
Event: 0.054 Loading class java/lang/InstantiationException
Event: 0.054 Loading class java/lang/InstantiationException done
Event: 0.054 Loading class java/lang/reflect/InvocationTargetException
Event: 0.054 Loading class java/lang/reflect/InvocationTargetException done
Event: 0.054 Loading class java/io/FileNotFoundException
Event: 0.054 Loading class java/io/FileNotFoundException done
Event: 0.081 Loading class jdk/internal/perf/Perf$CleanerAction
Event: 0.081 Loading class jdk/internal/perf/Perf$CleanerAction done

Classes unloaded (0 events):
No events

Classes redefined (0 events):
No events

Internal exceptions (0 events):
No events

VM Operations (2 events):
Event: 0.032 Executing VM operation: HandshakeAllThreads
Event: 0.032 Executing VM operation: HandshakeAllThreads done

Events (14 events):
Event: 0.010 Thread 0x000001f9bd9feab0 Thread added: 0x000001f9bd9feab0
Event: 0.017 Thread 0x000001f9e1649ec0 Thread added: 0x000001f9e1649ec0
Event: 0.017 Thread 0x000001f9e164acb0 Thread added: 0x000001f9e164acb0
Event: 0.017 Thread 0x000001f9e164cab0 Thread added: 0x000001f9e164cab0
Event: 0.017 Thread 0x000001f9e164e950 Thread added: 0x000001f9e164e950
Event: 0.017 Thread 0x000001f9e16532a0 Thread added: 0x000001f9e16532a0
Event: 0.017 Thread 0x000001f9e1654be0 Thread added: 0x000001f9e1654be0
Event: 0.017 Thread 0x000001f9e165d850 Thread added: 0x000001f9e165d850
Event: 0.017 Thread 0x000001f9e16616c0 Thread added: 0x000001f9e16616c0
Event: 0.017 Thread 0x000001f9e166fc60 Thread added: 0x000001f9e166fc60
Event: 0.025 Thread 0x000001f9e5920270 Thread added: 0x000001f9e5920270
Event: 0.025 Thread 0x000001f9e5928ae0 Thread added: 0x000001f9e5928ae0
Event: 0.026 Thread 0x000001f9e5935770 Thread added: 0x000001f9e5935770
Event: 0.028 Thread 0x000001f9e5937960 Thread added: 0x000001f9e5937960


Dynamic libraries:
0x00007ff73d4d0000 - 0x00007ff73d4e0000 	C:\Program Files\Java\jdk-19\bin\java.exe
0x00007ffab42d0000 - 0x00007ffab44e7000 	C:\WINDOWS\SYSTEM32\ntdll.dll
0x00007ffab3000000 - 0x00007ffab30c4000 	C:\WINDOWS\System32\KERNEL32.DLL
0x00007ffab18a0000 - 0x00007ffab1c5a000 	C:\WINDOWS\System32\KERNELBASE.dll
0x00007ffab16e0000 - 0x00007ffab17f1000 	C:\WINDOWS\System32\ucrtbase.dll
0x00007ffaac7a0000 - 0x00007ffaac7b8000 	C:\Program Files\Java\jdk-19\bin\jli.dll
0x00007ffab34c0000 - 0x00007ffab3572000 	C:\WINDOWS\System32\ADVAPI32.dll
0x00007ffaac610000 - 0x00007ffaac62b000 	C:\Program Files\Java\jdk-19\bin\VCRUNTIME140.dll
0x00007ffab3f90000 - 0x00007ffab4037000 	C:\WINDOWS\System32\msvcrt.dll
0x00007ffab3730000 - 0x00007ffab37d7000 	C:\WINDOWS\System32\sechost.dll
0x00007ffab1c60000 - 0x00007ffab1c88000 	C:\WINDOWS\System32\bcrypt.dll
0x00007ffab4140000 - 0x00007ffab4254000 	C:\WINDOWS\System32\RPCRT4.dll
0x00007ffab3580000 - 0x00007ffab372e000 	C:\WINDOWS\System32\USER32.dll
0x00007ffaa00c0000 - 0x00007ffaa0352000 	C:\WINDOWS\WinSxS\amd64_microsoft.windows.common-controls_6595b64144ccf1df_6.0.22621.4541_none_2710d1c57384c085\COMCTL32.dll
0x00007ffab3270000 - 0x00007ffab3299000 	C:\WINDOWS\System32\GDI32.dll
0x00007ffab16b0000 - 0x00007ffab16d6000 	C:\WINDOWS\System32\win32u.dll
0x00007ffab1e80000 - 0x00007ffab1f9b000 	C:\WINDOWS\System32\gdi32full.dll
0x00007ffaa8f30000 - 0x00007ffaa8f3a000 	C:\WINDOWS\SYSTEM32\VERSION.dll
0x00007ffab1800000 - 0x00007ffab189a000 	C:\WINDOWS\System32\msvcp_win.dll
0x00007ffab3100000 - 0x00007ffab3131000 	C:\WINDOWS\System32\IMM32.DLL
0x00007ffaac640000 - 0x00007ffaac64c000 	C:\Program Files\Java\jdk-19\bin\vcruntime140_1.dll
0x00007ffaa0920000 - 0x00007ffaa09ae000 	C:\Program Files\Java\jdk-19\bin\msvcp140.dll
0x00007ffa1d350000 - 0x00007ffa1e010000 	C:\Program Files\Java\jdk-19\bin\server\jvm.dll
0x00007ffaa9670000 - 0x00007ffaa96a4000 	C:\WINDOWS\SYSTEM32\WINMM.dll
0x00007ffaab920000 - 0x00007ffaab929000 	C:\WINDOWS\SYSTEM32\WSOCK32.dll
0x00007ffab32c0000 - 0x00007ffab3331000 	C:\WINDOWS\System32\WS2_32.dll
0x00007ffab0680000 - 0x00007ffab0698000 	C:\WINDOWS\SYSTEM32\kernel.appcore.dll
0x00007ffaac600000 - 0x00007ffaac60a000 	C:\Program Files\Java\jdk-19\bin\jimage.dll
0x00007ffaaef20000 - 0x00007ffaaf152000 	C:\WINDOWS\SYSTEM32\DBGHELP.DLL
0x00007ffab2c70000 - 0x00007ffab2fff000 	C:\WINDOWS\System32\combase.dll
0x00007ffab3140000 - 0x00007ffab3217000 	C:\WINDOWS\System32\OLEAUT32.dll
0x00007ffaa0c70000 - 0x00007ffaa0ca2000 	C:\WINDOWS\SYSTEM32\dbgcore.DLL
0x00007ffab1e00000 - 0x00007ffab1e7b000 	C:\WINDOWS\System32\bcryptPrimitives.dll
0x00007ffaa97e0000 - 0x00007ffaa9806000 	C:\Program Files\Java\jdk-19\bin\java.dll
0x00007ffa9fb60000 - 0x00007ffa9fc37000 	C:\Program Files\Java\jdk-19\bin\jsvml.dll
0x00007ffab23e0000 - 0x00007ffab2c58000 	C:\WINDOWS\System32\SHELL32.dll
0x00007ffaaf470000 - 0x00007ffaafd78000 	C:\WINDOWS\SYSTEM32\windows.storage.dll
0x00007ffaaf330000 - 0x00007ffaaf46f000 	C:\WINDOWS\SYSTEM32\wintypes.dll
0x00007ffab4040000 - 0x00007ffab413a000 	C:\WINDOWS\System32\SHCORE.dll
0x00007ffab21c0000 - 0x00007ffab221e000 	C:\WINDOWS\System32\shlwapi.dll
0x00007ffab14a0000 - 0x00007ffab14cb000 	C:\WINDOWS\SYSTEM32\profapi.dll
0x00007ffaac5e0000 - 0x00007ffaac5f3000 	C:\Program Files\Java\jdk-19\bin\net.dll
0x00007ffaacfc0000 - 0x00007ffaad0f6000 	C:\WINDOWS\SYSTEM32\WINHTTP.dll
0x00007ffab0b20000 - 0x00007ffab0b89000 	C:\WINDOWS\system32\mswsock.dll
0x00007ffaa1fb0000 - 0x00007ffaa1fc6000 	C:\Program Files\Java\jdk-19\bin\nio.dll
0x00007ffaa0a30000 - 0x00007ffaa0a48000 	C:\Program Files\Java\jdk-19\bin\zip.dll
0x00007ffaa9a60000 - 0x00007ffaa9a70000 	C:\Program Files\Java\jdk-19\bin\verify.dll
0x00007ffaa1e40000 - 0x00007ffaa1e49000 	C:\Program Files\Java\jdk-19\bin\attach.dll
0x00007ffab3b00000 - 0x00007ffab3b08000 	C:\WINDOWS\System32\PSAPI.DLL

dbghelp: loaded successfully - version: 4.0.5 - missing functions: none
symbol engine: initialized successfully - sym options: 0x614 - pdb path: .;C:\Program Files\Java\jdk-19\bin;C:\WINDOWS\SYSTEM32;C:\WINDOWS\WinSxS\amd64_microsoft.windows.common-controls_6595b64144ccf1df_6.0.22621.4541_none_2710d1c57384c085;C:\Program Files\Java\jdk-19\bin\server

VM Arguments:
jvm_args: -Dnet.bytebuddy.agent.attacher.dump= 
java_command: net.bytebuddy.agent.Attacher com.sun.tools.attach.VirtualMachine 22620 C:\Users\99293\.m2\repository\net\bytebuddy\byte-buddy-agent\1.14.5\byte-buddy-agent-1.14.5.jar false 
java_class_path (initial): C:\Users\99293\.m2\repository\net\bytebuddy\byte-buddy-agent\1.14.5\byte-buddy-agent-1.14.5.jar
Launcher Type: SUN_STANDARD

[Global flags]
     intx CICompilerCount                          = 12                                        {product} {ergonomic}
     uint ConcGCThreads                            = 3                                         {product} {ergonomic}
     uint G1ConcRefinementThreads                  = 13                                        {product} {ergonomic}
   size_t G1HeapRegionSize                         = 2097152                                   {product} {ergonomic}
    uintx GCDrainStackTargetSize                   = 64                                        {product} {ergonomic}
   size_t InitialHeapSize                          = 264241152                                 {product} {ergonomic}
   size_t MarkStackSize                            = 4194304                                   {product} {ergonomic}
   size_t MaxHeapSize                              = 4196401152                                {product} {ergonomic}
   size_t MaxNewSize                               = 2516582400                                {product} {ergonomic}
   size_t MinHeapDeltaBytes                        = 2097152                                   {product} {ergonomic}
   size_t MinHeapSize                              = 8388608                                   {product} {ergonomic}
    uintx NonNMethodCodeHeapSize                   = 7602480                                {pd product} {ergonomic}
    uintx NonProfiledCodeHeapSize                  = 122027880                              {pd product} {ergonomic}
    uintx ProfiledCodeHeapSize                     = 122027880                              {pd product} {ergonomic}
    uintx ReservedCodeCacheSize                    = 251658240                              {pd product} {ergonomic}
     bool SegmentedCodeCache                       = true                                      {product} {ergonomic}
   size_t SoftMaxHeapSize                          = 4196401152                             {manageable} {ergonomic}
     bool UseCompressedClassPointers               = true                           {product lp64_product} {ergonomic}
     bool UseCompressedOops                        = true                           {product lp64_product} {ergonomic}
     bool UseG1GC                                  = true                                      {product} {ergonomic}
     bool UseLargePagesIndividualAllocation        = false                                  {pd product} {ergonomic}

Logging:
Log output configuration:
 #0: stdout all=warning uptime,level,tags foldmultilines=false
 #1: stderr all=off uptime,level,tags foldmultilines=false

Environment Variables:
JAVA_HOME=C:\Program Files\Java\jdk-19
PATH=C:\Program Files\Common Files\Oracle\Java\javapath;C:\Windows\system32;C:\Windows;C:\Windows\System32\Wbem;C:\Windows\System32\WindowsPowerShell\v1.0\;C:\Windows\System32\OpenSSH\;C:\Program Files (x86)\NVIDIA Corporation\PhysX\Common;C:\Program Files\NVIDIA Corporation\NVIDIA NvDLISR;C:\Program Files (x86)\dotnet\;C:\WINDOWS\system32;C:\WINDOWS;C:\WINDOWS\System32\Wbem;C:\WINDOWS\System32\WindowsPowerShell\v1.0\;C:\WINDOWS\System32\OpenSSH\;C:\Program Files\Java\jdk-19\bin;C:\Program Files\Git\cmd;C:\Users\99293\AppData\Local\Programs\Python\Python311\Scripts\;C:\Users\99293\AppData\Local\Programs\Python\Python311\;C:\Users\99293\AppData\Local\Microsoft\WindowsApps;;C:\Program Files\JetBrains\IntelliJ IDEA 2022.1.2\bin;;C:\Program Files\heroku\bin
USERNAME=ASUS
OS=Windows_NT
PROCESSOR_IDENTIFIER=Intel64 Family 6 Model 154 Stepping 3, GenuineIntel
TMP=C:\Users\99293\AppData\Local\Temp
TEMP=C:\Users\99293\AppData\Local\Temp



---------------  S Y S T E M  ---------------

OS:
 Windows 11 , 64 bit Build 22621 (10.0.22621.4391)
OS uptime: 0 days 21:56 hours
Hyper-V role detected

CPU: total 16 (initial active 16) (8 cores per cpu, 2 threads per core) family 6 model 154 stepping 3 microcode 0x429, cx8, cmov, fxsr, ht, mmx, 3dnowpref, sse, sse2, sse3, ssse3, sse4.1, sse4.2, popcnt, lzcnt, tsc, tscinvbit, avx, avx2, aes, erms, clmul, bmi1, bmi2, adx, sha, fma, vzeroupper, clflush, clflushopt, clwb, hv, serialize, rdtscp, rdpid, fsrm

Memory: 4k page, system-wide physical 16004M (2021M free)
TotalPageFile size 18052M (AvailPageFile size 2M)
current process WorkingSet (physical memory assigned to process): 36M, peak: 36M
current process commit charge ("private bytes"): 352M, peak: 352M

vm_info: Java HotSpot(TM) 64-Bit Server VM (19.0.2+7-44) for windows-amd64 JRE (19.0.2+7-44), built on 2022-11-30T18:02:09Z by "mach5one" with MS VC++ 17.1 (VS2022)

END.
