#
# There is insufficient memory for the Java Runtime Environment to continue.
# Native memory allocation (malloc) failed to allocate 1130416 bytes for Chunk::new
# Possible reasons:
#   The system is out of physical RAM or swap space
#   The process is running with CompressedOops enabled, and the Java Heap may be blocking the growth of the native heap
# Possible solutions:
#   Reduce memory load on the system
#   Increase physical memory or swap space
#   Check if swap backing store is full
#   Decrease Java heap size (-Xmx/-Xms)
#   Decrease number of Java threads
#   Decrease Java thread stack sizes (-Xss)
#   Set larger code cache with -XX:ReservedCodeCacheSize=
#   JVM is running with Zero Based Compressed Oops mode in which the Java heap is
#     placed in the first 32GB address space. The Java Heap base address is the
#     maximum limit for the native heap growth. Please use -XX:HeapBaseMinAddress
#     to set the Java Heap base and to place the Java Heap above 32GB virtual address.
# This output file may be truncated or incomplete.
#
#  Out of Memory Error (arena.cpp:184), pid=5004, tid=25292
#
# JRE version: Java(TM) SE Runtime Environment (19.0.2+7) (build 19.0.2+7-44)
# Java VM: Java HotSpot(TM) 64-Bit Server VM (19.0.2+7-44, mixed mode, sharing, tiered, compressed oops, compressed class ptrs, g1 gc, windows-amd64)
# No core dump will be written. Minidumps are not enabled by default on client versions of Windows
#

---------------  S U M M A R Y ------------

Command Line: -Dmaven.multiModuleProjectDirectory=D:\website.citu-web -Dmaven.home=C:\Users\99293\.m2\wrapper\dists\apache-maven-3.9.3-bin\54p6kc7m0ap3os8bc4ge28ia2\apache-maven-3.9.3 -Dclassworlds.conf=C:\Users\99293\.m2\wrapper\dists\apache-maven-3.9.3-bin\54p6kc7m0ap3os8bc4ge28ia2\apache-maven-3.9.3\bin\m2.conf -Dmaven.ext.class.path=C:\Program Files\JetBrains\IntelliJ IDEA 2022.1.2\plugins\maven\lib\maven-event-listener.jar -javaagent:C:\Program Files\JetBrains\IntelliJ IDEA 2022.1.2\lib\idea_rt.jar=51900:C:\Program Files\JetBrains\IntelliJ IDEA 2022.1.2\bin -Dfile.encoding=UTF-8 org.codehaus.classworlds.Launcher -Didea.version=2022.1.2 package

Host: 12th Gen Intel(R) Core(TM) i7-12650H, 16 cores, 15G,  Windows 11 , 64 bit Build 22621 (10.0.22621.4391)
Time: Thu Dec 12 23:10:53 2024  Windows 11 , 64 bit Build 22621 (10.0.22621.4391) elapsed time: 6.169969 seconds (0d 0h 0m 6s)

---------------  T H R E A D  ---------------

Current thread (0x0000014932535d90):  JavaThread "C2 CompilerThread2" daemon [_thread_in_native, id=25292, stack(0x0000002404700000,0x0000002404800000)]


Current CompileTask:
C2:   6170 9939   !   4       java.lang.ClassLoader::loadClass (121 bytes)

Stack: [0x0000002404700000,0x0000002404800000]
Native frames: (J=compiled Java code, j=interpreted, Vv=VM code, C=native code)
V  [jvm.dll+0x6ee21a]
V  [jvm.dll+0x85765e]
V  [jvm.dll+0x85904e]
V  [jvm.dll+0x859703]
V  [jvm.dll+0x28298f]
V  [jvm.dll+0xc9adf]
V  [jvm.dll+0xc9e65]
V  [jvm.dll+0x3bca12]
V  [jvm.dll+0x1eddf3]
V  [jvm.dll+0x24c52b]
V  [jvm.dll+0x24b781]
V  [jvm.dll+0x1d6ce1]
V  [jvm.dll+0x25b25a]
V  [jvm.dll+0x2596e8]
V  [jvm.dll+0x807588]
V  [jvm.dll+0x80125a]
V  [jvm.dll+0x6ecf0b]
C  [ucrtbase.dll+0x29333]
C  [KERNEL32.DLL+0x1259d]
C  [ntdll.dll+0x5af38]


---------------  P R O C E S S  ---------------

Threads class SMR info:
_java_thread_list=0x0000014935646840, length=29, elements={
0x0000014909851bd0, 0x000001492d4ccc10, 0x000001492d4cda00, 0x000001492d4d1830,
0x000001492d4d5280, 0x000001492d4d6560, 0x000001492d4d6e90, 0x000001492d4d9b00,
0x000001492d4dc8d0, 0x000001492d4dd9e0, 0x0000014931898280, 0x000001493189e820,
0x000001493190b990, 0x0000014931a645d0, 0x0000014931a67000, 0x0000014931ce8f00,
0x0000014931e23f70, 0x0000014932535d90, 0x00000149325371b0, 0x0000014932117510,
0x000001493267b3c0, 0x00000149350ba2e0, 0x00000149350ba870, 0x0000014939b3e9e0,
0x0000014939b3ef30, 0x0000014939b3ff20, 0x0000014939b3f480, 0x0000014939b3f9d0,
0x0000014939b409c0
}

Java Threads: ( => current thread )
  0x0000014909851bd0 JavaThread "main" [_thread_in_native, id=21616, stack(0x0000002402700000,0x0000002402800000)]
  0x000001492d4ccc10 JavaThread "Reference Handler" daemon [_thread_blocked, id=17916, stack(0x0000002402e00000,0x0000002402f00000)]
  0x000001492d4cda00 JavaThread "Finalizer" daemon [_thread_blocked, id=22220, stack(0x0000002402f00000,0x0000002403000000)]
  0x000001492d4d1830 JavaThread "Signal Dispatcher" daemon [_thread_blocked, id=3600, stack(0x0000002403000000,0x0000002403100000)]
  0x000001492d4d5280 JavaThread "Attach Listener" daemon [_thread_blocked, id=3100, stack(0x0000002403100000,0x0000002403200000)]
  0x000001492d4d6560 JavaThread "Service Thread" daemon [_thread_blocked, id=1636, stack(0x0000002403200000,0x0000002403300000)]
  0x000001492d4d6e90 JavaThread "Monitor Deflation Thread" daemon [_thread_blocked, id=3324, stack(0x0000002403300000,0x0000002403400000)]
  0x000001492d4d9b00 JavaThread "C2 CompilerThread0" daemon [_thread_blocked, id=22604, stack(0x0000002403400000,0x0000002403500000)]
  0x000001492d4dc8d0 JavaThread "C1 CompilerThread0" daemon [_thread_blocked, id=21364, stack(0x0000002403500000,0x0000002403600000)]
  0x000001492d4dd9e0 JavaThread "Sweeper thread" daemon [_thread_blocked, id=24728, stack(0x0000002403600000,0x0000002403700000)]
  0x0000014931898280 JavaThread "C1 CompilerThread1" daemon [_thread_blocked, id=23796, stack(0x0000002403700000,0x0000002403800000)]
  0x000001493189e820 JavaThread "C1 CompilerThread2" daemon [_thread_blocked, id=5036, stack(0x0000002403800000,0x0000002403900000)]
  0x000001493190b990 JavaThread "Common-Cleaner" daemon [_thread_blocked, id=24560, stack(0x0000002403900000,0x0000002403a00000)]
  0x0000014931a645d0 JavaThread "Monitor Ctrl-Break" daemon [_thread_in_native, id=24740, stack(0x0000002403a00000,0x0000002403b00000)]
  0x0000014931a67000 JavaThread "Notification Thread" daemon [_thread_blocked, id=19104, stack(0x0000002403b00000,0x0000002403c00000)]
  0x0000014931ce8f00 JavaThread "C2 CompilerThread1" daemon [_thread_blocked, id=5152, stack(0x0000002403d00000,0x0000002403e00000)]
  0x0000014931e23f70 JavaThread "C1 CompilerThread3" daemon [_thread_blocked, id=24068, stack(0x0000002403e00000,0x0000002403f00000)]
=>0x0000014932535d90 JavaThread "C2 CompilerThread2" daemon [_thread_in_native, id=25292, stack(0x0000002404700000,0x0000002404800000)]
  0x00000149325371b0 JavaThread "C2 CompilerThread3" daemon [_thread_blocked, id=17372, stack(0x0000002404800000,0x0000002404900000)]
  0x0000014932117510 JavaThread "C2 CompilerThread4" daemon [_thread_in_native, id=25372, stack(0x0000002404900000,0x0000002404a00000)]
  0x000001493267b3c0 JavaThread "C2 CompilerThread5" daemon [_thread_blocked, id=2944, stack(0x0000002404a00000,0x0000002404b00000)]
  0x00000149350ba2e0 JavaThread "C2 CompilerThread6" daemon [_thread_blocked, id=17852, stack(0x0000002404b00000,0x0000002404c00000)]
  0x00000149350ba870 JavaThread "C2 CompilerThread7" daemon [_thread_blocked, id=23780, stack(0x0000002404c00000,0x0000002404d00000)]
  0x0000014939b3e9e0 JavaThread "timeout-check-timer" daemon [_thread_blocked, id=2468, stack(0x0000002405300000,0x0000002405400000)]
  0x0000014939b3ef30 JavaThread "ping-timer-10s" daemon [_thread_blocked, id=9452, stack(0x0000002405400000,0x0000002405500000)]
  0x0000014939b3ff20 JavaThread "ThreadedStreamConsumer" daemon [_thread_blocked, id=4208, stack(0x0000002405500000,0x0000002405600000)]
  0x0000014939b3f480 JavaThread "fork-1-err-thread" daemon [_thread_in_native, id=24460, stack(0x0000002405600000,0x0000002405700000)]
  0x0000014939b3f9d0 JavaThread "commands-fork-1" daemon [_thread_blocked, id=24504, stack(0x0000002405700000,0x0000002405800000)]
  0x0000014939b409c0 JavaThread "fork-1-event-thread" daemon [_thread_in_native, id=12744, stack(0x0000002405800000,0x0000002405900000)]

Other Threads:
  0x000001492d4b3ea0 VMThread "VM Thread" [stack: 0x0000002402d00000,0x0000002402e00000] [id=22224]
  0x0000014931a68c70 WatcherThread "VM Periodic Task Thread" [stack: 0x0000002403c00000,0x0000002403d00000] [id=4832]
  0x00000149098c13e0 WorkerThread "GC Thread#0" [stack: 0x0000002402800000,0x0000002402900000] [id=9608]
  0x0000014931d64590 WorkerThread "GC Thread#1" [stack: 0x0000002403f00000,0x0000002404000000] [id=17960]
  0x0000014931d653a0 WorkerThread "GC Thread#2" [stack: 0x0000002404000000,0x0000002404100000] [id=13500]
  0x0000014931d65670 WorkerThread "GC Thread#3" [stack: 0x0000002404100000,0x0000002404200000] [id=14356]
  0x0000014931d642c0 WorkerThread "GC Thread#4" [stack: 0x0000002404200000,0x0000002404300000] [id=1588]
  0x0000014931d65940 WorkerThread "GC Thread#5" [stack: 0x0000002404300000,0x0000002404400000] [id=17440]
  0x0000014931d64860 WorkerThread "GC Thread#6" [stack: 0x0000002404400000,0x0000002404500000] [id=12632]
  0x0000014931d65c10 WorkerThread "GC Thread#7" [stack: 0x0000002404500000,0x0000002404600000] [id=3876]
  0x0000014931d64e00 WorkerThread "GC Thread#8" [stack: 0x0000002404600000,0x0000002404700000] [id=14316]
  0x0000014932dbf380 WorkerThread "GC Thread#9" [stack: 0x0000002404d00000,0x0000002404e00000] [id=24160]
  0x0000014932dbdfd0 WorkerThread "GC Thread#10" [stack: 0x0000002404e00000,0x0000002404f00000] [id=24932]
  0x0000014932dbd1c0 WorkerThread "GC Thread#11" [stack: 0x0000002404f00000,0x0000002405000000] [id=23868]
  0x0000014932dbeb10 WorkerThread "GC Thread#12" [stack: 0x0000002405000000,0x0000002405100000] [id=6540]
  0x00000149098d2d60 ConcurrentGCThread "G1 Main Marker" [stack: 0x0000002402900000,0x0000002402a00000] [id=7844]
  0x00000149098d3790 WorkerThread "G1 Conc#0" [stack: 0x0000002402a00000,0x0000002402b00000] [id=6288]
  0x0000014932dbfec0 WorkerThread "G1 Conc#1" [stack: 0x0000002405100000,0x0000002405200000] [id=24104]
  0x0000014932dbd760 WorkerThread "G1 Conc#2" [stack: 0x0000002405200000,0x0000002405300000] [id=21420]
  0x000001492d370220 ConcurrentGCThread "G1 Refine#0" [stack: 0x0000002402b00000,0x0000002402c00000] [id=2956]
  0x000001492d370d60 ConcurrentGCThread "G1 Service" [stack: 0x0000002402c00000,0x0000002402d00000] [id=9820]

Threads with active compile tasks:
C2 CompilerThread2     6179 9939   !   4       java.lang.ClassLoader::loadClass (121 bytes)
C2 CompilerThread4     6179 10172       4       org.codehaus.plexus.classworlds.realm.ClassRealm::loadClass (7 bytes)

VM state: not at safepoint (normal execution)

VM Mutex/Monitor currently owned by a thread: None

Heap address: 0x0000000705e00000, size: 4002 MB, Compressed Oops mode: Zero based, Oop shift amount: 3

CDS archive(s) mapped at: [0x0000000800000000-0x0000000800c40000-0x0000000800c40000), size 12845056, SharedBaseAddress: 0x0000000800000000, ArchiveRelocationMode: 0.
Compressed class space mapped at: 0x0000000801000000-0x0000000841000000, reserved size: 1073741824
Narrow klass base: 0x0000000800000000, Narrow klass shift: 0, Narrow klass range: 0x100000000

GC Precious Log:
 CardTable entry size: 512
 Card Set container configuration: InlinePtr #cards 4 size 8 Array Of Cards #cards 16 size 48 Howl #buckets 8 coarsen threshold 3686 Howl Bitmap #cards 512 size 80 coarsen threshold 460 Card regions per heap region 1 cards per card region 4096
 CPUs: 16 total, 16 available
 Memory: 16004M
 Large Page Support: Disabled
 NUMA Support: Disabled
 Compressed Oops: Enabled (Zero based)
 Heap Region Size: 2M
 Heap Min Capacity: 8M
 Heap Initial Capacity: 252M
 Heap Max Capacity: 4002M
 Pre-touch: Disabled
 Parallel Workers: 13
 Concurrent Workers: 3
 Concurrent Refinement Workers: 13
 Periodic GC: Disabled

Heap:
 garbage-first heap   total 153600K, used 80608K [0x0000000705e00000, 0x0000000800000000)
  region size 2048K, 9 young (18432K), 2 survivors (4096K)
 Metaspace       used 35439K, committed 36032K, reserved 1114112K
  class space    used 3789K, committed 4096K, reserved 1048576K

Heap Regions: E=young(eden), S=young(survivor), O=old, HS=humongous(starts), HC=humongous(continues), CS=collection set, F=free, OA=open archive, CA=closed archive, TAMS=top-at-mark-start (previous, next)
|   0|0x0000000705e00000, 0x0000000706000000, 0x0000000706000000|100%| O|  |TAMS 0x0000000706000000, 0x0000000705e00000| Untracked 
|   1|0x0000000706000000, 0x0000000706200000, 0x0000000706200000|100%| O|  |TAMS 0x0000000706200000, 0x0000000706000000| Complete 
|   2|0x0000000706200000, 0x0000000706400000, 0x0000000706400000|100%| O|  |TAMS 0x0000000706400000, 0x0000000706200000| Untracked 
|   3|0x0000000706400000, 0x0000000706600000, 0x0000000706600000|100%| O|  |TAMS 0x0000000706600000, 0x0000000706400000| Untracked 
|   4|0x0000000706600000, 0x0000000706800000, 0x0000000706800000|100%| O|  |TAMS 0x0000000706800000, 0x0000000706600000| Untracked 
|   5|0x0000000706800000, 0x0000000706a00000, 0x0000000706a00000|100%| O|  |TAMS 0x0000000706a00000, 0x0000000706800000| Untracked 
|   6|0x0000000706a00000, 0x0000000706c00000, 0x0000000706c00000|100%| O|  |TAMS 0x0000000706c00000, 0x0000000706a00000| Untracked 
|   7|0x0000000706c00000, 0x0000000706e00000, 0x0000000706e00000|100%| O|  |TAMS 0x0000000706e00000, 0x0000000706c00000| Untracked 
|   8|0x0000000706e00000, 0x0000000707000000, 0x0000000707000000|100%| O|  |TAMS 0x0000000707000000, 0x0000000706e00000| Untracked 
|   9|0x0000000707000000, 0x0000000707200000, 0x0000000707200000|100%| O|  |TAMS 0x0000000707200000, 0x0000000707000000| Complete 
|  10|0x0000000707200000, 0x0000000707400000, 0x0000000707400000|100%| O|  |TAMS 0x0000000707400000, 0x0000000707200000| Untracked 
|  11|0x0000000707400000, 0x0000000707600000, 0x0000000707600000|100%| O|  |TAMS 0x0000000707600000, 0x0000000707400000| Untracked 
|  12|0x0000000707600000, 0x0000000707800000, 0x0000000707800000|100%| O|  |TAMS 0x0000000707800000, 0x0000000707600000| Complete 
|  13|0x0000000707800000, 0x0000000707a00000, 0x0000000707a00000|100%| O|  |TAMS 0x0000000707a00000, 0x0000000707800000| Complete 
|  14|0x0000000707a00000, 0x0000000707c00000, 0x0000000707c00000|100%|HS|  |TAMS 0x0000000707c00000, 0x0000000707a00000| Complete 
|  15|0x0000000707c00000, 0x0000000707e00000, 0x0000000707e00000|100%|HS|  |TAMS 0x0000000707e00000, 0x0000000707c00000| Complete 
|  16|0x0000000707e00000, 0x0000000708000000, 0x0000000708000000|100%| O|  |TAMS 0x0000000708000000, 0x0000000707e00000| Complete 
|  17|0x0000000708000000, 0x0000000708200000, 0x0000000708200000|100%| O|  |TAMS 0x0000000708200000, 0x0000000708000000| Complete 
|  18|0x0000000708200000, 0x0000000708400000, 0x0000000708400000|100%| O|  |TAMS 0x0000000708400000, 0x0000000708200000| Complete 
|  19|0x0000000708400000, 0x0000000708600000, 0x0000000708600000|100%|HS|  |TAMS 0x0000000708600000, 0x0000000708400000| Complete 
|  20|0x0000000708600000, 0x0000000708800000, 0x0000000708800000|100%| O|  |TAMS 0x0000000708800000, 0x0000000708600000| Complete 
|  21|0x0000000708800000, 0x0000000708a00000, 0x0000000708a00000|100%| O|  |TAMS 0x0000000708a00000, 0x0000000708800000| Complete 
|  22|0x0000000708a00000, 0x0000000708c00000, 0x0000000708c00000|100%| O|  |TAMS 0x0000000708c00000, 0x0000000708a00000| Complete 
|  23|0x0000000708c00000, 0x0000000708e00000, 0x0000000708e00000|100%| O|  |TAMS 0x0000000708e00000, 0x0000000708c00000| Complete 
|  24|0x0000000708e00000, 0x0000000709000000, 0x0000000709000000|100%| O|  |TAMS 0x0000000709000000, 0x0000000708e00000| Complete 
|  25|0x0000000709000000, 0x0000000709200000, 0x0000000709200000|100%| O|  |TAMS 0x0000000709200000, 0x0000000709000000| Complete 
|  26|0x0000000709200000, 0x0000000709400000, 0x0000000709400000|100%| O|  |TAMS 0x0000000709400000, 0x0000000709200000| Complete 
|  27|0x0000000709400000, 0x0000000709600000, 0x0000000709600000|100%| O|  |TAMS 0x0000000709600000, 0x0000000709400000| Untracked 
|  28|0x0000000709600000, 0x0000000709800000, 0x0000000709800000|100%| O|  |TAMS 0x0000000709800000, 0x0000000709600000| Complete 
|  29|0x0000000709800000, 0x0000000709a00000, 0x0000000709a00000|100%| O|  |TAMS 0x0000000709a00000, 0x0000000709800000| Untracked 
|  30|0x0000000709a00000, 0x0000000709c00000, 0x0000000709c00000|100%| O|  |TAMS 0x0000000709c00000, 0x0000000709a00000| Untracked 
|  31|0x0000000709c00000, 0x0000000709e00000, 0x0000000709e00000|100%| O|  |TAMS 0x0000000709e00000, 0x0000000709c00000| Untracked 
|  32|0x0000000709e00000, 0x0000000709e00000, 0x000000070a000000|  0%| F|  |TAMS 0x0000000709e00000, 0x0000000709e00000| Untracked 
|  33|0x000000070a000000, 0x000000070a000000, 0x000000070a200000|  0%| F|  |TAMS 0x000000070a000000, 0x000000070a000000| Untracked 
|  34|0x000000070a200000, 0x000000070a200000, 0x000000070a400000|  0%| F|  |TAMS 0x000000070a200000, 0x000000070a200000| Untracked 
|  35|0x000000070a400000, 0x000000070a400000, 0x000000070a600000|  0%| F|  |TAMS 0x000000070a400000, 0x000000070a400000| Untracked 
|  36|0x000000070a600000, 0x000000070a600000, 0x000000070a800000|  0%| F|  |TAMS 0x000000070a600000, 0x000000070a600000| Untracked 
|  37|0x000000070a800000, 0x000000070a800000, 0x000000070aa00000|  0%| F|  |TAMS 0x000000070a800000, 0x000000070a800000| Untracked 
|  38|0x000000070aa00000, 0x000000070aa00000, 0x000000070ac00000|  0%| F|  |TAMS 0x000000070aa00000, 0x000000070aa00000| Untracked 
|  39|0x000000070ac00000, 0x000000070ac00000, 0x000000070ae00000|  0%| F|  |TAMS 0x000000070ac00000, 0x000000070ac00000| Untracked 
|  40|0x000000070ae00000, 0x000000070ae00000, 0x000000070b000000|  0%| F|  |TAMS 0x000000070ae00000, 0x000000070ae00000| Untracked 
|  41|0x000000070b000000, 0x000000070b000000, 0x000000070b200000|  0%| F|  |TAMS 0x000000070b000000, 0x000000070b000000| Untracked 
|  42|0x000000070b200000, 0x000000070b200000, 0x000000070b400000|  0%| F|  |TAMS 0x000000070b200000, 0x000000070b200000| Untracked 
|  43|0x000000070b400000, 0x000000070b400000, 0x000000070b600000|  0%| F|  |TAMS 0x000000070b400000, 0x000000070b400000| Untracked 
|  44|0x000000070b600000, 0x000000070b600000, 0x000000070b800000|  0%| F|  |TAMS 0x000000070b600000, 0x000000070b600000| Untracked 
|  45|0x000000070b800000, 0x000000070b800000, 0x000000070ba00000|  0%| F|  |TAMS 0x000000070b800000, 0x000000070b800000| Untracked 
|  46|0x000000070ba00000, 0x000000070ba00000, 0x000000070bc00000|  0%| F|  |TAMS 0x000000070ba00000, 0x000000070ba00000| Untracked 
|  47|0x000000070bc00000, 0x000000070bc00000, 0x000000070be00000|  0%| F|  |TAMS 0x000000070bc00000, 0x000000070bc00000| Untracked 
|  48|0x000000070be00000, 0x000000070be00000, 0x000000070c000000|  0%| F|  |TAMS 0x000000070be00000, 0x000000070be00000| Untracked 
|  49|0x000000070c000000, 0x000000070c000000, 0x000000070c200000|  0%| F|  |TAMS 0x000000070c000000, 0x000000070c000000| Untracked 
|  50|0x000000070c200000, 0x000000070c200000, 0x000000070c400000|  0%| F|  |TAMS 0x000000070c200000, 0x000000070c200000| Untracked 
|  51|0x000000070c400000, 0x000000070c400000, 0x000000070c600000|  0%| F|  |TAMS 0x000000070c400000, 0x000000070c400000| Untracked 
|  52|0x000000070c600000, 0x000000070c600000, 0x000000070c800000|  0%| F|  |TAMS 0x000000070c600000, 0x000000070c600000| Untracked 
|  53|0x000000070c800000, 0x000000070c800000, 0x000000070ca00000|  0%| F|  |TAMS 0x000000070c800000, 0x000000070c800000| Untracked 
|  54|0x000000070ca00000, 0x000000070ca00000, 0x000000070cc00000|  0%| F|  |TAMS 0x000000070ca00000, 0x000000070ca00000| Untracked 
|  55|0x000000070cc00000, 0x000000070cc00000, 0x000000070ce00000|  0%| F|  |TAMS 0x000000070cc00000, 0x000000070cc00000| Untracked 
|  56|0x000000070ce00000, 0x000000070ce00000, 0x000000070d000000|  0%| F|  |TAMS 0x000000070ce00000, 0x000000070ce00000| Untracked 
|  57|0x000000070d000000, 0x000000070d000000, 0x000000070d200000|  0%| F|  |TAMS 0x000000070d000000, 0x000000070d000000| Untracked 
|  58|0x000000070d200000, 0x000000070d200000, 0x000000070d400000|  0%| F|  |TAMS 0x000000070d200000, 0x000000070d200000| Untracked 
|  59|0x000000070d400000, 0x000000070d400000, 0x000000070d600000|  0%| F|  |TAMS 0x000000070d400000, 0x000000070d400000| Untracked 
|  60|0x000000070d600000, 0x000000070d600000, 0x000000070d800000|  0%| F|  |TAMS 0x000000070d600000, 0x000000070d600000| Untracked 
|  61|0x000000070d800000, 0x000000070d800000, 0x000000070da00000|  0%| F|  |TAMS 0x000000070d800000, 0x000000070d800000| Untracked 
|  62|0x000000070da00000, 0x000000070da00000, 0x000000070dc00000|  0%| F|  |TAMS 0x000000070da00000, 0x000000070da00000| Untracked 
|  63|0x000000070dc00000, 0x000000070dc00000, 0x000000070de00000|  0%| F|  |TAMS 0x000000070dc00000, 0x000000070dc00000| Untracked 
|  64|0x000000070de00000, 0x000000070deb83c0, 0x000000070e000000| 35%| S|CS|TAMS 0x000000070de00000, 0x000000070de00000| Complete 
|  65|0x000000070e000000, 0x000000070e200000, 0x000000070e200000|100%| S|CS|TAMS 0x000000070e000000, 0x000000070e000000| Complete 
|  66|0x000000070e200000, 0x000000070e200000, 0x000000070e400000|  0%| F|  |TAMS 0x000000070e200000, 0x000000070e200000| Untracked 
|  67|0x000000070e400000, 0x000000070e400000, 0x000000070e600000|  0%| F|  |TAMS 0x000000070e400000, 0x000000070e400000| Untracked 
|  68|0x000000070e600000, 0x000000070e65abe0, 0x000000070e800000| 17%| E|  |TAMS 0x000000070e600000, 0x000000070e600000| Complete 
|  69|0x000000070e800000, 0x000000070ea00000, 0x000000070ea00000|100%| E|CS|TAMS 0x000000070e800000, 0x000000070e800000| Complete 
|  70|0x000000070ea00000, 0x000000070ec00000, 0x000000070ec00000|100%| E|CS|TAMS 0x000000070ea00000, 0x000000070ea00000| Complete 
|  71|0x000000070ec00000, 0x000000070ee00000, 0x000000070ee00000|100%| E|CS|TAMS 0x000000070ec00000, 0x000000070ec00000| Complete 
|  72|0x000000070ee00000, 0x000000070f000000, 0x000000070f000000|100%| E|CS|TAMS 0x000000070ee00000, 0x000000070ee00000| Complete 
|  73|0x000000070f000000, 0x000000070f200000, 0x000000070f200000|100%| E|CS|TAMS 0x000000070f000000, 0x000000070f000000| Complete 
| 125|0x0000000715800000, 0x0000000715a00000, 0x0000000715a00000|100%| E|CS|TAMS 0x0000000715800000, 0x0000000715800000| Complete 

Card table byte_map: [0x0000014921820000,0x0000014922000000] _byte_map_base: 0x000001491dff1000

Marking Bits (Prev, Next): (CMBitMap*) 0x00000149098c2a20, (CMBitMap*) 0x00000149098c2a60
 Prev Bits: [0x00000149227e0000, 0x0000014926668000)
 Next Bits: [0x0000014926670000, 0x000001492a4f8000)

Polling page: 0x00000149077b0000

Metaspace:

Usage:
  Non-class:     30.91 MB used.
      Class:      3.70 MB used.
       Both:     34.61 MB used.

Virtual space:
  Non-class space:       64.00 MB reserved,      31.19 MB ( 49%) committed,  1 nodes.
      Class space:        1.00 GB reserved,       4.00 MB ( <1%) committed,  1 nodes.
             Both:        1.06 GB reserved,      35.19 MB (  3%) committed. 

Chunk freelists:
   Non-Class:  736.00 KB
       Class:  71.00 KB
        Both:  807.00 KB

MaxMetaspaceSize: unlimited
CompressedClassSpaceSize: 1.00 GB
Initial GC threshold: 21.00 MB
Current GC threshold: 57.62 MB
CDS: on
MetaspaceReclaimPolicy: balanced
 - commit_granule_bytes: 65536.
 - commit_granule_words: 8192.
 - virtual_space_node_default_size: 8388608.
 - enlarge_chunks_in_place: 1.
 - new_chunks_are_fully_committed: 0.
 - uncommit_free_chunks: 1.
 - use_allocation_guard: 0.


Internal statistics:

num_allocs_failed_limit: 6.
num_arena_births: 622.
num_arena_deaths: 6.
num_vsnodes_births: 2.
num_vsnodes_deaths: 0.
num_space_committed: 578.
num_space_uncommitted: 6.
num_chunks_returned_to_freelist: 107.
num_chunks_taken_from_freelist: 2066.
num_chunk_merges: 26.
num_chunk_splits: 1394.
num_chunks_enlarged: 1021.
num_inconsistent_stats: 0.

CodeHeap 'non-profiled nmethods': size=119168Kb used=4984Kb max_used=5356Kb free=114183Kb
 bounds [0x0000014919350000, 0x0000014919890000, 0x00000149207b0000]
CodeHeap 'profiled nmethods': size=119104Kb used=19043Kb max_used=20246Kb free=100060Kb
 bounds [0x00000149117b0000, 0x0000014912b80000, 0x0000014918c00000]
CodeHeap 'non-nmethods': size=7488Kb used=3037Kb max_used=3177Kb free=4450Kb
 bounds [0x0000014918c00000, 0x0000014918f20000, 0x0000014919350000]
 total_blobs=8919 nmethods=8335 adapters=491
 compilation: enabled
              stopped_count=0, restarted_count=0
 full_count=0

Compilation events (20 events):
Event: 6.166 Thread 0x0000014931e23f70 10178       1       org.apache.maven.surefire.api.stream.AbstractStreamDecoder$Memento::getLine (5 bytes)
Event: 6.166 Thread 0x000001492d4dc8d0 10179       1       org.apache.maven.surefire.api.stream.AbstractStreamDecoder$Memento::getByteBuffer (5 bytes)
Event: 6.166 Thread 0x0000014931898280 10180       1       org.apache.maven.surefire.api.stream.AbstractStreamDecoder$MalformedFrameException::readFrom (5 bytes)
Event: 6.166 Thread 0x000001493267b3c0 10181       4       java.nio.CharBuffer::limit (8 bytes)
Event: 6.166 Thread 0x000001493189e820 nmethod 10177 0x00000149196b9b10 code [0x00000149196b9ca0, 0x00000149196b9d58]
Event: 6.166 Thread 0x0000014931e23f70 nmethod 10178 0x000001491968b110 code [0x000001491968b2a0, 0x000001491968b378]
Event: 6.166 Thread 0x000001492d4dc8d0 nmethod 10179 0x000001491968ad10 code [0x000001491968aea0, 0x000001491968af78]
Event: 6.166 Thread 0x0000014931898280 nmethod 10180 0x00000149197cf510 code [0x00000149197cf6a0, 0x00000149197cf758]
Event: 6.166 Thread 0x0000014931898280 10182       1       org.apache.maven.surefire.api.stream.AbstractStreamDecoder$BufferedStream::getPositionByteBuffer (5 bytes)
Event: 6.166 Thread 0x0000014931e23f70 10183       1       org.apache.maven.surefire.api.stream.AbstractStreamDecoder$MalformedFrameException::readTo (5 bytes)
Event: 6.167 Thread 0x000001492d4dc8d0 10184       3       java.util.Calendar::internalGet (7 bytes)
Event: 6.167 Thread 0x0000014931898280 nmethod 10182 0x00000149197cf110 code [0x00000149197cf2a0, 0x00000149197cf358]
Event: 6.167 Thread 0x0000014931e23f70 nmethod 10183 0x0000014919806f10 code [0x00000149198070a0, 0x0000014919807158]
Event: 6.167 Thread 0x000001492d4d9b00 10185       4       java.nio.Buffer::remaining (20 bytes)
Event: 6.167 Thread 0x000001492d4dc8d0 nmethod 10184 0x0000014912516190 code [0x0000014912516320, 0x0000014912516458]
Event: 6.167 Thread 0x000001493189e820 10186       3       java.lang.AbstractStringBuilder::inflate (42 bytes)
Event: 6.168 Thread 0x000001493189e820 nmethod 10186 0x0000014912781b10 code [0x0000014912781ce0, 0x0000014912782018]
Event: 6.168 Thread 0x000001492d4d9b00 nmethod 10185 0x000001491968d210 code [0x000001491968d380, 0x000001491968d418]
Event: 6.168 Thread 0x00000149350ba870 nmethod 10173 0x0000014919806910 code [0x0000014919806aa0, 0x0000014919806be8]
Event: 6.168 Thread 0x000001493267b3c0 nmethod 10181 0x000001491968ce90 code [0x000001491968d020, 0x000001491968d118]

GC Heap History (20 events):
Event: 2.912 GC heap before
{Heap before GC invocations=4 (full 0):
 garbage-first heap   total 90112K, used 59775K [0x0000000705e00000, 0x0000000800000000)
  region size 2048K, 26 young (53248K), 8 survivors (16384K)
 Metaspace       used 26517K, committed 26880K, reserved 1114112K
  class space    used 2890K, committed 3072K, reserved 1048576K
}
Event: 2.921 GC heap after
{Heap after GC invocations=5 (full 0):
 garbage-first heap   total 90112K, used 32007K [0x0000000705e00000, 0x0000000800000000)
  region size 2048K, 4 young (8192K), 4 survivors (8192K)
 Metaspace       used 26517K, committed 26880K, reserved 1114112K
  class space    used 2890K, committed 3072K, reserved 1048576K
}
Event: 2.961 GC heap before
{Heap before GC invocations=5 (full 0):
 garbage-first heap   total 90112K, used 34055K [0x0000000705e00000, 0x0000000800000000)
  region size 2048K, 5 young (10240K), 4 survivors (8192K)
 Metaspace       used 26654K, committed 27008K, reserved 1114112K
  class space    used 2909K, committed 3072K, reserved 1048576K
}
Event: 2.966 GC heap after
{Heap after GC invocations=6 (full 0):
 garbage-first heap   total 90112K, used 34501K [0x0000000705e00000, 0x0000000800000000)
  region size 2048K, 1 young (2048K), 1 survivors (2048K)
 Metaspace       used 26654K, committed 27008K, reserved 1114112K
  class space    used 2909K, committed 3072K, reserved 1048576K
}
Event: 3.150 GC heap before
{Heap before GC invocations=6 (full 0):
 garbage-first heap   total 90112K, used 59077K [0x0000000705e00000, 0x0000000800000000)
  region size 2048K, 14 young (28672K), 1 survivors (2048K)
 Metaspace       used 27200K, committed 27520K, reserved 1114112K
  class space    used 2956K, committed 3072K, reserved 1048576K
}
Event: 3.156 GC heap after
{Heap after GC invocations=7 (full 0):
 garbage-first heap   total 90112K, used 38858K [0x0000000705e00000, 0x0000000800000000)
  region size 2048K, 2 young (4096K), 2 survivors (4096K)
 Metaspace       used 27200K, committed 27520K, reserved 1114112K
  class space    used 2956K, committed 3072K, reserved 1048576K
}
Event: 3.458 GC heap before
{Heap before GC invocations=7 (full 0):
 garbage-first heap   total 90112K, used 61386K [0x0000000705e00000, 0x0000000800000000)
  region size 2048K, 14 young (28672K), 2 survivors (4096K)
 Metaspace       used 28310K, committed 28608K, reserved 1114112K
  class space    used 3069K, committed 3200K, reserved 1048576K
}
Event: 3.465 GC heap after
{Heap after GC invocations=8 (full 0):
 garbage-first heap   total 126976K, used 41606K [0x0000000705e00000, 0x0000000800000000)
  region size 2048K, 2 young (4096K), 2 survivors (4096K)
 Metaspace       used 28310K, committed 28608K, reserved 1114112K
  class space    used 3069K, committed 3200K, reserved 1048576K
}
Event: 3.914 GC heap before
{Heap before GC invocations=8 (full 0):
 garbage-first heap   total 126976K, used 86662K [0x0000000705e00000, 0x0000000800000000)
  region size 2048K, 25 young (51200K), 2 survivors (4096K)
 Metaspace       used 30112K, committed 30528K, reserved 1114112K
  class space    used 3258K, committed 3456K, reserved 1048576K
}
Event: 3.920 GC heap after
{Heap after GC invocations=9 (full 0):
 garbage-first heap   total 126976K, used 42716K [0x0000000705e00000, 0x0000000800000000)
  region size 2048K, 2 young (4096K), 2 survivors (4096K)
 Metaspace       used 30112K, committed 30528K, reserved 1114112K
  class space    used 3258K, committed 3456K, reserved 1048576K
}
Event: 4.124 GC heap before
{Heap before GC invocations=9 (full 0):
 garbage-first heap   total 126976K, used 93916K [0x0000000705e00000, 0x0000000800000000)
  region size 2048K, 27 young (55296K), 2 survivors (4096K)
 Metaspace       used 30443K, committed 30848K, reserved 1114112K
  class space    used 3266K, committed 3456K, reserved 1048576K
}
Event: 4.131 GC heap after
{Heap after GC invocations=10 (full 0):
 garbage-first heap   total 126976K, used 43008K [0x0000000705e00000, 0x0000000800000000)
  region size 2048K, 2 young (4096K), 2 survivors (4096K)
 Metaspace       used 30443K, committed 30848K, reserved 1114112K
  class space    used 3266K, committed 3456K, reserved 1048576K
}
Event: 4.947 GC heap before
{Heap before GC invocations=10 (full 0):
 garbage-first heap   total 126976K, used 98304K [0x0000000705e00000, 0x0000000800000000)
  region size 2048K, 28 young (57344K), 2 survivors (4096K)
 Metaspace       used 32863K, committed 33344K, reserved 1114112K
  class space    used 3535K, committed 3776K, reserved 1048576K
}
Event: 4.960 GC heap after
{Heap after GC invocations=11 (full 0):
 garbage-first heap   total 126976K, used 56837K [0x0000000705e00000, 0x0000000800000000)
  region size 2048K, 4 young (8192K), 4 survivors (8192K)
 Metaspace       used 32863K, committed 33344K, reserved 1114112K
  class space    used 3535K, committed 3776K, reserved 1048576K
}
Event: 5.167 GC heap before
{Heap before GC invocations=11 (full 0):
 garbage-first heap   total 126976K, used 93701K [0x0000000705e00000, 0x0000000800000000)
  region size 2048K, 22 young (45056K), 4 survivors (8192K)
 Metaspace       used 32898K, committed 33408K, reserved 1114112K
  class space    used 3535K, committed 3776K, reserved 1048576K
}
Event: 5.176 GC heap after
{Heap after GC invocations=12 (full 0):
 garbage-first heap   total 153600K, used 66784K [0x0000000705e00000, 0x0000000800000000)
  region size 2048K, 3 young (6144K), 3 survivors (6144K)
 Metaspace       used 32898K, committed 33408K, reserved 1114112K
  class space    used 3535K, committed 3776K, reserved 1048576K
}
Event: 5.640 GC heap before
{Heap before GC invocations=12 (full 0):
 garbage-first heap   total 153600K, used 105696K [0x0000000705e00000, 0x0000000800000000)
  region size 2048K, 23 young (47104K), 3 survivors (6144K)
 Metaspace       used 34390K, committed 34944K, reserved 1114112K
  class space    used 3692K, committed 3968K, reserved 1048576K
}
Event: 5.643 GC heap after
{Heap after GC invocations=13 (full 0):
 garbage-first heap   total 153600K, used 67584K [0x0000000705e00000, 0x0000000800000000)
  region size 2048K, 1 young (2048K), 1 survivors (2048K)
 Metaspace       used 34390K, committed 34944K, reserved 1114112K
  class space    used 3692K, committed 3968K, reserved 1048576K
}
Event: 5.884 GC heap before
{Heap before GC invocations=13 (full 0):
 garbage-first heap   total 153600K, used 83968K [0x0000000705e00000, 0x0000000800000000)
  region size 2048K, 10 young (20480K), 1 survivors (2048K)
 Metaspace       used 35711K, committed 36288K, reserved 1114112K
  class space    used 3805K, committed 4096K, reserved 1048576K
}
Event: 5.886 GC heap after
{Heap after GC invocations=14 (full 0):
 garbage-first heap   total 153600K, used 68320K [0x0000000705e00000, 0x0000000800000000)
  region size 2048K, 2 young (4096K), 2 survivors (4096K)
 Metaspace       used 35711K, committed 36288K, reserved 1114112K
  class space    used 3805K, committed 4096K, reserved 1048576K
}

Dll operation events (12 events):
Event: 0.005 Loaded shared library C:\Program Files\Java\jdk-19\bin\java.dll
Event: 0.010 Loaded shared library C:\Program Files\Java\jdk-19\bin\jsvml.dll
Event: 0.041 Loaded shared library C:\Program Files\Java\jdk-19\bin\zip.dll
Event: 0.043 Loaded shared library C:\Program Files\Java\jdk-19\bin\instrument.dll
Event: 0.046 Loaded shared library C:\Program Files\Java\jdk-19\bin\net.dll
Event: 0.047 Loaded shared library C:\Program Files\Java\jdk-19\bin\nio.dll
Event: 0.048 Loaded shared library C:\Program Files\Java\jdk-19\bin\zip.dll
Event: 0.056 Loaded shared library C:\Program Files\JetBrains\IntelliJ IDEA 2022.1.2\bin\breakgen64.dll
Event: 0.061 Loaded shared library C:\Program Files\Java\jdk-19\bin\extnet.dll
Event: 0.111 Loaded shared library C:\Program Files\Java\jdk-19\bin\jimage.dll
Event: 0.184 Loaded shared library C:\Users\99293\AppData\Local\Temp\jansi-2.4.0-cf059d364d7ab523-jansi.dll
Event: 0.190 Loaded shared library C:\Program Files\Java\jdk-19\bin\verify.dll

Deoptimization events (20 events):
Event: 6.164 Thread 0x0000014939b3f480 Uncommon trap: trap_request=0xffffff45 fr.pc=0x00000149194f4318 relative=0x0000000000000078
Event: 6.164 Thread 0x0000014939b3f480 Uncommon trap: reason=unstable_if action=reinterpret pc=0x00000149194f4318 method=java.util.regex.Pattern.lambda$DOT$11(I)Z @ 3 c2
Event: 6.164 Thread 0x0000014939b3f480 DEOPT PACKING pc=0x00000149194f4318 sp=0x00000024056ff280
Event: 6.164 Thread 0x0000014939b3f480 DEOPT UNPACKING pc=0x0000014918c66da3 sp=0x00000024056ff1b8 mode 2
Event: 6.164 Thread 0x0000014939b3f480 Uncommon trap: trap_request=0xffffffc6 fr.pc=0x00000149193f3cc8 relative=0x00000000000007c8
Event: 6.164 Thread 0x0000014939b3f480 Uncommon trap: reason=bimorphic_or_optimized_type_check action=maybe_recompile pc=0x00000149193f3cc8 method=java.util.regex.Pattern$Slice.match(Ljava/util/regex/Matcher;ILjava/lang/CharSequence;)Z @ 49 c2
Event: 6.164 Thread 0x0000014939b3f480 DEOPT PACKING pc=0x00000149193f3cc8 sp=0x00000024056ff1e0
Event: 6.164 Thread 0x0000014939b3f480 DEOPT UNPACKING pc=0x0000014918c66da3 sp=0x00000024056ff108 mode 2
Event: 6.164 Thread 0x0000014939b3f480 Uncommon trap: trap_request=0xffffffc6 fr.pc=0x00000149194aa5e0 relative=0x00000000000002a0
Event: 6.164 Thread 0x0000014939b3f480 Uncommon trap: reason=bimorphic_or_optimized_type_check action=maybe_recompile pc=0x00000149194aa5e0 method=java.util.regex.Pattern$BmpCharProperty.match(Ljava/util/regex/Matcher;ILjava/lang/CharSequence;)Z @ 14 c2
Event: 6.164 Thread 0x0000014939b3f480 DEOPT PACKING pc=0x00000149194aa5e0 sp=0x00000024056ff160
Event: 6.164 Thread 0x0000014939b3f480 DEOPT UNPACKING pc=0x0000014918c66da3 sp=0x00000024056ff110 mode 2
Event: 6.164 Thread 0x0000014939b3f480 Uncommon trap: trap_request=0xffffffde fr.pc=0x0000014919666680 relative=0x0000000000000160
Event: 6.164 Thread 0x0000014939b3f480 Uncommon trap: reason=class_check action=maybe_recompile pc=0x0000014919666680 method=java.util.regex.Pattern.lambda$union$3(Ljava/util/regex/Pattern$CharPredicate;Ljava/util/regex/Pattern$CharPredicate;I)Z @ 12 c2
Event: 6.164 Thread 0x0000014939b3f480 DEOPT PACKING pc=0x0000014919666680 sp=0x00000024056ff0e0
Event: 6.164 Thread 0x0000014939b3f480 DEOPT UNPACKING pc=0x0000014918c66da3 sp=0x00000024056feff8 mode 2
Event: 6.165 Thread 0x0000014939b3f480 Uncommon trap: trap_request=0xffffff45 fr.pc=0x000001491968e020 relative=0x0000000000000360
Event: 6.165 Thread 0x0000014939b3f480 Uncommon trap: reason=unstable_if action=reinterpret pc=0x000001491968e020 method=java.util.regex.Matcher.find()Z @ 21 c2
Event: 6.165 Thread 0x0000014939b3f480 DEOPT PACKING pc=0x000001491968e020 sp=0x00000024056ff400
Event: 6.165 Thread 0x0000014939b3f480 DEOPT UNPACKING pc=0x0000014918c66da3 sp=0x00000024056ff3a8 mode 2

Classes loaded (20 events):
Event: 6.030 Loading class java/lang/ProcessImpl$2
Event: 6.030 Loading class java/lang/ProcessImpl$2 done
Event: 6.030 Loading class java/lang/Process$PipeInputStream
Event: 6.030 Loading class java/lang/Process$PipeInputStream done
Event: 6.031 Loading class jdk/internal/event/ProcessStartEvent
Event: 6.031 Loading class jdk/internal/event/Event
Event: 6.031 Loading class jdk/internal/event/Event done
Event: 6.031 Loading class jdk/internal/event/ProcessStartEvent done
Event: 6.031 Loading class java/nio/channels/ClosedChannelException
Event: 6.031 Loading class java/nio/channels/ClosedChannelException done
Event: 6.032 Loading class java/nio/channels/NonReadableChannelException
Event: 6.032 Loading class java/nio/channels/NonReadableChannelException done
Event: 6.033 Loading class java/nio/channels/NonWritableChannelException
Event: 6.033 Loading class java/nio/channels/NonWritableChannelException done
Event: 6.040 Loading class java/util/Scanner
Event: 6.040 Loading class java/util/Scanner done
Event: 6.041 Loading class java/util/Scanner$PatternLRUCache
Event: 6.041 Loading class java/util/Scanner$PatternLRUCache done
Event: 6.165 Loading class java/util/regex/Matcher$ImmutableMatchResult
Event: 6.165 Loading class java/util/regex/Matcher$ImmutableMatchResult done

Classes unloaded (20 events):
Event: 5.900 Thread 0x000001492d4b3ea0 Unloading class 0x000000080130abd0 'lombok/javac/apt/LombokFileObject'
Event: 5.900 Thread 0x000001492d4b3ea0 Unloading class 0x000000080130a9e0 'lombok/javac/apt/LombokFileObjects'
Event: 5.900 Thread 0x000001492d4b3ea0 Unloading class 0x000000080130a7b8 'lombok/javac/apt/MessagerDiagnosticsReceiver'
Event: 5.900 Thread 0x000001492d4b3ea0 Unloading class 0x000000080130a400 'lombok/javac/apt/InterceptingJavaFileManager'
Event: 5.900 Thread 0x000001492d4b3ea0 Unloading class 0x000000080130a208 'lombok/permit/dummy/Parent'
Event: 5.900 Thread 0x000001492d4b3ea0 Unloading class 0x000000080130a000 'lombok/core/CleanupRegistry'
Event: 5.900 Thread 0x000001492d4b3ea0 Unloading class 0x0000000801309cc8 'lombok/permit/Permit$Fake'
Event: 5.900 Thread 0x000001492d4b3ea0 Unloading class 0x0000000801309ad8 'lombok/permit/Permit'
Event: 5.900 Thread 0x000001492d4b3ea0 Unloading class 0x0000000801309800 'lombok/javac/apt/LombokProcessor$1'
Event: 5.900 Thread 0x000001492d4b3ea0 Unloading class 0x0000000801308d28 'lombok/core/DiagnosticsReceiver'
Event: 5.900 Thread 0x000001492d4b3ea0 Unloading class 0x0000000801308aa0 'lombok/javac/apt/LombokProcessor'
Event: 5.900 Thread 0x000001492d4b3ea0 Unloading class 0x0000000801308880 'lombok/core/AnnotationProcessor$EcjDescriptor'
Event: 5.900 Thread 0x000001492d4b3ea0 Unloading class 0x0000000801308658 'lombok/core/AnnotationProcessor$JavacDescriptor'
Event: 5.900 Thread 0x000001492d4b3ea0 Unloading class 0x0000000801308270 'lombok/core/AnnotationProcessor$ProcessorDescriptor'
Event: 5.900 Thread 0x000001492d4b3ea0 Unloading class 0x0000000801308000 'lombok/core/AnnotationProcessor'
Event: 5.900 Thread 0x000001492d4b3ea0 Unloading class 0x00000008013091f0 'lombok/launch/AnnotationProcessorHider$ClaimingProcessor'
Event: 5.900 Thread 0x000001492d4b3ea0 Unloading class 0x0000000801309000 'lombok/launch/AnnotationProcessorHider$AstModificationNotifierData'
Event: 5.900 Thread 0x000001492d4b3ea0 Unloading class 0x00000008012e4460 'lombok/launch/ShadowClassLoader'
Event: 5.900 Thread 0x000001492d4b3ea0 Unloading class 0x00000008012e4270 'lombok/launch/Main'
Event: 5.900 Thread 0x000001492d4b3ea0 Unloading class 0x00000008012e4000 'lombok/launch/AnnotationProcessorHider$AnnotationProcessor'

Classes redefined (0 events):
No events

Internal exceptions (20 events):
Event: 5.524 Thread 0x0000014909851bd0 Exception <a 'sun/nio/fs/WindowsException'{0x000000070db49080}> (0x000000070db49080) 
thrown [s\open\src\hotspot\share\prims\jni.cpp, line 517]
Event: 5.526 Thread 0x0000014909851bd0 Exception <a 'sun/nio/fs/WindowsException'{0x000000070db936a8}> (0x000000070db936a8) 
thrown [s\open\src\hotspot\share\prims\jni.cpp, line 517]
Event: 5.526 Thread 0x0000014909851bd0 Exception <a 'sun/nio/fs/WindowsException'{0x000000070db93908}> (0x000000070db93908) 
thrown [s\open\src\hotspot\share\prims\jni.cpp, line 517]
Event: 5.526 Thread 0x0000014909851bd0 Exception <a 'sun/nio/fs/WindowsException'{0x000000070db947e0}> (0x000000070db947e0) 
thrown [s\open\src\hotspot\share\prims\jni.cpp, line 517]
Event: 5.526 Thread 0x0000014909851bd0 Exception <a 'sun/nio/fs/WindowsException'{0x000000070db94b08}> (0x000000070db94b08) 
thrown [s\open\src\hotspot\share\prims\jni.cpp, line 517]
Event: 5.526 Thread 0x0000014909851bd0 Exception <a 'sun/nio/fs/WindowsException'{0x000000070db95aa8}> (0x000000070db95aa8) 
thrown [s\open\src\hotspot\share\prims\jni.cpp, line 517]
Event: 5.526 Thread 0x0000014909851bd0 Exception <a 'sun/nio/fs/WindowsException'{0x000000070db95d38}> (0x000000070db95d38) 
thrown [s\open\src\hotspot\share\prims\jni.cpp, line 517]
Event: 5.536 Thread 0x0000014909851bd0 Exception <a 'sun/nio/fs/WindowsException'{0x000000070d950cf8}> (0x000000070d950cf8) 
thrown [s\open\src\hotspot\share\prims\jni.cpp, line 517]
Event: 5.540 Thread 0x0000014909851bd0 Exception <a 'sun/nio/fs/WindowsException'{0x000000070d965890}> (0x000000070d965890) 
thrown [s\open\src\hotspot\share\prims\jni.cpp, line 517]
Event: 5.544 Thread 0x0000014909851bd0 Exception <a 'sun/nio/fs/WindowsException'{0x000000070d97bd28}> (0x000000070d97bd28) 
thrown [s\open\src\hotspot\share\prims\jni.cpp, line 517]
Event: 5.555 Thread 0x0000014909851bd0 Exception <a 'sun/nio/fs/WindowsException'{0x000000070d66e230}> (0x000000070d66e230) 
thrown [s\open\src\hotspot\share\prims\jni.cpp, line 517]
Event: 5.555 Thread 0x0000014909851bd0 Exception <a 'sun/nio/fs/WindowsException'{0x000000070d66e8d0}> (0x000000070d66e8d0) 
thrown [s\open\src\hotspot\share\prims\jni.cpp, line 517]
Event: 5.555 Thread 0x0000014909851bd0 Exception <a 'sun/nio/fs/WindowsException'{0x000000070d66f060}> (0x000000070d66f060) 
thrown [s\open\src\hotspot\share\prims\jni.cpp, line 517]
Event: 5.809 Thread 0x0000014939b3e9e0 Exception <a 'java/lang/NoSuchMethodError'{0x000000070e5ca048}: 'java.lang.Object java.lang.invoke.DirectMethodHandle$Holder.invokeStatic(java.lang.Object, long, java.lang.Object)'> (0x000000070e5ca048) 
thrown [s\open\src\hotspot\share\interpreter\linkResolver.cpp, line 774]
Event: 5.810 Thread 0x0000014939b3e9e0 Exception <a 'java/lang/NoSuchMethodError'{0x000000070e5cd698}: 'java.lang.Object java.lang.invoke.DirectMethodHandle$Holder.invokeStaticInit(java.lang.Object, long, java.lang.Object)'> (0x000000070e5cd698) 
thrown [s\open\src\hotspot\share\interpreter\linkResolver.cpp, line 774]
Event: 5.811 Thread 0x0000014939b3e9e0 Exception <a 'java/lang/NoSuchMethodError'{0x000000070e5d32e8}: 'java.lang.Object java.lang.invoke.DirectMethodHandle$Holder.newInvokeSpecial(java.lang.Object, long)'> (0x000000070e5d32e8) 
thrown [s\open\src\hotspot\share\interpreter\linkResolver.cpp, line 774]
Event: 5.813 Thread 0x0000014939b3e9e0 Exception <a 'java/lang/NoSuchMethodError'{0x000000070e5d7af8}: 'long java.lang.invoke.DirectMethodHandle$Holder.invokeInterface(java.lang.Object, java.lang.Object)'> (0x000000070e5d7af8) 
thrown [s\open\src\hotspot\share\interpreter\linkResolver.cpp, line 774]
Event: 5.813 Thread 0x0000014939b3e9e0 Exception <a 'java/lang/NoSuchMethodError'{0x000000070e5db2b0}: 'long java.lang.invoke.DelegatingMethodHandle$Holder.reinvoke_L(java.lang.Object, java.lang.Object)'> (0x000000070e5db2b0) 
thrown [s\open\src\hotspot\share\interpreter\linkResolver.cpp, line 774]
Event: 5.887 Thread 0x0000014909851bd0 Exception <a 'java/lang/NoSuchMethodError'{0x0000000715800598}: 'java.lang.Object java.lang.invoke.DirectMethodHandle$Holder.invokeStaticInit(java.lang.Object, java.lang.Object, int, int, int, int)'> (0x0000000715800598) 
thrown [s\open\src\hotspot\share\interpreter\linkResolver.cpp, line 774]
Event: 6.029 Thread 0x0000014909851bd0 Exception <a 'java/lang/NoSuchMethodError'{0x000000070ebe24d8}: 'void java.lang.invoke.DirectMethodHandle$Holder.invokeStatic(java.lang.Object, long)'> (0x000000070ebe24d8) 
thrown [s\open\src\hotspot\share\interpreter\linkResolver.cpp, line 774]

VM Operations (20 events):
Event: 5.822 Executing VM operation: HandshakeAllThreads
Event: 5.822 Executing VM operation: HandshakeAllThreads done
Event: 5.884 Executing VM operation: CollectForMetadataAllocation
Event: 5.886 Executing VM operation: CollectForMetadataAllocation done
Event: 5.898 Executing VM operation: G1PauseRemark
Event: 5.907 Executing VM operation: G1PauseRemark done
Event: 5.907 Executing VM operation: HandshakeAllThreads
Event: 5.907 Executing VM operation: HandshakeAllThreads done
Event: 5.914 Executing VM operation: G1PauseCleanup
Event: 5.914 Executing VM operation: G1PauseCleanup done
Event: 5.926 Executing VM operation: HandshakeAllThreads
Event: 5.926 Executing VM operation: HandshakeAllThreads done
Event: 5.986 Executing VM operation: HandshakeAllThreads
Event: 5.986 Executing VM operation: HandshakeAllThreads done
Event: 5.988 Executing VM operation: HandshakeAllThreads
Event: 5.988 Executing VM operation: HandshakeAllThreads done
Event: 5.989 Executing VM operation: HandshakeAllThreads
Event: 5.989 Executing VM operation: HandshakeAllThreads done
Event: 6.031 Executing VM operation: HandshakeAllThreads
Event: 6.031 Executing VM operation: HandshakeAllThreads done

Events (20 events):
Event: 5.937 Thread 0x000001492d4dd9e0 flushing nmethod 0x00000149126cbf90
Event: 5.938 Thread 0x000001492d4dd9e0 flushing nmethod 0x0000014912763990
Event: 5.938 Thread 0x000001492d4dd9e0 flushing nmethod 0x0000014912764290
Event: 5.938 Thread 0x000001492d4dd9e0 flushing nmethod 0x000001491276ad10
Event: 5.938 Thread 0x000001492d4dd9e0 flushing nmethod 0x000001491276b010
Event: 5.938 Thread 0x000001492d4dd9e0 flushing nmethod 0x000001491276b310
Event: 5.938 Thread 0x000001492d4dd9e0 flushing nmethod 0x000001491276b810
Event: 5.938 Thread 0x000001492d4dd9e0 flushing nmethod 0x000001491276ca90
Event: 5.938 Thread 0x000001492d4dd9e0 flushing nmethod 0x000001491276fe90
Event: 5.938 Thread 0x000001492d4dd9e0 flushing nmethod 0x0000014912770210
Event: 5.938 Thread 0x000001492d4dd9e0 flushing nmethod 0x0000014912781510
Event: 5.938 Thread 0x000001492d4dd9e0 flushing nmethod 0x0000014912781910
Event: 5.938 Thread 0x000001492d4dd9e0 flushing nmethod 0x0000014912782090
Event: 5.938 Thread 0x000001492d4dd9e0 flushing nmethod 0x0000014912782a10
Event: 5.958 Thread 0x0000014939b3e9e0 Thread added: 0x0000014939b3e9e0
Event: 5.960 Thread 0x0000014939b3ef30 Thread added: 0x0000014939b3ef30
Event: 6.016 Thread 0x0000014939b3ff20 Thread added: 0x0000014939b3ff20
Event: 6.040 Thread 0x0000014939b3f480 Thread added: 0x0000014939b3f480
Event: 6.040 Thread 0x0000014939b3f9d0 Thread added: 0x0000014939b3f9d0
Event: 6.044 Thread 0x0000014939b409c0 Thread added: 0x0000014939b409c0


Dynamic libraries:
0x00007ff775160000 - 0x00007ff775170000 	C:\Program Files\Java\jdk-19\bin\java.exe
0x00007ffcd2430000 - 0x00007ffcd2647000 	C:\WINDOWS\SYSTEM32\ntdll.dll
0x00007ffcd1a20000 - 0x00007ffcd1ae4000 	C:\WINDOWS\System32\KERNEL32.DLL
0x00007ffccf6d0000 - 0x00007ffccfa8a000 	C:\WINDOWS\System32\KERNELBASE.dll
0x00007ffccfd70000 - 0x00007ffccfe81000 	C:\WINDOWS\System32\ucrtbase.dll
0x00007ffcb86f0000 - 0x00007ffcb8708000 	C:\Program Files\Java\jdk-19\bin\jli.dll
0x00007ffcb8960000 - 0x00007ffcb897b000 	C:\Program Files\Java\jdk-19\bin\VCRUNTIME140.dll
0x00007ffcd18b0000 - 0x00007ffcd1962000 	C:\WINDOWS\System32\ADVAPI32.dll
0x00007ffcd1970000 - 0x00007ffcd1a17000 	C:\WINDOWS\System32\msvcrt.dll
0x00007ffcd1c50000 - 0x00007ffcd1cf7000 	C:\WINDOWS\System32\sechost.dll
0x00007ffccffb0000 - 0x00007ffccffd8000 	C:\WINDOWS\System32\bcrypt.dll
0x00007ffcd10c0000 - 0x00007ffcd11d4000 	C:\WINDOWS\System32\RPCRT4.dll
0x00007ffcd1700000 - 0x00007ffcd18ae000 	C:\WINDOWS\System32\USER32.dll
0x00007ffccfd40000 - 0x00007ffccfd66000 	C:\WINDOWS\System32\win32u.dll
0x00007ffcb92f0000 - 0x00007ffcb9582000 	C:\WINDOWS\WinSxS\amd64_microsoft.windows.common-controls_6595b64144ccf1df_6.0.22621.4541_none_2710d1c57384c085\COMCTL32.dll
0x00007ffcd1f50000 - 0x00007ffcd1f79000 	C:\WINDOWS\System32\GDI32.dll
0x00007ffccffe0000 - 0x00007ffcd00fb000 	C:\WINDOWS\System32\gdi32full.dll
0x00007ffccff10000 - 0x00007ffccffaa000 	C:\WINDOWS\System32\msvcp_win.dll
0x00007ffcc7090000 - 0x00007ffcc709a000 	C:\WINDOWS\SYSTEM32\VERSION.dll
0x00007ffcd0120000 - 0x00007ffcd0151000 	C:\WINDOWS\System32\IMM32.DLL
0x00007ffcc7960000 - 0x00007ffcc796c000 	C:\Program Files\Java\jdk-19\bin\vcruntime140_1.dll
0x00007ffcaf0b0000 - 0x00007ffcaf13e000 	C:\Program Files\Java\jdk-19\bin\msvcp140.dll
0x00007ffc0cab0000 - 0x00007ffc0d770000 	C:\Program Files\Java\jdk-19\bin\server\jvm.dll
0x00007ffcca6d0000 - 0x00007ffcca6d9000 	C:\WINDOWS\SYSTEM32\WSOCK32.dll
0x00007ffcc7e30000 - 0x00007ffcc7e64000 	C:\WINDOWS\SYSTEM32\WINMM.dll
0x00007ffcd1660000 - 0x00007ffcd16d1000 	C:\WINDOWS\System32\WS2_32.dll
0x00007ffcce800000 - 0x00007ffcce818000 	C:\WINDOWS\SYSTEM32\kernel.appcore.dll
0x00007ffcc78f0000 - 0x00007ffcc78fa000 	C:\Program Files\Java\jdk-19\bin\jimage.dll
0x00007ffcccc90000 - 0x00007ffcccec2000 	C:\WINDOWS\SYSTEM32\DBGHELP.DLL
0x00007ffcd09f0000 - 0x00007ffcd0d7f000 	C:\WINDOWS\System32\combase.dll
0x00007ffcd1d00000 - 0x00007ffcd1dd7000 	C:\WINDOWS\System32\OLEAUT32.dll
0x00007ffcc47c0000 - 0x00007ffcc47f2000 	C:\WINDOWS\SYSTEM32\dbgcore.DLL
0x00007ffccfc00000 - 0x00007ffccfc7b000 	C:\WINDOWS\System32\bcryptPrimitives.dll
0x00007ffcb8240000 - 0x00007ffcb824e000 	C:\Program Files\Java\jdk-19\bin\instrument.dll
0x00007ffcb8340000 - 0x00007ffcb8366000 	C:\Program Files\Java\jdk-19\bin\java.dll
0x00007ffc90740000 - 0x00007ffc90817000 	C:\Program Files\Java\jdk-19\bin\jsvml.dll
0x00007ffcd0170000 - 0x00007ffcd09e8000 	C:\WINDOWS\System32\SHELL32.dll
0x00007ffccd5d0000 - 0x00007ffccded8000 	C:\WINDOWS\SYSTEM32\windows.storage.dll
0x00007ffccd490000 - 0x00007ffccd5cf000 	C:\WINDOWS\SYSTEM32\wintypes.dll
0x00007ffcd0f40000 - 0x00007ffcd103a000 	C:\WINDOWS\System32\SHCORE.dll
0x00007ffcd1040000 - 0x00007ffcd109e000 	C:\WINDOWS\System32\shlwapi.dll
0x00007ffccf600000 - 0x00007ffccf62b000 	C:\WINDOWS\SYSTEM32\profapi.dll
0x00007ffcb8250000 - 0x00007ffcb8268000 	C:\Program Files\Java\jdk-19\bin\zip.dll
0x00007ffcb8320000 - 0x00007ffcb8333000 	C:\Program Files\Java\jdk-19\bin\net.dll
0x00007ffccb120000 - 0x00007ffccb256000 	C:\WINDOWS\SYSTEM32\WINHTTP.dll
0x00007ffccec80000 - 0x00007ffccece9000 	C:\WINDOWS\system32\mswsock.dll
0x00007ffcb8300000 - 0x00007ffcb8316000 	C:\Program Files\Java\jdk-19\bin\nio.dll
0x00007ffcb7e50000 - 0x00007ffcb7e6a000 	C:\Program Files\JetBrains\IntelliJ IDEA 2022.1.2\bin\breakgen64.dll
0x00007ffcc00e0000 - 0x00007ffcc00e8000 	C:\Program Files\Java\jdk-19\bin\extnet.dll
0x0000000069ac0000 - 0x0000000069ae4000 	C:\Users\99293\AppData\Local\Temp\jansi-2.4.0-cf059d364d7ab523-jansi.dll
0x00007ffcb8230000 - 0x00007ffcb8240000 	C:\Program Files\Java\jdk-19\bin\verify.dll
0x00007ffcceee0000 - 0x00007ffcceefb000 	C:\WINDOWS\SYSTEM32\CRYPTSP.dll
0x00007ffcce760000 - 0x00007ffcce795000 	C:\WINDOWS\system32\rsaenh.dll
0x00007ffcced70000 - 0x00007ffcced98000 	C:\WINDOWS\SYSTEM32\USERENV.dll
0x00007ffcceed0000 - 0x00007ffcceedc000 	C:\WINDOWS\SYSTEM32\CRYPTBASE.dll
0x00007ffcce1c0000 - 0x00007ffcce1ed000 	C:\WINDOWS\SYSTEM32\IPHLPAPI.DLL
0x00007ffcd10b0000 - 0x00007ffcd10b9000 	C:\WINDOWS\System32\NSI.dll
0x00007ffcca830000 - 0x00007ffcca849000 	C:\WINDOWS\SYSTEM32\dhcpcsvc6.DLL
0x00007ffcca700000 - 0x00007ffcca71f000 	C:\WINDOWS\SYSTEM32\dhcpcsvc.DLL
0x00007ffcce230000 - 0x00007ffcce332000 	C:\WINDOWS\SYSTEM32\DNSAPI.dll

dbghelp: loaded successfully - version: 4.0.5 - missing functions: none
symbol engine: initialized successfully - sym options: 0x614 - pdb path: .;C:\Program Files\Java\jdk-19\bin;C:\WINDOWS\SYSTEM32;C:\WINDOWS\WinSxS\amd64_microsoft.windows.common-controls_6595b64144ccf1df_6.0.22621.4541_none_2710d1c57384c085;C:\Program Files\Java\jdk-19\bin\server;C:\Program Files\JetBrains\IntelliJ IDEA 2022.1.2\bin;C:\Users\99293\AppData\Local\Temp

VM Arguments:
jvm_args: -Dmaven.multiModuleProjectDirectory=D:\website.citu-web -Dmaven.home=C:\Users\99293\.m2\wrapper\dists\apache-maven-3.9.3-bin\54p6kc7m0ap3os8bc4ge28ia2\apache-maven-3.9.3 -Dclassworlds.conf=C:\Users\99293\.m2\wrapper\dists\apache-maven-3.9.3-bin\54p6kc7m0ap3os8bc4ge28ia2\apache-maven-3.9.3\bin\m2.conf -Dmaven.ext.class.path=C:\Program Files\JetBrains\IntelliJ IDEA 2022.1.2\plugins\maven\lib\maven-event-listener.jar -javaagent:C:\Program Files\JetBrains\IntelliJ IDEA 2022.1.2\lib\idea_rt.jar=51900:C:\Program Files\JetBrains\IntelliJ IDEA 2022.1.2\bin -Dfile.encoding=UTF-8 
java_command: org.codehaus.classworlds.Launcher -Didea.version=2022.1.2 package
java_class_path (initial): C:\Users\99293\.m2\wrapper\dists\apache-maven-3.9.3-bin\54p6kc7m0ap3os8bc4ge28ia2\apache-maven-3.9.3\boot\plexus-classworlds-2.7.0.jar;C:\Users\99293\.m2\wrapper\dists\apache-maven-3.9.3-bin\54p6kc7m0ap3os8bc4ge28ia2\apache-maven-3.9.3\boot\plexus-classworlds.license
Launcher Type: SUN_STANDARD

[Global flags]
     intx CICompilerCount                          = 12                                        {product} {ergonomic}
     uint ConcGCThreads                            = 3                                         {product} {ergonomic}
     uint G1ConcRefinementThreads                  = 13                                        {product} {ergonomic}
   size_t G1HeapRegionSize                         = 2097152                                   {product} {ergonomic}
    uintx GCDrainStackTargetSize                   = 64                                        {product} {ergonomic}
   size_t InitialHeapSize                          = 264241152                                 {product} {ergonomic}
   size_t MarkStackSize                            = 4194304                                   {product} {ergonomic}
   size_t MaxHeapSize                              = 4196401152                                {product} {ergonomic}
   size_t MaxNewSize                               = 2516582400                                {product} {ergonomic}
   size_t MinHeapDeltaBytes                        = 2097152                                   {product} {ergonomic}
   size_t MinHeapSize                              = 8388608                                   {product} {ergonomic}
    uintx NonNMethodCodeHeapSize                   = 7602480                                {pd product} {ergonomic}
    uintx NonProfiledCodeHeapSize                  = 122027880                              {pd product} {ergonomic}
    uintx ProfiledCodeHeapSize                     = 122027880                              {pd product} {ergonomic}
    uintx ReservedCodeCacheSize                    = 251658240                              {pd product} {ergonomic}
     bool SegmentedCodeCache                       = true                                      {product} {ergonomic}
   size_t SoftMaxHeapSize                          = 4196401152                             {manageable} {ergonomic}
     bool UseCompressedClassPointers               = true                           {product lp64_product} {ergonomic}
     bool UseCompressedOops                        = true                           {product lp64_product} {ergonomic}
     bool UseG1GC                                  = true                                      {product} {ergonomic}
     bool UseLargePagesIndividualAllocation        = false                                  {pd product} {ergonomic}

Logging:
Log output configuration:
 #0: stdout all=warning uptime,level,tags foldmultilines=false
 #1: stderr all=off uptime,level,tags foldmultilines=false

Environment Variables:
JAVA_HOME=C:\Program Files\Java\jdk-19
PATH=C:\Program Files\Common Files\Oracle\Java\javapath;C:\Windows\system32;C:\Windows;C:\Windows\System32\Wbem;C:\Windows\System32\WindowsPowerShell\v1.0\;C:\Windows\System32\OpenSSH\;C:\Program Files (x86)\NVIDIA Corporation\PhysX\Common;C:\Program Files\NVIDIA Corporation\NVIDIA NvDLISR;C:\Program Files (x86)\dotnet\;C:\WINDOWS\system32;C:\WINDOWS;C:\WINDOWS\System32\Wbem;C:\WINDOWS\System32\WindowsPowerShell\v1.0\;C:\WINDOWS\System32\OpenSSH\;C:\Program Files\Java\jdk-19\bin;C:\Program Files\Git\cmd;C:\Users\99293\AppData\Local\Programs\Python\Python311\Scripts\;C:\Users\99293\AppData\Local\Programs\Python\Python311\;C:\Users\99293\AppData\Local\Microsoft\WindowsApps;;C:\Program Files\JetBrains\IntelliJ IDEA 2022.1.2\bin;;C:\Program Files\heroku\bin
USERNAME=ASUS
OS=Windows_NT
PROCESSOR_IDENTIFIER=Intel64 Family 6 Model 154 Stepping 3, GenuineIntel
TMP=C:\Users\99293\AppData\Local\Temp
TEMP=C:\Users\99293\AppData\Local\Temp



---------------  S Y S T E M  ---------------

OS:
 Windows 11 , 64 bit Build 22621 (10.0.22621.4391)
OS uptime: 0 days 10:38 hours
Hyper-V role detected

CPU: total 16 (initial active 16) (8 cores per cpu, 2 threads per core) family 6 model 154 stepping 3 microcode 0x429, cx8, cmov, fxsr, ht, mmx, 3dnowpref, sse, sse2, sse3, ssse3, sse4.1, sse4.2, popcnt, lzcnt, tsc, tscinvbit, avx, avx2, aes, erms, clmul, bmi1, bmi2, adx, sha, fma, vzeroupper, clflush, clflushopt, clwb, hv, serialize, rdtscp, rdpid, fsrm

Memory: 4k page, system-wide physical 16004M (3131M free)
TotalPageFile size 18052M (AvailPageFile size 90M)
current process WorkingSet (physical memory assigned to process): 378M, peak: 403M
current process commit charge ("private bytes"): 421M, peak: 458M

vm_info: Java HotSpot(TM) 64-Bit Server VM (19.0.2+7-44) for windows-amd64 JRE (19.0.2+7-44), built on 2022-11-30T18:02:09Z by "mach5one" with MS VC++ 17.1 (VS2022)

END.
