#
# There is insufficient memory for the Java Runtime Environment to continue.
# Native memory allocation (malloc) failed to allocate 240608 bytes for Chunk::new
# Possible reasons:
#   The system is out of physical RAM or swap space
#   The process is running with CompressedOops enabled, and the Java Heap may be blocking the growth of the native heap
# Possible solutions:
#   Reduce memory load on the system
#   Increase physical memory or swap space
#   Check if swap backing store is full
#   Decrease Java heap size (-Xmx/-Xms)
#   Decrease number of Java threads
#   Decrease Java thread stack sizes (-Xss)
#   Set larger code cache with -XX:ReservedCodeCacheSize=
#   JVM is running with Zero Based Compressed Oops mode in which the Java heap is
#     placed in the first 32GB address space. The Java Heap base address is the
#     maximum limit for the native heap growth. Please use -XX:HeapBaseMinAddress
#     to set the Java Heap base and to place the Java Heap above 32GB virtual address.
# This output file may be truncated or incomplete.
#
#  Out of Memory Error (arena.cpp:184), pid=13700, tid=14944
#
# JRE version: Java(TM) SE Runtime Environment (19.0.2+7) (build 19.0.2+7-44)
# Java VM: Java HotSpot(TM) 64-Bit Server VM (19.0.2+7-44, mixed mode, sharing, tiered, compressed oops, compressed class ptrs, g1 gc, windows-amd64)
# No core dump will be written. Minidumps are not enabled by default on client versions of Windows
#

---------------  S U M M A R Y ------------

Command Line: C:\Users\99293\AppData\Local\Temp\surefire12350321060086985065\surefirebooter-20241030195416864_3.jar C:\Users\99293\AppData\Local\Temp\surefire12350321060086985065 2024-10-30T19-54-16_740-jvmRun1 surefire-20241030195416864_1tmp surefire_0-20241030195416864_2tmp

Host: 12th Gen Intel(R) Core(TM) i7-12650H, 16 cores, 15G,  Windows 11 , 64 bit Build 22621 (10.0.22621.3958)
Time: Wed Oct 30 19:54:17 2024  Windows 11 , 64 bit Build 22621 (10.0.22621.3958) elapsed time: 0.230513 seconds (0d 0h 0m 0s)

---------------  T H R E A D  ---------------

Current thread (0x000002d1d6c175c0):  JavaThread "C2 CompilerThread0" daemon [_thread_in_native, id=14944, stack(0x000000f7b1f00000,0x000000f7b2000000)]


Current CompileTask:
C2:    230  819       4       java.util.jar.JarFile::getEntry (35 bytes)

Stack: [0x000000f7b1f00000,0x000000f7b2000000]
Native frames: (J=compiled Java code, j=interpreted, Vv=VM code, C=native code)
V  [jvm.dll+0x6ee21a]
V  [jvm.dll+0x85765e]
V  [jvm.dll+0x85904e]
V  [jvm.dll+0x859703]
V  [jvm.dll+0x28298f]
V  [jvm.dll+0xc9adf]
V  [jvm.dll+0xc9e65]
V  [jvm.dll+0x3bca4c]
V  [jvm.dll+0x1ee0aa]
V  [jvm.dll+0x24c52b]
V  [jvm.dll+0x24b781]
V  [jvm.dll+0x1d6ce1]
V  [jvm.dll+0x25b25a]
V  [jvm.dll+0x2596e8]
V  [jvm.dll+0x807588]
V  [jvm.dll+0x80125a]
V  [jvm.dll+0x6ecf0b]
C  [ucrtbase.dll+0x29333]
C  [KERNEL32.DLL+0x1257d]
C  [ntdll.dll+0x5af08]


---------------  P R O C E S S  ---------------

Threads class SMR info:
_java_thread_list=0x000002d1d73e4d70, length=19, elements={
0x000002d1acccf980, 0x000002d1d22c4e90, 0x000002d1d22c5890, 0x000002d1d22c82a0,
0x000002d1d22c99f0, 0x000002d1d22cc140, 0x000002d1d22ce690, 0x000002d1d6c175c0,
0x000002d1d6c17dc0, 0x000002d1d6c1be30, 0x000002d1d229e5a0, 0x000002d1d6c1b390,
0x000002d1d6c1a8f0, 0x000002d1d6dd0340, 0x000002d1d6fc7b70, 0x000002d1d6c1ae40,
0x000002d1d6c1b8e0, 0x000002d1d70d0ff0, 0x000002d1d7578bc0
}

Java Threads: ( => current thread )
  0x000002d1acccf980 JavaThread "main" [_thread_in_Java, id=22324, stack(0x000000f7b1200000,0x000000f7b1300000)]
  0x000002d1d22c4e90 JavaThread "Reference Handler" daemon [_thread_blocked, id=22180, stack(0x000000f7b1900000,0x000000f7b1a00000)]
  0x000002d1d22c5890 JavaThread "Finalizer" daemon [_thread_blocked, id=9132, stack(0x000000f7b1a00000,0x000000f7b1b00000)]
  0x000002d1d22c82a0 JavaThread "Signal Dispatcher" daemon [_thread_blocked, id=8396, stack(0x000000f7b1b00000,0x000000f7b1c00000)]
  0x000002d1d22c99f0 JavaThread "Attach Listener" daemon [_thread_blocked, id=8144, stack(0x000000f7b1c00000,0x000000f7b1d00000)]
  0x000002d1d22cc140 JavaThread "Service Thread" daemon [_thread_blocked, id=3044, stack(0x000000f7b1d00000,0x000000f7b1e00000)]
  0x000002d1d22ce690 JavaThread "Monitor Deflation Thread" daemon [_thread_blocked, id=9820, stack(0x000000f7b1e00000,0x000000f7b1f00000)]
=>0x000002d1d6c175c0 JavaThread "C2 CompilerThread0" daemon [_thread_in_native, id=14944, stack(0x000000f7b1f00000,0x000000f7b2000000)]
  0x000002d1d6c17dc0 JavaThread "C1 CompilerThread0" daemon [_thread_blocked, id=10792, stack(0x000000f7b2000000,0x000000f7b2100000)]
  0x000002d1d6c1be30 JavaThread "Sweeper thread" daemon [_thread_blocked, id=11416, stack(0x000000f7b2100000,0x000000f7b2200000)]
  0x000002d1d229e5a0 JavaThread "C1 CompilerThread1" daemon [_thread_blocked, id=11476, stack(0x000000f7b2200000,0x000000f7b2300000)]
  0x000002d1d6c1b390 JavaThread "Notification Thread" daemon [_thread_blocked, id=11868, stack(0x000000f7b2300000,0x000000f7b2400000)]
  0x000002d1d6c1a8f0 JavaThread "Common-Cleaner" daemon [_thread_blocked, id=24396, stack(0x000000f7b2500000,0x000000f7b2600000)]
  0x000002d1d6dd0340 JavaThread "C1 CompilerThread2" daemon [_thread_blocked, id=14472, stack(0x000000f7b2600000,0x000000f7b2700000)]
  0x000002d1d6fc7b70 JavaThread "C2 CompilerThread1" daemon [_thread_blocked, id=408, stack(0x000000f7b2700000,0x000000f7b2800000)]
  0x000002d1d6c1ae40 JavaThread "surefire-forkedjvm-stream-flusher" daemon [_thread_blocked, id=21836, stack(0x000000f7b2800000,0x000000f7b2900000)]
  0x000002d1d6c1b8e0 JavaThread "surefire-forkedjvm-command-thread" daemon [_thread_in_native, id=6564, stack(0x000000f7b2900000,0x000000f7b2a00000)]
  0x000002d1d70d0ff0 JavaThread "C1 CompilerThread3" daemon [_thread_blocked, id=2776, stack(0x000000f7b2a00000,0x000000f7b2b00000)]
  0x000002d1d7578bc0 JavaThread "C2 CompilerThread2" daemon [_thread_in_native, id=6160, stack(0x000000f7b2b00000,0x000000f7b2c00000)]

Other Threads:
  0x000002d1d22ad780 VMThread "VM Thread" [stack: 0x000000f7b1800000,0x000000f7b1900000] [id=4988]
  0x000002d1d6db9c40 WatcherThread "VM Periodic Task Thread" [stack: 0x000000f7b2400000,0x000000f7b2500000] [id=1796]
  0x000002d1acd42350 WorkerThread "GC Thread#0" [stack: 0x000000f7b1300000,0x000000f7b1400000] [id=24512]
  0x000002d1acd52cc0 ConcurrentGCThread "G1 Main Marker" [stack: 0x000000f7b1400000,0x000000f7b1500000] [id=17832]
  0x000002d1acd536f0 WorkerThread "G1 Conc#0" [stack: 0x000000f7b1500000,0x000000f7b1600000] [id=18272]
  0x000002d1acd8e4f0 ConcurrentGCThread "G1 Refine#0" [stack: 0x000000f7b1600000,0x000000f7b1700000] [id=22860]
  0x000002d1d216c1f0 ConcurrentGCThread "G1 Service" [stack: 0x000000f7b1700000,0x000000f7b1800000] [id=19696]

Threads with active compile tasks:
C2 CompilerThread0      238  819       4       java.util.jar.JarFile::getEntry (35 bytes)
C2 CompilerThread2      238  882   !   4       java.util.jar.JarFile::checkForSpecialAttributes (163 bytes)

VM state: not at safepoint (normal execution)

VM Mutex/Monitor currently owned by a thread: None

Heap address: 0x0000000705e00000, size: 4002 MB, Compressed Oops mode: Zero based, Oop shift amount: 3

CDS archive(s) mapped at: [0x0000000800000000-0x0000000800c40000-0x0000000800c40000), size 12845056, SharedBaseAddress: 0x0000000800000000, ArchiveRelocationMode: 0.
Compressed class space mapped at: 0x0000000801000000-0x0000000841000000, reserved size: 1073741824
Narrow klass base: 0x0000000800000000, Narrow klass shift: 0, Narrow klass range: 0x100000000

GC Precious Log:
 CardTable entry size: 512
 Card Set container configuration: InlinePtr #cards 4 size 8 Array Of Cards #cards 16 size 48 Howl #buckets 8 coarsen threshold 3686 Howl Bitmap #cards 512 size 80 coarsen threshold 460 Card regions per heap region 1 cards per card region 4096
 CPUs: 16 total, 16 available
 Memory: 16005M
 Large Page Support: Disabled
 NUMA Support: Disabled
 Compressed Oops: Enabled (Zero based)
 Heap Region Size: 2M
 Heap Min Capacity: 8M
 Heap Initial Capacity: 252M
 Heap Max Capacity: 4002M
 Pre-touch: Disabled
 Parallel Workers: 13
 Concurrent Workers: 3
 Concurrent Refinement Workers: 13
 Periodic GC: Disabled

Heap:
 garbage-first heap   total 258048K, used 16384K [0x0000000705e00000, 0x0000000800000000)
  region size 2048K, 9 young (18432K), 0 survivors (0K)
 Metaspace       used 3062K, committed 3200K, reserved 1114112K
  class space    used 303K, committed 384K, reserved 1048576K

Heap Regions: E=young(eden), S=young(survivor), O=old, HS=humongous(starts), HC=humongous(continues), CS=collection set, F=free, OA=open archive, CA=closed archive, TAMS=top-at-mark-start (previous, next)
|   0|0x0000000705e00000, 0x0000000705e00000, 0x0000000706000000|  0%| F|  |TAMS 0x0000000705e00000, 0x0000000705e00000| Untracked 
|   1|0x0000000706000000, 0x0000000706000000, 0x0000000706200000|  0%| F|  |TAMS 0x0000000706000000, 0x0000000706000000| Untracked 
|   2|0x0000000706200000, 0x0000000706200000, 0x0000000706400000|  0%| F|  |TAMS 0x0000000706200000, 0x0000000706200000| Untracked 
|   3|0x0000000706400000, 0x0000000706400000, 0x0000000706600000|  0%| F|  |TAMS 0x0000000706400000, 0x0000000706400000| Untracked 
|   4|0x0000000706600000, 0x0000000706600000, 0x0000000706800000|  0%| F|  |TAMS 0x0000000706600000, 0x0000000706600000| Untracked 
|   5|0x0000000706800000, 0x0000000706800000, 0x0000000706a00000|  0%| F|  |TAMS 0x0000000706800000, 0x0000000706800000| Untracked 
|   6|0x0000000706a00000, 0x0000000706a00000, 0x0000000706c00000|  0%| F|  |TAMS 0x0000000706a00000, 0x0000000706a00000| Untracked 
|   7|0x0000000706c00000, 0x0000000706c00000, 0x0000000706e00000|  0%| F|  |TAMS 0x0000000706c00000, 0x0000000706c00000| Untracked 
|   8|0x0000000706e00000, 0x0000000706e00000, 0x0000000707000000|  0%| F|  |TAMS 0x0000000706e00000, 0x0000000706e00000| Untracked 
|   9|0x0000000707000000, 0x0000000707000000, 0x0000000707200000|  0%| F|  |TAMS 0x0000000707000000, 0x0000000707000000| Untracked 
|  10|0x0000000707200000, 0x0000000707200000, 0x0000000707400000|  0%| F|  |TAMS 0x0000000707200000, 0x0000000707200000| Untracked 
|  11|0x0000000707400000, 0x0000000707400000, 0x0000000707600000|  0%| F|  |TAMS 0x0000000707400000, 0x0000000707400000| Untracked 
|  12|0x0000000707600000, 0x0000000707600000, 0x0000000707800000|  0%| F|  |TAMS 0x0000000707600000, 0x0000000707600000| Untracked 
|  13|0x0000000707800000, 0x0000000707800000, 0x0000000707a00000|  0%| F|  |TAMS 0x0000000707800000, 0x0000000707800000| Untracked 
|  14|0x0000000707a00000, 0x0000000707a00000, 0x0000000707c00000|  0%| F|  |TAMS 0x0000000707a00000, 0x0000000707a00000| Untracked 
|  15|0x0000000707c00000, 0x0000000707c00000, 0x0000000707e00000|  0%| F|  |TAMS 0x0000000707c00000, 0x0000000707c00000| Untracked 
|  16|0x0000000707e00000, 0x0000000707e00000, 0x0000000708000000|  0%| F|  |TAMS 0x0000000707e00000, 0x0000000707e00000| Untracked 
|  17|0x0000000708000000, 0x0000000708000000, 0x0000000708200000|  0%| F|  |TAMS 0x0000000708000000, 0x0000000708000000| Untracked 
|  18|0x0000000708200000, 0x0000000708200000, 0x0000000708400000|  0%| F|  |TAMS 0x0000000708200000, 0x0000000708200000| Untracked 
|  19|0x0000000708400000, 0x0000000708400000, 0x0000000708600000|  0%| F|  |TAMS 0x0000000708400000, 0x0000000708400000| Untracked 
|  20|0x0000000708600000, 0x0000000708600000, 0x0000000708800000|  0%| F|  |TAMS 0x0000000708600000, 0x0000000708600000| Untracked 
|  21|0x0000000708800000, 0x0000000708800000, 0x0000000708a00000|  0%| F|  |TAMS 0x0000000708800000, 0x0000000708800000| Untracked 
|  22|0x0000000708a00000, 0x0000000708a00000, 0x0000000708c00000|  0%| F|  |TAMS 0x0000000708a00000, 0x0000000708a00000| Untracked 
|  23|0x0000000708c00000, 0x0000000708c00000, 0x0000000708e00000|  0%| F|  |TAMS 0x0000000708c00000, 0x0000000708c00000| Untracked 
|  24|0x0000000708e00000, 0x0000000708e00000, 0x0000000709000000|  0%| F|  |TAMS 0x0000000708e00000, 0x0000000708e00000| Untracked 
|  25|0x0000000709000000, 0x0000000709000000, 0x0000000709200000|  0%| F|  |TAMS 0x0000000709000000, 0x0000000709000000| Untracked 
|  26|0x0000000709200000, 0x0000000709200000, 0x0000000709400000|  0%| F|  |TAMS 0x0000000709200000, 0x0000000709200000| Untracked 
|  27|0x0000000709400000, 0x0000000709400000, 0x0000000709600000|  0%| F|  |TAMS 0x0000000709400000, 0x0000000709400000| Untracked 
|  28|0x0000000709600000, 0x0000000709600000, 0x0000000709800000|  0%| F|  |TAMS 0x0000000709600000, 0x0000000709600000| Untracked 
|  29|0x0000000709800000, 0x0000000709800000, 0x0000000709a00000|  0%| F|  |TAMS 0x0000000709800000, 0x0000000709800000| Untracked 
|  30|0x0000000709a00000, 0x0000000709a00000, 0x0000000709c00000|  0%| F|  |TAMS 0x0000000709a00000, 0x0000000709a00000| Untracked 
|  31|0x0000000709c00000, 0x0000000709c00000, 0x0000000709e00000|  0%| F|  |TAMS 0x0000000709c00000, 0x0000000709c00000| Untracked 
|  32|0x0000000709e00000, 0x0000000709e00000, 0x000000070a000000|  0%| F|  |TAMS 0x0000000709e00000, 0x0000000709e00000| Untracked 
|  33|0x000000070a000000, 0x000000070a000000, 0x000000070a200000|  0%| F|  |TAMS 0x000000070a000000, 0x000000070a000000| Untracked 
|  34|0x000000070a200000, 0x000000070a200000, 0x000000070a400000|  0%| F|  |TAMS 0x000000070a200000, 0x000000070a200000| Untracked 
|  35|0x000000070a400000, 0x000000070a400000, 0x000000070a600000|  0%| F|  |TAMS 0x000000070a400000, 0x000000070a400000| Untracked 
|  36|0x000000070a600000, 0x000000070a600000, 0x000000070a800000|  0%| F|  |TAMS 0x000000070a600000, 0x000000070a600000| Untracked 
|  37|0x000000070a800000, 0x000000070a800000, 0x000000070aa00000|  0%| F|  |TAMS 0x000000070a800000, 0x000000070a800000| Untracked 
|  38|0x000000070aa00000, 0x000000070aa00000, 0x000000070ac00000|  0%| F|  |TAMS 0x000000070aa00000, 0x000000070aa00000| Untracked 
|  39|0x000000070ac00000, 0x000000070ac00000, 0x000000070ae00000|  0%| F|  |TAMS 0x000000070ac00000, 0x000000070ac00000| Untracked 
|  40|0x000000070ae00000, 0x000000070ae00000, 0x000000070b000000|  0%| F|  |TAMS 0x000000070ae00000, 0x000000070ae00000| Untracked 
|  41|0x000000070b000000, 0x000000070b000000, 0x000000070b200000|  0%| F|  |TAMS 0x000000070b000000, 0x000000070b000000| Untracked 
|  42|0x000000070b200000, 0x000000070b200000, 0x000000070b400000|  0%| F|  |TAMS 0x000000070b200000, 0x000000070b200000| Untracked 
|  43|0x000000070b400000, 0x000000070b400000, 0x000000070b600000|  0%| F|  |TAMS 0x000000070b400000, 0x000000070b400000| Untracked 
|  44|0x000000070b600000, 0x000000070b600000, 0x000000070b800000|  0%| F|  |TAMS 0x000000070b600000, 0x000000070b600000| Untracked 
|  45|0x000000070b800000, 0x000000070b800000, 0x000000070ba00000|  0%| F|  |TAMS 0x000000070b800000, 0x000000070b800000| Untracked 
|  46|0x000000070ba00000, 0x000000070ba00000, 0x000000070bc00000|  0%| F|  |TAMS 0x000000070ba00000, 0x000000070ba00000| Untracked 
|  47|0x000000070bc00000, 0x000000070bc00000, 0x000000070be00000|  0%| F|  |TAMS 0x000000070bc00000, 0x000000070bc00000| Untracked 
|  48|0x000000070be00000, 0x000000070be00000, 0x000000070c000000|  0%| F|  |TAMS 0x000000070be00000, 0x000000070be00000| Untracked 
|  49|0x000000070c000000, 0x000000070c000000, 0x000000070c200000|  0%| F|  |TAMS 0x000000070c000000, 0x000000070c000000| Untracked 
|  50|0x000000070c200000, 0x000000070c200000, 0x000000070c400000|  0%| F|  |TAMS 0x000000070c200000, 0x000000070c200000| Untracked 
|  51|0x000000070c400000, 0x000000070c400000, 0x000000070c600000|  0%| F|  |TAMS 0x000000070c400000, 0x000000070c400000| Untracked 
|  52|0x000000070c600000, 0x000000070c600000, 0x000000070c800000|  0%| F|  |TAMS 0x000000070c600000, 0x000000070c600000| Untracked 
|  53|0x000000070c800000, 0x000000070c800000, 0x000000070ca00000|  0%| F|  |TAMS 0x000000070c800000, 0x000000070c800000| Untracked 
|  54|0x000000070ca00000, 0x000000070ca00000, 0x000000070cc00000|  0%| F|  |TAMS 0x000000070ca00000, 0x000000070ca00000| Untracked 
|  55|0x000000070cc00000, 0x000000070cc00000, 0x000000070ce00000|  0%| F|  |TAMS 0x000000070cc00000, 0x000000070cc00000| Untracked 
|  56|0x000000070ce00000, 0x000000070ce00000, 0x000000070d000000|  0%| F|  |TAMS 0x000000070ce00000, 0x000000070ce00000| Untracked 
|  57|0x000000070d000000, 0x000000070d000000, 0x000000070d200000|  0%| F|  |TAMS 0x000000070d000000, 0x000000070d000000| Untracked 
|  58|0x000000070d200000, 0x000000070d200000, 0x000000070d400000|  0%| F|  |TAMS 0x000000070d200000, 0x000000070d200000| Untracked 
|  59|0x000000070d400000, 0x000000070d400000, 0x000000070d600000|  0%| F|  |TAMS 0x000000070d400000, 0x000000070d400000| Untracked 
|  60|0x000000070d600000, 0x000000070d600000, 0x000000070d800000|  0%| F|  |TAMS 0x000000070d600000, 0x000000070d600000| Untracked 
|  61|0x000000070d800000, 0x000000070d800000, 0x000000070da00000|  0%| F|  |TAMS 0x000000070d800000, 0x000000070d800000| Untracked 
|  62|0x000000070da00000, 0x000000070da00000, 0x000000070dc00000|  0%| F|  |TAMS 0x000000070da00000, 0x000000070da00000| Untracked 
|  63|0x000000070dc00000, 0x000000070dc00000, 0x000000070de00000|  0%| F|  |TAMS 0x000000070dc00000, 0x000000070dc00000| Untracked 
|  64|0x000000070de00000, 0x000000070de00000, 0x000000070e000000|  0%| F|  |TAMS 0x000000070de00000, 0x000000070de00000| Untracked 
|  65|0x000000070e000000, 0x000000070e000000, 0x000000070e200000|  0%| F|  |TAMS 0x000000070e000000, 0x000000070e000000| Untracked 
|  66|0x000000070e200000, 0x000000070e200000, 0x000000070e400000|  0%| F|  |TAMS 0x000000070e200000, 0x000000070e200000| Untracked 
|  67|0x000000070e400000, 0x000000070e400000, 0x000000070e600000|  0%| F|  |TAMS 0x000000070e400000, 0x000000070e400000| Untracked 
|  68|0x000000070e600000, 0x000000070e600000, 0x000000070e800000|  0%| F|  |TAMS 0x000000070e600000, 0x000000070e600000| Untracked 
|  69|0x000000070e800000, 0x000000070e800000, 0x000000070ea00000|  0%| F|  |TAMS 0x000000070e800000, 0x000000070e800000| Untracked 
|  70|0x000000070ea00000, 0x000000070ea00000, 0x000000070ec00000|  0%| F|  |TAMS 0x000000070ea00000, 0x000000070ea00000| Untracked 
|  71|0x000000070ec00000, 0x000000070ec00000, 0x000000070ee00000|  0%| F|  |TAMS 0x000000070ec00000, 0x000000070ec00000| Untracked 
|  72|0x000000070ee00000, 0x000000070ee00000, 0x000000070f000000|  0%| F|  |TAMS 0x000000070ee00000, 0x000000070ee00000| Untracked 
|  73|0x000000070f000000, 0x000000070f000000, 0x000000070f200000|  0%| F|  |TAMS 0x000000070f000000, 0x000000070f000000| Untracked 
|  74|0x000000070f200000, 0x000000070f200000, 0x000000070f400000|  0%| F|  |TAMS 0x000000070f200000, 0x000000070f200000| Untracked 
|  75|0x000000070f400000, 0x000000070f400000, 0x000000070f600000|  0%| F|  |TAMS 0x000000070f400000, 0x000000070f400000| Untracked 
|  76|0x000000070f600000, 0x000000070f600000, 0x000000070f800000|  0%| F|  |TAMS 0x000000070f600000, 0x000000070f600000| Untracked 
|  77|0x000000070f800000, 0x000000070f800000, 0x000000070fa00000|  0%| F|  |TAMS 0x000000070f800000, 0x000000070f800000| Untracked 
|  78|0x000000070fa00000, 0x000000070fa00000, 0x000000070fc00000|  0%| F|  |TAMS 0x000000070fa00000, 0x000000070fa00000| Untracked 
|  79|0x000000070fc00000, 0x000000070fc00000, 0x000000070fe00000|  0%| F|  |TAMS 0x000000070fc00000, 0x000000070fc00000| Untracked 
|  80|0x000000070fe00000, 0x000000070fe00000, 0x0000000710000000|  0%| F|  |TAMS 0x000000070fe00000, 0x000000070fe00000| Untracked 
|  81|0x0000000710000000, 0x0000000710000000, 0x0000000710200000|  0%| F|  |TAMS 0x0000000710000000, 0x0000000710000000| Untracked 
|  82|0x0000000710200000, 0x0000000710200000, 0x0000000710400000|  0%| F|  |TAMS 0x0000000710200000, 0x0000000710200000| Untracked 
|  83|0x0000000710400000, 0x0000000710400000, 0x0000000710600000|  0%| F|  |TAMS 0x0000000710400000, 0x0000000710400000| Untracked 
|  84|0x0000000710600000, 0x0000000710600000, 0x0000000710800000|  0%| F|  |TAMS 0x0000000710600000, 0x0000000710600000| Untracked 
|  85|0x0000000710800000, 0x0000000710800000, 0x0000000710a00000|  0%| F|  |TAMS 0x0000000710800000, 0x0000000710800000| Untracked 
|  86|0x0000000710a00000, 0x0000000710a00000, 0x0000000710c00000|  0%| F|  |TAMS 0x0000000710a00000, 0x0000000710a00000| Untracked 
|  87|0x0000000710c00000, 0x0000000710c00000, 0x0000000710e00000|  0%| F|  |TAMS 0x0000000710c00000, 0x0000000710c00000| Untracked 
|  88|0x0000000710e00000, 0x0000000710e00000, 0x0000000711000000|  0%| F|  |TAMS 0x0000000710e00000, 0x0000000710e00000| Untracked 
|  89|0x0000000711000000, 0x0000000711000000, 0x0000000711200000|  0%| F|  |TAMS 0x0000000711000000, 0x0000000711000000| Untracked 
|  90|0x0000000711200000, 0x0000000711200000, 0x0000000711400000|  0%| F|  |TAMS 0x0000000711200000, 0x0000000711200000| Untracked 
|  91|0x0000000711400000, 0x0000000711400000, 0x0000000711600000|  0%| F|  |TAMS 0x0000000711400000, 0x0000000711400000| Untracked 
|  92|0x0000000711600000, 0x0000000711600000, 0x0000000711800000|  0%| F|  |TAMS 0x0000000711600000, 0x0000000711600000| Untracked 
|  93|0x0000000711800000, 0x0000000711800000, 0x0000000711a00000|  0%| F|  |TAMS 0x0000000711800000, 0x0000000711800000| Untracked 
|  94|0x0000000711a00000, 0x0000000711a00000, 0x0000000711c00000|  0%| F|  |TAMS 0x0000000711a00000, 0x0000000711a00000| Untracked 
|  95|0x0000000711c00000, 0x0000000711c00000, 0x0000000711e00000|  0%| F|  |TAMS 0x0000000711c00000, 0x0000000711c00000| Untracked 
|  96|0x0000000711e00000, 0x0000000711e00000, 0x0000000712000000|  0%| F|  |TAMS 0x0000000711e00000, 0x0000000711e00000| Untracked 
|  97|0x0000000712000000, 0x0000000712000000, 0x0000000712200000|  0%| F|  |TAMS 0x0000000712000000, 0x0000000712000000| Untracked 
|  98|0x0000000712200000, 0x0000000712200000, 0x0000000712400000|  0%| F|  |TAMS 0x0000000712200000, 0x0000000712200000| Untracked 
|  99|0x0000000712400000, 0x0000000712400000, 0x0000000712600000|  0%| F|  |TAMS 0x0000000712400000, 0x0000000712400000| Untracked 
| 100|0x0000000712600000, 0x0000000712600000, 0x0000000712800000|  0%| F|  |TAMS 0x0000000712600000, 0x0000000712600000| Untracked 
| 101|0x0000000712800000, 0x0000000712800000, 0x0000000712a00000|  0%| F|  |TAMS 0x0000000712800000, 0x0000000712800000| Untracked 
| 102|0x0000000712a00000, 0x0000000712a00000, 0x0000000712c00000|  0%| F|  |TAMS 0x0000000712a00000, 0x0000000712a00000| Untracked 
| 103|0x0000000712c00000, 0x0000000712c00000, 0x0000000712e00000|  0%| F|  |TAMS 0x0000000712c00000, 0x0000000712c00000| Untracked 
| 104|0x0000000712e00000, 0x0000000712e00000, 0x0000000713000000|  0%| F|  |TAMS 0x0000000712e00000, 0x0000000712e00000| Untracked 
| 105|0x0000000713000000, 0x0000000713000000, 0x0000000713200000|  0%| F|  |TAMS 0x0000000713000000, 0x0000000713000000| Untracked 
| 106|0x0000000713200000, 0x0000000713200000, 0x0000000713400000|  0%| F|  |TAMS 0x0000000713200000, 0x0000000713200000| Untracked 
| 107|0x0000000713400000, 0x0000000713400000, 0x0000000713600000|  0%| F|  |TAMS 0x0000000713400000, 0x0000000713400000| Untracked 
| 108|0x0000000713600000, 0x0000000713600000, 0x0000000713800000|  0%| F|  |TAMS 0x0000000713600000, 0x0000000713600000| Untracked 
| 109|0x0000000713800000, 0x0000000713800000, 0x0000000713a00000|  0%| F|  |TAMS 0x0000000713800000, 0x0000000713800000| Untracked 
| 110|0x0000000713a00000, 0x0000000713a00000, 0x0000000713c00000|  0%| F|  |TAMS 0x0000000713a00000, 0x0000000713a00000| Untracked 
| 111|0x0000000713c00000, 0x0000000713c00000, 0x0000000713e00000|  0%| F|  |TAMS 0x0000000713c00000, 0x0000000713c00000| Untracked 
| 112|0x0000000713e00000, 0x0000000713e00000, 0x0000000714000000|  0%| F|  |TAMS 0x0000000713e00000, 0x0000000713e00000| Untracked 
| 113|0x0000000714000000, 0x0000000714000000, 0x0000000714200000|  0%| F|  |TAMS 0x0000000714000000, 0x0000000714000000| Untracked 
| 114|0x0000000714200000, 0x0000000714200000, 0x0000000714400000|  0%| F|  |TAMS 0x0000000714200000, 0x0000000714200000| Untracked 
| 115|0x0000000714400000, 0x0000000714400000, 0x0000000714600000|  0%| F|  |TAMS 0x0000000714400000, 0x0000000714400000| Untracked 
| 116|0x0000000714600000, 0x0000000714600000, 0x0000000714800000|  0%| F|  |TAMS 0x0000000714600000, 0x0000000714600000| Untracked 
| 117|0x0000000714800000, 0x00000007149c4830, 0x0000000714a00000| 88%| E|  |TAMS 0x0000000714800000, 0x0000000714800000| Complete 
| 118|0x0000000714a00000, 0x0000000714c00000, 0x0000000714c00000|100%| E|CS|TAMS 0x0000000714a00000, 0x0000000714a00000| Complete 
| 119|0x0000000714c00000, 0x0000000714e00000, 0x0000000714e00000|100%| E|CS|TAMS 0x0000000714c00000, 0x0000000714c00000| Complete 
| 120|0x0000000714e00000, 0x0000000715000000, 0x0000000715000000|100%| E|CS|TAMS 0x0000000714e00000, 0x0000000714e00000| Complete 
| 121|0x0000000715000000, 0x0000000715200000, 0x0000000715200000|100%| E|CS|TAMS 0x0000000715000000, 0x0000000715000000| Complete 
| 122|0x0000000715200000, 0x0000000715400000, 0x0000000715400000|100%| E|CS|TAMS 0x0000000715200000, 0x0000000715200000| Complete 
| 123|0x0000000715400000, 0x0000000715600000, 0x0000000715600000|100%| E|CS|TAMS 0x0000000715400000, 0x0000000715400000| Complete 
| 124|0x0000000715600000, 0x0000000715800000, 0x0000000715800000|100%| E|CS|TAMS 0x0000000715600000, 0x0000000715600000| Complete 
| 125|0x0000000715800000, 0x0000000715a00000, 0x0000000715a00000|100%| E|CS|TAMS 0x0000000715800000, 0x0000000715800000| Complete 

Card table byte_map: [0x000002d1c6bb0000,0x000002d1c7390000] _byte_map_base: 0x000002d1c3381000

Marking Bits (Prev, Next): (CMBitMap*) 0x000002d1acd42980, (CMBitMap*) 0x000002d1acd429c0
 Prev Bits: [0x000002d1c7b70000, 0x000002d1cb9f8000)
 Next Bits: [0x000002d1cba00000, 0x000002d1cf888000)

Polling page: 0x000002d1acd90000

Metaspace:

Usage:
  Non-class:      2.72 MB used.
      Class:    310.02 KB used.
       Both:      3.02 MB used.

Virtual space:
  Non-class space:       64.00 MB reserved,       2.81 MB (  4%) committed,  1 nodes.
      Class space:        1.00 GB reserved,     384.00 KB ( <1%) committed,  1 nodes.
             Both:        1.06 GB reserved,       3.19 MB ( <1%) committed. 

Chunk freelists:
   Non-Class:  2.95 MB
       Class:  3.58 MB
        Both:  6.53 MB

MaxMetaspaceSize: unlimited
CompressedClassSpaceSize: 1.00 GB
Initial GC threshold: 21.00 MB
Current GC threshold: 21.00 MB
CDS: on
MetaspaceReclaimPolicy: balanced
 - commit_granule_bytes: 65536.
 - commit_granule_words: 8192.
 - virtual_space_node_default_size: 8388608.
 - enlarge_chunks_in_place: 1.
 - new_chunks_are_fully_committed: 0.
 - uncommit_free_chunks: 1.
 - use_allocation_guard: 0.


Internal statistics:

num_allocs_failed_limit: 0.
num_arena_births: 32.
num_arena_deaths: 0.
num_vsnodes_births: 2.
num_vsnodes_deaths: 0.
num_space_committed: 51.
num_space_uncommitted: 0.
num_chunks_returned_to_freelist: 0.
num_chunks_taken_from_freelist: 98.
num_chunk_merges: 0.
num_chunk_splits: 58.
num_chunks_enlarged: 40.
num_inconsistent_stats: 0.

CodeHeap 'non-profiled nmethods': size=119168Kb used=267Kb max_used=267Kb free=118900Kb
 bounds [0x000002d1bdfa0000, 0x000002d1be210000, 0x000002d1c5400000]
CodeHeap 'profiled nmethods': size=119104Kb used=1602Kb max_used=1602Kb free=117501Kb
 bounds [0x000002d1b6400000, 0x000002d1b6670000, 0x000002d1bd850000]
CodeHeap 'non-nmethods': size=7488Kb used=2931Kb max_used=2948Kb free=4556Kb
 bounds [0x000002d1bd850000, 0x000002d1bdb40000, 0x000002d1bdfa0000]
 total_blobs=1342 nmethods=890 adapters=360
 compilation: enabled
              stopped_count=0, restarted_count=0
 full_count=0

Compilation events (20 events):
Event: 0.226 Thread 0x000002d1d70d0ff0  864       3       java.lang.invoke.MethodHandles$Lookup::checkSymbolicClass (25 bytes)
Event: 0.226 Thread 0x000002d1d7578bc0  823       4       jdk.internal.jimage.ImageStringsReader::unmaskedHashCode (166 bytes)
Event: 0.226 Thread 0x000002d1d70d0ff0 nmethod 864 0x000002d1b6572010 code [0x000002d1b65721e0, 0x000002d1b6572448]
Event: 0.227 Thread 0x000002d1d70d0ff0  865       3       java.util.regex.Pattern::isSupplementary (21 bytes)
Event: 0.227 Thread 0x000002d1d6c17dc0  866       3       java.lang.Character::isSurrogate (18 bytes)
Event: 0.227 Thread 0x000002d1d229e5a0  867       3       java.util.regex.Pattern::peek (26 bytes)
Event: 0.227 Thread 0x000002d1d6c17dc0 nmethod 866 0x000002d1b6572590 code [0x000002d1b6572720, 0x000002d1b6572898]
Event: 0.227 Thread 0x000002d1d70d0ff0 nmethod 865 0x000002d1b6572910 code [0x000002d1b6572ac0, 0x000002d1b6572d38]
Event: 0.227 Thread 0x000002d1d6c17dc0  869       3       sun.invoke.util.BytecodeDescriptor::unparse (24 bytes)
Event: 0.227 Thread 0x000002d1d229e5a0 nmethod 867 0x000002d1b6572e10 code [0x000002d1b6572fc0, 0x000002d1b6573228]
Event: 0.227 Thread 0x000002d1d6c17dc0 nmethod 869 0x000002d1b6573390 code [0x000002d1b6573560, 0x000002d1b6573768]
Event: 0.227 Thread 0x000002d1d6fc7b70 nmethod 839 0x000002d1bdfddd90 code [0x000002d1bdfddf20, 0x000002d1bdfde218]
Event: 0.227 Thread 0x000002d1d6fc7b70  825       4       java.lang.invoke.MethodType::parameterCount (6 bytes)
Event: 0.228 Thread 0x000002d1d6fc7b70 nmethod 825 0x000002d1bdfded10 code [0x000002d1bdfdeea0, 0x000002d1bdfdef38]
Event: 0.228 Thread 0x000002d1d6fc7b70  850   !   4       jdk.internal.loader.URLClassPath$JarLoader::getResource (65 bytes)
Event: 0.228 Thread 0x000002d1d7578bc0 nmethod 823 0x000002d1bdfdf010 code [0x000002d1bdfdf1a0, 0x000002d1bdfdf348]
Event: 0.228 Thread 0x000002d1d7578bc0  856       4       jdk.internal.org.objectweb.asm.SymbolTable::get (13 bytes)
Event: 0.228 Thread 0x000002d1d7578bc0 nmethod 856 0x000002d1bdfdf590 code [0x000002d1bdfdf720, 0x000002d1bdfdf7f8]
Event: 0.229 Thread 0x000002d1d229e5a0  874       3       jdk.internal.org.objectweb.asm.AnnotationWriter::putAnnotations (67 bytes)
Event: 0.229 Thread 0x000002d1d229e5a0 nmethod 874 0x000002d1b6573810 code [0x000002d1b6573a40, 0x000002d1b6573e78]

GC Heap History (0 events):
No events

Dll operation events (8 events):
Event: 0.004 Loaded shared library C:\Program Files\Java\jdk-19\bin\java.dll
Event: 0.011 Loaded shared library C:\Program Files\Java\jdk-19\bin\jsvml.dll
Event: 0.037 Loaded shared library C:\Program Files\Java\jdk-19\bin\net.dll
Event: 0.038 Loaded shared library C:\Program Files\Java\jdk-19\bin\nio.dll
Event: 0.040 Loaded shared library C:\Program Files\Java\jdk-19\bin\zip.dll
Event: 0.070 Loaded shared library C:\Program Files\Java\jdk-19\bin\management.dll
Event: 0.072 Loaded shared library C:\Program Files\Java\jdk-19\bin\management_ext.dll
Event: 0.083 Loaded shared library C:\Program Files\Java\jdk-19\bin\jimage.dll

Deoptimization events (20 events):
Event: 0.167 Thread 0x000002d1acccf980 DEOPT PACKING pc=0x000002d1bdfa7024 sp=0x000000f7b12fe740
Event: 0.167 Thread 0x000002d1acccf980 DEOPT UNPACKING pc=0x000002d1bd8b6da3 sp=0x000000f7b12fe658 mode 2
Event: 0.167 Thread 0x000002d1acccf980 Uncommon trap: trap_request=0xffffff45 fr.pc=0x000002d1bdfa762c relative=0x00000000000001ec
Event: 0.167 Thread 0x000002d1acccf980 Uncommon trap: reason=unstable_if action=reinterpret pc=0x000002d1bdfa762c method=java.lang.AbstractStringBuilder.isLatin1()Z @ 10 c2
Event: 0.167 Thread 0x000002d1acccf980 DEOPT PACKING pc=0x000002d1bdfa762c sp=0x000000f7b12fe6e0
Event: 0.167 Thread 0x000002d1acccf980 DEOPT UNPACKING pc=0x000002d1bd8b6da3 sp=0x000000f7b12fe650 mode 2
Event: 0.167 Thread 0x000002d1acccf980 Uncommon trap: trap_request=0xffffff45 fr.pc=0x000002d1bdfb5a7c relative=0x000000000000005c
Event: 0.167 Thread 0x000002d1acccf980 Uncommon trap: reason=unstable_if action=reinterpret pc=0x000002d1bdfb5a7c method=java.lang.AbstractStringBuilder.isLatin1()Z @ 10 c2
Event: 0.167 Thread 0x000002d1acccf980 DEOPT PACKING pc=0x000002d1bdfb5a7c sp=0x000000f7b12fe6b0
Event: 0.167 Thread 0x000002d1acccf980 DEOPT UNPACKING pc=0x000002d1bd8b6da3 sp=0x000000f7b12fe640 mode 2
Event: 0.187 Thread 0x000002d1acccf980 Uncommon trap: trap_request=0xffffff45 fr.pc=0x000002d1bdfc3fe4 relative=0x0000000000000144
Event: 0.187 Thread 0x000002d1acccf980 Uncommon trap: reason=unstable_if action=reinterpret pc=0x000002d1bdfc3fe4 method=java.util.concurrent.locks.ReentrantLock$NonfairSync.initialTryLock()Z @ 10 c2
Event: 0.187 Thread 0x000002d1acccf980 DEOPT PACKING pc=0x000002d1bdfc3fe4 sp=0x000000f7b12feba0
Event: 0.187 Thread 0x000002d1acccf980 DEOPT UNPACKING pc=0x000002d1bd8b6da3 sp=0x000000f7b12feb48 mode 2
Event: 0.187 Thread 0x000002d1acccf980 Uncommon trap: trap_request=0xffffff45 fr.pc=0x000002d1bdfc38e8 relative=0x00000000000000c8
Event: 0.187 Thread 0x000002d1acccf980 Uncommon trap: reason=unstable_if action=reinterpret pc=0x000002d1bdfc38e8 method=java.util.concurrent.locks.ReentrantLock$Sync.tryRelease(I)Z @ 26 c2
Event: 0.187 Thread 0x000002d1acccf980 DEOPT PACKING pc=0x000002d1bdfc38e8 sp=0x000000f7b12fe8f0
Event: 0.187 Thread 0x000002d1acccf980 DEOPT UNPACKING pc=0x000002d1bd8b6da3 sp=0x000000f7b12fe890 mode 2
Event: 0.207 Thread 0x000002d1acccf980 DEOPT PACKING pc=0x000002d1b646e95e sp=0x000000f7b12fd490
Event: 0.207 Thread 0x000002d1acccf980 DEOPT UNPACKING pc=0x000002d1bd8b7543 sp=0x000000f7b12fc968 mode 0

Classes loaded (20 events):
Event: 0.225 Loading class java/util/stream/MatchOps$MatchKind
Event: 0.225 Loading class java/util/stream/MatchOps$MatchKind done
Event: 0.225 Loading class java/util/stream/MatchOps
Event: 0.225 Loading class java/util/stream/MatchOps done
Event: 0.225 Loading class java/util/stream/MatchOps$MatchOp
Event: 0.225 Loading class java/util/stream/MatchOps$MatchOp done
Event: 0.225 Loading class java/util/stream/MatchOps$BooleanTerminalSink
Event: 0.225 Loading class java/util/stream/MatchOps$BooleanTerminalSink done
Event: 0.226 Loading class java/util/stream/MatchOps$1MatchSink
Event: 0.226 Loading class java/util/stream/MatchOps$1MatchSink done
Event: 0.227 Loading class java/io/UnsupportedEncodingException
Event: 0.227 Loading class java/io/UnsupportedEncodingException done
Event: 0.228 Loading class java/util/Formatter$FixedString
Event: 0.228 Loading class java/util/Formatter$FixedString done
Event: 0.229 Loading class java/net/URLEncoder
Event: 0.229 Loading class java/net/URLEncoder done
Event: 0.229 Loading class java/util/BitSet
Event: 0.229 Loading class java/util/BitSet done
Event: 0.230 Loading class java/io/CharArrayWriter
Event: 0.230 Loading class java/io/CharArrayWriter done

Classes unloaded (0 events):
No events

Classes redefined (0 events):
No events

Internal exceptions (8 events):
Event: 0.068 Thread 0x000002d1acccf980 Exception <a 'java/lang/NoSuchMethodError'{0x00000007157cae48}: 'java.lang.Object java.lang.invoke.DirectMethodHandle$Holder.invokeStaticInit(java.lang.Object)'> (0x00000007157cae48) 
thrown [s\open\src\hotspot\share\interpreter\linkResolver.cpp, line 774]
Event: 0.077 Thread 0x000002d1acccf980 Exception <a 'java/lang/NoSuchMethodError'{0x00000007157f7890}: 'int java.lang.invoke.DirectMethodHandle$Holder.invokeSpecial(java.lang.Object, java.lang.Object, java.lang.Object)'> (0x00000007157f7890) 
thrown [s\open\src\hotspot\share\interpreter\linkResolver.cpp, line 774]
Event: 0.194 Thread 0x000002d1acccf980 Exception <a 'java/lang/NoSuchMethodError'{0x0000000714aa0860}: 'void java.lang.invoke.DirectMethodHandle$Holder.invokeStatic(java.lang.Object, java.lang.Object, java.lang.Object)'> (0x0000000714aa0860) 
thrown [s\open\src\hotspot\share\interpreter\linkResolver.cpp, line 774]
Event: 0.195 Thread 0x000002d1acccf980 Exception <a 'java/lang/NoSuchMethodError'{0x0000000714aa9250}: 'void java.lang.invoke.DirectMethodHandle$Holder.invokeSpecial(java.lang.Object, java.lang.Object, java.lang.Object)'> (0x0000000714aa9250) 
thrown [s\open\src\hotspot\share\interpreter\linkResolver.cpp, line 774]
Event: 0.220 Thread 0x000002d1acccf980 Exception <a 'java/lang/NoSuchMethodError'{0x000000071481dcd0}: 'java.lang.Object java.lang.invoke.DirectMethodHandle$Holder.invokeVirtual(java.lang.Object, java.lang.Object, java.lang.Object)'> (0x000000071481dcd0) 
thrown [s\open\src\hotspot\share\interpreter\linkResolver.cpp, line 774]
Event: 0.221 Thread 0x000002d1acccf980 Exception <a 'java/lang/NoSuchMethodError'{0x000000071482f648}: 'java.lang.Object java.lang.invoke.DirectMethodHandle$Holder.invokeInterface(java.lang.Object, java.lang.Object)'> (0x000000071482f648) 
thrown [s\open\src\hotspot\share\interpreter\linkResolver.cpp, line 774]
Event: 0.225 Thread 0x000002d1acccf980 Exception <a 'java/lang/NoSuchMethodError'{0x00000007148525e0}: 'int java.lang.invoke.DirectMethodHandle$Holder.invokeVirtual(java.lang.Object, java.lang.Object)'> (0x00000007148525e0) 
thrown [s\open\src\hotspot\share\interpreter\linkResolver.cpp, line 774]
Event: 0.229 Thread 0x000002d1acccf980 Exception <a 'java/lang/NoSuchMethodError'{0x00000007148715e0}: 'java.lang.Object java.lang.invoke.DirectMethodHandle$Holder.invokeStaticInit(java.lang.Object, int)'> (0x00000007148715e0) 
thrown [s\open\src\hotspot\share\interpreter\linkResolver.cpp, line 774]

VM Operations (8 events):
Event: 0.040 Executing VM operation: HandshakeAllThreads
Event: 0.040 Executing VM operation: HandshakeAllThreads done
Event: 0.128 Executing VM operation: HandshakeAllThreads
Event: 0.128 Executing VM operation: HandshakeAllThreads done
Event: 0.163 Executing VM operation: HandshakeAllThreads
Event: 0.163 Executing VM operation: HandshakeAllThreads done
Event: 0.191 Executing VM operation: HandshakeAllThreads
Event: 0.191 Executing VM operation: HandshakeAllThreads done

Events (19 events):
Event: 0.011 Thread 0x000002d1acccf980 Thread added: 0x000002d1acccf980
Event: 0.021 Thread 0x000002d1d22c4e90 Thread added: 0x000002d1d22c4e90
Event: 0.021 Thread 0x000002d1d22c5890 Thread added: 0x000002d1d22c5890
Event: 0.021 Thread 0x000002d1d22c82a0 Thread added: 0x000002d1d22c82a0
Event: 0.021 Thread 0x000002d1d22c99f0 Thread added: 0x000002d1d22c99f0
Event: 0.021 Thread 0x000002d1d22cc140 Thread added: 0x000002d1d22cc140
Event: 0.021 Thread 0x000002d1d22ce690 Thread added: 0x000002d1d22ce690
Event: 0.021 Thread 0x000002d1d6c175c0 Thread added: 0x000002d1d6c175c0
Event: 0.021 Thread 0x000002d1d6c17dc0 Thread added: 0x000002d1d6c17dc0
Event: 0.021 Thread 0x000002d1d6c1be30 Thread added: 0x000002d1d6c1be30
Event: 0.030 Thread 0x000002d1d229e5a0 Thread added: 0x000002d1d229e5a0
Event: 0.034 Thread 0x000002d1d6c1b390 Thread added: 0x000002d1d6c1b390
Event: 0.035 Thread 0x000002d1d6c1a8f0 Thread added: 0x000002d1d6c1a8f0
Event: 0.045 Thread 0x000002d1d6dd0340 Thread added: 0x000002d1d6dd0340
Event: 0.100 Thread 0x000002d1d6fc7b70 Thread added: 0x000002d1d6fc7b70
Event: 0.135 Thread 0x000002d1d6c1ae40 Thread added: 0x000002d1d6c1ae40
Event: 0.142 Thread 0x000002d1d6c1b8e0 Thread added: 0x000002d1d6c1b8e0
Event: 0.160 Thread 0x000002d1d70d0ff0 Thread added: 0x000002d1d70d0ff0
Event: 0.222 Thread 0x000002d1d7578bc0 Thread added: 0x000002d1d7578bc0


Dynamic libraries:
0x00007ff66c150000 - 0x00007ff66c160000 	C:\Program Files\Java\jdk-19\bin\java.exe
0x00007ff936450000 - 0x00007ff936667000 	C:\WINDOWS\SYSTEM32\ntdll.dll
0x00007ff934320000 - 0x00007ff9343e4000 	C:\WINDOWS\System32\KERNEL32.DLL
0x00007ff933940000 - 0x00007ff933cf7000 	C:\WINDOWS\System32\KERNELBASE.dll
0x00007ff933d00000 - 0x00007ff933e11000 	C:\WINDOWS\System32\ucrtbase.dll
0x00007ff91de00000 - 0x00007ff91de18000 	C:\Program Files\Java\jdk-19\bin\jli.dll
0x00007ff91d8b0000 - 0x00007ff91d8cb000 	C:\Program Files\Java\jdk-19\bin\VCRUNTIME140.dll
0x00007ff935840000 - 0x00007ff9358f2000 	C:\WINDOWS\System32\ADVAPI32.dll
0x00007ff9359d0000 - 0x00007ff935a77000 	C:\WINDOWS\System32\msvcrt.dll
0x00007ff935900000 - 0x00007ff9359a8000 	C:\WINDOWS\System32\sechost.dll
0x00007ff933f90000 - 0x00007ff933fb8000 	C:\WINDOWS\System32\bcrypt.dll
0x00007ff934400000 - 0x00007ff934514000 	C:\WINDOWS\System32\RPCRT4.dll
0x00007ff935650000 - 0x00007ff9357ff000 	C:\WINDOWS\System32\USER32.dll
0x00007ff933f60000 - 0x00007ff933f86000 	C:\WINDOWS\System32\win32u.dll
0x00007ff91c900000 - 0x00007ff91cb93000 	C:\WINDOWS\WinSxS\amd64_microsoft.windows.common-controls_6595b64144ccf1df_6.0.22621.3672_none_2713b9d173822955\COMCTL32.dll
0x00007ff935800000 - 0x00007ff935829000 	C:\WINDOWS\System32\GDI32.dll
0x00007ff934030000 - 0x00007ff934148000 	C:\WINDOWS\System32\gdi32full.dll
0x00007ff9338a0000 - 0x00007ff93393a000 	C:\WINDOWS\System32\msvcp_win.dll
0x00007ff92b130000 - 0x00007ff92b13a000 	C:\WINDOWS\SYSTEM32\VERSION.dll
0x00007ff935610000 - 0x00007ff935641000 	C:\WINDOWS\System32\IMM32.DLL
0x00007ff92ced0000 - 0x00007ff92cedc000 	C:\Program Files\Java\jdk-19\bin\vcruntime140_1.dll
0x00007ff8ff0f0000 - 0x00007ff8ff17e000 	C:\Program Files\Java\jdk-19\bin\msvcp140.dll
0x00007ff8abf10000 - 0x00007ff8acbd0000 	C:\Program Files\Java\jdk-19\bin\server\jvm.dll
0x00007ff930170000 - 0x00007ff930179000 	C:\WINDOWS\SYSTEM32\WSOCK32.dll
0x00007ff92c4c0000 - 0x00007ff92c4f4000 	C:\WINDOWS\SYSTEM32\WINMM.dll
0x00007ff935bd0000 - 0x00007ff935c41000 	C:\WINDOWS\System32\WS2_32.dll
0x00007ff932870000 - 0x00007ff932888000 	C:\WINDOWS\SYSTEM32\kernel.appcore.dll
0x00007ff92ce80000 - 0x00007ff92ce8a000 	C:\Program Files\Java\jdk-19\bin\jimage.dll
0x00007ff930a50000 - 0x00007ff930c82000 	C:\WINDOWS\SYSTEM32\DBGHELP.DLL
0x00007ff935230000 - 0x00007ff9355be000 	C:\WINDOWS\System32\combase.dll
0x00007ff935f90000 - 0x00007ff936067000 	C:\WINDOWS\System32\OLEAUT32.dll
0x00007ff928f90000 - 0x00007ff928fc2000 	C:\WINDOWS\SYSTEM32\dbgcore.DLL
0x00007ff933ee0000 - 0x00007ff933f5b000 	C:\WINDOWS\System32\bcryptPrimitives.dll
0x00007ff91d010000 - 0x00007ff91d036000 	C:\Program Files\Java\jdk-19\bin\java.dll
0x00007ff8feed0000 - 0x00007ff8fefa7000 	C:\Program Files\Java\jdk-19\bin\jsvml.dll
0x00007ff9349c0000 - 0x00007ff935229000 	C:\WINDOWS\System32\SHELL32.dll
0x00007ff931670000 - 0x00007ff931f6f000 	C:\WINDOWS\SYSTEM32\windows.storage.dll
0x00007ff931530000 - 0x00007ff93166f000 	C:\WINDOWS\SYSTEM32\wintypes.dll
0x00007ff935e90000 - 0x00007ff935f89000 	C:\WINDOWS\System32\SHCORE.dll
0x00007ff935d50000 - 0x00007ff935dae000 	C:\WINDOWS\System32\shlwapi.dll
0x00007ff933660000 - 0x00007ff933687000 	C:\WINDOWS\SYSTEM32\profapi.dll
0x00007ff91d870000 - 0x00007ff91d883000 	C:\Program Files\Java\jdk-19\bin\net.dll
0x00007ff92f1b0000 - 0x00007ff92f2e6000 	C:\WINDOWS\SYSTEM32\WINHTTP.dll
0x00007ff932ce0000 - 0x00007ff932d49000 	C:\WINDOWS\system32\mswsock.dll
0x00007ff91d830000 - 0x00007ff91d846000 	C:\Program Files\Java\jdk-19\bin\nio.dll
0x00007ff91d0a0000 - 0x00007ff91d0b8000 	C:\Program Files\Java\jdk-19\bin\zip.dll
0x00007ff91d450000 - 0x00007ff91d45a000 	C:\Program Files\Java\jdk-19\bin\management.dll
0x00007ff91d000000 - 0x00007ff91d00b000 	C:\Program Files\Java\jdk-19\bin\management_ext.dll
0x00007ff9343f0000 - 0x00007ff9343f8000 	C:\WINDOWS\System32\PSAPI.DLL
0x00007ff8e5cd0000 - 0x00007ff8e5ce7000 	C:\WINDOWS\system32\napinsp.dll
0x00007ff8c5230000 - 0x00007ff8c524b000 	C:\WINDOWS\system32\pnrpnsp.dll
0x00007ff9322b0000 - 0x00007ff9323b2000 	C:\WINDOWS\SYSTEM32\DNSAPI.dll
0x00007ff932240000 - 0x00007ff93226d000 	C:\WINDOWS\SYSTEM32\IPHLPAPI.DLL
0x00007ff935830000 - 0x00007ff935839000 	C:\WINDOWS\System32\NSI.dll
0x00007ff8c5210000 - 0x00007ff8c5221000 	C:\WINDOWS\System32\winrnr.dll
0x00007ff92db30000 - 0x00007ff92db45000 	C:\WINDOWS\system32\wshbth.dll
0x00007ff8ec0c0000 - 0x00007ff8ec0e7000 	C:\WINDOWS\system32\nlansp_c.dll

dbghelp: loaded successfully - version: 4.0.5 - missing functions: none
symbol engine: initialized successfully - sym options: 0x614 - pdb path: .;C:\Program Files\Java\jdk-19\bin;C:\WINDOWS\SYSTEM32;C:\WINDOWS\WinSxS\amd64_microsoft.windows.common-controls_6595b64144ccf1df_6.0.22621.3672_none_2713b9d173822955;C:\Program Files\Java\jdk-19\bin\server

VM Arguments:
java_command: C:\Users\99293\AppData\Local\Temp\surefire12350321060086985065\surefirebooter-20241030195416864_3.jar C:\Users\99293\AppData\Local\Temp\surefire12350321060086985065 2024-10-30T19-54-16_740-jvmRun1 surefire-20241030195416864_1tmp surefire_0-20241030195416864_2tmp
java_class_path (initial): C:\Users\99293\AppData\Local\Temp\surefire12350321060086985065\surefirebooter-20241030195416864_3.jar
Launcher Type: SUN_STANDARD

[Global flags]
     intx CICompilerCount                          = 12                                        {product} {ergonomic}
     uint ConcGCThreads                            = 3                                         {product} {ergonomic}
     uint G1ConcRefinementThreads                  = 13                                        {product} {ergonomic}
   size_t G1HeapRegionSize                         = 2097152                                   {product} {ergonomic}
    uintx GCDrainStackTargetSize                   = 64                                        {product} {ergonomic}
   size_t InitialHeapSize                          = 264241152                                 {product} {ergonomic}
   size_t MarkStackSize                            = 4194304                                   {product} {ergonomic}
   size_t MaxHeapSize                              = 4196401152                                {product} {ergonomic}
   size_t MaxNewSize                               = 2516582400                                {product} {ergonomic}
   size_t MinHeapDeltaBytes                        = 2097152                                   {product} {ergonomic}
   size_t MinHeapSize                              = 8388608                                   {product} {ergonomic}
    uintx NonNMethodCodeHeapSize                   = 7602480                                {pd product} {ergonomic}
    uintx NonProfiledCodeHeapSize                  = 122027880                              {pd product} {ergonomic}
    uintx ProfiledCodeHeapSize                     = 122027880                              {pd product} {ergonomic}
    uintx ReservedCodeCacheSize                    = 251658240                              {pd product} {ergonomic}
     bool SegmentedCodeCache                       = true                                      {product} {ergonomic}
   size_t SoftMaxHeapSize                          = 4196401152                             {manageable} {ergonomic}
     bool UseCompressedClassPointers               = true                           {product lp64_product} {ergonomic}
     bool UseCompressedOops                        = true                           {product lp64_product} {ergonomic}
     bool UseG1GC                                  = true                                      {product} {ergonomic}
     bool UseLargePagesIndividualAllocation        = false                                  {pd product} {ergonomic}

Logging:
Log output configuration:
 #0: stdout all=warning uptime,level,tags foldmultilines=false
 #1: stderr all=off uptime,level,tags foldmultilines=false

Environment Variables:
JAVA_HOME=C:\Program Files\Java\jdk-19
PATH=C:\Program Files\Common Files\Oracle\Java\javapath;C:\Windows\system32;C:\Windows;C:\Windows\System32\Wbem;C:\Windows\System32\WindowsPowerShell\v1.0\;C:\Windows\System32\OpenSSH\;C:\Program Files (x86)\NVIDIA Corporation\PhysX\Common;C:\Program Files\NVIDIA Corporation\NVIDIA NvDLISR;C:\Program Files\Git\cmd;C:\Program Files (x86)\dotnet\;C:\WINDOWS\system32;C:\WINDOWS;C:\WINDOWS\System32\Wbem;C:\WINDOWS\System32\WindowsPowerShell\v1.0\;C:\WINDOWS\System32\OpenSSH\;C:\Program Files\Java\jdk-19\bin;C:\Users\99293\AppData\Local\Programs\Python\Python311\Scripts\;C:\Users\99293\AppData\Local\Programs\Python\Python311\;C:\Users\99293\AppData\Local\Microsoft\WindowsApps;;C:\Program Files\JetBrains\IntelliJ IDEA 2022.1.2\bin;;C:\Program Files\heroku\bin
USERNAME=ASUS
OS=Windows_NT
PROCESSOR_IDENTIFIER=Intel64 Family 6 Model 154 Stepping 3, GenuineIntel
TMP=C:\Users\99293\AppData\Local\Temp
TEMP=C:\Users\99293\AppData\Local\Temp



---------------  S Y S T E M  ---------------

OS:
 Windows 11 , 64 bit Build 22621 (10.0.22621.3958)
OS uptime: 1 days 2:05 hours
Hyper-V role detected

CPU: total 16 (initial active 16) (8 cores per cpu, 2 threads per core) family 6 model 154 stepping 3 microcode 0x41c, cx8, cmov, fxsr, ht, mmx, 3dnowpref, sse, sse2, sse3, ssse3, sse4.1, sse4.2, popcnt, lzcnt, tsc, tscinvbit, avx, avx2, aes, erms, clmul, bmi1, bmi2, adx, sha, fma, vzeroupper, clflush, clflushopt, clwb, hv, serialize, rdtscp, rdpid, fsrm

Memory: 4k page, system-wide physical 16005M (2509M free)
TotalPageFile size 18053M (AvailPageFile size 164M)
current process WorkingSet (physical memory assigned to process): 70M, peak: 70M
current process commit charge ("private bytes"): 369M, peak: 369M

vm_info: Java HotSpot(TM) 64-Bit Server VM (19.0.2+7-44) for windows-amd64 JRE (19.0.2+7-44), built on 2022-11-30T18:02:09Z by "mach5one" with MS VC++ 17.1 (VS2022)

END.
