#
# There is insufficient memory for the Java Runtime Environment to continue.
# Native memory allocation (malloc) failed to allocate 85376 bytes for Chunk::new
# Possible reasons:
#   The system is out of physical RAM or swap space
#   The process is running with CompressedOops enabled, and the Java Heap may be blocking the growth of the native heap
# Possible solutions:
#   Reduce memory load on the system
#   Increase physical memory or swap space
#   Check if swap backing store is full
#   Decrease Java heap size (-Xmx/-Xms)
#   Decrease number of Java threads
#   Decrease Java thread stack sizes (-Xss)
#   Set larger code cache with -XX:ReservedCodeCacheSize=
#   JVM is running with Zero Based Compressed Oops mode in which the Java heap is
#     placed in the first 32GB address space. The Java Heap base address is the
#     maximum limit for the native heap growth. Please use -XX:HeapBaseMinAddress
#     to set the Java Heap base and to place the Java Heap above 32GB virtual address.
# This output file may be truncated or incomplete.
#
#  Out of Memory Error (arena.cpp:184), pid=22080, tid=3712
#
# JRE version: Java(TM) SE Runtime Environment (19.0.2+7) (build 19.0.2+7-44)
# Java VM: Java HotSpot(TM) 64-Bit Server VM (19.0.2+7-44, mixed mode, sharing, tiered, compressed oops, compressed class ptrs, g1 gc, windows-amd64)
# No core dump will be written. Minidumps are not enabled by default on client versions of Windows
#

---------------  S U M M A R Y ------------

Command Line: C:\Users\99293\AppData\Local\Temp\surefire9866523780665771048\surefirebooter-20241219220558633_3.jar C:\Users\99293\AppData\Local\Temp\surefire9866523780665771048 2024-12-19T22-05-58_518-jvmRun1 surefire-20241219220558633_1tmp surefire_0-20241219220558633_2tmp

Host: 12th Gen Intel(R) Core(TM) i7-12650H, 16 cores, 15G,  Windows 11 , 64 bit Build 22621 (10.0.22621.4391)
Time: Thu Dec 19 22:05:58 2024  Windows 11 , 64 bit Build 22621 (10.0.22621.4391) elapsed time: 0.123602 seconds (0d 0h 0m 0s)

---------------  T H R E A D  ---------------

Current thread (0x0000013f9777ffc0):  JavaThread "C2 CompilerThread0" daemon [_thread_in_native, id=3712, stack(0x000000146a400000,0x000000146a500000)]


Current CompileTask:
C2:    123  409       4       java.lang.StringLatin1::indexOf (121 bytes)

Stack: [0x000000146a400000,0x000000146a500000]
Native frames: (J=compiled Java code, j=interpreted, Vv=VM code, C=native code)
V  [jvm.dll+0x6ee21a]
V  [jvm.dll+0x85765e]
V  [jvm.dll+0x85904e]
V  [jvm.dll+0x859703]
V  [jvm.dll+0x28298f]
V  [jvm.dll+0xc9adf]
V  [jvm.dll+0xc9e65]
V  [jvm.dll+0x3bca4c]
V  [jvm.dll+0x3860e1]
V  [jvm.dll+0x38555a]
V  [jvm.dll+0x24c3d9]
V  [jvm.dll+0x24b781]
V  [jvm.dll+0x1d6ce1]
V  [jvm.dll+0x25b25a]
V  [jvm.dll+0x2596e8]
V  [jvm.dll+0x807588]
V  [jvm.dll+0x80125a]
V  [jvm.dll+0x6ecf0b]
C  [ucrtbase.dll+0x29333]
C  [KERNEL32.DLL+0x1259d]
C  [ntdll.dll+0x5af38]


---------------  P R O C E S S  ---------------

Threads class SMR info:
_java_thread_list=0x0000013f9baea4c0, length=15, elements={
0x0000013ff3a7d990, 0x0000013f9776d130, 0x0000013f9776df20, 0x0000013f97772d30,
0x0000013f97774bd0, 0x0000013f97777510, 0x0000013f9777d350, 0x0000013f9777ffc0,
0x0000013f97788940, 0x0000013f9b918070, 0x0000013f9b9d6eb0, 0x0000013f9ba6fc40,
0x0000013f9ba78610, 0x0000013f9bb21810, 0x0000013f9bd7d8a0
}

Java Threads: ( => current thread )
  0x0000013ff3a7d990 JavaThread "main" [_thread_in_vm, id=5924, stack(0x0000001469700000,0x0000001469800000)]
  0x0000013f9776d130 JavaThread "Reference Handler" daemon [_thread_blocked, id=7380, stack(0x0000001469e00000,0x0000001469f00000)]
  0x0000013f9776df20 JavaThread "Finalizer" daemon [_thread_blocked, id=13068, stack(0x0000001469f00000,0x000000146a000000)]
  0x0000013f97772d30 JavaThread "Signal Dispatcher" daemon [_thread_blocked, id=19952, stack(0x000000146a000000,0x000000146a100000)]
  0x0000013f97774bd0 JavaThread "Attach Listener" daemon [_thread_blocked, id=22648, stack(0x000000146a100000,0x000000146a200000)]
  0x0000013f97777510 JavaThread "Service Thread" daemon [_thread_blocked, id=13400, stack(0x000000146a200000,0x000000146a300000)]
  0x0000013f9777d350 JavaThread "Monitor Deflation Thread" daemon [_thread_blocked, id=3624, stack(0x000000146a300000,0x000000146a400000)]
=>0x0000013f9777ffc0 JavaThread "C2 CompilerThread0" daemon [_thread_in_native, id=3712, stack(0x000000146a400000,0x000000146a500000)]
  0x0000013f97788940 JavaThread "C1 CompilerThread0" daemon [_thread_blocked, id=11028, stack(0x000000146a500000,0x000000146a600000)]
  0x0000013f9b918070 JavaThread "Sweeper thread" daemon [_thread_blocked, id=16792, stack(0x000000146a600000,0x000000146a700000)]
  0x0000013f9b9d6eb0 JavaThread "C1 CompilerThread1" daemon [_thread_in_vm, id=16860, stack(0x000000146a700000,0x000000146a800000)]
  0x0000013f9ba6fc40 JavaThread "Notification Thread" daemon [_thread_blocked, id=8940, stack(0x000000146a800000,0x000000146a900000)]
  0x0000013f9ba78610 JavaThread "Common-Cleaner" daemon [_thread_blocked, id=12740, stack(0x000000146aa00000,0x000000146ab00000)]
  0x0000013f9bb21810 JavaThread "C2 CompilerThread1" daemon [_thread_blocked, id=2108, stack(0x000000146ab00000,0x000000146ac00000)]
  0x0000013f9bd7d8a0 JavaThread "C2 CompilerThread2" daemon [_thread_blocked, id=3676, stack(0x000000146ac00000,0x000000146ad00000)]

Other Threads:
  0x0000013f97754a10 VMThread "VM Thread" [stack: 0x0000001469d00000,0x0000001469e00000] [id=20948]
  0x0000013f9ba761a0 WatcherThread "VM Periodic Task Thread" [stack: 0x000000146a900000,0x000000146aa00000] [id=19960]
  0x0000013ff3af0550 WorkerThread "GC Thread#0" [stack: 0x0000001469800000,0x0000001469900000] [id=20860]
  0x0000013ff3b01060 ConcurrentGCThread "G1 Main Marker" [stack: 0x0000001469900000,0x0000001469a00000] [id=8680]
  0x0000013ff3b02230 WorkerThread "G1 Conc#0" [stack: 0x0000001469a00000,0x0000001469b00000] [id=23496]
  0x0000013f9760d990 ConcurrentGCThread "G1 Refine#0" [stack: 0x0000001469b00000,0x0000001469c00000] [id=22856]
  0x0000013f9760e4d0 ConcurrentGCThread "G1 Service" [stack: 0x0000001469c00000,0x0000001469d00000] [id=15692]

Threads with active compile tasks:
C2 CompilerThread0      133  409       4       java.lang.StringLatin1::indexOf (121 bytes)
C1 CompilerThread1      133  423       3       java.lang.Class::getPackageName (81 bytes)

VM state: not at safepoint (normal execution)

VM Mutex/Monitor currently owned by a thread:  ([mutex/lock_event])
[0x0000013ff3a77aa0] Metaspace_lock - owner thread: 0x0000013f9b9d6eb0
[0x0000013ff3a78630] MethodData_lock - owner thread: 0x0000013f9b9d6eb0

Heap address: 0x0000000705e00000, size: 4002 MB, Compressed Oops mode: Zero based, Oop shift amount: 3

CDS archive(s) mapped at: [0x0000000800000000-0x0000000800c40000-0x0000000800c40000), size 12845056, SharedBaseAddress: 0x0000000800000000, ArchiveRelocationMode: 0.
Compressed class space mapped at: 0x0000000801000000-0x0000000841000000, reserved size: 1073741824
Narrow klass base: 0x0000000800000000, Narrow klass shift: 0, Narrow klass range: 0x100000000

GC Precious Log:
 CardTable entry size: 512
 Card Set container configuration: InlinePtr #cards 4 size 8 Array Of Cards #cards 16 size 48 Howl #buckets 8 coarsen threshold 3686 Howl Bitmap #cards 512 size 80 coarsen threshold 460 Card regions per heap region 1 cards per card region 4096
 CPUs: 16 total, 16 available
 Memory: 16004M
 Large Page Support: Disabled
 NUMA Support: Disabled
 Compressed Oops: Enabled (Zero based)
 Heap Region Size: 2M
 Heap Min Capacity: 8M
 Heap Initial Capacity: 252M
 Heap Max Capacity: 4002M
 Pre-touch: Disabled
 Parallel Workers: 13
 Concurrent Workers: 3
 Concurrent Refinement Workers: 13
 Periodic GC: Disabled

Heap:
 garbage-first heap   total 258048K, used 8192K [0x0000000705e00000, 0x0000000800000000)
  region size 2048K, 5 young (10240K), 0 survivors (0K)
 Metaspace       used 1321K, committed 1408K, reserved 1114112K
  class space    used 118K, committed 192K, reserved 1048576K

Heap Regions: E=young(eden), S=young(survivor), O=old, HS=humongous(starts), HC=humongous(continues), CS=collection set, F=free, OA=open archive, CA=closed archive, TAMS=top-at-mark-start (previous, next)
|   0|0x0000000705e00000, 0x0000000705e00000, 0x0000000706000000|  0%| F|  |TAMS 0x0000000705e00000, 0x0000000705e00000| Untracked 
|   1|0x0000000706000000, 0x0000000706000000, 0x0000000706200000|  0%| F|  |TAMS 0x0000000706000000, 0x0000000706000000| Untracked 
|   2|0x0000000706200000, 0x0000000706200000, 0x0000000706400000|  0%| F|  |TAMS 0x0000000706200000, 0x0000000706200000| Untracked 
|   3|0x0000000706400000, 0x0000000706400000, 0x0000000706600000|  0%| F|  |TAMS 0x0000000706400000, 0x0000000706400000| Untracked 
|   4|0x0000000706600000, 0x0000000706600000, 0x0000000706800000|  0%| F|  |TAMS 0x0000000706600000, 0x0000000706600000| Untracked 
|   5|0x0000000706800000, 0x0000000706800000, 0x0000000706a00000|  0%| F|  |TAMS 0x0000000706800000, 0x0000000706800000| Untracked 
|   6|0x0000000706a00000, 0x0000000706a00000, 0x0000000706c00000|  0%| F|  |TAMS 0x0000000706a00000, 0x0000000706a00000| Untracked 
|   7|0x0000000706c00000, 0x0000000706c00000, 0x0000000706e00000|  0%| F|  |TAMS 0x0000000706c00000, 0x0000000706c00000| Untracked 
|   8|0x0000000706e00000, 0x0000000706e00000, 0x0000000707000000|  0%| F|  |TAMS 0x0000000706e00000, 0x0000000706e00000| Untracked 
|   9|0x0000000707000000, 0x0000000707000000, 0x0000000707200000|  0%| F|  |TAMS 0x0000000707000000, 0x0000000707000000| Untracked 
|  10|0x0000000707200000, 0x0000000707200000, 0x0000000707400000|  0%| F|  |TAMS 0x0000000707200000, 0x0000000707200000| Untracked 
|  11|0x0000000707400000, 0x0000000707400000, 0x0000000707600000|  0%| F|  |TAMS 0x0000000707400000, 0x0000000707400000| Untracked 
|  12|0x0000000707600000, 0x0000000707600000, 0x0000000707800000|  0%| F|  |TAMS 0x0000000707600000, 0x0000000707600000| Untracked 
|  13|0x0000000707800000, 0x0000000707800000, 0x0000000707a00000|  0%| F|  |TAMS 0x0000000707800000, 0x0000000707800000| Untracked 
|  14|0x0000000707a00000, 0x0000000707a00000, 0x0000000707c00000|  0%| F|  |TAMS 0x0000000707a00000, 0x0000000707a00000| Untracked 
|  15|0x0000000707c00000, 0x0000000707c00000, 0x0000000707e00000|  0%| F|  |TAMS 0x0000000707c00000, 0x0000000707c00000| Untracked 
|  16|0x0000000707e00000, 0x0000000707e00000, 0x0000000708000000|  0%| F|  |TAMS 0x0000000707e00000, 0x0000000707e00000| Untracked 
|  17|0x0000000708000000, 0x0000000708000000, 0x0000000708200000|  0%| F|  |TAMS 0x0000000708000000, 0x0000000708000000| Untracked 
|  18|0x0000000708200000, 0x0000000708200000, 0x0000000708400000|  0%| F|  |TAMS 0x0000000708200000, 0x0000000708200000| Untracked 
|  19|0x0000000708400000, 0x0000000708400000, 0x0000000708600000|  0%| F|  |TAMS 0x0000000708400000, 0x0000000708400000| Untracked 
|  20|0x0000000708600000, 0x0000000708600000, 0x0000000708800000|  0%| F|  |TAMS 0x0000000708600000, 0x0000000708600000| Untracked 
|  21|0x0000000708800000, 0x0000000708800000, 0x0000000708a00000|  0%| F|  |TAMS 0x0000000708800000, 0x0000000708800000| Untracked 
|  22|0x0000000708a00000, 0x0000000708a00000, 0x0000000708c00000|  0%| F|  |TAMS 0x0000000708a00000, 0x0000000708a00000| Untracked 
|  23|0x0000000708c00000, 0x0000000708c00000, 0x0000000708e00000|  0%| F|  |TAMS 0x0000000708c00000, 0x0000000708c00000| Untracked 
|  24|0x0000000708e00000, 0x0000000708e00000, 0x0000000709000000|  0%| F|  |TAMS 0x0000000708e00000, 0x0000000708e00000| Untracked 
|  25|0x0000000709000000, 0x0000000709000000, 0x0000000709200000|  0%| F|  |TAMS 0x0000000709000000, 0x0000000709000000| Untracked 
|  26|0x0000000709200000, 0x0000000709200000, 0x0000000709400000|  0%| F|  |TAMS 0x0000000709200000, 0x0000000709200000| Untracked 
|  27|0x0000000709400000, 0x0000000709400000, 0x0000000709600000|  0%| F|  |TAMS 0x0000000709400000, 0x0000000709400000| Untracked 
|  28|0x0000000709600000, 0x0000000709600000, 0x0000000709800000|  0%| F|  |TAMS 0x0000000709600000, 0x0000000709600000| Untracked 
|  29|0x0000000709800000, 0x0000000709800000, 0x0000000709a00000|  0%| F|  |TAMS 0x0000000709800000, 0x0000000709800000| Untracked 
|  30|0x0000000709a00000, 0x0000000709a00000, 0x0000000709c00000|  0%| F|  |TAMS 0x0000000709a00000, 0x0000000709a00000| Untracked 
|  31|0x0000000709c00000, 0x0000000709c00000, 0x0000000709e00000|  0%| F|  |TAMS 0x0000000709c00000, 0x0000000709c00000| Untracked 
|  32|0x0000000709e00000, 0x0000000709e00000, 0x000000070a000000|  0%| F|  |TAMS 0x0000000709e00000, 0x0000000709e00000| Untracked 
|  33|0x000000070a000000, 0x000000070a000000, 0x000000070a200000|  0%| F|  |TAMS 0x000000070a000000, 0x000000070a000000| Untracked 
|  34|0x000000070a200000, 0x000000070a200000, 0x000000070a400000|  0%| F|  |TAMS 0x000000070a200000, 0x000000070a200000| Untracked 
|  35|0x000000070a400000, 0x000000070a400000, 0x000000070a600000|  0%| F|  |TAMS 0x000000070a400000, 0x000000070a400000| Untracked 
|  36|0x000000070a600000, 0x000000070a600000, 0x000000070a800000|  0%| F|  |TAMS 0x000000070a600000, 0x000000070a600000| Untracked 
|  37|0x000000070a800000, 0x000000070a800000, 0x000000070aa00000|  0%| F|  |TAMS 0x000000070a800000, 0x000000070a800000| Untracked 
|  38|0x000000070aa00000, 0x000000070aa00000, 0x000000070ac00000|  0%| F|  |TAMS 0x000000070aa00000, 0x000000070aa00000| Untracked 
|  39|0x000000070ac00000, 0x000000070ac00000, 0x000000070ae00000|  0%| F|  |TAMS 0x000000070ac00000, 0x000000070ac00000| Untracked 
|  40|0x000000070ae00000, 0x000000070ae00000, 0x000000070b000000|  0%| F|  |TAMS 0x000000070ae00000, 0x000000070ae00000| Untracked 
|  41|0x000000070b000000, 0x000000070b000000, 0x000000070b200000|  0%| F|  |TAMS 0x000000070b000000, 0x000000070b000000| Untracked 
|  42|0x000000070b200000, 0x000000070b200000, 0x000000070b400000|  0%| F|  |TAMS 0x000000070b200000, 0x000000070b200000| Untracked 
|  43|0x000000070b400000, 0x000000070b400000, 0x000000070b600000|  0%| F|  |TAMS 0x000000070b400000, 0x000000070b400000| Untracked 
|  44|0x000000070b600000, 0x000000070b600000, 0x000000070b800000|  0%| F|  |TAMS 0x000000070b600000, 0x000000070b600000| Untracked 
|  45|0x000000070b800000, 0x000000070b800000, 0x000000070ba00000|  0%| F|  |TAMS 0x000000070b800000, 0x000000070b800000| Untracked 
|  46|0x000000070ba00000, 0x000000070ba00000, 0x000000070bc00000|  0%| F|  |TAMS 0x000000070ba00000, 0x000000070ba00000| Untracked 
|  47|0x000000070bc00000, 0x000000070bc00000, 0x000000070be00000|  0%| F|  |TAMS 0x000000070bc00000, 0x000000070bc00000| Untracked 
|  48|0x000000070be00000, 0x000000070be00000, 0x000000070c000000|  0%| F|  |TAMS 0x000000070be00000, 0x000000070be00000| Untracked 
|  49|0x000000070c000000, 0x000000070c000000, 0x000000070c200000|  0%| F|  |TAMS 0x000000070c000000, 0x000000070c000000| Untracked 
|  50|0x000000070c200000, 0x000000070c200000, 0x000000070c400000|  0%| F|  |TAMS 0x000000070c200000, 0x000000070c200000| Untracked 
|  51|0x000000070c400000, 0x000000070c400000, 0x000000070c600000|  0%| F|  |TAMS 0x000000070c400000, 0x000000070c400000| Untracked 
|  52|0x000000070c600000, 0x000000070c600000, 0x000000070c800000|  0%| F|  |TAMS 0x000000070c600000, 0x000000070c600000| Untracked 
|  53|0x000000070c800000, 0x000000070c800000, 0x000000070ca00000|  0%| F|  |TAMS 0x000000070c800000, 0x000000070c800000| Untracked 
|  54|0x000000070ca00000, 0x000000070ca00000, 0x000000070cc00000|  0%| F|  |TAMS 0x000000070ca00000, 0x000000070ca00000| Untracked 
|  55|0x000000070cc00000, 0x000000070cc00000, 0x000000070ce00000|  0%| F|  |TAMS 0x000000070cc00000, 0x000000070cc00000| Untracked 
|  56|0x000000070ce00000, 0x000000070ce00000, 0x000000070d000000|  0%| F|  |TAMS 0x000000070ce00000, 0x000000070ce00000| Untracked 
|  57|0x000000070d000000, 0x000000070d000000, 0x000000070d200000|  0%| F|  |TAMS 0x000000070d000000, 0x000000070d000000| Untracked 
|  58|0x000000070d200000, 0x000000070d200000, 0x000000070d400000|  0%| F|  |TAMS 0x000000070d200000, 0x000000070d200000| Untracked 
|  59|0x000000070d400000, 0x000000070d400000, 0x000000070d600000|  0%| F|  |TAMS 0x000000070d400000, 0x000000070d400000| Untracked 
|  60|0x000000070d600000, 0x000000070d600000, 0x000000070d800000|  0%| F|  |TAMS 0x000000070d600000, 0x000000070d600000| Untracked 
|  61|0x000000070d800000, 0x000000070d800000, 0x000000070da00000|  0%| F|  |TAMS 0x000000070d800000, 0x000000070d800000| Untracked 
|  62|0x000000070da00000, 0x000000070da00000, 0x000000070dc00000|  0%| F|  |TAMS 0x000000070da00000, 0x000000070da00000| Untracked 
|  63|0x000000070dc00000, 0x000000070dc00000, 0x000000070de00000|  0%| F|  |TAMS 0x000000070dc00000, 0x000000070dc00000| Untracked 
|  64|0x000000070de00000, 0x000000070de00000, 0x000000070e000000|  0%| F|  |TAMS 0x000000070de00000, 0x000000070de00000| Untracked 
|  65|0x000000070e000000, 0x000000070e000000, 0x000000070e200000|  0%| F|  |TAMS 0x000000070e000000, 0x000000070e000000| Untracked 
|  66|0x000000070e200000, 0x000000070e200000, 0x000000070e400000|  0%| F|  |TAMS 0x000000070e200000, 0x000000070e200000| Untracked 
|  67|0x000000070e400000, 0x000000070e400000, 0x000000070e600000|  0%| F|  |TAMS 0x000000070e400000, 0x000000070e400000| Untracked 
|  68|0x000000070e600000, 0x000000070e600000, 0x000000070e800000|  0%| F|  |TAMS 0x000000070e600000, 0x000000070e600000| Untracked 
|  69|0x000000070e800000, 0x000000070e800000, 0x000000070ea00000|  0%| F|  |TAMS 0x000000070e800000, 0x000000070e800000| Untracked 
|  70|0x000000070ea00000, 0x000000070ea00000, 0x000000070ec00000|  0%| F|  |TAMS 0x000000070ea00000, 0x000000070ea00000| Untracked 
|  71|0x000000070ec00000, 0x000000070ec00000, 0x000000070ee00000|  0%| F|  |TAMS 0x000000070ec00000, 0x000000070ec00000| Untracked 
|  72|0x000000070ee00000, 0x000000070ee00000, 0x000000070f000000|  0%| F|  |TAMS 0x000000070ee00000, 0x000000070ee00000| Untracked 
|  73|0x000000070f000000, 0x000000070f000000, 0x000000070f200000|  0%| F|  |TAMS 0x000000070f000000, 0x000000070f000000| Untracked 
|  74|0x000000070f200000, 0x000000070f200000, 0x000000070f400000|  0%| F|  |TAMS 0x000000070f200000, 0x000000070f200000| Untracked 
|  75|0x000000070f400000, 0x000000070f400000, 0x000000070f600000|  0%| F|  |TAMS 0x000000070f400000, 0x000000070f400000| Untracked 
|  76|0x000000070f600000, 0x000000070f600000, 0x000000070f800000|  0%| F|  |TAMS 0x000000070f600000, 0x000000070f600000| Untracked 
|  77|0x000000070f800000, 0x000000070f800000, 0x000000070fa00000|  0%| F|  |TAMS 0x000000070f800000, 0x000000070f800000| Untracked 
|  78|0x000000070fa00000, 0x000000070fa00000, 0x000000070fc00000|  0%| F|  |TAMS 0x000000070fa00000, 0x000000070fa00000| Untracked 
|  79|0x000000070fc00000, 0x000000070fc00000, 0x000000070fe00000|  0%| F|  |TAMS 0x000000070fc00000, 0x000000070fc00000| Untracked 
|  80|0x000000070fe00000, 0x000000070fe00000, 0x0000000710000000|  0%| F|  |TAMS 0x000000070fe00000, 0x000000070fe00000| Untracked 
|  81|0x0000000710000000, 0x0000000710000000, 0x0000000710200000|  0%| F|  |TAMS 0x0000000710000000, 0x0000000710000000| Untracked 
|  82|0x0000000710200000, 0x0000000710200000, 0x0000000710400000|  0%| F|  |TAMS 0x0000000710200000, 0x0000000710200000| Untracked 
|  83|0x0000000710400000, 0x0000000710400000, 0x0000000710600000|  0%| F|  |TAMS 0x0000000710400000, 0x0000000710400000| Untracked 
|  84|0x0000000710600000, 0x0000000710600000, 0x0000000710800000|  0%| F|  |TAMS 0x0000000710600000, 0x0000000710600000| Untracked 
|  85|0x0000000710800000, 0x0000000710800000, 0x0000000710a00000|  0%| F|  |TAMS 0x0000000710800000, 0x0000000710800000| Untracked 
|  86|0x0000000710a00000, 0x0000000710a00000, 0x0000000710c00000|  0%| F|  |TAMS 0x0000000710a00000, 0x0000000710a00000| Untracked 
|  87|0x0000000710c00000, 0x0000000710c00000, 0x0000000710e00000|  0%| F|  |TAMS 0x0000000710c00000, 0x0000000710c00000| Untracked 
|  88|0x0000000710e00000, 0x0000000710e00000, 0x0000000711000000|  0%| F|  |TAMS 0x0000000710e00000, 0x0000000710e00000| Untracked 
|  89|0x0000000711000000, 0x0000000711000000, 0x0000000711200000|  0%| F|  |TAMS 0x0000000711000000, 0x0000000711000000| Untracked 
|  90|0x0000000711200000, 0x0000000711200000, 0x0000000711400000|  0%| F|  |TAMS 0x0000000711200000, 0x0000000711200000| Untracked 
|  91|0x0000000711400000, 0x0000000711400000, 0x0000000711600000|  0%| F|  |TAMS 0x0000000711400000, 0x0000000711400000| Untracked 
|  92|0x0000000711600000, 0x0000000711600000, 0x0000000711800000|  0%| F|  |TAMS 0x0000000711600000, 0x0000000711600000| Untracked 
|  93|0x0000000711800000, 0x0000000711800000, 0x0000000711a00000|  0%| F|  |TAMS 0x0000000711800000, 0x0000000711800000| Untracked 
|  94|0x0000000711a00000, 0x0000000711a00000, 0x0000000711c00000|  0%| F|  |TAMS 0x0000000711a00000, 0x0000000711a00000| Untracked 
|  95|0x0000000711c00000, 0x0000000711c00000, 0x0000000711e00000|  0%| F|  |TAMS 0x0000000711c00000, 0x0000000711c00000| Untracked 
|  96|0x0000000711e00000, 0x0000000711e00000, 0x0000000712000000|  0%| F|  |TAMS 0x0000000711e00000, 0x0000000711e00000| Untracked 
|  97|0x0000000712000000, 0x0000000712000000, 0x0000000712200000|  0%| F|  |TAMS 0x0000000712000000, 0x0000000712000000| Untracked 
|  98|0x0000000712200000, 0x0000000712200000, 0x0000000712400000|  0%| F|  |TAMS 0x0000000712200000, 0x0000000712200000| Untracked 
|  99|0x0000000712400000, 0x0000000712400000, 0x0000000712600000|  0%| F|  |TAMS 0x0000000712400000, 0x0000000712400000| Untracked 
| 100|0x0000000712600000, 0x0000000712600000, 0x0000000712800000|  0%| F|  |TAMS 0x0000000712600000, 0x0000000712600000| Untracked 
| 101|0x0000000712800000, 0x0000000712800000, 0x0000000712a00000|  0%| F|  |TAMS 0x0000000712800000, 0x0000000712800000| Untracked 
| 102|0x0000000712a00000, 0x0000000712a00000, 0x0000000712c00000|  0%| F|  |TAMS 0x0000000712a00000, 0x0000000712a00000| Untracked 
| 103|0x0000000712c00000, 0x0000000712c00000, 0x0000000712e00000|  0%| F|  |TAMS 0x0000000712c00000, 0x0000000712c00000| Untracked 
| 104|0x0000000712e00000, 0x0000000712e00000, 0x0000000713000000|  0%| F|  |TAMS 0x0000000712e00000, 0x0000000712e00000| Untracked 
| 105|0x0000000713000000, 0x0000000713000000, 0x0000000713200000|  0%| F|  |TAMS 0x0000000713000000, 0x0000000713000000| Untracked 
| 106|0x0000000713200000, 0x0000000713200000, 0x0000000713400000|  0%| F|  |TAMS 0x0000000713200000, 0x0000000713200000| Untracked 
| 107|0x0000000713400000, 0x0000000713400000, 0x0000000713600000|  0%| F|  |TAMS 0x0000000713400000, 0x0000000713400000| Untracked 
| 108|0x0000000713600000, 0x0000000713600000, 0x0000000713800000|  0%| F|  |TAMS 0x0000000713600000, 0x0000000713600000| Untracked 
| 109|0x0000000713800000, 0x0000000713800000, 0x0000000713a00000|  0%| F|  |TAMS 0x0000000713800000, 0x0000000713800000| Untracked 
| 110|0x0000000713a00000, 0x0000000713a00000, 0x0000000713c00000|  0%| F|  |TAMS 0x0000000713a00000, 0x0000000713a00000| Untracked 
| 111|0x0000000713c00000, 0x0000000713c00000, 0x0000000713e00000|  0%| F|  |TAMS 0x0000000713c00000, 0x0000000713c00000| Untracked 
| 112|0x0000000713e00000, 0x0000000713e00000, 0x0000000714000000|  0%| F|  |TAMS 0x0000000713e00000, 0x0000000713e00000| Untracked 
| 113|0x0000000714000000, 0x0000000714000000, 0x0000000714200000|  0%| F|  |TAMS 0x0000000714000000, 0x0000000714000000| Untracked 
| 114|0x0000000714200000, 0x0000000714200000, 0x0000000714400000|  0%| F|  |TAMS 0x0000000714200000, 0x0000000714200000| Untracked 
| 115|0x0000000714400000, 0x0000000714400000, 0x0000000714600000|  0%| F|  |TAMS 0x0000000714400000, 0x0000000714400000| Untracked 
| 116|0x0000000714600000, 0x0000000714600000, 0x0000000714800000|  0%| F|  |TAMS 0x0000000714600000, 0x0000000714600000| Untracked 
| 117|0x0000000714800000, 0x0000000714800000, 0x0000000714a00000|  0%| F|  |TAMS 0x0000000714800000, 0x0000000714800000| Untracked 
| 118|0x0000000714a00000, 0x0000000714a00000, 0x0000000714c00000|  0%| F|  |TAMS 0x0000000714a00000, 0x0000000714a00000| Untracked 
| 119|0x0000000714c00000, 0x0000000714c00000, 0x0000000714e00000|  0%| F|  |TAMS 0x0000000714c00000, 0x0000000714c00000| Untracked 
| 120|0x0000000714e00000, 0x0000000714e00000, 0x0000000715000000|  0%| F|  |TAMS 0x0000000714e00000, 0x0000000714e00000| Untracked 
| 121|0x0000000715000000, 0x00000007151e5f40, 0x0000000715200000| 94%| E|  |TAMS 0x0000000715000000, 0x0000000715000000| Complete 
| 122|0x0000000715200000, 0x0000000715400000, 0x0000000715400000|100%| E|CS|TAMS 0x0000000715200000, 0x0000000715200000| Complete 
| 123|0x0000000715400000, 0x0000000715600000, 0x0000000715600000|100%| E|CS|TAMS 0x0000000715400000, 0x0000000715400000| Complete 
| 124|0x0000000715600000, 0x0000000715800000, 0x0000000715800000|100%| E|CS|TAMS 0x0000000715600000, 0x0000000715600000| Complete 
| 125|0x0000000715800000, 0x0000000715a00000, 0x0000000715a00000|100%| E|CS|TAMS 0x0000000715800000, 0x0000000715800000| Complete 

Card table byte_map: [0x0000013ffca40000,0x0000013ffd220000] _byte_map_base: 0x0000013ff9211000

Marking Bits (Prev, Next): (CMBitMap*) 0x0000013ff3af0b80, (CMBitMap*) 0x0000013ff3af0bc0
 Prev Bits: [0x0000013f8f000000, 0x0000013f92e88000)
 Next Bits: [0x0000013f92e90000, 0x0000013f96d18000)

Polling page: 0x0000013ff1a70000

Metaspace:

Usage:
  Non-class:      1.17 MB used.
      Class:    118.37 KB used.
       Both:      1.29 MB used.

Virtual space:
  Non-class space:       64.00 MB reserved,       1.19 MB (  2%) committed,  1 nodes.
      Class space:        1.00 GB reserved,     192.00 KB ( <1%) committed,  1 nodes.
             Both:        1.06 GB reserved,       1.38 MB ( <1%) committed. 

Chunk freelists:
   Non-Class:  3.75 MB
       Class:  3.71 MB
        Both:  7.46 MB

MaxMetaspaceSize: unlimited
CompressedClassSpaceSize: 1.00 GB
Initial GC threshold: 21.00 MB
Current GC threshold: 21.00 MB
CDS: on
MetaspaceReclaimPolicy: balanced
 - commit_granule_bytes: 65536.
 - commit_granule_words: 8192.
 - virtual_space_node_default_size: 8388608.
 - enlarge_chunks_in_place: 1.
 - new_chunks_are_fully_committed: 0.
 - uncommit_free_chunks: 1.
 - use_allocation_guard: 0.


Internal statistics:

num_allocs_failed_limit: 0.
num_arena_births: 12.
num_arena_deaths: 0.
num_vsnodes_births: 2.
num_vsnodes_deaths: 0.
num_space_committed: 22.
num_space_uncommitted: 0.
num_chunks_returned_to_freelist: 0.
num_chunks_taken_from_freelist: 28.
num_chunk_merges: 0.
num_chunk_splits: 15.
num_chunks_enlarged: 11.
num_inconsistent_stats: 0.

CodeHeap 'non-profiled nmethods': size=119168Kb used=114Kb max_used=114Kb free=119053Kb
 bounds [0x0000013f87ba0000, 0x0000013f87e10000, 0x0000013f8f000000]
CodeHeap 'profiled nmethods': size=119104Kb used=633Kb max_used=633Kb free=118470Kb
 bounds [0x0000013f80000000, 0x0000013f80270000, 0x0000013f87450000]
CodeHeap 'non-nmethods': size=7488Kb used=1781Kb max_used=1798Kb free=5706Kb
 bounds [0x0000013f87450000, 0x0000013f876c0000, 0x0000013f87ba0000]
 total_blobs=840 nmethods=421 adapters=329
 compilation: enabled
              stopped_count=0, restarted_count=0
 full_count=0

Compilation events (20 events):
Event: 0.120 Thread 0x0000013f9b9d6eb0  407       3       java.lang.String::rangeCheck (9 bytes)
Event: 0.120 Thread 0x0000013f97788940 nmethod 406 0x0000013f80099b10 code [0x0000013f80099d00, 0x0000013f8009a118]
Event: 0.120 Thread 0x0000013f9b9d6eb0 nmethod 407 0x0000013f8009a210 code [0x0000013f8009a3e0, 0x0000013f8009a668]
Event: 0.120 Thread 0x0000013f9bb21810  408       4       java.lang.String::indexOf (29 bytes)
Event: 0.120 Thread 0x0000013f9777ffc0  409       4       java.lang.StringLatin1::indexOf (121 bytes)
Event: 0.121 Thread 0x0000013f97788940  410       1       java.util.zip.ZipEntry::getSize (5 bytes)
Event: 0.121 Thread 0x0000013f97788940 nmethod 410 0x0000013f87bbb410 code [0x0000013f87bbb5a0, 0x0000013f87bbb658]
Event: 0.121 Thread 0x0000013f97788940  411       3       java.lang.String::toLowerCase (8 bytes)
Event: 0.121 Thread 0x0000013f9b9d6eb0  412       3       java.util.Locale::getDefault (4 bytes)
Event: 0.121 Thread 0x0000013f9bd7d8a0  414       4       java.util.concurrent.ConcurrentHashMap::tabAt (22 bytes)
Event: 0.121 Thread 0x0000013f9b9d6eb0 nmethod 412 0x0000013f8009a810 code [0x0000013f8009a9a0, 0x0000013f8009aa98]
Event: 0.121 Thread 0x0000013f9b9d6eb0  413       1       java.net.URLStreamHandler::getDefaultPort (2 bytes)
Event: 0.121 Thread 0x0000013f9b9d6eb0 nmethod 413 0x0000013f87bbb710 code [0x0000013f87bbb8a0, 0x0000013f87bbb978]
Event: 0.121 Thread 0x0000013f9bb21810 nmethod 408 0x0000013f87bbba10 code [0x0000013f87bbbba0, 0x0000013f87bbbdb8]
Event: 0.121 Thread 0x0000013f97788940 nmethod 411 0x0000013f8009ab10 code [0x0000013f8009ad00, 0x0000013f8009b098]
Event: 0.121 Thread 0x0000013f9bd7d8a0 nmethod 414 0x0000013f87bbbf10 code [0x0000013f87bbc080, 0x0000013f87bbc0f8]
Event: 0.122 Thread 0x0000013f9b9d6eb0  415   !   3       java.util.jar.JarFile::isMultiRelease (33 bytes)
Event: 0.122 Thread 0x0000013f97788940  416       1       java.security.CodeSource::getLocationNoFragString (5 bytes)
Event: 0.122 Thread 0x0000013f9b9d6eb0 nmethod 415 0x0000013f8009b210 code [0x0000013f8009b3c0, 0x0000013f8009b5c8]
Event: 0.122 Thread 0x0000013f97788940 nmethod 416 0x0000013f87bbc210 code [0x0000013f87bbc3a0, 0x0000013f87bbc478]

GC Heap History (0 events):
No events

Dll operation events (8 events):
Event: 0.005 Loaded shared library C:\Program Files\Java\jdk-19\bin\java.dll
Event: 0.012 Loaded shared library C:\Program Files\Java\jdk-19\bin\jsvml.dll
Event: 0.037 Loaded shared library C:\Program Files\Java\jdk-19\bin\net.dll
Event: 0.038 Loaded shared library C:\Program Files\Java\jdk-19\bin\nio.dll
Event: 0.040 Loaded shared library C:\Program Files\Java\jdk-19\bin\zip.dll
Event: 0.074 Loaded shared library C:\Program Files\Java\jdk-19\bin\management.dll
Event: 0.077 Loaded shared library C:\Program Files\Java\jdk-19\bin\management_ext.dll
Event: 0.088 Loaded shared library C:\Program Files\Java\jdk-19\bin\jimage.dll

Deoptimization events (20 events):
Event: 0.091 Thread 0x0000013ff3a7d990 DEOPT PACKING pc=0x0000013f8003250c sp=0x00000014697fe4e0
Event: 0.091 Thread 0x0000013ff3a7d990 DEOPT UNPACKING pc=0x0000013f874b7543 sp=0x00000014697fd970 mode 0
Event: 0.091 Thread 0x0000013ff3a7d990 DEOPT PACKING pc=0x0000013f8003250c sp=0x00000014697fe4e0
Event: 0.091 Thread 0x0000013ff3a7d990 DEOPT UNPACKING pc=0x0000013f874b7543 sp=0x00000014697fd970 mode 0
Event: 0.091 Thread 0x0000013ff3a7d990 DEOPT PACKING pc=0x0000013f8003250c sp=0x00000014697fe4e0
Event: 0.091 Thread 0x0000013ff3a7d990 DEOPT UNPACKING pc=0x0000013f874b7543 sp=0x00000014697fd970 mode 0
Event: 0.091 Thread 0x0000013ff3a7d990 DEOPT PACKING pc=0x0000013f8003250c sp=0x00000014697fe4e0
Event: 0.091 Thread 0x0000013ff3a7d990 DEOPT UNPACKING pc=0x0000013f874b7543 sp=0x00000014697fd970 mode 0
Event: 0.091 Thread 0x0000013ff3a7d990 DEOPT PACKING pc=0x0000013f8003250c sp=0x00000014697fe4e0
Event: 0.091 Thread 0x0000013ff3a7d990 DEOPT UNPACKING pc=0x0000013f874b7543 sp=0x00000014697fd970 mode 0
Event: 0.099 Thread 0x0000013ff3a7d990 DEOPT PACKING pc=0x0000013f8001aed1 sp=0x00000014697fe430
Event: 0.099 Thread 0x0000013ff3a7d990 DEOPT UNPACKING pc=0x0000013f874b7543 sp=0x00000014697fd8a8 mode 0
Event: 0.116 Thread 0x0000013ff3a7d990 DEOPT PACKING pc=0x0000013f8006ffde sp=0x00000014697feac0
Event: 0.116 Thread 0x0000013ff3a7d990 DEOPT UNPACKING pc=0x0000013f874b7543 sp=0x00000014697fdf98 mode 0
Event: 0.116 Thread 0x0000013ff3a7d990 DEOPT PACKING pc=0x0000013f80045257 sp=0x00000014697feb00
Event: 0.116 Thread 0x0000013ff3a7d990 DEOPT UNPACKING pc=0x0000013f874b7543 sp=0x00000014697fdf98 mode 0
Event: 0.119 Thread 0x0000013ff3a7d990 Uncommon trap: trap_request=0xffffff45 fr.pc=0x0000013f87bb6304 relative=0x0000000000000064
Event: 0.119 Thread 0x0000013ff3a7d990 Uncommon trap: reason=unstable_if action=reinterpret pc=0x0000013f87bb6304 method=java.io.WinNTFileSystem.isSlash(C)Z @ 9 c2
Event: 0.119 Thread 0x0000013ff3a7d990 DEOPT PACKING pc=0x0000013f87bb6304 sp=0x00000014697fec80
Event: 0.119 Thread 0x0000013ff3a7d990 DEOPT UNPACKING pc=0x0000013f874b6da3 sp=0x00000014697fec08 mode 2

Classes loaded (20 events):
Event: 0.122 Loading class java/util/concurrent/ScheduledThreadPoolExecutor
Event: 0.122 Loading class java/util/concurrent/ThreadPoolExecutor
Event: 0.122 Loading class java/util/concurrent/ThreadPoolExecutor done
Event: 0.122 Loading class java/util/concurrent/ScheduledThreadPoolExecutor done
Event: 0.122 Loading class java/util/concurrent/ThreadPoolExecutor$AbortPolicy
Event: 0.122 Loading class java/util/concurrent/RejectedExecutionHandler
Event: 0.122 Loading class java/util/concurrent/RejectedExecutionHandler done
Event: 0.122 Loading class java/util/concurrent/ThreadPoolExecutor$AbortPolicy done
Event: 0.122 Loading class java/util/concurrent/ScheduledThreadPoolExecutor$DelayedWorkQueue
Event: 0.123 Loading class java/util/concurrent/BlockingQueue
Event: 0.123 Loading class java/util/concurrent/BlockingQueue done
Event: 0.123 Loading class java/util/AbstractQueue
Event: 0.123 Loading class java/util/AbstractQueue done
Event: 0.123 Loading class java/util/concurrent/ScheduledThreadPoolExecutor$DelayedWorkQueue done
Event: 0.123 Loading class java/util/concurrent/RunnableScheduledFuture
Event: 0.123 Loading class java/util/concurrent/RunnableFuture
Event: 0.123 Loading class java/util/concurrent/RunnableFuture done
Event: 0.123 Loading class java/util/concurrent/ScheduledFuture
Event: 0.123 Loading class java/util/concurrent/Delayed
Event: 0.123 Loading class java/util/concurrent/Delayed done

Classes unloaded (0 events):
No events

Classes redefined (0 events):
No events

Internal exceptions (2 events):
Event: 0.072 Thread 0x0000013ff3a7d990 Exception <a 'java/lang/NoSuchMethodError'{0x000000071578e3e0}: 'java.lang.Object java.lang.invoke.DirectMethodHandle$Holder.invokeStaticInit(java.lang.Object)'> (0x000000071578e3e0) 
thrown [s\open\src\hotspot\share\interpreter\linkResolver.cpp, line 774]
Event: 0.082 Thread 0x0000013ff3a7d990 Exception <a 'java/lang/NoSuchMethodError'{0x00000007157bae28}: 'int java.lang.invoke.DirectMethodHandle$Holder.invokeSpecial(java.lang.Object, java.lang.Object, java.lang.Object)'> (0x00000007157bae28) 
thrown [s\open\src\hotspot\share\interpreter\linkResolver.cpp, line 774]

VM Operations (4 events):
Event: 0.040 Executing VM operation: HandshakeAllThreads
Event: 0.040 Executing VM operation: HandshakeAllThreads done
Event: 0.119 Executing VM operation: HandshakeAllThreads
Event: 0.119 Executing VM operation: HandshakeAllThreads done

Events (15 events):
Event: 0.012 Thread 0x0000013ff3a7d990 Thread added: 0x0000013ff3a7d990
Event: 0.022 Thread 0x0000013f9776d130 Thread added: 0x0000013f9776d130
Event: 0.022 Thread 0x0000013f9776df20 Thread added: 0x0000013f9776df20
Event: 0.023 Thread 0x0000013f97772d30 Thread added: 0x0000013f97772d30
Event: 0.023 Thread 0x0000013f97774bd0 Thread added: 0x0000013f97774bd0
Event: 0.023 Thread 0x0000013f97777510 Thread added: 0x0000013f97777510
Event: 0.023 Thread 0x0000013f9777d350 Thread added: 0x0000013f9777d350
Event: 0.023 Thread 0x0000013f9777ffc0 Thread added: 0x0000013f9777ffc0
Event: 0.024 Thread 0x0000013f97788940 Thread added: 0x0000013f97788940
Event: 0.024 Thread 0x0000013f9b918070 Thread added: 0x0000013f9b918070
Event: 0.028 Thread 0x0000013f9b9d6eb0 Thread added: 0x0000013f9b9d6eb0
Event: 0.034 Thread 0x0000013f9ba6fc40 Thread added: 0x0000013f9ba6fc40
Event: 0.035 Thread 0x0000013f9ba78610 Thread added: 0x0000013f9ba78610
Event: 0.103 Thread 0x0000013f9bb21810 Thread added: 0x0000013f9bb21810
Event: 0.104 Thread 0x0000013f9bd7d8a0 Thread added: 0x0000013f9bd7d8a0


Dynamic libraries:
0x00007ff7a99a0000 - 0x00007ff7a99b0000 	C:\Program Files\Java\jdk-19\bin\java.exe
0x00007ffe82110000 - 0x00007ffe82327000 	C:\WINDOWS\SYSTEM32\ntdll.dll
0x00007ffe81c40000 - 0x00007ffe81d04000 	C:\WINDOWS\System32\KERNEL32.DLL
0x00007ffe7f4a0000 - 0x00007ffe7f85a000 	C:\WINDOWS\System32\KERNELBASE.dll
0x00007ffe7fc40000 - 0x00007ffe7fd51000 	C:\WINDOWS\System32\ucrtbase.dll
0x00007ffe6f8a0000 - 0x00007ffe6f8b8000 	C:\Program Files\Java\jdk-19\bin\jli.dll
0x00007ffe706f0000 - 0x00007ffe7070b000 	C:\Program Files\Java\jdk-19\bin\VCRUNTIME140.dll
0x00007ffe81fe0000 - 0x00007ffe82092000 	C:\WINDOWS\System32\ADVAPI32.dll
0x00007ffe81090000 - 0x00007ffe81137000 	C:\WINDOWS\System32\msvcrt.dll
0x00007ffe81ae0000 - 0x00007ffe81b87000 	C:\WINDOWS\System32\sechost.dll
0x00007ffe7f3b0000 - 0x00007ffe7f3d8000 	C:\WINDOWS\System32\bcrypt.dll
0x00007ffe819a0000 - 0x00007ffe81ab4000 	C:\WINDOWS\System32\RPCRT4.dll
0x00007ffe80760000 - 0x00007ffe8090e000 	C:\WINDOWS\System32\USER32.dll
0x00007ffe7fa50000 - 0x00007ffe7fa76000 	C:\WINDOWS\System32\win32u.dll
0x00007ffe6e150000 - 0x00007ffe6e3e2000 	C:\WINDOWS\WinSxS\amd64_microsoft.windows.common-controls_6595b64144ccf1df_6.0.22621.4541_none_2710d1c57384c085\COMCTL32.dll
0x00007ffe81ee0000 - 0x00007ffe81f09000 	C:\WINDOWS\System32\GDI32.dll
0x00007ffe7fb20000 - 0x00007ffe7fc3b000 	C:\WINDOWS\System32\gdi32full.dll
0x00007ffe7fa80000 - 0x00007ffe7fb1a000 	C:\WINDOWS\System32\msvcp_win.dll
0x00007ffe76e50000 - 0x00007ffe76e5a000 	C:\WINDOWS\SYSTEM32\VERSION.dll
0x00007ffe81b90000 - 0x00007ffe81bc1000 	C:\WINDOWS\System32\IMM32.DLL
0x00007ffe6f030000 - 0x00007ffe6f03c000 	C:\Program Files\Java\jdk-19\bin\vcruntime140_1.dll
0x00007ffe56280000 - 0x00007ffe5630e000 	C:\Program Files\Java\jdk-19\bin\msvcp140.dll
0x00007ffdbaa10000 - 0x00007ffdbb6d0000 	C:\Program Files\Java\jdk-19\bin\server\jvm.dll
0x00007ffe77720000 - 0x00007ffe77754000 	C:\WINDOWS\SYSTEM32\WINMM.dll
0x00007ffe78b70000 - 0x00007ffe78b79000 	C:\WINDOWS\SYSTEM32\WSOCK32.dll
0x00007ffe81f60000 - 0x00007ffe81fd1000 	C:\WINDOWS\System32\WS2_32.dll
0x00007ffe7e4e0000 - 0x00007ffe7e4f8000 	C:\WINDOWS\SYSTEM32\kernel.appcore.dll
0x00007ffe6eee0000 - 0x00007ffe6eeea000 	C:\Program Files\Java\jdk-19\bin\jimage.dll
0x00007ffe7c910000 - 0x00007ffe7cb42000 	C:\WINDOWS\SYSTEM32\DBGHELP.DLL
0x00007ffe80910000 - 0x00007ffe80c9f000 	C:\WINDOWS\System32\combase.dll
0x00007ffe80f50000 - 0x00007ffe81027000 	C:\WINDOWS\System32\OLEAUT32.dll
0x00007ffe74d80000 - 0x00007ffe74db2000 	C:\WINDOWS\SYSTEM32\dbgcore.DLL
0x00007ffe7f9d0000 - 0x00007ffe7fa4b000 	C:\WINDOWS\System32\bcryptPrimitives.dll
0x00007ffe66950000 - 0x00007ffe66976000 	C:\Program Files\Java\jdk-19\bin\java.dll
0x00007ffe45d80000 - 0x00007ffe45e57000 	C:\Program Files\Java\jdk-19\bin\jsvml.dll
0x00007ffe7fed0000 - 0x00007ffe80748000 	C:\WINDOWS\System32\SHELL32.dll
0x00007ffe7d2c0000 - 0x00007ffe7dbc8000 	C:\WINDOWS\SYSTEM32\windows.storage.dll
0x00007ffe7d180000 - 0x00007ffe7d2bf000 	C:\WINDOWS\SYSTEM32\wintypes.dll
0x00007ffe80e50000 - 0x00007ffe80f4a000 	C:\WINDOWS\System32\SHCORE.dll
0x00007ffe7fe70000 - 0x00007ffe7fece000 	C:\WINDOWS\System32\shlwapi.dll
0x00007ffe7f2e0000 - 0x00007ffe7f30b000 	C:\WINDOWS\SYSTEM32\profapi.dll
0x00007ffe6cc70000 - 0x00007ffe6cc83000 	C:\Program Files\Java\jdk-19\bin\net.dll
0x00007ffe7ae00000 - 0x00007ffe7af36000 	C:\WINDOWS\SYSTEM32\WINHTTP.dll
0x00007ffe7e960000 - 0x00007ffe7e9c9000 	C:\WINDOWS\system32\mswsock.dll
0x00007ffe66930000 - 0x00007ffe66946000 	C:\Program Files\Java\jdk-19\bin\nio.dll
0x00007ffe5bd10000 - 0x00007ffe5bd28000 	C:\Program Files\Java\jdk-19\bin\zip.dll
0x00007ffe66800000 - 0x00007ffe6680a000 	C:\Program Files\Java\jdk-19\bin\management.dll
0x00007ffe64ce0000 - 0x00007ffe64ceb000 	C:\Program Files\Java\jdk-19\bin\management_ext.dll
0x00007ffe81d10000 - 0x00007ffe81d18000 	C:\WINDOWS\System32\PSAPI.DLL

dbghelp: loaded successfully - version: 4.0.5 - missing functions: none
symbol engine: initialized successfully - sym options: 0x614 - pdb path: .;C:\Program Files\Java\jdk-19\bin;C:\WINDOWS\SYSTEM32;C:\WINDOWS\WinSxS\amd64_microsoft.windows.common-controls_6595b64144ccf1df_6.0.22621.4541_none_2710d1c57384c085;C:\Program Files\Java\jdk-19\bin\server

VM Arguments:
java_command: C:\Users\99293\AppData\Local\Temp\surefire9866523780665771048\surefirebooter-20241219220558633_3.jar C:\Users\99293\AppData\Local\Temp\surefire9866523780665771048 2024-12-19T22-05-58_518-jvmRun1 surefire-20241219220558633_1tmp surefire_0-20241219220558633_2tmp
java_class_path (initial): C:\Users\99293\AppData\Local\Temp\surefire9866523780665771048\surefirebooter-20241219220558633_3.jar
Launcher Type: SUN_STANDARD

[Global flags]
     intx CICompilerCount                          = 12                                        {product} {ergonomic}
     uint ConcGCThreads                            = 3                                         {product} {ergonomic}
     uint G1ConcRefinementThreads                  = 13                                        {product} {ergonomic}
   size_t G1HeapRegionSize                         = 2097152                                   {product} {ergonomic}
    uintx GCDrainStackTargetSize                   = 64                                        {product} {ergonomic}
   size_t InitialHeapSize                          = 264241152                                 {product} {ergonomic}
   size_t MarkStackSize                            = 4194304                                   {product} {ergonomic}
   size_t MaxHeapSize                              = 4196401152                                {product} {ergonomic}
   size_t MaxNewSize                               = 2516582400                                {product} {ergonomic}
   size_t MinHeapDeltaBytes                        = 2097152                                   {product} {ergonomic}
   size_t MinHeapSize                              = 8388608                                   {product} {ergonomic}
    uintx NonNMethodCodeHeapSize                   = 7602480                                {pd product} {ergonomic}
    uintx NonProfiledCodeHeapSize                  = 122027880                              {pd product} {ergonomic}
    uintx ProfiledCodeHeapSize                     = 122027880                              {pd product} {ergonomic}
    uintx ReservedCodeCacheSize                    = 251658240                              {pd product} {ergonomic}
     bool SegmentedCodeCache                       = true                                      {product} {ergonomic}
   size_t SoftMaxHeapSize                          = 4196401152                             {manageable} {ergonomic}
     bool UseCompressedClassPointers               = true                           {product lp64_product} {ergonomic}
     bool UseCompressedOops                        = true                           {product lp64_product} {ergonomic}
     bool UseG1GC                                  = true                                      {product} {ergonomic}
     bool UseLargePagesIndividualAllocation        = false                                  {pd product} {ergonomic}

Logging:
Log output configuration:
 #0: stdout all=warning uptime,level,tags foldmultilines=false
 #1: stderr all=off uptime,level,tags foldmultilines=false

Environment Variables:
JAVA_HOME=C:\Program Files\Java\jdk-19
PATH=C:\Program Files\Common Files\Oracle\Java\javapath;C:\Windows\system32;C:\Windows;C:\Windows\System32\Wbem;C:\Windows\System32\WindowsPowerShell\v1.0\;C:\Windows\System32\OpenSSH\;C:\Program Files (x86)\NVIDIA Corporation\PhysX\Common;C:\Program Files\NVIDIA Corporation\NVIDIA NvDLISR;C:\Program Files (x86)\dotnet\;C:\WINDOWS\system32;C:\WINDOWS;C:\WINDOWS\System32\Wbem;C:\WINDOWS\System32\WindowsPowerShell\v1.0\;C:\WINDOWS\System32\OpenSSH\;C:\Program Files\Java\jdk-19\bin;C:\Program Files\Git\cmd;C:\Users\99293\AppData\Local\Programs\Python\Python311\Scripts\;C:\Users\99293\AppData\Local\Programs\Python\Python311\;C:\Users\99293\AppData\Local\Microsoft\WindowsApps;;C:\Program Files\JetBrains\IntelliJ IDEA 2022.1.2\bin;;C:\Program Files\heroku\bin
USERNAME=ASUS
OS=Windows_NT
PROCESSOR_IDENTIFIER=Intel64 Family 6 Model 154 Stepping 3, GenuineIntel
TMP=C:\Users\99293\AppData\Local\Temp
TEMP=C:\Users\99293\AppData\Local\Temp



---------------  S Y S T E M  ---------------

OS:
 Windows 11 , 64 bit Build 22621 (10.0.22621.4391)
OS uptime: 0 days 5:07 hours
Hyper-V role detected

CPU: total 16 (initial active 16) (8 cores per cpu, 2 threads per core) family 6 model 154 stepping 3 microcode 0x429, cx8, cmov, fxsr, ht, mmx, 3dnowpref, sse, sse2, sse3, ssse3, sse4.1, sse4.2, popcnt, lzcnt, tsc, tscinvbit, avx, avx2, aes, erms, clmul, bmi1, bmi2, adx, sha, fma, vzeroupper, clflush, clflushopt, clwb, hv, serialize, rdtscp, rdpid, fsrm

Memory: 4k page, system-wide physical 16004M (2788M free)
TotalPageFile size 18052M (AvailPageFile size 3M)
current process WorkingSet (physical memory assigned to process): 47M, peak: 47M
current process commit charge ("private bytes"): 356M, peak: 356M

vm_info: Java HotSpot(TM) 64-Bit Server VM (19.0.2+7-44) for windows-amd64 JRE (19.0.2+7-44), built on 2022-11-30T18:02:09Z by "mach5one" with MS VC++ 17.1 (VS2022)

END.
