#
# There is insufficient memory for the Java Runtime Environment to continue.
# Native memory allocation (malloc) failed to allocate 5506000 bytes for Chunk::new
# Possible reasons:
#   The system is out of physical RAM or swap space
#   The process is running with CompressedOops enabled, and the Java Heap may be blocking the growth of the native heap
# Possible solutions:
#   Reduce memory load on the system
#   Increase physical memory or swap space
#   Check if swap backing store is full
#   Decrease Java heap size (-Xmx/-Xms)
#   Decrease number of Java threads
#   Decrease Java thread stack sizes (-Xss)
#   Set larger code cache with -XX:ReservedCodeCacheSize=
#   JVM is running with Zero Based Compressed Oops mode in which the Java heap is
#     placed in the first 32GB address space. The Java Heap base address is the
#     maximum limit for the native heap growth. Please use -XX:HeapBaseMinAddress
#     to set the Java Heap base and to place the Java Heap above 32GB virtual address.
# This output file may be truncated or incomplete.
#
#  Out of Memory Error (arena.cpp:184), pid=15800, tid=9364
#
# JRE version: Java(TM) SE Runtime Environment (19.0.2+7) (build 19.0.2+7-44)
# Java VM: Java HotSpot(TM) 64-Bit Server VM (19.0.2+7-44, mixed mode, sharing, tiered, compressed oops, compressed class ptrs, g1 gc, windows-amd64)
# No core dump will be written. Minidumps are not enabled by default on client versions of Windows
#

---------------  S U M M A R Y ------------

Command Line: -Dmaven.multiModuleProjectDirectory=D:\website.citu-web -Dmaven.home=C:\Users\99293\.m2\wrapper\dists\apache-maven-3.9.3-bin\54p6kc7m0ap3os8bc4ge28ia2\apache-maven-3.9.3 -Dclassworlds.conf=C:\Users\99293\.m2\wrapper\dists\apache-maven-3.9.3-bin\54p6kc7m0ap3os8bc4ge28ia2\apache-maven-3.9.3\bin\m2.conf -Dmaven.ext.class.path=C:\Program Files\JetBrains\IntelliJ IDEA 2022.1.2\plugins\maven\lib\maven-event-listener.jar -javaagent:C:\Program Files\JetBrains\IntelliJ IDEA 2022.1.2\lib\idea_rt.jar=60287:C:\Program Files\JetBrains\IntelliJ IDEA 2022.1.2\bin -Dfile.encoding=UTF-8 org.codehaus.classworlds.Launcher -Didea.version=2022.1.2 package

Host: 12th Gen Intel(R) Core(TM) i7-12650H, 16 cores, 15G,  Windows 11 , 64 bit Build 22621 (10.0.22621.4391)
Time: Sun Dec 22 19:59:18 2024  Windows 11 , 64 bit Build 22621 (10.0.22621.4391) elapsed time: 5.174269 seconds (0d 0h 0m 5s)

---------------  T H R E A D  ---------------

Current thread (0x000001c0c356af20):  JavaThread "C2 CompilerThread0" daemon [_thread_in_native, id=9364, stack(0x000000338fa00000,0x000000338fb00000)]


Current CompileTask:
C2:   5174 9837   !   4       java.lang.ClassLoader::loadClass (121 bytes)

Stack: [0x000000338fa00000,0x000000338fb00000]
Native frames: (J=compiled Java code, j=interpreted, Vv=VM code, C=native code)
V  [jvm.dll+0x6ee21a]
V  [jvm.dll+0x85765e]
V  [jvm.dll+0x85904e]
V  [jvm.dll+0x859703]
V  [jvm.dll+0x28298f]
V  [jvm.dll+0xc9adf]
V  [jvm.dll+0xc9e65]
V  [jvm.dll+0x3bca4c]
V  [jvm.dll+0x1ee29a]
V  [jvm.dll+0x24c52b]
V  [jvm.dll+0x24b781]
V  [jvm.dll+0x1d6ce1]
V  [jvm.dll+0x25b25a]
V  [jvm.dll+0x2596e8]
V  [jvm.dll+0x807588]
V  [jvm.dll+0x80125a]
V  [jvm.dll+0x6ecf0b]
C  [ucrtbase.dll+0x29333]
C  [KERNEL32.DLL+0x1259d]
C  [ntdll.dll+0x5af38]


---------------  P R O C E S S  ---------------

Threads class SMR info:
_java_thread_list=0x000001c0cd2b0ec0, length=29, elements={
0x000001c09f910190, 0x000001c0c35607b0, 0x000001c0c35614a0, 0x000001c0c3565610,
0x000001c0c3569060, 0x000001c0c3569990, 0x000001c0c356a2c0, 0x000001c0c356af20,
0x000001c0c35758b0, 0x000001c0c3580a00, 0x000001c0c3536360, 0x000001c0c78beca0,
0x000001c0c78bf220, 0x000001c0c7a79af0, 0x000001c0c7a77850, 0x000001c0c7c143f0,
0x000001c0c7ee8820, 0x000001c0c7dd12d0, 0x000001c0c83f96b0, 0x000001c0c83f9c30,
0x000001c0c83fd600, 0x000001c0c8802f20, 0x000001c0c7eda080, 0x000001c0cbe0d170,
0x000001c0cbe0e160, 0x000001c0cbe0d6c0, 0x000001c0cbe0ec00, 0x000001c0cbe0dc10,
0x000001c0cbe0f150
}

Java Threads: ( => current thread )
  0x000001c09f910190 JavaThread "main" [_thread_in_native, id=23464, stack(0x000000338ed00000,0x000000338ee00000)]
  0x000001c0c35607b0 JavaThread "Reference Handler" daemon [_thread_blocked, id=20348, stack(0x000000338f400000,0x000000338f500000)]
  0x000001c0c35614a0 JavaThread "Finalizer" daemon [_thread_blocked, id=6572, stack(0x000000338f500000,0x000000338f600000)]
  0x000001c0c3565610 JavaThread "Signal Dispatcher" daemon [_thread_blocked, id=15472, stack(0x000000338f600000,0x000000338f700000)]
  0x000001c0c3569060 JavaThread "Attach Listener" daemon [_thread_blocked, id=13844, stack(0x000000338f700000,0x000000338f800000)]
  0x000001c0c3569990 JavaThread "Service Thread" daemon [_thread_blocked, id=17208, stack(0x000000338f800000,0x000000338f900000)]
  0x000001c0c356a2c0 JavaThread "Monitor Deflation Thread" daemon [_thread_blocked, id=17356, stack(0x000000338f900000,0x000000338fa00000)]
=>0x000001c0c356af20 JavaThread "C2 CompilerThread0" daemon [_thread_in_native, id=9364, stack(0x000000338fa00000,0x000000338fb00000)]
  0x000001c0c35758b0 JavaThread "C1 CompilerThread0" daemon [_thread_blocked, id=14096, stack(0x000000338fb00000,0x000000338fc00000)]
  0x000001c0c3580a00 JavaThread "Sweeper thread" daemon [_thread_blocked, id=12920, stack(0x000000338fc00000,0x000000338fd00000)]
  0x000001c0c3536360 JavaThread "Common-Cleaner" daemon [_thread_blocked, id=17216, stack(0x000000338fd00000,0x000000338fe00000)]
  0x000001c0c78beca0 JavaThread "C1 CompilerThread1" daemon [_thread_blocked, id=13820, stack(0x000000338fe00000,0x000000338ff00000)]
  0x000001c0c78bf220 JavaThread "C1 CompilerThread2" daemon [_thread_blocked, id=20468, stack(0x000000338ff00000,0x0000003390000000)]
  0x000001c0c7a79af0 JavaThread "Monitor Ctrl-Break" daemon [_thread_in_native, id=14108, stack(0x0000003390000000,0x0000003390100000)]
  0x000001c0c7a77850 JavaThread "Notification Thread" daemon [_thread_blocked, id=18796, stack(0x0000003390100000,0x0000003390200000)]
  0x000001c0c7c143f0 JavaThread "C2 CompilerThread1" daemon [_thread_blocked, id=23880, stack(0x0000003390300000,0x0000003390400000)]
  0x000001c0c7ee8820 JavaThread "C1 CompilerThread3" daemon [_thread_blocked, id=20012, stack(0x0000003390400000,0x0000003390500000)]
  0x000001c0c7dd12d0 JavaThread "C2 CompilerThread2" daemon [_thread_blocked, id=12728, stack(0x0000003390d00000,0x0000003390e00000)]
  0x000001c0c83f96b0 JavaThread "C2 CompilerThread3" daemon [_thread_blocked, id=16376, stack(0x0000003390e00000,0x0000003390f00000)]
  0x000001c0c83f9c30 JavaThread "C2 CompilerThread4" daemon [_thread_blocked, id=12824, stack(0x0000003390f00000,0x0000003391000000)]
  0x000001c0c83fd600 JavaThread "C2 CompilerThread5" daemon [_thread_in_native, id=16496, stack(0x0000003391000000,0x0000003391100000)]
  0x000001c0c8802f20 JavaThread "C2 CompilerThread6" daemon [_thread_blocked, id=3896, stack(0x0000003391100000,0x0000003391200000)]
  0x000001c0c7eda080 JavaThread "C2 CompilerThread7" daemon [_thread_blocked, id=24204, stack(0x0000003391800000,0x0000003391900000)]
  0x000001c0cbe0d170 JavaThread "timeout-check-timer" daemon [_thread_blocked, id=1652, stack(0x0000003391900000,0x0000003391a00000)]
  0x000001c0cbe0e160 JavaThread "ping-timer-10s" daemon [_thread_blocked, id=24436, stack(0x0000003391a00000,0x0000003391b00000)]
  0x000001c0cbe0d6c0 JavaThread "ThreadedStreamConsumer" daemon [_thread_blocked, id=7612, stack(0x0000003391b00000,0x0000003391c00000)]
  0x000001c0cbe0ec00 JavaThread "fork-1-err-thread" daemon [_thread_in_native, id=20240, stack(0x0000003391c00000,0x0000003391d00000)]
  0x000001c0cbe0dc10 JavaThread "commands-fork-1" daemon [_thread_blocked, id=9116, stack(0x0000003391d00000,0x0000003391e00000)]
  0x000001c0cbe0f150 JavaThread "fork-1-event-thread" daemon [_thread_in_native, id=8296, stack(0x0000003391e00000,0x0000003391f00000)]

Other Threads:
  0x000001c0c3545040 VMThread "VM Thread" [stack: 0x000000338f300000,0x000000338f400000] [id=22580]
  0x000001c0c799d2b0 WatcherThread "VM Periodic Task Thread" [stack: 0x0000003390200000,0x0000003390300000] [id=20784]
  0x000001c09f980d30 WorkerThread "GC Thread#0" [stack: 0x000000338ee00000,0x000000338ef00000] [id=10808]
  0x000001c0c7dc00d0 WorkerThread "GC Thread#1" [stack: 0x0000003390500000,0x0000003390600000] [id=8632]
  0x000001c0c7dc03a0 WorkerThread "GC Thread#2" [stack: 0x0000003390600000,0x0000003390700000] [id=19548]
  0x000001c0c7dc1480 WorkerThread "GC Thread#3" [stack: 0x0000003390700000,0x0000003390800000] [id=25092]
  0x000001c0c7dc0ee0 WorkerThread "GC Thread#4" [stack: 0x0000003390800000,0x0000003390900000] [id=16624]
  0x000001c0c7dc1750 WorkerThread "GC Thread#5" [stack: 0x0000003390900000,0x0000003390a00000] [id=21164]
  0x000001c0c7dc0940 WorkerThread "GC Thread#6" [stack: 0x0000003390a00000,0x0000003390b00000] [id=25468]
  0x000001c0c7dc11b0 WorkerThread "GC Thread#7" [stack: 0x0000003390b00000,0x0000003390c00000] [id=4136]
  0x000001c0c7dbfe00 WorkerThread "GC Thread#8" [stack: 0x0000003390c00000,0x0000003390d00000] [id=24836]
  0x000001c0c9d207c0 WorkerThread "GC Thread#9" [stack: 0x0000003391300000,0x0000003391400000] [id=24520]
  0x000001c0c9d1f6e0 WorkerThread "GC Thread#10" [stack: 0x0000003391400000,0x0000003391500000] [id=24888]
  0x000001c0c9d21030 WorkerThread "GC Thread#11" [stack: 0x0000003391200000,0x0000003391300000] [id=20476]
  0x000001c0c9d215d0 WorkerThread "GC Thread#12" [stack: 0x0000003391500000,0x0000003391600000] [id=21784]
  0x000001c09f9916a0 ConcurrentGCThread "G1 Main Marker" [stack: 0x000000338ef00000,0x000000338f000000] [id=19336]
  0x000001c09f9920d0 WorkerThread "G1 Conc#0" [stack: 0x000000338f000000,0x000000338f100000] [id=20972]
  0x000001c0c9d1dac0 WorkerThread "G1 Conc#1" [stack: 0x0000003391600000,0x0000003391700000] [id=19556]
  0x000001c0c9d1f140 WorkerThread "G1 Conc#2" [stack: 0x0000003391700000,0x0000003391800000] [id=13300]
  0x000001c0c3400340 ConcurrentGCThread "G1 Refine#0" [stack: 0x000000338f100000,0x000000338f200000] [id=22244]
  0x000001c0c3400e80 ConcurrentGCThread "G1 Service" [stack: 0x000000338f200000,0x000000338f300000] [id=13052]

Threads with active compile tasks:
C2 CompilerThread0     5183 9837   !   4       java.lang.ClassLoader::loadClass (121 bytes)
C2 CompilerThread5     5183 10089       4       org.codehaus.plexus.classworlds.realm.ClassRealm::loadClass (7 bytes)

VM state: not at safepoint (normal execution)

VM Mutex/Monitor currently owned by a thread: None

Heap address: 0x0000000705e00000, size: 4002 MB, Compressed Oops mode: Zero based, Oop shift amount: 3

CDS archive(s) mapped at: [0x0000000800000000-0x0000000800c40000-0x0000000800c40000), size 12845056, SharedBaseAddress: 0x0000000800000000, ArchiveRelocationMode: 0.
Compressed class space mapped at: 0x0000000801000000-0x0000000841000000, reserved size: 1073741824
Narrow klass base: 0x0000000800000000, Narrow klass shift: 0, Narrow klass range: 0x100000000

GC Precious Log:
 CardTable entry size: 512
 Card Set container configuration: InlinePtr #cards 4 size 8 Array Of Cards #cards 16 size 48 Howl #buckets 8 coarsen threshold 3686 Howl Bitmap #cards 512 size 80 coarsen threshold 460 Card regions per heap region 1 cards per card region 4096
 CPUs: 16 total, 16 available
 Memory: 16004M
 Large Page Support: Disabled
 NUMA Support: Disabled
 Compressed Oops: Enabled (Zero based)
 Heap Region Size: 2M
 Heap Min Capacity: 8M
 Heap Initial Capacity: 252M
 Heap Max Capacity: 4002M
 Pre-touch: Disabled
 Parallel Workers: 13
 Concurrent Workers: 3
 Concurrent Refinement Workers: 13
 Periodic GC: Disabled

Heap:
 garbage-first heap   total 180224K, used 75752K [0x0000000705e00000, 0x0000000800000000)
  region size 2048K, 10 young (20480K), 3 survivors (6144K)
 Metaspace       used 35393K, committed 35904K, reserved 1114112K
  class space    used 3789K, committed 4032K, reserved 1048576K

Heap Regions: E=young(eden), S=young(survivor), O=old, HS=humongous(starts), HC=humongous(continues), CS=collection set, F=free, OA=open archive, CA=closed archive, TAMS=top-at-mark-start (previous, next)
|   0|0x0000000705e00000, 0x0000000706000000, 0x0000000706000000|100%| O|  |TAMS 0x0000000706000000, 0x0000000705e00000| Untracked 
|   1|0x0000000706000000, 0x0000000706200000, 0x0000000706200000|100%| O|  |TAMS 0x0000000706200000, 0x0000000706000000| Complete 
|   2|0x0000000706200000, 0x0000000706400000, 0x0000000706400000|100%| O|  |TAMS 0x0000000706400000, 0x0000000706200000| Untracked 
|   3|0x0000000706400000, 0x0000000706600000, 0x0000000706600000|100%| O|  |TAMS 0x0000000706600000, 0x0000000706400000| Untracked 
|   4|0x0000000706600000, 0x0000000706800000, 0x0000000706800000|100%| O|  |TAMS 0x0000000706800000, 0x0000000706600000| Untracked 
|   5|0x0000000706800000, 0x0000000706a00000, 0x0000000706a00000|100%| O|  |TAMS 0x0000000706a00000, 0x0000000706800000| Untracked 
|   6|0x0000000706a00000, 0x0000000706c00000, 0x0000000706c00000|100%| O|  |TAMS 0x0000000706c00000, 0x0000000706a00000| Untracked 
|   7|0x0000000706c00000, 0x0000000706e00000, 0x0000000706e00000|100%| O|  |TAMS 0x0000000706e00000, 0x0000000706c00000| Untracked 
|   8|0x0000000706e00000, 0x0000000707000000, 0x0000000707000000|100%| O|  |TAMS 0x0000000707000000, 0x0000000706e00000| Untracked 
|   9|0x0000000707000000, 0x0000000707200000, 0x0000000707200000|100%| O|  |TAMS 0x0000000707200000, 0x0000000707000000| Untracked 
|  10|0x0000000707200000, 0x0000000707400000, 0x0000000707400000|100%| O|  |TAMS 0x0000000707400000, 0x0000000707200000| Complete 
|  11|0x0000000707400000, 0x0000000707600000, 0x0000000707600000|100%| O|  |TAMS 0x0000000707600000, 0x0000000707400000| Untracked 
|  12|0x0000000707600000, 0x0000000707800000, 0x0000000707800000|100%| O|  |TAMS 0x0000000707800000, 0x0000000707600000| Complete 
|  13|0x0000000707800000, 0x0000000707a00000, 0x0000000707a00000|100%| O|  |TAMS 0x0000000707a00000, 0x0000000707800000| Complete 
|  14|0x0000000707a00000, 0x0000000707c00000, 0x0000000707c00000|100%|HS|  |TAMS 0x0000000707c00000, 0x0000000707a00000| Complete 
|  15|0x0000000707c00000, 0x0000000707e00000, 0x0000000707e00000|100%|HS|  |TAMS 0x0000000707e00000, 0x0000000707c00000| Complete 
|  16|0x0000000707e00000, 0x0000000708000000, 0x0000000708000000|100%| O|  |TAMS 0x0000000708000000, 0x0000000707e00000| Complete 
|  17|0x0000000708000000, 0x0000000708200000, 0x0000000708200000|100%| O|  |TAMS 0x0000000708200000, 0x0000000708000000| Untracked 
|  18|0x0000000708200000, 0x0000000708400000, 0x0000000708400000|100%| O|  |TAMS 0x0000000708400000, 0x0000000708200000| Complete 
|  19|0x0000000708400000, 0x0000000708600000, 0x0000000708600000|100%|HS|  |TAMS 0x0000000708600000, 0x0000000708400000| Complete 
|  20|0x0000000708600000, 0x0000000708800000, 0x0000000708800000|100%| O|  |TAMS 0x0000000708800000, 0x0000000708600000| Complete 
|  21|0x0000000708800000, 0x0000000708a00000, 0x0000000708a00000|100%| O|  |TAMS 0x0000000708a00000, 0x0000000708800000| Complete 
|  22|0x0000000708a00000, 0x0000000708c00000, 0x0000000708c00000|100%| O|  |TAMS 0x0000000708c00000, 0x0000000708a00000| Untracked 
|  23|0x0000000708c00000, 0x0000000708e00000, 0x0000000708e00000|100%| O|  |TAMS 0x0000000708e00000, 0x0000000708c00000| Untracked 
|  24|0x0000000708e00000, 0x0000000709000000, 0x0000000709000000|100%| O|  |TAMS 0x0000000709000000, 0x0000000708e00000| Complete 
|  25|0x0000000709000000, 0x0000000709200000, 0x0000000709200000|100%| O|  |TAMS 0x0000000709200000, 0x0000000709000000| Untracked 
|  26|0x0000000709200000, 0x0000000709400000, 0x0000000709400000|100%| O|  |TAMS 0x0000000709400000, 0x0000000709200000| Complete 
|  27|0x0000000709400000, 0x0000000709600000, 0x0000000709600000|100%| O|  |TAMS 0x0000000709600000, 0x0000000709400000| Complete 
|  28|0x0000000709600000, 0x0000000709690c00, 0x0000000709800000| 28%| O|  |TAMS 0x0000000709690c00, 0x0000000709600000| Untracked 
|  29|0x0000000709800000, 0x0000000709800000, 0x0000000709a00000|  0%| F|  |TAMS 0x0000000709800000, 0x0000000709800000| Untracked 
|  30|0x0000000709a00000, 0x0000000709a00000, 0x0000000709c00000|  0%| F|  |TAMS 0x0000000709a00000, 0x0000000709a00000| Untracked 
|  31|0x0000000709c00000, 0x0000000709c00000, 0x0000000709e00000|  0%| F|  |TAMS 0x0000000709c00000, 0x0000000709c00000| Untracked 
|  32|0x0000000709e00000, 0x0000000709e00000, 0x000000070a000000|  0%| F|  |TAMS 0x0000000709e00000, 0x0000000709e00000| Untracked 
|  33|0x000000070a000000, 0x000000070a000000, 0x000000070a200000|  0%| F|  |TAMS 0x000000070a000000, 0x000000070a000000| Untracked 
|  34|0x000000070a200000, 0x000000070a200000, 0x000000070a400000|  0%| F|  |TAMS 0x000000070a200000, 0x000000070a200000| Untracked 
|  35|0x000000070a400000, 0x000000070a400000, 0x000000070a600000|  0%| F|  |TAMS 0x000000070a400000, 0x000000070a400000| Untracked 
|  36|0x000000070a600000, 0x000000070a600000, 0x000000070a800000|  0%| F|  |TAMS 0x000000070a600000, 0x000000070a600000| Untracked 
|  37|0x000000070a800000, 0x000000070a800000, 0x000000070aa00000|  0%| F|  |TAMS 0x000000070a800000, 0x000000070a800000| Untracked 
|  38|0x000000070aa00000, 0x000000070aa00000, 0x000000070ac00000|  0%| F|  |TAMS 0x000000070aa00000, 0x000000070aa00000| Untracked 
|  39|0x000000070ac00000, 0x000000070ac00000, 0x000000070ae00000|  0%| F|  |TAMS 0x000000070ac00000, 0x000000070ac00000| Untracked 
|  40|0x000000070ae00000, 0x000000070ae00000, 0x000000070b000000|  0%| F|  |TAMS 0x000000070ae00000, 0x000000070ae00000| Untracked 
|  41|0x000000070b000000, 0x000000070b000000, 0x000000070b200000|  0%| F|  |TAMS 0x000000070b000000, 0x000000070b000000| Untracked 
|  42|0x000000070b200000, 0x000000070b200000, 0x000000070b400000|  0%| F|  |TAMS 0x000000070b200000, 0x000000070b200000| Untracked 
|  43|0x000000070b400000, 0x000000070b400000, 0x000000070b600000|  0%| F|  |TAMS 0x000000070b400000, 0x000000070b400000| Untracked 
|  44|0x000000070b600000, 0x000000070b600000, 0x000000070b800000|  0%| F|  |TAMS 0x000000070b600000, 0x000000070b600000| Untracked 
|  45|0x000000070b800000, 0x000000070b800000, 0x000000070ba00000|  0%| F|  |TAMS 0x000000070b800000, 0x000000070b800000| Untracked 
|  46|0x000000070ba00000, 0x000000070ba00000, 0x000000070bc00000|  0%| F|  |TAMS 0x000000070ba00000, 0x000000070ba00000| Untracked 
|  47|0x000000070bc00000, 0x000000070bc00000, 0x000000070be00000|  0%| F|  |TAMS 0x000000070bc00000, 0x000000070bc00000| Untracked 
|  48|0x000000070be00000, 0x000000070be00000, 0x000000070c000000|  0%| F|  |TAMS 0x000000070be00000, 0x000000070be00000| Untracked 
|  49|0x000000070c000000, 0x000000070c000000, 0x000000070c200000|  0%| F|  |TAMS 0x000000070c000000, 0x000000070c000000| Untracked 
|  50|0x000000070c200000, 0x000000070c200000, 0x000000070c400000|  0%| F|  |TAMS 0x000000070c200000, 0x000000070c200000| Untracked 
|  51|0x000000070c400000, 0x000000070c400000, 0x000000070c600000|  0%| F|  |TAMS 0x000000070c400000, 0x000000070c400000| Untracked 
|  52|0x000000070c600000, 0x000000070c600000, 0x000000070c800000|  0%| F|  |TAMS 0x000000070c600000, 0x000000070c600000| Untracked 
|  53|0x000000070c800000, 0x000000070c800000, 0x000000070ca00000|  0%| F|  |TAMS 0x000000070c800000, 0x000000070c800000| Untracked 
|  54|0x000000070ca00000, 0x000000070ca00000, 0x000000070cc00000|  0%| F|  |TAMS 0x000000070ca00000, 0x000000070ca00000| Untracked 
|  55|0x000000070cc00000, 0x000000070cc00000, 0x000000070ce00000|  0%| F|  |TAMS 0x000000070cc00000, 0x000000070cc00000| Untracked 
|  56|0x000000070ce00000, 0x000000070ce00000, 0x000000070d000000|  0%| F|  |TAMS 0x000000070ce00000, 0x000000070ce00000| Untracked 
|  57|0x000000070d000000, 0x000000070d000000, 0x000000070d200000|  0%| F|  |TAMS 0x000000070d000000, 0x000000070d000000| Untracked 
|  58|0x000000070d200000, 0x000000070d200000, 0x000000070d400000|  0%| F|  |TAMS 0x000000070d200000, 0x000000070d200000| Untracked 
|  59|0x000000070d400000, 0x000000070d400000, 0x000000070d600000|  0%| F|  |TAMS 0x000000070d400000, 0x000000070d400000| Untracked 
|  60|0x000000070d600000, 0x000000070d600000, 0x000000070d800000|  0%| F|  |TAMS 0x000000070d600000, 0x000000070d600000| Untracked 
|  61|0x000000070d800000, 0x000000070d800000, 0x000000070da00000|  0%| F|  |TAMS 0x000000070d800000, 0x000000070d800000| Untracked 
|  62|0x000000070da00000, 0x000000070da00000, 0x000000070dc00000|  0%| F|  |TAMS 0x000000070da00000, 0x000000070da00000| Untracked 
|  63|0x000000070dc00000, 0x000000070dc00000, 0x000000070de00000|  0%| F|  |TAMS 0x000000070dc00000, 0x000000070dc00000| Untracked 
|  64|0x000000070de00000, 0x000000070de00000, 0x000000070e000000|  0%| F|  |TAMS 0x000000070de00000, 0x000000070de00000| Untracked 
|  65|0x000000070e000000, 0x000000070e000000, 0x000000070e200000|  0%| F|  |TAMS 0x000000070e000000, 0x000000070e000000| Untracked 
|  66|0x000000070e200000, 0x000000070e200000, 0x000000070e400000|  0%| F|  |TAMS 0x000000070e200000, 0x000000070e200000| Untracked 
|  67|0x000000070e400000, 0x000000070e400000, 0x000000070e600000|  0%| F|  |TAMS 0x000000070e400000, 0x000000070e400000| Untracked 
|  68|0x000000070e600000, 0x000000070e600000, 0x000000070e800000|  0%| F|  |TAMS 0x000000070e600000, 0x000000070e600000| Untracked 
|  69|0x000000070e800000, 0x000000070e800000, 0x000000070ea00000|  0%| F|  |TAMS 0x000000070e800000, 0x000000070e800000| Untracked 
|  70|0x000000070ea00000, 0x000000070ea00000, 0x000000070ec00000|  0%| F|  |TAMS 0x000000070ea00000, 0x000000070ea00000| Untracked 
|  71|0x000000070ec00000, 0x000000070ec00000, 0x000000070ee00000|  0%| F|  |TAMS 0x000000070ec00000, 0x000000070ec00000| Untracked 
|  72|0x000000070ee00000, 0x000000070ee00000, 0x000000070f000000|  0%| F|  |TAMS 0x000000070ee00000, 0x000000070ee00000| Untracked 
|  73|0x000000070f000000, 0x000000070f000000, 0x000000070f200000|  0%| F|  |TAMS 0x000000070f000000, 0x000000070f000000| Untracked 
|  74|0x000000070f200000, 0x000000070f200000, 0x000000070f400000|  0%| F|  |TAMS 0x000000070f200000, 0x000000070f200000| Untracked 
|  75|0x000000070f400000, 0x000000070f400000, 0x000000070f600000|  0%| F|  |TAMS 0x000000070f400000, 0x000000070f400000| Untracked 
|  76|0x000000070f600000, 0x000000070f600000, 0x000000070f800000|  0%| F|  |TAMS 0x000000070f600000, 0x000000070f600000| Untracked 
|  77|0x000000070f800000, 0x000000070f800000, 0x000000070fa00000|  0%| F|  |TAMS 0x000000070f800000, 0x000000070f800000| Untracked 
|  78|0x000000070fa00000, 0x000000070fbcb450, 0x000000070fc00000| 89%| E|  |TAMS 0x000000070fa00000, 0x000000070fa00000| Complete 
|  79|0x000000070fc00000, 0x000000070fe00000, 0x000000070fe00000|100%| E|CS|TAMS 0x000000070fc00000, 0x000000070fc00000| Complete 
|  80|0x000000070fe00000, 0x0000000710000000, 0x0000000710000000|100%| E|CS|TAMS 0x000000070fe00000, 0x000000070fe00000| Complete 
|  81|0x0000000710000000, 0x0000000710200000, 0x0000000710200000|100%| E|CS|TAMS 0x0000000710000000, 0x0000000710000000| Complete 
|  82|0x0000000710200000, 0x0000000710369568, 0x0000000710400000| 70%| S|CS|TAMS 0x0000000710200000, 0x0000000710200000| Complete 
|  83|0x0000000710400000, 0x0000000710600000, 0x0000000710600000|100%| S|CS|TAMS 0x0000000710400000, 0x0000000710400000| Complete 
|  84|0x0000000710600000, 0x0000000710800000, 0x0000000710800000|100%| S|CS|TAMS 0x0000000710600000, 0x0000000710600000| Complete 
|  85|0x0000000710800000, 0x0000000710a00000, 0x0000000710a00000|100%| E|CS|TAMS 0x0000000710800000, 0x0000000710800000| Complete 
|  86|0x0000000710a00000, 0x0000000710c00000, 0x0000000710c00000|100%| E|CS|TAMS 0x0000000710a00000, 0x0000000710a00000| Complete 
| 125|0x0000000715800000, 0x0000000715a00000, 0x0000000715a00000|100%| E|CS|TAMS 0x0000000715800000, 0x0000000715800000| Complete 

Card table byte_map: [0x000001c0b78d0000,0x000001c0b80b0000] _byte_map_base: 0x000001c0b40a1000

Marking Bits (Prev, Next): (CMBitMap*) 0x000001c09f981360, (CMBitMap*) 0x000001c09f9813a0
 Prev Bits: [0x000001c0b8890000, 0x000001c0bc718000)
 Next Bits: [0x000001c0bc720000, 0x000001c0c05a8000)

Polling page: 0x000001c09d8e0000

Metaspace:

Usage:
  Non-class:     30.86 MB used.
      Class:      3.70 MB used.
       Both:     34.56 MB used.

Virtual space:
  Non-class space:       64.00 MB reserved,      31.12 MB ( 49%) committed,  1 nodes.
      Class space:        1.00 GB reserved,       3.94 MB ( <1%) committed,  1 nodes.
             Both:        1.06 GB reserved,      35.06 MB (  3%) committed. 

Chunk freelists:
   Non-Class:  4.50 MB
       Class:  80.00 KB
        Both:  4.58 MB

MaxMetaspaceSize: unlimited
CompressedClassSpaceSize: 1.00 GB
Initial GC threshold: 21.00 MB
Current GC threshold: 57.62 MB
CDS: on
MetaspaceReclaimPolicy: balanced
 - commit_granule_bytes: 65536.
 - commit_granule_words: 8192.
 - virtual_space_node_default_size: 8388608.
 - enlarge_chunks_in_place: 1.
 - new_chunks_are_fully_committed: 0.
 - uncommit_free_chunks: 1.
 - use_allocation_guard: 0.


Internal statistics:

num_allocs_failed_limit: 6.
num_arena_births: 628.
num_arena_deaths: 6.
num_vsnodes_births: 2.
num_vsnodes_deaths: 0.
num_space_committed: 575.
num_space_uncommitted: 6.
num_chunks_returned_to_freelist: 112.
num_chunks_taken_from_freelist: 2052.
num_chunk_merges: 26.
num_chunk_splits: 1395.
num_chunks_enlarged: 1030.
num_inconsistent_stats: 0.

CodeHeap 'non-profiled nmethods': size=119168Kb used=4911Kb max_used=5256Kb free=114256Kb
 bounds [0x000001c0af410000, 0x000001c0af940000, 0x000001c0b6870000]
CodeHeap 'profiled nmethods': size=119104Kb used=18776Kb max_used=20326Kb free=100327Kb
 bounds [0x000001c0a7870000, 0x000001c0a8c50000, 0x000001c0aecc0000]
CodeHeap 'non-nmethods': size=7488Kb used=3038Kb max_used=3174Kb free=4450Kb
 bounds [0x000001c0aecc0000, 0x000001c0aefe0000, 0x000001c0af410000]
 total_blobs=8829 nmethods=8246 adapters=490
 compilation: enabled
              stopped_count=0, restarted_count=0
 full_count=0

Compilation events (20 events):
Event: 4.957 Thread 0x000001c0c8802f20 nmethod 10078 0x000001c0af815910 code [0x000001c0af815a80, 0x000001c0af815b18]
Event: 4.959 Thread 0x000001c0c83f9c30 nmethod 10079 0x000001c0af737490 code [0x000001c0af737620, 0x000001c0af7379d8]
Event: 4.960 Thread 0x000001c0c83fd600 10080       4       jdk.internal.util.Preconditions::checkFromToIndex (24 bytes)
Event: 4.960 Thread 0x000001c0c35758b0 10081       3       java.util.Arrays::binarySearch (9 bytes)
Event: 4.960 Thread 0x000001c0c35758b0 nmethod 10081 0x000001c0a8447e90 code [0x000001c0a8448040, 0x000001c0a8448168]
Event: 4.960 Thread 0x000001c0c83fd600 nmethod 10080 0x000001c0af75c310 code [0x000001c0af75c4a0, 0x000001c0af75c558]
Event: 4.962 Thread 0x000001c0c78bf220 10082       3       java.lang.ProcessEnvironment$CheckedEntrySet$1::next (20 bytes)
Event: 4.962 Thread 0x000001c0c35758b0 10083       3       java.lang.ProcessEnvironment$CheckedEntry::<init> (10 bytes)
Event: 4.962 Thread 0x000001c0c7ee8820 10084       3       java.lang.ProcessEnvironment$CheckedEntry::getKey (13 bytes)
Event: 4.962 Thread 0x000001c0c78beca0 10085       3       java.lang.ProcessEnvironment$CheckedEntry::getKey (5 bytes)
Event: 4.962 Thread 0x000001c0c35758b0 nmethod 10083 0x000001c0a84d2b90 code [0x000001c0a84d2d40, 0x000001c0a84d2ef8]
Event: 4.962 Thread 0x000001c0c78bf220 nmethod 10082 0x000001c0a865de10 code [0x000001c0a865dfe0, 0x000001c0a865e448]
Event: 4.962 Thread 0x000001c0c78beca0 nmethod 10085 0x000001c0a8657010 code [0x000001c0a86571c0, 0x000001c0a86574e8]
Event: 4.962 Thread 0x000001c0c7ee8820 nmethod 10084 0x000001c0a8864610 code [0x000001c0a88647c0, 0x000001c0a8864a88]
Event: 4.962 Thread 0x000001c0c78bf220 10086       3       java.lang.ProcessEnvironment$CheckedEntry::getValue (13 bytes)
Event: 4.962 Thread 0x000001c0c78bf220 nmethod 10086 0x000001c0a8881b90 code [0x000001c0a8881d40, 0x000001c0a8882008]
Event: 4.973 Thread 0x000001c0c83fd600 10088       4       java.security.AccessController::checkContext (49 bytes)
Event: 4.973 Thread 0x000001c0c83fd600 nmethod 10088 0x000001c0af878c90 code [0x000001c0af878e00, 0x000001c0af878e58]
Event: 4.980 Thread 0x000001c0c83fd600 10089       4       org.codehaus.plexus.classworlds.realm.ClassRealm::loadClass (7 bytes)
Event: 5.058 Thread 0x000001c0c83f96b0 nmethod 9963 0x000001c0af76fd90 code [0x000001c0af770360, 0x000001c0af777f10]

GC Heap History (20 events):
Event: 0.785 GC heap before
{Heap before GC invocations=1 (full 0):
 garbage-first heap   total 258048K, used 38551K [0x0000000705e00000, 0x0000000800000000)
  region size 2048K, 19 young (38912K), 2 survivors (4096K)
 Metaspace       used 10251K, committed 10432K, reserved 1114112K
  class space    used 1183K, committed 1280K, reserved 1048576K
}
Event: 0.788 GC heap after
{Heap after GC invocations=2 (full 0):
 garbage-first heap   total 258048K, used 5646K [0x0000000705e00000, 0x0000000800000000)
  region size 2048K, 1 young (2048K), 1 survivors (2048K)
 Metaspace       used 10251K, committed 10432K, reserved 1114112K
  class space    used 1183K, committed 1280K, reserved 1048576K
}
Event: 2.025 GC heap before
{Heap before GC invocations=2 (full 0):
 garbage-first heap   total 258048K, used 175630K [0x0000000705e00000, 0x0000000800000000)
  region size 2048K, 67 young (137216K), 1 survivors (2048K)
 Metaspace       used 21167K, committed 21504K, reserved 1114112K
  class space    used 2303K, committed 2496K, reserved 1048576K
}
Event: 2.031 GC heap after
{Heap after GC invocations=3 (full 0):
 garbage-first heap   total 258048K, used 22908K [0x0000000705e00000, 0x0000000800000000)
  region size 2048K, 8 young (16384K), 8 survivors (16384K)
 Metaspace       used 21167K, committed 21504K, reserved 1114112K
  class space    used 2303K, committed 2496K, reserved 1048576K
}
Event: 2.403 GC heap before
{Heap before GC invocations=4 (full 0):
 garbage-first heap   total 90112K, used 59772K [0x0000000705e00000, 0x0000000800000000)
  region size 2048K, 26 young (53248K), 8 survivors (16384K)
 Metaspace       used 26518K, committed 26880K, reserved 1114112K
  class space    used 2890K, committed 3072K, reserved 1048576K
}
Event: 2.409 GC heap after
{Heap after GC invocations=5 (full 0):
 garbage-first heap   total 90112K, used 31650K [0x0000000705e00000, 0x0000000800000000)
  region size 2048K, 4 young (8192K), 4 survivors (8192K)
 Metaspace       used 26518K, committed 26880K, reserved 1114112K
  class space    used 2890K, committed 3072K, reserved 1048576K
}
Event: 2.417 GC heap before
{Heap before GC invocations=5 (full 0):
 garbage-first heap   total 90112K, used 33698K [0x0000000705e00000, 0x0000000800000000)
  region size 2048K, 5 young (10240K), 4 survivors (8192K)
 Metaspace       used 26525K, committed 26944K, reserved 1114112K
  class space    used 2891K, committed 3072K, reserved 1048576K
}
Event: 2.421 GC heap after
{Heap after GC invocations=6 (full 0):
 garbage-first heap   total 90112K, used 34525K [0x0000000705e00000, 0x0000000800000000)
  region size 2048K, 1 young (2048K), 1 survivors (2048K)
 Metaspace       used 26525K, committed 26944K, reserved 1114112K
  class space    used 2891K, committed 3072K, reserved 1048576K
}
Event: 2.596 GC heap before
{Heap before GC invocations=6 (full 0):
 garbage-first heap   total 90112K, used 61149K [0x0000000705e00000, 0x0000000800000000)
  region size 2048K, 14 young (28672K), 1 survivors (2048K)
 Metaspace       used 27190K, committed 27456K, reserved 1114112K
  class space    used 2956K, committed 3072K, reserved 1048576K
}
Event: 2.601 GC heap after
{Heap after GC invocations=7 (full 0):
 garbage-first heap   total 90112K, used 38815K [0x0000000705e00000, 0x0000000800000000)
  region size 2048K, 2 young (4096K), 2 survivors (4096K)
 Metaspace       used 27190K, committed 27456K, reserved 1114112K
  class space    used 2956K, committed 3072K, reserved 1048576K
}
Event: 2.832 GC heap before
{Heap before GC invocations=7 (full 0):
 garbage-first heap   total 90112K, used 61343K [0x0000000705e00000, 0x0000000800000000)
  region size 2048K, 14 young (28672K), 2 survivors (4096K)
 Metaspace       used 28295K, committed 28608K, reserved 1114112K
  class space    used 3066K, committed 3200K, reserved 1048576K
}
Event: 2.837 GC heap after
{Heap after GC invocations=8 (full 0):
 garbage-first heap   total 180224K, used 41614K [0x0000000705e00000, 0x0000000800000000)
  region size 2048K, 2 young (4096K), 2 survivors (4096K)
 Metaspace       used 28295K, committed 28608K, reserved 1114112K
  class space    used 3066K, committed 3200K, reserved 1048576K
}
Event: 3.369 GC heap before
{Heap before GC invocations=8 (full 0):
 garbage-first heap   total 180224K, used 121486K [0x0000000705e00000, 0x0000000800000000)
  region size 2048K, 42 young (86016K), 2 survivors (4096K)
 Metaspace       used 30375K, committed 30848K, reserved 1114112K
  class space    used 3264K, committed 3456K, reserved 1048576K
}
Event: 3.373 GC heap after
{Heap after GC invocations=9 (full 0):
 garbage-first heap   total 180224K, used 43138K [0x0000000705e00000, 0x0000000800000000)
  region size 2048K, 3 young (6144K), 3 survivors (6144K)
 Metaspace       used 30375K, committed 30848K, reserved 1114112K
  class space    used 3264K, committed 3456K, reserved 1048576K
}
Event: 4.186 GC heap before
{Heap before GC invocations=9 (full 0):
 garbage-first heap   total 180224K, used 133250K [0x0000000705e00000, 0x0000000800000000)
  region size 2048K, 45 young (92160K), 3 survivors (6144K)
 Metaspace       used 32919K, committed 33536K, reserved 1114112K
  class space    used 3535K, committed 3840K, reserved 1048576K
}
Event: 4.195 GC heap after
{Heap after GC invocations=10 (full 0):
 garbage-first heap   total 180224K, used 61297K [0x0000000705e00000, 0x0000000800000000)
  region size 2048K, 6 young (12288K), 6 survivors (12288K)
 Metaspace       used 32919K, committed 33536K, reserved 1114112K
  class space    used 3535K, committed 3840K, reserved 1048576K
}
Event: 4.734 GC heap before
{Heap before GC invocations=10 (full 0):
 garbage-first heap   total 180224K, used 128881K [0x0000000705e00000, 0x0000000800000000)
  region size 2048K, 39 young (79872K), 6 survivors (12288K)
 Metaspace       used 34797K, committed 35392K, reserved 1114112K
  class space    used 3727K, committed 4032K, reserved 1048576K
}
Event: 4.739 GC heap after
{Heap after GC invocations=11 (full 0):
 garbage-first heap   total 180224K, used 63681K [0x0000000705e00000, 0x0000000800000000)
  region size 2048K, 3 young (6144K), 3 survivors (6144K)
 Metaspace       used 34797K, committed 35392K, reserved 1114112K
  class space    used 3727K, committed 4032K, reserved 1048576K
}
Event: 4.830 GC heap before
{Heap before GC invocations=11 (full 0):
 garbage-first heap   total 180224K, used 67777K [0x0000000705e00000, 0x0000000800000000)
  region size 2048K, 6 young (12288K), 3 survivors (6144K)
 Metaspace       used 35616K, committed 36160K, reserved 1114112K
  class space    used 3801K, committed 4096K, reserved 1048576K
}
Event: 4.832 GC heap after
{Heap after GC invocations=12 (full 0):
 garbage-first heap   total 180224K, used 63464K [0x0000000705e00000, 0x0000000800000000)
  region size 2048K, 3 young (6144K), 3 survivors (6144K)
 Metaspace       used 35616K, committed 36160K, reserved 1114112K
  class space    used 3801K, committed 4096K, reserved 1048576K
}

Dll operation events (12 events):
Event: 0.005 Loaded shared library C:\Program Files\Java\jdk-19\bin\java.dll
Event: 0.010 Loaded shared library C:\Program Files\Java\jdk-19\bin\jsvml.dll
Event: 0.040 Loaded shared library C:\Program Files\Java\jdk-19\bin\zip.dll
Event: 0.042 Loaded shared library C:\Program Files\Java\jdk-19\bin\instrument.dll
Event: 0.045 Loaded shared library C:\Program Files\Java\jdk-19\bin\net.dll
Event: 0.047 Loaded shared library C:\Program Files\Java\jdk-19\bin\nio.dll
Event: 0.048 Loaded shared library C:\Program Files\Java\jdk-19\bin\zip.dll
Event: 0.058 Loaded shared library C:\Program Files\JetBrains\IntelliJ IDEA 2022.1.2\bin\breakgen64.dll
Event: 0.064 Loaded shared library C:\Program Files\Java\jdk-19\bin\extnet.dll
Event: 0.111 Loaded shared library C:\Program Files\Java\jdk-19\bin\jimage.dll
Event: 0.171 Loaded shared library C:\Users\99293\AppData\Local\Temp\jansi-2.4.0-340b2167962a4d4f-jansi.dll
Event: 0.177 Loaded shared library C:\Program Files\Java\jdk-19\bin\verify.dll

Deoptimization events (20 events):
Event: 4.980 Thread 0x000001c0cbe0ec00 Uncommon trap: trap_request=0xffffffde fr.pc=0x000001c0af86b1ac relative=0x000000000000052c
Event: 4.980 Thread 0x000001c0cbe0ec00 Uncommon trap: reason=class_check action=maybe_recompile pc=0x000001c0af86b1ac method=java.util.stream.AbstractPipeline.copyIntoWithCancel(Ljava/util/stream/Sink;Ljava/util/Spliterator;)Z @ 32 c2
Event: 4.980 Thread 0x000001c0cbe0ec00 DEOPT PACKING pc=0x000001c0af86b1ac sp=0x0000003391cfe8a0
Event: 4.980 Thread 0x000001c0cbe0ec00 DEOPT UNPACKING pc=0x000001c0aed26da3 sp=0x0000003391cfe858 mode 2
Event: 4.980 Thread 0x000001c0cbe0ec00 Uncommon trap: trap_request=0xffffffde fr.pc=0x000001c0af86b1ac relative=0x000000000000052c
Event: 4.980 Thread 0x000001c0cbe0ec00 Uncommon trap: reason=class_check action=maybe_recompile pc=0x000001c0af86b1ac method=java.util.stream.AbstractPipeline.copyIntoWithCancel(Ljava/util/stream/Sink;Ljava/util/Spliterator;)Z @ 32 c2
Event: 4.980 Thread 0x000001c0cbe0ec00 DEOPT PACKING pc=0x000001c0af86b1ac sp=0x0000003391cfeb00
Event: 4.980 Thread 0x000001c0cbe0ec00 DEOPT UNPACKING pc=0x000001c0aed26da3 sp=0x0000003391cfeab8 mode 2
Event: 4.980 Thread 0x000001c0cbe0ec00 Uncommon trap: trap_request=0xffffff45 fr.pc=0x000001c0af5416f4 relative=0x00000000000001d4
Event: 4.980 Thread 0x000001c0cbe0ec00 Uncommon trap: reason=unstable_if action=reinterpret pc=0x000001c0af5416f4 method=java.lang.String.indexOf(Ljava/lang/String;)I @ 10 c2
Event: 4.980 Thread 0x000001c0cbe0ec00 DEOPT PACKING pc=0x000001c0af5416f4 sp=0x0000003391cfee70
Event: 4.980 Thread 0x000001c0cbe0ec00 DEOPT UNPACKING pc=0x000001c0aed26da3 sp=0x0000003391cfee10 mode 2
Event: 4.980 Thread 0x000001c0cbe0ec00 Uncommon trap: trap_request=0xffffff76 fr.pc=0x000001c0af74bf54 relative=0x00000000000015d4
Event: 4.980 Thread 0x000001c0cbe0ec00 Uncommon trap: reason=predicate action=maybe_recompile pc=0x000001c0af74bf54 method=java.util.regex.Pattern.compile()V @ 78 c2
Event: 4.980 Thread 0x000001c0cbe0ec00 DEOPT PACKING pc=0x000001c0af74bf54 sp=0x0000003391cfee50
Event: 4.980 Thread 0x000001c0cbe0ec00 DEOPT UNPACKING pc=0x000001c0aed26da3 sp=0x0000003391cfee00 mode 2
Event: 4.980 Thread 0x000001c0cbe0ec00 Uncommon trap: trap_request=0xffffff45 fr.pc=0x000001c0af5e2054 relative=0x00000000000000b4
Event: 4.980 Thread 0x000001c0cbe0ec00 Uncommon trap: reason=unstable_if action=reinterpret pc=0x000001c0af5e2054 method=java.lang.String.codePointAt(I)I @ 4 c2
Event: 4.980 Thread 0x000001c0cbe0ec00 DEOPT PACKING pc=0x000001c0af5e2054 sp=0x0000003391cfedf0
Event: 4.980 Thread 0x000001c0cbe0ec00 DEOPT UNPACKING pc=0x000001c0aed26da3 sp=0x0000003391cfed88 mode 2

Classes loaded (20 events):
Event: 4.962 Loading class java/lang/Process done
Event: 4.962 Loading class java/lang/ProcessImpl done
Event: 4.971 Loading class java/lang/ProcessImpl$2
Event: 4.971 Loading class java/lang/ProcessImpl$2 done
Event: 4.971 Loading class java/lang/Process$PipeInputStream
Event: 4.971 Loading class java/lang/Process$PipeInputStream done
Event: 4.972 Loading class jdk/internal/event/ProcessStartEvent
Event: 4.972 Loading class jdk/internal/event/Event
Event: 4.972 Loading class jdk/internal/event/Event done
Event: 4.972 Loading class jdk/internal/event/ProcessStartEvent done
Event: 4.973 Loading class java/nio/channels/ClosedChannelException
Event: 4.973 Loading class java/nio/channels/ClosedChannelException done
Event: 4.973 Loading class java/nio/channels/NonReadableChannelException
Event: 4.973 Loading class java/nio/channels/NonReadableChannelException done
Event: 4.974 Loading class java/nio/channels/NonWritableChannelException
Event: 4.974 Loading class java/nio/channels/NonWritableChannelException done
Event: 4.979 Loading class java/util/Scanner
Event: 4.979 Loading class java/util/Scanner done
Event: 4.979 Loading class java/util/Scanner$PatternLRUCache
Event: 4.980 Loading class java/util/Scanner$PatternLRUCache done

Classes unloaded (20 events):
Event: 4.844 Thread 0x000001c0c3545040 Unloading class 0x000000080130abd0 'lombok/javac/apt/LombokFileObject'
Event: 4.844 Thread 0x000001c0c3545040 Unloading class 0x000000080130a9e0 'lombok/javac/apt/LombokFileObjects'
Event: 4.844 Thread 0x000001c0c3545040 Unloading class 0x000000080130a7b8 'lombok/javac/apt/MessagerDiagnosticsReceiver'
Event: 4.844 Thread 0x000001c0c3545040 Unloading class 0x000000080130a400 'lombok/javac/apt/InterceptingJavaFileManager'
Event: 4.844 Thread 0x000001c0c3545040 Unloading class 0x000000080130a208 'lombok/permit/dummy/Parent'
Event: 4.844 Thread 0x000001c0c3545040 Unloading class 0x000000080130a000 'lombok/core/CleanupRegistry'
Event: 4.844 Thread 0x000001c0c3545040 Unloading class 0x0000000801309cc8 'lombok/permit/Permit$Fake'
Event: 4.844 Thread 0x000001c0c3545040 Unloading class 0x0000000801309ad8 'lombok/permit/Permit'
Event: 4.844 Thread 0x000001c0c3545040 Unloading class 0x0000000801309800 'lombok/javac/apt/LombokProcessor$1'
Event: 4.844 Thread 0x000001c0c3545040 Unloading class 0x0000000801308d28 'lombok/core/DiagnosticsReceiver'
Event: 4.844 Thread 0x000001c0c3545040 Unloading class 0x0000000801308aa0 'lombok/javac/apt/LombokProcessor'
Event: 4.844 Thread 0x000001c0c3545040 Unloading class 0x0000000801308880 'lombok/core/AnnotationProcessor$EcjDescriptor'
Event: 4.844 Thread 0x000001c0c3545040 Unloading class 0x0000000801308658 'lombok/core/AnnotationProcessor$JavacDescriptor'
Event: 4.844 Thread 0x000001c0c3545040 Unloading class 0x0000000801308270 'lombok/core/AnnotationProcessor$ProcessorDescriptor'
Event: 4.844 Thread 0x000001c0c3545040 Unloading class 0x0000000801308000 'lombok/core/AnnotationProcessor'
Event: 4.844 Thread 0x000001c0c3545040 Unloading class 0x00000008013091f0 'lombok/launch/AnnotationProcessorHider$ClaimingProcessor'
Event: 4.844 Thread 0x000001c0c3545040 Unloading class 0x0000000801309000 'lombok/launch/AnnotationProcessorHider$AstModificationNotifierData'
Event: 4.844 Thread 0x000001c0c3545040 Unloading class 0x00000008012e0460 'lombok/launch/ShadowClassLoader'
Event: 4.844 Thread 0x000001c0c3545040 Unloading class 0x00000008012e0270 'lombok/launch/Main'
Event: 4.844 Thread 0x000001c0c3545040 Unloading class 0x00000008012e0000 'lombok/launch/AnnotationProcessorHider$AnnotationProcessor'

Classes redefined (0 events):
No events

Internal exceptions (20 events):
Event: 4.551 Thread 0x000001c09f910190 Exception <a 'sun/nio/fs/WindowsException'{0x000000070e58f7a0}> (0x000000070e58f7a0) 
thrown [s\open\src\hotspot\share\prims\jni.cpp, line 517]
Event: 4.551 Thread 0x000001c09f910190 Exception <a 'sun/nio/fs/WindowsException'{0x000000070e58fac8}> (0x000000070e58fac8) 
thrown [s\open\src\hotspot\share\prims\jni.cpp, line 517]
Event: 4.551 Thread 0x000001c09f910190 Exception <a 'sun/nio/fs/WindowsException'{0x000000070e590a68}> (0x000000070e590a68) 
thrown [s\open\src\hotspot\share\prims\jni.cpp, line 517]
Event: 4.551 Thread 0x000001c09f910190 Exception <a 'sun/nio/fs/WindowsException'{0x000000070e590cf8}> (0x000000070e590cf8) 
thrown [s\open\src\hotspot\share\prims\jni.cpp, line 517]
Event: 4.552 Thread 0x000001c09f910190 Exception <a 'sun/nio/fs/WindowsException'{0x000000070e5b0aa0}> (0x000000070e5b0aa0) 
thrown [s\open\src\hotspot\share\prims\jni.cpp, line 517]
Event: 4.552 Thread 0x000001c09f910190 Exception <a 'sun/nio/fs/WindowsException'{0x000000070e5b0d00}> (0x000000070e5b0d00) 
thrown [s\open\src\hotspot\share\prims\jni.cpp, line 517]
Event: 4.552 Thread 0x000001c09f910190 Exception <a 'sun/nio/fs/WindowsException'{0x000000070e5b1bd8}> (0x000000070e5b1bd8) 
thrown [s\open\src\hotspot\share\prims\jni.cpp, line 517]
Event: 4.552 Thread 0x000001c09f910190 Exception <a 'sun/nio/fs/WindowsException'{0x000000070e5b1f00}> (0x000000070e5b1f00) 
thrown [s\open\src\hotspot\share\prims\jni.cpp, line 517]
Event: 4.552 Thread 0x000001c09f910190 Exception <a 'sun/nio/fs/WindowsException'{0x000000070e5b2ea0}> (0x000000070e5b2ea0) 
thrown [s\open\src\hotspot\share\prims\jni.cpp, line 517]
Event: 4.552 Thread 0x000001c09f910190 Exception <a 'sun/nio/fs/WindowsException'{0x000000070e5b3130}> (0x000000070e5b3130) 
thrown [s\open\src\hotspot\share\prims\jni.cpp, line 517]
Event: 4.555 Thread 0x000001c09f910190 Exception <a 'sun/nio/fs/WindowsException'{0x000000070e289c98}> (0x000000070e289c98) 
thrown [s\open\src\hotspot\share\prims\jni.cpp, line 517]
Event: 4.557 Thread 0x000001c09f910190 Exception <a 'sun/nio/fs/WindowsException'{0x000000070e29e848}> (0x000000070e29e848) 
thrown [s\open\src\hotspot\share\prims\jni.cpp, line 517]
Event: 4.560 Thread 0x000001c09f910190 Exception <a 'sun/nio/fs/WindowsException'{0x000000070e2b4d40}> (0x000000070e2b4d40) 
thrown [s\open\src\hotspot\share\prims\jni.cpp, line 517]
Event: 4.786 Thread 0x000001c0cb8ef290 Exception <a 'java/lang/NoSuchMethodError'{0x000000071090b410}: 'java.lang.Object java.lang.invoke.DirectMethodHandle$Holder.invokeStatic(java.lang.Object, long, java.lang.Object)'> (0x000000071090b410) 
thrown [s\open\src\hotspot\share\interpreter\linkResolver.cpp, line 774]
Event: 4.787 Thread 0x000001c0cb8ef290 Exception <a 'java/lang/NoSuchMethodError'{0x000000071090ea60}: 'java.lang.Object java.lang.invoke.DirectMethodHandle$Holder.invokeStaticInit(java.lang.Object, long, java.lang.Object)'> (0x000000071090ea60) 
thrown [s\open\src\hotspot\share\interpreter\linkResolver.cpp, line 774]
Event: 4.787 Thread 0x000001c0cb8ef290 Exception <a 'java/lang/NoSuchMethodError'{0x00000007109146b0}: 'java.lang.Object java.lang.invoke.DirectMethodHandle$Holder.newInvokeSpecial(java.lang.Object, long)'> (0x00000007109146b0) 
thrown [s\open\src\hotspot\share\interpreter\linkResolver.cpp, line 774]
Event: 4.788 Thread 0x000001c0cb8ef290 Exception <a 'java/lang/NoSuchMethodError'{0x0000000710918ec0}: 'long java.lang.invoke.DirectMethodHandle$Holder.invokeInterface(java.lang.Object, java.lang.Object)'> (0x0000000710918ec0) 
thrown [s\open\src\hotspot\share\interpreter\linkResolver.cpp, line 774]
Event: 4.789 Thread 0x000001c0cb8ef290 Exception <a 'java/lang/NoSuchMethodError'{0x000000071091c678}: 'long java.lang.invoke.DelegatingMethodHandle$Holder.reinvoke_L(java.lang.Object, java.lang.Object)'> (0x000000071091c678) 
thrown [s\open\src\hotspot\share\interpreter\linkResolver.cpp, line 774]
Event: 4.867 Thread 0x000001c09f910190 Exception <a 'java/lang/NoSuchMethodError'{0x00000007158c37d0}: 'java.lang.Object java.lang.invoke.DirectMethodHandle$Holder.invokeStaticInit(java.lang.Object, java.lang.Object, int, int, int, int)'> (0x00000007158c37d0) 
thrown [s\open\src\hotspot\share\interpreter\linkResolver.cpp, line 774]
Event: 4.971 Thread 0x000001c09f910190 Exception <a 'java/lang/NoSuchMethodError'{0x000000070fcdfea8}: 'void java.lang.invoke.DirectMethodHandle$Holder.invokeStatic(java.lang.Object, long)'> (0x000000070fcdfea8) 
thrown [s\open\src\hotspot\share\interpreter\linkResolver.cpp, line 774]

VM Operations (20 events):
Event: 4.795 Executing VM operation: HandshakeAllThreads
Event: 4.795 Executing VM operation: HandshakeAllThreads done
Event: 4.830 Executing VM operation: CollectForMetadataAllocation
Event: 4.832 Executing VM operation: CollectForMetadataAllocation done
Event: 4.843 Executing VM operation: G1PauseRemark
Event: 4.852 Executing VM operation: G1PauseRemark done
Event: 4.852 Executing VM operation: HandshakeAllThreads
Event: 4.852 Executing VM operation: HandshakeAllThreads done
Event: 4.858 Executing VM operation: G1PauseCleanup
Event: 4.858 Executing VM operation: G1PauseCleanup done
Event: 4.901 Executing VM operation: HandshakeAllThreads
Event: 4.901 Executing VM operation: HandshakeAllThreads done
Event: 4.939 Executing VM operation: HandshakeAllThreads
Event: 4.939 Executing VM operation: HandshakeAllThreads done
Event: 4.941 Executing VM operation: HandshakeAllThreads
Event: 4.941 Executing VM operation: HandshakeAllThreads done
Event: 4.941 Executing VM operation: HandshakeAllThreads
Event: 4.941 Executing VM operation: HandshakeAllThreads done
Event: 4.972 Executing VM operation: HandshakeAllThreads
Event: 4.972 Executing VM operation: HandshakeAllThreads done

Events (20 events):
Event: 4.910 Thread 0x000001c0c3580a00 flushing nmethod 0x000001c0a876de90
Event: 4.910 Thread 0x000001c0c3580a00 flushing nmethod 0x000001c0a8771410
Event: 4.910 Thread 0x000001c0c3580a00 flushing nmethod 0x000001c0a8772290
Event: 4.910 Thread 0x000001c0c3580a00 flushing nmethod 0x000001c0a8772c90
Event: 4.911 Thread 0x000001c0c3580a00 flushing nmethod 0x000001c0a8813510
Event: 4.911 Thread 0x000001c0c3580a00 flushing nmethod 0x000001c0a8813e10
Event: 4.911 Thread 0x000001c0c3580a00 flushing nmethod 0x000001c0a881a890
Event: 4.911 Thread 0x000001c0c3580a00 flushing nmethod 0x000001c0a881ad90
Event: 4.911 Thread 0x000001c0c3580a00 flushing nmethod 0x000001c0a881c010
Event: 4.911 Thread 0x000001c0c3580a00 flushing nmethod 0x000001c0a881c390
Event: 4.911 Thread 0x000001c0c3580a00 flushing nmethod 0x000001c0a881d310
Event: 4.911 Thread 0x000001c0c3580a00 flushing nmethod 0x000001c0a882f010
Event: 4.911 Thread 0x000001c0c3580a00 flushing nmethod 0x000001c0a882f610
Event: 4.911 Thread 0x000001c0c3580a00 flushing nmethod 0x000001c0a882fd90
Event: 4.916 Thread 0x000001c0cbe0d170 Thread added: 0x000001c0cbe0d170
Event: 4.918 Thread 0x000001c0cbe0e160 Thread added: 0x000001c0cbe0e160
Event: 4.960 Thread 0x000001c0cbe0d6c0 Thread added: 0x000001c0cbe0d6c0
Event: 4.979 Thread 0x000001c0cbe0ec00 Thread added: 0x000001c0cbe0ec00
Event: 4.979 Thread 0x000001c0cbe0dc10 Thread added: 0x000001c0cbe0dc10
Event: 4.982 Thread 0x000001c0cbe0f150 Thread added: 0x000001c0cbe0f150


Dynamic libraries:
0x00007ff7df030000 - 0x00007ff7df040000 	C:\Program Files\Java\jdk-19\bin\java.exe
0x00007ffde3730000 - 0x00007ffde3947000 	C:\WINDOWS\SYSTEM32\ntdll.dll
0x00007ffde2cb0000 - 0x00007ffde2d74000 	C:\WINDOWS\System32\KERNEL32.DLL
0x00007ffde0ba0000 - 0x00007ffde0f5a000 	C:\WINDOWS\System32\KERNELBASE.dll
0x00007ffde11f0000 - 0x00007ffde1301000 	C:\WINDOWS\System32\ucrtbase.dll
0x00007ffdcf4e0000 - 0x00007ffdcf4f8000 	C:\Program Files\Java\jdk-19\bin\jli.dll
0x00007ffde1f80000 - 0x00007ffde2032000 	C:\WINDOWS\System32\ADVAPI32.dll
0x00007ffdce7f0000 - 0x00007ffdce80b000 	C:\Program Files\Java\jdk-19\bin\VCRUNTIME140.dll
0x00007ffde2150000 - 0x00007ffde21f7000 	C:\WINDOWS\System32\msvcrt.dll
0x00007ffde1690000 - 0x00007ffde1737000 	C:\WINDOWS\System32\sechost.dll
0x00007ffde0a50000 - 0x00007ffde0a78000 	C:\WINDOWS\System32\bcrypt.dll
0x00007ffde2270000 - 0x00007ffde2384000 	C:\WINDOWS\System32\RPCRT4.dll
0x00007ffde1400000 - 0x00007ffde15ae000 	C:\WINDOWS\System32\USER32.dll
0x00007ffde1310000 - 0x00007ffde1336000 	C:\WINDOWS\System32\win32u.dll
0x00007ffdced90000 - 0x00007ffdcf022000 	C:\WINDOWS\WinSxS\amd64_microsoft.windows.common-controls_6595b64144ccf1df_6.0.22621.4541_none_2710d1c57384c085\COMCTL32.dll
0x00007ffde2c80000 - 0x00007ffde2ca9000 	C:\WINDOWS\System32\GDI32.dll
0x00007ffde0a80000 - 0x00007ffde0b9b000 	C:\WINDOWS\System32\gdi32full.dll
0x00007ffde0f60000 - 0x00007ffde0ffa000 	C:\WINDOWS\System32\msvcp_win.dll
0x00007ffdd8390000 - 0x00007ffdd839a000 	C:\WINDOWS\SYSTEM32\VERSION.dll
0x00007ffde3120000 - 0x00007ffde3151000 	C:\WINDOWS\System32\IMM32.DLL
0x00007ffdcfd60000 - 0x00007ffdcfd6c000 	C:\Program Files\Java\jdk-19\bin\vcruntime140_1.dll
0x00007ffdb4ed0000 - 0x00007ffdb4f5e000 	C:\Program Files\Java\jdk-19\bin\msvcp140.dll
0x00007ffd5d310000 - 0x00007ffd5dfd0000 	C:\Program Files\Java\jdk-19\bin\server\jvm.dll
0x00007ffdd8ae0000 - 0x00007ffdd8b14000 	C:\WINDOWS\SYSTEM32\WINMM.dll
0x00007ffddb9b0000 - 0x00007ffddb9b9000 	C:\WINDOWS\SYSTEM32\WSOCK32.dll
0x00007ffde2ff0000 - 0x00007ffde3061000 	C:\WINDOWS\System32\WS2_32.dll
0x00007ffddfb00000 - 0x00007ffddfb18000 	C:\WINDOWS\SYSTEM32\kernel.appcore.dll
0x00007ffdcfd20000 - 0x00007ffdcfd2a000 	C:\Program Files\Java\jdk-19\bin\jimage.dll
0x00007ffdddc90000 - 0x00007ffdddec2000 	C:\WINDOWS\SYSTEM32\DBGHELP.DLL
0x00007ffde1be0000 - 0x00007ffde1f6f000 	C:\WINDOWS\System32\combase.dll
0x00007ffde15b0000 - 0x00007ffde1687000 	C:\WINDOWS\System32\OLEAUT32.dll
0x00007ffdd5b80000 - 0x00007ffdd5bb2000 	C:\WINDOWS\SYSTEM32\dbgcore.DLL
0x00007ffde1000000 - 0x00007ffde107b000 	C:\WINDOWS\System32\bcryptPrimitives.dll
0x00007ffdda880000 - 0x00007ffdda88e000 	C:\Program Files\Java\jdk-19\bin\instrument.dll
0x00007ffdce730000 - 0x00007ffdce756000 	C:\Program Files\Java\jdk-19\bin\java.dll
0x00007ffda2210000 - 0x00007ffda22e7000 	C:\Program Files\Java\jdk-19\bin\jsvml.dll
0x00007ffde2400000 - 0x00007ffde2c78000 	C:\WINDOWS\System32\SHELL32.dll
0x00007ffdde8e0000 - 0x00007ffddf1e8000 	C:\WINDOWS\SYSTEM32\windows.storage.dll
0x00007ffdde7a0000 - 0x00007ffdde8df000 	C:\WINDOWS\SYSTEM32\wintypes.dll
0x00007ffde3410000 - 0x00007ffde350a000 	C:\WINDOWS\System32\SHCORE.dll
0x00007ffde2390000 - 0x00007ffde23ee000 	C:\WINDOWS\System32\shlwapi.dll
0x00007ffde0900000 - 0x00007ffde092b000 	C:\WINDOWS\SYSTEM32\profapi.dll
0x00007ffdcdfa0000 - 0x00007ffdcdfb8000 	C:\Program Files\Java\jdk-19\bin\zip.dll
0x00007ffdce510000 - 0x00007ffdce523000 	C:\Program Files\Java\jdk-19\bin\net.dll
0x00007ffddc410000 - 0x00007ffddc546000 	C:\WINDOWS\SYSTEM32\WINHTTP.dll
0x00007ffddff80000 - 0x00007ffddffe9000 	C:\WINDOWS\system32\mswsock.dll
0x00007ffdce210000 - 0x00007ffdce226000 	C:\Program Files\Java\jdk-19\bin\nio.dll
0x00007ffdcfcc0000 - 0x00007ffdcfcda000 	C:\Program Files\JetBrains\IntelliJ IDEA 2022.1.2\bin\breakgen64.dll
0x00007ffdcfc20000 - 0x00007ffdcfc28000 	C:\Program Files\Java\jdk-19\bin\extnet.dll
0x0000000069ac0000 - 0x0000000069ae4000 	C:\Users\99293\AppData\Local\Temp\jansi-2.4.0-340b2167962a4d4f-jansi.dll
0x00007ffdcf8c0000 - 0x00007ffdcf8d0000 	C:\Program Files\Java\jdk-19\bin\verify.dll
0x00007ffde01d0000 - 0x00007ffde01eb000 	C:\WINDOWS\SYSTEM32\CRYPTSP.dll
0x00007ffddfa60000 - 0x00007ffddfa95000 	C:\WINDOWS\system32\rsaenh.dll
0x00007ffde0070000 - 0x00007ffde0098000 	C:\WINDOWS\SYSTEM32\USERENV.dll
0x00007ffde01f0000 - 0x00007ffde01fc000 	C:\WINDOWS\SYSTEM32\CRYPTBASE.dll
0x00007ffddf500000 - 0x00007ffddf52d000 	C:\WINDOWS\SYSTEM32\IPHLPAPI.DLL
0x00007ffde23f0000 - 0x00007ffde23f9000 	C:\WINDOWS\System32\NSI.dll
0x00007ffddbe10000 - 0x00007ffddbe29000 	C:\WINDOWS\SYSTEM32\dhcpcsvc6.DLL
0x00007ffddbdf0000 - 0x00007ffddbe0f000 	C:\WINDOWS\SYSTEM32\dhcpcsvc.DLL
0x00007ffddf530000 - 0x00007ffddf632000 	C:\WINDOWS\SYSTEM32\DNSAPI.dll

dbghelp: loaded successfully - version: 4.0.5 - missing functions: none
symbol engine: initialized successfully - sym options: 0x614 - pdb path: .;C:\Program Files\Java\jdk-19\bin;C:\WINDOWS\SYSTEM32;C:\WINDOWS\WinSxS\amd64_microsoft.windows.common-controls_6595b64144ccf1df_6.0.22621.4541_none_2710d1c57384c085;C:\Program Files\Java\jdk-19\bin\server;C:\Program Files\JetBrains\IntelliJ IDEA 2022.1.2\bin;C:\Users\99293\AppData\Local\Temp

VM Arguments:
jvm_args: -Dmaven.multiModuleProjectDirectory=D:\website.citu-web -Dmaven.home=C:\Users\99293\.m2\wrapper\dists\apache-maven-3.9.3-bin\54p6kc7m0ap3os8bc4ge28ia2\apache-maven-3.9.3 -Dclassworlds.conf=C:\Users\99293\.m2\wrapper\dists\apache-maven-3.9.3-bin\54p6kc7m0ap3os8bc4ge28ia2\apache-maven-3.9.3\bin\m2.conf -Dmaven.ext.class.path=C:\Program Files\JetBrains\IntelliJ IDEA 2022.1.2\plugins\maven\lib\maven-event-listener.jar -javaagent:C:\Program Files\JetBrains\IntelliJ IDEA 2022.1.2\lib\idea_rt.jar=60287:C:\Program Files\JetBrains\IntelliJ IDEA 2022.1.2\bin -Dfile.encoding=UTF-8 
java_command: org.codehaus.classworlds.Launcher -Didea.version=2022.1.2 package
java_class_path (initial): C:\Users\99293\.m2\wrapper\dists\apache-maven-3.9.3-bin\54p6kc7m0ap3os8bc4ge28ia2\apache-maven-3.9.3\boot\plexus-classworlds-2.7.0.jar;C:\Users\99293\.m2\wrapper\dists\apache-maven-3.9.3-bin\54p6kc7m0ap3os8bc4ge28ia2\apache-maven-3.9.3\boot\plexus-classworlds.license
Launcher Type: SUN_STANDARD

[Global flags]
     intx CICompilerCount                          = 12                                        {product} {ergonomic}
     uint ConcGCThreads                            = 3                                         {product} {ergonomic}
     uint G1ConcRefinementThreads                  = 13                                        {product} {ergonomic}
   size_t G1HeapRegionSize                         = 2097152                                   {product} {ergonomic}
    uintx GCDrainStackTargetSize                   = 64                                        {product} {ergonomic}
   size_t InitialHeapSize                          = 264241152                                 {product} {ergonomic}
   size_t MarkStackSize                            = 4194304                                   {product} {ergonomic}
   size_t MaxHeapSize                              = 4196401152                                {product} {ergonomic}
   size_t MaxNewSize                               = 2516582400                                {product} {ergonomic}
   size_t MinHeapDeltaBytes                        = 2097152                                   {product} {ergonomic}
   size_t MinHeapSize                              = 8388608                                   {product} {ergonomic}
    uintx NonNMethodCodeHeapSize                   = 7602480                                {pd product} {ergonomic}
    uintx NonProfiledCodeHeapSize                  = 122027880                              {pd product} {ergonomic}
    uintx ProfiledCodeHeapSize                     = 122027880                              {pd product} {ergonomic}
    uintx ReservedCodeCacheSize                    = 251658240                              {pd product} {ergonomic}
     bool SegmentedCodeCache                       = true                                      {product} {ergonomic}
   size_t SoftMaxHeapSize                          = 4196401152                             {manageable} {ergonomic}
     bool UseCompressedClassPointers               = true                           {product lp64_product} {ergonomic}
     bool UseCompressedOops                        = true                           {product lp64_product} {ergonomic}
     bool UseG1GC                                  = true                                      {product} {ergonomic}
     bool UseLargePagesIndividualAllocation        = false                                  {pd product} {ergonomic}

Logging:
Log output configuration:
 #0: stdout all=warning uptime,level,tags foldmultilines=false
 #1: stderr all=off uptime,level,tags foldmultilines=false

Environment Variables:
JAVA_HOME=C:\Program Files\Java\jdk-19
PATH=C:\Program Files\Common Files\Oracle\Java\javapath;C:\Windows\system32;C:\Windows;C:\Windows\System32\Wbem;C:\Windows\System32\WindowsPowerShell\v1.0\;C:\Windows\System32\OpenSSH\;C:\Program Files (x86)\NVIDIA Corporation\PhysX\Common;C:\Program Files\NVIDIA Corporation\NVIDIA NvDLISR;C:\Program Files (x86)\dotnet\;C:\WINDOWS\system32;C:\WINDOWS;C:\WINDOWS\System32\Wbem;C:\WINDOWS\System32\WindowsPowerShell\v1.0\;C:\WINDOWS\System32\OpenSSH\;C:\Program Files\Java\jdk-19\bin;C:\Program Files\Git\cmd;C:\Users\99293\AppData\Local\Programs\Python\Python311\Scripts\;C:\Users\99293\AppData\Local\Programs\Python\Python311\;C:\Users\99293\AppData\Local\Microsoft\WindowsApps;;C:\Program Files\JetBrains\IntelliJ IDEA 2022.1.2\bin;;C:\Program Files\heroku\bin
USERNAME=ASUS
OS=Windows_NT
PROCESSOR_IDENTIFIER=Intel64 Family 6 Model 154 Stepping 3, GenuineIntel
TMP=C:\Users\99293\AppData\Local\Temp
TEMP=C:\Users\99293\AppData\Local\Temp



---------------  S Y S T E M  ---------------

OS:
 Windows 11 , 64 bit Build 22621 (10.0.22621.4391)
OS uptime: 0 days 19:02 hours
Hyper-V role detected

CPU: total 16 (initial active 16) (8 cores per cpu, 2 threads per core) family 6 model 154 stepping 3 microcode 0x429, cx8, cmov, fxsr, ht, mmx, 3dnowpref, sse, sse2, sse3, ssse3, sse4.1, sse4.2, popcnt, lzcnt, tsc, tscinvbit, avx, avx2, aes, erms, clmul, bmi1, bmi2, adx, sha, fma, vzeroupper, clflush, clflushopt, clwb, hv, serialize, rdtscp, rdpid, fsrm

Memory: 4k page, system-wide physical 16004M (2622M free)
TotalPageFile size 18052M (AvailPageFile size 9M)
current process WorkingSet (physical memory assigned to process): 412M, peak: 435M
current process commit charge ("private bytes"): 471M, peak: 485M

vm_info: Java HotSpot(TM) 64-Bit Server VM (19.0.2+7-44) for windows-amd64 JRE (19.0.2+7-44), built on 2022-11-30T18:02:09Z by "mach5one" with MS VC++ 17.1 (VS2022)

END.
